[2025-03-28T13:35:58.396+0000] {local_task_job_runner.py:123} INFO - ::group::Pre task execution logs
[2025-03-28T13:35:58.634+0000] {taskinstance.py:2614} INFO - Dependencies all met for dep_context=non-requeueable deps ti=<TaskInstance: load_dbt_clean_reviews_pipeline.dbt_run_transactional scheduled__2025-01-15T00:00:00+00:00 [queued]>
[2025-03-28T13:35:58.684+0000] {taskinstance.py:2614} INFO - Dependencies all met for dep_context=requeueable deps ti=<TaskInstance: load_dbt_clean_reviews_pipeline.dbt_run_transactional scheduled__2025-01-15T00:00:00+00:00 [queued]>
[2025-03-28T13:35:58.696+0000] {taskinstance.py:2867} INFO - Starting attempt 1 of 2
[2025-03-28T13:35:58.781+0000] {taskinstance.py:2890} INFO - Executing <Task(BashOperator): dbt_run_transactional> on 2025-01-15 00:00:00+00:00
[2025-03-28T13:35:58.819+0000] {standard_task_runner.py:72} INFO - Started process 6954 to run task
[2025-03-28T13:35:58.907+0000] {standard_task_runner.py:104} INFO - Running: ['airflow', 'tasks', 'run', 'load_dbt_clean_reviews_pipeline', 'dbt_run_transactional', 'scheduled__2025-01-15T00:00:00+00:00', '--job-id', '2307', '--raw', '--subdir', 'DAGS_FOLDER/dag_load_reviews.py', '--cfg-path', '/tmp/tmpyqza1f_0']
[2025-03-28T13:35:58.909+0000] {standard_task_runner.py:105} INFO - Job 2307: Subtask dbt_run_transactional
[2025-03-28T13:35:59.265+0000] {task_command.py:467} INFO - Running <TaskInstance: load_dbt_clean_reviews_pipeline.dbt_run_transactional scheduled__2025-01-15T00:00:00+00:00 [running]> on host DESKTOP-IM7V4RI.
[2025-03-28T13:36:00.032+0000] {taskinstance.py:3134} INFO - Exporting env vars: AIRFLOW_CTX_DAG_OWNER='mohammed' AIRFLOW_CTX_DAG_ID='load_dbt_clean_reviews_pipeline' AIRFLOW_CTX_TASK_ID='dbt_run_transactional' AIRFLOW_CTX_EXECUTION_DATE='2025-01-15T00:00:00+00:00' AIRFLOW_CTX_TRY_NUMBER='1' AIRFLOW_CTX_DAG_RUN_ID='scheduled__2025-01-15T00:00:00+00:00'
[2025-03-28T13:36:00.035+0000] {logging_mixin.py:190} INFO - Task instance is in running state
[2025-03-28T13:36:00.036+0000] {logging_mixin.py:190} INFO -  Previous state of the Task instance: queued
[2025-03-28T13:36:00.037+0000] {logging_mixin.py:190} INFO - Current task name:dbt_run_transactional state:running start_date:2025-03-28 13:35:58.634873+00:00
[2025-03-28T13:36:00.037+0000] {logging_mixin.py:190} INFO - Dag name:load_dbt_clean_reviews_pipeline and current dag run status:running
[2025-03-28T13:36:00.038+0000] {taskinstance.py:732} INFO - ::endgroup::
[2025-03-28T13:36:00.039+0000] {subprocess.py:78} INFO - Tmp dir root location: /tmp
[2025-03-28T13:36:00.041+0000] {subprocess.py:88} INFO - Running command: ['/usr/bin/bash', '-c', 'cd /home/mohammed/.dbt/dbt_projects/bank_reviews_transactional && dbt run']
[2025-03-28T13:36:00.124+0000] {subprocess.py:99} INFO - Output:
[2025-03-28T13:36:23.245+0000] {subprocess.py:106} INFO - [0m13:36:23  Running with dbt=1.9.3
[2025-03-28T13:36:25.888+0000] {subprocess.py:106} INFO - [0m13:36:25  Registered adapter: postgres=1.9.0
[2025-03-28T13:36:27.823+0000] {subprocess.py:106} INFO - [0m13:36:27  [[33mWARNING[0m]: Configuration paths exist in your dbt_project.yml file which do not apply to any resources.
[2025-03-28T13:36:27.824+0000] {subprocess.py:106} INFO - There are 1 unused configuration paths:
[2025-03-28T13:36:27.824+0000] {subprocess.py:106} INFO - - models.bank_reviews_transactional.transactional
[2025-03-28T13:36:28.798+0000] {subprocess.py:106} INFO - [0m13:36:28  Found 1 model, 1 source, 433 macros
[2025-03-28T13:36:28.820+0000] {subprocess.py:106} INFO - [0m13:36:28
[2025-03-28T13:36:28.824+0000] {subprocess.py:106} INFO - [0m13:36:28  Concurrency: 4 threads (target='dev')
[2025-03-28T13:36:28.827+0000] {subprocess.py:106} INFO - [0m13:36:28
[2025-03-28T13:36:30.026+0000] {subprocess.py:106} INFO - [0m13:36:30  1 of 1 START sql table model transactional.clean_reviews ....................... [RUN]
[2025-03-28T13:36:34.219+0000] {subprocess.py:106} INFO - [0m13:36:34  1 of 1 OK created sql table model transactional.clean_reviews .................. [[32mSELECT 281[0m in 4.17s]
[2025-03-28T13:36:34.319+0000] {subprocess.py:106} INFO - [0m13:36:34
[2025-03-28T13:36:34.321+0000] {subprocess.py:106} INFO - [0m13:36:34  Finished running 1 table model in 0 hours 0 minutes and 5.49 seconds (5.49s).
[2025-03-28T13:36:34.553+0000] {subprocess.py:106} INFO - [0m13:36:34
[2025-03-28T13:36:34.558+0000] {subprocess.py:106} INFO - [0m13:36:34  [32mCompleted successfully[0m
[2025-03-28T13:36:34.560+0000] {subprocess.py:106} INFO - [0m13:36:34
[2025-03-28T13:36:34.564+0000] {subprocess.py:106} INFO - [0m13:36:34  Done. PASS=1 WARN=0 ERROR=0 SKIP=0 TOTAL=1
[2025-03-28T13:36:36.723+0000] {subprocess.py:110} INFO - Command exited with return code 0
[2025-03-28T13:36:36.874+0000] {taskinstance.py:341} INFO - ::group::Post task execution logs
[2025-03-28T13:36:36.875+0000] {taskinstance.py:353} INFO - Marking task as SUCCESS. dag_id=load_dbt_clean_reviews_pipeline, task_id=dbt_run_transactional, run_id=scheduled__2025-01-15T00:00:00+00:00, execution_date=20250115T000000, start_date=20250328T133558, end_date=20250328T133636
[2025-03-28T13:36:45.653+0000] {logging_mixin.py:190} INFO - Task instance in success state
[2025-03-28T13:36:45.657+0000] {logging_mixin.py:190} INFO -  Previous state of the Task instance: running
[2025-03-28T13:36:45.658+0000] {logging_mixin.py:190} INFO - Dag name:load_dbt_clean_reviews_pipeline queued_at:2025-03-28 13:35:49.927433+00:00
[2025-03-28T13:36:45.659+0000] {logging_mixin.py:190} INFO - Task hostname:DESKTOP-IM7V4RI. operator:BashOperator
[2025-03-28T13:36:45.741+0000] {local_task_job_runner.py:266} INFO - Task exited with return code 0
[2025-03-28T13:36:45.923+0000] {taskinstance.py:3901} INFO - 0 downstream tasks scheduled from follow-on schedule check
[2025-03-28T13:36:45.986+0000] {local_task_job_runner.py:245} INFO - ::endgroup::
