[2025-03-17T00:53:37.410+0000] {local_task_job_runner.py:123} INFO - ::group::Pre task execution logs
[2025-03-17T00:53:37.490+0000] {taskinstance.py:2614} INFO - Dependencies all met for dep_context=non-requeueable deps ti=<TaskInstance: load_reviews_pipeline.dbt_run scheduled__2024-07-27T00:00:00+00:00 [queued]>
[2025-03-17T00:53:37.522+0000] {taskinstance.py:2614} INFO - Dependencies all met for dep_context=requeueable deps ti=<TaskInstance: load_reviews_pipeline.dbt_run scheduled__2024-07-27T00:00:00+00:00 [queued]>
[2025-03-17T00:53:37.523+0000] {taskinstance.py:2867} INFO - Starting attempt 2 of 2
[2025-03-17T00:53:37.592+0000] {taskinstance.py:2890} INFO - Executing <Task(BashOperator): dbt_run> on 2024-07-27 00:00:00+00:00
[2025-03-17T00:53:37.611+0000] {standard_task_runner.py:72} INFO - Started process 291777 to run task
[2025-03-17T00:53:37.625+0000] {standard_task_runner.py:104} INFO - Running: ['airflow', 'tasks', 'run', 'load_reviews_pipeline', 'dbt_run', 'scheduled__2024-07-27T00:00:00+00:00', '--job-id', '370', '--raw', '--subdir', 'DAGS_FOLDER/dag_load_reviews.py', '--cfg-path', '/tmp/tmpeg25p90d']
[2025-03-17T00:53:37.630+0000] {standard_task_runner.py:105} INFO - Job 370: Subtask dbt_run
[2025-03-17T00:53:38.049+0000] {task_command.py:467} INFO - Running <TaskInstance: load_reviews_pipeline.dbt_run scheduled__2024-07-27T00:00:00+00:00 [running]> on host DESKTOP-IM7V4RI.
[2025-03-17T00:53:38.945+0000] {taskinstance.py:3134} INFO - Exporting env vars: AIRFLOW_CTX_DAG_OWNER='mohammed' AIRFLOW_CTX_DAG_ID='load_reviews_pipeline' AIRFLOW_CTX_TASK_ID='dbt_run' AIRFLOW_CTX_EXECUTION_DATE='2024-07-27T00:00:00+00:00' AIRFLOW_CTX_TRY_NUMBER='2' AIRFLOW_CTX_DAG_RUN_ID='scheduled__2024-07-27T00:00:00+00:00'
[2025-03-17T00:53:38.950+0000] {logging_mixin.py:190} INFO - Task instance is in running state
[2025-03-17T00:53:38.956+0000] {logging_mixin.py:190} INFO -  Previous state of the Task instance: queued
[2025-03-17T00:53:38.957+0000] {logging_mixin.py:190} INFO - Current task name:dbt_run state:running start_date:2025-03-17 00:53:37.490945+00:00
[2025-03-17T00:53:38.958+0000] {logging_mixin.py:190} INFO - Dag name:load_reviews_pipeline and current dag run status:running
[2025-03-17T00:53:38.959+0000] {taskinstance.py:732} INFO - ::endgroup::
[2025-03-17T00:53:38.963+0000] {subprocess.py:78} INFO - Tmp dir root location: /tmp
[2025-03-17T00:53:38.967+0000] {subprocess.py:88} INFO - Running command: ['/usr/bin/bash', '-c', 'cd /home/mohammed/.dbt/bank_reviews_project && dbt run']
[2025-03-17T00:53:39.023+0000] {subprocess.py:99} INFO - Output:
[2025-03-17T00:53:48.589+0000] {subprocess.py:106} INFO - [0m00:53:48  Running with dbt=1.9.3
[2025-03-17T00:53:50.067+0000] {subprocess.py:106} INFO - [0m00:53:50  Registered adapter: postgres=1.9.0
[2025-03-17T00:53:51.874+0000] {subprocess.py:106} INFO - [0m00:53:51  Found 10 models, 4 data tests, 2 sources, 433 macros
[2025-03-17T00:53:51.884+0000] {subprocess.py:106} INFO - [0m00:53:51
[2025-03-17T00:53:51.887+0000] {subprocess.py:106} INFO - [0m00:53:51  Concurrency: 4 threads (target='dev')
[2025-03-17T00:53:51.889+0000] {subprocess.py:106} INFO - [0m00:53:51
[2025-03-17T00:53:52.502+0000] {subprocess.py:106} INFO - [0m00:53:52  1 of 10 START sql view model public.clean_reviews .............................. [RUN]
[2025-03-17T00:53:52.503+0000] {subprocess.py:106} INFO - [0m00:53:52  2 of 10 START sql table model public.my_first_dbt_model ........................ [RUN]
[2025-03-17T00:53:52.505+0000] {subprocess.py:106} INFO - [0m00:53:52  3 of 10 START sql view model public.remove_duplicates .......................... [RUN]
[2025-03-17T00:53:52.506+0000] {subprocess.py:106} INFO - [0m00:53:52  4 of 10 START sql view model public.stg_clean_reviews .......................... [RUN]
[2025-03-17T00:53:54.216+0000] {subprocess.py:106} INFO - [0m00:53:54  2 of 10 OK created sql table model public.my_first_dbt_model ................... [[32mSELECT 2[0m in 1.70s]
[2025-03-17T00:53:54.263+0000] {subprocess.py:106} INFO - [0m00:53:54  4 of 10 OK created sql view model public.stg_clean_reviews ..................... [[32mCREATE VIEW[0m in 1.68s]
[2025-03-17T00:53:54.276+0000] {subprocess.py:106} INFO - [0m00:53:54  5 of 10 START sql view model public.my_second_dbt_model ........................ [RUN]
[2025-03-17T00:53:54.282+0000] {subprocess.py:106} INFO - [0m00:53:54  3 of 10 OK created sql view model public.remove_duplicates ..................... [[32mCREATE VIEW[0m in 1.68s]
[2025-03-17T00:53:54.302+0000] {subprocess.py:106} INFO - [0m00:53:54  1 of 10 OK created sql view model public.clean_reviews ......................... [[32mCREATE VIEW[0m in 1.77s]
[2025-03-17T00:53:54.314+0000] {subprocess.py:106} INFO - [0m00:53:54  6 of 10 START sql view model public.dim_bank ................................... [RUN]
[2025-03-17T00:53:54.328+0000] {subprocess.py:106} INFO - [0m00:53:54  7 of 10 START sql view model public.dim_branch ................................. [RUN]
[2025-03-17T00:53:54.376+0000] {subprocess.py:106} INFO - [0m00:53:54  8 of 10 START sql view model public.dim_location ............................... [RUN]
[2025-03-17T00:53:54.983+0000] {subprocess.py:106} INFO - [0m00:53:54  8 of 10 OK created sql view model public.dim_location .......................... [[32mCREATE VIEW[0m in 0.56s]
[2025-03-17T00:53:54.989+0000] {subprocess.py:106} INFO - [0m00:53:54  9 of 10 START sql view model public.dim_sentiment .............................. [RUN]
[2025-03-17T00:53:55.008+0000] {subprocess.py:106} INFO - [0m00:53:55  6 of 10 OK created sql view model public.dim_bank .............................. [[32mCREATE VIEW[0m in 0.68s]
[2025-03-17T00:53:55.038+0000] {subprocess.py:106} INFO - [0m00:53:55  7 of 10 OK created sql view model public.dim_branch ............................ [[32mCREATE VIEW[0m in 0.67s]
[2025-03-17T00:53:55.046+0000] {subprocess.py:106} INFO - [0m00:53:55  5 of 10 OK created sql view model public.my_second_dbt_model ................... [[32mCREATE VIEW[0m in 0.74s]
[2025-03-17T00:53:55.232+0000] {subprocess.py:106} INFO - [0m00:53:55  9 of 10 OK created sql view model public.dim_sentiment ......................... [[32mCREATE VIEW[0m in 0.21s]
[2025-03-17T00:53:55.241+0000] {subprocess.py:106} INFO - [0m00:53:55  10 of 10 START sql view model public.fact_reviews .............................. [RUN]
[2025-03-17T00:53:55.407+0000] {subprocess.py:106} INFO - [0m00:53:55  10 of 10 OK created sql view model public.fact_reviews ......................... [[32mCREATE VIEW[0m in 0.16s]
[2025-03-17T00:53:55.507+0000] {subprocess.py:106} INFO - [0m00:53:55
[2025-03-17T00:53:55.509+0000] {subprocess.py:106} INFO - [0m00:53:55  Finished running 1 table model, 9 view models in 0 hours 0 minutes and 3.62 seconds (3.62s).
[2025-03-17T00:53:55.633+0000] {subprocess.py:106} INFO - [0m00:53:55
[2025-03-17T00:53:55.640+0000] {subprocess.py:106} INFO - [0m00:53:55  [32mCompleted successfully[0m
[2025-03-17T00:53:55.642+0000] {subprocess.py:106} INFO - [0m00:53:55
[2025-03-17T00:53:55.644+0000] {subprocess.py:106} INFO - [0m00:53:55  Done. PASS=10 WARN=0 ERROR=0 SKIP=0 TOTAL=10
[2025-03-17T00:53:59.099+0000] {subprocess.py:110} INFO - Command exited with return code 0
[2025-03-17T00:53:59.612+0000] {taskinstance.py:341} INFO - ::group::Post task execution logs
[2025-03-17T00:53:59.620+0000] {taskinstance.py:353} INFO - Marking task as SUCCESS. dag_id=load_reviews_pipeline, task_id=dbt_run, run_id=scheduled__2024-07-27T00:00:00+00:00, execution_date=20240727T000000, start_date=20250317T005337, end_date=20250317T005359
[2025-03-17T00:53:59.892+0000] {logging_mixin.py:190} INFO - Task instance in success state
[2025-03-17T00:53:59.895+0000] {logging_mixin.py:190} INFO -  Previous state of the Task instance: running
[2025-03-17T00:53:59.897+0000] {logging_mixin.py:190} INFO - Dag name:load_reviews_pipeline queued_at:2025-03-17 00:47:12.478778+00:00
[2025-03-17T00:53:59.898+0000] {logging_mixin.py:190} INFO - Task hostname:DESKTOP-IM7V4RI. operator:BashOperator
[2025-03-17T00:53:59.011+0000] {local_task_job_runner.py:266} INFO - Task exited with return code 0
[2025-03-17T00:53:59.144+0000] {taskinstance.py:3901} INFO - 0 downstream tasks scheduled from follow-on schedule check
[2025-03-17T00:53:59.175+0000] {local_task_job_runner.py:245} INFO - ::endgroup::
