[2025-03-17T01:23:37.183+0000] {local_task_job_runner.py:123} INFO - ::group::Pre task execution logs
[2025-03-17T01:23:37.206+0000] {taskinstance.py:2614} INFO - Dependencies all met for dep_context=non-requeueable deps ti=<TaskInstance: load_reviews_pipeline.dbt_run scheduled__2025-02-24T00:00:00+00:00 [queued]>
[2025-03-17T01:23:37.213+0000] {taskinstance.py:2614} INFO - Dependencies all met for dep_context=requeueable deps ti=<TaskInstance: load_reviews_pipeline.dbt_run scheduled__2025-02-24T00:00:00+00:00 [queued]>
[2025-03-17T01:23:37.214+0000] {taskinstance.py:2867} INFO - Starting attempt 2 of 2
[2025-03-17T01:23:37.233+0000] {taskinstance.py:2890} INFO - Executing <Task(BashOperator): dbt_run> on 2025-02-24 00:00:00+00:00
[2025-03-17T01:23:37.238+0000] {standard_task_runner.py:72} INFO - Started process 335727 to run task
[2025-03-17T01:23:37.241+0000] {standard_task_runner.py:104} INFO - Running: ['airflow', 'tasks', 'run', 'load_reviews_pipeline', 'dbt_run', 'scheduled__2025-02-24T00:00:00+00:00', '--job-id', '669', '--raw', '--subdir', 'DAGS_FOLDER/dag_load_reviews.py', '--cfg-path', '/tmp/tmpswl6sfxn']
[2025-03-17T01:23:37.242+0000] {standard_task_runner.py:105} INFO - Job 669: Subtask dbt_run
[2025-03-17T01:23:37.316+0000] {task_command.py:467} INFO - Running <TaskInstance: load_reviews_pipeline.dbt_run scheduled__2025-02-24T00:00:00+00:00 [running]> on host DESKTOP-IM7V4RI.
[2025-03-17T01:23:37.425+0000] {taskinstance.py:3134} INFO - Exporting env vars: AIRFLOW_CTX_DAG_OWNER='mohammed' AIRFLOW_CTX_DAG_ID='load_reviews_pipeline' AIRFLOW_CTX_TASK_ID='dbt_run' AIRFLOW_CTX_EXECUTION_DATE='2025-02-24T00:00:00+00:00' AIRFLOW_CTX_TRY_NUMBER='2' AIRFLOW_CTX_DAG_RUN_ID='scheduled__2025-02-24T00:00:00+00:00'
[2025-03-17T01:23:37.426+0000] {logging_mixin.py:190} INFO - Task instance is in running state
[2025-03-17T01:23:37.427+0000] {logging_mixin.py:190} INFO -  Previous state of the Task instance: queued
[2025-03-17T01:23:37.427+0000] {logging_mixin.py:190} INFO - Current task name:dbt_run state:running start_date:2025-03-17 01:23:37.206952+00:00
[2025-03-17T01:23:37.427+0000] {logging_mixin.py:190} INFO - Dag name:load_reviews_pipeline and current dag run status:running
[2025-03-17T01:23:37.427+0000] {taskinstance.py:732} INFO - ::endgroup::
[2025-03-17T01:23:37.428+0000] {subprocess.py:78} INFO - Tmp dir root location: /tmp
[2025-03-17T01:23:37.429+0000] {subprocess.py:88} INFO - Running command: ['/usr/bin/bash', '-c', 'cd /home/mohammed/.dbt/bank_reviews_project && dbt run']
[2025-03-17T01:23:37.438+0000] {subprocess.py:99} INFO - Output:
[2025-03-17T01:23:39.840+0000] {subprocess.py:106} INFO - [0m01:23:39  Running with dbt=1.9.3
[2025-03-17T01:23:40.283+0000] {subprocess.py:106} INFO - [0m01:23:40  Registered adapter: postgres=1.9.0
[2025-03-17T01:23:40.787+0000] {subprocess.py:106} INFO - [0m01:23:40  Found 10 models, 4 data tests, 2 sources, 433 macros
[2025-03-17T01:23:40.790+0000] {subprocess.py:106} INFO - [0m01:23:40
[2025-03-17T01:23:40.791+0000] {subprocess.py:106} INFO - [0m01:23:40  Concurrency: 4 threads (target='dev')
[2025-03-17T01:23:40.791+0000] {subprocess.py:106} INFO - [0m01:23:40
[2025-03-17T01:23:41.049+0000] {subprocess.py:106} INFO - [0m01:23:41  1 of 10 START sql view model public.clean_reviews .............................. [RUN]
[2025-03-17T01:23:41.052+0000] {subprocess.py:106} INFO - [0m01:23:41  2 of 10 START sql table model public.my_first_dbt_model ........................ [RUN]
[2025-03-17T01:23:41.055+0000] {subprocess.py:106} INFO - [0m01:23:41  3 of 10 START sql view model public.remove_duplicates .......................... [RUN]
[2025-03-17T01:23:41.056+0000] {subprocess.py:106} INFO - [0m01:23:41  4 of 10 START sql view model public.stg_clean_reviews .......................... [RUN]
[2025-03-17T01:23:42.266+0000] {subprocess.py:106} INFO - [0m01:23:42  4 of 10 OK created sql view model public.stg_clean_reviews ..................... [[32mCREATE VIEW[0m in 1.20s]
[2025-03-17T01:23:42.284+0000] {subprocess.py:106} INFO - [0m01:23:42  2 of 10 OK created sql table model public.my_first_dbt_model ................... [[32mSELECT 2[0m in 1.21s]
[2025-03-17T01:23:42.291+0000] {subprocess.py:106} INFO - [0m01:23:42  1 of 10 OK created sql view model public.clean_reviews ......................... [[32mCREATE VIEW[0m in 1.13s]
[2025-03-17T01:23:42.292+0000] {subprocess.py:106} INFO - [0m01:23:42  3 of 10 OK created sql view model public.remove_duplicates ..................... [[32mCREATE VIEW[0m in 1.14s]
[2025-03-17T01:23:42.330+0000] {subprocess.py:106} INFO - [0m01:23:42  5 of 10 START sql view model public.dim_bank ................................... [RUN]
[2025-03-17T01:23:42.386+0000] {subprocess.py:106} INFO - [0m01:23:42  7 of 10 START sql view model public.dim_location ............................... [RUN]
[2025-03-17T01:23:42.445+0000] {subprocess.py:106} INFO - [0m01:23:42  8 of 10 START sql view model public.dim_sentiment .............................. [RUN]
[2025-03-17T01:23:42.449+0000] {subprocess.py:106} INFO - [0m01:23:42  6 of 10 START sql view model public.dim_branch ................................. [RUN]
[2025-03-17T01:23:43.091+0000] {subprocess.py:106} INFO - [0m01:23:43  5 of 10 OK created sql view model public.dim_bank .............................. [[32mCREATE VIEW[0m in 0.74s]
[2025-03-17T01:23:43.100+0000] {subprocess.py:106} INFO - [0m01:23:43  7 of 10 OK created sql view model public.dim_location .......................... [[32mCREATE VIEW[0m in 0.67s]
[2025-03-17T01:23:43.113+0000] {subprocess.py:106} INFO - [0m01:23:43  8 of 10 OK created sql view model public.dim_sentiment ......................... [[32mCREATE VIEW[0m in 0.65s]
[2025-03-17T01:23:43.132+0000] {subprocess.py:106} INFO - [0m01:23:43  9 of 10 START sql view model public.my_second_dbt_model ........................ [RUN]
[2025-03-17T01:23:43.341+0000] {subprocess.py:106} INFO - [0m01:23:43  6 of 10 OK created sql view model public.dim_branch ............................ [[32mCREATE VIEW[0m in 0.86s]
[2025-03-17T01:23:43.378+0000] {subprocess.py:106} INFO - [0m01:23:43  10 of 10 START sql view model public.fact_reviews .............................. [RUN]
[2025-03-17T01:23:43.648+0000] {subprocess.py:106} INFO - [0m01:23:43  9 of 10 OK created sql view model public.my_second_dbt_model ................... [[32mCREATE VIEW[0m in 0.47s]
[2025-03-17T01:23:43.711+0000] {subprocess.py:106} INFO - [0m01:23:43  10 of 10 OK created sql view model public.fact_reviews ......................... [[32mCREATE VIEW[0m in 0.31s]
[2025-03-17T01:23:43.821+0000] {subprocess.py:106} INFO - [0m01:23:43
[2025-03-17T01:23:43.825+0000] {subprocess.py:106} INFO - [0m01:23:43  Finished running 1 table model, 9 view models in 0 hours 0 minutes and 3.03 seconds (3.03s).
[2025-03-17T01:23:44.044+0000] {subprocess.py:106} INFO - [0m01:23:44
[2025-03-17T01:23:44.058+0000] {subprocess.py:106} INFO - [0m01:23:44  [32mCompleted successfully[0m
[2025-03-17T01:23:44.071+0000] {subprocess.py:106} INFO - [0m01:23:44
[2025-03-17T01:23:44.079+0000] {subprocess.py:106} INFO - [0m01:23:44  Done. PASS=10 WARN=0 ERROR=0 SKIP=0 TOTAL=10
[2025-03-17T01:23:46.979+0000] {subprocess.py:110} INFO - Command exited with return code 0
[2025-03-17T01:23:47.163+0000] {taskinstance.py:341} INFO - ::group::Post task execution logs
[2025-03-17T01:23:47.164+0000] {taskinstance.py:353} INFO - Marking task as SUCCESS. dag_id=load_reviews_pipeline, task_id=dbt_run, run_id=scheduled__2025-02-24T00:00:00+00:00, execution_date=20250224T000000, start_date=20250317T012337, end_date=20250317T012347
[2025-03-17T01:23:47.315+0000] {logging_mixin.py:190} INFO - Task instance in success state
[2025-03-17T01:23:47.316+0000] {logging_mixin.py:190} INFO -  Previous state of the Task instance: running
[2025-03-17T01:23:47.317+0000] {logging_mixin.py:190} INFO - Dag name:load_reviews_pipeline queued_at:2025-03-17 01:18:31.211372+00:00
[2025-03-17T01:23:47.318+0000] {logging_mixin.py:190} INFO - Task hostname:DESKTOP-IM7V4RI. operator:BashOperator
[2025-03-17T01:23:47.376+0000] {local_task_job_runner.py:266} INFO - Task exited with return code 0
[2025-03-17T01:23:47.459+0000] {taskinstance.py:3901} INFO - 0 downstream tasks scheduled from follow-on schedule check
[2025-03-17T01:23:47.465+0000] {local_task_job_runner.py:245} INFO - ::endgroup::
