[2025-03-18T18:25:00.691+0000] {local_task_job_runner.py:123} INFO - ::group::Pre task execution logs
[2025-03-18T18:25:00.857+0000] {taskinstance.py:2614} INFO - Dependencies all met for dep_context=non-requeueable deps ti=<TaskInstance: load_dbt_clean_reviews_pipeline.dbt_run scheduled__2024-09-30T00:00:00+00:00 [queued]>
[2025-03-18T18:25:00.892+0000] {taskinstance.py:2614} INFO - Dependencies all met for dep_context=requeueable deps ti=<TaskInstance: load_dbt_clean_reviews_pipeline.dbt_run scheduled__2024-09-30T00:00:00+00:00 [queued]>
[2025-03-18T18:25:00.894+0000] {taskinstance.py:2867} INFO - Starting attempt 1 of 2
[2025-03-18T18:25:01.394+0000] {taskinstance.py:2890} INFO - Executing <Task(BashOperator): dbt_run> on 2024-09-30 00:00:00+00:00
[2025-03-18T18:25:01.423+0000] {standard_task_runner.py:72} INFO - Started process 18230 to run task
[2025-03-18T18:25:01.445+0000] {standard_task_runner.py:104} INFO - Running: ['airflow', 'tasks', 'run', 'load_dbt_clean_reviews_pipeline', 'dbt_run', 'scheduled__2024-09-30T00:00:00+00:00', '--job-id', '1024', '--raw', '--subdir', 'DAGS_FOLDER/dag_load_reviews.py', '--cfg-path', '/tmp/tmpwca_lobi']
[2025-03-18T18:25:01.460+0000] {standard_task_runner.py:105} INFO - Job 1024: Subtask dbt_run
[2025-03-18T18:25:01.946+0000] {task_command.py:467} INFO - Running <TaskInstance: load_dbt_clean_reviews_pipeline.dbt_run scheduled__2024-09-30T00:00:00+00:00 [running]> on host DESKTOP-IM7V4RI.
[2025-03-18T18:25:02.661+0000] {taskinstance.py:3134} INFO - Exporting env vars: AIRFLOW_CTX_DAG_OWNER='mohammed' AIRFLOW_CTX_DAG_ID='load_dbt_clean_reviews_pipeline' AIRFLOW_CTX_TASK_ID='dbt_run' AIRFLOW_CTX_EXECUTION_DATE='2024-09-30T00:00:00+00:00' AIRFLOW_CTX_TRY_NUMBER='1' AIRFLOW_CTX_DAG_RUN_ID='scheduled__2024-09-30T00:00:00+00:00'
[2025-03-18T18:25:02.664+0000] {logging_mixin.py:190} INFO - Task instance is in running state
[2025-03-18T18:25:02.667+0000] {logging_mixin.py:190} INFO -  Previous state of the Task instance: queued
[2025-03-18T18:25:02.668+0000] {logging_mixin.py:190} INFO - Current task name:dbt_run state:running start_date:2025-03-18 18:25:00.859034+00:00
[2025-03-18T18:25:02.669+0000] {logging_mixin.py:190} INFO - Dag name:load_dbt_clean_reviews_pipeline and current dag run status:running
[2025-03-18T18:25:02.670+0000] {taskinstance.py:732} INFO - ::endgroup::
[2025-03-18T18:25:02.671+0000] {subprocess.py:78} INFO - Tmp dir root location: /tmp
[2025-03-18T18:25:02.687+0000] {subprocess.py:88} INFO - Running command: ['/usr/bin/bash', '-c', 'cd /home/mohammed/.dbt/dbt_projects/bank_reviews_transactional && dbt run']
[2025-03-18T18:25:02.746+0000] {subprocess.py:99} INFO - Output:
[2025-03-18T18:25:15.902+0000] {subprocess.py:106} INFO - [0m18:25:15  Running with dbt=1.9.3
[2025-03-18T18:25:17.971+0000] {subprocess.py:106} INFO - [0m18:25:17  Registered adapter: postgres=1.9.0
[2025-03-18T18:25:19.510+0000] {subprocess.py:106} INFO - [0m18:25:19  [[33mWARNING[0m]: Configuration paths exist in your dbt_project.yml file which do not apply to any resources.
[2025-03-18T18:25:19.511+0000] {subprocess.py:106} INFO - There are 1 unused configuration paths:
[2025-03-18T18:25:19.512+0000] {subprocess.py:106} INFO - - models.bank_reviews_transactional.transactional
[2025-03-18T18:25:20.641+0000] {subprocess.py:106} INFO - [0m18:25:20  Found 1 model, 1 source, 433 macros
[2025-03-18T18:25:20.660+0000] {subprocess.py:106} INFO - [0m18:25:20
[2025-03-18T18:25:20.662+0000] {subprocess.py:106} INFO - [0m18:25:20  Concurrency: 4 threads (target='dev')
[2025-03-18T18:25:20.664+0000] {subprocess.py:106} INFO - [0m18:25:20
[2025-03-18T18:25:21.585+0000] {subprocess.py:106} INFO - [0m18:25:21  1 of 1 START sql table model transactional.clean_reviews ....................... [RUN]
[2025-03-18T18:25:22.949+0000] {subprocess.py:106} INFO - [0m18:25:22  1 of 1 OK created sql table model transactional.clean_reviews .................. [[32mSELECT 549[0m in 1.35s]
[2025-03-18T18:25:23.060+0000] {subprocess.py:106} INFO - [0m18:25:23
[2025-03-18T18:25:23.063+0000] {subprocess.py:106} INFO - [0m18:25:23  Finished running 1 table model in 0 hours 0 minutes and 2.39 seconds (2.39s).
[2025-03-18T18:25:23.302+0000] {subprocess.py:106} INFO - [0m18:25:23
[2025-03-18T18:25:23.313+0000] {subprocess.py:106} INFO - [0m18:25:23  [32mCompleted successfully[0m
[2025-03-18T18:25:23.315+0000] {subprocess.py:106} INFO - [0m18:25:23
[2025-03-18T18:25:23.318+0000] {subprocess.py:106} INFO - [0m18:25:23  Done. PASS=1 WARN=0 ERROR=0 SKIP=0 TOTAL=1
[2025-03-18T18:25:25.524+0000] {subprocess.py:110} INFO - Command exited with return code 0
[2025-03-18T18:25:25.731+0000] {taskinstance.py:341} INFO - ::group::Post task execution logs
[2025-03-18T18:25:25.732+0000] {taskinstance.py:353} INFO - Marking task as SUCCESS. dag_id=load_dbt_clean_reviews_pipeline, task_id=dbt_run, run_id=scheduled__2024-09-30T00:00:00+00:00, execution_date=20240930T000000, start_date=20250318T182500, end_date=20250318T182525
[2025-03-18T18:25:25.878+0000] {logging_mixin.py:190} INFO - Task instance in success state
[2025-03-18T18:25:25.879+0000] {logging_mixin.py:190} INFO -  Previous state of the Task instance: running
[2025-03-18T18:25:25.880+0000] {logging_mixin.py:190} INFO - Dag name:load_dbt_clean_reviews_pipeline queued_at:2025-03-18 18:24:56.930045+00:00
[2025-03-18T18:25:25.880+0000] {logging_mixin.py:190} INFO - Task hostname:DESKTOP-IM7V4RI. operator:BashOperator
[2025-03-18T18:25:25.903+0000] {local_task_job_runner.py:266} INFO - Task exited with return code 0
[2025-03-18T18:25:25.970+0000] {taskinstance.py:3901} INFO - 0 downstream tasks scheduled from follow-on schedule check
[2025-03-18T18:25:25.979+0000] {local_task_job_runner.py:245} INFO - ::endgroup::
