[2025-03-17T00:55:40.111+0000] {local_task_job_runner.py:123} INFO - ::group::Pre task execution logs
[2025-03-17T00:55:40.330+0000] {taskinstance.py:2614} INFO - Dependencies all met for dep_context=non-requeueable deps ti=<TaskInstance: load_reviews_pipeline.dbt_run scheduled__2024-08-24T00:00:00+00:00 [queued]>
[2025-03-17T00:55:40.382+0000] {taskinstance.py:2614} INFO - Dependencies all met for dep_context=requeueable deps ti=<TaskInstance: load_reviews_pipeline.dbt_run scheduled__2024-08-24T00:00:00+00:00 [queued]>
[2025-03-17T00:55:40.382+0000] {taskinstance.py:2867} INFO - Starting attempt 1 of 2
[2025-03-17T00:55:40.494+0000] {taskinstance.py:2890} INFO - Executing <Task(BashOperator): dbt_run> on 2024-08-24 00:00:00+00:00
[2025-03-17T00:55:40.528+0000] {standard_task_runner.py:72} INFO - Started process 294618 to run task
[2025-03-17T00:55:40.591+0000] {standard_task_runner.py:104} INFO - Running: ['airflow', 'tasks', 'run', 'load_reviews_pipeline', 'dbt_run', 'scheduled__2024-08-24T00:00:00+00:00', '--job-id', '396', '--raw', '--subdir', 'DAGS_FOLDER/dag_load_reviews.py', '--cfg-path', '/tmp/tmpsprd95a3']
[2025-03-17T00:55:40.605+0000] {standard_task_runner.py:105} INFO - Job 396: Subtask dbt_run
[2025-03-17T00:55:41.225+0000] {task_command.py:467} INFO - Running <TaskInstance: load_reviews_pipeline.dbt_run scheduled__2024-08-24T00:00:00+00:00 [running]> on host DESKTOP-IM7V4RI.
[2025-03-17T00:55:41.952+0000] {taskinstance.py:3134} INFO - Exporting env vars: AIRFLOW_CTX_DAG_OWNER='mohammed' AIRFLOW_CTX_DAG_ID='load_reviews_pipeline' AIRFLOW_CTX_TASK_ID='dbt_run' AIRFLOW_CTX_EXECUTION_DATE='2024-08-24T00:00:00+00:00' AIRFLOW_CTX_TRY_NUMBER='1' AIRFLOW_CTX_DAG_RUN_ID='scheduled__2024-08-24T00:00:00+00:00'
[2025-03-17T00:55:41.960+0000] {logging_mixin.py:190} INFO - Task instance is in running state
[2025-03-17T00:55:41.961+0000] {logging_mixin.py:190} INFO -  Previous state of the Task instance: queued
[2025-03-17T00:55:41.979+0000] {logging_mixin.py:190} INFO - Current task name:dbt_run state:running start_date:2025-03-17 00:55:40.330986+00:00
[2025-03-17T00:55:41.980+0000] {logging_mixin.py:190} INFO - Dag name:load_reviews_pipeline and current dag run status:running
[2025-03-17T00:55:41.982+0000] {taskinstance.py:732} INFO - ::endgroup::
[2025-03-17T00:55:41.987+0000] {subprocess.py:78} INFO - Tmp dir root location: /tmp
[2025-03-17T00:55:41.990+0000] {subprocess.py:88} INFO - Running command: ['/usr/bin/bash', '-c', 'cd /home/mohammed/.dbt/bank_reviews_project && dbt run']
[2025-03-17T00:55:42.025+0000] {subprocess.py:99} INFO - Output:
[2025-03-17T00:56:07.693+0000] {subprocess.py:106} INFO - [0m00:56:07  Running with dbt=1.9.3
[2025-03-17T00:56:10.387+0000] {subprocess.py:106} INFO - [0m00:56:10  Registered adapter: postgres=1.9.0
[2025-03-17T00:56:15.401+0000] {subprocess.py:106} INFO - [0m00:56:15  Found 10 models, 4 data tests, 2 sources, 433 macros
[2025-03-17T00:56:15.418+0000] {subprocess.py:106} INFO - [0m00:56:15
[2025-03-17T00:56:15.423+0000] {subprocess.py:106} INFO - [0m00:56:15  Concurrency: 4 threads (target='dev')
[2025-03-17T00:56:15.426+0000] {subprocess.py:106} INFO - [0m00:56:15
[2025-03-17T00:56:16.406+0000] {subprocess.py:106} INFO - [0m00:56:16  1 of 10 START sql view model public.clean_reviews .............................. [RUN]
[2025-03-17T00:56:16.447+0000] {subprocess.py:106} INFO - [0m00:56:16  2 of 10 START sql table model public.my_first_dbt_model ........................ [RUN]
[2025-03-17T00:56:16.449+0000] {subprocess.py:106} INFO - [0m00:56:16  4 of 10 START sql view model public.stg_clean_reviews .......................... [RUN]
[2025-03-17T00:56:16.453+0000] {subprocess.py:106} INFO - [0m00:56:16  3 of 10 START sql view model public.remove_duplicates .......................... [RUN]
[2025-03-17T00:56:19.759+0000] {subprocess.py:106} INFO - [0m00:56:19  1 of 10 OK created sql view model public.clean_reviews ......................... [[32mCREATE VIEW[0m in 3.34s]
[2025-03-17T00:56:19.765+0000] {subprocess.py:106} INFO - [0m00:56:19  3 of 10 OK created sql view model public.remove_duplicates ..................... [[32mCREATE VIEW[0m in 3.29s]
[2025-03-17T00:56:19.787+0000] {subprocess.py:106} INFO - [0m00:56:19  4 of 10 OK created sql view model public.stg_clean_reviews ..................... [[32mCREATE VIEW[0m in 3.32s]
[2025-03-17T00:56:19.793+0000] {subprocess.py:106} INFO - [0m00:56:19  2 of 10 OK created sql table model public.my_first_dbt_model ................... [[32mSELECT 2[0m in 3.28s]
[2025-03-17T00:56:19.810+0000] {subprocess.py:106} INFO - [0m00:56:19  5 of 10 START sql view model public.dim_bank ................................... [RUN]
[2025-03-17T00:56:19.842+0000] {subprocess.py:106} INFO - [0m00:56:19  6 of 10 START sql view model public.dim_branch ................................. [RUN]
[2025-03-17T00:56:19.860+0000] {subprocess.py:106} INFO - [0m00:56:19  7 of 10 START sql view model public.dim_location ............................... [RUN]
[2025-03-17T00:56:19.862+0000] {subprocess.py:106} INFO - [0m00:56:19  8 of 10 START sql view model public.dim_sentiment .............................. [RUN]
[2025-03-17T00:56:20.562+0000] {subprocess.py:106} INFO - [0m00:56:20  5 of 10 OK created sql view model public.dim_bank .............................. [[32mCREATE VIEW[0m in 0.69s]
[2025-03-17T00:56:20.604+0000] {subprocess.py:106} INFO - [0m00:56:20  7 of 10 OK created sql view model public.dim_location .......................... [[32mCREATE VIEW[0m in 0.75s]
[2025-03-17T00:56:20.643+0000] {subprocess.py:106} INFO - [0m00:56:20  9 of 10 START sql view model public.my_second_dbt_model ........................ [RUN]
[2025-03-17T00:56:20.664+0000] {subprocess.py:106} INFO - [0m00:56:20  8 of 10 OK created sql view model public.dim_sentiment ......................... [[32mCREATE VIEW[0m in 0.77s]
[2025-03-17T00:56:20.665+0000] {subprocess.py:106} INFO - [0m00:56:20  6 of 10 OK created sql view model public.dim_branch ............................ [[32mCREATE VIEW[0m in 0.82s]
[2025-03-17T00:56:20.673+0000] {subprocess.py:106} INFO - [0m00:56:20  10 of 10 START sql view model public.fact_reviews .............................. [RUN]
[2025-03-17T00:56:20.972+0000] {subprocess.py:106} INFO - [0m00:56:20  10 of 10 OK created sql view model public.fact_reviews ......................... [[32mCREATE VIEW[0m in 0.29s]
[2025-03-17T00:56:21.006+0000] {subprocess.py:106} INFO - [0m00:56:21  9 of 10 OK created sql view model public.my_second_dbt_model ................... [[32mCREATE VIEW[0m in 0.35s]
[2025-03-17T00:56:21.180+0000] {subprocess.py:106} INFO - [0m00:56:21
[2025-03-17T00:56:21.182+0000] {subprocess.py:106} INFO - [0m00:56:21  Finished running 1 table model, 9 view models in 0 hours 0 minutes and 5.75 seconds (5.75s).
[2025-03-17T00:56:21.483+0000] {subprocess.py:106} INFO - [0m00:56:21
[2025-03-17T00:56:21.539+0000] {subprocess.py:106} INFO - [0m00:56:21  [32mCompleted successfully[0m
[2025-03-17T00:56:21.559+0000] {subprocess.py:106} INFO - [0m00:56:21
[2025-03-17T00:56:21.594+0000] {subprocess.py:106} INFO - [0m00:56:21  Done. PASS=10 WARN=0 ERROR=0 SKIP=0 TOTAL=10
[2025-03-17T00:56:26.347+0000] {subprocess.py:110} INFO - Command exited with return code 0
[2025-03-17T00:56:26.647+0000] {taskinstance.py:341} INFO - ::group::Post task execution logs
[2025-03-17T00:56:26.663+0000] {taskinstance.py:353} INFO - Marking task as SUCCESS. dag_id=load_reviews_pipeline, task_id=dbt_run, run_id=scheduled__2024-08-24T00:00:00+00:00, execution_date=20240824T000000, start_date=20250317T005540, end_date=20250317T005626
[2025-03-17T00:56:26.962+0000] {logging_mixin.py:190} INFO - Task instance in success state
[2025-03-17T00:56:26.963+0000] {logging_mixin.py:190} INFO -  Previous state of the Task instance: running
[2025-03-17T00:56:26.966+0000] {logging_mixin.py:190} INFO - Dag name:load_reviews_pipeline queued_at:2025-03-17 00:55:32.830887+00:00
[2025-03-17T00:56:26.967+0000] {logging_mixin.py:190} INFO - Task hostname:DESKTOP-IM7V4RI. operator:BashOperator
[2025-03-17T00:56:27.000+0000] {local_task_job_runner.py:266} INFO - Task exited with return code 0
[2025-03-17T00:56:27.125+0000] {taskinstance.py:3901} INFO - 0 downstream tasks scheduled from follow-on schedule check
[2025-03-17T00:56:27.139+0000] {local_task_job_runner.py:245} INFO - ::endgroup::
