[2025-03-21T00:54:02.296+0000] {local_task_job_runner.py:123} INFO - ::group::Pre task execution logs
[2025-03-21T00:54:02.358+0000] {taskinstance.py:2614} INFO - Dependencies all met for dep_context=non-requeueable deps ti=<TaskInstance: scrape_and_store_all_jobs.scrape_and_insert_data_to_json manual__2025-03-21T00:53:55.625724+00:00 [queued]>
[2025-03-21T00:54:02.385+0000] {taskinstance.py:2614} INFO - Dependencies all met for dep_context=requeueable deps ti=<TaskInstance: scrape_and_store_all_jobs.scrape_and_insert_data_to_json manual__2025-03-21T00:53:55.625724+00:00 [queued]>
[2025-03-21T00:54:02.385+0000] {taskinstance.py:2867} INFO - Starting attempt 1 of 2
[2025-03-21T00:54:02.433+0000] {taskinstance.py:2890} INFO - Executing <Task(PythonOperator): scrape_and_insert_data_to_json> on 2025-03-21 00:53:55.625724+00:00
[2025-03-21T00:54:02.457+0000] {standard_task_runner.py:72} INFO - Started process 522406 to run task
[2025-03-21T00:54:02.462+0000] {standard_task_runner.py:104} INFO - Running: ['airflow', 'tasks', 'run', 'scrape_and_store_all_jobs', 'scrape_and_insert_data_to_json', 'manual__2025-03-21T00:53:55.625724+00:00', '--job-id', '1871', '--raw', '--subdir', 'DAGS_FOLDER/dags/scrape_and_store_all_jobs.py', '--cfg-path', '/tmp/tmpaqeua3tl']
[2025-03-21T00:54:02.464+0000] {standard_task_runner.py:105} INFO - Job 1871: Subtask scrape_and_insert_data_to_json
[2025-03-21T00:54:02.576+0000] {task_command.py:467} INFO - Running <TaskInstance: scrape_and_store_all_jobs.scrape_and_insert_data_to_json manual__2025-03-21T00:53:55.625724+00:00 [running]> on host DESKTOP-IM7V4RI.
[2025-03-21T00:54:02.803+0000] {taskinstance.py:3134} INFO - Exporting env vars: AIRFLOW_CTX_DAG_OWNER='airflow' AIRFLOW_CTX_DAG_ID='scrape_and_store_all_jobs' AIRFLOW_CTX_TASK_ID='scrape_and_insert_data_to_json' AIRFLOW_CTX_EXECUTION_DATE='2025-03-21T00:53:55.625724+00:00' AIRFLOW_CTX_TRY_NUMBER='1' AIRFLOW_CTX_DAG_RUN_ID='manual__2025-03-21T00:53:55.625724+00:00'
[2025-03-21T00:54:02.806+0000] {logging_mixin.py:190} INFO - Task instance is in running state
[2025-03-21T00:54:02.807+0000] {logging_mixin.py:190} INFO -  Previous state of the Task instance: queued
[2025-03-21T00:54:02.807+0000] {logging_mixin.py:190} INFO - Current task name:scrape_and_insert_data_to_json state:running start_date:2025-03-21 00:54:02.359245+00:00
[2025-03-21T00:54:02.807+0000] {logging_mixin.py:190} INFO - Dag name:scrape_and_store_all_jobs and current dag run status:running
[2025-03-21T00:54:02.808+0000] {taskinstance.py:732} INFO - ::endgroup::
[2025-03-21T00:54:02.810+0000] {logging_mixin.py:190} INFO - Extraction des données depuis rekrute.com...
[2025-03-21T00:54:05.063+0000] {logging_mixin.py:190} INFO - (rekrute.com) Nombre total de pages : 172
[2025-03-21T00:54:05.063+0000] {logging_mixin.py:190} INFO - (rekrute.com) Traitement de la page 1...
[2025-03-21T00:54:06.429+0000] {logging_mixin.py:190} INFO - ✅ Offre ajoutée avec succès : RPA BLUEPRISM Developer
[2025-03-21T00:54:06.430+0000] {logging_mixin.py:190} INFO - (rekrute.com) Offre ajoutée : RPA BLUEPRISM Developer
[2025-03-21T00:54:07.169+0000] {logging_mixin.py:190} INFO - ✅ Offre ajoutée avec succès : Dessinateur Projeteur Installation Générale/Tuyauterie H/F
[2025-03-21T00:54:07.169+0000] {logging_mixin.py:190} INFO - (rekrute.com) Offre ajoutée : Dessinateur Projeteur Installation Générale/Tuyauterie H/F
[2025-03-21T00:54:07.988+0000] {logging_mixin.py:190} INFO - ✅ Offre ajoutée avec succès : Chargé(e) de Clientèle
[2025-03-21T00:54:07.988+0000] {logging_mixin.py:190} INFO - (rekrute.com) Offre ajoutée : Chargé(e) de Clientèle
[2025-03-21T00:54:08.858+0000] {logging_mixin.py:190} INFO - ✅ Offre ajoutée avec succès : Chef Comptable
[2025-03-21T00:54:08.859+0000] {logging_mixin.py:190} INFO - (rekrute.com) Offre ajoutée : Chef Comptable
[2025-03-21T00:54:09.342+0000] {logging_mixin.py:190} INFO - ✅ Offre ajoutée avec succès : Chargé de clientèle - Réception d'appel - Rabat
[2025-03-21T00:54:09.342+0000] {logging_mixin.py:190} INFO - (rekrute.com) Offre ajoutée : Chargé de clientèle - Réception d'appel - Rabat
[2025-03-21T00:54:09.829+0000] {logging_mixin.py:190} INFO - ✅ Offre ajoutée avec succès : Conseiller Digital
[2025-03-21T00:54:09.829+0000] {logging_mixin.py:190} INFO - (rekrute.com) Offre ajoutée : Conseiller Digital
[2025-03-21T00:54:10.307+0000] {logging_mixin.py:190} INFO - ✅ Offre ajoutée avec succès : Conseiller Commercial
[2025-03-21T00:54:10.309+0000] {logging_mixin.py:190} INFO - (rekrute.com) Offre ajoutée : Conseiller Commercial
[2025-03-21T00:54:10.779+0000] {logging_mixin.py:190} INFO - ✅ Offre ajoutée avec succès : Conseiller Commercial
[2025-03-21T00:54:10.779+0000] {logging_mixin.py:190} INFO - (rekrute.com) Offre ajoutée : Conseiller Commercial
[2025-03-21T00:54:11.347+0000] {logging_mixin.py:190} INFO - ✅ Offre ajoutée avec succès : Manager H/F
[2025-03-21T00:54:11.348+0000] {logging_mixin.py:190} INFO - (rekrute.com) Offre ajoutée : Manager H/F
[2025-03-21T00:54:11.906+0000] {logging_mixin.py:190} INFO - ✅ Offre ajoutée avec succès : Responsable Compensation and Benefits H/F
[2025-03-21T00:54:11.907+0000] {logging_mixin.py:190} INFO - (rekrute.com) Offre ajoutée : Responsable Compensation and Benefits H/F
[2025-03-21T00:54:13.908+0000] {logging_mixin.py:190} INFO - (rekrute.com) Traitement de la page 2...
[2025-03-21T00:54:15.020+0000] {logging_mixin.py:190} INFO - ✅ Offre ajoutée avec succès : Accountant
[2025-03-21T00:54:15.021+0000] {logging_mixin.py:190} INFO - (rekrute.com) Offre ajoutée : Accountant
[2025-03-21T00:54:15.486+0000] {logging_mixin.py:190} INFO - ✅ Offre ajoutée avec succès : Back Office
[2025-03-21T00:54:15.486+0000] {logging_mixin.py:190} INFO - (rekrute.com) Offre ajoutée : Back Office
[2025-03-21T00:54:16.264+0000] {logging_mixin.py:190} INFO - ✅ Offre ajoutée avec succès : Chargé(e) s de Conduite d'Activité francophones
[2025-03-21T00:54:16.266+0000] {logging_mixin.py:190} INFO - (rekrute.com) Offre ajoutée : Chargé(e) s de Conduite d'Activité francophones
[2025-03-21T00:54:16.799+0000] {logging_mixin.py:190} INFO - ✅ Offre ajoutée avec succès : HR Generalist
[2025-03-21T00:54:16.799+0000] {logging_mixin.py:190} INFO - (rekrute.com) Offre ajoutée : HR Generalist
[2025-03-21T00:54:17.181+0000] {logging_mixin.py:190} INFO - ✅ Offre ajoutée avec succès : Développeur Full Stack de Talent Expérimenté - PHP7 (H/F)
[2025-03-21T00:54:17.181+0000] {logging_mixin.py:190} INFO - (rekrute.com) Offre ajoutée : Développeur Full Stack de Talent Expérimenté - PHP7 (H/F)
[2025-03-21T00:54:18.710+0000] {logging_mixin.py:190} INFO - ✅ Offre ajoutée avec succès : Ingénieur Safety/Sécurité Incendie
[2025-03-21T00:54:18.711+0000] {logging_mixin.py:190} INFO - (rekrute.com) Offre ajoutée : Ingénieur Safety/Sécurité Incendie
[2025-03-21T00:54:19.541+0000] {logging_mixin.py:190} INFO - ✅ Offre ajoutée avec succès : Cadre Recouvrement
[2025-03-21T00:54:19.542+0000] {logging_mixin.py:190} INFO - (rekrute.com) Offre ajoutée : Cadre Recouvrement
[2025-03-21T00:54:20.442+0000] {logging_mixin.py:190} INFO - ✅ Offre ajoutée avec succès : Data Analyst - Contrôle de Gestion H/F
[2025-03-21T00:54:20.444+0000] {logging_mixin.py:190} INFO - (rekrute.com) Offre ajoutée : Data Analyst - Contrôle de Gestion H/F
[2025-03-21T00:54:21.802+0000] {logging_mixin.py:190} INFO - ✅ Offre ajoutée avec succès : Chargé(e) de support informatique N0 parfaitement francophones
[2025-03-21T00:54:21.804+0000] {logging_mixin.py:190} INFO - (rekrute.com) Offre ajoutée : Chargé(e) de support informatique N0 parfaitement francophones
[2025-03-21T00:54:22.390+0000] {logging_mixin.py:190} INFO - ✅ Offre ajoutée avec succès : Assistante RH
[2025-03-21T00:54:22.391+0000] {logging_mixin.py:190} INFO - (rekrute.com) Offre ajoutée : Assistante RH
[2025-03-21T00:54:24.392+0000] {logging_mixin.py:190} INFO - Extraction des données depuis marocemploi.net...
[2025-03-21T00:54:24.393+0000] {logging_mixin.py:190} INFO - (marocemploi.net) Traitement de la page 1...
[2025-03-21T00:54:25.852+0000] {logging_mixin.py:190} INFO - ✅ Offre ajoutée avec succès : Commerciale en Immobilier
[2025-03-21T00:54:25.852+0000] {logging_mixin.py:190} INFO - (rekrute.com) Offre ajoutée : Commerciale en Immobilier
[2025-03-21T00:54:26.366+0000] {logging_mixin.py:190} INFO - ✅ Offre ajoutée avec succès : COMPTABLE (H/F)
[2025-03-21T00:54:26.367+0000] {logging_mixin.py:190} INFO - (rekrute.com) Offre ajoutée : COMPTABLE (H/F)
[2025-03-21T00:54:26.996+0000] {logging_mixin.py:190} INFO - ✅ Offre ajoutée avec succès : Un(e) Pharmacien Assistant de Production
[2025-03-21T00:54:26.997+0000] {logging_mixin.py:190} INFO - (rekrute.com) Offre ajoutée : Un(e) Pharmacien Assistant de Production
[2025-03-21T00:54:27.811+0000] {logging_mixin.py:190} INFO - ✅ Offre ajoutée avec succès : Développeur Symfony Junior – API (CDI)
[2025-03-21T00:54:27.811+0000] {logging_mixin.py:190} INFO - (rekrute.com) Offre ajoutée : Développeur Symfony Junior – API (CDI)
[2025-03-21T00:54:28.192+0000] {logging_mixin.py:190} INFO - ✅ Offre ajoutée avec succès : Responsable Magasin MP
[2025-03-21T00:54:28.192+0000] {logging_mixin.py:190} INFO - (rekrute.com) Offre ajoutée : Responsable Magasin MP
[2025-03-21T00:54:28.576+0000] {logging_mixin.py:190} INFO - ✅ Offre ajoutée avec succès : Magasinier à Boulevard chefchaouni Ain Sebaa Casablanca
[2025-03-21T00:54:28.577+0000] {logging_mixin.py:190} INFO - (rekrute.com) Offre ajoutée : Magasinier à Boulevard chefchaouni Ain Sebaa Casablanca
[2025-03-21T00:54:29.108+0000] {logging_mixin.py:190} INFO - ✅ Offre ajoutée avec succès : Vendeurs à Val Fleuri Maarif Casablanca
[2025-03-21T00:54:29.110+0000] {logging_mixin.py:190} INFO - (rekrute.com) Offre ajoutée : Vendeurs à Val Fleuri Maarif Casablanca
[2025-03-21T00:54:29.778+0000] {logging_mixin.py:190} INFO - ✅ Offre ajoutée avec succès : Technicien réseau
[2025-03-21T00:54:29.778+0000] {logging_mixin.py:190} INFO - (rekrute.com) Offre ajoutée : Technicien réseau
[2025-03-21T00:54:30.606+0000] {logging_mixin.py:190} INFO - ✅ Offre ajoutée avec succès : Développeur Back-End
[2025-03-21T00:54:30.606+0000] {logging_mixin.py:190} INFO - (rekrute.com) Offre ajoutée : Développeur Back-End
[2025-03-21T00:54:31.097+0000] {logging_mixin.py:190} INFO - ✅ Offre ajoutée avec succès : Caissière
[2025-03-21T00:54:31.098+0000] {logging_mixin.py:190} INFO - (rekrute.com) Offre ajoutée : Caissière
[2025-03-21T00:54:31.595+0000] {logging_mixin.py:190} INFO - ✅ Offre ajoutée avec succès : Soudeur à Ain Sebaa
[2025-03-21T00:54:31.596+0000] {logging_mixin.py:190} INFO - (rekrute.com) Offre ajoutée : Soudeur à Ain Sebaa
[2025-03-21T00:54:32.207+0000] {logging_mixin.py:190} INFO - ✅ Offre ajoutée avec succès : Assistante digitale et e-commerce d’une parapharmacie
[2025-03-21T00:54:32.208+0000] {logging_mixin.py:190} INFO - (rekrute.com) Offre ajoutée : Assistante digitale et e-commerce d’une parapharmacie
[2025-03-21T00:54:32.933+0000] {logging_mixin.py:190} INFO - ✅ Offre ajoutée avec succès : Equipier polyvalent – restauration rapide
[2025-03-21T00:54:32.933+0000] {logging_mixin.py:190} INFO - (rekrute.com) Offre ajoutée : Equipier polyvalent – restauration rapide
[2025-03-21T00:54:33.369+0000] {logging_mixin.py:190} INFO - ✅ Offre ajoutée avec succès : Commis de cuisine – restauration rapide
[2025-03-21T00:54:33.370+0000] {logging_mixin.py:190} INFO - (rekrute.com) Offre ajoutée : Commis de cuisine – restauration rapide
[2025-03-21T00:54:34.143+0000] {logging_mixin.py:190} INFO - ✅ Offre ajoutée avec succès : Une assistante juridique
[2025-03-21T00:54:34.144+0000] {logging_mixin.py:190} INFO - (rekrute.com) Offre ajoutée : Une assistante juridique
[2025-03-21T00:54:34.766+0000] {logging_mixin.py:190} INFO - ✅ Offre ajoutée avec succès : Assistante Appels d’offres
[2025-03-21T00:54:34.766+0000] {logging_mixin.py:190} INFO - (rekrute.com) Offre ajoutée : Assistante Appels d’offres
[2025-03-21T00:54:36.085+0000] {logging_mixin.py:190} INFO - ✅ Offre ajoutée avec succès : Technico-commercial
[2025-03-21T00:54:36.086+0000] {logging_mixin.py:190} INFO - (rekrute.com) Offre ajoutée : Technico-commercial
[2025-03-21T00:54:36.592+0000] {logging_mixin.py:190} INFO - ✅ Offre ajoutée avec succès : Responsable de la Chaîne Logistique
[2025-03-21T00:54:36.593+0000] {logging_mixin.py:190} INFO - (rekrute.com) Offre ajoutée : Responsable de la Chaîne Logistique
[2025-03-21T00:54:37.201+0000] {logging_mixin.py:190} INFO - ✅ Offre ajoutée avec succès : Livreur
[2025-03-21T00:54:37.201+0000] {logging_mixin.py:190} INFO - (rekrute.com) Offre ajoutée : Livreur
[2025-03-21T00:54:38.435+0000] {logging_mixin.py:190} INFO - ✅ Offre ajoutée avec succès : Agent de nettoyage
[2025-03-21T00:54:38.435+0000] {logging_mixin.py:190} INFO - (rekrute.com) Offre ajoutée : Agent de nettoyage
[2025-03-21T00:54:38.830+0000] {logging_mixin.py:190} INFO - ✅ Offre ajoutée avec succès : Assistant Comptable
[2025-03-21T00:54:38.831+0000] {logging_mixin.py:190} INFO - (rekrute.com) Offre ajoutée : Assistant Comptable
[2025-03-21T00:54:39.480+0000] {logging_mixin.py:190} INFO - ✅ Offre ajoutée avec succès : Ingénieur chargé d’affaires
[2025-03-21T00:54:39.480+0000] {logging_mixin.py:190} INFO - (rekrute.com) Offre ajoutée : Ingénieur chargé d’affaires
[2025-03-21T00:54:39.854+0000] {logging_mixin.py:190} INFO - ✅ Offre ajoutée avec succès : ​Infirmière éducatrice
[2025-03-21T00:54:39.855+0000] {logging_mixin.py:190} INFO - (rekrute.com) Offre ajoutée : ​Infirmière éducatrice
[2025-03-21T00:54:40.369+0000] {logging_mixin.py:190} INFO - ✅ Offre ajoutée avec succès : Cuisinier – restauration rapide
[2025-03-21T00:54:40.369+0000] {logging_mixin.py:190} INFO - (rekrute.com) Offre ajoutée : Cuisinier – restauration rapide
[2025-03-21T00:54:42.284+0000] {logging_mixin.py:190} INFO - ✅ Offre ajoutée avec succès : Technicien de réseau
[2025-03-21T00:54:42.284+0000] {logging_mixin.py:190} INFO - (rekrute.com) Offre ajoutée : Technicien de réseau
[2025-03-21T00:54:42.683+0000] {logging_mixin.py:190} INFO - ✅ Offre ajoutée avec succès : Vendeurs à TEMARA HAY ENNASSR
[2025-03-21T00:54:42.683+0000] {logging_mixin.py:190} INFO - (rekrute.com) Offre ajoutée : Vendeurs à TEMARA HAY ENNASSR
[2025-03-21T00:54:43.300+0000] {logging_mixin.py:190} INFO - ✅ Offre ajoutée avec succès : Assistante administrative
[2025-03-21T00:54:43.300+0000] {logging_mixin.py:190} INFO - (rekrute.com) Offre ajoutée : Assistante administrative
[2025-03-21T00:54:44.847+0000] {logging_mixin.py:190} INFO - ✅ Offre ajoutée avec succès : Vendeurs à Casablanca Bourgogne
[2025-03-21T00:54:44.847+0000] {logging_mixin.py:190} INFO - (rekrute.com) Offre ajoutée : Vendeurs à Casablanca Bourgogne
[2025-03-21T00:54:45.228+0000] {logging_mixin.py:190} INFO - ✅ Offre ajoutée avec succès : Conseiller Commercial
[2025-03-21T00:54:45.228+0000] {logging_mixin.py:190} INFO - (rekrute.com) Offre ajoutée : Conseiller Commercial
[2025-03-21T00:54:45.856+0000] {logging_mixin.py:190} INFO - ✅ Offre ajoutée avec succès : Responsable injection
[2025-03-21T00:54:45.856+0000] {logging_mixin.py:190} INFO - (rekrute.com) Offre ajoutée : Responsable injection
[2025-03-21T00:54:46.857+0000] {logging_mixin.py:190} INFO - ✅ Offre ajoutée avec succès : Vendeur et Vendeuse Casablanca
[2025-03-21T00:54:46.857+0000] {logging_mixin.py:190} INFO - (rekrute.com) Offre ajoutée : Vendeur et Vendeuse Casablanca
[2025-03-21T00:54:47.689+0000] {logging_mixin.py:190} INFO - ✅ Offre ajoutée avec succès : Sales Analyste (H/F) – Casablanca
[2025-03-21T00:54:47.689+0000] {logging_mixin.py:190} INFO - (rekrute.com) Offre ajoutée : Sales Analyste (H/F) – Casablanca
[2025-03-21T00:54:49.004+0000] {logging_mixin.py:190} INFO - ✅ Offre ajoutée avec succès : Téléacteur en création de traffic
[2025-03-21T00:54:49.004+0000] {logging_mixin.py:190} INFO - (rekrute.com) Offre ajoutée : Téléacteur en création de traffic
[2025-03-21T00:54:50.389+0000] {logging_mixin.py:190} INFO - ✅ Offre ajoutée avec succès : Rejoignez Amazing Media en tant que Créateur TikTok
[2025-03-21T00:54:50.389+0000] {logging_mixin.py:190} INFO - (rekrute.com) Offre ajoutée : Rejoignez Amazing Media en tant que Créateur TikTok
[2025-03-21T00:54:50.901+0000] {logging_mixin.py:190} INFO - ✅ Offre ajoutée avec succès : Trade Marketing Manager
[2025-03-21T00:54:50.902+0000] {logging_mixin.py:190} INFO - (rekrute.com) Offre ajoutée : Trade Marketing Manager
[2025-03-21T00:54:52.902+0000] {logging_mixin.py:190} INFO - (marocemploi.net) Traitement de la page 2...
[2025-03-21T00:55:01.006+0000] {logging_mixin.py:190} INFO - ✅ Offre ajoutée avec succès : Stagiaire PFE Contrôle de Gestion – Rémunéré – Ain Sebaa – Casablanca
[2025-03-21T00:55:01.007+0000] {logging_mixin.py:190} INFO - (rekrute.com) Offre ajoutée : Stagiaire PFE Contrôle de Gestion – Rémunéré – Ain Sebaa – Casablanca
[2025-03-21T00:55:02.938+0000] {logging_mixin.py:190} INFO - ✅ Offre ajoutée avec succès : Superviseur Modern Trade / GMS – Rabat
[2025-03-21T00:55:02.938+0000] {logging_mixin.py:190} INFO - (rekrute.com) Offre ajoutée : Superviseur Modern Trade / GMS – Rabat
[2025-03-21T00:55:04.381+0000] {logging_mixin.py:190} INFO - ✅ Offre ajoutée avec succès : Un(e) Sales Capability
[2025-03-21T00:55:04.382+0000] {logging_mixin.py:190} INFO - (rekrute.com) Offre ajoutée : Un(e) Sales Capability
[2025-03-21T00:55:05.732+0000] {logging_mixin.py:190} INFO - ✅ Offre ajoutée avec succès : Vendeur Gros
[2025-03-21T00:55:05.732+0000] {logging_mixin.py:190} INFO - (rekrute.com) Offre ajoutée : Vendeur Gros
[2025-03-21T00:55:06.109+0000] {logging_mixin.py:190} INFO - ✅ Offre ajoutée avec succès : Offre de Stage : Assistante ADV – Département Logistique
[2025-03-21T00:55:06.109+0000] {logging_mixin.py:190} INFO - (rekrute.com) Offre ajoutée : Offre de Stage : Assistante ADV – Département Logistique
[2025-03-21T00:55:07.143+0000] {logging_mixin.py:190} INFO - ✅ Offre ajoutée avec succès : Merchandiser
[2025-03-21T00:55:07.143+0000] {logging_mixin.py:190} INFO - (rekrute.com) Offre ajoutée : Merchandiser
[2025-03-21T00:55:07.840+0000] {logging_mixin.py:190} INFO - ✅ Offre ajoutée avec succès : Aide Magasinier
[2025-03-21T00:55:07.841+0000] {logging_mixin.py:190} INFO - (rekrute.com) Offre ajoutée : Aide Magasinier
[2025-03-21T00:55:08.444+0000] {logging_mixin.py:190} INFO - ✅ Offre ajoutée avec succès : Vendeurs Détail et Gros – Maroc –
[2025-03-21T00:55:08.445+0000] {logging_mixin.py:190} INFO - (rekrute.com) Offre ajoutée : Vendeurs Détail et Gros – Maroc –
[2025-03-21T00:55:09.639+0000] {logging_mixin.py:190} INFO - ✅ Offre ajoutée avec succès : Superviseur Détail
[2025-03-21T00:55:09.640+0000] {logging_mixin.py:190} INFO - (rekrute.com) Offre ajoutée : Superviseur Détail
[2025-03-21T00:55:10.494+0000] {logging_mixin.py:190} INFO - ✅ Offre ajoutée avec succès : VENDEURS et LIVREURS MEKNES
[2025-03-21T00:55:10.495+0000] {logging_mixin.py:190} INFO - (rekrute.com) Offre ajoutée : VENDEURS et LIVREURS MEKNES
[2025-03-21T00:55:11.186+0000] {logging_mixin.py:190} INFO - ✅ Offre ajoutée avec succès : SUPERVISEUR DETAIL MOHAMMEDIA
[2025-03-21T00:55:11.187+0000] {logging_mixin.py:190} INFO - (rekrute.com) Offre ajoutée : SUPERVISEUR DETAIL MOHAMMEDIA
[2025-03-21T00:55:11.700+0000] {logging_mixin.py:190} INFO - ✅ Offre ajoutée avec succès : Vendeurs Casablanca, Rabat et Marrakech
[2025-03-21T00:55:11.701+0000] {logging_mixin.py:190} INFO - (rekrute.com) Offre ajoutée : Vendeurs Casablanca, Rabat et Marrakech
[2025-03-21T00:55:12.143+0000] {logging_mixin.py:190} INFO - ✅ Offre ajoutée avec succès : COMPTABLE
[2025-03-21T00:55:12.144+0000] {logging_mixin.py:190} INFO - (rekrute.com) Offre ajoutée : COMPTABLE
[2025-03-21T00:55:14.149+0000] {logging_mixin.py:190} INFO - ✅ Données enregistrées dans /mnt/c/Users/hp/Desktop/offres/toutes_les_offres.json.
[2025-03-21T00:55:14.152+0000] {python.py:240} INFO - Done. Returned value was: None
[2025-03-21T00:55:14.201+0000] {taskinstance.py:341} INFO - ::group::Post task execution logs
[2025-03-21T00:55:14.202+0000] {taskinstance.py:353} INFO - Marking task as SUCCESS. dag_id=scrape_and_store_all_jobs, task_id=scrape_and_insert_data_to_json, run_id=manual__2025-03-21T00:53:55.625724+00:00, execution_date=20250321T005355, start_date=20250321T005402, end_date=20250321T005514
[2025-03-21T00:55:14.272+0000] {logging_mixin.py:190} INFO - Task instance in success state
[2025-03-21T00:55:14.272+0000] {logging_mixin.py:190} INFO -  Previous state of the Task instance: running
[2025-03-21T00:55:14.272+0000] {logging_mixin.py:190} INFO - Dag name:scrape_and_store_all_jobs queued_at:2025-03-21 00:53:55.808142+00:00
[2025-03-21T00:55:14.272+0000] {logging_mixin.py:190} INFO - Task hostname:DESKTOP-IM7V4RI. operator:PythonOperator
[2025-03-21T00:55:14.327+0000] {local_task_job_runner.py:266} INFO - Task exited with return code 0
[2025-03-21T00:55:14.374+0000] {taskinstance.py:3901} INFO - 0 downstream tasks scheduled from follow-on schedule check
[2025-03-21T00:55:14.380+0000] {local_task_job_runner.py:245} INFO - ::endgroup::
