[2025-03-28T02:29:57.209+0000] {local_task_job_runner.py:123} INFO - ::group::Pre task execution logs
[2025-03-28T02:29:57.503+0000] {taskinstance.py:2614} INFO - Dependencies all met for dep_context=non-requeueable deps ti=<TaskInstance: load_dbt_clean_reviews_pipeline.dbt_run_transactional scheduled__2024-09-22T00:00:00+00:00 [queued]>
[2025-03-28T02:29:57.563+0000] {taskinstance.py:2614} INFO - Dependencies all met for dep_context=requeueable deps ti=<TaskInstance: load_dbt_clean_reviews_pipeline.dbt_run_transactional scheduled__2024-09-22T00:00:00+00:00 [queued]>
[2025-03-28T02:29:57.564+0000] {taskinstance.py:2867} INFO - Starting attempt 1 of 2
[2025-03-28T02:29:57.857+0000] {taskinstance.py:2890} INFO - Executing <Task(BashOperator): dbt_run_transactional> on 2024-09-22 00:00:00+00:00
[2025-03-28T02:29:57.964+0000] {standard_task_runner.py:72} INFO - Started process 207797 to run task
[2025-03-28T02:29:58.131+0000] {standard_task_runner.py:104} INFO - Running: ['airflow', 'tasks', 'run', 'load_dbt_clean_reviews_pipeline', 'dbt_run_transactional', 'scheduled__2024-09-22T00:00:00+00:00', '--job-id', '2186', '--raw', '--subdir', 'DAGS_FOLDER/dag_load_reviews.py', '--cfg-path', '/tmp/tmp1srpjade']
[2025-03-28T02:29:58.179+0000] {standard_task_runner.py:105} INFO - Job 2186: Subtask dbt_run_transactional
[2025-03-28T02:29:59.391+0000] {task_command.py:467} INFO - Running <TaskInstance: load_dbt_clean_reviews_pipeline.dbt_run_transactional scheduled__2024-09-22T00:00:00+00:00 [running]> on host DESKTOP-IM7V4RI.
[2025-03-28T02:30:01.508+0000] {taskinstance.py:3134} INFO - Exporting env vars: AIRFLOW_CTX_DAG_OWNER='mohammed' AIRFLOW_CTX_DAG_ID='load_dbt_clean_reviews_pipeline' AIRFLOW_CTX_TASK_ID='dbt_run_transactional' AIRFLOW_CTX_EXECUTION_DATE='2024-09-22T00:00:00+00:00' AIRFLOW_CTX_TRY_NUMBER='1' AIRFLOW_CTX_DAG_RUN_ID='scheduled__2024-09-22T00:00:00+00:00'
[2025-03-28T02:30:01.570+0000] {logging_mixin.py:190} INFO - Task instance is in running state
[2025-03-28T02:30:01.578+0000] {logging_mixin.py:190} INFO -  Previous state of the Task instance: queued
[2025-03-28T02:30:01.579+0000] {logging_mixin.py:190} INFO - Current task name:dbt_run_transactional state:running start_date:2025-03-28 02:29:57.504482+00:00
[2025-03-28T02:30:01.580+0000] {logging_mixin.py:190} INFO - Dag name:load_dbt_clean_reviews_pipeline and current dag run status:running
[2025-03-28T02:30:01.581+0000] {taskinstance.py:732} INFO - ::endgroup::
[2025-03-28T02:30:01.611+0000] {subprocess.py:78} INFO - Tmp dir root location: /tmp
[2025-03-28T02:30:01.681+0000] {subprocess.py:88} INFO - Running command: ['/usr/bin/bash', '-c', 'cd /home/mohammed/.dbt/dbt_projects/bank_reviews_transactional && dbt run']
[2025-03-28T02:30:01.801+0000] {subprocess.py:99} INFO - Output:
[2025-03-28T02:30:40.409+0000] {subprocess.py:106} INFO - [0m02:30:40  Running with dbt=1.9.3
[2025-03-28T02:30:46.275+0000] {subprocess.py:106} INFO - [0m02:30:46  Registered adapter: postgres=1.9.0
[2025-03-28T02:30:50.472+0000] {subprocess.py:106} INFO - [0m02:30:50  [[33mWARNING[0m]: Configuration paths exist in your dbt_project.yml file which do not apply to any resources.
[2025-03-28T02:30:50.472+0000] {subprocess.py:106} INFO - There are 1 unused configuration paths:
[2025-03-28T02:30:50.473+0000] {subprocess.py:106} INFO - - models.bank_reviews_transactional.transactional
[2025-03-28T02:30:52.190+0000] {subprocess.py:106} INFO - [0m02:30:52  Found 1 model, 1 source, 433 macros
[2025-03-28T02:30:52.254+0000] {subprocess.py:106} INFO - [0m02:30:52
[2025-03-28T02:30:52.283+0000] {subprocess.py:106} INFO - [0m02:30:52  Concurrency: 4 threads (target='dev')
[2025-03-28T02:30:52.337+0000] {subprocess.py:106} INFO - [0m02:30:52
[2025-03-28T02:30:55.838+0000] {subprocess.py:106} INFO - [0m02:30:55  1 of 1 START sql table model transactional.clean_reviews ....................... [RUN]
[2025-03-28T02:31:06.432+0000] {subprocess.py:106} INFO - [0m02:31:06  1 of 1 OK created sql table model transactional.clean_reviews .................. [[32mSELECT 281[0m in 10.54s]
[2025-03-28T02:31:06.721+0000] {subprocess.py:106} INFO - [0m02:31:06
[2025-03-28T02:31:06.750+0000] {subprocess.py:106} INFO - [0m02:31:06  Finished running 1 table model in 0 hours 0 minutes and 14.38 seconds (14.38s).
[2025-03-28T02:31:07.500+0000] {subprocess.py:106} INFO - [0m02:31:07
[2025-03-28T02:31:07.607+0000] {subprocess.py:106} INFO - [0m02:31:07  [32mCompleted successfully[0m
[2025-03-28T02:31:07.608+0000] {subprocess.py:106} INFO - [0m02:31:07
[2025-03-28T02:31:07.615+0000] {subprocess.py:106} INFO - [0m02:31:07  Done. PASS=1 WARN=0 ERROR=0 SKIP=0 TOTAL=1
[2025-03-28T02:31:16.983+0000] {subprocess.py:110} INFO - Command exited with return code 0
[2025-03-28T02:31:18.764+0000] {taskinstance.py:341} INFO - ::group::Post task execution logs
[2025-03-28T02:31:18.795+0000] {taskinstance.py:353} INFO - Marking task as SUCCESS. dag_id=load_dbt_clean_reviews_pipeline, task_id=dbt_run_transactional, run_id=scheduled__2024-09-22T00:00:00+00:00, execution_date=20240922T000000, start_date=20250328T022957, end_date=20250328T023118
[2025-03-28T02:31:19.444+0000] {logging_mixin.py:190} INFO - Task instance in success state
[2025-03-28T02:31:19.445+0000] {logging_mixin.py:190} INFO -  Previous state of the Task instance: running
[2025-03-28T02:31:19.461+0000] {logging_mixin.py:190} INFO - Dag name:load_dbt_clean_reviews_pipeline queued_at:2025-03-28 02:29:51.574977+00:00
[2025-03-28T02:31:19.474+0000] {logging_mixin.py:190} INFO - Task hostname:DESKTOP-IM7V4RI. operator:BashOperator
[2025-03-28T02:31:19.814+0000] {local_task_job_runner.py:266} INFO - Task exited with return code 0
[2025-03-28T02:31:20.459+0000] {standard_task_runner.py:217} INFO - Process not found (most likely exited), stop collecting metrics
[2025-03-28T02:31:20.847+0000] {taskinstance.py:3901} INFO - 0 downstream tasks scheduled from follow-on schedule check
[2025-03-28T02:31:20.870+0000] {local_task_job_runner.py:245} INFO - ::endgroup::
