[2025-03-16T22:39:06.563+0000] {local_task_job_runner.py:123} INFO - ::group::Pre task execution logs
[2025-03-16T22:39:06.595+0000] {taskinstance.py:2614} INFO - Dependencies all met for dep_context=non-requeueable deps ti=<TaskInstance: process_clean_reviews.detect_language manual__2025-03-16T22:39:04.825065+00:00 [queued]>
[2025-03-16T22:39:06.604+0000] {taskinstance.py:2614} INFO - Dependencies all met for dep_context=requeueable deps ti=<TaskInstance: process_clean_reviews.detect_language manual__2025-03-16T22:39:04.825065+00:00 [queued]>
[2025-03-16T22:39:06.605+0000] {taskinstance.py:2867} INFO - Starting attempt 1 of 2
[2025-03-16T22:39:06.646+0000] {taskinstance.py:2890} INFO - Executing <Task(BashOperator): detect_language> on 2025-03-16 22:39:04.825065+00:00
[2025-03-16T22:39:06.660+0000] {standard_task_runner.py:72} INFO - Started process 161516 to run task
[2025-03-16T22:39:06.670+0000] {standard_task_runner.py:104} INFO - Running: ['airflow', 'tasks', 'run', 'process_clean_reviews', 'detect_language', 'manual__2025-03-16T22:39:04.825065+00:00', '--job-id', '82', '--raw', '--subdir', 'DAGS_FOLDER/dag_Enrich_Data.py', '--cfg-path', '/tmp/tmp_xzswwvb']
[2025-03-16T22:39:06.672+0000] {standard_task_runner.py:105} INFO - Job 82: Subtask detect_language
[2025-03-16T22:39:06.761+0000] {task_command.py:467} INFO - Running <TaskInstance: process_clean_reviews.detect_language manual__2025-03-16T22:39:04.825065+00:00 [running]> on host DESKTOP-IM7V4RI.
[2025-03-16T22:39:06.942+0000] {taskinstance.py:3134} INFO - Exporting env vars: AIRFLOW_CTX_DAG_OWNER='airflow' AIRFLOW_CTX_DAG_ID='process_clean_reviews' AIRFLOW_CTX_TASK_ID='detect_language' AIRFLOW_CTX_EXECUTION_DATE='2025-03-16T22:39:04.825065+00:00' AIRFLOW_CTX_TRY_NUMBER='1' AIRFLOW_CTX_DAG_RUN_ID='manual__2025-03-16T22:39:04.825065+00:00'
[2025-03-16T22:39:06.945+0000] {logging_mixin.py:190} INFO - Task instance is in running state
[2025-03-16T22:39:06.945+0000] {logging_mixin.py:190} INFO -  Previous state of the Task instance: queued
[2025-03-16T22:39:06.946+0000] {logging_mixin.py:190} INFO - Current task name:detect_language state:running start_date:2025-03-16 22:39:06.596246+00:00
[2025-03-16T22:39:06.946+0000] {logging_mixin.py:190} INFO - Dag name:process_clean_reviews and current dag run status:running
[2025-03-16T22:39:06.946+0000] {taskinstance.py:732} INFO - ::endgroup::
[2025-03-16T22:39:06.947+0000] {subprocess.py:78} INFO - Tmp dir root location: /tmp
[2025-03-16T22:39:06.949+0000] {subprocess.py:88} INFO - Running command: ['/usr/bin/bash', '-c', 'python3 /home/mohammed/airflow/scripts/detect_language.py']
[2025-03-16T22:39:06.968+0000] {subprocess.py:99} INFO - Output:
[2025-03-16T22:39:10.214+0000] {subprocess.py:106} INFO - ✅ Langue detectée avec succès.
[2025-03-16T22:39:10.304+0000] {subprocess.py:110} INFO - Command exited with return code 0
[2025-03-16T22:39:10.351+0000] {taskinstance.py:341} INFO - ::group::Post task execution logs
[2025-03-16T22:39:10.352+0000] {taskinstance.py:353} INFO - Marking task as SUCCESS. dag_id=process_clean_reviews, task_id=detect_language, run_id=manual__2025-03-16T22:39:04.825065+00:00, execution_date=20250316T223904, start_date=20250316T223906, end_date=20250316T223910
[2025-03-16T22:39:10.392+0000] {logging_mixin.py:190} INFO - Task instance in success state
[2025-03-16T22:39:10.393+0000] {logging_mixin.py:190} INFO -  Previous state of the Task instance: running
[2025-03-16T22:39:10.393+0000] {logging_mixin.py:190} INFO - Dag name:process_clean_reviews queued_at:2025-03-16 22:39:04.867396+00:00
[2025-03-16T22:39:10.393+0000] {logging_mixin.py:190} INFO - Task hostname:DESKTOP-IM7V4RI. operator:BashOperator
[2025-03-16T22:39:10.415+0000] {local_task_job_runner.py:266} INFO - Task exited with return code 0
[2025-03-16T22:39:10.433+0000] {local_task_job_runner.py:245} INFO - ::endgroup::
