[2025-03-28T02:18:53.739+0000] {local_task_job_runner.py:123} INFO - ::group::Pre task execution logs
[2025-03-28T02:18:53.848+0000] {taskinstance.py:2614} INFO - Dependencies all met for dep_context=non-requeueable deps ti=<TaskInstance: load_dbt_clean_reviews_pipeline.dbt_run_transactional scheduled__2024-04-21T00:00:00+00:00 [queued]>
[2025-03-28T02:18:53.869+0000] {taskinstance.py:2614} INFO - Dependencies all met for dep_context=requeueable deps ti=<TaskInstance: load_dbt_clean_reviews_pipeline.dbt_run_transactional scheduled__2024-04-21T00:00:00+00:00 [queued]>
[2025-03-28T02:18:53.869+0000] {taskinstance.py:2867} INFO - Starting attempt 1 of 2
[2025-03-28T02:18:53.987+0000] {taskinstance.py:2890} INFO - Executing <Task(BashOperator): dbt_run_transactional> on 2024-04-21 00:00:00+00:00
[2025-03-28T02:18:54.004+0000] {standard_task_runner.py:72} INFO - Started process 190596 to run task
[2025-03-28T02:18:54.041+0000] {standard_task_runner.py:104} INFO - Running: ['airflow', 'tasks', 'run', 'load_dbt_clean_reviews_pipeline', 'dbt_run_transactional', 'scheduled__2024-04-21T00:00:00+00:00', '--job-id', '2025', '--raw', '--subdir', 'DAGS_FOLDER/dag_load_reviews.py', '--cfg-path', '/tmp/tmpozsh6jey']
[2025-03-28T02:18:54.044+0000] {standard_task_runner.py:105} INFO - Job 2025: Subtask dbt_run_transactional
[2025-03-28T02:18:54.522+0000] {task_command.py:467} INFO - Running <TaskInstance: load_dbt_clean_reviews_pipeline.dbt_run_transactional scheduled__2024-04-21T00:00:00+00:00 [running]> on host DESKTOP-IM7V4RI.
[2025-03-28T02:18:55.212+0000] {taskinstance.py:3134} INFO - Exporting env vars: AIRFLOW_CTX_DAG_OWNER='mohammed' AIRFLOW_CTX_DAG_ID='load_dbt_clean_reviews_pipeline' AIRFLOW_CTX_TASK_ID='dbt_run_transactional' AIRFLOW_CTX_EXECUTION_DATE='2024-04-21T00:00:00+00:00' AIRFLOW_CTX_TRY_NUMBER='1' AIRFLOW_CTX_DAG_RUN_ID='scheduled__2024-04-21T00:00:00+00:00'
[2025-03-28T02:18:55.217+0000] {logging_mixin.py:190} INFO - Task instance is in running state
[2025-03-28T02:18:55.218+0000] {logging_mixin.py:190} INFO -  Previous state of the Task instance: queued
[2025-03-28T02:18:55.219+0000] {logging_mixin.py:190} INFO - Current task name:dbt_run_transactional state:running start_date:2025-03-28 02:18:53.848762+00:00
[2025-03-28T02:18:55.219+0000] {logging_mixin.py:190} INFO - Dag name:load_dbt_clean_reviews_pipeline and current dag run status:running
[2025-03-28T02:18:55.220+0000] {taskinstance.py:732} INFO - ::endgroup::
[2025-03-28T02:18:55.222+0000] {subprocess.py:78} INFO - Tmp dir root location: /tmp
[2025-03-28T02:18:55.224+0000] {subprocess.py:88} INFO - Running command: ['/usr/bin/bash', '-c', 'cd /home/mohammed/.dbt/dbt_projects/bank_reviews_transactional && dbt run']
[2025-03-28T02:18:55.293+0000] {subprocess.py:99} INFO - Output:
[2025-03-28T02:19:08.262+0000] {subprocess.py:106} INFO - [0m02:19:08  Running with dbt=1.9.3
[2025-03-28T02:19:10.422+0000] {subprocess.py:106} INFO - [0m02:19:10  Registered adapter: postgres=1.9.0
[2025-03-28T02:19:11.771+0000] {subprocess.py:106} INFO - [0m02:19:11  [[33mWARNING[0m]: Configuration paths exist in your dbt_project.yml file which do not apply to any resources.
[2025-03-28T02:19:11.772+0000] {subprocess.py:106} INFO - There are 1 unused configuration paths:
[2025-03-28T02:19:11.773+0000] {subprocess.py:106} INFO - - models.bank_reviews_transactional.transactional
[2025-03-28T02:19:12.970+0000] {subprocess.py:106} INFO - [0m02:19:12  Found 1 model, 1 source, 433 macros
[2025-03-28T02:19:12.997+0000] {subprocess.py:106} INFO - [0m02:19:12
[2025-03-28T02:19:13.024+0000] {subprocess.py:106} INFO - [0m02:19:13  Concurrency: 4 threads (target='dev')
[2025-03-28T02:19:13.050+0000] {subprocess.py:106} INFO - [0m02:19:13
[2025-03-28T02:19:14.352+0000] {subprocess.py:106} INFO - [0m02:19:14  1 of 1 START sql table model transactional.clean_reviews ....................... [RUN]
[2025-03-28T02:19:17.932+0000] {subprocess.py:106} INFO - [0m02:19:17  1 of 1 OK created sql table model transactional.clean_reviews .................. [[32mSELECT 153[0m in 3.54s]
[2025-03-28T02:19:18.063+0000] {subprocess.py:106} INFO - [0m02:19:18
[2025-03-28T02:19:18.078+0000] {subprocess.py:106} INFO - [0m02:19:18  Finished running 1 table model in 0 hours 0 minutes and 4.99 seconds (4.99s).
[2025-03-28T02:19:18.330+0000] {subprocess.py:106} INFO - [0m02:19:18
[2025-03-28T02:19:18.334+0000] {subprocess.py:106} INFO - [0m02:19:18  [32mCompleted successfully[0m
[2025-03-28T02:19:18.337+0000] {subprocess.py:106} INFO - [0m02:19:18
[2025-03-28T02:19:18.341+0000] {subprocess.py:106} INFO - [0m02:19:18  Done. PASS=1 WARN=0 ERROR=0 SKIP=0 TOTAL=1
[2025-03-28T02:19:20.978+0000] {subprocess.py:110} INFO - Command exited with return code 0
[2025-03-28T02:19:21.239+0000] {taskinstance.py:341} INFO - ::group::Post task execution logs
[2025-03-28T02:19:21.256+0000] {taskinstance.py:353} INFO - Marking task as SUCCESS. dag_id=load_dbt_clean_reviews_pipeline, task_id=dbt_run_transactional, run_id=scheduled__2024-04-21T00:00:00+00:00, execution_date=20240421T000000, start_date=20250328T021853, end_date=20250328T021921
[2025-03-28T02:19:21.757+0000] {logging_mixin.py:190} INFO - Task instance in success state
[2025-03-28T02:19:21.758+0000] {logging_mixin.py:190} INFO -  Previous state of the Task instance: running
[2025-03-28T02:19:21.759+0000] {logging_mixin.py:190} INFO - Dag name:load_dbt_clean_reviews_pipeline queued_at:2025-03-28 02:18:50.126988+00:00
[2025-03-28T02:19:21.760+0000] {logging_mixin.py:190} INFO - Task hostname:DESKTOP-IM7V4RI. operator:BashOperator
[2025-03-28T02:19:21.806+0000] {local_task_job_runner.py:266} INFO - Task exited with return code 0
[2025-03-28T02:19:21.989+0000] {taskinstance.py:3901} INFO - 0 downstream tasks scheduled from follow-on schedule check
[2025-03-28T02:19:22.027+0000] {local_task_job_runner.py:245} INFO - ::endgroup::
