[2025-03-17T00:59:23.759+0000] {local_task_job_runner.py:123} INFO - ::group::Pre task execution logs
[2025-03-17T00:59:23.783+0000] {taskinstance.py:2614} INFO - Dependencies all met for dep_context=non-requeueable deps ti=<TaskInstance: load_reviews_pipeline.dbt_run scheduled__2024-09-19T00:00:00+00:00 [queued]>
[2025-03-17T00:59:23.792+0000] {taskinstance.py:2614} INFO - Dependencies all met for dep_context=requeueable deps ti=<TaskInstance: load_reviews_pipeline.dbt_run scheduled__2024-09-19T00:00:00+00:00 [queued]>
[2025-03-17T00:59:23.792+0000] {taskinstance.py:2867} INFO - Starting attempt 1 of 2
[2025-03-17T00:59:23.808+0000] {taskinstance.py:2890} INFO - Executing <Task(BashOperator): dbt_run> on 2024-09-19 00:00:00+00:00
[2025-03-17T00:59:23.815+0000] {standard_task_runner.py:72} INFO - Started process 299691 to run task
[2025-03-17T00:59:23.819+0000] {standard_task_runner.py:104} INFO - Running: ['airflow', 'tasks', 'run', 'load_reviews_pipeline', 'dbt_run', 'scheduled__2024-09-19T00:00:00+00:00', '--job-id', '422', '--raw', '--subdir', 'DAGS_FOLDER/dag_load_reviews.py', '--cfg-path', '/tmp/tmp0rfoklrc']
[2025-03-17T00:59:23.820+0000] {standard_task_runner.py:105} INFO - Job 422: Subtask dbt_run
[2025-03-17T00:59:23.895+0000] {task_command.py:467} INFO - Running <TaskInstance: load_reviews_pipeline.dbt_run scheduled__2024-09-19T00:00:00+00:00 [running]> on host DESKTOP-IM7V4RI.
[2025-03-17T00:59:24.021+0000] {taskinstance.py:3134} INFO - Exporting env vars: AIRFLOW_CTX_DAG_OWNER='mohammed' AIRFLOW_CTX_DAG_ID='load_reviews_pipeline' AIRFLOW_CTX_TASK_ID='dbt_run' AIRFLOW_CTX_EXECUTION_DATE='2024-09-19T00:00:00+00:00' AIRFLOW_CTX_TRY_NUMBER='1' AIRFLOW_CTX_DAG_RUN_ID='scheduled__2024-09-19T00:00:00+00:00'
[2025-03-17T00:59:24.022+0000] {logging_mixin.py:190} INFO - Task instance is in running state
[2025-03-17T00:59:24.022+0000] {logging_mixin.py:190} INFO -  Previous state of the Task instance: queued
[2025-03-17T00:59:24.022+0000] {logging_mixin.py:190} INFO - Current task name:dbt_run state:running start_date:2025-03-17 00:59:23.783656+00:00
[2025-03-17T00:59:24.023+0000] {logging_mixin.py:190} INFO - Dag name:load_reviews_pipeline and current dag run status:running
[2025-03-17T00:59:24.023+0000] {taskinstance.py:732} INFO - ::endgroup::
[2025-03-17T00:59:24.024+0000] {subprocess.py:78} INFO - Tmp dir root location: /tmp
[2025-03-17T00:59:24.025+0000] {subprocess.py:88} INFO - Running command: ['/usr/bin/bash', '-c', 'cd /home/mohammed/.dbt/bank_reviews_project && dbt run']
[2025-03-17T00:59:24.035+0000] {subprocess.py:99} INFO - Output:
[2025-03-17T00:59:25.529+0000] {subprocess.py:106} INFO - [0m00:59:25  Running with dbt=1.9.3
[2025-03-17T00:59:25.854+0000] {subprocess.py:106} INFO - [0m00:59:25  Registered adapter: postgres=1.9.0
[2025-03-17T00:59:26.253+0000] {subprocess.py:106} INFO - [0m00:59:26  Found 10 models, 4 data tests, 2 sources, 433 macros
[2025-03-17T00:59:26.258+0000] {subprocess.py:106} INFO - [0m00:59:26
[2025-03-17T00:59:26.259+0000] {subprocess.py:106} INFO - [0m00:59:26  Concurrency: 4 threads (target='dev')
[2025-03-17T00:59:26.259+0000] {subprocess.py:106} INFO - [0m00:59:26
[2025-03-17T00:59:26.440+0000] {subprocess.py:106} INFO - [0m00:59:26  1 of 10 START sql view model public.clean_reviews .............................. [RUN]
[2025-03-17T00:59:26.441+0000] {subprocess.py:106} INFO - [0m00:59:26  2 of 10 START sql table model public.my_first_dbt_model ........................ [RUN]
[2025-03-17T00:59:26.448+0000] {subprocess.py:106} INFO - [0m00:59:26  3 of 10 START sql view model public.remove_duplicates .......................... [RUN]
[2025-03-17T00:59:26.450+0000] {subprocess.py:106} INFO - [0m00:59:26  4 of 10 START sql view model public.stg_clean_reviews .......................... [RUN]
[2025-03-17T00:59:26.946+0000] {subprocess.py:106} INFO - [0m00:59:26  2 of 10 OK created sql table model public.my_first_dbt_model ................... [[32mSELECT 2[0m in 0.49s]
[2025-03-17T00:59:26.947+0000] {subprocess.py:106} INFO - [0m00:59:26  1 of 10 OK created sql view model public.clean_reviews ......................... [[32mCREATE VIEW[0m in 0.50s]
[2025-03-17T00:59:26.949+0000] {subprocess.py:106} INFO - [0m00:59:26  3 of 10 OK created sql view model public.remove_duplicates ..................... [[32mCREATE VIEW[0m in 0.49s]
[2025-03-17T00:59:26.952+0000] {subprocess.py:106} INFO - [0m00:59:26  4 of 10 OK created sql view model public.stg_clean_reviews ..................... [[32mCREATE VIEW[0m in 0.48s]
[2025-03-17T00:59:26.957+0000] {subprocess.py:106} INFO - [0m00:59:26  5 of 10 START sql view model public.my_second_dbt_model ........................ [RUN]
[2025-03-17T00:59:26.961+0000] {subprocess.py:106} INFO - [0m00:59:26  6 of 10 START sql view model public.dim_bank ................................... [RUN]
[2025-03-17T00:59:26.962+0000] {subprocess.py:106} INFO - [0m00:59:26  7 of 10 START sql view model public.dim_branch ................................. [RUN]
[2025-03-17T00:59:26.962+0000] {subprocess.py:106} INFO - [0m00:59:26  8 of 10 START sql view model public.dim_location ............................... [RUN]
[2025-03-17T00:59:27.090+0000] {subprocess.py:106} INFO - [0m00:59:27  5 of 10 OK created sql view model public.my_second_dbt_model ................... [[32mCREATE VIEW[0m in 0.13s]
[2025-03-17T00:59:27.093+0000] {subprocess.py:106} INFO - [0m00:59:27  9 of 10 START sql view model public.dim_sentiment .............................. [RUN]
[2025-03-17T00:59:27.095+0000] {subprocess.py:106} INFO - [0m00:59:27  6 of 10 OK created sql view model public.dim_bank .............................. [[32mCREATE VIEW[0m in 0.13s]
[2025-03-17T00:59:27.126+0000] {subprocess.py:106} INFO - [0m00:59:27  8 of 10 OK created sql view model public.dim_location .......................... [[32mCREATE VIEW[0m in 0.16s]
[2025-03-17T00:59:27.133+0000] {subprocess.py:106} INFO - [0m00:59:27  7 of 10 OK created sql view model public.dim_branch ............................ [[32mCREATE VIEW[0m in 0.16s]
[2025-03-17T00:59:27.168+0000] {subprocess.py:106} INFO - [0m00:59:27  9 of 10 OK created sql view model public.dim_sentiment ......................... [[32mCREATE VIEW[0m in 0.07s]
[2025-03-17T00:59:27.170+0000] {subprocess.py:106} INFO - [0m00:59:27  10 of 10 START sql view model public.fact_reviews .............................. [RUN]
[2025-03-17T00:59:27.221+0000] {subprocess.py:106} INFO - [0m00:59:27  10 of 10 OK created sql view model public.fact_reviews ......................... [[32mCREATE VIEW[0m in 0.05s]
[2025-03-17T00:59:27.241+0000] {subprocess.py:106} INFO - [0m00:59:27
[2025-03-17T00:59:27.241+0000] {subprocess.py:106} INFO - [0m00:59:27  Finished running 1 table model, 9 view models in 0 hours 0 minutes and 0.98 seconds (0.98s).
[2025-03-17T00:59:27.278+0000] {subprocess.py:106} INFO - [0m00:59:27
[2025-03-17T00:59:27.279+0000] {subprocess.py:106} INFO - [0m00:59:27  [32mCompleted successfully[0m
[2025-03-17T00:59:27.279+0000] {subprocess.py:106} INFO - [0m00:59:27
[2025-03-17T00:59:27.280+0000] {subprocess.py:106} INFO - [0m00:59:27  Done. PASS=10 WARN=0 ERROR=0 SKIP=0 TOTAL=10
[2025-03-17T00:59:29.671+0000] {subprocess.py:110} INFO - Command exited with return code 0
[2025-03-17T00:59:29.719+0000] {taskinstance.py:341} INFO - ::group::Post task execution logs
[2025-03-17T00:59:29.719+0000] {taskinstance.py:353} INFO - Marking task as SUCCESS. dag_id=load_reviews_pipeline, task_id=dbt_run, run_id=scheduled__2024-09-19T00:00:00+00:00, execution_date=20240919T000000, start_date=20250317T005923, end_date=20250317T005929
[2025-03-17T00:59:29.766+0000] {logging_mixin.py:190} INFO - Task instance in success state
[2025-03-17T00:59:29.766+0000] {logging_mixin.py:190} INFO -  Previous state of the Task instance: running
[2025-03-17T00:59:29.766+0000] {logging_mixin.py:190} INFO - Dag name:load_reviews_pipeline queued_at:2025-03-17 00:59:22.871712+00:00
[2025-03-17T00:59:29.766+0000] {logging_mixin.py:190} INFO - Task hostname:DESKTOP-IM7V4RI. operator:BashOperator
[2025-03-17T00:59:29.779+0000] {local_task_job_runner.py:266} INFO - Task exited with return code 0
[2025-03-17T00:59:29.801+0000] {taskinstance.py:3901} INFO - 0 downstream tasks scheduled from follow-on schedule check
[2025-03-17T00:59:29.806+0000] {local_task_job_runner.py:245} INFO - ::endgroup::
