[2025-03-17T00:44:58.730+0000] {local_task_job_runner.py:123} INFO - ::group::Pre task execution logs
[2025-03-17T00:44:58.777+0000] {taskinstance.py:2614} INFO - Dependencies all met for dep_context=non-requeueable deps ti=<TaskInstance: load_reviews_pipeline.dbt_run scheduled__2024-07-17T00:00:00+00:00 [queued]>
[2025-03-17T00:44:58.793+0000] {taskinstance.py:2614} INFO - Dependencies all met for dep_context=requeueable deps ti=<TaskInstance: load_reviews_pipeline.dbt_run scheduled__2024-07-17T00:00:00+00:00 [queued]>
[2025-03-17T00:44:58.794+0000] {taskinstance.py:2867} INFO - Starting attempt 1 of 2
[2025-03-17T00:44:58.823+0000] {taskinstance.py:2890} INFO - Executing <Task(BashOperator): dbt_run> on 2024-07-17 00:00:00+00:00
[2025-03-17T00:44:58.832+0000] {standard_task_runner.py:72} INFO - Started process 280255 to run task
[2025-03-17T00:44:58.841+0000] {standard_task_runner.py:104} INFO - Running: ['airflow', 'tasks', 'run', 'load_reviews_pipeline', 'dbt_run', 'scheduled__2024-07-17T00:00:00+00:00', '--job-id', '326', '--raw', '--subdir', 'DAGS_FOLDER/dag_load_reviews.py', '--cfg-path', '/tmp/tmpd71j44or']
[2025-03-17T00:44:58.844+0000] {standard_task_runner.py:105} INFO - Job 326: Subtask dbt_run
[2025-03-17T00:44:58.989+0000] {task_command.py:467} INFO - Running <TaskInstance: load_reviews_pipeline.dbt_run scheduled__2024-07-17T00:00:00+00:00 [running]> on host DESKTOP-IM7V4RI.
[2025-03-17T00:44:59.243+0000] {taskinstance.py:3134} INFO - Exporting env vars: AIRFLOW_CTX_DAG_OWNER='mohammed' AIRFLOW_CTX_DAG_ID='load_reviews_pipeline' AIRFLOW_CTX_TASK_ID='dbt_run' AIRFLOW_CTX_EXECUTION_DATE='2024-07-17T00:00:00+00:00' AIRFLOW_CTX_TRY_NUMBER='1' AIRFLOW_CTX_DAG_RUN_ID='scheduled__2024-07-17T00:00:00+00:00'
[2025-03-17T00:44:59.245+0000] {logging_mixin.py:190} INFO - Task instance is in running state
[2025-03-17T00:44:59.246+0000] {logging_mixin.py:190} INFO -  Previous state of the Task instance: queued
[2025-03-17T00:44:59.247+0000] {logging_mixin.py:190} INFO - Current task name:dbt_run state:running start_date:2025-03-17 00:44:58.777973+00:00
[2025-03-17T00:44:59.247+0000] {logging_mixin.py:190} INFO - Dag name:load_reviews_pipeline and current dag run status:running
[2025-03-17T00:44:59.247+0000] {taskinstance.py:732} INFO - ::endgroup::
[2025-03-17T00:44:59.249+0000] {subprocess.py:78} INFO - Tmp dir root location: /tmp
[2025-03-17T00:44:59.250+0000] {subprocess.py:88} INFO - Running command: ['/usr/bin/bash', '-c', 'cd /home/mohammed/.dbt/bank_reviews_project && dbt run']
[2025-03-17T00:44:59.270+0000] {subprocess.py:99} INFO - Output:
[2025-03-17T00:45:02.559+0000] {subprocess.py:106} INFO - [0m00:45:02  Running with dbt=1.9.3
[2025-03-17T00:45:03.064+0000] {subprocess.py:106} INFO - [0m00:45:03  Registered adapter: postgres=1.9.0
[2025-03-17T00:45:04.288+0000] {subprocess.py:106} INFO - [0m00:45:04  Found 6 models, 4 data tests, 2 sources, 433 macros
[2025-03-17T00:45:04.299+0000] {subprocess.py:106} INFO - [0m00:45:04
[2025-03-17T00:45:04.300+0000] {subprocess.py:106} INFO - [0m00:45:04  Concurrency: 4 threads (target='dev')
[2025-03-17T00:45:04.302+0000] {subprocess.py:106} INFO - [0m00:45:04
[2025-03-17T00:45:04.353+0000] {subprocess.py:106} INFO - [0m00:45:04  1 of 6 START sql view model public.clean_reviews ............................... [RUN]
[2025-03-17T00:45:04.360+0000] {subprocess.py:106} INFO - [0m00:45:04  2 of 6 START sql table model public.my_first_dbt_model ......................... [RUN]
[2025-03-17T00:45:04.363+0000] {subprocess.py:106} INFO - [0m00:45:04  3 of 6 START sql view model public.remove_duplicates ........................... [RUN]
[2025-03-17T00:45:04.368+0000] {subprocess.py:106} INFO - [0m00:45:04  4 of 6 START sql view model public.stg_clean_reviews ........................... [RUN]
[2025-03-17T00:45:05.509+0000] {subprocess.py:106} INFO - [0m00:45:05  3 of 6 OK created sql view model public.remove_duplicates ...................... [[32mCREATE VIEW[0m in 1.13s]
[2025-03-17T00:45:05.522+0000] {subprocess.py:106} INFO - [0m00:45:05  2 of 6 OK created sql table model public.my_first_dbt_model .................... [[32mSELECT 2[0m in 1.15s]
[2025-03-17T00:45:05.543+0000] {subprocess.py:106} INFO - [0m00:45:05  1 of 6 OK created sql view model public.clean_reviews .......................... [[32mCREATE VIEW[0m in 1.17s]
[2025-03-17T00:45:05.550+0000] {subprocess.py:106} INFO - [0m00:45:05  5 of 6 START sql view model public.my_second_dbt_model ......................... [RUN]
[2025-03-17T00:45:05.554+0000] {subprocess.py:106} INFO - [0m00:45:05  4 of 6 OK created sql view model public.stg_clean_reviews ...................... [[32mCREATE VIEW[0m in 1.17s]
[2025-03-17T00:45:05.570+0000] {subprocess.py:106} INFO - [0m00:45:05  6 of 6 START sql view model public.dwh_model ................................... [RUN]
[2025-03-17T00:45:05.750+0000] {subprocess.py:106} INFO - [0m00:45:05  5 of 6 OK created sql view model public.my_second_dbt_model .................... [[32mCREATE VIEW[0m in 0.19s]
[2025-03-17T00:45:05.752+0000] {subprocess.py:106} INFO - [0m00:45:05  6 of 6 OK created sql view model public.dwh_model .............................. [[32mCREATE VIEW[0m in 0.17s]
[2025-03-17T00:45:05.805+0000] {subprocess.py:106} INFO - [0m00:45:05
[2025-03-17T00:45:05.807+0000] {subprocess.py:106} INFO - [0m00:45:05  Finished running 1 table model, 5 view models in 0 hours 0 minutes and 1.50 seconds (1.50s).
[2025-03-17T00:45:05.891+0000] {subprocess.py:106} INFO - [0m00:45:05
[2025-03-17T00:45:05.893+0000] {subprocess.py:106} INFO - [0m00:45:05  [32mCompleted successfully[0m
[2025-03-17T00:45:05.895+0000] {subprocess.py:106} INFO - [0m00:45:05
[2025-03-17T00:45:05.896+0000] {subprocess.py:106} INFO - [0m00:45:05  Done. PASS=6 WARN=0 ERROR=0 SKIP=0 TOTAL=6
[2025-03-17T00:45:07.899+0000] {subprocess.py:110} INFO - Command exited with return code 0
[2025-03-17T00:45:08.036+0000] {taskinstance.py:341} INFO - ::group::Post task execution logs
[2025-03-17T00:45:08.037+0000] {taskinstance.py:353} INFO - Marking task as SUCCESS. dag_id=load_reviews_pipeline, task_id=dbt_run, run_id=scheduled__2024-07-17T00:00:00+00:00, execution_date=20240717T000000, start_date=20250317T004458, end_date=20250317T004508
[2025-03-17T00:45:08.137+0000] {logging_mixin.py:190} INFO - Task instance in success state
[2025-03-17T00:45:08.138+0000] {logging_mixin.py:190} INFO -  Previous state of the Task instance: running
[2025-03-17T00:45:08.138+0000] {logging_mixin.py:190} INFO - Dag name:load_reviews_pipeline queued_at:2025-03-17 00:44:56.867584+00:00
[2025-03-17T00:45:08.139+0000] {logging_mixin.py:190} INFO - Task hostname:DESKTOP-IM7V4RI. operator:BashOperator
[2025-03-17T00:45:08.169+0000] {local_task_job_runner.py:266} INFO - Task exited with return code 0
[2025-03-17T00:45:08.208+0000] {taskinstance.py:3901} INFO - 0 downstream tasks scheduled from follow-on schedule check
[2025-03-17T00:45:08.217+0000] {local_task_job_runner.py:245} INFO - ::endgroup::
