[2025-03-28T14:35:54.176+0000] {local_task_job_runner.py:123} INFO - ::group::Pre task execution logs
[2025-03-28T14:35:54.339+0000] {taskinstance.py:2614} INFO - Dependencies all met for dep_context=non-requeueable deps ti=<TaskInstance: process_enrichir_clean_reviews.detect_language manual__2025-03-28T14:35:23.146454+00:00 [queued]>
[2025-03-28T14:35:54.407+0000] {taskinstance.py:2614} INFO - Dependencies all met for dep_context=requeueable deps ti=<TaskInstance: process_enrichir_clean_reviews.detect_language manual__2025-03-28T14:35:23.146454+00:00 [queued]>
[2025-03-28T14:35:54.408+0000] {taskinstance.py:2867} INFO - Starting attempt 1 of 2
[2025-03-28T14:35:54.469+0000] {taskinstance.py:2890} INFO - Executing <Task(BashOperator): detect_language> on 2025-03-28 14:35:23.146454+00:00
[2025-03-28T14:35:54.497+0000] {standard_task_runner.py:72} INFO - Started process 90400 to run task
[2025-03-28T14:35:54.514+0000] {standard_task_runner.py:104} INFO - Running: ['airflow', 'tasks', 'run', 'process_enrichir_clean_reviews', 'detect_language', 'manual__2025-03-28T14:35:23.146454+00:00', '--job-id', '2349', '--raw', '--subdir', 'DAGS_FOLDER/process_clean_reviews.py', '--cfg-path', '/tmp/tmpwvpvzx_0']
[2025-03-28T14:35:54.516+0000] {standard_task_runner.py:105} INFO - Job 2349: Subtask detect_language
[2025-03-28T14:35:54.805+0000] {task_command.py:467} INFO - Running <TaskInstance: process_enrichir_clean_reviews.detect_language manual__2025-03-28T14:35:23.146454+00:00 [running]> on host DESKTOP-IM7V4RI.
[2025-03-28T14:35:55.263+0000] {taskinstance.py:3134} INFO - Exporting env vars: AIRFLOW_CTX_DAG_OWNER='airflow' AIRFLOW_CTX_DAG_ID='process_enrichir_clean_reviews' AIRFLOW_CTX_TASK_ID='detect_language' AIRFLOW_CTX_EXECUTION_DATE='2025-03-28T14:35:23.146454+00:00' AIRFLOW_CTX_TRY_NUMBER='1' AIRFLOW_CTX_DAG_RUN_ID='manual__2025-03-28T14:35:23.146454+00:00'
[2025-03-28T14:35:55.265+0000] {logging_mixin.py:190} INFO - Task instance is in running state
[2025-03-28T14:35:55.265+0000] {logging_mixin.py:190} INFO -  Previous state of the Task instance: queued
[2025-03-28T14:35:55.266+0000] {logging_mixin.py:190} INFO - Current task name:detect_language state:running start_date:2025-03-28 14:35:54.340738+00:00
[2025-03-28T14:35:55.266+0000] {logging_mixin.py:190} INFO - Dag name:process_enrichir_clean_reviews and current dag run status:running
[2025-03-28T14:35:55.266+0000] {taskinstance.py:732} INFO - ::endgroup::
[2025-03-28T14:35:55.268+0000] {subprocess.py:78} INFO - Tmp dir root location: /tmp
[2025-03-28T14:35:55.279+0000] {subprocess.py:88} INFO - Running command: ['/usr/bin/bash', '-c', 'python3 /home/mohammed/airflow/scripts/detect_language.py']
[2025-03-28T14:35:55.322+0000] {subprocess.py:99} INFO - Output:
[2025-03-28T14:36:12.657+0000] {subprocess.py:106} INFO - ✅ Mise à jour de la colonne 'language' terminée avec succès ! 🚀
[2025-03-28T14:36:12.895+0000] {subprocess.py:110} INFO - Command exited with return code 0
[2025-03-28T14:36:13.292+0000] {taskinstance.py:341} INFO - ::group::Post task execution logs
[2025-03-28T14:36:13.295+0000] {taskinstance.py:353} INFO - Marking task as SUCCESS. dag_id=process_enrichir_clean_reviews, task_id=detect_language, run_id=manual__2025-03-28T14:35:23.146454+00:00, execution_date=20250328T143523, start_date=20250328T143554, end_date=20250328T143613
[2025-03-28T14:36:13.529+0000] {logging_mixin.py:190} INFO - Task instance in success state
[2025-03-28T14:36:13.532+0000] {logging_mixin.py:190} INFO -  Previous state of the Task instance: running
[2025-03-28T14:36:13.533+0000] {logging_mixin.py:190} INFO - Dag name:process_enrichir_clean_reviews queued_at:2025-03-28 14:35:24.389443+00:00
[2025-03-28T14:36:13.534+0000] {logging_mixin.py:190} INFO - Task hostname:DESKTOP-IM7V4RI. operator:BashOperator
[2025-03-28T14:36:13.664+0000] {local_task_job_runner.py:266} INFO - Task exited with return code 0
[2025-03-28T14:36:13.913+0000] {taskinstance.py:3901} INFO - 1 downstream tasks scheduled from follow-on schedule check
[2025-03-28T14:36:13.983+0000] {local_task_job_runner.py:245} INFO - ::endgroup::
