[2025-03-17T01:17:06.223+0000] {local_task_job_runner.py:123} INFO - ::group::Pre task execution logs
[2025-03-17T01:17:06.255+0000] {taskinstance.py:2614} INFO - Dependencies all met for dep_context=non-requeueable deps ti=<TaskInstance: load_reviews_pipeline.dbt_run scheduled__2025-02-05T00:00:00+00:00 [queued]>
[2025-03-17T01:17:06.266+0000] {taskinstance.py:2614} INFO - Dependencies all met for dep_context=requeueable deps ti=<TaskInstance: load_reviews_pipeline.dbt_run scheduled__2025-02-05T00:00:00+00:00 [queued]>
[2025-03-17T01:17:06.266+0000] {taskinstance.py:2867} INFO - Starting attempt 1 of 2
[2025-03-17T01:17:06.289+0000] {taskinstance.py:2890} INFO - Executing <Task(BashOperator): dbt_run> on 2025-02-05 00:00:00+00:00
[2025-03-17T01:17:06.298+0000] {standard_task_runner.py:72} INFO - Started process 326083 to run task
[2025-03-17T01:17:06.305+0000] {standard_task_runner.py:104} INFO - Running: ['airflow', 'tasks', 'run', 'load_reviews_pipeline', 'dbt_run', 'scheduled__2025-02-05T00:00:00+00:00', '--job-id', '610', '--raw', '--subdir', 'DAGS_FOLDER/dag_load_reviews.py', '--cfg-path', '/tmp/tmp_kc7n5b1']
[2025-03-17T01:17:06.307+0000] {standard_task_runner.py:105} INFO - Job 610: Subtask dbt_run
[2025-03-17T01:17:06.423+0000] {task_command.py:467} INFO - Running <TaskInstance: load_reviews_pipeline.dbt_run scheduled__2025-02-05T00:00:00+00:00 [running]> on host DESKTOP-IM7V4RI.
[2025-03-17T01:17:06.602+0000] {taskinstance.py:3134} INFO - Exporting env vars: AIRFLOW_CTX_DAG_OWNER='mohammed' AIRFLOW_CTX_DAG_ID='load_reviews_pipeline' AIRFLOW_CTX_TASK_ID='dbt_run' AIRFLOW_CTX_EXECUTION_DATE='2025-02-05T00:00:00+00:00' AIRFLOW_CTX_TRY_NUMBER='1' AIRFLOW_CTX_DAG_RUN_ID='scheduled__2025-02-05T00:00:00+00:00'
[2025-03-17T01:17:06.603+0000] {logging_mixin.py:190} INFO - Task instance is in running state
[2025-03-17T01:17:06.604+0000] {logging_mixin.py:190} INFO -  Previous state of the Task instance: queued
[2025-03-17T01:17:06.604+0000] {logging_mixin.py:190} INFO - Current task name:dbt_run state:running start_date:2025-03-17 01:17:06.255849+00:00
[2025-03-17T01:17:06.604+0000] {logging_mixin.py:190} INFO - Dag name:load_reviews_pipeline and current dag run status:running
[2025-03-17T01:17:06.604+0000] {taskinstance.py:732} INFO - ::endgroup::
[2025-03-17T01:17:06.605+0000] {subprocess.py:78} INFO - Tmp dir root location: /tmp
[2025-03-17T01:17:06.606+0000] {subprocess.py:88} INFO - Running command: ['/usr/bin/bash', '-c', 'cd /home/mohammed/.dbt/bank_reviews_project && dbt run']
[2025-03-17T01:17:06.621+0000] {subprocess.py:99} INFO - Output:
[2025-03-17T01:17:08.804+0000] {subprocess.py:106} INFO - [0m01:17:08  Running with dbt=1.9.3
[2025-03-17T01:17:09.156+0000] {subprocess.py:106} INFO - [0m01:17:09  Registered adapter: postgres=1.9.0
[2025-03-17T01:17:09.680+0000] {subprocess.py:106} INFO - [0m01:17:09  Found 10 models, 4 data tests, 2 sources, 433 macros
[2025-03-17T01:17:09.683+0000] {subprocess.py:106} INFO - [0m01:17:09
[2025-03-17T01:17:09.684+0000] {subprocess.py:106} INFO - [0m01:17:09  Concurrency: 4 threads (target='dev')
[2025-03-17T01:17:09.684+0000] {subprocess.py:106} INFO - [0m01:17:09
[2025-03-17T01:17:09.900+0000] {subprocess.py:106} INFO - [0m01:17:09  1 of 10 START sql view model public.clean_reviews .............................. [RUN]
[2025-03-17T01:17:09.902+0000] {subprocess.py:106} INFO - [0m01:17:09  2 of 10 START sql table model public.my_first_dbt_model ........................ [RUN]
[2025-03-17T01:17:09.904+0000] {subprocess.py:106} INFO - [0m01:17:09  3 of 10 START sql view model public.remove_duplicates .......................... [RUN]
[2025-03-17T01:17:09.905+0000] {subprocess.py:106} INFO - [0m01:17:09  4 of 10 START sql view model public.stg_clean_reviews .......................... [RUN]
[2025-03-17T01:17:10.402+0000] {subprocess.py:106} INFO - [0m01:17:10  3 of 10 OK created sql view model public.remove_duplicates ..................... [[32mCREATE VIEW[0m in 0.48s]
[2025-03-17T01:17:10.406+0000] {subprocess.py:106} INFO - [0m01:17:10  1 of 10 OK created sql view model public.clean_reviews ......................... [[32mCREATE VIEW[0m in 0.49s]
[2025-03-17T01:17:10.408+0000] {subprocess.py:106} INFO - [0m01:17:10  4 of 10 OK created sql view model public.stg_clean_reviews ..................... [[32mCREATE VIEW[0m in 0.49s]
[2025-03-17T01:17:10.411+0000] {subprocess.py:106} INFO - [0m01:17:10  2 of 10 OK created sql table model public.my_first_dbt_model ................... [[32mSELECT 2[0m in 0.49s]
[2025-03-17T01:17:10.419+0000] {subprocess.py:106} INFO - [0m01:17:10  5 of 10 START sql view model public.dim_bank ................................... [RUN]
[2025-03-17T01:17:10.422+0000] {subprocess.py:106} INFO - [0m01:17:10  6 of 10 START sql view model public.dim_branch ................................. [RUN]
[2025-03-17T01:17:10.424+0000] {subprocess.py:106} INFO - [0m01:17:10  7 of 10 START sql view model public.dim_location ............................... [RUN]
[2025-03-17T01:17:10.426+0000] {subprocess.py:106} INFO - [0m01:17:10  8 of 10 START sql view model public.dim_sentiment .............................. [RUN]
[2025-03-17T01:17:10.722+0000] {subprocess.py:106} INFO - [0m01:17:10  6 of 10 OK created sql view model public.dim_branch ............................ [[32mCREATE VIEW[0m in 0.29s]
[2025-03-17T01:17:10.739+0000] {subprocess.py:106} INFO - [0m01:17:10  8 of 10 OK created sql view model public.dim_sentiment ......................... [[32mCREATE VIEW[0m in 0.30s]
[2025-03-17T01:17:10.748+0000] {subprocess.py:106} INFO - [0m01:17:10  5 of 10 OK created sql view model public.dim_bank .............................. [[32mCREATE VIEW[0m in 0.31s]
[2025-03-17T01:17:10.749+0000] {subprocess.py:106} INFO - [0m01:17:10  9 of 10 START sql view model public.my_second_dbt_model ........................ [RUN]
[2025-03-17T01:17:10.751+0000] {subprocess.py:106} INFO - [0m01:17:10  7 of 10 OK created sql view model public.dim_location .......................... [[32mCREATE VIEW[0m in 0.31s]
[2025-03-17T01:17:10.768+0000] {subprocess.py:106} INFO - [0m01:17:10  10 of 10 START sql view model public.fact_reviews .............................. [RUN]
[2025-03-17T01:17:10.929+0000] {subprocess.py:106} INFO - [0m01:17:10  9 of 10 OK created sql view model public.my_second_dbt_model ................... [[32mCREATE VIEW[0m in 0.17s]
[2025-03-17T01:17:10.931+0000] {subprocess.py:106} INFO - [0m01:17:10  10 of 10 OK created sql view model public.fact_reviews ......................... [[32mCREATE VIEW[0m in 0.15s]
[2025-03-17T01:17:10.967+0000] {subprocess.py:106} INFO - [0m01:17:10
[2025-03-17T01:17:10.968+0000] {subprocess.py:106} INFO - [0m01:17:10  Finished running 1 table model, 9 view models in 0 hours 0 minutes and 1.28 seconds (1.28s).
[2025-03-17T01:17:11.029+0000] {subprocess.py:106} INFO - [0m01:17:11
[2025-03-17T01:17:11.029+0000] {subprocess.py:106} INFO - [0m01:17:11  [32mCompleted successfully[0m
[2025-03-17T01:17:11.030+0000] {subprocess.py:106} INFO - [0m01:17:11
[2025-03-17T01:17:11.031+0000] {subprocess.py:106} INFO - [0m01:17:11  Done. PASS=10 WARN=0 ERROR=0 SKIP=0 TOTAL=10
[2025-03-17T01:17:13.251+0000] {subprocess.py:110} INFO - Command exited with return code 0
[2025-03-17T01:17:13.376+0000] {taskinstance.py:341} INFO - ::group::Post task execution logs
[2025-03-17T01:17:13.377+0000] {taskinstance.py:353} INFO - Marking task as SUCCESS. dag_id=load_reviews_pipeline, task_id=dbt_run, run_id=scheduled__2025-02-05T00:00:00+00:00, execution_date=20250205T000000, start_date=20250317T011706, end_date=20250317T011713
[2025-03-17T01:17:13.686+0000] {logging_mixin.py:190} INFO - Task instance in success state
[2025-03-17T01:17:13.686+0000] {logging_mixin.py:190} INFO -  Previous state of the Task instance: running
[2025-03-17T01:17:13.687+0000] {logging_mixin.py:190} INFO - Dag name:load_reviews_pipeline queued_at:2025-03-17 01:17:04.954927+00:00
[2025-03-17T01:17:13.687+0000] {logging_mixin.py:190} INFO - Task hostname:DESKTOP-IM7V4RI. operator:BashOperator
[2025-03-17T01:17:13.727+0000] {local_task_job_runner.py:266} INFO - Task exited with return code 0
[2025-03-17T01:17:13.765+0000] {taskinstance.py:3901} INFO - 0 downstream tasks scheduled from follow-on schedule check
[2025-03-17T01:17:13.770+0000] {local_task_job_runner.py:245} INFO - ::endgroup::
