[2025-03-28T02:23:59.118+0000] {local_task_job_runner.py:123} INFO - ::group::Pre task execution logs
[2025-03-28T02:23:59.288+0000] {taskinstance.py:2614} INFO - Dependencies all met for dep_context=non-requeueable deps ti=<TaskInstance: load_dbt_clean_reviews_pipeline.dbt_run_transactional scheduled__2024-06-29T00:00:00+00:00 [queued]>
[2025-03-28T02:23:59.329+0000] {taskinstance.py:2614} INFO - Dependencies all met for dep_context=requeueable deps ti=<TaskInstance: load_dbt_clean_reviews_pipeline.dbt_run_transactional scheduled__2024-06-29T00:00:00+00:00 [queued]>
[2025-03-28T02:23:59.332+0000] {taskinstance.py:2867} INFO - Starting attempt 1 of 2
[2025-03-28T02:23:59.431+0000] {taskinstance.py:2890} INFO - Executing <Task(BashOperator): dbt_run_transactional> on 2024-06-29 00:00:00+00:00
[2025-03-28T02:23:59.447+0000] {standard_task_runner.py:72} INFO - Started process 198368 to run task
[2025-03-28T02:23:59.473+0000] {standard_task_runner.py:104} INFO - Running: ['airflow', 'tasks', 'run', 'load_dbt_clean_reviews_pipeline', 'dbt_run_transactional', 'scheduled__2024-06-29T00:00:00+00:00', '--job-id', '2098', '--raw', '--subdir', 'DAGS_FOLDER/dag_load_reviews.py', '--cfg-path', '/tmp/tmpty16j66t']
[2025-03-28T02:23:59.476+0000] {standard_task_runner.py:105} INFO - Job 2098: Subtask dbt_run_transactional
[2025-03-28T02:23:59.945+0000] {task_command.py:467} INFO - Running <TaskInstance: load_dbt_clean_reviews_pipeline.dbt_run_transactional scheduled__2024-06-29T00:00:00+00:00 [running]> on host DESKTOP-IM7V4RI.
[2025-03-28T02:24:00.360+0000] {taskinstance.py:3134} INFO - Exporting env vars: AIRFLOW_CTX_DAG_OWNER='mohammed' AIRFLOW_CTX_DAG_ID='load_dbt_clean_reviews_pipeline' AIRFLOW_CTX_TASK_ID='dbt_run_transactional' AIRFLOW_CTX_EXECUTION_DATE='2024-06-29T00:00:00+00:00' AIRFLOW_CTX_TRY_NUMBER='1' AIRFLOW_CTX_DAG_RUN_ID='scheduled__2024-06-29T00:00:00+00:00'
[2025-03-28T02:24:00.364+0000] {logging_mixin.py:190} INFO - Task instance is in running state
[2025-03-28T02:24:00.365+0000] {logging_mixin.py:190} INFO -  Previous state of the Task instance: queued
[2025-03-28T02:24:00.365+0000] {logging_mixin.py:190} INFO - Current task name:dbt_run_transactional state:running start_date:2025-03-28 02:23:59.297704+00:00
[2025-03-28T02:24:00.366+0000] {logging_mixin.py:190} INFO - Dag name:load_dbt_clean_reviews_pipeline and current dag run status:running
[2025-03-28T02:24:00.366+0000] {taskinstance.py:732} INFO - ::endgroup::
[2025-03-28T02:24:00.368+0000] {subprocess.py:78} INFO - Tmp dir root location: /tmp
[2025-03-28T02:24:00.371+0000] {subprocess.py:88} INFO - Running command: ['/usr/bin/bash', '-c', 'cd /home/mohammed/.dbt/dbt_projects/bank_reviews_transactional && dbt run']
[2025-03-28T02:24:00.434+0000] {subprocess.py:99} INFO - Output:
[2025-03-28T02:24:12.162+0000] {subprocess.py:106} INFO - [0m02:24:12  Running with dbt=1.9.3
[2025-03-28T02:24:13.941+0000] {subprocess.py:106} INFO - [0m02:24:13  Registered adapter: postgres=1.9.0
[2025-03-28T02:24:14.954+0000] {subprocess.py:106} INFO - [0m02:24:14  [[33mWARNING[0m]: Configuration paths exist in your dbt_project.yml file which do not apply to any resources.
[2025-03-28T02:24:14.956+0000] {subprocess.py:106} INFO - There are 1 unused configuration paths:
[2025-03-28T02:24:14.957+0000] {subprocess.py:106} INFO - - models.bank_reviews_transactional.transactional
[2025-03-28T02:24:15.573+0000] {subprocess.py:106} INFO - [0m02:24:15  Found 1 model, 1 source, 433 macros
[2025-03-28T02:24:15.582+0000] {subprocess.py:106} INFO - [0m02:24:15
[2025-03-28T02:24:15.584+0000] {subprocess.py:106} INFO - [0m02:24:15  Concurrency: 4 threads (target='dev')
[2025-03-28T02:24:15.587+0000] {subprocess.py:106} INFO - [0m02:24:15
[2025-03-28T02:24:16.178+0000] {subprocess.py:106} INFO - [0m02:24:16  1 of 1 START sql table model transactional.clean_reviews ....................... [RUN]
[2025-03-28T02:24:17.785+0000] {subprocess.py:106} INFO - [0m02:24:17  1 of 1 OK created sql table model transactional.clean_reviews .................. [[32mSELECT 153[0m in 1.59s]
[2025-03-28T02:24:17.944+0000] {subprocess.py:106} INFO - [0m02:24:17
[2025-03-28T02:24:17.946+0000] {subprocess.py:106} INFO - [0m02:24:17  Finished running 1 table model in 0 hours 0 minutes and 2.35 seconds (2.35s).
[2025-03-28T02:24:18.177+0000] {subprocess.py:106} INFO - [0m02:24:18
[2025-03-28T02:24:18.181+0000] {subprocess.py:106} INFO - [0m02:24:18  [32mCompleted successfully[0m
[2025-03-28T02:24:18.187+0000] {subprocess.py:106} INFO - [0m02:24:18
[2025-03-28T02:24:18.193+0000] {subprocess.py:106} INFO - [0m02:24:18  Done. PASS=1 WARN=0 ERROR=0 SKIP=0 TOTAL=1
[2025-03-28T02:24:20.238+0000] {subprocess.py:110} INFO - Command exited with return code 0
[2025-03-28T02:24:20.568+0000] {taskinstance.py:341} INFO - ::group::Post task execution logs
[2025-03-28T02:24:20.570+0000] {taskinstance.py:353} INFO - Marking task as SUCCESS. dag_id=load_dbt_clean_reviews_pipeline, task_id=dbt_run_transactional, run_id=scheduled__2024-06-29T00:00:00+00:00, execution_date=20240629T000000, start_date=20250328T022359, end_date=20250328T022420
[2025-03-28T02:24:21.231+0000] {logging_mixin.py:190} INFO - Task instance in success state
[2025-03-28T02:24:21.231+0000] {logging_mixin.py:190} INFO -  Previous state of the Task instance: running
[2025-03-28T02:24:21.232+0000] {logging_mixin.py:190} INFO - Dag name:load_dbt_clean_reviews_pipeline queued_at:2025-03-28 02:23:54.847333+00:00
[2025-03-28T02:24:21.233+0000] {logging_mixin.py:190} INFO - Task hostname:DESKTOP-IM7V4RI. operator:BashOperator
[2025-03-28T02:24:21.294+0000] {local_task_job_runner.py:266} INFO - Task exited with return code 0
[2025-03-28T02:24:21.447+0000] {taskinstance.py:3901} INFO - 0 downstream tasks scheduled from follow-on schedule check
[2025-03-28T02:24:21.480+0000] {local_task_job_runner.py:245} INFO - ::endgroup::
