[2025-03-03T15:19:13.775+0000] {local_task_job_runner.py:123} INFO - ::group::Pre task execution logs
[2025-03-03T15:19:13.909+0000] {taskinstance.py:2614} INFO - Dependencies all met for dep_context=non-requeueable deps ti=<TaskInstance: Simple_etl.file_sensor manual__2025-03-03T15:19:10.951631+00:00 [queued]>
[2025-03-03T15:19:13.967+0000] {taskinstance.py:2614} INFO - Dependencies all met for dep_context=requeueable deps ti=<TaskInstance: Simple_etl.file_sensor manual__2025-03-03T15:19:10.951631+00:00 [queued]>
[2025-03-03T15:19:13.968+0000] {taskinstance.py:2867} INFO - Starting attempt 1 of 1
[2025-03-03T15:19:14.068+0000] {taskinstance.py:2890} INFO - Executing <Task(FileSensor): file_sensor> on 2025-03-03 15:19:10.951631+00:00
[2025-03-03T15:19:14.096+0000] {standard_task_runner.py:72} INFO - Started process 4824 to run task
[2025-03-03T15:19:14.115+0000] {standard_task_runner.py:104} INFO - Running: ['airflow', 'tasks', 'run', 'Simple_etl', 'file_sensor', 'manual__2025-03-03T15:19:10.951631+00:00', '--job-id', '29', '--raw', '--subdir', 'DAGS_FOLDER/dag_etl.py', '--cfg-path', '/tmp/tmpagksfn7z']
[2025-03-03T15:19:14.129+0000] {standard_task_runner.py:105} INFO - Job 29: Subtask file_sensor
[2025-03-03T15:19:14.428+0000] {task_command.py:467} INFO - Running <TaskInstance: Simple_etl.file_sensor manual__2025-03-03T15:19:10.951631+00:00 [running]> on host DESKTOP-IM7V4RI.
[2025-03-03T15:19:14.756+0000] {taskinstance.py:3134} INFO - Exporting env vars: AIRFLOW_CTX_DAG_EMAIL='airflow@example.com' AIRFLOW_CTX_DAG_OWNER='airflow' AIRFLOW_CTX_DAG_ID='Simple_etl' AIRFLOW_CTX_TASK_ID='file_sensor' AIRFLOW_CTX_EXECUTION_DATE='2025-03-03T15:19:10.951631+00:00' AIRFLOW_CTX_TRY_NUMBER='1' AIRFLOW_CTX_DAG_RUN_ID='manual__2025-03-03T15:19:10.951631+00:00'
[2025-03-03T15:19:14.759+0000] {logging_mixin.py:190} INFO - Task instance is in running state
[2025-03-03T15:19:14.759+0000] {logging_mixin.py:190} INFO -  Previous state of the Task instance: queued
[2025-03-03T15:19:14.760+0000] {logging_mixin.py:190} INFO - Current task name:file_sensor state:running start_date:2025-03-03 15:19:13.910776+00:00
[2025-03-03T15:19:14.760+0000] {logging_mixin.py:190} INFO - Dag name:Simple_etl and current dag run status:running
[2025-03-03T15:19:14.761+0000] {taskinstance.py:732} INFO - ::endgroup::
[2025-03-03T15:19:14.762+0000] {baseoperator.py:423} WARNING - FileSensor.execute cannot be called outside TaskInstance!
[2025-03-03T15:19:14.820+0000] {base.py:84} INFO - Retrieving connection 'fs_default'
[2025-03-03T15:19:14.821+0000] {filesystem.py:109} INFO - Poking for file /home/mohammed/input/*.csv
[2025-03-03T15:19:14.824+0000] {filesystem.py:113} INFO - Found File /home/mohammed/input/bank-additional.csv last modified: 20250224160741
[2025-03-03T15:19:14.825+0000] {base.py:339} INFO - Success criteria met. Exiting.
[2025-03-03T15:19:14.826+0000] {filesystem.py:109} INFO - Poking for file /home/mohammed/input/*.csv
[2025-03-03T15:19:14.827+0000] {filesystem.py:113} INFO - Found File /home/mohammed/input/bank-additional.csv last modified: 20250224160741
[2025-03-03T15:19:14.881+0000] {taskinstance.py:341} INFO - ::group::Post task execution logs
[2025-03-03T15:19:14.881+0000] {taskinstance.py:353} INFO - Marking task as SUCCESS. dag_id=Simple_etl, task_id=file_sensor, run_id=manual__2025-03-03T15:19:10.951631+00:00, execution_date=20250303T151910, start_date=20250303T151913, end_date=20250303T151914
[2025-03-03T15:19:14.992+0000] {logging_mixin.py:190} INFO - Task instance in success state
[2025-03-03T15:19:14.993+0000] {logging_mixin.py:190} INFO -  Previous state of the Task instance: running
[2025-03-03T15:19:14.994+0000] {logging_mixin.py:190} INFO - Dag name:Simple_etl queued_at:2025-03-03 15:19:11.033837+00:00
[2025-03-03T15:19:14.995+0000] {logging_mixin.py:190} INFO - Task hostname:DESKTOP-IM7V4RI. operator:FileSensor
[2025-03-03T15:19:15.012+0000] {local_task_job_runner.py:266} INFO - Task exited with return code 0
[2025-03-03T15:19:15.130+0000] {taskinstance.py:3901} INFO - 1 downstream tasks scheduled from follow-on schedule check
[2025-03-03T15:19:15.135+0000] {local_task_job_runner.py:245} INFO - ::endgroup::
