[2025-03-14T16:04:07.485+0000] {local_task_job_runner.py:123} INFO - ::group::Pre task execution logs
[2025-03-14T16:04:07.567+0000] {taskinstance.py:2614} INFO - Dependencies all met for dep_context=non-requeueable deps ti=<TaskInstance: dag_load_data_dec_.generate_sales_commands scheduled__2025-03-14T15:01:00+00:00 [queued]>
[2025-03-14T16:04:07.591+0000] {taskinstance.py:2614} INFO - Dependencies all met for dep_context=requeueable deps ti=<TaskInstance: dag_load_data_dec_.generate_sales_commands scheduled__2025-03-14T15:01:00+00:00 [queued]>
[2025-03-14T16:04:07.591+0000] {taskinstance.py:2867} INFO - Starting attempt 1 of 1
[2025-03-14T16:04:07.626+0000] {taskinstance.py:2890} INFO - Executing <Task(PythonOperator): generate_sales_commands> on 2025-03-14 15:01:00+00:00
[2025-03-14T16:04:07.637+0000] {standard_task_runner.py:72} INFO - Started process 20948 to run task
[2025-03-14T16:04:07.644+0000] {standard_task_runner.py:104} INFO - Running: ['airflow', 'tasks', 'run', 'dag_load_data_dec_', 'generate_sales_commands', 'scheduled__2025-03-14T15:01:00+00:00', '--job-id', '180', '--raw', '--subdir', 'DAGS_FOLDER/dag_load_data_decesional.py', '--cfg-path', '/tmp/tmpgvyeh68o']
[2025-03-14T16:04:07.645+0000] {standard_task_runner.py:105} INFO - Job 180: Subtask generate_sales_commands
[2025-03-14T16:04:07.819+0000] {task_command.py:467} INFO - Running <TaskInstance: dag_load_data_dec_.generate_sales_commands scheduled__2025-03-14T15:01:00+00:00 [running]> on host DESKTOP-IM7V4RI.
[2025-03-14T16:04:08.943+0000] {taskinstance.py:3134} INFO - Exporting env vars: AIRFLOW_CTX_DAG_OWNER='airflow' AIRFLOW_CTX_DAG_ID='dag_load_data_dec_' AIRFLOW_CTX_TASK_ID='generate_sales_commands' AIRFLOW_CTX_EXECUTION_DATE='2025-03-14T15:01:00+00:00' AIRFLOW_CTX_TRY_NUMBER='1' AIRFLOW_CTX_DAG_RUN_ID='scheduled__2025-03-14T15:01:00+00:00'
[2025-03-14T16:04:08.998+0000] {logging_mixin.py:190} INFO - Task instance is in running state
[2025-03-14T16:04:08.998+0000] {logging_mixin.py:190} INFO -  Previous state of the Task instance: queued
[2025-03-14T16:04:08.999+0000] {logging_mixin.py:190} INFO - Current task name:generate_sales_commands state:running start_date:2025-03-14 16:04:07.568358+00:00
[2025-03-14T16:04:08.999+0000] {logging_mixin.py:190} INFO - Dag name:dag_load_data_dec_ and current dag run status:running
[2025-03-14T16:04:09.000+0000] {taskinstance.py:732} INFO - ::endgroup::
[2025-03-14T16:04:09.005+0000] {logging_mixin.py:190} INFO - ++++ Inserting num_sales=4 new records ++++
[2025-03-14T16:04:09.380+0000] {base.py:84} INFO - Retrieving connection 'transactional_db_conn'
[2025-03-14T16:04:09.458+0000] {sql.py:624} INFO - Running statement: INSERT INTO sales (customer_id, product_id, employee_id, quantity, sale_date, discount, total_amount) VALUES (%s, %s, %s, %s, %s, %s, %s), parameters: (452, 29, 2, 4, datetime.datetime(2025, 3, 14, 16, 4, 4, 6278), 0.15, 340.0)
[2025-03-14T16:04:09.589+0000] {sql.py:633} INFO - Rows affected: 1
[2025-03-14T16:04:09.619+0000] {sql.py:624} INFO - Running statement: INSERT INTO sales (customer_id, product_id, employee_id, quantity, sale_date, discount, total_amount) VALUES (%s, %s, %s, %s, %s, %s, %s), parameters: (46, 27, 4, 1, datetime.datetime(2025, 3, 14, 16, 4, 1, 595364), 0.14, 86.0)
[2025-03-14T16:04:09.631+0000] {sql.py:633} INFO - Rows affected: 1
[2025-03-14T16:04:09.671+0000] {sql.py:624} INFO - Running statement: INSERT INTO sales (customer_id, product_id, employee_id, quantity, sale_date, discount, total_amount) VALUES (%s, %s, %s, %s, %s, %s, %s), parameters: (71, 19, 4, 1, datetime.datetime(2025, 3, 14, 16, 4, 1, 653825), 0.19, 81.0)
[2025-03-14T16:04:09.678+0000] {sql.py:633} INFO - Rows affected: 1
[2025-03-14T16:04:09.702+0000] {sql.py:624} INFO - Running statement: INSERT INTO sales (customer_id, product_id, employee_id, quantity, sale_date, discount, total_amount) VALUES (%s, %s, %s, %s, %s, %s, %s), parameters: (96, 26, 3, 5, datetime.datetime(2025, 3, 14, 16, 3, 59, 684857), 0.14, 430.0)
[2025-03-14T16:04:09.707+0000] {sql.py:633} INFO - Rows affected: 1
[2025-03-14T16:04:09.724+0000] {python.py:240} INFO - Done. Returned value was: None
[2025-03-14T16:04:09.799+0000] {taskinstance.py:341} INFO - ::group::Post task execution logs
[2025-03-14T16:04:09.800+0000] {taskinstance.py:353} INFO - Marking task as SUCCESS. dag_id=dag_load_data_dec_, task_id=generate_sales_commands, run_id=scheduled__2025-03-14T15:01:00+00:00, execution_date=20250314T150100, start_date=20250314T160407, end_date=20250314T160409
[2025-03-14T16:04:10.030+0000] {logging_mixin.py:190} INFO - Task instance in success state
[2025-03-14T16:04:10.037+0000] {logging_mixin.py:190} INFO -  Previous state of the Task instance: running
[2025-03-14T16:04:10.038+0000] {logging_mixin.py:190} INFO - Dag name:dag_load_data_dec_ queued_at:2025-03-14 16:03:57.673905+00:00
[2025-03-14T16:04:10.038+0000] {logging_mixin.py:190} INFO - Task hostname:DESKTOP-IM7V4RI. operator:PythonOperator
[2025-03-14T16:04:10.101+0000] {local_task_job_runner.py:266} INFO - Task exited with return code 0
[2025-03-14T16:04:10.155+0000] {taskinstance.py:3901} INFO - 0 downstream tasks scheduled from follow-on schedule check
[2025-03-14T16:04:10.165+0000] {local_task_job_runner.py:245} INFO - ::endgroup::
