[2025-03-28T02:19:40.277+0000] {local_task_job_runner.py:123} INFO - ::group::Pre task execution logs
[2025-03-28T02:19:40.425+0000] {taskinstance.py:2614} INFO - Dependencies all met for dep_context=non-requeueable deps ti=<TaskInstance: load_dbt_clean_reviews_pipeline.dbt_run_transactional scheduled__2024-05-07T00:00:00+00:00 [queued]>
[2025-03-28T02:19:40.489+0000] {taskinstance.py:2614} INFO - Dependencies all met for dep_context=requeueable deps ti=<TaskInstance: load_dbt_clean_reviews_pipeline.dbt_run_transactional scheduled__2024-05-07T00:00:00+00:00 [queued]>
[2025-03-28T02:19:40.490+0000] {taskinstance.py:2867} INFO - Starting attempt 1 of 2
[2025-03-28T02:19:41.536+0000] {taskinstance.py:2890} INFO - Executing <Task(BashOperator): dbt_run_transactional> on 2024-05-07 00:00:00+00:00
[2025-03-28T02:19:41.561+0000] {standard_task_runner.py:72} INFO - Started process 191951 to run task
[2025-03-28T02:19:41.606+0000] {standard_task_runner.py:104} INFO - Running: ['airflow', 'tasks', 'run', 'load_dbt_clean_reviews_pipeline', 'dbt_run_transactional', 'scheduled__2024-05-07T00:00:00+00:00', '--job-id', '2041', '--raw', '--subdir', 'DAGS_FOLDER/dag_load_reviews.py', '--cfg-path', '/tmp/tmpw04imlsq']
[2025-03-28T02:19:41.608+0000] {standard_task_runner.py:105} INFO - Job 2041: Subtask dbt_run_transactional
[2025-03-28T02:19:42.481+0000] {task_command.py:467} INFO - Running <TaskInstance: load_dbt_clean_reviews_pipeline.dbt_run_transactional scheduled__2024-05-07T00:00:00+00:00 [running]> on host DESKTOP-IM7V4RI.
[2025-03-28T02:19:43.832+0000] {taskinstance.py:3134} INFO - Exporting env vars: AIRFLOW_CTX_DAG_OWNER='mohammed' AIRFLOW_CTX_DAG_ID='load_dbt_clean_reviews_pipeline' AIRFLOW_CTX_TASK_ID='dbt_run_transactional' AIRFLOW_CTX_EXECUTION_DATE='2024-05-07T00:00:00+00:00' AIRFLOW_CTX_TRY_NUMBER='1' AIRFLOW_CTX_DAG_RUN_ID='scheduled__2024-05-07T00:00:00+00:00'
[2025-03-28T02:19:43.837+0000] {logging_mixin.py:190} INFO - Task instance is in running state
[2025-03-28T02:19:43.838+0000] {logging_mixin.py:190} INFO -  Previous state of the Task instance: queued
[2025-03-28T02:19:43.839+0000] {logging_mixin.py:190} INFO - Current task name:dbt_run_transactional state:running start_date:2025-03-28 02:19:40.426654+00:00
[2025-03-28T02:19:43.846+0000] {logging_mixin.py:190} INFO - Dag name:load_dbt_clean_reviews_pipeline and current dag run status:running
[2025-03-28T02:19:43.848+0000] {taskinstance.py:732} INFO - ::endgroup::
[2025-03-28T02:19:43.850+0000] {subprocess.py:78} INFO - Tmp dir root location: /tmp
[2025-03-28T02:19:43.853+0000] {subprocess.py:88} INFO - Running command: ['/usr/bin/bash', '-c', 'cd /home/mohammed/.dbt/dbt_projects/bank_reviews_transactional && dbt run']
[2025-03-28T02:19:44.008+0000] {subprocess.py:99} INFO - Output:
[2025-03-28T02:20:05.814+0000] {subprocess.py:106} INFO - [0m02:20:05  Running with dbt=1.9.3
[2025-03-28T02:20:09.761+0000] {subprocess.py:106} INFO - [0m02:20:09  Registered adapter: postgres=1.9.0
[2025-03-28T02:20:12.631+0000] {subprocess.py:106} INFO - [0m02:20:12  [[33mWARNING[0m]: Configuration paths exist in your dbt_project.yml file which do not apply to any resources.
[2025-03-28T02:20:12.637+0000] {subprocess.py:106} INFO - There are 1 unused configuration paths:
[2025-03-28T02:20:12.661+0000] {subprocess.py:106} INFO - - models.bank_reviews_transactional.transactional
[2025-03-28T02:20:14.749+0000] {subprocess.py:106} INFO - [0m02:20:14  Found 1 model, 1 source, 433 macros
[2025-03-28T02:20:14.760+0000] {subprocess.py:106} INFO - [0m02:20:14
[2025-03-28T02:20:14.765+0000] {subprocess.py:106} INFO - [0m02:20:14  Concurrency: 4 threads (target='dev')
[2025-03-28T02:20:14.767+0000] {subprocess.py:106} INFO - [0m02:20:14
[2025-03-28T02:20:15.978+0000] {subprocess.py:106} INFO - [0m02:20:15  1 of 1 START sql table model transactional.clean_reviews ....................... [RUN]
[2025-03-28T02:20:18.596+0000] {subprocess.py:106} INFO - [0m02:20:18  1 of 1 OK created sql table model transactional.clean_reviews .................. [[32mSELECT 153[0m in 2.61s]
[2025-03-28T02:20:18.733+0000] {subprocess.py:106} INFO - [0m02:20:18
[2025-03-28T02:20:18.748+0000] {subprocess.py:106} INFO - [0m02:20:18  Finished running 1 table model in 0 hours 0 minutes and 3.96 seconds (3.96s).
[2025-03-28T02:20:18.994+0000] {subprocess.py:106} INFO - [0m02:20:18
[2025-03-28T02:20:19.010+0000] {subprocess.py:106} INFO - [0m02:20:19  [32mCompleted successfully[0m
[2025-03-28T02:20:19.014+0000] {subprocess.py:106} INFO - [0m02:20:19
[2025-03-28T02:20:19.016+0000] {subprocess.py:106} INFO - [0m02:20:19  Done. PASS=1 WARN=0 ERROR=0 SKIP=0 TOTAL=1
[2025-03-28T02:20:21.453+0000] {subprocess.py:110} INFO - Command exited with return code 0
[2025-03-28T02:20:22.345+0000] {taskinstance.py:341} INFO - ::group::Post task execution logs
[2025-03-28T02:20:22.360+0000] {taskinstance.py:353} INFO - Marking task as SUCCESS. dag_id=load_dbt_clean_reviews_pipeline, task_id=dbt_run_transactional, run_id=scheduled__2024-05-07T00:00:00+00:00, execution_date=20240507T000000, start_date=20250328T021940, end_date=20250328T022022
[2025-03-28T02:20:23.407+0000] {logging_mixin.py:190} INFO - Task instance in success state
[2025-03-28T02:20:23.408+0000] {logging_mixin.py:190} INFO -  Previous state of the Task instance: running
[2025-03-28T02:20:23.409+0000] {logging_mixin.py:190} INFO - Dag name:load_dbt_clean_reviews_pipeline queued_at:2025-03-28 02:19:33.415339+00:00
[2025-03-28T02:20:23.410+0000] {logging_mixin.py:190} INFO - Task hostname:DESKTOP-IM7V4RI. operator:BashOperator
[2025-03-28T02:20:23.546+0000] {local_task_job_runner.py:266} INFO - Task exited with return code 0
[2025-03-28T02:20:23.719+0000] {taskinstance.py:3901} INFO - 0 downstream tasks scheduled from follow-on schedule check
[2025-03-28T02:20:23.730+0000] {local_task_job_runner.py:245} INFO - ::endgroup::
