[2025-02-17T17:07:56.821+0100] {processor.py:186} INFO - Started process (PID=2448) to work on /mnt/c/Users/hp/venv/lib/python3.11/site-packages/airflow/example_dags/example_python_operator.py
[2025-02-17T17:07:56.826+0100] {processor.py:914} INFO - Processing file /mnt/c/Users/hp/venv/lib/python3.11/site-packages/airflow/example_dags/example_python_operator.py for tasks to queue
[2025-02-17T17:07:56.835+0100] {logging_mixin.py:190} INFO - [2025-02-17T17:07:56.833+0100] {dagbag.py:588} INFO - Filling up the DagBag from /mnt/c/Users/hp/venv/lib/python3.11/site-packages/airflow/example_dags/example_python_operator.py
[2025-02-17T17:07:57.053+0100] {logging_mixin.py:190} INFO - [2025-02-17T17:07:57.049+0100] {example_python_operator.py:93} WARNING - The virtalenv_python example task requires virtualenv, please install it.
[2025-02-17T17:07:57.288+0100] {processor.py:925} INFO - DAG(s) 'example_python_operator' retrieved from /mnt/c/Users/hp/venv/lib/python3.11/site-packages/airflow/example_dags/example_python_operator.py
[2025-02-17T17:08:02.261+0100] {logging_mixin.py:190} INFO - [2025-02-17T17:08:02.259+0100] {dag.py:3239} INFO - Sync 1 DAGs
[2025-02-17T17:08:02.289+0100] {logging_mixin.py:190} INFO - [2025-02-17T17:08:02.287+0100] {dag.py:4180} INFO - Setting next_dagrun for example_python_operator to None, run_after=None
[2025-02-17T17:08:02.338+0100] {processor.py:208} INFO - Processing /mnt/c/Users/hp/venv/lib/python3.11/site-packages/airflow/example_dags/example_python_operator.py took 5.547 seconds
[2025-02-17T17:11:12.743+0100] {processor.py:186} INFO - Started process (PID=2525) to work on /mnt/c/Users/hp/venv/lib/python3.11/site-packages/airflow/example_dags/example_python_operator.py
[2025-02-17T17:11:12.755+0100] {processor.py:914} INFO - Processing file /mnt/c/Users/hp/venv/lib/python3.11/site-packages/airflow/example_dags/example_python_operator.py for tasks to queue
[2025-02-17T17:11:12.772+0100] {logging_mixin.py:190} INFO - [2025-02-17T17:11:12.766+0100] {dagbag.py:588} INFO - Filling up the DagBag from /mnt/c/Users/hp/venv/lib/python3.11/site-packages/airflow/example_dags/example_python_operator.py
[2025-02-17T17:11:13.098+0100] {logging_mixin.py:190} INFO - [2025-02-17T17:11:13.095+0100] {example_python_operator.py:93} WARNING - The virtalenv_python example task requires virtualenv, please install it.
[2025-02-17T17:11:13.242+0100] {processor.py:925} INFO - DAG(s) 'example_python_operator' retrieved from /mnt/c/Users/hp/venv/lib/python3.11/site-packages/airflow/example_dags/example_python_operator.py
[2025-02-17T17:11:13.281+0100] {logging_mixin.py:190} INFO - [2025-02-17T17:11:13.277+0100] {dag.py:3239} INFO - Sync 1 DAGs
[2025-02-17T17:11:13.308+0100] {logging_mixin.py:190} INFO - [2025-02-17T17:11:13.305+0100] {dag.py:4180} INFO - Setting next_dagrun for example_python_operator to None, run_after=None
[2025-02-17T17:11:13.364+0100] {processor.py:208} INFO - Processing /mnt/c/Users/hp/venv/lib/python3.11/site-packages/airflow/example_dags/example_python_operator.py took 0.693 seconds
[2025-02-17T17:12:30.499+0100] {processor.py:186} INFO - Started process (PID=2584) to work on /mnt/c/Users/hp/venv/lib/python3.11/site-packages/airflow/example_dags/example_python_operator.py
[2025-02-17T17:12:30.509+0100] {processor.py:914} INFO - Processing file /mnt/c/Users/hp/venv/lib/python3.11/site-packages/airflow/example_dags/example_python_operator.py for tasks to queue
[2025-02-17T17:12:30.526+0100] {logging_mixin.py:190} INFO - [2025-02-17T17:12:30.520+0100] {dagbag.py:588} INFO - Filling up the DagBag from /mnt/c/Users/hp/venv/lib/python3.11/site-packages/airflow/example_dags/example_python_operator.py
[2025-02-17T17:12:30.722+0100] {logging_mixin.py:190} INFO - [2025-02-17T17:12:30.719+0100] {example_python_operator.py:93} WARNING - The virtalenv_python example task requires virtualenv, please install it.
[2025-02-17T17:12:30.849+0100] {processor.py:925} INFO - DAG(s) 'example_python_operator' retrieved from /mnt/c/Users/hp/venv/lib/python3.11/site-packages/airflow/example_dags/example_python_operator.py
[2025-02-17T17:12:30.918+0100] {logging_mixin.py:190} INFO - [2025-02-17T17:12:30.915+0100] {dag.py:3239} INFO - Sync 1 DAGs
[2025-02-17T17:12:30.976+0100] {logging_mixin.py:190} INFO - [2025-02-17T17:12:30.973+0100] {dag.py:4180} INFO - Setting next_dagrun for example_python_operator to None, run_after=None
[2025-02-17T17:12:31.046+0100] {processor.py:208} INFO - Processing /mnt/c/Users/hp/venv/lib/python3.11/site-packages/airflow/example_dags/example_python_operator.py took 0.616 seconds
[2025-02-17T17:14:37.826+0100] {processor.py:186} INFO - Started process (PID=2666) to work on /mnt/c/Users/hp/venv/lib/python3.11/site-packages/airflow/example_dags/example_python_operator.py
[2025-02-17T17:14:37.835+0100] {processor.py:914} INFO - Processing file /mnt/c/Users/hp/venv/lib/python3.11/site-packages/airflow/example_dags/example_python_operator.py for tasks to queue
[2025-02-17T17:14:37.845+0100] {logging_mixin.py:190} INFO - [2025-02-17T17:14:37.842+0100] {dagbag.py:588} INFO - Filling up the DagBag from /mnt/c/Users/hp/venv/lib/python3.11/site-packages/airflow/example_dags/example_python_operator.py
[2025-02-17T17:14:38.063+0100] {logging_mixin.py:190} INFO - [2025-02-17T17:14:38.060+0100] {example_python_operator.py:93} WARNING - The virtalenv_python example task requires virtualenv, please install it.
[2025-02-17T17:14:38.189+0100] {processor.py:925} INFO - DAG(s) 'example_python_operator' retrieved from /mnt/c/Users/hp/venv/lib/python3.11/site-packages/airflow/example_dags/example_python_operator.py
[2025-02-17T17:14:38.226+0100] {logging_mixin.py:190} INFO - [2025-02-17T17:14:38.224+0100] {dag.py:3239} INFO - Sync 1 DAGs
[2025-02-17T17:14:38.257+0100] {logging_mixin.py:190} INFO - [2025-02-17T17:14:38.254+0100] {dag.py:4180} INFO - Setting next_dagrun for example_python_operator to None, run_after=None
[2025-02-17T17:14:38.317+0100] {processor.py:208} INFO - Processing /mnt/c/Users/hp/venv/lib/python3.11/site-packages/airflow/example_dags/example_python_operator.py took 0.527 seconds
[2025-02-17T17:16:39.772+0100] {processor.py:186} INFO - Started process (PID=2746) to work on /mnt/c/Users/hp/venv/lib/python3.11/site-packages/airflow/example_dags/example_python_operator.py
[2025-02-17T17:16:39.780+0100] {processor.py:914} INFO - Processing file /mnt/c/Users/hp/venv/lib/python3.11/site-packages/airflow/example_dags/example_python_operator.py for tasks to queue
[2025-02-17T17:16:39.789+0100] {logging_mixin.py:190} INFO - [2025-02-17T17:16:39.786+0100] {dagbag.py:588} INFO - Filling up the DagBag from /mnt/c/Users/hp/venv/lib/python3.11/site-packages/airflow/example_dags/example_python_operator.py
[2025-02-17T17:16:39.939+0100] {logging_mixin.py:190} INFO - [2025-02-17T17:16:39.937+0100] {example_python_operator.py:93} WARNING - The virtalenv_python example task requires virtualenv, please install it.
[2025-02-17T17:16:40.043+0100] {processor.py:925} INFO - DAG(s) 'example_python_operator' retrieved from /mnt/c/Users/hp/venv/lib/python3.11/site-packages/airflow/example_dags/example_python_operator.py
[2025-02-17T17:16:40.090+0100] {logging_mixin.py:190} INFO - [2025-02-17T17:16:40.087+0100] {dag.py:3239} INFO - Sync 1 DAGs
[2025-02-17T17:16:40.122+0100] {logging_mixin.py:190} INFO - [2025-02-17T17:16:40.120+0100] {dag.py:4180} INFO - Setting next_dagrun for example_python_operator to None, run_after=None
[2025-02-17T17:16:40.170+0100] {processor.py:208} INFO - Processing /mnt/c/Users/hp/venv/lib/python3.11/site-packages/airflow/example_dags/example_python_operator.py took 0.424 seconds
[2025-02-17T17:18:17.120+0100] {processor.py:186} INFO - Started process (PID=2821) to work on /mnt/c/Users/hp/venv/lib/python3.11/site-packages/airflow/example_dags/example_python_operator.py
[2025-02-17T17:18:17.128+0100] {processor.py:914} INFO - Processing file /mnt/c/Users/hp/venv/lib/python3.11/site-packages/airflow/example_dags/example_python_operator.py for tasks to queue
[2025-02-17T17:18:17.137+0100] {logging_mixin.py:190} INFO - [2025-02-17T17:18:17.134+0100] {dagbag.py:588} INFO - Filling up the DagBag from /mnt/c/Users/hp/venv/lib/python3.11/site-packages/airflow/example_dags/example_python_operator.py
[2025-02-17T17:18:17.290+0100] {logging_mixin.py:190} INFO - [2025-02-17T17:18:17.287+0100] {example_python_operator.py:93} WARNING - The virtalenv_python example task requires virtualenv, please install it.
[2025-02-17T17:18:17.403+0100] {processor.py:925} INFO - DAG(s) 'example_python_operator' retrieved from /mnt/c/Users/hp/venv/lib/python3.11/site-packages/airflow/example_dags/example_python_operator.py
[2025-02-17T17:18:17.447+0100] {logging_mixin.py:190} INFO - [2025-02-17T17:18:17.444+0100] {dag.py:3239} INFO - Sync 1 DAGs
[2025-02-17T17:18:17.475+0100] {logging_mixin.py:190} INFO - [2025-02-17T17:18:17.472+0100] {dag.py:4180} INFO - Setting next_dagrun for example_python_operator to None, run_after=None
[2025-02-17T17:18:17.518+0100] {processor.py:208} INFO - Processing /mnt/c/Users/hp/venv/lib/python3.11/site-packages/airflow/example_dags/example_python_operator.py took 0.424 seconds
[2025-02-17T17:19:52.147+0100] {processor.py:186} INFO - Started process (PID=2896) to work on /mnt/c/Users/hp/venv/lib/python3.11/site-packages/airflow/example_dags/example_python_operator.py
[2025-02-17T17:19:52.151+0100] {processor.py:914} INFO - Processing file /mnt/c/Users/hp/venv/lib/python3.11/site-packages/airflow/example_dags/example_python_operator.py for tasks to queue
[2025-02-17T17:19:52.159+0100] {logging_mixin.py:190} INFO - [2025-02-17T17:19:52.156+0100] {dagbag.py:588} INFO - Filling up the DagBag from /mnt/c/Users/hp/venv/lib/python3.11/site-packages/airflow/example_dags/example_python_operator.py
[2025-02-17T17:19:52.298+0100] {logging_mixin.py:190} INFO - [2025-02-17T17:19:52.296+0100] {example_python_operator.py:93} WARNING - The virtalenv_python example task requires virtualenv, please install it.
[2025-02-17T17:19:52.399+0100] {processor.py:925} INFO - DAG(s) 'example_python_operator' retrieved from /mnt/c/Users/hp/venv/lib/python3.11/site-packages/airflow/example_dags/example_python_operator.py
[2025-02-17T17:19:52.439+0100] {logging_mixin.py:190} INFO - [2025-02-17T17:19:52.437+0100] {dag.py:3239} INFO - Sync 1 DAGs
[2025-02-17T17:19:52.474+0100] {logging_mixin.py:190} INFO - [2025-02-17T17:19:52.470+0100] {dag.py:4180} INFO - Setting next_dagrun for example_python_operator to None, run_after=None
[2025-02-17T17:19:52.532+0100] {processor.py:208} INFO - Processing /mnt/c/Users/hp/venv/lib/python3.11/site-packages/airflow/example_dags/example_python_operator.py took 0.414 seconds
[2025-02-17T17:21:33.104+0100] {processor.py:186} INFO - Started process (PID=2972) to work on /mnt/c/Users/hp/venv/lib/python3.11/site-packages/airflow/example_dags/example_python_operator.py
[2025-02-17T17:21:33.110+0100] {processor.py:914} INFO - Processing file /mnt/c/Users/hp/venv/lib/python3.11/site-packages/airflow/example_dags/example_python_operator.py for tasks to queue
[2025-02-17T17:21:33.121+0100] {logging_mixin.py:190} INFO - [2025-02-17T17:21:33.118+0100] {dagbag.py:588} INFO - Filling up the DagBag from /mnt/c/Users/hp/venv/lib/python3.11/site-packages/airflow/example_dags/example_python_operator.py
[2025-02-17T17:21:33.339+0100] {logging_mixin.py:190} INFO - [2025-02-17T17:21:33.336+0100] {example_python_operator.py:93} WARNING - The virtalenv_python example task requires virtualenv, please install it.
[2025-02-17T17:21:33.503+0100] {processor.py:925} INFO - DAG(s) 'example_python_operator' retrieved from /mnt/c/Users/hp/venv/lib/python3.11/site-packages/airflow/example_dags/example_python_operator.py
[2025-02-17T17:21:33.559+0100] {logging_mixin.py:190} INFO - [2025-02-17T17:21:33.556+0100] {dag.py:3239} INFO - Sync 1 DAGs
[2025-02-17T17:21:33.597+0100] {logging_mixin.py:190} INFO - [2025-02-17T17:21:33.594+0100] {dag.py:4180} INFO - Setting next_dagrun for example_python_operator to None, run_after=None
[2025-02-17T17:21:33.661+0100] {processor.py:208} INFO - Processing /mnt/c/Users/hp/venv/lib/python3.11/site-packages/airflow/example_dags/example_python_operator.py took 0.597 seconds
[2025-02-17T17:35:52.575+0100] {processor.py:186} INFO - Started process (PID=468) to work on /mnt/c/Users/hp/venv/lib/python3.11/site-packages/airflow/example_dags/example_python_operator.py
[2025-02-17T17:35:52.583+0100] {processor.py:914} INFO - Processing file /mnt/c/Users/hp/venv/lib/python3.11/site-packages/airflow/example_dags/example_python_operator.py for tasks to queue
[2025-02-17T17:35:52.599+0100] {logging_mixin.py:190} INFO - [2025-02-17T17:35:52.594+0100] {dagbag.py:588} INFO - Filling up the DagBag from /mnt/c/Users/hp/venv/lib/python3.11/site-packages/airflow/example_dags/example_python_operator.py
[2025-02-17T17:35:52.937+0100] {logging_mixin.py:190} INFO - [2025-02-17T17:35:52.933+0100] {example_python_operator.py:93} WARNING - The virtalenv_python example task requires virtualenv, please install it.
[2025-02-17T17:35:53.197+0100] {processor.py:925} INFO - DAG(s) 'example_python_operator' retrieved from /mnt/c/Users/hp/venv/lib/python3.11/site-packages/airflow/example_dags/example_python_operator.py
[2025-02-17T17:35:53.342+0100] {logging_mixin.py:190} INFO - [2025-02-17T17:35:53.337+0100] {dag.py:3239} INFO - Sync 1 DAGs
[2025-02-17T17:35:53.404+0100] {logging_mixin.py:190} INFO - [2025-02-17T17:35:53.401+0100] {dag.py:4180} INFO - Setting next_dagrun for example_python_operator to None, run_after=None
[2025-02-17T17:35:53.473+0100] {processor.py:208} INFO - Processing /mnt/c/Users/hp/venv/lib/python3.11/site-packages/airflow/example_dags/example_python_operator.py took 0.953 seconds
[2025-02-17T17:37:49.490+0100] {processor.py:186} INFO - Started process (PID=550) to work on /mnt/c/Users/hp/venv/lib/python3.11/site-packages/airflow/example_dags/example_python_operator.py
[2025-02-17T17:37:49.502+0100] {processor.py:914} INFO - Processing file /mnt/c/Users/hp/venv/lib/python3.11/site-packages/airflow/example_dags/example_python_operator.py for tasks to queue
[2025-02-17T17:37:49.521+0100] {logging_mixin.py:190} INFO - [2025-02-17T17:37:49.515+0100] {dagbag.py:588} INFO - Filling up the DagBag from /mnt/c/Users/hp/venv/lib/python3.11/site-packages/airflow/example_dags/example_python_operator.py
[2025-02-17T17:37:49.872+0100] {logging_mixin.py:190} INFO - [2025-02-17T17:37:49.868+0100] {example_python_operator.py:93} WARNING - The virtalenv_python example task requires virtualenv, please install it.
[2025-02-17T17:37:49.991+0100] {processor.py:925} INFO - DAG(s) 'example_python_operator' retrieved from /mnt/c/Users/hp/venv/lib/python3.11/site-packages/airflow/example_dags/example_python_operator.py
[2025-02-17T17:37:50.042+0100] {logging_mixin.py:190} INFO - [2025-02-17T17:37:50.040+0100] {dag.py:3239} INFO - Sync 1 DAGs
[2025-02-17T17:37:50.077+0100] {logging_mixin.py:190} INFO - [2025-02-17T17:37:50.075+0100] {dag.py:4180} INFO - Setting next_dagrun for example_python_operator to None, run_after=None
[2025-02-17T17:37:50.142+0100] {processor.py:208} INFO - Processing /mnt/c/Users/hp/venv/lib/python3.11/site-packages/airflow/example_dags/example_python_operator.py took 0.716 seconds
[2025-02-17T17:39:25.966+0100] {processor.py:186} INFO - Started process (PID=626) to work on /mnt/c/Users/hp/venv/lib/python3.11/site-packages/airflow/example_dags/example_python_operator.py
[2025-02-17T17:39:25.976+0100] {processor.py:914} INFO - Processing file /mnt/c/Users/hp/venv/lib/python3.11/site-packages/airflow/example_dags/example_python_operator.py for tasks to queue
[2025-02-17T17:39:25.998+0100] {logging_mixin.py:190} INFO - [2025-02-17T17:39:25.991+0100] {dagbag.py:588} INFO - Filling up the DagBag from /mnt/c/Users/hp/venv/lib/python3.11/site-packages/airflow/example_dags/example_python_operator.py
[2025-02-17T17:39:26.182+0100] {logging_mixin.py:190} INFO - [2025-02-17T17:39:26.178+0100] {example_python_operator.py:93} WARNING - The virtalenv_python example task requires virtualenv, please install it.
[2025-02-17T17:39:26.342+0100] {processor.py:925} INFO - DAG(s) 'example_python_operator' retrieved from /mnt/c/Users/hp/venv/lib/python3.11/site-packages/airflow/example_dags/example_python_operator.py
[2025-02-17T17:39:26.405+0100] {logging_mixin.py:190} INFO - [2025-02-17T17:39:26.403+0100] {dag.py:3239} INFO - Sync 1 DAGs
[2025-02-17T17:39:26.454+0100] {logging_mixin.py:190} INFO - [2025-02-17T17:39:26.452+0100] {dag.py:4180} INFO - Setting next_dagrun for example_python_operator to None, run_after=None
[2025-02-17T17:39:26.525+0100] {processor.py:208} INFO - Processing /mnt/c/Users/hp/venv/lib/python3.11/site-packages/airflow/example_dags/example_python_operator.py took 0.630 seconds
[2025-02-17T17:40:55.338+0100] {processor.py:186} INFO - Started process (PID=690) to work on /mnt/c/Users/hp/venv/lib/python3.11/site-packages/airflow/example_dags/example_python_operator.py
[2025-02-17T17:40:55.347+0100] {processor.py:914} INFO - Processing file /mnt/c/Users/hp/venv/lib/python3.11/site-packages/airflow/example_dags/example_python_operator.py for tasks to queue
[2025-02-17T17:40:55.355+0100] {logging_mixin.py:190} INFO - [2025-02-17T17:40:55.353+0100] {dagbag.py:588} INFO - Filling up the DagBag from /mnt/c/Users/hp/venv/lib/python3.11/site-packages/airflow/example_dags/example_python_operator.py
[2025-02-17T17:40:55.576+0100] {logging_mixin.py:190} INFO - [2025-02-17T17:40:55.572+0100] {example_python_operator.py:93} WARNING - The virtalenv_python example task requires virtualenv, please install it.
[2025-02-17T17:40:55.822+0100] {processor.py:925} INFO - DAG(s) 'example_python_operator' retrieved from /mnt/c/Users/hp/venv/lib/python3.11/site-packages/airflow/example_dags/example_python_operator.py
[2025-02-17T17:40:55.989+0100] {logging_mixin.py:190} INFO - [2025-02-17T17:40:55.978+0100] {dag.py:3239} INFO - Sync 1 DAGs
[2025-02-17T17:40:56.135+0100] {logging_mixin.py:190} INFO - [2025-02-17T17:40:56.129+0100] {dag.py:4180} INFO - Setting next_dagrun for example_python_operator to None, run_after=None
[2025-02-17T17:40:56.305+0100] {processor.py:208} INFO - Processing /mnt/c/Users/hp/venv/lib/python3.11/site-packages/airflow/example_dags/example_python_operator.py took 1.003 seconds
