[2025-02-17T17:06:35.157+0100] {processor.py:186} INFO - Started process (PID=2426) to work on /mnt/c/Users/hp/venv/lib/python3.11/site-packages/airflow/example_dags/example_trigger_controller_dag.py
[2025-02-17T17:06:35.161+0100] {processor.py:914} INFO - Processing file /mnt/c/Users/hp/venv/lib/python3.11/site-packages/airflow/example_dags/example_trigger_controller_dag.py for tasks to queue
[2025-02-17T17:06:35.169+0100] {logging_mixin.py:190} INFO - [2025-02-17T17:06:35.166+0100] {dagbag.py:588} INFO - Filling up the DagBag from /mnt/c/Users/hp/venv/lib/python3.11/site-packages/airflow/example_dags/example_trigger_controller_dag.py
[2025-02-17T17:06:35.444+0100] {processor.py:925} INFO - DAG(s) 'example_trigger_controller_dag' retrieved from /mnt/c/Users/hp/venv/lib/python3.11/site-packages/airflow/example_dags/example_trigger_controller_dag.py
[2025-02-17T17:06:40.588+0100] {logging_mixin.py:190} INFO - [2025-02-17T17:06:40.585+0100] {dag.py:3239} INFO - Sync 1 DAGs
[2025-02-17T17:06:40.633+0100] {logging_mixin.py:190} INFO - [2025-02-17T17:06:40.630+0100] {dag.py:4180} INFO - Setting next_dagrun for example_trigger_controller_dag to 2021-01-01 00:00:00+00:00, run_after=2021-01-01 00:00:00+00:00
[2025-02-17T17:06:40.694+0100] {processor.py:208} INFO - Processing /mnt/c/Users/hp/venv/lib/python3.11/site-packages/airflow/example_dags/example_trigger_controller_dag.py took 5.572 seconds
[2025-02-17T17:10:53.963+0100] {processor.py:186} INFO - Started process (PID=2510) to work on /mnt/c/Users/hp/venv/lib/python3.11/site-packages/airflow/example_dags/example_trigger_controller_dag.py
[2025-02-17T17:10:53.970+0100] {processor.py:914} INFO - Processing file /mnt/c/Users/hp/venv/lib/python3.11/site-packages/airflow/example_dags/example_trigger_controller_dag.py for tasks to queue
[2025-02-17T17:10:53.979+0100] {logging_mixin.py:190} INFO - [2025-02-17T17:10:53.977+0100] {dagbag.py:588} INFO - Filling up the DagBag from /mnt/c/Users/hp/venv/lib/python3.11/site-packages/airflow/example_dags/example_trigger_controller_dag.py
[2025-02-17T17:10:54.235+0100] {processor.py:925} INFO - DAG(s) 'example_trigger_controller_dag' retrieved from /mnt/c/Users/hp/venv/lib/python3.11/site-packages/airflow/example_dags/example_trigger_controller_dag.py
[2025-02-17T17:10:54.314+0100] {logging_mixin.py:190} INFO - [2025-02-17T17:10:54.310+0100] {dag.py:3239} INFO - Sync 1 DAGs
[2025-02-17T17:10:54.380+0100] {logging_mixin.py:190} INFO - [2025-02-17T17:10:54.376+0100] {dag.py:4180} INFO - Setting next_dagrun for example_trigger_controller_dag to 2021-01-01 00:00:00+00:00, run_after=2021-01-01 00:00:00+00:00
[2025-02-17T17:10:54.448+0100] {processor.py:208} INFO - Processing /mnt/c/Users/hp/venv/lib/python3.11/site-packages/airflow/example_dags/example_trigger_controller_dag.py took 0.520 seconds
[2025-02-17T17:12:10.181+0100] {processor.py:186} INFO - Started process (PID=2567) to work on /mnt/c/Users/hp/venv/lib/python3.11/site-packages/airflow/example_dags/example_trigger_controller_dag.py
[2025-02-17T17:12:10.189+0100] {processor.py:914} INFO - Processing file /mnt/c/Users/hp/venv/lib/python3.11/site-packages/airflow/example_dags/example_trigger_controller_dag.py for tasks to queue
[2025-02-17T17:12:10.199+0100] {logging_mixin.py:190} INFO - [2025-02-17T17:12:10.196+0100] {dagbag.py:588} INFO - Filling up the DagBag from /mnt/c/Users/hp/venv/lib/python3.11/site-packages/airflow/example_dags/example_trigger_controller_dag.py
[2025-02-17T17:12:10.473+0100] {processor.py:925} INFO - DAG(s) 'example_trigger_controller_dag' retrieved from /mnt/c/Users/hp/venv/lib/python3.11/site-packages/airflow/example_dags/example_trigger_controller_dag.py
[2025-02-17T17:12:10.562+0100] {logging_mixin.py:190} INFO - [2025-02-17T17:12:10.559+0100] {dag.py:3239} INFO - Sync 1 DAGs
[2025-02-17T17:12:10.629+0100] {logging_mixin.py:190} INFO - [2025-02-17T17:12:10.626+0100] {dag.py:4180} INFO - Setting next_dagrun for example_trigger_controller_dag to 2021-01-01 00:00:00+00:00, run_after=2021-01-01 00:00:00+00:00
[2025-02-17T17:12:10.699+0100] {processor.py:208} INFO - Processing /mnt/c/Users/hp/venv/lib/python3.11/site-packages/airflow/example_dags/example_trigger_controller_dag.py took 0.568 seconds
[2025-02-17T17:13:14.571+0100] {processor.py:186} INFO - Started process (PID=2614) to work on /mnt/c/Users/hp/venv/lib/python3.11/site-packages/airflow/example_dags/example_trigger_controller_dag.py
[2025-02-17T17:13:14.577+0100] {processor.py:914} INFO - Processing file /mnt/c/Users/hp/venv/lib/python3.11/site-packages/airflow/example_dags/example_trigger_controller_dag.py for tasks to queue
[2025-02-17T17:13:14.595+0100] {logging_mixin.py:190} INFO - [2025-02-17T17:13:14.591+0100] {dagbag.py:588} INFO - Filling up the DagBag from /mnt/c/Users/hp/venv/lib/python3.11/site-packages/airflow/example_dags/example_trigger_controller_dag.py
[2025-02-17T17:13:14.827+0100] {processor.py:925} INFO - DAG(s) 'example_trigger_controller_dag' retrieved from /mnt/c/Users/hp/venv/lib/python3.11/site-packages/airflow/example_dags/example_trigger_controller_dag.py
[2025-02-17T17:13:14.876+0100] {logging_mixin.py:190} INFO - [2025-02-17T17:13:14.874+0100] {dag.py:3239} INFO - Sync 1 DAGs
[2025-02-17T17:13:14.925+0100] {logging_mixin.py:190} INFO - [2025-02-17T17:13:14.922+0100] {dag.py:4180} INFO - Setting next_dagrun for example_trigger_controller_dag to 2021-01-01 00:00:00+00:00, run_after=2021-01-01 00:00:00+00:00
[2025-02-17T17:13:14.990+0100] {processor.py:208} INFO - Processing /mnt/c/Users/hp/venv/lib/python3.11/site-packages/airflow/example_dags/example_trigger_controller_dag.py took 0.468 seconds
[2025-02-17T17:14:18.657+0100] {processor.py:186} INFO - Started process (PID=2653) to work on /mnt/c/Users/hp/venv/lib/python3.11/site-packages/airflow/example_dags/example_trigger_controller_dag.py
[2025-02-17T17:14:18.666+0100] {processor.py:914} INFO - Processing file /mnt/c/Users/hp/venv/lib/python3.11/site-packages/airflow/example_dags/example_trigger_controller_dag.py for tasks to queue
[2025-02-17T17:14:18.678+0100] {logging_mixin.py:190} INFO - [2025-02-17T17:14:18.674+0100] {dagbag.py:588} INFO - Filling up the DagBag from /mnt/c/Users/hp/venv/lib/python3.11/site-packages/airflow/example_dags/example_trigger_controller_dag.py
[2025-02-17T17:14:18.918+0100] {processor.py:925} INFO - DAG(s) 'example_trigger_controller_dag' retrieved from /mnt/c/Users/hp/venv/lib/python3.11/site-packages/airflow/example_dags/example_trigger_controller_dag.py
[2025-02-17T17:14:18.966+0100] {logging_mixin.py:190} INFO - [2025-02-17T17:14:18.962+0100] {dag.py:3239} INFO - Sync 1 DAGs
[2025-02-17T17:14:19.014+0100] {logging_mixin.py:190} INFO - [2025-02-17T17:14:19.011+0100] {dag.py:4180} INFO - Setting next_dagrun for example_trigger_controller_dag to 2021-01-01 00:00:00+00:00, run_after=2021-01-01 00:00:00+00:00
[2025-02-17T17:14:19.077+0100] {processor.py:208} INFO - Processing /mnt/c/Users/hp/venv/lib/python3.11/site-packages/airflow/example_dags/example_trigger_controller_dag.py took 0.455 seconds
[2025-02-17T17:15:18.685+0100] {processor.py:186} INFO - Started process (PID=2696) to work on /mnt/c/Users/hp/venv/lib/python3.11/site-packages/airflow/example_dags/example_trigger_controller_dag.py
[2025-02-17T17:15:18.698+0100] {processor.py:914} INFO - Processing file /mnt/c/Users/hp/venv/lib/python3.11/site-packages/airflow/example_dags/example_trigger_controller_dag.py for tasks to queue
[2025-02-17T17:15:18.721+0100] {logging_mixin.py:190} INFO - [2025-02-17T17:15:18.714+0100] {dagbag.py:588} INFO - Filling up the DagBag from /mnt/c/Users/hp/venv/lib/python3.11/site-packages/airflow/example_dags/example_trigger_controller_dag.py
[2025-02-17T17:15:19.177+0100] {processor.py:925} INFO - DAG(s) 'example_trigger_controller_dag' retrieved from /mnt/c/Users/hp/venv/lib/python3.11/site-packages/airflow/example_dags/example_trigger_controller_dag.py
[2025-02-17T17:15:19.227+0100] {logging_mixin.py:190} INFO - [2025-02-17T17:15:19.224+0100] {dag.py:3239} INFO - Sync 1 DAGs
[2025-02-17T17:15:19.272+0100] {logging_mixin.py:190} INFO - [2025-02-17T17:15:19.269+0100] {dag.py:4180} INFO - Setting next_dagrun for example_trigger_controller_dag to 2021-01-01 00:00:00+00:00, run_after=2021-01-01 00:00:00+00:00
[2025-02-17T17:15:19.336+0100] {processor.py:208} INFO - Processing /mnt/c/Users/hp/venv/lib/python3.11/site-packages/airflow/example_dags/example_trigger_controller_dag.py took 0.731 seconds
[2025-02-17T17:16:22.810+0100] {processor.py:186} INFO - Started process (PID=2733) to work on /mnt/c/Users/hp/venv/lib/python3.11/site-packages/airflow/example_dags/example_trigger_controller_dag.py
[2025-02-17T17:16:22.818+0100] {processor.py:914} INFO - Processing file /mnt/c/Users/hp/venv/lib/python3.11/site-packages/airflow/example_dags/example_trigger_controller_dag.py for tasks to queue
[2025-02-17T17:16:22.827+0100] {logging_mixin.py:190} INFO - [2025-02-17T17:16:22.824+0100] {dagbag.py:588} INFO - Filling up the DagBag from /mnt/c/Users/hp/venv/lib/python3.11/site-packages/airflow/example_dags/example_trigger_controller_dag.py
[2025-02-17T17:16:23.018+0100] {processor.py:925} INFO - DAG(s) 'example_trigger_controller_dag' retrieved from /mnt/c/Users/hp/venv/lib/python3.11/site-packages/airflow/example_dags/example_trigger_controller_dag.py
[2025-02-17T17:16:23.078+0100] {logging_mixin.py:190} INFO - [2025-02-17T17:16:23.075+0100] {dag.py:3239} INFO - Sync 1 DAGs
[2025-02-17T17:16:23.152+0100] {logging_mixin.py:190} INFO - [2025-02-17T17:16:23.149+0100] {dag.py:4180} INFO - Setting next_dagrun for example_trigger_controller_dag to 2021-01-01 00:00:00+00:00, run_after=2021-01-01 00:00:00+00:00
[2025-02-17T17:16:23.207+0100] {processor.py:208} INFO - Processing /mnt/c/Users/hp/venv/lib/python3.11/site-packages/airflow/example_dags/example_trigger_controller_dag.py took 0.422 seconds
[2025-02-17T17:17:23.149+0100] {processor.py:186} INFO - Started process (PID=2781) to work on /mnt/c/Users/hp/venv/lib/python3.11/site-packages/airflow/example_dags/example_trigger_controller_dag.py
[2025-02-17T17:17:23.153+0100] {processor.py:914} INFO - Processing file /mnt/c/Users/hp/venv/lib/python3.11/site-packages/airflow/example_dags/example_trigger_controller_dag.py for tasks to queue
[2025-02-17T17:17:23.161+0100] {logging_mixin.py:190} INFO - [2025-02-17T17:17:23.158+0100] {dagbag.py:588} INFO - Filling up the DagBag from /mnt/c/Users/hp/venv/lib/python3.11/site-packages/airflow/example_dags/example_trigger_controller_dag.py
[2025-02-17T17:17:23.346+0100] {processor.py:925} INFO - DAG(s) 'example_trigger_controller_dag' retrieved from /mnt/c/Users/hp/venv/lib/python3.11/site-packages/airflow/example_dags/example_trigger_controller_dag.py
[2025-02-17T17:17:23.388+0100] {logging_mixin.py:190} INFO - [2025-02-17T17:17:23.386+0100] {dag.py:3239} INFO - Sync 1 DAGs
[2025-02-17T17:17:23.432+0100] {logging_mixin.py:190} INFO - [2025-02-17T17:17:23.430+0100] {dag.py:4180} INFO - Setting next_dagrun for example_trigger_controller_dag to 2021-01-01 00:00:00+00:00, run_after=2021-01-01 00:00:00+00:00
[2025-02-17T17:17:23.482+0100] {processor.py:208} INFO - Processing /mnt/c/Users/hp/venv/lib/python3.11/site-packages/airflow/example_dags/example_trigger_controller_dag.py took 0.361 seconds
[2025-02-17T17:18:56.741+0100] {processor.py:186} INFO - Started process (PID=2853) to work on /mnt/c/Users/hp/venv/lib/python3.11/site-packages/airflow/example_dags/example_trigger_controller_dag.py
[2025-02-17T17:18:56.749+0100] {processor.py:914} INFO - Processing file /mnt/c/Users/hp/venv/lib/python3.11/site-packages/airflow/example_dags/example_trigger_controller_dag.py for tasks to queue
[2025-02-17T17:18:56.758+0100] {logging_mixin.py:190} INFO - [2025-02-17T17:18:56.755+0100] {dagbag.py:588} INFO - Filling up the DagBag from /mnt/c/Users/hp/venv/lib/python3.11/site-packages/airflow/example_dags/example_trigger_controller_dag.py
[2025-02-17T17:18:56.922+0100] {processor.py:925} INFO - DAG(s) 'example_trigger_controller_dag' retrieved from /mnt/c/Users/hp/venv/lib/python3.11/site-packages/airflow/example_dags/example_trigger_controller_dag.py
[2025-02-17T17:18:56.963+0100] {logging_mixin.py:190} INFO - [2025-02-17T17:18:56.961+0100] {dag.py:3239} INFO - Sync 1 DAGs
[2025-02-17T17:18:57.002+0100] {logging_mixin.py:190} INFO - [2025-02-17T17:18:57.000+0100] {dag.py:4180} INFO - Setting next_dagrun for example_trigger_controller_dag to 2021-01-01 00:00:00+00:00, run_after=2021-01-01 00:00:00+00:00
[2025-02-17T17:18:57.055+0100] {processor.py:208} INFO - Processing /mnt/c/Users/hp/venv/lib/python3.11/site-packages/airflow/example_dags/example_trigger_controller_dag.py took 0.343 seconds
[2025-02-17T17:20:28.983+0100] {processor.py:186} INFO - Started process (PID=2926) to work on /mnt/c/Users/hp/venv/lib/python3.11/site-packages/airflow/example_dags/example_trigger_controller_dag.py
[2025-02-17T17:20:28.990+0100] {processor.py:914} INFO - Processing file /mnt/c/Users/hp/venv/lib/python3.11/site-packages/airflow/example_dags/example_trigger_controller_dag.py for tasks to queue
[2025-02-17T17:20:28.997+0100] {logging_mixin.py:190} INFO - [2025-02-17T17:20:28.995+0100] {dagbag.py:588} INFO - Filling up the DagBag from /mnt/c/Users/hp/venv/lib/python3.11/site-packages/airflow/example_dags/example_trigger_controller_dag.py
[2025-02-17T17:20:29.156+0100] {processor.py:925} INFO - DAG(s) 'example_trigger_controller_dag' retrieved from /mnt/c/Users/hp/venv/lib/python3.11/site-packages/airflow/example_dags/example_trigger_controller_dag.py
[2025-02-17T17:20:29.195+0100] {logging_mixin.py:190} INFO - [2025-02-17T17:20:29.192+0100] {dag.py:3239} INFO - Sync 1 DAGs
[2025-02-17T17:20:29.233+0100] {logging_mixin.py:190} INFO - [2025-02-17T17:20:29.230+0100] {dag.py:4180} INFO - Setting next_dagrun for example_trigger_controller_dag to 2021-01-01 00:00:00+00:00, run_after=2021-01-01 00:00:00+00:00
[2025-02-17T17:20:29.272+0100] {processor.py:208} INFO - Processing /mnt/c/Users/hp/venv/lib/python3.11/site-packages/airflow/example_dags/example_trigger_controller_dag.py took 0.316 seconds
[2025-02-17T17:21:20.606+0100] {processor.py:186} INFO - Started process (PID=2964) to work on /mnt/c/Users/hp/venv/lib/python3.11/site-packages/airflow/example_dags/example_trigger_controller_dag.py
[2025-02-17T17:21:20.630+0100] {processor.py:914} INFO - Processing file /mnt/c/Users/hp/venv/lib/python3.11/site-packages/airflow/example_dags/example_trigger_controller_dag.py for tasks to queue
[2025-02-17T17:21:20.647+0100] {logging_mixin.py:190} INFO - [2025-02-17T17:21:20.643+0100] {dagbag.py:588} INFO - Filling up the DagBag from /mnt/c/Users/hp/venv/lib/python3.11/site-packages/airflow/example_dags/example_trigger_controller_dag.py
[2025-02-17T17:21:20.994+0100] {processor.py:925} INFO - DAG(s) 'example_trigger_controller_dag' retrieved from /mnt/c/Users/hp/venv/lib/python3.11/site-packages/airflow/example_dags/example_trigger_controller_dag.py
[2025-02-17T17:21:21.053+0100] {logging_mixin.py:190} INFO - [2025-02-17T17:21:21.050+0100] {dag.py:3239} INFO - Sync 1 DAGs
[2025-02-17T17:21:21.135+0100] {logging_mixin.py:190} INFO - [2025-02-17T17:21:21.130+0100] {dag.py:4180} INFO - Setting next_dagrun for example_trigger_controller_dag to 2021-01-01 00:00:00+00:00, run_after=2021-01-01 00:00:00+00:00
[2025-02-17T17:21:21.224+0100] {processor.py:208} INFO - Processing /mnt/c/Users/hp/venv/lib/python3.11/site-packages/airflow/example_dags/example_trigger_controller_dag.py took 0.656 seconds
[2025-02-17T17:22:14.193+0100] {processor.py:186} INFO - Started process (PID=3004) to work on /mnt/c/Users/hp/venv/lib/python3.11/site-packages/airflow/example_dags/example_trigger_controller_dag.py
[2025-02-17T17:22:14.196+0100] {processor.py:914} INFO - Processing file /mnt/c/Users/hp/venv/lib/python3.11/site-packages/airflow/example_dags/example_trigger_controller_dag.py for tasks to queue
[2025-02-17T17:22:14.203+0100] {logging_mixin.py:190} INFO - [2025-02-17T17:22:14.201+0100] {dagbag.py:588} INFO - Filling up the DagBag from /mnt/c/Users/hp/venv/lib/python3.11/site-packages/airflow/example_dags/example_trigger_controller_dag.py
[2025-02-17T17:22:14.340+0100] {processor.py:925} INFO - DAG(s) 'example_trigger_controller_dag' retrieved from /mnt/c/Users/hp/venv/lib/python3.11/site-packages/airflow/example_dags/example_trigger_controller_dag.py
[2025-02-17T17:22:14.372+0100] {logging_mixin.py:190} INFO - [2025-02-17T17:22:14.370+0100] {dag.py:3239} INFO - Sync 1 DAGs
[2025-02-17T17:22:14.404+0100] {logging_mixin.py:190} INFO - [2025-02-17T17:22:14.402+0100] {dag.py:4180} INFO - Setting next_dagrun for example_trigger_controller_dag to 2021-01-01 00:00:00+00:00, run_after=2021-01-01 00:00:00+00:00
[2025-02-17T17:22:14.443+0100] {processor.py:208} INFO - Processing /mnt/c/Users/hp/venv/lib/python3.11/site-packages/airflow/example_dags/example_trigger_controller_dag.py took 0.274 seconds
[2025-02-17T17:35:29.689+0100] {processor.py:186} INFO - Started process (PID=455) to work on /mnt/c/Users/hp/venv/lib/python3.11/site-packages/airflow/example_dags/example_trigger_controller_dag.py
[2025-02-17T17:35:29.699+0100] {processor.py:914} INFO - Processing file /mnt/c/Users/hp/venv/lib/python3.11/site-packages/airflow/example_dags/example_trigger_controller_dag.py for tasks to queue
[2025-02-17T17:35:29.714+0100] {logging_mixin.py:190} INFO - [2025-02-17T17:35:29.709+0100] {dagbag.py:588} INFO - Filling up the DagBag from /mnt/c/Users/hp/venv/lib/python3.11/site-packages/airflow/example_dags/example_trigger_controller_dag.py
[2025-02-17T17:35:30.089+0100] {processor.py:925} INFO - DAG(s) 'example_trigger_controller_dag' retrieved from /mnt/c/Users/hp/venv/lib/python3.11/site-packages/airflow/example_dags/example_trigger_controller_dag.py
[2025-02-17T17:35:30.211+0100] {logging_mixin.py:190} INFO - [2025-02-17T17:35:30.206+0100] {dag.py:3239} INFO - Sync 1 DAGs
[2025-02-17T17:35:30.285+0100] {logging_mixin.py:190} INFO - [2025-02-17T17:35:30.280+0100] {dag.py:4180} INFO - Setting next_dagrun for example_trigger_controller_dag to 2021-01-01 00:00:00+00:00, run_after=2021-01-01 00:00:00+00:00
[2025-02-17T17:35:30.371+0100] {processor.py:208} INFO - Processing /mnt/c/Users/hp/venv/lib/python3.11/site-packages/airflow/example_dags/example_trigger_controller_dag.py took 0.738 seconds
[2025-02-17T17:37:26.350+0100] {processor.py:186} INFO - Started process (PID=533) to work on /mnt/c/Users/hp/venv/lib/python3.11/site-packages/airflow/example_dags/example_trigger_controller_dag.py
[2025-02-17T17:37:26.363+0100] {processor.py:914} INFO - Processing file /mnt/c/Users/hp/venv/lib/python3.11/site-packages/airflow/example_dags/example_trigger_controller_dag.py for tasks to queue
[2025-02-17T17:37:26.380+0100] {logging_mixin.py:190} INFO - [2025-02-17T17:37:26.375+0100] {dagbag.py:588} INFO - Filling up the DagBag from /mnt/c/Users/hp/venv/lib/python3.11/site-packages/airflow/example_dags/example_trigger_controller_dag.py
[2025-02-17T17:37:26.762+0100] {processor.py:925} INFO - DAG(s) 'example_trigger_controller_dag' retrieved from /mnt/c/Users/hp/venv/lib/python3.11/site-packages/airflow/example_dags/example_trigger_controller_dag.py
[2025-02-17T17:37:26.841+0100] {logging_mixin.py:190} INFO - [2025-02-17T17:37:26.836+0100] {dag.py:3239} INFO - Sync 1 DAGs
[2025-02-17T17:37:26.915+0100] {logging_mixin.py:190} INFO - [2025-02-17T17:37:26.910+0100] {dag.py:4180} INFO - Setting next_dagrun for example_trigger_controller_dag to 2021-01-01 00:00:00+00:00, run_after=2021-01-01 00:00:00+00:00
[2025-02-17T17:37:27.000+0100] {processor.py:208} INFO - Processing /mnt/c/Users/hp/venv/lib/python3.11/site-packages/airflow/example_dags/example_trigger_controller_dag.py took 0.713 seconds
[2025-02-17T17:39:02.243+0100] {processor.py:186} INFO - Started process (PID=611) to work on /mnt/c/Users/hp/venv/lib/python3.11/site-packages/airflow/example_dags/example_trigger_controller_dag.py
[2025-02-17T17:39:02.254+0100] {processor.py:914} INFO - Processing file /mnt/c/Users/hp/venv/lib/python3.11/site-packages/airflow/example_dags/example_trigger_controller_dag.py for tasks to queue
[2025-02-17T17:39:02.271+0100] {logging_mixin.py:190} INFO - [2025-02-17T17:39:02.266+0100] {dagbag.py:588} INFO - Filling up the DagBag from /mnt/c/Users/hp/venv/lib/python3.11/site-packages/airflow/example_dags/example_trigger_controller_dag.py
[2025-02-17T17:39:02.623+0100] {processor.py:925} INFO - DAG(s) 'example_trigger_controller_dag' retrieved from /mnt/c/Users/hp/venv/lib/python3.11/site-packages/airflow/example_dags/example_trigger_controller_dag.py
[2025-02-17T17:39:02.699+0100] {logging_mixin.py:190} INFO - [2025-02-17T17:39:02.694+0100] {dag.py:3239} INFO - Sync 1 DAGs
[2025-02-17T17:39:02.786+0100] {logging_mixin.py:190} INFO - [2025-02-17T17:39:02.782+0100] {dag.py:4180} INFO - Setting next_dagrun for example_trigger_controller_dag to 2021-01-01 00:00:00+00:00, run_after=2021-01-01 00:00:00+00:00
[2025-02-17T17:39:02.881+0100] {processor.py:208} INFO - Processing /mnt/c/Users/hp/venv/lib/python3.11/site-packages/airflow/example_dags/example_trigger_controller_dag.py took 0.696 seconds
[2025-02-17T17:40:33.890+0100] {processor.py:186} INFO - Started process (PID=671) to work on /mnt/c/Users/hp/venv/lib/python3.11/site-packages/airflow/example_dags/example_trigger_controller_dag.py
[2025-02-17T17:40:33.895+0100] {processor.py:914} INFO - Processing file /mnt/c/Users/hp/venv/lib/python3.11/site-packages/airflow/example_dags/example_trigger_controller_dag.py for tasks to queue
[2025-02-17T17:40:33.907+0100] {logging_mixin.py:190} INFO - [2025-02-17T17:40:33.904+0100] {dagbag.py:588} INFO - Filling up the DagBag from /mnt/c/Users/hp/venv/lib/python3.11/site-packages/airflow/example_dags/example_trigger_controller_dag.py
[2025-02-17T17:40:34.114+0100] {processor.py:925} INFO - DAG(s) 'example_trigger_controller_dag' retrieved from /mnt/c/Users/hp/venv/lib/python3.11/site-packages/airflow/example_dags/example_trigger_controller_dag.py
[2025-02-17T17:40:34.162+0100] {logging_mixin.py:190} INFO - [2025-02-17T17:40:34.159+0100] {dag.py:3239} INFO - Sync 1 DAGs
[2025-02-17T17:40:34.222+0100] {logging_mixin.py:190} INFO - [2025-02-17T17:40:34.219+0100] {dag.py:4180} INFO - Setting next_dagrun for example_trigger_controller_dag to 2021-01-01 00:00:00+00:00, run_after=2021-01-01 00:00:00+00:00
[2025-02-17T17:40:34.286+0100] {processor.py:208} INFO - Processing /mnt/c/Users/hp/venv/lib/python3.11/site-packages/airflow/example_dags/example_trigger_controller_dag.py took 0.445 seconds
