[2025-02-17T17:09:08.564+0100] {processor.py:186} INFO - Started process (PID=2479) to work on /mnt/c/Users/hp/venv/lib/python3.11/site-packages/airflow/example_dags/example_dynamic_task_mapping_with_no_taskflow_operators.py
[2025-02-17T17:09:08.572+0100] {processor.py:914} INFO - Processing file /mnt/c/Users/hp/venv/lib/python3.11/site-packages/airflow/example_dags/example_dynamic_task_mapping_with_no_taskflow_operators.py for tasks to queue
[2025-02-17T17:09:08.589+0100] {logging_mixin.py:190} INFO - [2025-02-17T17:09:08.586+0100] {dagbag.py:588} INFO - Filling up the DagBag from /mnt/c/Users/hp/venv/lib/python3.11/site-packages/airflow/example_dags/example_dynamic_task_mapping_with_no_taskflow_operators.py
[2025-02-17T17:09:08.758+0100] {processor.py:925} INFO - DAG(s) 'example_dynamic_task_mapping_with_no_taskflow_operators' retrieved from /mnt/c/Users/hp/venv/lib/python3.11/site-packages/airflow/example_dags/example_dynamic_task_mapping_with_no_taskflow_operators.py
[2025-02-17T17:09:14.070+0100] {logging_mixin.py:190} INFO - [2025-02-17T17:09:14.067+0100] {dag.py:3239} INFO - Sync 1 DAGs
[2025-02-17T17:09:14.104+0100] {logging_mixin.py:190} INFO - [2025-02-17T17:09:14.101+0100] {dag.py:4180} INFO - Setting next_dagrun for example_dynamic_task_mapping_with_no_taskflow_operators to None, run_after=None
[2025-02-17T17:09:14.167+0100] {processor.py:208} INFO - Processing /mnt/c/Users/hp/venv/lib/python3.11/site-packages/airflow/example_dags/example_dynamic_task_mapping_with_no_taskflow_operators.py took 5.688 seconds
[2025-02-17T17:11:31.934+0100] {processor.py:186} INFO - Started process (PID=2539) to work on /mnt/c/Users/hp/venv/lib/python3.11/site-packages/airflow/example_dags/example_dynamic_task_mapping_with_no_taskflow_operators.py
[2025-02-17T17:11:31.943+0100] {processor.py:914} INFO - Processing file /mnt/c/Users/hp/venv/lib/python3.11/site-packages/airflow/example_dags/example_dynamic_task_mapping_with_no_taskflow_operators.py for tasks to queue
[2025-02-17T17:11:31.954+0100] {logging_mixin.py:190} INFO - [2025-02-17T17:11:31.950+0100] {dagbag.py:588} INFO - Filling up the DagBag from /mnt/c/Users/hp/venv/lib/python3.11/site-packages/airflow/example_dags/example_dynamic_task_mapping_with_no_taskflow_operators.py
[2025-02-17T17:11:32.212+0100] {processor.py:925} INFO - DAG(s) 'example_dynamic_task_mapping_with_no_taskflow_operators' retrieved from /mnt/c/Users/hp/venv/lib/python3.11/site-packages/airflow/example_dags/example_dynamic_task_mapping_with_no_taskflow_operators.py
[2025-02-17T17:11:32.263+0100] {logging_mixin.py:190} INFO - [2025-02-17T17:11:32.260+0100] {dag.py:3239} INFO - Sync 1 DAGs
[2025-02-17T17:11:32.303+0100] {logging_mixin.py:190} INFO - [2025-02-17T17:11:32.300+0100] {dag.py:4180} INFO - Setting next_dagrun for example_dynamic_task_mapping_with_no_taskflow_operators to None, run_after=None
[2025-02-17T17:11:32.364+0100] {processor.py:208} INFO - Processing /mnt/c/Users/hp/venv/lib/python3.11/site-packages/airflow/example_dags/example_dynamic_task_mapping_with_no_taskflow_operators.py took 0.469 seconds
[2025-02-17T17:13:38.942+0100] {processor.py:186} INFO - Started process (PID=2629) to work on /mnt/c/Users/hp/venv/lib/python3.11/site-packages/airflow/example_dags/example_dynamic_task_mapping_with_no_taskflow_operators.py
[2025-02-17T17:13:38.948+0100] {processor.py:914} INFO - Processing file /mnt/c/Users/hp/venv/lib/python3.11/site-packages/airflow/example_dags/example_dynamic_task_mapping_with_no_taskflow_operators.py for tasks to queue
[2025-02-17T17:13:38.960+0100] {logging_mixin.py:190} INFO - [2025-02-17T17:13:38.957+0100] {dagbag.py:588} INFO - Filling up the DagBag from /mnt/c/Users/hp/venv/lib/python3.11/site-packages/airflow/example_dags/example_dynamic_task_mapping_with_no_taskflow_operators.py
[2025-02-17T17:13:39.177+0100] {processor.py:925} INFO - DAG(s) 'example_dynamic_task_mapping_with_no_taskflow_operators' retrieved from /mnt/c/Users/hp/venv/lib/python3.11/site-packages/airflow/example_dags/example_dynamic_task_mapping_with_no_taskflow_operators.py
[2025-02-17T17:13:39.213+0100] {logging_mixin.py:190} INFO - [2025-02-17T17:13:39.209+0100] {dag.py:3239} INFO - Sync 1 DAGs
[2025-02-17T17:13:39.243+0100] {logging_mixin.py:190} INFO - [2025-02-17T17:13:39.239+0100] {dag.py:4180} INFO - Setting next_dagrun for example_dynamic_task_mapping_with_no_taskflow_operators to None, run_after=None
[2025-02-17T17:13:39.321+0100] {processor.py:208} INFO - Processing /mnt/c/Users/hp/venv/lib/python3.11/site-packages/airflow/example_dags/example_dynamic_task_mapping_with_no_taskflow_operators.py took 0.424 seconds
[2025-02-17T17:15:43.980+0100] {processor.py:186} INFO - Started process (PID=2710) to work on /mnt/c/Users/hp/venv/lib/python3.11/site-packages/airflow/example_dags/example_dynamic_task_mapping_with_no_taskflow_operators.py
[2025-02-17T17:15:43.993+0100] {processor.py:914} INFO - Processing file /mnt/c/Users/hp/venv/lib/python3.11/site-packages/airflow/example_dags/example_dynamic_task_mapping_with_no_taskflow_operators.py for tasks to queue
[2025-02-17T17:15:44.010+0100] {logging_mixin.py:190} INFO - [2025-02-17T17:15:44.004+0100] {dagbag.py:588} INFO - Filling up the DagBag from /mnt/c/Users/hp/venv/lib/python3.11/site-packages/airflow/example_dags/example_dynamic_task_mapping_with_no_taskflow_operators.py
[2025-02-17T17:15:44.339+0100] {processor.py:925} INFO - DAG(s) 'example_dynamic_task_mapping_with_no_taskflow_operators' retrieved from /mnt/c/Users/hp/venv/lib/python3.11/site-packages/airflow/example_dags/example_dynamic_task_mapping_with_no_taskflow_operators.py
[2025-02-17T17:15:44.399+0100] {logging_mixin.py:190} INFO - [2025-02-17T17:15:44.396+0100] {dag.py:3239} INFO - Sync 1 DAGs
[2025-02-17T17:15:44.424+0100] {logging_mixin.py:190} INFO - [2025-02-17T17:15:44.421+0100] {dag.py:4180} INFO - Setting next_dagrun for example_dynamic_task_mapping_with_no_taskflow_operators to None, run_after=None
[2025-02-17T17:15:44.473+0100] {processor.py:208} INFO - Processing /mnt/c/Users/hp/venv/lib/python3.11/site-packages/airflow/example_dags/example_dynamic_task_mapping_with_no_taskflow_operators.py took 0.539 seconds
[2025-02-17T17:17:38.172+0100] {processor.py:186} INFO - Started process (PID=2792) to work on /mnt/c/Users/hp/venv/lib/python3.11/site-packages/airflow/example_dags/example_dynamic_task_mapping_with_no_taskflow_operators.py
[2025-02-17T17:17:38.178+0100] {processor.py:914} INFO - Processing file /mnt/c/Users/hp/venv/lib/python3.11/site-packages/airflow/example_dags/example_dynamic_task_mapping_with_no_taskflow_operators.py for tasks to queue
[2025-02-17T17:17:38.191+0100] {logging_mixin.py:190} INFO - [2025-02-17T17:17:38.187+0100] {dagbag.py:588} INFO - Filling up the DagBag from /mnt/c/Users/hp/venv/lib/python3.11/site-packages/airflow/example_dags/example_dynamic_task_mapping_with_no_taskflow_operators.py
[2025-02-17T17:17:38.418+0100] {processor.py:925} INFO - DAG(s) 'example_dynamic_task_mapping_with_no_taskflow_operators' retrieved from /mnt/c/Users/hp/venv/lib/python3.11/site-packages/airflow/example_dags/example_dynamic_task_mapping_with_no_taskflow_operators.py
[2025-02-17T17:17:38.465+0100] {logging_mixin.py:190} INFO - [2025-02-17T17:17:38.463+0100] {dag.py:3239} INFO - Sync 1 DAGs
[2025-02-17T17:17:38.500+0100] {logging_mixin.py:190} INFO - [2025-02-17T17:17:38.497+0100] {dag.py:4180} INFO - Setting next_dagrun for example_dynamic_task_mapping_with_no_taskflow_operators to None, run_after=None
[2025-02-17T17:17:38.551+0100] {processor.py:208} INFO - Processing /mnt/c/Users/hp/venv/lib/python3.11/site-packages/airflow/example_dags/example_dynamic_task_mapping_with_no_taskflow_operators.py took 0.418 seconds
[2025-02-17T17:19:14.384+0100] {processor.py:186} INFO - Started process (PID=2867) to work on /mnt/c/Users/hp/venv/lib/python3.11/site-packages/airflow/example_dags/example_dynamic_task_mapping_with_no_taskflow_operators.py
[2025-02-17T17:19:14.392+0100] {processor.py:914} INFO - Processing file /mnt/c/Users/hp/venv/lib/python3.11/site-packages/airflow/example_dags/example_dynamic_task_mapping_with_no_taskflow_operators.py for tasks to queue
[2025-02-17T17:19:14.402+0100] {logging_mixin.py:190} INFO - [2025-02-17T17:19:14.400+0100] {dagbag.py:588} INFO - Filling up the DagBag from /mnt/c/Users/hp/venv/lib/python3.11/site-packages/airflow/example_dags/example_dynamic_task_mapping_with_no_taskflow_operators.py
[2025-02-17T17:19:14.576+0100] {processor.py:925} INFO - DAG(s) 'example_dynamic_task_mapping_with_no_taskflow_operators' retrieved from /mnt/c/Users/hp/venv/lib/python3.11/site-packages/airflow/example_dags/example_dynamic_task_mapping_with_no_taskflow_operators.py
[2025-02-17T17:19:14.623+0100] {logging_mixin.py:190} INFO - [2025-02-17T17:19:14.621+0100] {dag.py:3239} INFO - Sync 1 DAGs
[2025-02-17T17:19:14.650+0100] {logging_mixin.py:190} INFO - [2025-02-17T17:19:14.648+0100] {dag.py:4180} INFO - Setting next_dagrun for example_dynamic_task_mapping_with_no_taskflow_operators to None, run_after=None
[2025-02-17T17:19:14.702+0100] {processor.py:208} INFO - Processing /mnt/c/Users/hp/venv/lib/python3.11/site-packages/airflow/example_dags/example_dynamic_task_mapping_with_no_taskflow_operators.py took 0.350 seconds
[2025-02-17T17:20:46.773+0100] {processor.py:186} INFO - Started process (PID=2939) to work on /mnt/c/Users/hp/venv/lib/python3.11/site-packages/airflow/example_dags/example_dynamic_task_mapping_with_no_taskflow_operators.py
[2025-02-17T17:20:46.780+0100] {processor.py:914} INFO - Processing file /mnt/c/Users/hp/venv/lib/python3.11/site-packages/airflow/example_dags/example_dynamic_task_mapping_with_no_taskflow_operators.py for tasks to queue
[2025-02-17T17:20:46.788+0100] {logging_mixin.py:190} INFO - [2025-02-17T17:20:46.786+0100] {dagbag.py:588} INFO - Filling up the DagBag from /mnt/c/Users/hp/venv/lib/python3.11/site-packages/airflow/example_dags/example_dynamic_task_mapping_with_no_taskflow_operators.py
[2025-02-17T17:20:46.954+0100] {processor.py:925} INFO - DAG(s) 'example_dynamic_task_mapping_with_no_taskflow_operators' retrieved from /mnt/c/Users/hp/venv/lib/python3.11/site-packages/airflow/example_dags/example_dynamic_task_mapping_with_no_taskflow_operators.py
[2025-02-17T17:20:46.987+0100] {logging_mixin.py:190} INFO - [2025-02-17T17:20:46.984+0100] {dag.py:3239} INFO - Sync 1 DAGs
[2025-02-17T17:20:47.008+0100] {logging_mixin.py:190} INFO - [2025-02-17T17:20:47.006+0100] {dag.py:4180} INFO - Setting next_dagrun for example_dynamic_task_mapping_with_no_taskflow_operators to None, run_after=None
[2025-02-17T17:20:47.058+0100] {processor.py:208} INFO - Processing /mnt/c/Users/hp/venv/lib/python3.11/site-packages/airflow/example_dags/example_dynamic_task_mapping_with_no_taskflow_operators.py took 0.312 seconds
[2025-02-17T17:36:16.012+0100] {processor.py:186} INFO - Started process (PID=490) to work on /mnt/c/Users/hp/venv/lib/python3.11/site-packages/airflow/example_dags/example_dynamic_task_mapping_with_no_taskflow_operators.py
[2025-02-17T17:36:16.016+0100] {processor.py:914} INFO - Processing file /mnt/c/Users/hp/venv/lib/python3.11/site-packages/airflow/example_dags/example_dynamic_task_mapping_with_no_taskflow_operators.py for tasks to queue
[2025-02-17T17:36:16.024+0100] {logging_mixin.py:190} INFO - [2025-02-17T17:36:16.022+0100] {dagbag.py:588} INFO - Filling up the DagBag from /mnt/c/Users/hp/venv/lib/python3.11/site-packages/airflow/example_dags/example_dynamic_task_mapping_with_no_taskflow_operators.py
[2025-02-17T17:36:16.244+0100] {processor.py:925} INFO - DAG(s) 'example_dynamic_task_mapping_with_no_taskflow_operators' retrieved from /mnt/c/Users/hp/venv/lib/python3.11/site-packages/airflow/example_dags/example_dynamic_task_mapping_with_no_taskflow_operators.py
[2025-02-17T17:36:16.295+0100] {logging_mixin.py:190} INFO - [2025-02-17T17:36:16.292+0100] {dag.py:3239} INFO - Sync 1 DAGs
[2025-02-17T17:36:16.334+0100] {logging_mixin.py:190} INFO - [2025-02-17T17:36:16.331+0100] {dag.py:4180} INFO - Setting next_dagrun for example_dynamic_task_mapping_with_no_taskflow_operators to None, run_after=None
[2025-02-17T17:36:16.400+0100] {processor.py:208} INFO - Processing /mnt/c/Users/hp/venv/lib/python3.11/site-packages/airflow/example_dags/example_dynamic_task_mapping_with_no_taskflow_operators.py took 0.412 seconds
[2025-02-17T17:38:13.333+0100] {processor.py:186} INFO - Started process (PID=577) to work on /mnt/c/Users/hp/venv/lib/python3.11/site-packages/airflow/example_dags/example_dynamic_task_mapping_with_no_taskflow_operators.py
[2025-02-17T17:38:13.345+0100] {processor.py:914} INFO - Processing file /mnt/c/Users/hp/venv/lib/python3.11/site-packages/airflow/example_dags/example_dynamic_task_mapping_with_no_taskflow_operators.py for tasks to queue
[2025-02-17T17:38:13.364+0100] {logging_mixin.py:190} INFO - [2025-02-17T17:38:13.359+0100] {dagbag.py:588} INFO - Filling up the DagBag from /mnt/c/Users/hp/venv/lib/python3.11/site-packages/airflow/example_dags/example_dynamic_task_mapping_with_no_taskflow_operators.py
[2025-02-17T17:38:13.787+0100] {processor.py:925} INFO - DAG(s) 'example_dynamic_task_mapping_with_no_taskflow_operators' retrieved from /mnt/c/Users/hp/venv/lib/python3.11/site-packages/airflow/example_dags/example_dynamic_task_mapping_with_no_taskflow_operators.py
[2025-02-17T17:38:13.869+0100] {logging_mixin.py:190} INFO - [2025-02-17T17:38:13.864+0100] {dag.py:3239} INFO - Sync 1 DAGs
[2025-02-17T17:38:13.925+0100] {logging_mixin.py:190} INFO - [2025-02-17T17:38:13.920+0100] {dag.py:4180} INFO - Setting next_dagrun for example_dynamic_task_mapping_with_no_taskflow_operators to None, run_after=None
[2025-02-17T17:38:14.025+0100] {processor.py:208} INFO - Processing /mnt/c/Users/hp/venv/lib/python3.11/site-packages/airflow/example_dags/example_dynamic_task_mapping_with_no_taskflow_operators.py took 0.754 seconds
