[2025-02-17T17:10:22.830+0100] {processor.py:186} INFO - Started process (PID=2494) to work on /mnt/c/Users/hp/venv/lib/python3.11/site-packages/airflow/example_dags/example_bash_decorator.py
[2025-02-17T17:10:22.837+0100] {processor.py:914} INFO - Processing file /mnt/c/Users/hp/venv/lib/python3.11/site-packages/airflow/example_dags/example_bash_decorator.py for tasks to queue
[2025-02-17T17:10:22.854+0100] {logging_mixin.py:190} INFO - [2025-02-17T17:10:22.849+0100] {dagbag.py:588} INFO - Filling up the DagBag from /mnt/c/Users/hp/venv/lib/python3.11/site-packages/airflow/example_dags/example_bash_decorator.py
[2025-02-17T17:10:23.208+0100] {processor.py:925} INFO - DAG(s) 'example_bash_decorator' retrieved from /mnt/c/Users/hp/venv/lib/python3.11/site-packages/airflow/example_dags/example_bash_decorator.py
[2025-02-17T17:10:27.071+0100] {logging_mixin.py:190} INFO - [2025-02-17T17:10:27.068+0100] {dag.py:3239} INFO - Sync 1 DAGs
[2025-02-17T17:10:27.097+0100] {logging_mixin.py:190} INFO - [2025-02-17T17:10:27.094+0100] {dag.py:4180} INFO - Setting next_dagrun for example_bash_decorator to None, run_after=None
[2025-02-17T17:10:27.157+0100] {processor.py:208} INFO - Processing /mnt/c/Users/hp/venv/lib/python3.11/site-packages/airflow/example_dags/example_bash_decorator.py took 4.374 seconds
[2025-02-17T17:12:47.488+0100] {processor.py:186} INFO - Started process (PID=2597) to work on /mnt/c/Users/hp/venv/lib/python3.11/site-packages/airflow/example_dags/example_bash_decorator.py
[2025-02-17T17:12:47.495+0100] {processor.py:914} INFO - Processing file /mnt/c/Users/hp/venv/lib/python3.11/site-packages/airflow/example_dags/example_bash_decorator.py for tasks to queue
[2025-02-17T17:12:47.505+0100] {logging_mixin.py:190} INFO - [2025-02-17T17:12:47.502+0100] {dagbag.py:588} INFO - Filling up the DagBag from /mnt/c/Users/hp/venv/lib/python3.11/site-packages/airflow/example_dags/example_bash_decorator.py
[2025-02-17T17:12:47.793+0100] {processor.py:925} INFO - DAG(s) 'example_bash_decorator' retrieved from /mnt/c/Users/hp/venv/lib/python3.11/site-packages/airflow/example_dags/example_bash_decorator.py
[2025-02-17T17:12:47.861+0100] {logging_mixin.py:190} INFO - [2025-02-17T17:12:47.857+0100] {dag.py:3239} INFO - Sync 1 DAGs
[2025-02-17T17:12:47.903+0100] {logging_mixin.py:190} INFO - [2025-02-17T17:12:47.899+0100] {dag.py:4180} INFO - Setting next_dagrun for example_bash_decorator to None, run_after=None
[2025-02-17T17:12:47.970+0100] {processor.py:208} INFO - Processing /mnt/c/Users/hp/venv/lib/python3.11/site-packages/airflow/example_dags/example_bash_decorator.py took 0.509 seconds
[2025-02-17T17:14:57.035+0100] {processor.py:186} INFO - Started process (PID=2678) to work on /mnt/c/Users/hp/venv/lib/python3.11/site-packages/airflow/example_dags/example_bash_decorator.py
[2025-02-17T17:14:57.044+0100] {processor.py:914} INFO - Processing file /mnt/c/Users/hp/venv/lib/python3.11/site-packages/airflow/example_dags/example_bash_decorator.py for tasks to queue
[2025-02-17T17:14:57.053+0100] {logging_mixin.py:190} INFO - [2025-02-17T17:14:57.050+0100] {dagbag.py:588} INFO - Filling up the DagBag from /mnt/c/Users/hp/venv/lib/python3.11/site-packages/airflow/example_dags/example_bash_decorator.py
[2025-02-17T17:14:57.378+0100] {processor.py:925} INFO - DAG(s) 'example_bash_decorator' retrieved from /mnt/c/Users/hp/venv/lib/python3.11/site-packages/airflow/example_dags/example_bash_decorator.py
[2025-02-17T17:14:57.466+0100] {logging_mixin.py:190} INFO - [2025-02-17T17:14:57.463+0100] {dag.py:3239} INFO - Sync 1 DAGs
[2025-02-17T17:14:57.505+0100] {logging_mixin.py:190} INFO - [2025-02-17T17:14:57.501+0100] {dag.py:4180} INFO - Setting next_dagrun for example_bash_decorator to None, run_after=None
[2025-02-17T17:14:57.582+0100] {processor.py:208} INFO - Processing /mnt/c/Users/hp/venv/lib/python3.11/site-packages/airflow/example_dags/example_bash_decorator.py took 0.587 seconds
[2025-02-17T17:16:59.010+0100] {processor.py:186} INFO - Started process (PID=2760) to work on /mnt/c/Users/hp/venv/lib/python3.11/site-packages/airflow/example_dags/example_bash_decorator.py
[2025-02-17T17:16:59.015+0100] {processor.py:914} INFO - Processing file /mnt/c/Users/hp/venv/lib/python3.11/site-packages/airflow/example_dags/example_bash_decorator.py for tasks to queue
[2025-02-17T17:16:59.024+0100] {logging_mixin.py:190} INFO - [2025-02-17T17:16:59.022+0100] {dagbag.py:588} INFO - Filling up the DagBag from /mnt/c/Users/hp/venv/lib/python3.11/site-packages/airflow/example_dags/example_bash_decorator.py
[2025-02-17T17:16:59.214+0100] {processor.py:925} INFO - DAG(s) 'example_bash_decorator' retrieved from /mnt/c/Users/hp/venv/lib/python3.11/site-packages/airflow/example_dags/example_bash_decorator.py
[2025-02-17T17:16:59.261+0100] {logging_mixin.py:190} INFO - [2025-02-17T17:16:59.259+0100] {dag.py:3239} INFO - Sync 1 DAGs
[2025-02-17T17:16:59.290+0100] {logging_mixin.py:190} INFO - [2025-02-17T17:16:59.288+0100] {dag.py:4180} INFO - Setting next_dagrun for example_bash_decorator to None, run_after=None
[2025-02-17T17:16:59.352+0100] {processor.py:208} INFO - Processing /mnt/c/Users/hp/venv/lib/python3.11/site-packages/airflow/example_dags/example_bash_decorator.py took 0.374 seconds
[2025-02-17T17:18:36.452+0100] {processor.py:186} INFO - Started process (PID=2837) to work on /mnt/c/Users/hp/venv/lib/python3.11/site-packages/airflow/example_dags/example_bash_decorator.py
[2025-02-17T17:18:36.456+0100] {processor.py:914} INFO - Processing file /mnt/c/Users/hp/venv/lib/python3.11/site-packages/airflow/example_dags/example_bash_decorator.py for tasks to queue
[2025-02-17T17:18:36.464+0100] {logging_mixin.py:190} INFO - [2025-02-17T17:18:36.461+0100] {dagbag.py:588} INFO - Filling up the DagBag from /mnt/c/Users/hp/venv/lib/python3.11/site-packages/airflow/example_dags/example_bash_decorator.py
[2025-02-17T17:18:36.645+0100] {processor.py:925} INFO - DAG(s) 'example_bash_decorator' retrieved from /mnt/c/Users/hp/venv/lib/python3.11/site-packages/airflow/example_dags/example_bash_decorator.py
[2025-02-17T17:18:36.691+0100] {logging_mixin.py:190} INFO - [2025-02-17T17:18:36.689+0100] {dag.py:3239} INFO - Sync 1 DAGs
[2025-02-17T17:18:36.717+0100] {logging_mixin.py:190} INFO - [2025-02-17T17:18:36.714+0100] {dag.py:4180} INFO - Setting next_dagrun for example_bash_decorator to None, run_after=None
[2025-02-17T17:18:36.763+0100] {processor.py:208} INFO - Processing /mnt/c/Users/hp/venv/lib/python3.11/site-packages/airflow/example_dags/example_bash_decorator.py took 0.336 seconds
[2025-02-17T17:20:11.320+0100] {processor.py:186} INFO - Started process (PID=2912) to work on /mnt/c/Users/hp/venv/lib/python3.11/site-packages/airflow/example_dags/example_bash_decorator.py
[2025-02-17T17:20:11.328+0100] {processor.py:914} INFO - Processing file /mnt/c/Users/hp/venv/lib/python3.11/site-packages/airflow/example_dags/example_bash_decorator.py for tasks to queue
[2025-02-17T17:20:11.336+0100] {logging_mixin.py:190} INFO - [2025-02-17T17:20:11.333+0100] {dagbag.py:588} INFO - Filling up the DagBag from /mnt/c/Users/hp/venv/lib/python3.11/site-packages/airflow/example_dags/example_bash_decorator.py
[2025-02-17T17:20:11.549+0100] {processor.py:925} INFO - DAG(s) 'example_bash_decorator' retrieved from /mnt/c/Users/hp/venv/lib/python3.11/site-packages/airflow/example_dags/example_bash_decorator.py
[2025-02-17T17:20:11.592+0100] {logging_mixin.py:190} INFO - [2025-02-17T17:20:11.589+0100] {dag.py:3239} INFO - Sync 1 DAGs
[2025-02-17T17:20:11.618+0100] {logging_mixin.py:190} INFO - [2025-02-17T17:20:11.615+0100] {dag.py:4180} INFO - Setting next_dagrun for example_bash_decorator to None, run_after=None
[2025-02-17T17:20:11.661+0100] {processor.py:208} INFO - Processing /mnt/c/Users/hp/venv/lib/python3.11/site-packages/airflow/example_dags/example_bash_decorator.py took 0.368 seconds
[2025-02-17T17:21:52.700+0100] {processor.py:186} INFO - Started process (PID=2988) to work on /mnt/c/Users/hp/venv/lib/python3.11/site-packages/airflow/example_dags/example_bash_decorator.py
[2025-02-17T17:21:52.704+0100] {processor.py:914} INFO - Processing file /mnt/c/Users/hp/venv/lib/python3.11/site-packages/airflow/example_dags/example_bash_decorator.py for tasks to queue
[2025-02-17T17:21:52.712+0100] {logging_mixin.py:190} INFO - [2025-02-17T17:21:52.710+0100] {dagbag.py:588} INFO - Filling up the DagBag from /mnt/c/Users/hp/venv/lib/python3.11/site-packages/airflow/example_dags/example_bash_decorator.py
[2025-02-17T17:21:52.893+0100] {processor.py:925} INFO - DAG(s) 'example_bash_decorator' retrieved from /mnt/c/Users/hp/venv/lib/python3.11/site-packages/airflow/example_dags/example_bash_decorator.py
[2025-02-17T17:21:52.943+0100] {logging_mixin.py:190} INFO - [2025-02-17T17:21:52.940+0100] {dag.py:3239} INFO - Sync 1 DAGs
[2025-02-17T17:21:52.970+0100] {logging_mixin.py:190} INFO - [2025-02-17T17:21:52.967+0100] {dag.py:4180} INFO - Setting next_dagrun for example_bash_decorator to None, run_after=None
[2025-02-17T17:21:53.019+0100] {processor.py:208} INFO - Processing /mnt/c/Users/hp/venv/lib/python3.11/site-packages/airflow/example_dags/example_bash_decorator.py took 0.351 seconds
[2025-02-17T17:36:48.922+0100] {processor.py:186} INFO - Started process (PID=516) to work on /mnt/c/Users/hp/venv/lib/python3.11/site-packages/airflow/example_dags/example_bash_decorator.py
[2025-02-17T17:36:48.927+0100] {processor.py:914} INFO - Processing file /mnt/c/Users/hp/venv/lib/python3.11/site-packages/airflow/example_dags/example_bash_decorator.py for tasks to queue
[2025-02-17T17:36:48.938+0100] {logging_mixin.py:190} INFO - [2025-02-17T17:36:48.934+0100] {dagbag.py:588} INFO - Filling up the DagBag from /mnt/c/Users/hp/venv/lib/python3.11/site-packages/airflow/example_dags/example_bash_decorator.py
[2025-02-17T17:36:49.242+0100] {processor.py:925} INFO - DAG(s) 'example_bash_decorator' retrieved from /mnt/c/Users/hp/venv/lib/python3.11/site-packages/airflow/example_dags/example_bash_decorator.py
[2025-02-17T17:36:55.094+0100] {logging_mixin.py:190} INFO - [2025-02-17T17:36:55.092+0100] {dag.py:3239} INFO - Sync 1 DAGs
[2025-02-17T17:36:55.124+0100] {logging_mixin.py:190} INFO - [2025-02-17T17:36:55.122+0100] {dag.py:4180} INFO - Setting next_dagrun for example_bash_decorator to None, run_after=None
[2025-02-17T17:36:55.181+0100] {processor.py:208} INFO - Processing /mnt/c/Users/hp/venv/lib/python3.11/site-packages/airflow/example_dags/example_bash_decorator.py took 6.298 seconds
[2025-02-17T17:40:01.415+0100] {processor.py:186} INFO - Started process (PID=645) to work on /mnt/c/Users/hp/venv/lib/python3.11/site-packages/airflow/example_dags/example_bash_decorator.py
[2025-02-17T17:40:01.427+0100] {processor.py:914} INFO - Processing file /mnt/c/Users/hp/venv/lib/python3.11/site-packages/airflow/example_dags/example_bash_decorator.py for tasks to queue
[2025-02-17T17:40:01.448+0100] {logging_mixin.py:190} INFO - [2025-02-17T17:40:01.441+0100] {dagbag.py:588} INFO - Filling up the DagBag from /mnt/c/Users/hp/venv/lib/python3.11/site-packages/airflow/example_dags/example_bash_decorator.py
[2025-02-17T17:40:01.925+0100] {processor.py:925} INFO - DAG(s) 'example_bash_decorator' retrieved from /mnt/c/Users/hp/venv/lib/python3.11/site-packages/airflow/example_dags/example_bash_decorator.py
[2025-02-17T17:40:02.021+0100] {logging_mixin.py:190} INFO - [2025-02-17T17:40:02.016+0100] {dag.py:3239} INFO - Sync 1 DAGs
[2025-02-17T17:40:02.081+0100] {logging_mixin.py:190} INFO - [2025-02-17T17:40:02.076+0100] {dag.py:4180} INFO - Setting next_dagrun for example_bash_decorator to None, run_after=None
[2025-02-17T17:40:02.183+0100] {processor.py:208} INFO - Processing /mnt/c/Users/hp/venv/lib/python3.11/site-packages/airflow/example_dags/example_bash_decorator.py took 0.833 seconds
