[2025-02-17T17:07:52.849+0100] {processor.py:186} INFO - Started process (PID=2446) to work on /mnt/c/Users/hp/venv/lib/python3.11/site-packages/airflow/example_dags/example_sensor_decorator.py
[2025-02-17T17:07:52.854+0100] {processor.py:914} INFO - Processing file /mnt/c/Users/hp/venv/lib/python3.11/site-packages/airflow/example_dags/example_sensor_decorator.py for tasks to queue
[2025-02-17T17:07:52.867+0100] {logging_mixin.py:190} INFO - [2025-02-17T17:07:52.863+0100] {dagbag.py:588} INFO - Filling up the DagBag from /mnt/c/Users/hp/venv/lib/python3.11/site-packages/airflow/example_dags/example_sensor_decorator.py
[2025-02-17T17:07:53.081+0100] {processor.py:925} INFO - DAG(s) 'example_sensor_decorator' retrieved from /mnt/c/Users/hp/venv/lib/python3.11/site-packages/airflow/example_dags/example_sensor_decorator.py
[2025-02-17T17:07:56.514+0100] {logging_mixin.py:190} INFO - [2025-02-17T17:07:56.512+0100] {dag.py:3239} INFO - Sync 1 DAGs
[2025-02-17T17:07:56.539+0100] {logging_mixin.py:190} INFO - [2025-02-17T17:07:56.537+0100] {dag.py:4180} INFO - Setting next_dagrun for example_sensor_decorator to None, run_after=None
[2025-02-17T17:07:56.599+0100] {processor.py:208} INFO - Processing /mnt/c/Users/hp/venv/lib/python3.11/site-packages/airflow/example_dags/example_sensor_decorator.py took 3.792 seconds
[2025-02-17T17:11:10.984+0100] {processor.py:186} INFO - Started process (PID=2524) to work on /mnt/c/Users/hp/venv/lib/python3.11/site-packages/airflow/example_dags/example_sensor_decorator.py
[2025-02-17T17:11:10.994+0100] {processor.py:914} INFO - Processing file /mnt/c/Users/hp/venv/lib/python3.11/site-packages/airflow/example_dags/example_sensor_decorator.py for tasks to queue
[2025-02-17T17:11:11.007+0100] {logging_mixin.py:190} INFO - [2025-02-17T17:11:11.003+0100] {dagbag.py:588} INFO - Filling up the DagBag from /mnt/c/Users/hp/venv/lib/python3.11/site-packages/airflow/example_dags/example_sensor_decorator.py
[2025-02-17T17:11:11.267+0100] {processor.py:925} INFO - DAG(s) 'example_sensor_decorator' retrieved from /mnt/c/Users/hp/venv/lib/python3.11/site-packages/airflow/example_dags/example_sensor_decorator.py
[2025-02-17T17:11:11.334+0100] {logging_mixin.py:190} INFO - [2025-02-17T17:11:11.332+0100] {dag.py:3239} INFO - Sync 1 DAGs
[2025-02-17T17:11:11.379+0100] {logging_mixin.py:190} INFO - [2025-02-17T17:11:11.376+0100] {dag.py:4180} INFO - Setting next_dagrun for example_sensor_decorator to None, run_after=None
[2025-02-17T17:11:11.448+0100] {processor.py:208} INFO - Processing /mnt/c/Users/hp/venv/lib/python3.11/site-packages/airflow/example_dags/example_sensor_decorator.py took 0.517 seconds
[2025-02-17T17:12:28.926+0100] {processor.py:186} INFO - Started process (PID=2583) to work on /mnt/c/Users/hp/venv/lib/python3.11/site-packages/airflow/example_dags/example_sensor_decorator.py
[2025-02-17T17:12:28.935+0100] {processor.py:914} INFO - Processing file /mnt/c/Users/hp/venv/lib/python3.11/site-packages/airflow/example_dags/example_sensor_decorator.py for tasks to queue
[2025-02-17T17:12:28.946+0100] {logging_mixin.py:190} INFO - [2025-02-17T17:12:28.942+0100] {dagbag.py:588} INFO - Filling up the DagBag from /mnt/c/Users/hp/venv/lib/python3.11/site-packages/airflow/example_dags/example_sensor_decorator.py
[2025-02-17T17:12:29.146+0100] {processor.py:925} INFO - DAG(s) 'example_sensor_decorator' retrieved from /mnt/c/Users/hp/venv/lib/python3.11/site-packages/airflow/example_dags/example_sensor_decorator.py
[2025-02-17T17:12:29.198+0100] {logging_mixin.py:190} INFO - [2025-02-17T17:12:29.194+0100] {dag.py:3239} INFO - Sync 1 DAGs
[2025-02-17T17:12:29.230+0100] {logging_mixin.py:190} INFO - [2025-02-17T17:12:29.227+0100] {dag.py:4180} INFO - Setting next_dagrun for example_sensor_decorator to None, run_after=None
[2025-02-17T17:12:29.277+0100] {processor.py:208} INFO - Processing /mnt/c/Users/hp/venv/lib/python3.11/site-packages/airflow/example_dags/example_sensor_decorator.py took 0.390 seconds
[2025-02-17T17:14:36.099+0100] {processor.py:186} INFO - Started process (PID=2665) to work on /mnt/c/Users/hp/venv/lib/python3.11/site-packages/airflow/example_dags/example_sensor_decorator.py
[2025-02-17T17:14:36.110+0100] {processor.py:914} INFO - Processing file /mnt/c/Users/hp/venv/lib/python3.11/site-packages/airflow/example_dags/example_sensor_decorator.py for tasks to queue
[2025-02-17T17:14:36.122+0100] {logging_mixin.py:190} INFO - [2025-02-17T17:14:36.117+0100] {dagbag.py:588} INFO - Filling up the DagBag from /mnt/c/Users/hp/venv/lib/python3.11/site-packages/airflow/example_dags/example_sensor_decorator.py
[2025-02-17T17:14:36.365+0100] {processor.py:925} INFO - DAG(s) 'example_sensor_decorator' retrieved from /mnt/c/Users/hp/venv/lib/python3.11/site-packages/airflow/example_dags/example_sensor_decorator.py
[2025-02-17T17:14:36.441+0100] {logging_mixin.py:190} INFO - [2025-02-17T17:14:36.438+0100] {dag.py:3239} INFO - Sync 1 DAGs
[2025-02-17T17:14:36.507+0100] {logging_mixin.py:190} INFO - [2025-02-17T17:14:36.504+0100] {dag.py:4180} INFO - Setting next_dagrun for example_sensor_decorator to None, run_after=None
[2025-02-17T17:14:36.571+0100] {processor.py:208} INFO - Processing /mnt/c/Users/hp/venv/lib/python3.11/site-packages/airflow/example_dags/example_sensor_decorator.py took 0.515 seconds
[2025-02-17T17:16:39.294+0100] {processor.py:186} INFO - Started process (PID=2745) to work on /mnt/c/Users/hp/venv/lib/python3.11/site-packages/airflow/example_dags/example_sensor_decorator.py
[2025-02-17T17:16:39.302+0100] {processor.py:914} INFO - Processing file /mnt/c/Users/hp/venv/lib/python3.11/site-packages/airflow/example_dags/example_sensor_decorator.py for tasks to queue
[2025-02-17T17:16:39.311+0100] {logging_mixin.py:190} INFO - [2025-02-17T17:16:39.308+0100] {dagbag.py:588} INFO - Filling up the DagBag from /mnt/c/Users/hp/venv/lib/python3.11/site-packages/airflow/example_dags/example_sensor_decorator.py
[2025-02-17T17:16:39.457+0100] {processor.py:925} INFO - DAG(s) 'example_sensor_decorator' retrieved from /mnt/c/Users/hp/venv/lib/python3.11/site-packages/airflow/example_dags/example_sensor_decorator.py
[2025-02-17T17:16:39.488+0100] {logging_mixin.py:190} INFO - [2025-02-17T17:16:39.487+0100] {dag.py:3239} INFO - Sync 1 DAGs
[2025-02-17T17:16:39.514+0100] {logging_mixin.py:190} INFO - [2025-02-17T17:16:39.512+0100] {dag.py:4180} INFO - Setting next_dagrun for example_sensor_decorator to None, run_after=None
[2025-02-17T17:16:39.555+0100] {processor.py:208} INFO - Processing /mnt/c/Users/hp/venv/lib/python3.11/site-packages/airflow/example_dags/example_sensor_decorator.py took 0.286 seconds
[2025-02-17T17:18:15.637+0100] {processor.py:186} INFO - Started process (PID=2820) to work on /mnt/c/Users/hp/venv/lib/python3.11/site-packages/airflow/example_dags/example_sensor_decorator.py
[2025-02-17T17:18:15.645+0100] {processor.py:914} INFO - Processing file /mnt/c/Users/hp/venv/lib/python3.11/site-packages/airflow/example_dags/example_sensor_decorator.py for tasks to queue
[2025-02-17T17:18:15.652+0100] {logging_mixin.py:190} INFO - [2025-02-17T17:18:15.650+0100] {dagbag.py:588} INFO - Filling up the DagBag from /mnt/c/Users/hp/venv/lib/python3.11/site-packages/airflow/example_dags/example_sensor_decorator.py
[2025-02-17T17:18:15.829+0100] {processor.py:925} INFO - DAG(s) 'example_sensor_decorator' retrieved from /mnt/c/Users/hp/venv/lib/python3.11/site-packages/airflow/example_dags/example_sensor_decorator.py
[2025-02-17T17:18:15.867+0100] {logging_mixin.py:190} INFO - [2025-02-17T17:18:15.865+0100] {dag.py:3239} INFO - Sync 1 DAGs
[2025-02-17T17:18:15.896+0100] {logging_mixin.py:190} INFO - [2025-02-17T17:18:15.893+0100] {dag.py:4180} INFO - Setting next_dagrun for example_sensor_decorator to None, run_after=None
[2025-02-17T17:18:15.946+0100] {processor.py:208} INFO - Processing /mnt/c/Users/hp/venv/lib/python3.11/site-packages/airflow/example_dags/example_sensor_decorator.py took 0.336 seconds
[2025-02-17T17:19:50.875+0100] {processor.py:186} INFO - Started process (PID=2895) to work on /mnt/c/Users/hp/venv/lib/python3.11/site-packages/airflow/example_dags/example_sensor_decorator.py
[2025-02-17T17:19:50.879+0100] {processor.py:914} INFO - Processing file /mnt/c/Users/hp/venv/lib/python3.11/site-packages/airflow/example_dags/example_sensor_decorator.py for tasks to queue
[2025-02-17T17:19:50.885+0100] {logging_mixin.py:190} INFO - [2025-02-17T17:19:50.883+0100] {dagbag.py:588} INFO - Filling up the DagBag from /mnt/c/Users/hp/venv/lib/python3.11/site-packages/airflow/example_dags/example_sensor_decorator.py
[2025-02-17T17:19:51.037+0100] {processor.py:925} INFO - DAG(s) 'example_sensor_decorator' retrieved from /mnt/c/Users/hp/venv/lib/python3.11/site-packages/airflow/example_dags/example_sensor_decorator.py
[2025-02-17T17:19:51.069+0100] {logging_mixin.py:190} INFO - [2025-02-17T17:19:51.067+0100] {dag.py:3239} INFO - Sync 1 DAGs
[2025-02-17T17:19:51.091+0100] {logging_mixin.py:190} INFO - [2025-02-17T17:19:51.088+0100] {dag.py:4180} INFO - Setting next_dagrun for example_sensor_decorator to None, run_after=None
[2025-02-17T17:19:51.134+0100] {processor.py:208} INFO - Processing /mnt/c/Users/hp/venv/lib/python3.11/site-packages/airflow/example_dags/example_sensor_decorator.py took 0.284 seconds
[2025-02-17T17:21:31.475+0100] {processor.py:186} INFO - Started process (PID=2971) to work on /mnt/c/Users/hp/venv/lib/python3.11/site-packages/airflow/example_dags/example_sensor_decorator.py
[2025-02-17T17:21:31.480+0100] {processor.py:914} INFO - Processing file /mnt/c/Users/hp/venv/lib/python3.11/site-packages/airflow/example_dags/example_sensor_decorator.py for tasks to queue
[2025-02-17T17:21:31.492+0100] {logging_mixin.py:190} INFO - [2025-02-17T17:21:31.488+0100] {dagbag.py:588} INFO - Filling up the DagBag from /mnt/c/Users/hp/venv/lib/python3.11/site-packages/airflow/example_dags/example_sensor_decorator.py
[2025-02-17T17:21:31.729+0100] {processor.py:925} INFO - DAG(s) 'example_sensor_decorator' retrieved from /mnt/c/Users/hp/venv/lib/python3.11/site-packages/airflow/example_dags/example_sensor_decorator.py
[2025-02-17T17:21:31.795+0100] {logging_mixin.py:190} INFO - [2025-02-17T17:21:31.792+0100] {dag.py:3239} INFO - Sync 1 DAGs
[2025-02-17T17:21:31.843+0100] {logging_mixin.py:190} INFO - [2025-02-17T17:21:31.840+0100] {dag.py:4180} INFO - Setting next_dagrun for example_sensor_decorator to None, run_after=None
[2025-02-17T17:21:31.906+0100] {processor.py:208} INFO - Processing /mnt/c/Users/hp/venv/lib/python3.11/site-packages/airflow/example_dags/example_sensor_decorator.py took 0.467 seconds
[2025-02-17T17:35:50.652+0100] {processor.py:186} INFO - Started process (PID=467) to work on /mnt/c/Users/hp/venv/lib/python3.11/site-packages/airflow/example_dags/example_sensor_decorator.py
[2025-02-17T17:35:50.661+0100] {processor.py:914} INFO - Processing file /mnt/c/Users/hp/venv/lib/python3.11/site-packages/airflow/example_dags/example_sensor_decorator.py for tasks to queue
[2025-02-17T17:35:50.682+0100] {logging_mixin.py:190} INFO - [2025-02-17T17:35:50.676+0100] {dagbag.py:588} INFO - Filling up the DagBag from /mnt/c/Users/hp/venv/lib/python3.11/site-packages/airflow/example_dags/example_sensor_decorator.py
[2025-02-17T17:35:51.096+0100] {processor.py:925} INFO - DAG(s) 'example_sensor_decorator' retrieved from /mnt/c/Users/hp/venv/lib/python3.11/site-packages/airflow/example_dags/example_sensor_decorator.py
[2025-02-17T17:35:51.230+0100] {logging_mixin.py:190} INFO - [2025-02-17T17:35:51.225+0100] {dag.py:3239} INFO - Sync 1 DAGs
[2025-02-17T17:35:51.286+0100] {logging_mixin.py:190} INFO - [2025-02-17T17:35:51.281+0100] {dag.py:4180} INFO - Setting next_dagrun for example_sensor_decorator to None, run_after=None
[2025-02-17T17:35:51.377+0100] {processor.py:208} INFO - Processing /mnt/c/Users/hp/venv/lib/python3.11/site-packages/airflow/example_dags/example_sensor_decorator.py took 0.790 seconds
[2025-02-17T17:37:47.757+0100] {processor.py:186} INFO - Started process (PID=549) to work on /mnt/c/Users/hp/venv/lib/python3.11/site-packages/airflow/example_dags/example_sensor_decorator.py
[2025-02-17T17:37:47.767+0100] {processor.py:914} INFO - Processing file /mnt/c/Users/hp/venv/lib/python3.11/site-packages/airflow/example_dags/example_sensor_decorator.py for tasks to queue
[2025-02-17T17:37:47.778+0100] {logging_mixin.py:190} INFO - [2025-02-17T17:37:47.775+0100] {dagbag.py:588} INFO - Filling up the DagBag from /mnt/c/Users/hp/venv/lib/python3.11/site-packages/airflow/example_dags/example_sensor_decorator.py
[2025-02-17T17:37:47.995+0100] {processor.py:925} INFO - DAG(s) 'example_sensor_decorator' retrieved from /mnt/c/Users/hp/venv/lib/python3.11/site-packages/airflow/example_dags/example_sensor_decorator.py
[2025-02-17T17:37:48.057+0100] {logging_mixin.py:190} INFO - [2025-02-17T17:37:48.054+0100] {dag.py:3239} INFO - Sync 1 DAGs
[2025-02-17T17:37:48.095+0100] {logging_mixin.py:190} INFO - [2025-02-17T17:37:48.093+0100] {dag.py:4180} INFO - Setting next_dagrun for example_sensor_decorator to None, run_after=None
[2025-02-17T17:37:48.152+0100] {processor.py:208} INFO - Processing /mnt/c/Users/hp/venv/lib/python3.11/site-packages/airflow/example_dags/example_sensor_decorator.py took 0.434 seconds
[2025-02-17T17:39:24.030+0100] {processor.py:186} INFO - Started process (PID=625) to work on /mnt/c/Users/hp/venv/lib/python3.11/site-packages/airflow/example_dags/example_sensor_decorator.py
[2025-02-17T17:39:24.042+0100] {processor.py:914} INFO - Processing file /mnt/c/Users/hp/venv/lib/python3.11/site-packages/airflow/example_dags/example_sensor_decorator.py for tasks to queue
[2025-02-17T17:39:24.060+0100] {logging_mixin.py:190} INFO - [2025-02-17T17:39:24.054+0100] {dagbag.py:588} INFO - Filling up the DagBag from /mnt/c/Users/hp/venv/lib/python3.11/site-packages/airflow/example_dags/example_sensor_decorator.py
[2025-02-17T17:39:24.468+0100] {processor.py:925} INFO - DAG(s) 'example_sensor_decorator' retrieved from /mnt/c/Users/hp/venv/lib/python3.11/site-packages/airflow/example_dags/example_sensor_decorator.py
[2025-02-17T17:39:24.578+0100] {logging_mixin.py:190} INFO - [2025-02-17T17:39:24.572+0100] {dag.py:3239} INFO - Sync 1 DAGs
[2025-02-17T17:39:24.655+0100] {logging_mixin.py:190} INFO - [2025-02-17T17:39:24.649+0100] {dag.py:4180} INFO - Setting next_dagrun for example_sensor_decorator to None, run_after=None
[2025-02-17T17:39:24.775+0100] {processor.py:208} INFO - Processing /mnt/c/Users/hp/venv/lib/python3.11/site-packages/airflow/example_dags/example_sensor_decorator.py took 0.808 seconds
[2025-02-17T17:40:53.943+0100] {processor.py:186} INFO - Started process (PID=689) to work on /mnt/c/Users/hp/venv/lib/python3.11/site-packages/airflow/example_dags/example_sensor_decorator.py
[2025-02-17T17:40:53.952+0100] {processor.py:914} INFO - Processing file /mnt/c/Users/hp/venv/lib/python3.11/site-packages/airflow/example_dags/example_sensor_decorator.py for tasks to queue
[2025-02-17T17:40:53.967+0100] {logging_mixin.py:190} INFO - [2025-02-17T17:40:53.962+0100] {dagbag.py:588} INFO - Filling up the DagBag from /mnt/c/Users/hp/venv/lib/python3.11/site-packages/airflow/example_dags/example_sensor_decorator.py
[2025-02-17T17:40:54.232+0100] {processor.py:925} INFO - DAG(s) 'example_sensor_decorator' retrieved from /mnt/c/Users/hp/venv/lib/python3.11/site-packages/airflow/example_dags/example_sensor_decorator.py
[2025-02-17T17:40:54.293+0100] {logging_mixin.py:190} INFO - [2025-02-17T17:40:54.290+0100] {dag.py:3239} INFO - Sync 1 DAGs
[2025-02-17T17:40:54.343+0100] {logging_mixin.py:190} INFO - [2025-02-17T17:40:54.339+0100] {dag.py:4180} INFO - Setting next_dagrun for example_sensor_decorator to None, run_after=None
[2025-02-17T17:40:54.423+0100] {processor.py:208} INFO - Processing /mnt/c/Users/hp/venv/lib/python3.11/site-packages/airflow/example_dags/example_sensor_decorator.py took 0.528 seconds
