[2025-02-17T17:09:30.812+0100] {processor.py:186} INFO - Started process (PID=2483) to work on /mnt/c/Users/hp/venv/lib/python3.11/site-packages/airflow/example_dags/example_dataset_alias_with_no_taskflow.py
[2025-02-17T17:09:30.816+0100] {processor.py:914} INFO - Processing file /mnt/c/Users/hp/venv/lib/python3.11/site-packages/airflow/example_dags/example_dataset_alias_with_no_taskflow.py for tasks to queue
[2025-02-17T17:09:30.825+0100] {logging_mixin.py:190} INFO - [2025-02-17T17:09:30.822+0100] {dagbag.py:588} INFO - Filling up the DagBag from /mnt/c/Users/hp/venv/lib/python3.11/site-packages/airflow/example_dags/example_dataset_alias_with_no_taskflow.py
[2025-02-17T17:09:31.181+0100] {processor.py:925} INFO - DAG(s) 'dataset_s3_bucket_consumer_with_no_taskflow', 'dataset_s3_bucket_producer_with_no_taskflow', 'dataset_alias_example_alias_producer_with_no_taskflow', 'dataset_alias_example_alias_consumer_with_no_taskflow' retrieved from /mnt/c/Users/hp/venv/lib/python3.11/site-packages/airflow/example_dags/example_dataset_alias_with_no_taskflow.py
[2025-02-17T17:09:35.668+0100] {logging_mixin.py:190} INFO - [2025-02-17T17:09:35.664+0100] {dag.py:3239} INFO - Sync 4 DAGs
[2025-02-17T17:09:35.707+0100] {logging_mixin.py:190} INFO - [2025-02-17T17:09:35.704+0100] {dag.py:4180} INFO - Setting next_dagrun for dataset_alias_example_alias_consumer_with_no_taskflow to None, run_after=None
[2025-02-17T17:09:35.714+0100] {logging_mixin.py:190} INFO - [2025-02-17T17:09:35.712+0100] {dag.py:4180} INFO - Setting next_dagrun for dataset_alias_example_alias_producer_with_no_taskflow to None, run_after=None
[2025-02-17T17:09:35.720+0100] {logging_mixin.py:190} INFO - [2025-02-17T17:09:35.717+0100] {dag.py:4180} INFO - Setting next_dagrun for dataset_s3_bucket_consumer_with_no_taskflow to None, run_after=None
[2025-02-17T17:09:35.725+0100] {logging_mixin.py:190} INFO - [2025-02-17T17:09:35.723+0100] {dag.py:4180} INFO - Setting next_dagrun for dataset_s3_bucket_producer_with_no_taskflow to None, run_after=None
[2025-02-17T17:09:35.783+0100] {processor.py:208} INFO - Processing /mnt/c/Users/hp/venv/lib/python3.11/site-packages/airflow/example_dags/example_dataset_alias_with_no_taskflow.py took 5.010 seconds
[2025-02-17T17:11:37.547+0100] {processor.py:186} INFO - Started process (PID=2543) to work on /mnt/c/Users/hp/venv/lib/python3.11/site-packages/airflow/example_dags/example_dataset_alias_with_no_taskflow.py
[2025-02-17T17:11:37.554+0100] {processor.py:914} INFO - Processing file /mnt/c/Users/hp/venv/lib/python3.11/site-packages/airflow/example_dags/example_dataset_alias_with_no_taskflow.py for tasks to queue
[2025-02-17T17:11:37.562+0100] {logging_mixin.py:190} INFO - [2025-02-17T17:11:37.559+0100] {dagbag.py:588} INFO - Filling up the DagBag from /mnt/c/Users/hp/venv/lib/python3.11/site-packages/airflow/example_dags/example_dataset_alias_with_no_taskflow.py
[2025-02-17T17:11:37.734+0100] {processor.py:925} INFO - DAG(s) 'dataset_alias_example_alias_producer_with_no_taskflow', 'dataset_s3_bucket_consumer_with_no_taskflow', 'dataset_alias_example_alias_consumer_with_no_taskflow', 'dataset_s3_bucket_producer_with_no_taskflow' retrieved from /mnt/c/Users/hp/venv/lib/python3.11/site-packages/airflow/example_dags/example_dataset_alias_with_no_taskflow.py
[2025-02-17T17:11:37.776+0100] {logging_mixin.py:190} INFO - [2025-02-17T17:11:37.774+0100] {dag.py:3239} INFO - Sync 4 DAGs
[2025-02-17T17:11:37.812+0100] {logging_mixin.py:190} INFO - [2025-02-17T17:11:37.810+0100] {dag.py:4180} INFO - Setting next_dagrun for dataset_alias_example_alias_consumer_with_no_taskflow to None, run_after=None
[2025-02-17T17:11:37.820+0100] {logging_mixin.py:190} INFO - [2025-02-17T17:11:37.817+0100] {dag.py:4180} INFO - Setting next_dagrun for dataset_alias_example_alias_producer_with_no_taskflow to None, run_after=None
[2025-02-17T17:11:37.827+0100] {logging_mixin.py:190} INFO - [2025-02-17T17:11:37.825+0100] {dag.py:4180} INFO - Setting next_dagrun for dataset_s3_bucket_consumer_with_no_taskflow to None, run_after=None
[2025-02-17T17:11:37.834+0100] {logging_mixin.py:190} INFO - [2025-02-17T17:11:37.831+0100] {dag.py:4180} INFO - Setting next_dagrun for dataset_s3_bucket_producer_with_no_taskflow to None, run_after=None
[2025-02-17T17:11:37.900+0100] {processor.py:208} INFO - Processing /mnt/c/Users/hp/venv/lib/python3.11/site-packages/airflow/example_dags/example_dataset_alias_with_no_taskflow.py took 0.378 seconds
[2025-02-17T17:13:46.131+0100] {processor.py:186} INFO - Started process (PID=2633) to work on /mnt/c/Users/hp/venv/lib/python3.11/site-packages/airflow/example_dags/example_dataset_alias_with_no_taskflow.py
[2025-02-17T17:13:46.137+0100] {processor.py:914} INFO - Processing file /mnt/c/Users/hp/venv/lib/python3.11/site-packages/airflow/example_dags/example_dataset_alias_with_no_taskflow.py for tasks to queue
[2025-02-17T17:13:46.147+0100] {logging_mixin.py:190} INFO - [2025-02-17T17:13:46.144+0100] {dagbag.py:588} INFO - Filling up the DagBag from /mnt/c/Users/hp/venv/lib/python3.11/site-packages/airflow/example_dags/example_dataset_alias_with_no_taskflow.py
[2025-02-17T17:13:46.399+0100] {processor.py:925} INFO - DAG(s) 'dataset_s3_bucket_producer_with_no_taskflow', 'dataset_alias_example_alias_consumer_with_no_taskflow', 'dataset_alias_example_alias_producer_with_no_taskflow', 'dataset_s3_bucket_consumer_with_no_taskflow' retrieved from /mnt/c/Users/hp/venv/lib/python3.11/site-packages/airflow/example_dags/example_dataset_alias_with_no_taskflow.py
[2025-02-17T17:13:46.447+0100] {logging_mixin.py:190} INFO - [2025-02-17T17:13:46.445+0100] {dag.py:3239} INFO - Sync 4 DAGs
[2025-02-17T17:13:46.512+0100] {logging_mixin.py:190} INFO - [2025-02-17T17:13:46.508+0100] {dag.py:4180} INFO - Setting next_dagrun for dataset_alias_example_alias_consumer_with_no_taskflow to None, run_after=None
[2025-02-17T17:13:46.524+0100] {logging_mixin.py:190} INFO - [2025-02-17T17:13:46.520+0100] {dag.py:4180} INFO - Setting next_dagrun for dataset_alias_example_alias_producer_with_no_taskflow to None, run_after=None
[2025-02-17T17:13:46.534+0100] {logging_mixin.py:190} INFO - [2025-02-17T17:13:46.530+0100] {dag.py:4180} INFO - Setting next_dagrun for dataset_s3_bucket_consumer_with_no_taskflow to None, run_after=None
[2025-02-17T17:13:46.544+0100] {logging_mixin.py:190} INFO - [2025-02-17T17:13:46.540+0100] {dag.py:4180} INFO - Setting next_dagrun for dataset_s3_bucket_producer_with_no_taskflow to None, run_after=None
[2025-02-17T17:13:46.639+0100] {processor.py:208} INFO - Processing /mnt/c/Users/hp/venv/lib/python3.11/site-packages/airflow/example_dags/example_dataset_alias_with_no_taskflow.py took 0.545 seconds
[2025-02-17T17:15:50.549+0100] {processor.py:186} INFO - Started process (PID=2714) to work on /mnt/c/Users/hp/venv/lib/python3.11/site-packages/airflow/example_dags/example_dataset_alias_with_no_taskflow.py
[2025-02-17T17:15:50.557+0100] {processor.py:914} INFO - Processing file /mnt/c/Users/hp/venv/lib/python3.11/site-packages/airflow/example_dags/example_dataset_alias_with_no_taskflow.py for tasks to queue
[2025-02-17T17:15:50.564+0100] {logging_mixin.py:190} INFO - [2025-02-17T17:15:50.562+0100] {dagbag.py:588} INFO - Filling up the DagBag from /mnt/c/Users/hp/venv/lib/python3.11/site-packages/airflow/example_dags/example_dataset_alias_with_no_taskflow.py
[2025-02-17T17:15:50.795+0100] {processor.py:925} INFO - DAG(s) 'dataset_s3_bucket_consumer_with_no_taskflow', 'dataset_alias_example_alias_consumer_with_no_taskflow', 'dataset_alias_example_alias_producer_with_no_taskflow', 'dataset_s3_bucket_producer_with_no_taskflow' retrieved from /mnt/c/Users/hp/venv/lib/python3.11/site-packages/airflow/example_dags/example_dataset_alias_with_no_taskflow.py
[2025-02-17T17:15:50.856+0100] {logging_mixin.py:190} INFO - [2025-02-17T17:15:50.852+0100] {dag.py:3239} INFO - Sync 4 DAGs
[2025-02-17T17:15:50.910+0100] {logging_mixin.py:190} INFO - [2025-02-17T17:15:50.907+0100] {dag.py:4180} INFO - Setting next_dagrun for dataset_alias_example_alias_consumer_with_no_taskflow to None, run_after=None
[2025-02-17T17:15:50.920+0100] {logging_mixin.py:190} INFO - [2025-02-17T17:15:50.917+0100] {dag.py:4180} INFO - Setting next_dagrun for dataset_alias_example_alias_producer_with_no_taskflow to None, run_after=None
[2025-02-17T17:15:50.929+0100] {logging_mixin.py:190} INFO - [2025-02-17T17:15:50.925+0100] {dag.py:4180} INFO - Setting next_dagrun for dataset_s3_bucket_consumer_with_no_taskflow to None, run_after=None
[2025-02-17T17:15:50.937+0100] {logging_mixin.py:190} INFO - [2025-02-17T17:15:50.933+0100] {dag.py:4180} INFO - Setting next_dagrun for dataset_s3_bucket_producer_with_no_taskflow to None, run_after=None
[2025-02-17T17:15:51.041+0100] {processor.py:208} INFO - Processing /mnt/c/Users/hp/venv/lib/python3.11/site-packages/airflow/example_dags/example_dataset_alias_with_no_taskflow.py took 0.524 seconds
[2025-02-17T17:17:43.756+0100] {processor.py:186} INFO - Started process (PID=2796) to work on /mnt/c/Users/hp/venv/lib/python3.11/site-packages/airflow/example_dags/example_dataset_alias_with_no_taskflow.py
[2025-02-17T17:17:43.761+0100] {processor.py:914} INFO - Processing file /mnt/c/Users/hp/venv/lib/python3.11/site-packages/airflow/example_dags/example_dataset_alias_with_no_taskflow.py for tasks to queue
[2025-02-17T17:17:43.774+0100] {logging_mixin.py:190} INFO - [2025-02-17T17:17:43.770+0100] {dagbag.py:588} INFO - Filling up the DagBag from /mnt/c/Users/hp/venv/lib/python3.11/site-packages/airflow/example_dags/example_dataset_alias_with_no_taskflow.py
[2025-02-17T17:17:43.993+0100] {processor.py:925} INFO - DAG(s) 'dataset_s3_bucket_consumer_with_no_taskflow', 'dataset_alias_example_alias_consumer_with_no_taskflow', 'dataset_s3_bucket_producer_with_no_taskflow', 'dataset_alias_example_alias_producer_with_no_taskflow' retrieved from /mnt/c/Users/hp/venv/lib/python3.11/site-packages/airflow/example_dags/example_dataset_alias_with_no_taskflow.py
[2025-02-17T17:17:44.045+0100] {logging_mixin.py:190} INFO - [2025-02-17T17:17:44.043+0100] {dag.py:3239} INFO - Sync 4 DAGs
[2025-02-17T17:17:44.086+0100] {logging_mixin.py:190} INFO - [2025-02-17T17:17:44.084+0100] {dag.py:4180} INFO - Setting next_dagrun for dataset_alias_example_alias_consumer_with_no_taskflow to None, run_after=None
[2025-02-17T17:17:44.093+0100] {logging_mixin.py:190} INFO - [2025-02-17T17:17:44.090+0100] {dag.py:4180} INFO - Setting next_dagrun for dataset_alias_example_alias_producer_with_no_taskflow to None, run_after=None
[2025-02-17T17:17:44.097+0100] {logging_mixin.py:190} INFO - [2025-02-17T17:17:44.095+0100] {dag.py:4180} INFO - Setting next_dagrun for dataset_s3_bucket_consumer_with_no_taskflow to None, run_after=None
[2025-02-17T17:17:44.102+0100] {logging_mixin.py:190} INFO - [2025-02-17T17:17:44.100+0100] {dag.py:4180} INFO - Setting next_dagrun for dataset_s3_bucket_producer_with_no_taskflow to None, run_after=None
[2025-02-17T17:17:44.147+0100] {processor.py:208} INFO - Processing /mnt/c/Users/hp/venv/lib/python3.11/site-packages/airflow/example_dags/example_dataset_alias_with_no_taskflow.py took 0.435 seconds
[2025-02-17T17:19:19.894+0100] {processor.py:186} INFO - Started process (PID=2871) to work on /mnt/c/Users/hp/venv/lib/python3.11/site-packages/airflow/example_dags/example_dataset_alias_with_no_taskflow.py
[2025-02-17T17:19:19.901+0100] {processor.py:914} INFO - Processing file /mnt/c/Users/hp/venv/lib/python3.11/site-packages/airflow/example_dags/example_dataset_alias_with_no_taskflow.py for tasks to queue
[2025-02-17T17:19:19.910+0100] {logging_mixin.py:190} INFO - [2025-02-17T17:19:19.907+0100] {dagbag.py:588} INFO - Filling up the DagBag from /mnt/c/Users/hp/venv/lib/python3.11/site-packages/airflow/example_dags/example_dataset_alias_with_no_taskflow.py
[2025-02-17T17:19:20.158+0100] {processor.py:925} INFO - DAG(s) 'dataset_s3_bucket_producer_with_no_taskflow', 'dataset_alias_example_alias_consumer_with_no_taskflow', 'dataset_s3_bucket_consumer_with_no_taskflow', 'dataset_alias_example_alias_producer_with_no_taskflow' retrieved from /mnt/c/Users/hp/venv/lib/python3.11/site-packages/airflow/example_dags/example_dataset_alias_with_no_taskflow.py
[2025-02-17T17:19:20.234+0100] {logging_mixin.py:190} INFO - [2025-02-17T17:19:20.231+0100] {dag.py:3239} INFO - Sync 4 DAGs
[2025-02-17T17:19:20.324+0100] {logging_mixin.py:190} INFO - [2025-02-17T17:19:20.321+0100] {dag.py:4180} INFO - Setting next_dagrun for dataset_alias_example_alias_consumer_with_no_taskflow to None, run_after=None
[2025-02-17T17:19:20.335+0100] {logging_mixin.py:190} INFO - [2025-02-17T17:19:20.332+0100] {dag.py:4180} INFO - Setting next_dagrun for dataset_alias_example_alias_producer_with_no_taskflow to None, run_after=None
[2025-02-17T17:19:20.345+0100] {logging_mixin.py:190} INFO - [2025-02-17T17:19:20.342+0100] {dag.py:4180} INFO - Setting next_dagrun for dataset_s3_bucket_consumer_with_no_taskflow to None, run_after=None
[2025-02-17T17:19:20.351+0100] {logging_mixin.py:190} INFO - [2025-02-17T17:19:20.349+0100] {dag.py:4180} INFO - Setting next_dagrun for dataset_s3_bucket_producer_with_no_taskflow to None, run_after=None
[2025-02-17T17:19:20.407+0100] {processor.py:208} INFO - Processing /mnt/c/Users/hp/venv/lib/python3.11/site-packages/airflow/example_dags/example_dataset_alias_with_no_taskflow.py took 0.552 seconds
[2025-02-17T17:20:52.817+0100] {processor.py:186} INFO - Started process (PID=2943) to work on /mnt/c/Users/hp/venv/lib/python3.11/site-packages/airflow/example_dags/example_dataset_alias_with_no_taskflow.py
[2025-02-17T17:20:52.824+0100] {processor.py:914} INFO - Processing file /mnt/c/Users/hp/venv/lib/python3.11/site-packages/airflow/example_dags/example_dataset_alias_with_no_taskflow.py for tasks to queue
[2025-02-17T17:20:52.831+0100] {logging_mixin.py:190} INFO - [2025-02-17T17:20:52.829+0100] {dagbag.py:588} INFO - Filling up the DagBag from /mnt/c/Users/hp/venv/lib/python3.11/site-packages/airflow/example_dags/example_dataset_alias_with_no_taskflow.py
[2025-02-17T17:20:53.019+0100] {processor.py:925} INFO - DAG(s) 'dataset_s3_bucket_consumer_with_no_taskflow', 'dataset_alias_example_alias_producer_with_no_taskflow', 'dataset_s3_bucket_producer_with_no_taskflow', 'dataset_alias_example_alias_consumer_with_no_taskflow' retrieved from /mnt/c/Users/hp/venv/lib/python3.11/site-packages/airflow/example_dags/example_dataset_alias_with_no_taskflow.py
[2025-02-17T17:20:53.060+0100] {logging_mixin.py:190} INFO - [2025-02-17T17:20:53.058+0100] {dag.py:3239} INFO - Sync 4 DAGs
[2025-02-17T17:20:53.092+0100] {logging_mixin.py:190} INFO - [2025-02-17T17:20:53.090+0100] {dag.py:4180} INFO - Setting next_dagrun for dataset_alias_example_alias_consumer_with_no_taskflow to None, run_after=None
[2025-02-17T17:20:53.099+0100] {logging_mixin.py:190} INFO - [2025-02-17T17:20:53.097+0100] {dag.py:4180} INFO - Setting next_dagrun for dataset_alias_example_alias_producer_with_no_taskflow to None, run_after=None
[2025-02-17T17:20:53.105+0100] {logging_mixin.py:190} INFO - [2025-02-17T17:20:53.103+0100] {dag.py:4180} INFO - Setting next_dagrun for dataset_s3_bucket_consumer_with_no_taskflow to None, run_after=None
[2025-02-17T17:20:53.111+0100] {logging_mixin.py:190} INFO - [2025-02-17T17:20:53.109+0100] {dag.py:4180} INFO - Setting next_dagrun for dataset_s3_bucket_producer_with_no_taskflow to None, run_after=None
[2025-02-17T17:20:53.161+0100] {processor.py:208} INFO - Processing /mnt/c/Users/hp/venv/lib/python3.11/site-packages/airflow/example_dags/example_dataset_alias_with_no_taskflow.py took 0.370 seconds
[2025-02-17T17:36:22.639+0100] {processor.py:186} INFO - Started process (PID=494) to work on /mnt/c/Users/hp/venv/lib/python3.11/site-packages/airflow/example_dags/example_dataset_alias_with_no_taskflow.py
[2025-02-17T17:36:22.647+0100] {processor.py:914} INFO - Processing file /mnt/c/Users/hp/venv/lib/python3.11/site-packages/airflow/example_dags/example_dataset_alias_with_no_taskflow.py for tasks to queue
[2025-02-17T17:36:22.654+0100] {logging_mixin.py:190} INFO - [2025-02-17T17:36:22.652+0100] {dagbag.py:588} INFO - Filling up the DagBag from /mnt/c/Users/hp/venv/lib/python3.11/site-packages/airflow/example_dags/example_dataset_alias_with_no_taskflow.py
[2025-02-17T17:36:22.879+0100] {processor.py:925} INFO - DAG(s) 'dataset_s3_bucket_consumer_with_no_taskflow', 'dataset_s3_bucket_producer_with_no_taskflow', 'dataset_alias_example_alias_producer_with_no_taskflow', 'dataset_alias_example_alias_consumer_with_no_taskflow' retrieved from /mnt/c/Users/hp/venv/lib/python3.11/site-packages/airflow/example_dags/example_dataset_alias_with_no_taskflow.py
[2025-02-17T17:36:22.931+0100] {logging_mixin.py:190} INFO - [2025-02-17T17:36:22.929+0100] {dag.py:3239} INFO - Sync 4 DAGs
[2025-02-17T17:36:22.981+0100] {logging_mixin.py:190} INFO - [2025-02-17T17:36:22.979+0100] {dag.py:4180} INFO - Setting next_dagrun for dataset_alias_example_alias_consumer_with_no_taskflow to None, run_after=None
[2025-02-17T17:36:22.992+0100] {logging_mixin.py:190} INFO - [2025-02-17T17:36:22.989+0100] {dag.py:4180} INFO - Setting next_dagrun for dataset_alias_example_alias_producer_with_no_taskflow to None, run_after=None
[2025-02-17T17:36:22.999+0100] {logging_mixin.py:190} INFO - [2025-02-17T17:36:22.997+0100] {dag.py:4180} INFO - Setting next_dagrun for dataset_s3_bucket_consumer_with_no_taskflow to None, run_after=None
[2025-02-17T17:36:23.007+0100] {logging_mixin.py:190} INFO - [2025-02-17T17:36:23.004+0100] {dag.py:4180} INFO - Setting next_dagrun for dataset_s3_bucket_producer_with_no_taskflow to None, run_after=None
[2025-02-17T17:36:23.065+0100] {processor.py:208} INFO - Processing /mnt/c/Users/hp/venv/lib/python3.11/site-packages/airflow/example_dags/example_dataset_alias_with_no_taskflow.py took 0.467 seconds
[2025-02-17T17:38:20.352+0100] {processor.py:186} INFO - Started process (PID=585) to work on /mnt/c/Users/hp/venv/lib/python3.11/site-packages/airflow/example_dags/example_dataset_alias_with_no_taskflow.py
[2025-02-17T17:38:20.363+0100] {processor.py:914} INFO - Processing file /mnt/c/Users/hp/venv/lib/python3.11/site-packages/airflow/example_dags/example_dataset_alias_with_no_taskflow.py for tasks to queue
[2025-02-17T17:38:20.379+0100] {logging_mixin.py:190} INFO - [2025-02-17T17:38:20.373+0100] {dagbag.py:588} INFO - Filling up the DagBag from /mnt/c/Users/hp/venv/lib/python3.11/site-packages/airflow/example_dags/example_dataset_alias_with_no_taskflow.py
[2025-02-17T17:38:20.817+0100] {processor.py:925} INFO - DAG(s) 'dataset_s3_bucket_producer_with_no_taskflow', 'dataset_s3_bucket_consumer_with_no_taskflow', 'dataset_alias_example_alias_producer_with_no_taskflow', 'dataset_alias_example_alias_consumer_with_no_taskflow' retrieved from /mnt/c/Users/hp/venv/lib/python3.11/site-packages/airflow/example_dags/example_dataset_alias_with_no_taskflow.py
[2025-02-17T17:38:20.912+0100] {logging_mixin.py:190} INFO - [2025-02-17T17:38:20.908+0100] {dag.py:3239} INFO - Sync 4 DAGs
[2025-02-17T17:38:20.993+0100] {logging_mixin.py:190} INFO - [2025-02-17T17:38:20.988+0100] {dag.py:4180} INFO - Setting next_dagrun for dataset_alias_example_alias_consumer_with_no_taskflow to None, run_after=None
[2025-02-17T17:38:21.011+0100] {logging_mixin.py:190} INFO - [2025-02-17T17:38:21.007+0100] {dag.py:4180} INFO - Setting next_dagrun for dataset_alias_example_alias_producer_with_no_taskflow to None, run_after=None
[2025-02-17T17:38:21.023+0100] {logging_mixin.py:190} INFO - [2025-02-17T17:38:21.018+0100] {dag.py:4180} INFO - Setting next_dagrun for dataset_s3_bucket_consumer_with_no_taskflow to None, run_after=None
[2025-02-17T17:38:21.034+0100] {logging_mixin.py:190} INFO - [2025-02-17T17:38:21.030+0100] {dag.py:4180} INFO - Setting next_dagrun for dataset_s3_bucket_producer_with_no_taskflow to None, run_after=None
[2025-02-17T17:38:21.134+0100] {processor.py:208} INFO - Processing /mnt/c/Users/hp/venv/lib/python3.11/site-packages/airflow/example_dags/example_dataset_alias_with_no_taskflow.py took 0.840 seconds
