[2025-02-17T17:07:33.902+0100] {processor.py:186} INFO - Started process (PID=2443) to work on /mnt/c/Users/hp/venv/lib/python3.11/site-packages/airflow/example_dags/example_setup_teardown_taskflow.py
[2025-02-17T17:07:33.910+0100] {processor.py:914} INFO - Processing file /mnt/c/Users/hp/venv/lib/python3.11/site-packages/airflow/example_dags/example_setup_teardown_taskflow.py for tasks to queue
[2025-02-17T17:07:33.931+0100] {logging_mixin.py:190} INFO - [2025-02-17T17:07:33.925+0100] {dagbag.py:588} INFO - Filling up the DagBag from /mnt/c/Users/hp/venv/lib/python3.11/site-packages/airflow/example_dags/example_setup_teardown_taskflow.py
[2025-02-17T17:07:34.248+0100] {processor.py:925} INFO - DAG(s) 'example_setup_teardown_taskflow' retrieved from /mnt/c/Users/hp/venv/lib/python3.11/site-packages/airflow/example_dags/example_setup_teardown_taskflow.py
[2025-02-17T17:07:39.143+0100] {logging_mixin.py:190} INFO - [2025-02-17T17:07:39.141+0100] {dag.py:3239} INFO - Sync 1 DAGs
[2025-02-17T17:07:39.165+0100] {logging_mixin.py:190} INFO - [2025-02-17T17:07:39.163+0100] {dag.py:4180} INFO - Setting next_dagrun for example_setup_teardown_taskflow to None, run_after=None
[2025-02-17T17:07:39.222+0100] {processor.py:208} INFO - Processing /mnt/c/Users/hp/venv/lib/python3.11/site-packages/airflow/example_dags/example_setup_teardown_taskflow.py took 5.394 seconds
[2025-02-17T17:11:07.063+0100] {processor.py:186} INFO - Started process (PID=2521) to work on /mnt/c/Users/hp/venv/lib/python3.11/site-packages/airflow/example_dags/example_setup_teardown_taskflow.py
[2025-02-17T17:11:07.071+0100] {processor.py:914} INFO - Processing file /mnt/c/Users/hp/venv/lib/python3.11/site-packages/airflow/example_dags/example_setup_teardown_taskflow.py for tasks to queue
[2025-02-17T17:11:07.078+0100] {logging_mixin.py:190} INFO - [2025-02-17T17:11:07.076+0100] {dagbag.py:588} INFO - Filling up the DagBag from /mnt/c/Users/hp/venv/lib/python3.11/site-packages/airflow/example_dags/example_setup_teardown_taskflow.py
[2025-02-17T17:11:07.383+0100] {processor.py:925} INFO - DAG(s) 'example_setup_teardown_taskflow' retrieved from /mnt/c/Users/hp/venv/lib/python3.11/site-packages/airflow/example_dags/example_setup_teardown_taskflow.py
[2025-02-17T17:11:07.432+0100] {logging_mixin.py:190} INFO - [2025-02-17T17:11:07.428+0100] {dag.py:3239} INFO - Sync 1 DAGs
[2025-02-17T17:11:07.467+0100] {logging_mixin.py:190} INFO - [2025-02-17T17:11:07.464+0100] {dag.py:4180} INFO - Setting next_dagrun for example_setup_teardown_taskflow to None, run_after=None
[2025-02-17T17:11:07.526+0100] {processor.py:208} INFO - Processing /mnt/c/Users/hp/venv/lib/python3.11/site-packages/airflow/example_dags/example_setup_teardown_taskflow.py took 0.499 seconds
[2025-02-17T17:12:24.701+0100] {processor.py:186} INFO - Started process (PID=2580) to work on /mnt/c/Users/hp/venv/lib/python3.11/site-packages/airflow/example_dags/example_setup_teardown_taskflow.py
[2025-02-17T17:12:24.706+0100] {processor.py:914} INFO - Processing file /mnt/c/Users/hp/venv/lib/python3.11/site-packages/airflow/example_dags/example_setup_teardown_taskflow.py for tasks to queue
[2025-02-17T17:12:24.714+0100] {logging_mixin.py:190} INFO - [2025-02-17T17:12:24.711+0100] {dagbag.py:588} INFO - Filling up the DagBag from /mnt/c/Users/hp/venv/lib/python3.11/site-packages/airflow/example_dags/example_setup_teardown_taskflow.py
[2025-02-17T17:12:24.868+0100] {processor.py:925} INFO - DAG(s) 'example_setup_teardown_taskflow' retrieved from /mnt/c/Users/hp/venv/lib/python3.11/site-packages/airflow/example_dags/example_setup_teardown_taskflow.py
[2025-02-17T17:12:24.911+0100] {logging_mixin.py:190} INFO - [2025-02-17T17:12:24.909+0100] {dag.py:3239} INFO - Sync 1 DAGs
[2025-02-17T17:12:24.934+0100] {logging_mixin.py:190} INFO - [2025-02-17T17:12:24.932+0100] {dag.py:4180} INFO - Setting next_dagrun for example_setup_teardown_taskflow to None, run_after=None
[2025-02-17T17:12:24.972+0100] {processor.py:208} INFO - Processing /mnt/c/Users/hp/venv/lib/python3.11/site-packages/airflow/example_dags/example_setup_teardown_taskflow.py took 0.304 seconds
[2025-02-17T17:14:32.080+0100] {processor.py:186} INFO - Started process (PID=2662) to work on /mnt/c/Users/hp/venv/lib/python3.11/site-packages/airflow/example_dags/example_setup_teardown_taskflow.py
[2025-02-17T17:14:32.088+0100] {processor.py:914} INFO - Processing file /mnt/c/Users/hp/venv/lib/python3.11/site-packages/airflow/example_dags/example_setup_teardown_taskflow.py for tasks to queue
[2025-02-17T17:14:32.096+0100] {logging_mixin.py:190} INFO - [2025-02-17T17:14:32.093+0100] {dagbag.py:588} INFO - Filling up the DagBag from /mnt/c/Users/hp/venv/lib/python3.11/site-packages/airflow/example_dags/example_setup_teardown_taskflow.py
[2025-02-17T17:14:32.282+0100] {processor.py:925} INFO - DAG(s) 'example_setup_teardown_taskflow' retrieved from /mnt/c/Users/hp/venv/lib/python3.11/site-packages/airflow/example_dags/example_setup_teardown_taskflow.py
[2025-02-17T17:14:32.318+0100] {logging_mixin.py:190} INFO - [2025-02-17T17:14:32.316+0100] {dag.py:3239} INFO - Sync 1 DAGs
[2025-02-17T17:14:32.346+0100] {logging_mixin.py:190} INFO - [2025-02-17T17:14:32.342+0100] {dag.py:4180} INFO - Setting next_dagrun for example_setup_teardown_taskflow to None, run_after=None
[2025-02-17T17:14:32.416+0100] {processor.py:208} INFO - Processing /mnt/c/Users/hp/venv/lib/python3.11/site-packages/airflow/example_dags/example_setup_teardown_taskflow.py took 0.365 seconds
[2025-02-17T17:16:35.437+0100] {processor.py:186} INFO - Started process (PID=2742) to work on /mnt/c/Users/hp/venv/lib/python3.11/site-packages/airflow/example_dags/example_setup_teardown_taskflow.py
[2025-02-17T17:16:35.445+0100] {processor.py:914} INFO - Processing file /mnt/c/Users/hp/venv/lib/python3.11/site-packages/airflow/example_dags/example_setup_teardown_taskflow.py for tasks to queue
[2025-02-17T17:16:35.454+0100] {logging_mixin.py:190} INFO - [2025-02-17T17:16:35.451+0100] {dagbag.py:588} INFO - Filling up the DagBag from /mnt/c/Users/hp/venv/lib/python3.11/site-packages/airflow/example_dags/example_setup_teardown_taskflow.py
[2025-02-17T17:16:35.644+0100] {processor.py:925} INFO - DAG(s) 'example_setup_teardown_taskflow' retrieved from /mnt/c/Users/hp/venv/lib/python3.11/site-packages/airflow/example_dags/example_setup_teardown_taskflow.py
[2025-02-17T17:16:35.691+0100] {logging_mixin.py:190} INFO - [2025-02-17T17:16:35.689+0100] {dag.py:3239} INFO - Sync 1 DAGs
[2025-02-17T17:16:35.715+0100] {logging_mixin.py:190} INFO - [2025-02-17T17:16:35.713+0100] {dag.py:4180} INFO - Setting next_dagrun for example_setup_teardown_taskflow to None, run_after=None
[2025-02-17T17:16:35.755+0100] {processor.py:208} INFO - Processing /mnt/c/Users/hp/venv/lib/python3.11/site-packages/airflow/example_dags/example_setup_teardown_taskflow.py took 0.348 seconds
[2025-02-17T17:18:11.526+0100] {processor.py:186} INFO - Started process (PID=2817) to work on /mnt/c/Users/hp/venv/lib/python3.11/site-packages/airflow/example_dags/example_setup_teardown_taskflow.py
[2025-02-17T17:18:11.533+0100] {processor.py:914} INFO - Processing file /mnt/c/Users/hp/venv/lib/python3.11/site-packages/airflow/example_dags/example_setup_teardown_taskflow.py for tasks to queue
[2025-02-17T17:18:11.543+0100] {logging_mixin.py:190} INFO - [2025-02-17T17:18:11.540+0100] {dagbag.py:588} INFO - Filling up the DagBag from /mnt/c/Users/hp/venv/lib/python3.11/site-packages/airflow/example_dags/example_setup_teardown_taskflow.py
[2025-02-17T17:18:11.716+0100] {processor.py:925} INFO - DAG(s) 'example_setup_teardown_taskflow' retrieved from /mnt/c/Users/hp/venv/lib/python3.11/site-packages/airflow/example_dags/example_setup_teardown_taskflow.py
[2025-02-17T17:18:11.756+0100] {logging_mixin.py:190} INFO - [2025-02-17T17:18:11.753+0100] {dag.py:3239} INFO - Sync 1 DAGs
[2025-02-17T17:18:11.794+0100] {logging_mixin.py:190} INFO - [2025-02-17T17:18:11.791+0100] {dag.py:4180} INFO - Setting next_dagrun for example_setup_teardown_taskflow to None, run_after=None
[2025-02-17T17:18:11.859+0100] {processor.py:208} INFO - Processing /mnt/c/Users/hp/venv/lib/python3.11/site-packages/airflow/example_dags/example_setup_teardown_taskflow.py took 0.357 seconds
[2025-02-17T17:19:47.277+0100] {processor.py:186} INFO - Started process (PID=2892) to work on /mnt/c/Users/hp/venv/lib/python3.11/site-packages/airflow/example_dags/example_setup_teardown_taskflow.py
[2025-02-17T17:19:47.284+0100] {processor.py:914} INFO - Processing file /mnt/c/Users/hp/venv/lib/python3.11/site-packages/airflow/example_dags/example_setup_teardown_taskflow.py for tasks to queue
[2025-02-17T17:19:47.292+0100] {logging_mixin.py:190} INFO - [2025-02-17T17:19:47.290+0100] {dagbag.py:588} INFO - Filling up the DagBag from /mnt/c/Users/hp/venv/lib/python3.11/site-packages/airflow/example_dags/example_setup_teardown_taskflow.py
[2025-02-17T17:19:47.460+0100] {processor.py:925} INFO - DAG(s) 'example_setup_teardown_taskflow' retrieved from /mnt/c/Users/hp/venv/lib/python3.11/site-packages/airflow/example_dags/example_setup_teardown_taskflow.py
[2025-02-17T17:19:47.496+0100] {logging_mixin.py:190} INFO - [2025-02-17T17:19:47.493+0100] {dag.py:3239} INFO - Sync 1 DAGs
[2025-02-17T17:19:47.523+0100] {logging_mixin.py:190} INFO - [2025-02-17T17:19:47.520+0100] {dag.py:4180} INFO - Setting next_dagrun for example_setup_teardown_taskflow to None, run_after=None
[2025-02-17T17:19:47.570+0100] {processor.py:208} INFO - Processing /mnt/c/Users/hp/venv/lib/python3.11/site-packages/airflow/example_dags/example_setup_teardown_taskflow.py took 0.321 seconds
[2025-02-17T17:21:26.459+0100] {processor.py:186} INFO - Started process (PID=2968) to work on /mnt/c/Users/hp/venv/lib/python3.11/site-packages/airflow/example_dags/example_setup_teardown_taskflow.py
[2025-02-17T17:21:26.468+0100] {processor.py:914} INFO - Processing file /mnt/c/Users/hp/venv/lib/python3.11/site-packages/airflow/example_dags/example_setup_teardown_taskflow.py for tasks to queue
[2025-02-17T17:21:26.478+0100] {logging_mixin.py:190} INFO - [2025-02-17T17:21:26.475+0100] {dagbag.py:588} INFO - Filling up the DagBag from /mnt/c/Users/hp/venv/lib/python3.11/site-packages/airflow/example_dags/example_setup_teardown_taskflow.py
[2025-02-17T17:21:26.710+0100] {processor.py:925} INFO - DAG(s) 'example_setup_teardown_taskflow' retrieved from /mnt/c/Users/hp/venv/lib/python3.11/site-packages/airflow/example_dags/example_setup_teardown_taskflow.py
[2025-02-17T17:21:26.762+0100] {logging_mixin.py:190} INFO - [2025-02-17T17:21:26.759+0100] {dag.py:3239} INFO - Sync 1 DAGs
[2025-02-17T17:21:26.798+0100] {logging_mixin.py:190} INFO - [2025-02-17T17:21:26.796+0100] {dag.py:4180} INFO - Setting next_dagrun for example_setup_teardown_taskflow to None, run_after=None
[2025-02-17T17:21:26.871+0100] {processor.py:208} INFO - Processing /mnt/c/Users/hp/venv/lib/python3.11/site-packages/airflow/example_dags/example_setup_teardown_taskflow.py took 0.452 seconds
[2025-02-17T17:35:45.440+0100] {processor.py:186} INFO - Started process (PID=464) to work on /mnt/c/Users/hp/venv/lib/python3.11/site-packages/airflow/example_dags/example_setup_teardown_taskflow.py
[2025-02-17T17:35:45.451+0100] {processor.py:914} INFO - Processing file /mnt/c/Users/hp/venv/lib/python3.11/site-packages/airflow/example_dags/example_setup_teardown_taskflow.py for tasks to queue
[2025-02-17T17:35:45.466+0100] {logging_mixin.py:190} INFO - [2025-02-17T17:35:45.461+0100] {dagbag.py:588} INFO - Filling up the DagBag from /mnt/c/Users/hp/venv/lib/python3.11/site-packages/airflow/example_dags/example_setup_teardown_taskflow.py
[2025-02-17T17:35:45.826+0100] {processor.py:925} INFO - DAG(s) 'example_setup_teardown_taskflow' retrieved from /mnt/c/Users/hp/venv/lib/python3.11/site-packages/airflow/example_dags/example_setup_teardown_taskflow.py
[2025-02-17T17:35:45.989+0100] {logging_mixin.py:190} INFO - [2025-02-17T17:35:45.984+0100] {dag.py:3239} INFO - Sync 1 DAGs
[2025-02-17T17:35:46.044+0100] {logging_mixin.py:190} INFO - [2025-02-17T17:35:46.039+0100] {dag.py:4180} INFO - Setting next_dagrun for example_setup_teardown_taskflow to None, run_after=None
[2025-02-17T17:35:46.128+0100] {processor.py:208} INFO - Processing /mnt/c/Users/hp/venv/lib/python3.11/site-packages/airflow/example_dags/example_setup_teardown_taskflow.py took 0.745 seconds
[2025-02-17T17:37:42.420+0100] {processor.py:186} INFO - Started process (PID=546) to work on /mnt/c/Users/hp/venv/lib/python3.11/site-packages/airflow/example_dags/example_setup_teardown_taskflow.py
[2025-02-17T17:37:42.435+0100] {processor.py:914} INFO - Processing file /mnt/c/Users/hp/venv/lib/python3.11/site-packages/airflow/example_dags/example_setup_teardown_taskflow.py for tasks to queue
[2025-02-17T17:37:42.456+0100] {logging_mixin.py:190} INFO - [2025-02-17T17:37:42.449+0100] {dagbag.py:588} INFO - Filling up the DagBag from /mnt/c/Users/hp/venv/lib/python3.11/site-packages/airflow/example_dags/example_setup_teardown_taskflow.py
[2025-02-17T17:37:42.827+0100] {processor.py:925} INFO - DAG(s) 'example_setup_teardown_taskflow' retrieved from /mnt/c/Users/hp/venv/lib/python3.11/site-packages/airflow/example_dags/example_setup_teardown_taskflow.py
[2025-02-17T17:37:42.918+0100] {logging_mixin.py:190} INFO - [2025-02-17T17:37:42.916+0100] {dag.py:3239} INFO - Sync 1 DAGs
[2025-02-17T17:37:42.960+0100] {logging_mixin.py:190} INFO - [2025-02-17T17:37:42.958+0100] {dag.py:4180} INFO - Setting next_dagrun for example_setup_teardown_taskflow to None, run_after=None
[2025-02-17T17:37:43.022+0100] {processor.py:208} INFO - Processing /mnt/c/Users/hp/venv/lib/python3.11/site-packages/airflow/example_dags/example_setup_teardown_taskflow.py took 0.724 seconds
[2025-02-17T17:39:18.199+0100] {processor.py:186} INFO - Started process (PID=620) to work on /mnt/c/Users/hp/venv/lib/python3.11/site-packages/airflow/example_dags/example_setup_teardown_taskflow.py
[2025-02-17T17:39:18.212+0100] {processor.py:914} INFO - Processing file /mnt/c/Users/hp/venv/lib/python3.11/site-packages/airflow/example_dags/example_setup_teardown_taskflow.py for tasks to queue
[2025-02-17T17:39:18.229+0100] {logging_mixin.py:190} INFO - [2025-02-17T17:39:18.224+0100] {dagbag.py:588} INFO - Filling up the DagBag from /mnt/c/Users/hp/venv/lib/python3.11/site-packages/airflow/example_dags/example_setup_teardown_taskflow.py
[2025-02-17T17:39:18.663+0100] {processor.py:925} INFO - DAG(s) 'example_setup_teardown_taskflow' retrieved from /mnt/c/Users/hp/venv/lib/python3.11/site-packages/airflow/example_dags/example_setup_teardown_taskflow.py
[2025-02-17T17:39:18.769+0100] {logging_mixin.py:190} INFO - [2025-02-17T17:39:18.765+0100] {dag.py:3239} INFO - Sync 1 DAGs
[2025-02-17T17:39:18.830+0100] {logging_mixin.py:190} INFO - [2025-02-17T17:39:18.824+0100] {dag.py:4180} INFO - Setting next_dagrun for example_setup_teardown_taskflow to None, run_after=None
[2025-02-17T17:39:18.914+0100] {processor.py:208} INFO - Processing /mnt/c/Users/hp/venv/lib/python3.11/site-packages/airflow/example_dags/example_setup_teardown_taskflow.py took 0.776 seconds
[2025-02-17T17:40:49.668+0100] {processor.py:186} INFO - Started process (PID=686) to work on /mnt/c/Users/hp/venv/lib/python3.11/site-packages/airflow/example_dags/example_setup_teardown_taskflow.py
[2025-02-17T17:40:49.679+0100] {processor.py:914} INFO - Processing file /mnt/c/Users/hp/venv/lib/python3.11/site-packages/airflow/example_dags/example_setup_teardown_taskflow.py for tasks to queue
[2025-02-17T17:40:49.694+0100] {logging_mixin.py:190} INFO - [2025-02-17T17:40:49.689+0100] {dagbag.py:588} INFO - Filling up the DagBag from /mnt/c/Users/hp/venv/lib/python3.11/site-packages/airflow/example_dags/example_setup_teardown_taskflow.py
[2025-02-17T17:40:49.941+0100] {processor.py:925} INFO - DAG(s) 'example_setup_teardown_taskflow' retrieved from /mnt/c/Users/hp/venv/lib/python3.11/site-packages/airflow/example_dags/example_setup_teardown_taskflow.py
[2025-02-17T17:40:49.994+0100] {logging_mixin.py:190} INFO - [2025-02-17T17:40:49.991+0100] {dag.py:3239} INFO - Sync 1 DAGs
[2025-02-17T17:40:50.027+0100] {logging_mixin.py:190} INFO - [2025-02-17T17:40:50.024+0100] {dag.py:4180} INFO - Setting next_dagrun for example_setup_teardown_taskflow to None, run_after=None
[2025-02-17T17:40:50.096+0100] {processor.py:208} INFO - Processing /mnt/c/Users/hp/venv/lib/python3.11/site-packages/airflow/example_dags/example_setup_teardown_taskflow.py took 0.482 seconds
