[2025-02-17T17:08:28.326+0100] {processor.py:186} INFO - Started process (PID=2465) to work on /mnt/c/Users/hp/venv/lib/python3.11/site-packages/airflow/example_dags/example_outlet_event_extra.py
[2025-02-17T17:08:28.335+0100] {processor.py:914} INFO - Processing file /mnt/c/Users/hp/venv/lib/python3.11/site-packages/airflow/example_dags/example_outlet_event_extra.py for tasks to queue
[2025-02-17T17:08:28.352+0100] {logging_mixin.py:190} INFO - [2025-02-17T17:08:28.347+0100] {dagbag.py:588} INFO - Filling up the DagBag from /mnt/c/Users/hp/venv/lib/python3.11/site-packages/airflow/example_dags/example_outlet_event_extra.py
[2025-02-17T17:08:28.550+0100] {processor.py:925} INFO - DAG(s) 'dataset_with_extra_by_yield', 'dataset_with_extra_from_classic_operator', 'dataset_with_extra_by_context' retrieved from /mnt/c/Users/hp/venv/lib/python3.11/site-packages/airflow/example_dags/example_outlet_event_extra.py
[2025-02-17T17:08:33.328+0100] {logging_mixin.py:190} INFO - [2025-02-17T17:08:33.324+0100] {dag.py:3239} INFO - Sync 3 DAGs
[2025-02-17T17:08:33.390+0100] {logging_mixin.py:190} INFO - [2025-02-17T17:08:33.387+0100] {dag.py:4180} INFO - Setting next_dagrun for dataset_with_extra_by_context to 2025-02-16 00:00:00+00:00, run_after=2025-02-17 00:00:00+00:00
[2025-02-17T17:08:33.405+0100] {logging_mixin.py:190} INFO - [2025-02-17T17:08:33.402+0100] {dag.py:4180} INFO - Setting next_dagrun for dataset_with_extra_by_yield to 2025-02-16 00:00:00+00:00, run_after=2025-02-17 00:00:00+00:00
[2025-02-17T17:08:33.416+0100] {logging_mixin.py:190} INFO - [2025-02-17T17:08:33.413+0100] {dag.py:4180} INFO - Setting next_dagrun for dataset_with_extra_from_classic_operator to 2025-02-16 00:00:00+00:00, run_after=2025-02-17 00:00:00+00:00
[2025-02-17T17:08:33.531+0100] {processor.py:208} INFO - Processing /mnt/c/Users/hp/venv/lib/python3.11/site-packages/airflow/example_dags/example_outlet_event_extra.py took 5.273 seconds
[2025-02-17T17:11:20.686+0100] {processor.py:186} INFO - Started process (PID=2530) to work on /mnt/c/Users/hp/venv/lib/python3.11/site-packages/airflow/example_dags/example_outlet_event_extra.py
[2025-02-17T17:11:20.696+0100] {processor.py:914} INFO - Processing file /mnt/c/Users/hp/venv/lib/python3.11/site-packages/airflow/example_dags/example_outlet_event_extra.py for tasks to queue
[2025-02-17T17:11:20.712+0100] {logging_mixin.py:190} INFO - [2025-02-17T17:11:20.706+0100] {dagbag.py:588} INFO - Filling up the DagBag from /mnt/c/Users/hp/venv/lib/python3.11/site-packages/airflow/example_dags/example_outlet_event_extra.py
[2025-02-17T17:11:21.078+0100] {processor.py:925} INFO - DAG(s) 'dataset_with_extra_by_context', 'dataset_with_extra_from_classic_operator', 'dataset_with_extra_by_yield' retrieved from /mnt/c/Users/hp/venv/lib/python3.11/site-packages/airflow/example_dags/example_outlet_event_extra.py
[2025-02-17T17:11:21.136+0100] {logging_mixin.py:190} INFO - [2025-02-17T17:11:21.134+0100] {dag.py:3239} INFO - Sync 3 DAGs
[2025-02-17T17:11:21.173+0100] {logging_mixin.py:190} INFO - [2025-02-17T17:11:21.170+0100] {dag.py:4180} INFO - Setting next_dagrun for dataset_with_extra_by_context to 2025-02-16 00:00:00+00:00, run_after=2025-02-17 00:00:00+00:00
[2025-02-17T17:11:21.190+0100] {logging_mixin.py:190} INFO - [2025-02-17T17:11:21.187+0100] {dag.py:4180} INFO - Setting next_dagrun for dataset_with_extra_by_yield to 2025-02-16 00:00:00+00:00, run_after=2025-02-17 00:00:00+00:00
[2025-02-17T17:11:21.200+0100] {logging_mixin.py:190} INFO - [2025-02-17T17:11:21.197+0100] {dag.py:4180} INFO - Setting next_dagrun for dataset_with_extra_from_classic_operator to 2025-02-16 00:00:00+00:00, run_after=2025-02-17 00:00:00+00:00
[2025-02-17T17:11:21.262+0100] {processor.py:208} INFO - Processing /mnt/c/Users/hp/venv/lib/python3.11/site-packages/airflow/example_dags/example_outlet_event_extra.py took 0.615 seconds
[2025-02-17T17:13:26.970+0100] {processor.py:186} INFO - Started process (PID=2621) to work on /mnt/c/Users/hp/venv/lib/python3.11/site-packages/airflow/example_dags/example_outlet_event_extra.py
[2025-02-17T17:13:26.974+0100] {processor.py:914} INFO - Processing file /mnt/c/Users/hp/venv/lib/python3.11/site-packages/airflow/example_dags/example_outlet_event_extra.py for tasks to queue
[2025-02-17T17:13:26.984+0100] {logging_mixin.py:190} INFO - [2025-02-17T17:13:26.981+0100] {dagbag.py:588} INFO - Filling up the DagBag from /mnt/c/Users/hp/venv/lib/python3.11/site-packages/airflow/example_dags/example_outlet_event_extra.py
[2025-02-17T17:13:27.227+0100] {processor.py:925} INFO - DAG(s) 'dataset_with_extra_from_classic_operator', 'dataset_with_extra_by_yield', 'dataset_with_extra_by_context' retrieved from /mnt/c/Users/hp/venv/lib/python3.11/site-packages/airflow/example_dags/example_outlet_event_extra.py
[2025-02-17T17:13:27.299+0100] {logging_mixin.py:190} INFO - [2025-02-17T17:13:27.296+0100] {dag.py:3239} INFO - Sync 3 DAGs
[2025-02-17T17:13:27.346+0100] {logging_mixin.py:190} INFO - [2025-02-17T17:13:27.342+0100] {dag.py:4180} INFO - Setting next_dagrun for dataset_with_extra_by_context to 2025-02-16 00:00:00+00:00, run_after=2025-02-17 00:00:00+00:00
[2025-02-17T17:13:27.360+0100] {logging_mixin.py:190} INFO - [2025-02-17T17:13:27.357+0100] {dag.py:4180} INFO - Setting next_dagrun for dataset_with_extra_by_yield to 2025-02-16 00:00:00+00:00, run_after=2025-02-17 00:00:00+00:00
[2025-02-17T17:13:27.372+0100] {logging_mixin.py:190} INFO - [2025-02-17T17:13:27.368+0100] {dag.py:4180} INFO - Setting next_dagrun for dataset_with_extra_from_classic_operator to 2025-02-16 00:00:00+00:00, run_after=2025-02-17 00:00:00+00:00
[2025-02-17T17:13:27.473+0100] {processor.py:208} INFO - Processing /mnt/c/Users/hp/venv/lib/python3.11/site-packages/airflow/example_dags/example_outlet_event_extra.py took 0.536 seconds
[2025-02-17T17:15:28.547+0100] {processor.py:186} INFO - Started process (PID=2702) to work on /mnt/c/Users/hp/venv/lib/python3.11/site-packages/airflow/example_dags/example_outlet_event_extra.py
[2025-02-17T17:15:28.552+0100] {processor.py:914} INFO - Processing file /mnt/c/Users/hp/venv/lib/python3.11/site-packages/airflow/example_dags/example_outlet_event_extra.py for tasks to queue
[2025-02-17T17:15:28.561+0100] {logging_mixin.py:190} INFO - [2025-02-17T17:15:28.558+0100] {dagbag.py:588} INFO - Filling up the DagBag from /mnt/c/Users/hp/venv/lib/python3.11/site-packages/airflow/example_dags/example_outlet_event_extra.py
[2025-02-17T17:15:28.789+0100] {processor.py:925} INFO - DAG(s) 'dataset_with_extra_by_context', 'dataset_with_extra_by_yield', 'dataset_with_extra_from_classic_operator' retrieved from /mnt/c/Users/hp/venv/lib/python3.11/site-packages/airflow/example_dags/example_outlet_event_extra.py
[2025-02-17T17:15:28.859+0100] {logging_mixin.py:190} INFO - [2025-02-17T17:15:28.857+0100] {dag.py:3239} INFO - Sync 3 DAGs
[2025-02-17T17:15:28.902+0100] {logging_mixin.py:190} INFO - [2025-02-17T17:15:28.900+0100] {dag.py:4180} INFO - Setting next_dagrun for dataset_with_extra_by_context to 2025-02-16 00:00:00+00:00, run_after=2025-02-17 00:00:00+00:00
[2025-02-17T17:15:28.911+0100] {logging_mixin.py:190} INFO - [2025-02-17T17:15:28.909+0100] {dag.py:4180} INFO - Setting next_dagrun for dataset_with_extra_by_yield to 2025-02-16 00:00:00+00:00, run_after=2025-02-17 00:00:00+00:00
[2025-02-17T17:15:28.918+0100] {logging_mixin.py:190} INFO - [2025-02-17T17:15:28.916+0100] {dag.py:4180} INFO - Setting next_dagrun for dataset_with_extra_from_classic_operator to 2025-02-16 00:00:00+00:00, run_after=2025-02-17 00:00:00+00:00
[2025-02-17T17:15:28.962+0100] {processor.py:208} INFO - Processing /mnt/c/Users/hp/venv/lib/python3.11/site-packages/airflow/example_dags/example_outlet_event_extra.py took 0.447 seconds
[2025-02-17T17:16:48.218+0100] {processor.py:186} INFO - Started process (PID=2751) to work on /mnt/c/Users/hp/venv/lib/python3.11/site-packages/airflow/example_dags/example_outlet_event_extra.py
[2025-02-17T17:16:48.223+0100] {processor.py:914} INFO - Processing file /mnt/c/Users/hp/venv/lib/python3.11/site-packages/airflow/example_dags/example_outlet_event_extra.py for tasks to queue
[2025-02-17T17:16:48.233+0100] {logging_mixin.py:190} INFO - [2025-02-17T17:16:48.229+0100] {dagbag.py:588} INFO - Filling up the DagBag from /mnt/c/Users/hp/venv/lib/python3.11/site-packages/airflow/example_dags/example_outlet_event_extra.py
[2025-02-17T17:16:48.490+0100] {processor.py:925} INFO - DAG(s) 'dataset_with_extra_by_context', 'dataset_with_extra_by_yield', 'dataset_with_extra_from_classic_operator' retrieved from /mnt/c/Users/hp/venv/lib/python3.11/site-packages/airflow/example_dags/example_outlet_event_extra.py
[2025-02-17T17:16:48.559+0100] {logging_mixin.py:190} INFO - [2025-02-17T17:16:48.557+0100] {dag.py:3239} INFO - Sync 3 DAGs
[2025-02-17T17:16:48.609+0100] {logging_mixin.py:190} INFO - [2025-02-17T17:16:48.607+0100] {dag.py:4180} INFO - Setting next_dagrun for dataset_with_extra_by_context to 2025-02-16 00:00:00+00:00, run_after=2025-02-17 00:00:00+00:00
[2025-02-17T17:16:48.626+0100] {logging_mixin.py:190} INFO - [2025-02-17T17:16:48.623+0100] {dag.py:4180} INFO - Setting next_dagrun for dataset_with_extra_by_yield to 2025-02-16 00:00:00+00:00, run_after=2025-02-17 00:00:00+00:00
[2025-02-17T17:16:48.637+0100] {logging_mixin.py:190} INFO - [2025-02-17T17:16:48.634+0100] {dag.py:4180} INFO - Setting next_dagrun for dataset_with_extra_from_classic_operator to 2025-02-16 00:00:00+00:00, run_after=2025-02-17 00:00:00+00:00
[2025-02-17T17:16:48.695+0100] {processor.py:208} INFO - Processing /mnt/c/Users/hp/venv/lib/python3.11/site-packages/airflow/example_dags/example_outlet_event_extra.py took 0.519 seconds
[2025-02-17T17:18:23.560+0100] {processor.py:186} INFO - Started process (PID=2826) to work on /mnt/c/Users/hp/venv/lib/python3.11/site-packages/airflow/example_dags/example_outlet_event_extra.py
[2025-02-17T17:18:23.568+0100] {processor.py:914} INFO - Processing file /mnt/c/Users/hp/venv/lib/python3.11/site-packages/airflow/example_dags/example_outlet_event_extra.py for tasks to queue
[2025-02-17T17:18:23.578+0100] {logging_mixin.py:190} INFO - [2025-02-17T17:18:23.576+0100] {dagbag.py:588} INFO - Filling up the DagBag from /mnt/c/Users/hp/venv/lib/python3.11/site-packages/airflow/example_dags/example_outlet_event_extra.py
[2025-02-17T17:18:23.806+0100] {processor.py:925} INFO - DAG(s) 'dataset_with_extra_from_classic_operator', 'dataset_with_extra_by_context', 'dataset_with_extra_by_yield' retrieved from /mnt/c/Users/hp/venv/lib/python3.11/site-packages/airflow/example_dags/example_outlet_event_extra.py
[2025-02-17T17:18:23.870+0100] {logging_mixin.py:190} INFO - [2025-02-17T17:18:23.868+0100] {dag.py:3239} INFO - Sync 3 DAGs
[2025-02-17T17:18:23.947+0100] {logging_mixin.py:190} INFO - [2025-02-17T17:18:23.944+0100] {dag.py:4180} INFO - Setting next_dagrun for dataset_with_extra_by_context to 2025-02-16 00:00:00+00:00, run_after=2025-02-17 00:00:00+00:00
[2025-02-17T17:18:23.973+0100] {logging_mixin.py:190} INFO - [2025-02-17T17:18:23.967+0100] {dag.py:4180} INFO - Setting next_dagrun for dataset_with_extra_by_yield to 2025-02-16 00:00:00+00:00, run_after=2025-02-17 00:00:00+00:00
[2025-02-17T17:18:23.982+0100] {logging_mixin.py:190} INFO - [2025-02-17T17:18:23.980+0100] {dag.py:4180} INFO - Setting next_dagrun for dataset_with_extra_from_classic_operator to 2025-02-16 00:00:00+00:00, run_after=2025-02-17 00:00:00+00:00
[2025-02-17T17:18:24.043+0100] {processor.py:208} INFO - Processing /mnt/c/Users/hp/venv/lib/python3.11/site-packages/airflow/example_dags/example_outlet_event_extra.py took 0.510 seconds
[2025-02-17T17:19:59.252+0100] {processor.py:186} INFO - Started process (PID=2901) to work on /mnt/c/Users/hp/venv/lib/python3.11/site-packages/airflow/example_dags/example_outlet_event_extra.py
[2025-02-17T17:19:59.259+0100] {processor.py:914} INFO - Processing file /mnt/c/Users/hp/venv/lib/python3.11/site-packages/airflow/example_dags/example_outlet_event_extra.py for tasks to queue
[2025-02-17T17:19:59.267+0100] {logging_mixin.py:190} INFO - [2025-02-17T17:19:59.265+0100] {dagbag.py:588} INFO - Filling up the DagBag from /mnt/c/Users/hp/venv/lib/python3.11/site-packages/airflow/example_dags/example_outlet_event_extra.py
[2025-02-17T17:19:59.479+0100] {processor.py:925} INFO - DAG(s) 'dataset_with_extra_from_classic_operator', 'dataset_with_extra_by_context', 'dataset_with_extra_by_yield' retrieved from /mnt/c/Users/hp/venv/lib/python3.11/site-packages/airflow/example_dags/example_outlet_event_extra.py
[2025-02-17T17:19:59.548+0100] {logging_mixin.py:190} INFO - [2025-02-17T17:19:59.546+0100] {dag.py:3239} INFO - Sync 3 DAGs
[2025-02-17T17:19:59.605+0100] {logging_mixin.py:190} INFO - [2025-02-17T17:19:59.602+0100] {dag.py:4180} INFO - Setting next_dagrun for dataset_with_extra_by_context to 2025-02-16 00:00:00+00:00, run_after=2025-02-17 00:00:00+00:00
[2025-02-17T17:19:59.618+0100] {logging_mixin.py:190} INFO - [2025-02-17T17:19:59.616+0100] {dag.py:4180} INFO - Setting next_dagrun for dataset_with_extra_by_yield to 2025-02-16 00:00:00+00:00, run_after=2025-02-17 00:00:00+00:00
[2025-02-17T17:19:59.625+0100] {logging_mixin.py:190} INFO - [2025-02-17T17:19:59.623+0100] {dag.py:4180} INFO - Setting next_dagrun for dataset_with_extra_from_classic_operator to 2025-02-16 00:00:00+00:00, run_after=2025-02-17 00:00:00+00:00
[2025-02-17T17:19:59.676+0100] {processor.py:208} INFO - Processing /mnt/c/Users/hp/venv/lib/python3.11/site-packages/airflow/example_dags/example_outlet_event_extra.py took 0.449 seconds
[2025-02-17T17:21:40.393+0100] {processor.py:186} INFO - Started process (PID=2977) to work on /mnt/c/Users/hp/venv/lib/python3.11/site-packages/airflow/example_dags/example_outlet_event_extra.py
[2025-02-17T17:21:40.399+0100] {processor.py:914} INFO - Processing file /mnt/c/Users/hp/venv/lib/python3.11/site-packages/airflow/example_dags/example_outlet_event_extra.py for tasks to queue
[2025-02-17T17:21:40.412+0100] {logging_mixin.py:190} INFO - [2025-02-17T17:21:40.408+0100] {dagbag.py:588} INFO - Filling up the DagBag from /mnt/c/Users/hp/venv/lib/python3.11/site-packages/airflow/example_dags/example_outlet_event_extra.py
[2025-02-17T17:21:40.647+0100] {processor.py:925} INFO - DAG(s) 'dataset_with_extra_by_yield', 'dataset_with_extra_by_context', 'dataset_with_extra_from_classic_operator' retrieved from /mnt/c/Users/hp/venv/lib/python3.11/site-packages/airflow/example_dags/example_outlet_event_extra.py
[2025-02-17T17:21:40.703+0100] {logging_mixin.py:190} INFO - [2025-02-17T17:21:40.701+0100] {dag.py:3239} INFO - Sync 3 DAGs
[2025-02-17T17:21:40.746+0100] {logging_mixin.py:190} INFO - [2025-02-17T17:21:40.743+0100] {dag.py:4180} INFO - Setting next_dagrun for dataset_with_extra_by_context to 2025-02-16 00:00:00+00:00, run_after=2025-02-17 00:00:00+00:00
[2025-02-17T17:21:40.758+0100] {logging_mixin.py:190} INFO - [2025-02-17T17:21:40.755+0100] {dag.py:4180} INFO - Setting next_dagrun for dataset_with_extra_by_yield to 2025-02-16 00:00:00+00:00, run_after=2025-02-17 00:00:00+00:00
[2025-02-17T17:21:40.768+0100] {logging_mixin.py:190} INFO - [2025-02-17T17:21:40.766+0100] {dag.py:4180} INFO - Setting next_dagrun for dataset_with_extra_from_classic_operator to 2025-02-16 00:00:00+00:00, run_after=2025-02-17 00:00:00+00:00
[2025-02-17T17:21:40.815+0100] {processor.py:208} INFO - Processing /mnt/c/Users/hp/venv/lib/python3.11/site-packages/airflow/example_dags/example_outlet_event_extra.py took 0.459 seconds
[2025-02-17T17:36:02.550+0100] {processor.py:186} INFO - Started process (PID=481) to work on /mnt/c/Users/hp/venv/lib/python3.11/site-packages/airflow/example_dags/example_outlet_event_extra.py
[2025-02-17T17:36:02.562+0100] {processor.py:914} INFO - Processing file /mnt/c/Users/hp/venv/lib/python3.11/site-packages/airflow/example_dags/example_outlet_event_extra.py for tasks to queue
[2025-02-17T17:36:02.579+0100] {logging_mixin.py:190} INFO - [2025-02-17T17:36:02.573+0100] {dagbag.py:588} INFO - Filling up the DagBag from /mnt/c/Users/hp/venv/lib/python3.11/site-packages/airflow/example_dags/example_outlet_event_extra.py
[2025-02-17T17:36:03.149+0100] {processor.py:925} INFO - DAG(s) 'dataset_with_extra_from_classic_operator', 'dataset_with_extra_by_context', 'dataset_with_extra_by_yield' retrieved from /mnt/c/Users/hp/venv/lib/python3.11/site-packages/airflow/example_dags/example_outlet_event_extra.py
[2025-02-17T17:36:03.397+0100] {logging_mixin.py:190} INFO - [2025-02-17T17:36:03.392+0100] {dag.py:3239} INFO - Sync 3 DAGs
[2025-02-17T17:36:03.508+0100] {logging_mixin.py:190} INFO - [2025-02-17T17:36:03.503+0100] {dag.py:4180} INFO - Setting next_dagrun for dataset_with_extra_by_context to 2025-02-16 00:00:00+00:00, run_after=2025-02-17 00:00:00+00:00
[2025-02-17T17:36:03.533+0100] {logging_mixin.py:190} INFO - [2025-02-17T17:36:03.528+0100] {dag.py:4180} INFO - Setting next_dagrun for dataset_with_extra_by_yield to 2025-02-16 00:00:00+00:00, run_after=2025-02-17 00:00:00+00:00
[2025-02-17T17:36:03.551+0100] {logging_mixin.py:190} INFO - [2025-02-17T17:36:03.545+0100] {dag.py:4180} INFO - Setting next_dagrun for dataset_with_extra_from_classic_operator to 2025-02-16 00:00:00+00:00, run_after=2025-02-17 00:00:00+00:00
[2025-02-17T17:36:03.681+0100] {processor.py:208} INFO - Processing /mnt/c/Users/hp/venv/lib/python3.11/site-packages/airflow/example_dags/example_outlet_event_extra.py took 1.178 seconds
[2025-02-17T17:37:58.314+0100] {processor.py:186} INFO - Started process (PID=559) to work on /mnt/c/Users/hp/venv/lib/python3.11/site-packages/airflow/example_dags/example_outlet_event_extra.py
[2025-02-17T17:37:58.319+0100] {processor.py:914} INFO - Processing file /mnt/c/Users/hp/venv/lib/python3.11/site-packages/airflow/example_dags/example_outlet_event_extra.py for tasks to queue
[2025-02-17T17:37:58.330+0100] {logging_mixin.py:190} INFO - [2025-02-17T17:37:58.327+0100] {dagbag.py:588} INFO - Filling up the DagBag from /mnt/c/Users/hp/venv/lib/python3.11/site-packages/airflow/example_dags/example_outlet_event_extra.py
[2025-02-17T17:37:58.643+0100] {processor.py:925} INFO - DAG(s) 'dataset_with_extra_by_context', 'dataset_with_extra_from_classic_operator', 'dataset_with_extra_by_yield' retrieved from /mnt/c/Users/hp/venv/lib/python3.11/site-packages/airflow/example_dags/example_outlet_event_extra.py
[2025-02-17T17:37:58.845+0100] {logging_mixin.py:190} INFO - [2025-02-17T17:37:58.838+0100] {dag.py:3239} INFO - Sync 3 DAGs
[2025-02-17T17:37:59.062+0100] {logging_mixin.py:190} INFO - [2025-02-17T17:37:59.053+0100] {dag.py:4180} INFO - Setting next_dagrun for dataset_with_extra_by_context to 2025-02-16 00:00:00+00:00, run_after=2025-02-17 00:00:00+00:00
[2025-02-17T17:37:59.103+0100] {logging_mixin.py:190} INFO - [2025-02-17T17:37:59.097+0100] {dag.py:4180} INFO - Setting next_dagrun for dataset_with_extra_by_yield to 2025-02-16 00:00:00+00:00, run_after=2025-02-17 00:00:00+00:00
[2025-02-17T17:37:59.121+0100] {logging_mixin.py:190} INFO - [2025-02-17T17:37:59.116+0100] {dag.py:4180} INFO - Setting next_dagrun for dataset_with_extra_from_classic_operator to 2025-02-16 00:00:00+00:00, run_after=2025-02-17 00:00:00+00:00
[2025-02-17T17:37:59.259+0100] {processor.py:208} INFO - Processing /mnt/c/Users/hp/venv/lib/python3.11/site-packages/airflow/example_dags/example_outlet_event_extra.py took 0.984 seconds
[2025-02-17T17:39:35.228+0100] {processor.py:186} INFO - Started process (PID=631) to work on /mnt/c/Users/hp/venv/lib/python3.11/site-packages/airflow/example_dags/example_outlet_event_extra.py
[2025-02-17T17:39:35.239+0100] {processor.py:914} INFO - Processing file /mnt/c/Users/hp/venv/lib/python3.11/site-packages/airflow/example_dags/example_outlet_event_extra.py for tasks to queue
[2025-02-17T17:39:35.255+0100] {logging_mixin.py:190} INFO - [2025-02-17T17:39:35.250+0100] {dagbag.py:588} INFO - Filling up the DagBag from /mnt/c/Users/hp/venv/lib/python3.11/site-packages/airflow/example_dags/example_outlet_event_extra.py
[2025-02-17T17:39:35.819+0100] {processor.py:925} INFO - DAG(s) 'dataset_with_extra_by_context', 'dataset_with_extra_by_yield', 'dataset_with_extra_from_classic_operator' retrieved from /mnt/c/Users/hp/venv/lib/python3.11/site-packages/airflow/example_dags/example_outlet_event_extra.py
[2025-02-17T17:39:35.954+0100] {logging_mixin.py:190} INFO - [2025-02-17T17:39:35.949+0100] {dag.py:3239} INFO - Sync 3 DAGs
[2025-02-17T17:39:36.069+0100] {logging_mixin.py:190} INFO - [2025-02-17T17:39:36.065+0100] {dag.py:4180} INFO - Setting next_dagrun for dataset_with_extra_by_context to 2025-02-16 00:00:00+00:00, run_after=2025-02-17 00:00:00+00:00
[2025-02-17T17:39:36.096+0100] {logging_mixin.py:190} INFO - [2025-02-17T17:39:36.090+0100] {dag.py:4180} INFO - Setting next_dagrun for dataset_with_extra_by_yield to 2025-02-16 00:00:00+00:00, run_after=2025-02-17 00:00:00+00:00
[2025-02-17T17:39:36.113+0100] {logging_mixin.py:190} INFO - [2025-02-17T17:39:36.108+0100] {dag.py:4180} INFO - Setting next_dagrun for dataset_with_extra_from_classic_operator to 2025-02-16 00:00:00+00:00, run_after=2025-02-17 00:00:00+00:00
[2025-02-17T17:39:36.224+0100] {processor.py:208} INFO - Processing /mnt/c/Users/hp/venv/lib/python3.11/site-packages/airflow/example_dags/example_outlet_event_extra.py took 1.057 seconds
[2025-02-17T17:41:05.005+0100] {processor.py:186} INFO - Started process (PID=698) to work on /mnt/c/Users/hp/venv/lib/python3.11/site-packages/airflow/example_dags/example_outlet_event_extra.py
[2025-02-17T17:41:05.013+0100] {processor.py:914} INFO - Processing file /mnt/c/Users/hp/venv/lib/python3.11/site-packages/airflow/example_dags/example_outlet_event_extra.py for tasks to queue
[2025-02-17T17:41:05.030+0100] {logging_mixin.py:190} INFO - [2025-02-17T17:41:05.024+0100] {dagbag.py:588} INFO - Filling up the DagBag from /mnt/c/Users/hp/venv/lib/python3.11/site-packages/airflow/example_dags/example_outlet_event_extra.py
[2025-02-17T17:41:05.563+0100] {processor.py:925} INFO - DAG(s) 'dataset_with_extra_from_classic_operator', 'dataset_with_extra_by_context', 'dataset_with_extra_by_yield' retrieved from /mnt/c/Users/hp/venv/lib/python3.11/site-packages/airflow/example_dags/example_outlet_event_extra.py
[2025-02-17T17:41:05.716+0100] {logging_mixin.py:190} INFO - [2025-02-17T17:41:05.712+0100] {dag.py:3239} INFO - Sync 3 DAGs
[2025-02-17T17:41:05.807+0100] {logging_mixin.py:190} INFO - [2025-02-17T17:41:05.802+0100] {dag.py:4180} INFO - Setting next_dagrun for dataset_with_extra_by_context to 2025-02-16 00:00:00+00:00, run_after=2025-02-17 00:00:00+00:00
[2025-02-17T17:41:05.834+0100] {logging_mixin.py:190} INFO - [2025-02-17T17:41:05.829+0100] {dag.py:4180} INFO - Setting next_dagrun for dataset_with_extra_by_yield to 2025-02-16 00:00:00+00:00, run_after=2025-02-17 00:00:00+00:00
[2025-02-17T17:41:05.851+0100] {logging_mixin.py:190} INFO - [2025-02-17T17:41:05.846+0100] {dag.py:4180} INFO - Setting next_dagrun for dataset_with_extra_from_classic_operator to 2025-02-16 00:00:00+00:00, run_after=2025-02-17 00:00:00+00:00
[2025-02-17T17:41:05.992+0100] {processor.py:208} INFO - Processing /mnt/c/Users/hp/venv/lib/python3.11/site-packages/airflow/example_dags/example_outlet_event_extra.py took 1.048 seconds
