[2025-02-17T17:07:16.022+0100] {processor.py:186} INFO - Started process (PID=2440) to work on /mnt/c/Users/hp/venv/lib/python3.11/site-packages/airflow/example_dags/example_skip_dag.py
[2025-02-17T17:07:16.025+0100] {processor.py:914} INFO - Processing file /mnt/c/Users/hp/venv/lib/python3.11/site-packages/airflow/example_dags/example_skip_dag.py for tasks to queue
[2025-02-17T17:07:16.033+0100] {logging_mixin.py:190} INFO - [2025-02-17T17:07:16.031+0100] {dagbag.py:588} INFO - Filling up the DagBag from /mnt/c/Users/hp/venv/lib/python3.11/site-packages/airflow/example_dags/example_skip_dag.py
[2025-02-17T17:07:16.197+0100] {processor.py:925} INFO - DAG(s) 'example_skip_dag' retrieved from /mnt/c/Users/hp/venv/lib/python3.11/site-packages/airflow/example_dags/example_skip_dag.py
[2025-02-17T17:07:19.722+0100] {logging_mixin.py:190} INFO - [2025-02-17T17:07:19.720+0100] {dag.py:3239} INFO - Sync 1 DAGs
[2025-02-17T17:07:19.778+0100] {logging_mixin.py:190} INFO - [2025-02-17T17:07:19.776+0100] {dag.py:4180} INFO - Setting next_dagrun for example_skip_dag to 2025-02-16 00:00:00+00:00, run_after=2025-02-17 00:00:00+00:00
[2025-02-17T17:07:19.843+0100] {processor.py:208} INFO - Processing /mnt/c/Users/hp/venv/lib/python3.11/site-packages/airflow/example_dags/example_skip_dag.py took 3.872 seconds
[2025-02-17T17:11:03.132+0100] {processor.py:186} INFO - Started process (PID=2518) to work on /mnt/c/Users/hp/venv/lib/python3.11/site-packages/airflow/example_dags/example_skip_dag.py
[2025-02-17T17:11:03.136+0100] {processor.py:914} INFO - Processing file /mnt/c/Users/hp/venv/lib/python3.11/site-packages/airflow/example_dags/example_skip_dag.py for tasks to queue
[2025-02-17T17:11:03.142+0100] {logging_mixin.py:190} INFO - [2025-02-17T17:11:03.140+0100] {dagbag.py:588} INFO - Filling up the DagBag from /mnt/c/Users/hp/venv/lib/python3.11/site-packages/airflow/example_dags/example_skip_dag.py
[2025-02-17T17:11:03.302+0100] {processor.py:925} INFO - DAG(s) 'example_skip_dag' retrieved from /mnt/c/Users/hp/venv/lib/python3.11/site-packages/airflow/example_dags/example_skip_dag.py
[2025-02-17T17:11:03.335+0100] {logging_mixin.py:190} INFO - [2025-02-17T17:11:03.332+0100] {dag.py:3239} INFO - Sync 1 DAGs
[2025-02-17T17:11:03.378+0100] {logging_mixin.py:190} INFO - [2025-02-17T17:11:03.376+0100] {dag.py:4180} INFO - Setting next_dagrun for example_skip_dag to 2025-02-16 00:00:00+00:00, run_after=2025-02-17 00:00:00+00:00
[2025-02-17T17:11:03.432+0100] {processor.py:208} INFO - Processing /mnt/c/Users/hp/venv/lib/python3.11/site-packages/airflow/example_dags/example_skip_dag.py took 0.327 seconds
[2025-02-17T17:12:19.657+0100] {processor.py:186} INFO - Started process (PID=2576) to work on /mnt/c/Users/hp/venv/lib/python3.11/site-packages/airflow/example_dags/example_skip_dag.py
[2025-02-17T17:12:19.666+0100] {processor.py:914} INFO - Processing file /mnt/c/Users/hp/venv/lib/python3.11/site-packages/airflow/example_dags/example_skip_dag.py for tasks to queue
[2025-02-17T17:12:19.679+0100] {logging_mixin.py:190} INFO - [2025-02-17T17:12:19.675+0100] {dagbag.py:588} INFO - Filling up the DagBag from /mnt/c/Users/hp/venv/lib/python3.11/site-packages/airflow/example_dags/example_skip_dag.py
[2025-02-17T17:12:19.914+0100] {processor.py:925} INFO - DAG(s) 'example_skip_dag' retrieved from /mnt/c/Users/hp/venv/lib/python3.11/site-packages/airflow/example_dags/example_skip_dag.py
[2025-02-17T17:12:19.971+0100] {logging_mixin.py:190} INFO - [2025-02-17T17:12:19.968+0100] {dag.py:3239} INFO - Sync 1 DAGs
[2025-02-17T17:12:20.077+0100] {logging_mixin.py:190} INFO - [2025-02-17T17:12:20.074+0100] {dag.py:4180} INFO - Setting next_dagrun for example_skip_dag to 2025-02-16 00:00:00+00:00, run_after=2025-02-17 00:00:00+00:00
[2025-02-17T17:12:20.142+0100] {processor.py:208} INFO - Processing /mnt/c/Users/hp/venv/lib/python3.11/site-packages/airflow/example_dags/example_skip_dag.py took 0.522 seconds
[2025-02-17T17:14:28.281+0100] {processor.py:186} INFO - Started process (PID=2659) to work on /mnt/c/Users/hp/venv/lib/python3.11/site-packages/airflow/example_dags/example_skip_dag.py
[2025-02-17T17:14:28.290+0100] {processor.py:914} INFO - Processing file /mnt/c/Users/hp/venv/lib/python3.11/site-packages/airflow/example_dags/example_skip_dag.py for tasks to queue
[2025-02-17T17:14:28.301+0100] {logging_mixin.py:190} INFO - [2025-02-17T17:14:28.297+0100] {dagbag.py:588} INFO - Filling up the DagBag from /mnt/c/Users/hp/venv/lib/python3.11/site-packages/airflow/example_dags/example_skip_dag.py
[2025-02-17T17:14:28.607+0100] {processor.py:925} INFO - DAG(s) 'example_skip_dag' retrieved from /mnt/c/Users/hp/venv/lib/python3.11/site-packages/airflow/example_dags/example_skip_dag.py
[2025-02-17T17:14:28.685+0100] {logging_mixin.py:190} INFO - [2025-02-17T17:14:28.681+0100] {dag.py:3239} INFO - Sync 1 DAGs
[2025-02-17T17:14:28.789+0100] {logging_mixin.py:190} INFO - [2025-02-17T17:14:28.783+0100] {dag.py:4180} INFO - Setting next_dagrun for example_skip_dag to 2025-02-16 00:00:00+00:00, run_after=2025-02-17 00:00:00+00:00
[2025-02-17T17:14:28.867+0100] {processor.py:208} INFO - Processing /mnt/c/Users/hp/venv/lib/python3.11/site-packages/airflow/example_dags/example_skip_dag.py took 0.622 seconds
[2025-02-17T17:16:30.951+0100] {processor.py:186} INFO - Started process (PID=2739) to work on /mnt/c/Users/hp/venv/lib/python3.11/site-packages/airflow/example_dags/example_skip_dag.py
[2025-02-17T17:16:30.954+0100] {processor.py:914} INFO - Processing file /mnt/c/Users/hp/venv/lib/python3.11/site-packages/airflow/example_dags/example_skip_dag.py for tasks to queue
[2025-02-17T17:16:30.962+0100] {logging_mixin.py:190} INFO - [2025-02-17T17:16:30.960+0100] {dagbag.py:588} INFO - Filling up the DagBag from /mnt/c/Users/hp/venv/lib/python3.11/site-packages/airflow/example_dags/example_skip_dag.py
[2025-02-17T17:16:31.107+0100] {processor.py:925} INFO - DAG(s) 'example_skip_dag' retrieved from /mnt/c/Users/hp/venv/lib/python3.11/site-packages/airflow/example_dags/example_skip_dag.py
[2025-02-17T17:16:31.163+0100] {logging_mixin.py:190} INFO - [2025-02-17T17:16:31.161+0100] {dag.py:3239} INFO - Sync 1 DAGs
[2025-02-17T17:16:31.216+0100] {logging_mixin.py:190} INFO - [2025-02-17T17:16:31.214+0100] {dag.py:4180} INFO - Setting next_dagrun for example_skip_dag to 2025-02-16 00:00:00+00:00, run_after=2025-02-17 00:00:00+00:00
[2025-02-17T17:16:31.265+0100] {processor.py:208} INFO - Processing /mnt/c/Users/hp/venv/lib/python3.11/site-packages/airflow/example_dags/example_skip_dag.py took 0.341 seconds
[2025-02-17T17:18:07.514+0100] {processor.py:186} INFO - Started process (PID=2814) to work on /mnt/c/Users/hp/venv/lib/python3.11/site-packages/airflow/example_dags/example_skip_dag.py
[2025-02-17T17:18:07.522+0100] {processor.py:914} INFO - Processing file /mnt/c/Users/hp/venv/lib/python3.11/site-packages/airflow/example_dags/example_skip_dag.py for tasks to queue
[2025-02-17T17:18:07.531+0100] {logging_mixin.py:190} INFO - [2025-02-17T17:18:07.528+0100] {dagbag.py:588} INFO - Filling up the DagBag from /mnt/c/Users/hp/venv/lib/python3.11/site-packages/airflow/example_dags/example_skip_dag.py
[2025-02-17T17:18:07.709+0100] {processor.py:925} INFO - DAG(s) 'example_skip_dag' retrieved from /mnt/c/Users/hp/venv/lib/python3.11/site-packages/airflow/example_dags/example_skip_dag.py
[2025-02-17T17:18:07.762+0100] {logging_mixin.py:190} INFO - [2025-02-17T17:18:07.760+0100] {dag.py:3239} INFO - Sync 1 DAGs
[2025-02-17T17:18:07.813+0100] {logging_mixin.py:190} INFO - [2025-02-17T17:18:07.811+0100] {dag.py:4180} INFO - Setting next_dagrun for example_skip_dag to 2025-02-16 00:00:00+00:00, run_after=2025-02-17 00:00:00+00:00
[2025-02-17T17:18:07.856+0100] {processor.py:208} INFO - Processing /mnt/c/Users/hp/venv/lib/python3.11/site-packages/airflow/example_dags/example_skip_dag.py took 0.371 seconds
[2025-02-17T17:19:05.253+0100] {processor.py:186} INFO - Started process (PID=2860) to work on /mnt/c/Users/hp/venv/lib/python3.11/site-packages/airflow/example_dags/example_skip_dag.py
[2025-02-17T17:19:05.260+0100] {processor.py:914} INFO - Processing file /mnt/c/Users/hp/venv/lib/python3.11/site-packages/airflow/example_dags/example_skip_dag.py for tasks to queue
[2025-02-17T17:19:05.268+0100] {logging_mixin.py:190} INFO - [2025-02-17T17:19:05.265+0100] {dagbag.py:588} INFO - Filling up the DagBag from /mnt/c/Users/hp/venv/lib/python3.11/site-packages/airflow/example_dags/example_skip_dag.py
[2025-02-17T17:19:05.441+0100] {processor.py:925} INFO - DAG(s) 'example_skip_dag' retrieved from /mnt/c/Users/hp/venv/lib/python3.11/site-packages/airflow/example_dags/example_skip_dag.py
[2025-02-17T17:19:05.479+0100] {logging_mixin.py:190} INFO - [2025-02-17T17:19:05.476+0100] {dag.py:3239} INFO - Sync 1 DAGs
[2025-02-17T17:19:05.533+0100] {logging_mixin.py:190} INFO - [2025-02-17T17:19:05.531+0100] {dag.py:4180} INFO - Setting next_dagrun for example_skip_dag to 2025-02-16 00:00:00+00:00, run_after=2025-02-17 00:00:00+00:00
[2025-02-17T17:19:05.585+0100] {processor.py:208} INFO - Processing /mnt/c/Users/hp/venv/lib/python3.11/site-packages/airflow/example_dags/example_skip_dag.py took 0.360 seconds
[2025-02-17T17:20:38.470+0100] {processor.py:186} INFO - Started process (PID=2932) to work on /mnt/c/Users/hp/venv/lib/python3.11/site-packages/airflow/example_dags/example_skip_dag.py
[2025-02-17T17:20:38.477+0100] {processor.py:914} INFO - Processing file /mnt/c/Users/hp/venv/lib/python3.11/site-packages/airflow/example_dags/example_skip_dag.py for tasks to queue
[2025-02-17T17:20:38.484+0100] {logging_mixin.py:190} INFO - [2025-02-17T17:20:38.482+0100] {dagbag.py:588} INFO - Filling up the DagBag from /mnt/c/Users/hp/venv/lib/python3.11/site-packages/airflow/example_dags/example_skip_dag.py
[2025-02-17T17:20:38.628+0100] {processor.py:925} INFO - DAG(s) 'example_skip_dag' retrieved from /mnt/c/Users/hp/venv/lib/python3.11/site-packages/airflow/example_dags/example_skip_dag.py
[2025-02-17T17:20:38.667+0100] {logging_mixin.py:190} INFO - [2025-02-17T17:20:38.665+0100] {dag.py:3239} INFO - Sync 1 DAGs
[2025-02-17T17:20:38.720+0100] {logging_mixin.py:190} INFO - [2025-02-17T17:20:38.717+0100] {dag.py:4180} INFO - Setting next_dagrun for example_skip_dag to 2025-02-16 00:00:00+00:00, run_after=2025-02-17 00:00:00+00:00
[2025-02-17T17:20:38.761+0100] {processor.py:208} INFO - Processing /mnt/c/Users/hp/venv/lib/python3.11/site-packages/airflow/example_dags/example_skip_dag.py took 0.319 seconds
[2025-02-17T17:35:40.179+0100] {processor.py:186} INFO - Started process (PID=461) to work on /mnt/c/Users/hp/venv/lib/python3.11/site-packages/airflow/example_dags/example_skip_dag.py
[2025-02-17T17:35:40.190+0100] {processor.py:914} INFO - Processing file /mnt/c/Users/hp/venv/lib/python3.11/site-packages/airflow/example_dags/example_skip_dag.py for tasks to queue
[2025-02-17T17:35:40.205+0100] {logging_mixin.py:190} INFO - [2025-02-17T17:35:40.200+0100] {dagbag.py:588} INFO - Filling up the DagBag from /mnt/c/Users/hp/venv/lib/python3.11/site-packages/airflow/example_dags/example_skip_dag.py
[2025-02-17T17:35:40.581+0100] {processor.py:925} INFO - DAG(s) 'example_skip_dag' retrieved from /mnt/c/Users/hp/venv/lib/python3.11/site-packages/airflow/example_dags/example_skip_dag.py
[2025-02-17T17:35:40.730+0100] {logging_mixin.py:190} INFO - [2025-02-17T17:35:40.726+0100] {dag.py:3239} INFO - Sync 1 DAGs
[2025-02-17T17:35:40.864+0100] {logging_mixin.py:190} INFO - [2025-02-17T17:35:40.860+0100] {dag.py:4180} INFO - Setting next_dagrun for example_skip_dag to 2025-02-16 00:00:00+00:00, run_after=2025-02-17 00:00:00+00:00
[2025-02-17T17:35:40.965+0100] {processor.py:208} INFO - Processing /mnt/c/Users/hp/venv/lib/python3.11/site-packages/airflow/example_dags/example_skip_dag.py took 0.844 seconds
[2025-02-17T17:37:37.044+0100] {processor.py:186} INFO - Started process (PID=539) to work on /mnt/c/Users/hp/venv/lib/python3.11/site-packages/airflow/example_dags/example_skip_dag.py
[2025-02-17T17:37:37.055+0100] {processor.py:914} INFO - Processing file /mnt/c/Users/hp/venv/lib/python3.11/site-packages/airflow/example_dags/example_skip_dag.py for tasks to queue
[2025-02-17T17:37:37.070+0100] {logging_mixin.py:190} INFO - [2025-02-17T17:37:37.065+0100] {dagbag.py:588} INFO - Filling up the DagBag from /mnt/c/Users/hp/venv/lib/python3.11/site-packages/airflow/example_dags/example_skip_dag.py
[2025-02-17T17:37:37.452+0100] {processor.py:925} INFO - DAG(s) 'example_skip_dag' retrieved from /mnt/c/Users/hp/venv/lib/python3.11/site-packages/airflow/example_dags/example_skip_dag.py
[2025-02-17T17:37:37.542+0100] {logging_mixin.py:190} INFO - [2025-02-17T17:37:37.537+0100] {dag.py:3239} INFO - Sync 1 DAGs
[2025-02-17T17:37:37.631+0100] {logging_mixin.py:190} INFO - [2025-02-17T17:37:37.628+0100] {dag.py:4180} INFO - Setting next_dagrun for example_skip_dag to 2025-02-16 00:00:00+00:00, run_after=2025-02-17 00:00:00+00:00
[2025-02-17T17:37:37.698+0100] {processor.py:208} INFO - Processing /mnt/c/Users/hp/venv/lib/python3.11/site-packages/airflow/example_dags/example_skip_dag.py took 0.711 seconds
[2025-02-17T17:39:13.515+0100] {processor.py:186} INFO - Started process (PID=617) to work on /mnt/c/Users/hp/venv/lib/python3.11/site-packages/airflow/example_dags/example_skip_dag.py
[2025-02-17T17:39:13.521+0100] {processor.py:914} INFO - Processing file /mnt/c/Users/hp/venv/lib/python3.11/site-packages/airflow/example_dags/example_skip_dag.py for tasks to queue
[2025-02-17T17:39:13.532+0100] {logging_mixin.py:190} INFO - [2025-02-17T17:39:13.528+0100] {dagbag.py:588} INFO - Filling up the DagBag from /mnt/c/Users/hp/venv/lib/python3.11/site-packages/airflow/example_dags/example_skip_dag.py
[2025-02-17T17:39:13.779+0100] {processor.py:925} INFO - DAG(s) 'example_skip_dag' retrieved from /mnt/c/Users/hp/venv/lib/python3.11/site-packages/airflow/example_dags/example_skip_dag.py
[2025-02-17T17:39:13.836+0100] {logging_mixin.py:190} INFO - [2025-02-17T17:39:13.833+0100] {dag.py:3239} INFO - Sync 1 DAGs
[2025-02-17T17:39:13.907+0100] {logging_mixin.py:190} INFO - [2025-02-17T17:39:13.904+0100] {dag.py:4180} INFO - Setting next_dagrun for example_skip_dag to 2025-02-16 00:00:00+00:00, run_after=2025-02-17 00:00:00+00:00
[2025-02-17T17:39:13.968+0100] {processor.py:208} INFO - Processing /mnt/c/Users/hp/venv/lib/python3.11/site-packages/airflow/example_dags/example_skip_dag.py took 0.491 seconds
[2025-02-17T17:40:44.445+0100] {processor.py:186} INFO - Started process (PID=680) to work on /mnt/c/Users/hp/venv/lib/python3.11/site-packages/airflow/example_dags/example_skip_dag.py
[2025-02-17T17:40:44.457+0100] {processor.py:914} INFO - Processing file /mnt/c/Users/hp/venv/lib/python3.11/site-packages/airflow/example_dags/example_skip_dag.py for tasks to queue
[2025-02-17T17:40:44.475+0100] {logging_mixin.py:190} INFO - [2025-02-17T17:40:44.470+0100] {dagbag.py:588} INFO - Filling up the DagBag from /mnt/c/Users/hp/venv/lib/python3.11/site-packages/airflow/example_dags/example_skip_dag.py
[2025-02-17T17:40:44.798+0100] {processor.py:925} INFO - DAG(s) 'example_skip_dag' retrieved from /mnt/c/Users/hp/venv/lib/python3.11/site-packages/airflow/example_dags/example_skip_dag.py
[2025-02-17T17:40:44.887+0100] {logging_mixin.py:190} INFO - [2025-02-17T17:40:44.882+0100] {dag.py:3239} INFO - Sync 1 DAGs
[2025-02-17T17:40:44.988+0100] {logging_mixin.py:190} INFO - [2025-02-17T17:40:44.984+0100] {dag.py:4180} INFO - Setting next_dagrun for example_skip_dag to 2025-02-16 00:00:00+00:00, run_after=2025-02-17 00:00:00+00:00
[2025-02-17T17:40:45.072+0100] {processor.py:208} INFO - Processing /mnt/c/Users/hp/venv/lib/python3.11/site-packages/airflow/example_dags/example_skip_dag.py took 0.688 seconds
