[2025-02-17T17:09:25.684+0100] {processor.py:186} INFO - Started process (PID=2482) to work on /mnt/c/Users/hp/venv/lib/python3.11/site-packages/airflow/example_dags/example_datasets.py
[2025-02-17T17:09:25.688+0100] {processor.py:914} INFO - Processing file /mnt/c/Users/hp/venv/lib/python3.11/site-packages/airflow/example_dags/example_datasets.py for tasks to queue
[2025-02-17T17:09:25.699+0100] {logging_mixin.py:190} INFO - [2025-02-17T17:09:25.696+0100] {dagbag.py:588} INFO - Filling up the DagBag from /mnt/c/Users/hp/venv/lib/python3.11/site-packages/airflow/example_dags/example_datasets.py
[2025-02-17T17:09:26.081+0100] {processor.py:925} INFO - DAG(s) 'dataset_produces_1', 'conditional_dataset_and_time_based_timetable', 'dataset_consumes_1_and_2', 'consume_1_or_2_with_dataset_expressions', 'dataset_produces_2', 'consume_1_or_both_2_and_3_with_dataset_expressions', 'dataset_consumes_1', 'dataset_consumes_1_never_scheduled', 'consume_1_and_2_with_dataset_expressions', 'dataset_consumes_unknown_never_scheduled' retrieved from /mnt/c/Users/hp/venv/lib/python3.11/site-packages/airflow/example_dags/example_datasets.py
[2025-02-17T17:09:29.415+0100] {logging_mixin.py:190} INFO - [2025-02-17T17:09:29.413+0100] {dag.py:3239} INFO - Sync 10 DAGs
[2025-02-17T17:09:29.449+0100] {logging_mixin.py:190} INFO - [2025-02-17T17:09:29.447+0100] {dag.py:4180} INFO - Setting next_dagrun for conditional_dataset_and_time_based_timetable to 2025-02-12 01:00:00+00:00, run_after=2025-02-12 01:00:00+00:00
[2025-02-17T17:09:29.457+0100] {logging_mixin.py:190} INFO - [2025-02-17T17:09:29.454+0100] {dag.py:4180} INFO - Setting next_dagrun for consume_1_and_2_with_dataset_expressions to None, run_after=None
[2025-02-17T17:09:29.461+0100] {logging_mixin.py:190} INFO - [2025-02-17T17:09:29.459+0100] {dag.py:4180} INFO - Setting next_dagrun for consume_1_or_2_with_dataset_expressions to None, run_after=None
[2025-02-17T17:09:29.466+0100] {logging_mixin.py:190} INFO - [2025-02-17T17:09:29.464+0100] {dag.py:4180} INFO - Setting next_dagrun for consume_1_or_both_2_and_3_with_dataset_expressions to None, run_after=None
[2025-02-17T17:09:29.472+0100] {logging_mixin.py:190} INFO - [2025-02-17T17:09:29.470+0100] {dag.py:4180} INFO - Setting next_dagrun for dataset_consumes_1 to None, run_after=None
[2025-02-17T17:09:29.478+0100] {logging_mixin.py:190} INFO - [2025-02-17T17:09:29.475+0100] {dag.py:4180} INFO - Setting next_dagrun for dataset_consumes_1_and_2 to None, run_after=None
[2025-02-17T17:09:29.483+0100] {logging_mixin.py:190} INFO - [2025-02-17T17:09:29.480+0100] {dag.py:4180} INFO - Setting next_dagrun for dataset_consumes_1_never_scheduled to None, run_after=None
[2025-02-17T17:09:29.488+0100] {logging_mixin.py:190} INFO - [2025-02-17T17:09:29.485+0100] {dag.py:4180} INFO - Setting next_dagrun for dataset_consumes_unknown_never_scheduled to None, run_after=None
[2025-02-17T17:09:29.496+0100] {logging_mixin.py:190} INFO - [2025-02-17T17:09:29.493+0100] {dag.py:4180} INFO - Setting next_dagrun for dataset_produces_1 to 2025-02-16 00:00:00+00:00, run_after=2025-02-17 00:00:00+00:00
[2025-02-17T17:09:29.501+0100] {logging_mixin.py:190} INFO - [2025-02-17T17:09:29.499+0100] {dag.py:4180} INFO - Setting next_dagrun for dataset_produces_2 to None, run_after=None
[2025-02-17T17:09:29.600+0100] {processor.py:208} INFO - Processing /mnt/c/Users/hp/venv/lib/python3.11/site-packages/airflow/example_dags/example_datasets.py took 3.960 seconds
[2025-02-17T17:11:36.029+0100] {processor.py:186} INFO - Started process (PID=2542) to work on /mnt/c/Users/hp/venv/lib/python3.11/site-packages/airflow/example_dags/example_datasets.py
[2025-02-17T17:11:36.042+0100] {processor.py:914} INFO - Processing file /mnt/c/Users/hp/venv/lib/python3.11/site-packages/airflow/example_dags/example_datasets.py for tasks to queue
[2025-02-17T17:11:36.064+0100] {logging_mixin.py:190} INFO - [2025-02-17T17:11:36.058+0100] {dagbag.py:588} INFO - Filling up the DagBag from /mnt/c/Users/hp/venv/lib/python3.11/site-packages/airflow/example_dags/example_datasets.py
[2025-02-17T17:11:36.559+0100] {processor.py:925} INFO - DAG(s) 'dataset_consumes_1', 'consume_1_or_2_with_dataset_expressions', 'dataset_consumes_1_never_scheduled', 'conditional_dataset_and_time_based_timetable', 'consume_1_and_2_with_dataset_expressions', 'dataset_produces_1', 'consume_1_or_both_2_and_3_with_dataset_expressions', 'dataset_consumes_1_and_2', 'dataset_consumes_unknown_never_scheduled', 'dataset_produces_2' retrieved from /mnt/c/Users/hp/venv/lib/python3.11/site-packages/airflow/example_dags/example_datasets.py
[2025-02-17T17:11:36.685+0100] {logging_mixin.py:190} INFO - [2025-02-17T17:11:36.682+0100] {dag.py:3239} INFO - Sync 10 DAGs
[2025-02-17T17:11:36.758+0100] {logging_mixin.py:190} INFO - [2025-02-17T17:11:36.752+0100] {dag.py:4180} INFO - Setting next_dagrun for conditional_dataset_and_time_based_timetable to 2025-02-12 01:00:00+00:00, run_after=2025-02-12 01:00:00+00:00
[2025-02-17T17:11:36.772+0100] {logging_mixin.py:190} INFO - [2025-02-17T17:11:36.769+0100] {dag.py:4180} INFO - Setting next_dagrun for consume_1_and_2_with_dataset_expressions to None, run_after=None
[2025-02-17T17:11:36.780+0100] {logging_mixin.py:190} INFO - [2025-02-17T17:11:36.777+0100] {dag.py:4180} INFO - Setting next_dagrun for consume_1_or_2_with_dataset_expressions to None, run_after=None
[2025-02-17T17:11:36.790+0100] {logging_mixin.py:190} INFO - [2025-02-17T17:11:36.787+0100] {dag.py:4180} INFO - Setting next_dagrun for consume_1_or_both_2_and_3_with_dataset_expressions to None, run_after=None
[2025-02-17T17:11:36.799+0100] {logging_mixin.py:190} INFO - [2025-02-17T17:11:36.796+0100] {dag.py:4180} INFO - Setting next_dagrun for dataset_consumes_1 to None, run_after=None
[2025-02-17T17:11:36.807+0100] {logging_mixin.py:190} INFO - [2025-02-17T17:11:36.804+0100] {dag.py:4180} INFO - Setting next_dagrun for dataset_consumes_1_and_2 to None, run_after=None
[2025-02-17T17:11:36.815+0100] {logging_mixin.py:190} INFO - [2025-02-17T17:11:36.812+0100] {dag.py:4180} INFO - Setting next_dagrun for dataset_consumes_1_never_scheduled to None, run_after=None
[2025-02-17T17:11:36.824+0100] {logging_mixin.py:190} INFO - [2025-02-17T17:11:36.820+0100] {dag.py:4180} INFO - Setting next_dagrun for dataset_consumes_unknown_never_scheduled to None, run_after=None
[2025-02-17T17:11:36.835+0100] {logging_mixin.py:190} INFO - [2025-02-17T17:11:36.832+0100] {dag.py:4180} INFO - Setting next_dagrun for dataset_produces_1 to 2025-02-16 00:00:00+00:00, run_after=2025-02-17 00:00:00+00:00
[2025-02-17T17:11:36.849+0100] {logging_mixin.py:190} INFO - [2025-02-17T17:11:36.846+0100] {dag.py:4180} INFO - Setting next_dagrun for dataset_produces_2 to None, run_after=None
[2025-02-17T17:11:36.941+0100] {processor.py:208} INFO - Processing /mnt/c/Users/hp/venv/lib/python3.11/site-packages/airflow/example_dags/example_datasets.py took 0.980 seconds
[2025-02-17T17:13:44.261+0100] {processor.py:186} INFO - Started process (PID=2632) to work on /mnt/c/Users/hp/venv/lib/python3.11/site-packages/airflow/example_dags/example_datasets.py
[2025-02-17T17:13:44.270+0100] {processor.py:914} INFO - Processing file /mnt/c/Users/hp/venv/lib/python3.11/site-packages/airflow/example_dags/example_datasets.py for tasks to queue
[2025-02-17T17:13:44.287+0100] {logging_mixin.py:190} INFO - [2025-02-17T17:13:44.281+0100] {dagbag.py:588} INFO - Filling up the DagBag from /mnt/c/Users/hp/venv/lib/python3.11/site-packages/airflow/example_dags/example_datasets.py
[2025-02-17T17:13:44.665+0100] {processor.py:925} INFO - DAG(s) 'dataset_consumes_1_never_scheduled', 'dataset_produces_1', 'conditional_dataset_and_time_based_timetable', 'dataset_consumes_1_and_2', 'dataset_consumes_unknown_never_scheduled', 'consume_1_or_both_2_and_3_with_dataset_expressions', 'consume_1_and_2_with_dataset_expressions', 'consume_1_or_2_with_dataset_expressions', 'dataset_produces_2', 'dataset_consumes_1' retrieved from /mnt/c/Users/hp/venv/lib/python3.11/site-packages/airflow/example_dags/example_datasets.py
[2025-02-17T17:13:44.766+0100] {logging_mixin.py:190} INFO - [2025-02-17T17:13:44.763+0100] {dag.py:3239} INFO - Sync 10 DAGs
[2025-02-17T17:13:44.821+0100] {logging_mixin.py:190} INFO - [2025-02-17T17:13:44.817+0100] {dag.py:4180} INFO - Setting next_dagrun for conditional_dataset_and_time_based_timetable to 2025-02-12 01:00:00+00:00, run_after=2025-02-12 01:00:00+00:00
[2025-02-17T17:13:44.833+0100] {logging_mixin.py:190} INFO - [2025-02-17T17:13:44.829+0100] {dag.py:4180} INFO - Setting next_dagrun for consume_1_and_2_with_dataset_expressions to None, run_after=None
[2025-02-17T17:13:44.841+0100] {logging_mixin.py:190} INFO - [2025-02-17T17:13:44.838+0100] {dag.py:4180} INFO - Setting next_dagrun for consume_1_or_2_with_dataset_expressions to None, run_after=None
[2025-02-17T17:13:44.849+0100] {logging_mixin.py:190} INFO - [2025-02-17T17:13:44.846+0100] {dag.py:4180} INFO - Setting next_dagrun for consume_1_or_both_2_and_3_with_dataset_expressions to None, run_after=None
[2025-02-17T17:13:44.856+0100] {logging_mixin.py:190} INFO - [2025-02-17T17:13:44.853+0100] {dag.py:4180} INFO - Setting next_dagrun for dataset_consumes_1 to None, run_after=None
[2025-02-17T17:13:44.864+0100] {logging_mixin.py:190} INFO - [2025-02-17T17:13:44.861+0100] {dag.py:4180} INFO - Setting next_dagrun for dataset_consumes_1_and_2 to None, run_after=None
[2025-02-17T17:13:44.871+0100] {logging_mixin.py:190} INFO - [2025-02-17T17:13:44.868+0100] {dag.py:4180} INFO - Setting next_dagrun for dataset_consumes_1_never_scheduled to None, run_after=None
[2025-02-17T17:13:44.877+0100] {logging_mixin.py:190} INFO - [2025-02-17T17:13:44.875+0100] {dag.py:4180} INFO - Setting next_dagrun for dataset_consumes_unknown_never_scheduled to None, run_after=None
[2025-02-17T17:13:44.887+0100] {logging_mixin.py:190} INFO - [2025-02-17T17:13:44.884+0100] {dag.py:4180} INFO - Setting next_dagrun for dataset_produces_1 to 2025-02-16 00:00:00+00:00, run_after=2025-02-17 00:00:00+00:00
[2025-02-17T17:13:44.895+0100] {logging_mixin.py:190} INFO - [2025-02-17T17:13:44.892+0100] {dag.py:4180} INFO - Setting next_dagrun for dataset_produces_2 to None, run_after=None
[2025-02-17T17:13:44.979+0100] {processor.py:208} INFO - Processing /mnt/c/Users/hp/venv/lib/python3.11/site-packages/airflow/example_dags/example_datasets.py took 0.782 seconds
[2025-02-17T17:15:48.031+0100] {processor.py:186} INFO - Started process (PID=2713) to work on /mnt/c/Users/hp/venv/lib/python3.11/site-packages/airflow/example_dags/example_datasets.py
[2025-02-17T17:15:48.046+0100] {processor.py:914} INFO - Processing file /mnt/c/Users/hp/venv/lib/python3.11/site-packages/airflow/example_dags/example_datasets.py for tasks to queue
[2025-02-17T17:15:48.070+0100] {logging_mixin.py:190} INFO - [2025-02-17T17:15:48.063+0100] {dagbag.py:588} INFO - Filling up the DagBag from /mnt/c/Users/hp/venv/lib/python3.11/site-packages/airflow/example_dags/example_datasets.py
[2025-02-17T17:15:48.633+0100] {processor.py:925} INFO - DAG(s) 'consume_1_or_2_with_dataset_expressions', 'dataset_consumes_1_and_2', 'dataset_consumes_1_never_scheduled', 'consume_1_and_2_with_dataset_expressions', 'dataset_produces_2', 'consume_1_or_both_2_and_3_with_dataset_expressions', 'dataset_consumes_unknown_never_scheduled', 'conditional_dataset_and_time_based_timetable', 'dataset_consumes_1', 'dataset_produces_1' retrieved from /mnt/c/Users/hp/venv/lib/python3.11/site-packages/airflow/example_dags/example_datasets.py
[2025-02-17T17:15:48.852+0100] {logging_mixin.py:190} INFO - [2025-02-17T17:15:48.846+0100] {dag.py:3239} INFO - Sync 10 DAGs
[2025-02-17T17:15:48.977+0100] {logging_mixin.py:190} INFO - [2025-02-17T17:15:48.971+0100] {dag.py:4180} INFO - Setting next_dagrun for conditional_dataset_and_time_based_timetable to 2025-02-12 01:00:00+00:00, run_after=2025-02-12 01:00:00+00:00
[2025-02-17T17:15:49.002+0100] {logging_mixin.py:190} INFO - [2025-02-17T17:15:48.996+0100] {dag.py:4180} INFO - Setting next_dagrun for consume_1_and_2_with_dataset_expressions to None, run_after=None
[2025-02-17T17:15:49.019+0100] {logging_mixin.py:190} INFO - [2025-02-17T17:15:49.013+0100] {dag.py:4180} INFO - Setting next_dagrun for consume_1_or_2_with_dataset_expressions to None, run_after=None
[2025-02-17T17:15:49.036+0100] {logging_mixin.py:190} INFO - [2025-02-17T17:15:49.030+0100] {dag.py:4180} INFO - Setting next_dagrun for consume_1_or_both_2_and_3_with_dataset_expressions to None, run_after=None
[2025-02-17T17:15:49.052+0100] {logging_mixin.py:190} INFO - [2025-02-17T17:15:49.047+0100] {dag.py:4180} INFO - Setting next_dagrun for dataset_consumes_1 to None, run_after=None
[2025-02-17T17:15:49.067+0100] {logging_mixin.py:190} INFO - [2025-02-17T17:15:49.061+0100] {dag.py:4180} INFO - Setting next_dagrun for dataset_consumes_1_and_2 to None, run_after=None
[2025-02-17T17:15:49.082+0100] {logging_mixin.py:190} INFO - [2025-02-17T17:15:49.076+0100] {dag.py:4180} INFO - Setting next_dagrun for dataset_consumes_1_never_scheduled to None, run_after=None
[2025-02-17T17:15:49.098+0100] {logging_mixin.py:190} INFO - [2025-02-17T17:15:49.092+0100] {dag.py:4180} INFO - Setting next_dagrun for dataset_consumes_unknown_never_scheduled to None, run_after=None
[2025-02-17T17:15:49.118+0100] {logging_mixin.py:190} INFO - [2025-02-17T17:15:49.113+0100] {dag.py:4180} INFO - Setting next_dagrun for dataset_produces_1 to 2025-02-16 00:00:00+00:00, run_after=2025-02-17 00:00:00+00:00
[2025-02-17T17:15:49.135+0100] {logging_mixin.py:190} INFO - [2025-02-17T17:15:49.129+0100] {dag.py:4180} INFO - Setting next_dagrun for dataset_produces_2 to None, run_after=None
[2025-02-17T17:15:49.280+0100] {processor.py:208} INFO - Processing /mnt/c/Users/hp/venv/lib/python3.11/site-packages/airflow/example_dags/example_datasets.py took 1.331 seconds
[2025-02-17T17:17:42.055+0100] {processor.py:186} INFO - Started process (PID=2795) to work on /mnt/c/Users/hp/venv/lib/python3.11/site-packages/airflow/example_dags/example_datasets.py
[2025-02-17T17:17:42.060+0100] {processor.py:914} INFO - Processing file /mnt/c/Users/hp/venv/lib/python3.11/site-packages/airflow/example_dags/example_datasets.py for tasks to queue
[2025-02-17T17:17:42.070+0100] {logging_mixin.py:190} INFO - [2025-02-17T17:17:42.067+0100] {dagbag.py:588} INFO - Filling up the DagBag from /mnt/c/Users/hp/venv/lib/python3.11/site-packages/airflow/example_dags/example_datasets.py
[2025-02-17T17:17:42.291+0100] {processor.py:925} INFO - DAG(s) 'dataset_produces_2', 'consume_1_or_2_with_dataset_expressions', 'consume_1_and_2_with_dataset_expressions', 'dataset_consumes_1', 'dataset_consumes_unknown_never_scheduled', 'dataset_consumes_1_never_scheduled', 'consume_1_or_both_2_and_3_with_dataset_expressions', 'dataset_produces_1', 'dataset_consumes_1_and_2', 'conditional_dataset_and_time_based_timetable' retrieved from /mnt/c/Users/hp/venv/lib/python3.11/site-packages/airflow/example_dags/example_datasets.py
[2025-02-17T17:17:42.386+0100] {logging_mixin.py:190} INFO - [2025-02-17T17:17:42.384+0100] {dag.py:3239} INFO - Sync 10 DAGs
[2025-02-17T17:17:42.450+0100] {logging_mixin.py:190} INFO - [2025-02-17T17:17:42.448+0100] {dag.py:4180} INFO - Setting next_dagrun for conditional_dataset_and_time_based_timetable to 2025-02-12 01:00:00+00:00, run_after=2025-02-12 01:00:00+00:00
[2025-02-17T17:17:42.458+0100] {logging_mixin.py:190} INFO - [2025-02-17T17:17:42.456+0100] {dag.py:4180} INFO - Setting next_dagrun for consume_1_and_2_with_dataset_expressions to None, run_after=None
[2025-02-17T17:17:42.464+0100] {logging_mixin.py:190} INFO - [2025-02-17T17:17:42.462+0100] {dag.py:4180} INFO - Setting next_dagrun for consume_1_or_2_with_dataset_expressions to None, run_after=None
[2025-02-17T17:17:42.468+0100] {logging_mixin.py:190} INFO - [2025-02-17T17:17:42.466+0100] {dag.py:4180} INFO - Setting next_dagrun for consume_1_or_both_2_and_3_with_dataset_expressions to None, run_after=None
[2025-02-17T17:17:42.472+0100] {logging_mixin.py:190} INFO - [2025-02-17T17:17:42.470+0100] {dag.py:4180} INFO - Setting next_dagrun for dataset_consumes_1 to None, run_after=None
[2025-02-17T17:17:42.478+0100] {logging_mixin.py:190} INFO - [2025-02-17T17:17:42.476+0100] {dag.py:4180} INFO - Setting next_dagrun for dataset_consumes_1_and_2 to None, run_after=None
[2025-02-17T17:17:42.482+0100] {logging_mixin.py:190} INFO - [2025-02-17T17:17:42.480+0100] {dag.py:4180} INFO - Setting next_dagrun for dataset_consumes_1_never_scheduled to None, run_after=None
[2025-02-17T17:17:42.485+0100] {logging_mixin.py:190} INFO - [2025-02-17T17:17:42.484+0100] {dag.py:4180} INFO - Setting next_dagrun for dataset_consumes_unknown_never_scheduled to None, run_after=None
[2025-02-17T17:17:42.492+0100] {logging_mixin.py:190} INFO - [2025-02-17T17:17:42.490+0100] {dag.py:4180} INFO - Setting next_dagrun for dataset_produces_1 to 2025-02-16 00:00:00+00:00, run_after=2025-02-17 00:00:00+00:00
[2025-02-17T17:17:42.497+0100] {logging_mixin.py:190} INFO - [2025-02-17T17:17:42.495+0100] {dag.py:4180} INFO - Setting next_dagrun for dataset_produces_2 to None, run_after=None
[2025-02-17T17:17:42.567+0100] {processor.py:208} INFO - Processing /mnt/c/Users/hp/venv/lib/python3.11/site-packages/airflow/example_dags/example_datasets.py took 0.548 seconds
[2025-02-17T17:19:18.849+0100] {processor.py:186} INFO - Started process (PID=2870) to work on /mnt/c/Users/hp/venv/lib/python3.11/site-packages/airflow/example_dags/example_datasets.py
[2025-02-17T17:19:18.853+0100] {processor.py:914} INFO - Processing file /mnt/c/Users/hp/venv/lib/python3.11/site-packages/airflow/example_dags/example_datasets.py for tasks to queue
[2025-02-17T17:19:18.862+0100] {logging_mixin.py:190} INFO - [2025-02-17T17:19:18.859+0100] {dagbag.py:588} INFO - Filling up the DagBag from /mnt/c/Users/hp/venv/lib/python3.11/site-packages/airflow/example_dags/example_datasets.py
[2025-02-17T17:19:19.113+0100] {processor.py:925} INFO - DAG(s) 'dataset_consumes_1_never_scheduled', 'dataset_produces_1', 'consume_1_or_2_with_dataset_expressions', 'dataset_consumes_1_and_2', 'dataset_consumes_1', 'conditional_dataset_and_time_based_timetable', 'dataset_consumes_unknown_never_scheduled', 'consume_1_or_both_2_and_3_with_dataset_expressions', 'dataset_produces_2', 'consume_1_and_2_with_dataset_expressions' retrieved from /mnt/c/Users/hp/venv/lib/python3.11/site-packages/airflow/example_dags/example_datasets.py
[2025-02-17T17:19:19.192+0100] {logging_mixin.py:190} INFO - [2025-02-17T17:19:19.190+0100] {dag.py:3239} INFO - Sync 10 DAGs
[2025-02-17T17:19:19.244+0100] {logging_mixin.py:190} INFO - [2025-02-17T17:19:19.241+0100] {dag.py:4180} INFO - Setting next_dagrun for conditional_dataset_and_time_based_timetable to 2025-02-12 01:00:00+00:00, run_after=2025-02-12 01:00:00+00:00
[2025-02-17T17:19:19.259+0100] {logging_mixin.py:190} INFO - [2025-02-17T17:19:19.256+0100] {dag.py:4180} INFO - Setting next_dagrun for consume_1_and_2_with_dataset_expressions to None, run_after=None
[2025-02-17T17:19:19.266+0100] {logging_mixin.py:190} INFO - [2025-02-17T17:19:19.264+0100] {dag.py:4180} INFO - Setting next_dagrun for consume_1_or_2_with_dataset_expressions to None, run_after=None
[2025-02-17T17:19:19.276+0100] {logging_mixin.py:190} INFO - [2025-02-17T17:19:19.273+0100] {dag.py:4180} INFO - Setting next_dagrun for consume_1_or_both_2_and_3_with_dataset_expressions to None, run_after=None
[2025-02-17T17:19:19.283+0100] {logging_mixin.py:190} INFO - [2025-02-17T17:19:19.281+0100] {dag.py:4180} INFO - Setting next_dagrun for dataset_consumes_1 to None, run_after=None
[2025-02-17T17:19:19.288+0100] {logging_mixin.py:190} INFO - [2025-02-17T17:19:19.286+0100] {dag.py:4180} INFO - Setting next_dagrun for dataset_consumes_1_and_2 to None, run_after=None
[2025-02-17T17:19:19.295+0100] {logging_mixin.py:190} INFO - [2025-02-17T17:19:19.292+0100] {dag.py:4180} INFO - Setting next_dagrun for dataset_consumes_1_never_scheduled to None, run_after=None
[2025-02-17T17:19:19.302+0100] {logging_mixin.py:190} INFO - [2025-02-17T17:19:19.300+0100] {dag.py:4180} INFO - Setting next_dagrun for dataset_consumes_unknown_never_scheduled to None, run_after=None
[2025-02-17T17:19:19.311+0100] {logging_mixin.py:190} INFO - [2025-02-17T17:19:19.308+0100] {dag.py:4180} INFO - Setting next_dagrun for dataset_produces_1 to 2025-02-16 00:00:00+00:00, run_after=2025-02-17 00:00:00+00:00
[2025-02-17T17:19:19.318+0100] {logging_mixin.py:190} INFO - [2025-02-17T17:19:19.315+0100] {dag.py:4180} INFO - Setting next_dagrun for dataset_produces_2 to None, run_after=None
[2025-02-17T17:19:19.400+0100] {processor.py:208} INFO - Processing /mnt/c/Users/hp/venv/lib/python3.11/site-packages/airflow/example_dags/example_datasets.py took 0.578 seconds
[2025-02-17T17:20:51.201+0100] {processor.py:186} INFO - Started process (PID=2942) to work on /mnt/c/Users/hp/venv/lib/python3.11/site-packages/airflow/example_dags/example_datasets.py
[2025-02-17T17:20:51.208+0100] {processor.py:914} INFO - Processing file /mnt/c/Users/hp/venv/lib/python3.11/site-packages/airflow/example_dags/example_datasets.py for tasks to queue
[2025-02-17T17:20:51.215+0100] {logging_mixin.py:190} INFO - [2025-02-17T17:20:51.213+0100] {dagbag.py:588} INFO - Filling up the DagBag from /mnt/c/Users/hp/venv/lib/python3.11/site-packages/airflow/example_dags/example_datasets.py
[2025-02-17T17:20:51.470+0100] {processor.py:925} INFO - DAG(s) 'dataset_produces_2', 'dataset_consumes_1_and_2', 'consume_1_or_2_with_dataset_expressions', 'dataset_produces_1', 'consume_1_and_2_with_dataset_expressions', 'dataset_consumes_1', 'consume_1_or_both_2_and_3_with_dataset_expressions', 'conditional_dataset_and_time_based_timetable', 'dataset_consumes_unknown_never_scheduled', 'dataset_consumes_1_never_scheduled' retrieved from /mnt/c/Users/hp/venv/lib/python3.11/site-packages/airflow/example_dags/example_datasets.py
[2025-02-17T17:20:51.526+0100] {logging_mixin.py:190} INFO - [2025-02-17T17:20:51.524+0100] {dag.py:3239} INFO - Sync 10 DAGs
[2025-02-17T17:20:51.561+0100] {logging_mixin.py:190} INFO - [2025-02-17T17:20:51.559+0100] {dag.py:4180} INFO - Setting next_dagrun for conditional_dataset_and_time_based_timetable to 2025-02-12 01:00:00+00:00, run_after=2025-02-12 01:00:00+00:00
[2025-02-17T17:20:51.569+0100] {logging_mixin.py:190} INFO - [2025-02-17T17:20:51.567+0100] {dag.py:4180} INFO - Setting next_dagrun for consume_1_and_2_with_dataset_expressions to None, run_after=None
[2025-02-17T17:20:51.575+0100] {logging_mixin.py:190} INFO - [2025-02-17T17:20:51.573+0100] {dag.py:4180} INFO - Setting next_dagrun for consume_1_or_2_with_dataset_expressions to None, run_after=None
[2025-02-17T17:20:51.580+0100] {logging_mixin.py:190} INFO - [2025-02-17T17:20:51.578+0100] {dag.py:4180} INFO - Setting next_dagrun for consume_1_or_both_2_and_3_with_dataset_expressions to None, run_after=None
[2025-02-17T17:20:51.586+0100] {logging_mixin.py:190} INFO - [2025-02-17T17:20:51.584+0100] {dag.py:4180} INFO - Setting next_dagrun for dataset_consumes_1 to None, run_after=None
[2025-02-17T17:20:51.591+0100] {logging_mixin.py:190} INFO - [2025-02-17T17:20:51.589+0100] {dag.py:4180} INFO - Setting next_dagrun for dataset_consumes_1_and_2 to None, run_after=None
[2025-02-17T17:20:51.596+0100] {logging_mixin.py:190} INFO - [2025-02-17T17:20:51.594+0100] {dag.py:4180} INFO - Setting next_dagrun for dataset_consumes_1_never_scheduled to None, run_after=None
[2025-02-17T17:20:51.602+0100] {logging_mixin.py:190} INFO - [2025-02-17T17:20:51.600+0100] {dag.py:4180} INFO - Setting next_dagrun for dataset_consumes_unknown_never_scheduled to None, run_after=None
[2025-02-17T17:20:51.609+0100] {logging_mixin.py:190} INFO - [2025-02-17T17:20:51.606+0100] {dag.py:4180} INFO - Setting next_dagrun for dataset_produces_1 to 2025-02-16 00:00:00+00:00, run_after=2025-02-17 00:00:00+00:00
[2025-02-17T17:20:51.614+0100] {logging_mixin.py:190} INFO - [2025-02-17T17:20:51.612+0100] {dag.py:4180} INFO - Setting next_dagrun for dataset_produces_2 to None, run_after=None
[2025-02-17T17:20:51.666+0100] {processor.py:208} INFO - Processing /mnt/c/Users/hp/venv/lib/python3.11/site-packages/airflow/example_dags/example_datasets.py took 0.492 seconds
[2025-02-17T17:36:20.546+0100] {processor.py:186} INFO - Started process (PID=493) to work on /mnt/c/Users/hp/venv/lib/python3.11/site-packages/airflow/example_dags/example_datasets.py
[2025-02-17T17:36:20.554+0100] {processor.py:914} INFO - Processing file /mnt/c/Users/hp/venv/lib/python3.11/site-packages/airflow/example_dags/example_datasets.py for tasks to queue
[2025-02-17T17:36:20.570+0100] {logging_mixin.py:190} INFO - [2025-02-17T17:36:20.565+0100] {dagbag.py:588} INFO - Filling up the DagBag from /mnt/c/Users/hp/venv/lib/python3.11/site-packages/airflow/example_dags/example_datasets.py
[2025-02-17T17:36:20.975+0100] {processor.py:925} INFO - DAG(s) 'dataset_produces_1', 'dataset_consumes_1', 'consume_1_or_both_2_and_3_with_dataset_expressions', 'dataset_consumes_unknown_never_scheduled', 'dataset_consumes_1_and_2', 'consume_1_or_2_with_dataset_expressions', 'dataset_consumes_1_never_scheduled', 'dataset_produces_2', 'consume_1_and_2_with_dataset_expressions', 'conditional_dataset_and_time_based_timetable' retrieved from /mnt/c/Users/hp/venv/lib/python3.11/site-packages/airflow/example_dags/example_datasets.py
[2025-02-17T17:36:21.109+0100] {logging_mixin.py:190} INFO - [2025-02-17T17:36:21.104+0100] {dag.py:3239} INFO - Sync 10 DAGs
[2025-02-17T17:36:21.202+0100] {logging_mixin.py:190} INFO - [2025-02-17T17:36:21.198+0100] {dag.py:4180} INFO - Setting next_dagrun for conditional_dataset_and_time_based_timetable to 2025-02-12 01:00:00+00:00, run_after=2025-02-12 01:00:00+00:00
[2025-02-17T17:36:21.221+0100] {logging_mixin.py:190} INFO - [2025-02-17T17:36:21.217+0100] {dag.py:4180} INFO - Setting next_dagrun for consume_1_and_2_with_dataset_expressions to None, run_after=None
[2025-02-17T17:36:21.233+0100] {logging_mixin.py:190} INFO - [2025-02-17T17:36:21.229+0100] {dag.py:4180} INFO - Setting next_dagrun for consume_1_or_2_with_dataset_expressions to None, run_after=None
[2025-02-17T17:36:21.245+0100] {logging_mixin.py:190} INFO - [2025-02-17T17:36:21.240+0100] {dag.py:4180} INFO - Setting next_dagrun for consume_1_or_both_2_and_3_with_dataset_expressions to None, run_after=None
[2025-02-17T17:36:21.260+0100] {logging_mixin.py:190} INFO - [2025-02-17T17:36:21.255+0100] {dag.py:4180} INFO - Setting next_dagrun for dataset_consumes_1 to None, run_after=None
[2025-02-17T17:36:21.273+0100] {logging_mixin.py:190} INFO - [2025-02-17T17:36:21.269+0100] {dag.py:4180} INFO - Setting next_dagrun for dataset_consumes_1_and_2 to None, run_after=None
[2025-02-17T17:36:21.285+0100] {logging_mixin.py:190} INFO - [2025-02-17T17:36:21.281+0100] {dag.py:4180} INFO - Setting next_dagrun for dataset_consumes_1_never_scheduled to None, run_after=None
[2025-02-17T17:36:21.299+0100] {logging_mixin.py:190} INFO - [2025-02-17T17:36:21.294+0100] {dag.py:4180} INFO - Setting next_dagrun for dataset_consumes_unknown_never_scheduled to None, run_after=None
[2025-02-17T17:36:21.315+0100] {logging_mixin.py:190} INFO - [2025-02-17T17:36:21.310+0100] {dag.py:4180} INFO - Setting next_dagrun for dataset_produces_1 to 2025-02-16 00:00:00+00:00, run_after=2025-02-17 00:00:00+00:00
[2025-02-17T17:36:21.327+0100] {logging_mixin.py:190} INFO - [2025-02-17T17:36:21.323+0100] {dag.py:4180} INFO - Setting next_dagrun for dataset_produces_2 to None, run_after=None
[2025-02-17T17:36:21.429+0100] {processor.py:208} INFO - Processing /mnt/c/Users/hp/venv/lib/python3.11/site-packages/airflow/example_dags/example_datasets.py took 0.940 seconds
[2025-02-17T17:38:18.332+0100] {processor.py:186} INFO - Started process (PID=584) to work on /mnt/c/Users/hp/venv/lib/python3.11/site-packages/airflow/example_dags/example_datasets.py
[2025-02-17T17:38:18.341+0100] {processor.py:914} INFO - Processing file /mnt/c/Users/hp/venv/lib/python3.11/site-packages/airflow/example_dags/example_datasets.py for tasks to queue
[2025-02-17T17:38:18.356+0100] {logging_mixin.py:190} INFO - [2025-02-17T17:38:18.351+0100] {dagbag.py:588} INFO - Filling up the DagBag from /mnt/c/Users/hp/venv/lib/python3.11/site-packages/airflow/example_dags/example_datasets.py
[2025-02-17T17:38:18.781+0100] {processor.py:925} INFO - DAG(s) 'dataset_consumes_1', 'dataset_produces_2', 'consume_1_or_both_2_and_3_with_dataset_expressions', 'conditional_dataset_and_time_based_timetable', 'consume_1_or_2_with_dataset_expressions', 'dataset_produces_1', 'consume_1_and_2_with_dataset_expressions', 'dataset_consumes_1_and_2', 'dataset_consumes_1_never_scheduled', 'dataset_consumes_unknown_never_scheduled' retrieved from /mnt/c/Users/hp/venv/lib/python3.11/site-packages/airflow/example_dags/example_datasets.py
[2025-02-17T17:38:18.907+0100] {logging_mixin.py:190} INFO - [2025-02-17T17:38:18.904+0100] {dag.py:3239} INFO - Sync 10 DAGs
[2025-02-17T17:38:18.968+0100] {logging_mixin.py:190} INFO - [2025-02-17T17:38:18.965+0100] {dag.py:4180} INFO - Setting next_dagrun for conditional_dataset_and_time_based_timetable to 2025-02-12 01:00:00+00:00, run_after=2025-02-12 01:00:00+00:00
[2025-02-17T17:38:18.984+0100] {logging_mixin.py:190} INFO - [2025-02-17T17:38:18.981+0100] {dag.py:4180} INFO - Setting next_dagrun for consume_1_and_2_with_dataset_expressions to None, run_after=None
[2025-02-17T17:38:18.992+0100] {logging_mixin.py:190} INFO - [2025-02-17T17:38:18.988+0100] {dag.py:4180} INFO - Setting next_dagrun for consume_1_or_2_with_dataset_expressions to None, run_after=None
[2025-02-17T17:38:19.000+0100] {logging_mixin.py:190} INFO - [2025-02-17T17:38:18.997+0100] {dag.py:4180} INFO - Setting next_dagrun for consume_1_or_both_2_and_3_with_dataset_expressions to None, run_after=None
[2025-02-17T17:38:19.008+0100] {logging_mixin.py:190} INFO - [2025-02-17T17:38:19.004+0100] {dag.py:4180} INFO - Setting next_dagrun for dataset_consumes_1 to None, run_after=None
[2025-02-17T17:38:19.015+0100] {logging_mixin.py:190} INFO - [2025-02-17T17:38:19.012+0100] {dag.py:4180} INFO - Setting next_dagrun for dataset_consumes_1_and_2 to None, run_after=None
[2025-02-17T17:38:19.022+0100] {logging_mixin.py:190} INFO - [2025-02-17T17:38:19.020+0100] {dag.py:4180} INFO - Setting next_dagrun for dataset_consumes_1_never_scheduled to None, run_after=None
[2025-02-17T17:38:19.030+0100] {logging_mixin.py:190} INFO - [2025-02-17T17:38:19.027+0100] {dag.py:4180} INFO - Setting next_dagrun for dataset_consumes_unknown_never_scheduled to None, run_after=None
[2025-02-17T17:38:19.041+0100] {logging_mixin.py:190} INFO - [2025-02-17T17:38:19.038+0100] {dag.py:4180} INFO - Setting next_dagrun for dataset_produces_1 to 2025-02-16 00:00:00+00:00, run_after=2025-02-17 00:00:00+00:00
[2025-02-17T17:38:19.049+0100] {logging_mixin.py:190} INFO - [2025-02-17T17:38:19.046+0100] {dag.py:4180} INFO - Setting next_dagrun for dataset_produces_2 to None, run_after=None
[2025-02-17T17:38:19.133+0100] {processor.py:208} INFO - Processing /mnt/c/Users/hp/venv/lib/python3.11/site-packages/airflow/example_dags/example_datasets.py took 0.852 seconds
