[2025-03-20T00:48:55.460+0000] {local_task_job_runner.py:123} INFO - ::group::Pre task execution logs
[2025-03-20T00:48:55.556+0000] {taskinstance.py:2614} INFO - Dependencies all met for dep_context=non-requeueable deps ti=<TaskInstance: automate_emploi_extraction.extract_data scheduled__2024-09-04T00:00:00+00:00 [queued]>
[2025-03-20T00:48:55.611+0000] {taskinstance.py:2614} INFO - Dependencies all met for dep_context=requeueable deps ti=<TaskInstance: automate_emploi_extraction.extract_data scheduled__2024-09-04T00:00:00+00:00 [queued]>
[2025-03-20T00:48:55.612+0000] {taskinstance.py:2867} INFO - Starting attempt 1 of 2
[2025-03-20T00:48:55.784+0000] {taskinstance.py:2890} INFO - Executing <Task(PythonOperator): extract_data> on 2024-09-04 00:00:00+00:00
[2025-03-20T00:48:55.799+0000] {standard_task_runner.py:72} INFO - Started process 82017 to run task
[2025-03-20T00:48:55.820+0000] {standard_task_runner.py:104} INFO - Running: ['airflow', 'tasks', 'run', 'automate_emploi_extraction', 'extract_data', 'scheduled__2024-09-04T00:00:00+00:00', '--job-id', '1651', '--raw', '--subdir', 'DAGS_FOLDER/dag_scraper_offres_emploi.py', '--cfg-path', '/tmp/tmpanuh_crf']
[2025-03-20T00:48:55.823+0000] {standard_task_runner.py:105} INFO - Job 1651: Subtask extract_data
[2025-03-20T00:48:56.044+0000] {task_command.py:467} INFO - Running <TaskInstance: automate_emploi_extraction.extract_data scheduled__2024-09-04T00:00:00+00:00 [running]> on host DESKTOP-IM7V4RI.
[2025-03-20T00:48:56.389+0000] {taskinstance.py:3134} INFO - Exporting env vars: AIRFLOW_CTX_DAG_OWNER='airflow' AIRFLOW_CTX_DAG_ID='automate_emploi_extraction' AIRFLOW_CTX_TASK_ID='extract_data' AIRFLOW_CTX_EXECUTION_DATE='2024-09-04T00:00:00+00:00' AIRFLOW_CTX_TRY_NUMBER='1' AIRFLOW_CTX_DAG_RUN_ID='scheduled__2024-09-04T00:00:00+00:00'
[2025-03-20T00:48:56.391+0000] {logging_mixin.py:190} INFO - Task instance is in running state
[2025-03-20T00:48:56.392+0000] {logging_mixin.py:190} INFO -  Previous state of the Task instance: queued
[2025-03-20T00:48:56.392+0000] {logging_mixin.py:190} INFO - Current task name:extract_data state:running start_date:2025-03-20 00:48:55.557598+00:00
[2025-03-20T00:48:56.392+0000] {logging_mixin.py:190} INFO - Dag name:automate_emploi_extraction and current dag run status:running
[2025-03-20T00:48:56.393+0000] {taskinstance.py:732} INFO - ::endgroup::
[2025-03-20T00:48:56.729+0000] {logging_mixin.py:190} INFO - Erreur de requête pour la première page : 403
[2025-03-20T00:48:56.731+0000] {logging_mixin.py:190} INFO - Fichier JSON enregistré avec succès.
[2025-03-20T00:48:56.741+0000] {python.py:240} INFO - Done. Returned value was: None
[2025-03-20T00:48:56.803+0000] {taskinstance.py:341} INFO - ::group::Post task execution logs
[2025-03-20T00:48:56.804+0000] {taskinstance.py:353} INFO - Marking task as SUCCESS. dag_id=automate_emploi_extraction, task_id=extract_data, run_id=scheduled__2024-09-04T00:00:00+00:00, execution_date=20240904T000000, start_date=20250320T004855, end_date=20250320T004856
[2025-03-20T00:48:56.932+0000] {logging_mixin.py:190} INFO - Task instance in success state
[2025-03-20T00:48:56.936+0000] {logging_mixin.py:190} INFO -  Previous state of the Task instance: running
[2025-03-20T00:48:56.936+0000] {logging_mixin.py:190} INFO - Dag name:automate_emploi_extraction queued_at:2025-03-20 00:48:52.489341+00:00
[2025-03-20T00:48:56.937+0000] {logging_mixin.py:190} INFO - Task hostname:DESKTOP-IM7V4RI. operator:PythonOperator
[2025-03-20T00:48:56.979+0000] {local_task_job_runner.py:266} INFO - Task exited with return code 0
[2025-03-20T00:48:57.027+0000] {local_task_job_runner.py:245} INFO - ::endgroup::
