[2025-03-18T17:14:29.033+0000] {local_task_job_runner.py:123} INFO - ::group::Pre task execution logs
[2025-03-18T17:14:29.078+0000] {taskinstance.py:2614} INFO - Dependencies all met for dep_context=non-requeueable deps ti=<TaskInstance: load_dbt_clean_reviews_pipeline.dbt_run scheduled__2024-05-11T00:00:00+00:00 [queued]>
[2025-03-18T17:14:29.096+0000] {taskinstance.py:2614} INFO - Dependencies all met for dep_context=requeueable deps ti=<TaskInstance: load_dbt_clean_reviews_pipeline.dbt_run scheduled__2024-05-11T00:00:00+00:00 [queued]>
[2025-03-18T17:14:29.096+0000] {taskinstance.py:2867} INFO - Starting attempt 1 of 2
[2025-03-18T17:14:29.122+0000] {taskinstance.py:2890} INFO - Executing <Task(BashOperator): dbt_run> on 2024-05-11 00:00:00+00:00
[2025-03-18T17:14:29.135+0000] {standard_task_runner.py:72} INFO - Started process 59513 to run task
[2025-03-18T17:14:29.142+0000] {standard_task_runner.py:104} INFO - Running: ['airflow', 'tasks', 'run', 'load_dbt_clean_reviews_pipeline', 'dbt_run', 'scheduled__2024-05-11T00:00:00+00:00', '--job-id', '821', '--raw', '--subdir', 'DAGS_FOLDER/dag_load_reviews.py', '--cfg-path', '/tmp/tmpmf7frrji']
[2025-03-18T17:14:29.144+0000] {standard_task_runner.py:105} INFO - Job 821: Subtask dbt_run
[2025-03-18T17:14:29.295+0000] {task_command.py:467} INFO - Running <TaskInstance: load_dbt_clean_reviews_pipeline.dbt_run scheduled__2024-05-11T00:00:00+00:00 [running]> on host DESKTOP-IM7V4RI.
[2025-03-18T17:14:29.545+0000] {taskinstance.py:3134} INFO - Exporting env vars: AIRFLOW_CTX_DAG_OWNER='mohammed' AIRFLOW_CTX_DAG_ID='load_dbt_clean_reviews_pipeline' AIRFLOW_CTX_TASK_ID='dbt_run' AIRFLOW_CTX_EXECUTION_DATE='2024-05-11T00:00:00+00:00' AIRFLOW_CTX_TRY_NUMBER='1' AIRFLOW_CTX_DAG_RUN_ID='scheduled__2024-05-11T00:00:00+00:00'
[2025-03-18T17:14:29.548+0000] {logging_mixin.py:190} INFO - Task instance is in running state
[2025-03-18T17:14:29.549+0000] {logging_mixin.py:190} INFO -  Previous state of the Task instance: queued
[2025-03-18T17:14:29.550+0000] {logging_mixin.py:190} INFO - Current task name:dbt_run state:running start_date:2025-03-18 17:14:29.078880+00:00
[2025-03-18T17:14:29.550+0000] {logging_mixin.py:190} INFO - Dag name:load_dbt_clean_reviews_pipeline and current dag run status:running
[2025-03-18T17:14:29.551+0000] {taskinstance.py:732} INFO - ::endgroup::
[2025-03-18T17:14:29.553+0000] {subprocess.py:78} INFO - Tmp dir root location: /tmp
[2025-03-18T17:14:29.556+0000] {subprocess.py:88} INFO - Running command: ['/usr/bin/bash', '-c', 'cd /home/mohammed/.dbt/dbt_projects/bank_reviews_transactional && dbt run']
[2025-03-18T17:14:29.577+0000] {subprocess.py:99} INFO - Output:
[2025-03-18T17:14:32.159+0000] {subprocess.py:106} INFO - [0m17:14:32  Running with dbt=1.9.3
[2025-03-18T17:14:32.636+0000] {subprocess.py:106} INFO - [0m17:14:32  Registered adapter: postgres=1.9.0
[2025-03-18T17:14:32.962+0000] {subprocess.py:106} INFO - [0m17:14:32  [[33mWARNING[0m]: Configuration paths exist in your dbt_project.yml file which do not apply to any resources.
[2025-03-18T17:14:32.963+0000] {subprocess.py:106} INFO - There are 1 unused configuration paths:
[2025-03-18T17:14:32.963+0000] {subprocess.py:106} INFO - - models.bank_reviews_transactional.transactional
[2025-03-18T17:14:33.191+0000] {subprocess.py:106} INFO - [0m17:14:33  Found 3 models, 4 data tests, 1 source, 433 macros
[2025-03-18T17:14:33.194+0000] {subprocess.py:106} INFO - [0m17:14:33
[2025-03-18T17:14:33.195+0000] {subprocess.py:106} INFO - [0m17:14:33  Concurrency: 4 threads (target='dev')
[2025-03-18T17:14:33.195+0000] {subprocess.py:106} INFO - [0m17:14:33
[2025-03-18T17:14:33.477+0000] {subprocess.py:106} INFO - [0m17:14:33  1 of 3 START sql table model transactional.clean_reviews ....................... [RUN]
[2025-03-18T17:14:33.480+0000] {subprocess.py:106} INFO - [0m17:14:33  2 of 3 START sql table model transactional.my_first_dbt_model .................. [RUN]
[2025-03-18T17:14:34.150+0000] {subprocess.py:106} INFO - [0m17:14:34  2 of 3 OK created sql table model transactional.my_first_dbt_model ............. [[32mSELECT 2[0m in 0.66s]
[2025-03-18T17:14:34.164+0000] {subprocess.py:106} INFO - [0m17:14:34  3 of 3 START sql view model transactional.my_second_dbt_model .................. [RUN]
[2025-03-18T17:14:34.258+0000] {subprocess.py:106} INFO - [0m17:14:34  1 of 3 OK created sql table model transactional.clean_reviews .................. [[32mSELECT 549[0m in 0.77s]
[2025-03-18T17:14:34.336+0000] {subprocess.py:106} INFO - [0m17:14:34  3 of 3 OK created sql view model transactional.my_second_dbt_model ............. [[32mCREATE VIEW[0m in 0.16s]
[2025-03-18T17:14:34.375+0000] {subprocess.py:106} INFO - [0m17:14:34
[2025-03-18T17:14:34.375+0000] {subprocess.py:106} INFO - [0m17:14:34  Finished running 2 table models, 1 view model in 0 hours 0 minutes and 1.18 seconds (1.18s).
[2025-03-18T17:14:34.524+0000] {subprocess.py:106} INFO - [0m17:14:34
[2025-03-18T17:14:34.525+0000] {subprocess.py:106} INFO - [0m17:14:34  [32mCompleted successfully[0m
[2025-03-18T17:14:34.526+0000] {subprocess.py:106} INFO - [0m17:14:34
[2025-03-18T17:14:34.527+0000] {subprocess.py:106} INFO - [0m17:14:34  Done. PASS=3 WARN=0 ERROR=0 SKIP=0 TOTAL=3
[2025-03-18T17:14:36.269+0000] {subprocess.py:110} INFO - Command exited with return code 0
[2025-03-18T17:14:36.354+0000] {taskinstance.py:341} INFO - ::group::Post task execution logs
[2025-03-18T17:14:36.355+0000] {taskinstance.py:353} INFO - Marking task as SUCCESS. dag_id=load_dbt_clean_reviews_pipeline, task_id=dbt_run, run_id=scheduled__2024-05-11T00:00:00+00:00, execution_date=20240511T000000, start_date=20250318T171429, end_date=20250318T171436
[2025-03-18T17:14:36.485+0000] {logging_mixin.py:190} INFO - Task instance in success state
[2025-03-18T17:14:36.486+0000] {logging_mixin.py:190} INFO -  Previous state of the Task instance: running
[2025-03-18T17:14:36.487+0000] {logging_mixin.py:190} INFO - Dag name:load_dbt_clean_reviews_pipeline queued_at:2025-03-18 17:14:27.643274+00:00
[2025-03-18T17:14:36.488+0000] {logging_mixin.py:190} INFO - Task hostname:DESKTOP-IM7V4RI. operator:BashOperator
[2025-03-18T17:14:36.524+0000] {local_task_job_runner.py:266} INFO - Task exited with return code 0
[2025-03-18T17:14:36.604+0000] {taskinstance.py:3901} INFO - 0 downstream tasks scheduled from follow-on schedule check
[2025-03-18T17:14:36.614+0000] {local_task_job_runner.py:245} INFO - ::endgroup::
