[2025-03-20T00:49:45.473+0000] {local_task_job_runner.py:123} INFO - ::group::Pre task execution logs
[2025-03-20T00:49:45.522+0000] {taskinstance.py:2614} INFO - Dependencies all met for dep_context=non-requeueable deps ti=<TaskInstance: automate_emploi_extraction.extract_data scheduled__2024-11-10T00:00:00+00:00 [queued]>
[2025-03-20T00:49:45.560+0000] {taskinstance.py:2614} INFO - Dependencies all met for dep_context=requeueable deps ti=<TaskInstance: automate_emploi_extraction.extract_data scheduled__2024-11-10T00:00:00+00:00 [queued]>
[2025-03-20T00:49:45.561+0000] {taskinstance.py:2867} INFO - Starting attempt 1 of 2
[2025-03-20T00:49:45.623+0000] {taskinstance.py:2890} INFO - Executing <Task(PythonOperator): extract_data> on 2024-11-10 00:00:00+00:00
[2025-03-20T00:49:45.657+0000] {standard_task_runner.py:104} INFO - Running: ['airflow', 'tasks', 'run', 'automate_emploi_extraction', 'extract_data', 'scheduled__2024-11-10T00:00:00+00:00', '--job-id', '1718', '--raw', '--subdir', 'DAGS_FOLDER/dag_scraper_offres_emploi.py', '--cfg-path', '/tmp/tmpk0v9izfs']
[2025-03-20T00:49:45.661+0000] {standard_task_runner.py:105} INFO - Job 1718: Subtask extract_data
[2025-03-20T00:49:45.660+0000] {standard_task_runner.py:72} INFO - Started process 83897 to run task
[2025-03-20T00:49:45.967+0000] {task_command.py:467} INFO - Running <TaskInstance: automate_emploi_extraction.extract_data scheduled__2024-11-10T00:00:00+00:00 [running]> on host DESKTOP-IM7V4RI.
[2025-03-20T00:49:46.429+0000] {taskinstance.py:3134} INFO - Exporting env vars: AIRFLOW_CTX_DAG_OWNER='airflow' AIRFLOW_CTX_DAG_ID='automate_emploi_extraction' AIRFLOW_CTX_TASK_ID='extract_data' AIRFLOW_CTX_EXECUTION_DATE='2024-11-10T00:00:00+00:00' AIRFLOW_CTX_TRY_NUMBER='1' AIRFLOW_CTX_DAG_RUN_ID='scheduled__2024-11-10T00:00:00+00:00'
[2025-03-20T00:49:46.432+0000] {logging_mixin.py:190} INFO - Task instance is in running state
[2025-03-20T00:49:46.435+0000] {logging_mixin.py:190} INFO -  Previous state of the Task instance: queued
[2025-03-20T00:49:46.437+0000] {logging_mixin.py:190} INFO - Current task name:extract_data state:running start_date:2025-03-20 00:49:45.523028+00:00
[2025-03-20T00:49:46.438+0000] {logging_mixin.py:190} INFO - Dag name:automate_emploi_extraction and current dag run status:running
[2025-03-20T00:49:46.439+0000] {taskinstance.py:732} INFO - ::endgroup::
[2025-03-20T00:49:46.751+0000] {logging_mixin.py:190} INFO - Erreur de requête pour la première page : 403
[2025-03-20T00:49:46.754+0000] {logging_mixin.py:190} INFO - Fichier JSON enregistré avec succès.
[2025-03-20T00:49:46.758+0000] {python.py:240} INFO - Done. Returned value was: None
[2025-03-20T00:49:46.797+0000] {taskinstance.py:341} INFO - ::group::Post task execution logs
[2025-03-20T00:49:46.798+0000] {taskinstance.py:353} INFO - Marking task as SUCCESS. dag_id=automate_emploi_extraction, task_id=extract_data, run_id=scheduled__2024-11-10T00:00:00+00:00, execution_date=20241110T000000, start_date=20250320T004945, end_date=20250320T004946
[2025-03-20T00:49:46.891+0000] {logging_mixin.py:190} INFO - Task instance in success state
[2025-03-20T00:49:46.892+0000] {logging_mixin.py:190} INFO -  Previous state of the Task instance: running
[2025-03-20T00:49:46.892+0000] {logging_mixin.py:190} INFO - Dag name:automate_emploi_extraction queued_at:2025-03-20 00:49:43.358706+00:00
[2025-03-20T00:49:46.892+0000] {logging_mixin.py:190} INFO - Task hostname:DESKTOP-IM7V4RI. operator:PythonOperator
[2025-03-20T00:49:46.915+0000] {local_task_job_runner.py:266} INFO - Task exited with return code 0
[2025-03-20T00:49:46.968+0000] {taskinstance.py:3901} INFO - 0 downstream tasks scheduled from follow-on schedule check
[2025-03-20T00:49:46.980+0000] {local_task_job_runner.py:245} INFO - ::endgroup::
