[2025-03-18T18:21:49.649+0000] {local_task_job_runner.py:123} INFO - ::group::Pre task execution logs
[2025-03-18T18:21:49.848+0000] {taskinstance.py:2614} INFO - Dependencies all met for dep_context=non-requeueable deps ti=<TaskInstance: load_dbt_clean_reviews_pipeline.dbt_run scheduled__2024-08-06T00:00:00+00:00 [queued]>
[2025-03-18T18:21:49.981+0000] {taskinstance.py:2614} INFO - Dependencies all met for dep_context=requeueable deps ti=<TaskInstance: load_dbt_clean_reviews_pipeline.dbt_run scheduled__2024-08-06T00:00:00+00:00 [queued]>
[2025-03-18T18:21:49.982+0000] {taskinstance.py:2867} INFO - Starting attempt 1 of 2
[2025-03-18T18:21:50.072+0000] {taskinstance.py:2890} INFO - Executing <Task(BashOperator): dbt_run> on 2024-08-06 00:00:00+00:00
[2025-03-18T18:21:50.087+0000] {standard_task_runner.py:72} INFO - Started process 13250 to run task
[2025-03-18T18:21:50.133+0000] {standard_task_runner.py:104} INFO - Running: ['airflow', 'tasks', 'run', 'load_dbt_clean_reviews_pipeline', 'dbt_run', 'scheduled__2024-08-06T00:00:00+00:00', '--job-id', '968', '--raw', '--subdir', 'DAGS_FOLDER/dag_load_reviews.py', '--cfg-path', '/tmp/tmpykpsk8t1']
[2025-03-18T18:21:50.135+0000] {standard_task_runner.py:105} INFO - Job 968: Subtask dbt_run
[2025-03-18T18:21:50.927+0000] {task_command.py:467} INFO - Running <TaskInstance: load_dbt_clean_reviews_pipeline.dbt_run scheduled__2024-08-06T00:00:00+00:00 [running]> on host DESKTOP-IM7V4RI.
[2025-03-18T18:21:52.937+0000] {taskinstance.py:3134} INFO - Exporting env vars: AIRFLOW_CTX_DAG_OWNER='mohammed' AIRFLOW_CTX_DAG_ID='load_dbt_clean_reviews_pipeline' AIRFLOW_CTX_TASK_ID='dbt_run' AIRFLOW_CTX_EXECUTION_DATE='2024-08-06T00:00:00+00:00' AIRFLOW_CTX_TRY_NUMBER='1' AIRFLOW_CTX_DAG_RUN_ID='scheduled__2024-08-06T00:00:00+00:00'
[2025-03-18T18:21:52.954+0000] {logging_mixin.py:190} INFO - Task instance is in running state
[2025-03-18T18:21:52.956+0000] {logging_mixin.py:190} INFO -  Previous state of the Task instance: queued
[2025-03-18T18:21:52.957+0000] {logging_mixin.py:190} INFO - Current task name:dbt_run state:running start_date:2025-03-18 18:21:49.849496+00:00
[2025-03-18T18:21:52.958+0000] {logging_mixin.py:190} INFO - Dag name:load_dbt_clean_reviews_pipeline and current dag run status:running
[2025-03-18T18:21:52.959+0000] {taskinstance.py:732} INFO - ::endgroup::
[2025-03-18T18:21:52.997+0000] {subprocess.py:78} INFO - Tmp dir root location: /tmp
[2025-03-18T18:21:53.009+0000] {subprocess.py:88} INFO - Running command: ['/usr/bin/bash', '-c', 'cd /home/mohammed/.dbt/dbt_projects/bank_reviews_transactional && dbt run']
[2025-03-18T18:21:53.122+0000] {subprocess.py:99} INFO - Output:
[2025-03-18T18:22:13.278+0000] {subprocess.py:106} INFO - [0m18:22:13  Running with dbt=1.9.3
[2025-03-18T18:22:15.872+0000] {subprocess.py:106} INFO - [0m18:22:15  Registered adapter: postgres=1.9.0
[2025-03-18T18:22:17.584+0000] {subprocess.py:106} INFO - [0m18:22:17  [[33mWARNING[0m]: Configuration paths exist in your dbt_project.yml file which do not apply to any resources.
[2025-03-18T18:22:17.584+0000] {subprocess.py:106} INFO - There are 1 unused configuration paths:
[2025-03-18T18:22:17.585+0000] {subprocess.py:106} INFO - - models.bank_reviews_transactional.transactional
[2025-03-18T18:22:18.771+0000] {subprocess.py:106} INFO - [0m18:22:18  Found 1 model, 1 source, 433 macros
[2025-03-18T18:22:18.812+0000] {subprocess.py:106} INFO - [0m18:22:18
[2025-03-18T18:22:18.817+0000] {subprocess.py:106} INFO - [0m18:22:18  Concurrency: 4 threads (target='dev')
[2025-03-18T18:22:18.836+0000] {subprocess.py:106} INFO - [0m18:22:18
[2025-03-18T18:22:19.795+0000] {subprocess.py:106} INFO - [0m18:22:19  1 of 1 START sql table model transactional.clean_reviews ....................... [RUN]
[2025-03-18T18:22:22.028+0000] {subprocess.py:106} INFO - [0m18:22:22  1 of 1 OK created sql table model transactional.clean_reviews .................. [[32mSELECT 549[0m in 2.20s]
[2025-03-18T18:22:22.143+0000] {subprocess.py:106} INFO - [0m18:22:22
[2025-03-18T18:22:22.152+0000] {subprocess.py:106} INFO - [0m18:22:22  Finished running 1 table model in 0 hours 0 minutes and 3.30 seconds (3.30s).
[2025-03-18T18:22:22.297+0000] {subprocess.py:106} INFO - [0m18:22:22
[2025-03-18T18:22:22.300+0000] {subprocess.py:106} INFO - [0m18:22:22  [32mCompleted successfully[0m
[2025-03-18T18:22:22.302+0000] {subprocess.py:106} INFO - [0m18:22:22
[2025-03-18T18:22:22.305+0000] {subprocess.py:106} INFO - [0m18:22:22  Done. PASS=1 WARN=0 ERROR=0 SKIP=0 TOTAL=1
[2025-03-18T18:22:25.316+0000] {subprocess.py:110} INFO - Command exited with return code 0
[2025-03-18T18:22:25.515+0000] {taskinstance.py:341} INFO - ::group::Post task execution logs
[2025-03-18T18:22:25.516+0000] {taskinstance.py:353} INFO - Marking task as SUCCESS. dag_id=load_dbt_clean_reviews_pipeline, task_id=dbt_run, run_id=scheduled__2024-08-06T00:00:00+00:00, execution_date=20240806T000000, start_date=20250318T182149, end_date=20250318T182225
[2025-03-18T18:22:25.701+0000] {logging_mixin.py:190} INFO - Task instance in success state
[2025-03-18T18:22:25.702+0000] {logging_mixin.py:190} INFO -  Previous state of the Task instance: running
[2025-03-18T18:22:25.702+0000] {logging_mixin.py:190} INFO - Dag name:load_dbt_clean_reviews_pipeline queued_at:2025-03-18 18:21:43.905521+00:00
[2025-03-18T18:22:25.703+0000] {logging_mixin.py:190} INFO - Task hostname:DESKTOP-IM7V4RI. operator:BashOperator
[2025-03-18T18:22:25.742+0000] {local_task_job_runner.py:266} INFO - Task exited with return code 0
[2025-03-18T18:22:25.833+0000] {taskinstance.py:3901} INFO - 0 downstream tasks scheduled from follow-on schedule check
[2025-03-18T18:22:25.866+0000] {local_task_job_runner.py:245} INFO - ::endgroup::
