[2025-03-17T01:12:13.081+0000] {local_task_job_runner.py:123} INFO - ::group::Pre task execution logs
[2025-03-17T01:12:13.134+0000] {taskinstance.py:2614} INFO - Dependencies all met for dep_context=non-requeueable deps ti=<TaskInstance: load_reviews_pipeline.dbt_run scheduled__2024-12-30T00:00:00+00:00 [queued]>
[2025-03-17T01:12:13.152+0000] {taskinstance.py:2614} INFO - Dependencies all met for dep_context=requeueable deps ti=<TaskInstance: load_reviews_pipeline.dbt_run scheduled__2024-12-30T00:00:00+00:00 [queued]>
[2025-03-17T01:12:13.153+0000] {taskinstance.py:2867} INFO - Starting attempt 1 of 2
[2025-03-17T01:12:13.178+0000] {taskinstance.py:2890} INFO - Executing <Task(BashOperator): dbt_run> on 2024-12-30 00:00:00+00:00
[2025-03-17T01:12:13.189+0000] {standard_task_runner.py:72} INFO - Started process 319004 to run task
[2025-03-17T01:12:13.196+0000] {standard_task_runner.py:104} INFO - Running: ['airflow', 'tasks', 'run', 'load_reviews_pipeline', 'dbt_run', 'scheduled__2024-12-30T00:00:00+00:00', '--job-id', '561', '--raw', '--subdir', 'DAGS_FOLDER/dag_load_reviews.py', '--cfg-path', '/tmp/tmpk0l5in9x']
[2025-03-17T01:12:13.199+0000] {standard_task_runner.py:105} INFO - Job 561: Subtask dbt_run
[2025-03-17T01:12:13.358+0000] {task_command.py:467} INFO - Running <TaskInstance: load_reviews_pipeline.dbt_run scheduled__2024-12-30T00:00:00+00:00 [running]> on host DESKTOP-IM7V4RI.
[2025-03-17T01:12:13.617+0000] {taskinstance.py:3134} INFO - Exporting env vars: AIRFLOW_CTX_DAG_OWNER='mohammed' AIRFLOW_CTX_DAG_ID='load_reviews_pipeline' AIRFLOW_CTX_TASK_ID='dbt_run' AIRFLOW_CTX_EXECUTION_DATE='2024-12-30T00:00:00+00:00' AIRFLOW_CTX_TRY_NUMBER='1' AIRFLOW_CTX_DAG_RUN_ID='scheduled__2024-12-30T00:00:00+00:00'
[2025-03-17T01:12:13.620+0000] {logging_mixin.py:190} INFO - Task instance is in running state
[2025-03-17T01:12:13.620+0000] {logging_mixin.py:190} INFO -  Previous state of the Task instance: queued
[2025-03-17T01:12:13.621+0000] {logging_mixin.py:190} INFO - Current task name:dbt_run state:running start_date:2025-03-17 01:12:13.135162+00:00
[2025-03-17T01:12:13.622+0000] {logging_mixin.py:190} INFO - Dag name:load_reviews_pipeline and current dag run status:running
[2025-03-17T01:12:13.622+0000] {taskinstance.py:732} INFO - ::endgroup::
[2025-03-17T01:12:13.624+0000] {subprocess.py:78} INFO - Tmp dir root location: /tmp
[2025-03-17T01:12:13.626+0000] {subprocess.py:88} INFO - Running command: ['/usr/bin/bash', '-c', 'cd /home/mohammed/.dbt/bank_reviews_project && dbt run']
[2025-03-17T01:12:13.651+0000] {subprocess.py:99} INFO - Output:
[2025-03-17T01:12:16.988+0000] {subprocess.py:106} INFO - [0m01:12:16  Running with dbt=1.9.3
[2025-03-17T01:12:17.503+0000] {subprocess.py:106} INFO - [0m01:12:17  Registered adapter: postgres=1.9.0
[2025-03-17T01:12:18.110+0000] {subprocess.py:106} INFO - [0m01:12:18  Found 10 models, 4 data tests, 2 sources, 433 macros
[2025-03-17T01:12:18.118+0000] {subprocess.py:106} INFO - [0m01:12:18
[2025-03-17T01:12:18.119+0000] {subprocess.py:106} INFO - [0m01:12:18  Concurrency: 4 threads (target='dev')
[2025-03-17T01:12:18.119+0000] {subprocess.py:106} INFO - [0m01:12:18
[2025-03-17T01:12:18.383+0000] {subprocess.py:106} INFO - [0m01:12:18  1 of 10 START sql view model public.clean_reviews .............................. [RUN]
[2025-03-17T01:12:18.388+0000] {subprocess.py:106} INFO - [0m01:12:18  2 of 10 START sql table model public.my_first_dbt_model ........................ [RUN]
[2025-03-17T01:12:18.390+0000] {subprocess.py:106} INFO - [0m01:12:18  3 of 10 START sql view model public.remove_duplicates .......................... [RUN]
[2025-03-17T01:12:18.394+0000] {subprocess.py:106} INFO - [0m01:12:18  4 of 10 START sql view model public.stg_clean_reviews .......................... [RUN]
[2025-03-17T01:12:19.112+0000] {subprocess.py:106} INFO - [0m01:12:19  2 of 10 OK created sql table model public.my_first_dbt_model ................... [[32mSELECT 2[0m in 0.71s]
[2025-03-17T01:12:19.121+0000] {subprocess.py:106} INFO - [0m01:12:19  1 of 10 OK created sql view model public.clean_reviews ......................... [[32mCREATE VIEW[0m in 0.72s]
[2025-03-17T01:12:19.127+0000] {subprocess.py:106} INFO - [0m01:12:19  4 of 10 OK created sql view model public.stg_clean_reviews ..................... [[32mCREATE VIEW[0m in 0.70s]
[2025-03-17T01:12:19.129+0000] {subprocess.py:106} INFO - [0m01:12:19  5 of 10 START sql view model public.my_second_dbt_model ........................ [RUN]
[2025-03-17T01:12:19.130+0000] {subprocess.py:106} INFO - [0m01:12:19  3 of 10 OK created sql view model public.remove_duplicates ..................... [[32mCREATE VIEW[0m in 0.71s]
[2025-03-17T01:12:19.152+0000] {subprocess.py:106} INFO - [0m01:12:19  6 of 10 START sql view model public.dim_bank ................................... [RUN]
[2025-03-17T01:12:19.154+0000] {subprocess.py:106} INFO - [0m01:12:19  7 of 10 START sql view model public.dim_branch ................................. [RUN]
[2025-03-17T01:12:19.157+0000] {subprocess.py:106} INFO - [0m01:12:19  8 of 10 START sql view model public.dim_location ............................... [RUN]
[2025-03-17T01:12:19.384+0000] {subprocess.py:106} INFO - [0m01:12:19  5 of 10 OK created sql view model public.my_second_dbt_model ................... [[32mCREATE VIEW[0m in 0.24s]
[2025-03-17T01:12:19.406+0000] {subprocess.py:106} INFO - [0m01:12:19  9 of 10 START sql view model public.dim_sentiment .............................. [RUN]
[2025-03-17T01:12:19.460+0000] {subprocess.py:106} INFO - [0m01:12:19  6 of 10 OK created sql view model public.dim_bank .............................. [[32mCREATE VIEW[0m in 0.29s]
[2025-03-17T01:12:19.499+0000] {subprocess.py:106} INFO - [0m01:12:19  7 of 10 OK created sql view model public.dim_branch ............................ [[32mCREATE VIEW[0m in 0.32s]
[2025-03-17T01:12:19.501+0000] {subprocess.py:106} INFO - [0m01:12:19  8 of 10 OK created sql view model public.dim_location .......................... [[32mCREATE VIEW[0m in 0.33s]
[2025-03-17T01:12:19.576+0000] {subprocess.py:106} INFO - [0m01:12:19  9 of 10 OK created sql view model public.dim_sentiment ......................... [[32mCREATE VIEW[0m in 0.16s]
[2025-03-17T01:12:19.584+0000] {subprocess.py:106} INFO - [0m01:12:19  10 of 10 START sql view model public.fact_reviews .............................. [RUN]
[2025-03-17T01:12:19.877+0000] {subprocess.py:106} INFO - [0m01:12:19  10 of 10 OK created sql view model public.fact_reviews ......................... [[32mCREATE VIEW[0m in 0.29s]
[2025-03-17T01:12:19.921+0000] {subprocess.py:106} INFO - [0m01:12:19
[2025-03-17T01:12:19.922+0000] {subprocess.py:106} INFO - [0m01:12:19  Finished running 1 table model, 9 view models in 0 hours 0 minutes and 1.80 seconds (1.80s).
[2025-03-17T01:12:19.107+0000] {subprocess.py:106} INFO - [0m01:12:19
[2025-03-17T01:12:19.109+0000] {subprocess.py:106} INFO - [0m01:12:19  [32mCompleted successfully[0m
[2025-03-17T01:12:19.111+0000] {subprocess.py:106} INFO - [0m01:12:19
[2025-03-17T01:12:19.112+0000] {subprocess.py:106} INFO - [0m01:12:19  Done. PASS=10 WARN=0 ERROR=0 SKIP=0 TOTAL=10
[2025-03-17T01:12:22.264+0000] {subprocess.py:110} INFO - Command exited with return code 0
[2025-03-17T01:12:22.344+0000] {taskinstance.py:341} INFO - ::group::Post task execution logs
[2025-03-17T01:12:22.345+0000] {taskinstance.py:353} INFO - Marking task as SUCCESS. dag_id=load_reviews_pipeline, task_id=dbt_run, run_id=scheduled__2024-12-30T00:00:00+00:00, execution_date=20241230T000000, start_date=20250317T011213, end_date=20250317T011222
[2025-03-17T01:12:22.492+0000] {logging_mixin.py:190} INFO - Task instance in success state
[2025-03-17T01:12:22.493+0000] {logging_mixin.py:190} INFO -  Previous state of the Task instance: running
[2025-03-17T01:12:22.493+0000] {logging_mixin.py:190} INFO - Dag name:load_reviews_pipeline queued_at:2025-03-17 01:12:12.122866+00:00
[2025-03-17T01:12:22.493+0000] {logging_mixin.py:190} INFO - Task hostname:DESKTOP-IM7V4RI. operator:BashOperator
[2025-03-17T01:12:23.312+0000] {local_task_job_runner.py:266} INFO - Task exited with return code 0
[2025-03-17T01:12:23.337+0000] {taskinstance.py:3901} INFO - 0 downstream tasks scheduled from follow-on schedule check
[2025-03-17T01:12:23.342+0000] {local_task_job_runner.py:245} INFO - ::endgroup::
