[2025-03-17T00:25:50.647+0000] {local_task_job_runner.py:123} INFO - ::group::Pre task execution logs
[2025-03-17T00:25:50.977+0000] {taskinstance.py:2614} INFO - Dependencies all met for dep_context=non-requeueable deps ti=<TaskInstance: load_reviews_pipeline.dbt_run scheduled__2024-05-05T00:00:00+00:00 [queued]>
[2025-03-17T00:25:50.352+0000] {taskinstance.py:2614} INFO - Dependencies all met for dep_context=requeueable deps ti=<TaskInstance: load_reviews_pipeline.dbt_run scheduled__2024-05-05T00:00:00+00:00 [queued]>
[2025-03-17T00:25:50.353+0000] {taskinstance.py:2867} INFO - Starting attempt 1 of 2
[2025-03-17T00:25:51.009+0000] {taskinstance.py:2890} INFO - Executing <Task(BashOperator): dbt_run> on 2024-05-05 00:00:00+00:00
[2025-03-17T00:25:51.112+0000] {standard_task_runner.py:72} INFO - Started process 259559 to run task
[2025-03-17T00:25:51.320+0000] {standard_task_runner.py:104} INFO - Running: ['airflow', 'tasks', 'run', 'load_reviews_pipeline', 'dbt_run', 'scheduled__2024-05-05T00:00:00+00:00', '--job-id', '217', '--raw', '--subdir', 'DAGS_FOLDER/dag_load_reviews.py', '--cfg-path', '/tmp/tmpx0wwlvr7']
[2025-03-17T00:25:51.329+0000] {standard_task_runner.py:105} INFO - Job 217: Subtask dbt_run
[2025-03-17T00:25:53.470+0000] {task_command.py:467} INFO - Running <TaskInstance: load_reviews_pipeline.dbt_run scheduled__2024-05-05T00:00:00+00:00 [running]> on host DESKTOP-IM7V4RI.
[2025-03-17T00:25:55.086+0000] {taskinstance.py:3134} INFO - Exporting env vars: AIRFLOW_CTX_DAG_OWNER='mohammed' AIRFLOW_CTX_DAG_ID='load_reviews_pipeline' AIRFLOW_CTX_TASK_ID='dbt_run' AIRFLOW_CTX_EXECUTION_DATE='2024-05-05T00:00:00+00:00' AIRFLOW_CTX_TRY_NUMBER='1' AIRFLOW_CTX_DAG_RUN_ID='scheduled__2024-05-05T00:00:00+00:00'
[2025-03-17T00:25:55.098+0000] {logging_mixin.py:190} INFO - Task instance is in running state
[2025-03-17T00:25:55.100+0000] {logging_mixin.py:190} INFO -  Previous state of the Task instance: queued
[2025-03-17T00:25:55.101+0000] {logging_mixin.py:190} INFO - Current task name:dbt_run state:running start_date:2025-03-17 00:25:50.979970+00:00
[2025-03-17T00:25:55.102+0000] {logging_mixin.py:190} INFO - Dag name:load_reviews_pipeline and current dag run status:running
[2025-03-17T00:25:55.102+0000] {taskinstance.py:732} INFO - ::endgroup::
[2025-03-17T00:25:55.109+0000] {subprocess.py:78} INFO - Tmp dir root location: /tmp
[2025-03-17T00:25:55.134+0000] {subprocess.py:88} INFO - Running command: ['/usr/bin/bash', '-c', 'cd /home/mohammed/.dbt/bank_reviews_project && dbt run']
[2025-03-17T00:25:55.259+0000] {subprocess.py:99} INFO - Output:
[2025-03-17T00:26:18.792+0000] {subprocess.py:106} INFO - [0m00:26:18  Running with dbt=1.9.3
[2025-03-17T00:26:22.155+0000] {subprocess.py:106} INFO - [0m00:26:22  Registered adapter: postgres=1.9.0
[2025-03-17T00:26:27.392+0000] {subprocess.py:106} INFO - [0m00:26:27  Found 6 models, 4 data tests, 2 sources, 433 macros
[2025-03-17T00:26:27.411+0000] {subprocess.py:106} INFO - [0m00:26:27
[2025-03-17T00:26:27.417+0000] {subprocess.py:106} INFO - [0m00:26:27  Concurrency: 4 threads (target='dev')
[2025-03-17T00:26:27.424+0000] {subprocess.py:106} INFO - [0m00:26:27
[2025-03-17T00:26:33.049+0000] {subprocess.py:106} INFO - [0m00:26:33  1 of 6 START sql view model public.clean_reviews ............................... [RUN]
[2025-03-17T00:26:33.068+0000] {subprocess.py:106} INFO - [0m00:26:33  2 of 6 START sql table model public.my_first_dbt_model ......................... [RUN]
[2025-03-17T00:26:33.074+0000] {subprocess.py:106} INFO - [0m00:26:33  3 of 6 START sql view model public.remove_duplicates ........................... [RUN]
[2025-03-17T00:26:33.098+0000] {subprocess.py:106} INFO - [0m00:26:33  4 of 6 START sql view model public.stg_clean_reviews ........................... [RUN]
[2025-03-17T00:26:35.841+0000] {subprocess.py:106} INFO - [0m00:26:35  1 of 6 ERROR creating sql view model public.clean_reviews ...................... [[31mERROR[0m in 2.70s]
[2025-03-17T00:26:35.953+0000] {subprocess.py:106} INFO - [0m00:26:35  3 of 6 ERROR creating sql view model public.remove_duplicates .................. [[31mERROR[0m in 2.84s]
[2025-03-17T00:26:36.284+0000] {subprocess.py:106} INFO - [0m00:26:36  4 of 6 OK created sql view model public.stg_clean_reviews ...................... [[32mCREATE VIEW[0m in 3.18s]
[2025-03-17T00:26:36.319+0000] {subprocess.py:106} INFO - [0m00:26:36  5 of 6 START sql view model public.dwh_model ................................... [RUN]
[2025-03-17T00:26:36.786+0000] {subprocess.py:106} INFO - [0m00:26:36  5 of 6 ERROR creating sql view model public.dwh_model .......................... [[31mERROR[0m in 0.46s]
[2025-03-17T00:26:36.920+0000] {subprocess.py:106} INFO - [0m00:26:36  2 of 6 ERROR creating sql table model public.my_first_dbt_model ................ [[31mERROR[0m in 3.85s]
[2025-03-17T00:26:36.946+0000] {subprocess.py:106} INFO - [0m00:26:36  6 of 6 SKIP relation public.my_second_dbt_model ................................ [[33mSKIP[0m]
[2025-03-17T00:26:37.239+0000] {subprocess.py:106} INFO - [0m00:26:37
[2025-03-17T00:26:37.277+0000] {subprocess.py:106} INFO - [0m00:26:37  Finished running 1 table model, 5 view models in 0 hours 0 minutes and 9.80 seconds (9.80s).
[2025-03-17T00:26:37.199+0000] {subprocess.py:106} INFO - [0m00:26:37
[2025-03-17T00:26:37.201+0000] {subprocess.py:106} INFO - [0m00:26:37  [31mCompleted with 4 errors, 0 partial successes, and 0 warnings:[0m
[2025-03-17T00:26:37.202+0000] {subprocess.py:106} INFO - [0m00:26:37
[2025-03-17T00:26:37.204+0000] {subprocess.py:106} INFO - [0m00:26:37    Database Error in model clean_reviews (models/clean_reviews.sql)
[2025-03-17T00:26:37.205+0000] {subprocess.py:106} INFO -   relation "clean_reviews__dbt_backup" already exists
[2025-03-17T00:26:37.205+0000] {subprocess.py:106} INFO -   compiled code at target/run/bank_reviews_project/models/clean_reviews.sql
[2025-03-17T00:26:37.217+0000] {subprocess.py:106} INFO - [0m00:26:37
[2025-03-17T00:26:37.225+0000] {subprocess.py:106} INFO - [0m00:26:37    Database Error in model remove_duplicates (models/remove_duplicates.sql)
[2025-03-17T00:26:37.231+0000] {subprocess.py:106} INFO -   relation "remove_duplicates__dbt_backup" already exists
[2025-03-17T00:26:37.243+0000] {subprocess.py:106} INFO -   compiled code at target/run/bank_reviews_project/models/remove_duplicates.sql
[2025-03-17T00:26:37.245+0000] {subprocess.py:106} INFO - [0m00:26:37
[2025-03-17T00:26:37.247+0000] {subprocess.py:106} INFO - [0m00:26:37    Database Error in model dwh_model (models/dwh_model.sql)
[2025-03-17T00:26:37.248+0000] {subprocess.py:106} INFO -   syntax error at or near ";"
[2025-03-17T00:26:37.249+0000] {subprocess.py:106} INFO -   LINE 52: SELECT * FROM fact_reviews;
[2025-03-17T00:26:37.249+0000] {subprocess.py:106} INFO -                                      ^
[2025-03-17T00:26:37.250+0000] {subprocess.py:106} INFO -   compiled code at target/run/bank_reviews_project/models/dwh_model.sql
[2025-03-17T00:26:37.250+0000] {subprocess.py:106} INFO - [0m00:26:37
[2025-03-17T00:26:37.251+0000] {subprocess.py:106} INFO - [0m00:26:37    Database Error in model my_first_dbt_model (models/example/my_first_dbt_model.sql)
[2025-03-17T00:26:37.251+0000] {subprocess.py:106} INFO -   relation "my_first_dbt_model__dbt_backup" already exists
[2025-03-17T00:26:37.252+0000] {subprocess.py:106} INFO -   compiled code at target/run/bank_reviews_project/models/example/my_first_dbt_model.sql
[2025-03-17T00:26:37.288+0000] {subprocess.py:106} INFO - [0m00:26:37
[2025-03-17T00:26:37.291+0000] {subprocess.py:106} INFO - [0m00:26:37  Done. PASS=1 WARN=0 ERROR=4 SKIP=1 TOTAL=6
[2025-03-17T00:26:42.014+0000] {subprocess.py:110} INFO - Command exited with return code 1
[2025-03-17T00:26:43.726+0000] {taskinstance.py:3313} ERROR - Task failed with exception
Traceback (most recent call last):
  File "/home/mohammed/venv/lib/python3.11/site-packages/airflow/models/taskinstance.py", line 768, in _execute_task
    result = _execute_callable(context=context, **execute_callable_kwargs)
             ^^^^^^^^^^^^^^^^^^^^^^^^^^^^^^^^^^^^^^^^^^^^^^^^^^^^^^^^^^^^^
  File "/home/mohammed/venv/lib/python3.11/site-packages/airflow/models/taskinstance.py", line 734, in _execute_callable
    return ExecutionCallableRunner(
           ^^^^^^^^^^^^^^^^^^^^^^^^
  File "/home/mohammed/venv/lib/python3.11/site-packages/airflow/utils/operator_helpers.py", line 252, in run
    return self.func(*args, **kwargs)
           ^^^^^^^^^^^^^^^^^^^^^^^^^^
  File "/home/mohammed/venv/lib/python3.11/site-packages/airflow/models/baseoperator.py", line 424, in wrapper
    return func(self, *args, **kwargs)
           ^^^^^^^^^^^^^^^^^^^^^^^^^^^
  File "/home/mohammed/venv/lib/python3.11/site-packages/airflow/operators/bash.py", line 276, in execute
    raise AirflowException(
airflow.exceptions.AirflowException: Bash command failed. The command returned a non-zero exit code 1.
[2025-03-17T00:26:44.161+0000] {logging_mixin.py:190} INFO - Task instance in failure state
[2025-03-17T00:26:44.162+0000] {logging_mixin.py:190} INFO - Task start:2025-03-17 00:25:50.979970+00:00 end:2025-03-17 00:26:44.133537+00:00 duration:53.153567
[2025-03-17T00:26:44.167+0000] {logging_mixin.py:190} INFO - Task:<Task(BashOperator): dbt_run> dag:<DAG: load_reviews_pipeline> dagrun:<DagRun load_reviews_pipeline @ 2024-05-05 00:00:00+00:00: scheduled__2024-05-05T00:00:00+00:00, state:running, queued_at: 2025-03-17 00:25:41.747983+00:00. externally triggered: False>
[2025-03-17T00:26:44.177+0000] {logging_mixin.py:190} INFO - Failure caused by Bash command failed. The command returned a non-zero exit code 1.
[2025-03-17T00:26:44.179+0000] {taskinstance.py:1226} INFO - Marking task as UP_FOR_RETRY. dag_id=load_reviews_pipeline, task_id=dbt_run, run_id=scheduled__2024-05-05T00:00:00+00:00, execution_date=20240505T000000, start_date=20250317T002550, end_date=20250317T002644
[2025-03-17T00:26:44.948+0000] {taskinstance.py:341} INFO - ::group::Post task execution logs
[2025-03-17T00:26:44.972+0000] {standard_task_runner.py:124} ERROR - Failed to execute job 217 for task dbt_run (Bash command failed. The command returned a non-zero exit code 1.; 259559)
Traceback (most recent call last):
  File "/home/mohammed/venv/lib/python3.11/site-packages/airflow/task/task_runner/standard_task_runner.py", line 117, in _start_by_fork
    ret = args.func(args, dag=self.dag)
          ^^^^^^^^^^^^^^^^^^^^^^^^^^^^^
  File "/home/mohammed/venv/lib/python3.11/site-packages/airflow/cli/cli_config.py", line 49, in command
    return func(*args, **kwargs)
           ^^^^^^^^^^^^^^^^^^^^^
  File "/home/mohammed/venv/lib/python3.11/site-packages/airflow/utils/cli.py", line 116, in wrapper
    return f(*args, **kwargs)
           ^^^^^^^^^^^^^^^^^^
  File "/home/mohammed/venv/lib/python3.11/site-packages/airflow/cli/commands/task_command.py", line 483, in task_run
    task_return_code = _run_task_by_selected_method(args, _dag, ti)
                       ^^^^^^^^^^^^^^^^^^^^^^^^^^^^^^^^^^^^^^^^^^^^
  File "/home/mohammed/venv/lib/python3.11/site-packages/airflow/cli/commands/task_command.py", line 256, in _run_task_by_selected_method
    return _run_raw_task(args, ti)
           ^^^^^^^^^^^^^^^^^^^^^^^
  File "/home/mohammed/venv/lib/python3.11/site-packages/airflow/cli/commands/task_command.py", line 341, in _run_raw_task
    return ti._run_raw_task(
           ^^^^^^^^^^^^^^^^^
  File "/home/mohammed/venv/lib/python3.11/site-packages/airflow/utils/session.py", line 97, in wrapper
    return func(*args, session=session, **kwargs)
           ^^^^^^^^^^^^^^^^^^^^^^^^^^^^^^^^^^^^^^
  File "/home/mohammed/venv/lib/python3.11/site-packages/airflow/models/taskinstance.py", line 3006, in _run_raw_task
    return _run_raw_task(
           ^^^^^^^^^^^^^^
  File "/home/mohammed/venv/lib/python3.11/site-packages/airflow/models/taskinstance.py", line 274, in _run_raw_task
    TaskInstance._execute_task_with_callbacks(
  File "/home/mohammed/venv/lib/python3.11/site-packages/airflow/models/taskinstance.py", line 3161, in _execute_task_with_callbacks
    result = self._execute_task(context, task_orig)
             ^^^^^^^^^^^^^^^^^^^^^^^^^^^^^^^^^^^^^^
  File "/home/mohammed/venv/lib/python3.11/site-packages/airflow/models/taskinstance.py", line 3185, in _execute_task
    return _execute_task(self, context, task_orig)
           ^^^^^^^^^^^^^^^^^^^^^^^^^^^^^^^^^^^^^^^
  File "/home/mohammed/venv/lib/python3.11/site-packages/airflow/models/taskinstance.py", line 768, in _execute_task
    result = _execute_callable(context=context, **execute_callable_kwargs)
             ^^^^^^^^^^^^^^^^^^^^^^^^^^^^^^^^^^^^^^^^^^^^^^^^^^^^^^^^^^^^^
  File "/home/mohammed/venv/lib/python3.11/site-packages/airflow/models/taskinstance.py", line 734, in _execute_callable
    return ExecutionCallableRunner(
           ^^^^^^^^^^^^^^^^^^^^^^^^
  File "/home/mohammed/venv/lib/python3.11/site-packages/airflow/utils/operator_helpers.py", line 252, in run
    return self.func(*args, **kwargs)
           ^^^^^^^^^^^^^^^^^^^^^^^^^^
  File "/home/mohammed/venv/lib/python3.11/site-packages/airflow/models/baseoperator.py", line 424, in wrapper
    return func(self, *args, **kwargs)
           ^^^^^^^^^^^^^^^^^^^^^^^^^^^
  File "/home/mohammed/venv/lib/python3.11/site-packages/airflow/operators/bash.py", line 276, in execute
    raise AirflowException(
airflow.exceptions.AirflowException: Bash command failed. The command returned a non-zero exit code 1.
[2025-03-17T00:26:45.071+0000] {local_task_job_runner.py:266} INFO - Task exited with return code 1
[2025-03-17T00:26:45.389+0000] {taskinstance.py:3901} INFO - 0 downstream tasks scheduled from follow-on schedule check
[2025-03-17T00:26:45.412+0000] {local_task_job_runner.py:245} INFO - ::endgroup::
