[2025-05-29T12:10:52.381+0100] {local_task_job_runner.py:123} INFO - ::group::Pre task execution logs
[2025-05-29T12:10:52.502+0100] {taskinstance.py:2614} INFO - Dependencies all met for dep_context=non-requeueable deps ti=<TaskInstance: scrape_and_store_reviews.insert_data_to_postgresql scheduled__2025-03-30T00:00:00+00:00 [queued]>
[2025-05-29T12:10:52.536+0100] {taskinstance.py:2614} INFO - Dependencies all met for dep_context=requeueable deps ti=<TaskInstance: scrape_and_store_reviews.insert_data_to_postgresql scheduled__2025-03-30T00:00:00+00:00 [queued]>
[2025-05-29T12:10:52.537+0100] {taskinstance.py:2867} INFO - Starting attempt 1 of 2
[2025-05-29T12:10:52.613+0100] {taskinstance.py:2890} INFO - Executing <Task(PythonOperator): insert_data_to_postgresql> on 2025-03-30 00:00:00+00:00
[2025-05-29T12:10:52.670+0100] {standard_task_runner.py:104} INFO - Running: ['airflow', 'tasks', 'run', 'scrape_and_store_reviews', 'insert_data_to_postgresql', 'scheduled__2025-03-30T00:00:00+00:00', '--job-id', '2523', '--raw', '--subdir', 'DAGS_FOLDER/scrape_and_store_reviews.py', '--cfg-path', '/tmp/tmpg2iaxjff']
[2025-05-29T12:10:52.674+0100] {standard_task_runner.py:105} INFO - Job 2523: Subtask insert_data_to_postgresql
[2025-05-29T12:10:52.663+0100] {standard_task_runner.py:72} INFO - Started process 33099 to run task
[2025-05-29T12:10:53.108+0100] {task_command.py:467} INFO - Running <TaskInstance: scrape_and_store_reviews.insert_data_to_postgresql scheduled__2025-03-30T00:00:00+00:00 [running]> on host DESKTOP-IM7V4RI.
[2025-05-29T12:10:53.748+0100] {taskinstance.py:3134} INFO - Exporting env vars: AIRFLOW_CTX_DAG_OWNER='airflow' AIRFLOW_CTX_DAG_ID='scrape_and_store_reviews' AIRFLOW_CTX_TASK_ID='insert_data_to_postgresql' AIRFLOW_CTX_EXECUTION_DATE='2025-03-30T00:00:00+00:00' AIRFLOW_CTX_TRY_NUMBER='1' AIRFLOW_CTX_DAG_RUN_ID='scheduled__2025-03-30T00:00:00+00:00'
[2025-05-29T12:10:53.755+0100] {logging_mixin.py:190} INFO - Task instance is in running state
[2025-05-29T12:10:53.757+0100] {logging_mixin.py:190} INFO -  Previous state of the Task instance: queued
[2025-05-29T12:10:53.758+0100] {logging_mixin.py:190} INFO - Current task name:insert_data_to_postgresql state:running start_date:2025-05-29 11:10:52.503557+00:00
[2025-05-29T12:10:53.759+0100] {logging_mixin.py:190} INFO - Dag name:scrape_and_store_reviews and current dag run status:running
[2025-05-29T12:10:53.760+0100] {taskinstance.py:732} INFO - ::endgroup::
[2025-05-29T12:10:54.306+0100] {logging_mixin.py:190} INFO - ❌ Erreur PostgreSQL : relation "bank_reviews_pkey" already exists
[2025-05-29T12:10:54.313+0100] {python.py:240} INFO - Done. Returned value was: None
[2025-05-29T12:10:54.357+0100] {taskinstance.py:341} INFO - ::group::Post task execution logs
[2025-05-29T12:10:54.358+0100] {taskinstance.py:353} INFO - Marking task as SUCCESS. dag_id=scrape_and_store_reviews, task_id=insert_data_to_postgresql, run_id=scheduled__2025-03-30T00:00:00+00:00, execution_date=20250330T000000, start_date=20250529T111052, end_date=20250529T111054
[2025-05-29T12:10:54.501+0100] {logging_mixin.py:190} INFO - Task instance in success state
[2025-05-29T12:10:54.502+0100] {logging_mixin.py:190} INFO -  Previous state of the Task instance: running
[2025-05-29T12:10:54.502+0100] {logging_mixin.py:190} INFO - Dag name:scrape_and_store_reviews queued_at:2025-05-28 17:08:57.572665+00:00
[2025-05-29T12:10:54.503+0100] {logging_mixin.py:190} INFO - Task hostname:DESKTOP-IM7V4RI. operator:PythonOperator
[2025-05-29T12:10:54.606+0100] {local_task_job_runner.py:266} INFO - Task exited with return code 0
[2025-05-29T12:10:54.715+0100] {taskinstance.py:3901} INFO - 0 downstream tasks scheduled from follow-on schedule check
[2025-05-29T12:10:54.730+0100] {local_task_job_runner.py:245} INFO - ::endgroup::
