[2025-03-17T01:14:28.164+0000] {local_task_job_runner.py:123} INFO - ::group::Pre task execution logs
[2025-03-17T01:14:28.200+0000] {taskinstance.py:2614} INFO - Dependencies all met for dep_context=non-requeueable deps ti=<TaskInstance: load_reviews_pipeline.dbt_run scheduled__2025-01-17T00:00:00+00:00 [queued]>
[2025-03-17T01:14:28.215+0000] {taskinstance.py:2614} INFO - Dependencies all met for dep_context=requeueable deps ti=<TaskInstance: load_reviews_pipeline.dbt_run scheduled__2025-01-17T00:00:00+00:00 [queued]>
[2025-03-17T01:14:28.216+0000] {taskinstance.py:2867} INFO - Starting attempt 1 of 2
[2025-03-17T01:14:28.242+0000] {taskinstance.py:2890} INFO - Executing <Task(BashOperator): dbt_run> on 2025-01-17 00:00:00+00:00
[2025-03-17T01:14:28.251+0000] {standard_task_runner.py:72} INFO - Started process 322448 to run task
[2025-03-17T01:14:28.260+0000] {standard_task_runner.py:104} INFO - Running: ['airflow', 'tasks', 'run', 'load_reviews_pipeline', 'dbt_run', 'scheduled__2025-01-17T00:00:00+00:00', '--job-id', '587', '--raw', '--subdir', 'DAGS_FOLDER/dag_load_reviews.py', '--cfg-path', '/tmp/tmpobh208q9']
[2025-03-17T01:14:28.262+0000] {standard_task_runner.py:105} INFO - Job 587: Subtask dbt_run
[2025-03-17T01:14:28.382+0000] {task_command.py:467} INFO - Running <TaskInstance: load_reviews_pipeline.dbt_run scheduled__2025-01-17T00:00:00+00:00 [running]> on host DESKTOP-IM7V4RI.
[2025-03-17T01:14:28.549+0000] {taskinstance.py:3134} INFO - Exporting env vars: AIRFLOW_CTX_DAG_OWNER='mohammed' AIRFLOW_CTX_DAG_ID='load_reviews_pipeline' AIRFLOW_CTX_TASK_ID='dbt_run' AIRFLOW_CTX_EXECUTION_DATE='2025-01-17T00:00:00+00:00' AIRFLOW_CTX_TRY_NUMBER='1' AIRFLOW_CTX_DAG_RUN_ID='scheduled__2025-01-17T00:00:00+00:00'
[2025-03-17T01:14:28.553+0000] {logging_mixin.py:190} INFO - Task instance is in running state
[2025-03-17T01:14:28.553+0000] {logging_mixin.py:190} INFO -  Previous state of the Task instance: queued
[2025-03-17T01:14:28.553+0000] {logging_mixin.py:190} INFO - Current task name:dbt_run state:running start_date:2025-03-17 01:14:28.200540+00:00
[2025-03-17T01:14:28.554+0000] {logging_mixin.py:190} INFO - Dag name:load_reviews_pipeline and current dag run status:running
[2025-03-17T01:14:28.555+0000] {taskinstance.py:732} INFO - ::endgroup::
[2025-03-17T01:14:28.557+0000] {subprocess.py:78} INFO - Tmp dir root location: /tmp
[2025-03-17T01:14:28.559+0000] {subprocess.py:88} INFO - Running command: ['/usr/bin/bash', '-c', 'cd /home/mohammed/.dbt/bank_reviews_project && dbt run']
[2025-03-17T01:14:28.578+0000] {subprocess.py:99} INFO - Output:
[2025-03-17T01:14:30.378+0000] {subprocess.py:106} INFO - [0m01:14:30  Running with dbt=1.9.3
[2025-03-17T01:14:30.697+0000] {subprocess.py:106} INFO - [0m01:14:30  Registered adapter: postgres=1.9.0
[2025-03-17T01:14:31.066+0000] {subprocess.py:106} INFO - [0m01:14:31  Found 10 models, 4 data tests, 2 sources, 433 macros
[2025-03-17T01:14:31.069+0000] {subprocess.py:106} INFO - [0m01:14:31
[2025-03-17T01:14:31.069+0000] {subprocess.py:106} INFO - [0m01:14:31  Concurrency: 4 threads (target='dev')
[2025-03-17T01:14:31.069+0000] {subprocess.py:106} INFO - [0m01:14:31
[2025-03-17T01:14:31.208+0000] {subprocess.py:106} INFO - [0m01:14:31  1 of 10 START sql view model public.clean_reviews .............................. [RUN]
[2025-03-17T01:14:31.208+0000] {subprocess.py:106} INFO - [0m01:14:31  2 of 10 START sql table model public.my_first_dbt_model ........................ [RUN]
[2025-03-17T01:14:31.212+0000] {subprocess.py:106} INFO - [0m01:14:31  3 of 10 START sql view model public.remove_duplicates .......................... [RUN]
[2025-03-17T01:14:31.213+0000] {subprocess.py:106} INFO - [0m01:14:31  4 of 10 START sql view model public.stg_clean_reviews .......................... [RUN]
[2025-03-17T01:14:31.673+0000] {subprocess.py:106} INFO - [0m01:14:31  1 of 10 OK created sql view model public.clean_reviews ......................... [[32mCREATE VIEW[0m in 0.46s]
[2025-03-17T01:14:31.684+0000] {subprocess.py:106} INFO - [0m01:14:31  2 of 10 OK created sql table model public.my_first_dbt_model ................... [[32mSELECT 2[0m in 0.47s]
[2025-03-17T01:14:31.688+0000] {subprocess.py:106} INFO - [0m01:14:31  4 of 10 OK created sql view model public.stg_clean_reviews ..................... [[32mCREATE VIEW[0m in 0.46s]
[2025-03-17T01:14:31.699+0000] {subprocess.py:106} INFO - [0m01:14:31  3 of 10 OK created sql view model public.remove_duplicates ..................... [[32mCREATE VIEW[0m in 0.47s]
[2025-03-17T01:14:31.703+0000] {subprocess.py:106} INFO - [0m01:14:31  5 of 10 START sql view model public.my_second_dbt_model ........................ [RUN]
[2025-03-17T01:14:31.705+0000] {subprocess.py:106} INFO - [0m01:14:31  6 of 10 START sql view model public.dim_bank ................................... [RUN]
[2025-03-17T01:14:31.707+0000] {subprocess.py:106} INFO - [0m01:14:31  7 of 10 START sql view model public.dim_branch ................................. [RUN]
[2025-03-17T01:14:31.713+0000] {subprocess.py:106} INFO - [0m01:14:31  8 of 10 START sql view model public.dim_location ............................... [RUN]
[2025-03-17T01:14:31.943+0000] {subprocess.py:106} INFO - [0m01:14:31  5 of 10 OK created sql view model public.my_second_dbt_model ................... [[32mCREATE VIEW[0m in 0.23s]
[2025-03-17T01:14:31.959+0000] {subprocess.py:106} INFO - [0m01:14:31  9 of 10 START sql view model public.dim_sentiment .............................. [RUN]
[2025-03-17T01:14:32.012+0000] {subprocess.py:106} INFO - [0m01:14:32  7 of 10 OK created sql view model public.dim_branch ............................ [[32mCREATE VIEW[0m in 0.29s]
[2025-03-17T01:14:32.028+0000] {subprocess.py:106} INFO - [0m01:14:32  6 of 10 OK created sql view model public.dim_bank .............................. [[32mCREATE VIEW[0m in 0.30s]
[2025-03-17T01:14:32.029+0000] {subprocess.py:106} INFO - [0m01:14:32  8 of 10 OK created sql view model public.dim_location .......................... [[32mCREATE VIEW[0m in 0.30s]
[2025-03-17T01:14:32.089+0000] {subprocess.py:106} INFO - [0m01:14:32  9 of 10 OK created sql view model public.dim_sentiment ......................... [[32mCREATE VIEW[0m in 0.11s]
[2025-03-17T01:14:32.093+0000] {subprocess.py:106} INFO - [0m01:14:32  10 of 10 START sql view model public.fact_reviews .............................. [RUN]
[2025-03-17T01:14:32.180+0000] {subprocess.py:106} INFO - [0m01:14:32  10 of 10 OK created sql view model public.fact_reviews ......................... [[32mCREATE VIEW[0m in 0.08s]
[2025-03-17T01:14:32.209+0000] {subprocess.py:106} INFO - [0m01:14:32
[2025-03-17T01:14:32.209+0000] {subprocess.py:106} INFO - [0m01:14:32  Finished running 1 table model, 9 view models in 0 hours 0 minutes and 1.14 seconds (1.14s).
[2025-03-17T01:14:32.259+0000] {subprocess.py:106} INFO - [0m01:14:32
[2025-03-17T01:14:32.260+0000] {subprocess.py:106} INFO - [0m01:14:32  [32mCompleted successfully[0m
[2025-03-17T01:14:32.261+0000] {subprocess.py:106} INFO - [0m01:14:32
[2025-03-17T01:14:32.262+0000] {subprocess.py:106} INFO - [0m01:14:32  Done. PASS=10 WARN=0 ERROR=0 SKIP=0 TOTAL=10
[2025-03-17T01:14:33.764+0000] {subprocess.py:110} INFO - Command exited with return code 0
[2025-03-17T01:14:33.815+0000] {taskinstance.py:341} INFO - ::group::Post task execution logs
[2025-03-17T01:14:33.816+0000] {taskinstance.py:353} INFO - Marking task as SUCCESS. dag_id=load_reviews_pipeline, task_id=dbt_run, run_id=scheduled__2025-01-17T00:00:00+00:00, execution_date=20250117T000000, start_date=20250317T011428, end_date=20250317T011433
[2025-03-17T01:14:33.871+0000] {logging_mixin.py:190} INFO - Task instance in success state
[2025-03-17T01:14:33.871+0000] {logging_mixin.py:190} INFO -  Previous state of the Task instance: running
[2025-03-17T01:14:33.872+0000] {logging_mixin.py:190} INFO - Dag name:load_reviews_pipeline queued_at:2025-03-17 01:14:26.885553+00:00
[2025-03-17T01:14:33.872+0000] {logging_mixin.py:190} INFO - Task hostname:DESKTOP-IM7V4RI. operator:BashOperator
[2025-03-17T01:14:33.892+0000] {local_task_job_runner.py:266} INFO - Task exited with return code 0
[2025-03-17T01:14:33.917+0000] {taskinstance.py:3901} INFO - 0 downstream tasks scheduled from follow-on schedule check
[2025-03-17T01:14:33.922+0000] {local_task_job_runner.py:245} INFO - ::endgroup::
