[2025-03-18T18:22:42.636+0000] {local_task_job_runner.py:123} INFO - ::group::Pre task execution logs
[2025-03-18T18:22:42.892+0000] {taskinstance.py:2614} INFO - Dependencies all met for dep_context=non-requeueable deps ti=<TaskInstance: load_dbt_clean_reviews_pipeline.dbt_run scheduled__2024-08-17T00:00:00+00:00 [queued]>
[2025-03-18T18:22:42.945+0000] {taskinstance.py:2614} INFO - Dependencies all met for dep_context=requeueable deps ti=<TaskInstance: load_dbt_clean_reviews_pipeline.dbt_run scheduled__2024-08-17T00:00:00+00:00 [queued]>
[2025-03-18T18:22:42.946+0000] {taskinstance.py:2867} INFO - Starting attempt 1 of 2
[2025-03-18T18:22:43.526+0000] {taskinstance.py:2890} INFO - Executing <Task(BashOperator): dbt_run> on 2024-08-17 00:00:00+00:00
[2025-03-18T18:22:43.551+0000] {standard_task_runner.py:72} INFO - Started process 14507 to run task
[2025-03-18T18:22:43.603+0000] {standard_task_runner.py:104} INFO - Running: ['airflow', 'tasks', 'run', 'load_dbt_clean_reviews_pipeline', 'dbt_run', 'scheduled__2024-08-17T00:00:00+00:00', '--job-id', '979', '--raw', '--subdir', 'DAGS_FOLDER/dag_load_reviews.py', '--cfg-path', '/tmp/tmpr6a2yi2w']
[2025-03-18T18:22:43.617+0000] {standard_task_runner.py:105} INFO - Job 979: Subtask dbt_run
[2025-03-18T18:22:44.081+0000] {task_command.py:467} INFO - Running <TaskInstance: load_dbt_clean_reviews_pipeline.dbt_run scheduled__2024-08-17T00:00:00+00:00 [running]> on host DESKTOP-IM7V4RI.
[2025-03-18T18:22:44.983+0000] {taskinstance.py:3134} INFO - Exporting env vars: AIRFLOW_CTX_DAG_OWNER='mohammed' AIRFLOW_CTX_DAG_ID='load_dbt_clean_reviews_pipeline' AIRFLOW_CTX_TASK_ID='dbt_run' AIRFLOW_CTX_EXECUTION_DATE='2024-08-17T00:00:00+00:00' AIRFLOW_CTX_TRY_NUMBER='1' AIRFLOW_CTX_DAG_RUN_ID='scheduled__2024-08-17T00:00:00+00:00'
[2025-03-18T18:22:44.988+0000] {logging_mixin.py:190} INFO - Task instance is in running state
[2025-03-18T18:22:44.990+0000] {logging_mixin.py:190} INFO -  Previous state of the Task instance: queued
[2025-03-18T18:22:44.990+0000] {logging_mixin.py:190} INFO - Current task name:dbt_run state:running start_date:2025-03-18 18:22:42.893587+00:00
[2025-03-18T18:22:44.991+0000] {logging_mixin.py:190} INFO - Dag name:load_dbt_clean_reviews_pipeline and current dag run status:running
[2025-03-18T18:22:44.992+0000] {taskinstance.py:732} INFO - ::endgroup::
[2025-03-18T18:22:44.994+0000] {subprocess.py:78} INFO - Tmp dir root location: /tmp
[2025-03-18T18:22:44.997+0000] {subprocess.py:88} INFO - Running command: ['/usr/bin/bash', '-c', 'cd /home/mohammed/.dbt/dbt_projects/bank_reviews_transactional && dbt run']
[2025-03-18T18:22:45.119+0000] {subprocess.py:99} INFO - Output:
[2025-03-18T18:23:02.994+0000] {subprocess.py:106} INFO - [0m18:23:02  Running with dbt=1.9.3
[2025-03-18T18:23:05.155+0000] {subprocess.py:106} INFO - [0m18:23:05  Registered adapter: postgres=1.9.0
[2025-03-18T18:23:07.017+0000] {subprocess.py:106} INFO - [0m18:23:07  [[33mWARNING[0m]: Configuration paths exist in your dbt_project.yml file which do not apply to any resources.
[2025-03-18T18:23:07.018+0000] {subprocess.py:106} INFO - There are 1 unused configuration paths:
[2025-03-18T18:23:07.019+0000] {subprocess.py:106} INFO - - models.bank_reviews_transactional.transactional
[2025-03-18T18:23:08.627+0000] {subprocess.py:106} INFO - [0m18:23:08  Found 1 model, 1 source, 433 macros
[2025-03-18T18:23:08.640+0000] {subprocess.py:106} INFO - [0m18:23:08
[2025-03-18T18:23:08.650+0000] {subprocess.py:106} INFO - [0m18:23:08  Concurrency: 4 threads (target='dev')
[2025-03-18T18:23:08.655+0000] {subprocess.py:106} INFO - [0m18:23:08
[2025-03-18T18:23:09.737+0000] {subprocess.py:106} INFO - [0m18:23:09  1 of 1 START sql table model transactional.clean_reviews ....................... [RUN]
[2025-03-18T18:23:11.547+0000] {subprocess.py:106} INFO - [0m18:23:11  1 of 1 OK created sql table model transactional.clean_reviews .................. [[32mSELECT 549[0m in 1.80s]
[2025-03-18T18:23:11.661+0000] {subprocess.py:106} INFO - [0m18:23:11
[2025-03-18T18:23:11.682+0000] {subprocess.py:106} INFO - [0m18:23:11  Finished running 1 table model in 0 hours 0 minutes and 3.00 seconds (3.00s).
[2025-03-18T18:23:11.804+0000] {subprocess.py:106} INFO - [0m18:23:11
[2025-03-18T18:23:11.818+0000] {subprocess.py:106} INFO - [0m18:23:11  [32mCompleted successfully[0m
[2025-03-18T18:23:11.821+0000] {subprocess.py:106} INFO - [0m18:23:11
[2025-03-18T18:23:11.824+0000] {subprocess.py:106} INFO - [0m18:23:11  Done. PASS=1 WARN=0 ERROR=0 SKIP=0 TOTAL=1
[2025-03-18T18:23:15.651+0000] {subprocess.py:110} INFO - Command exited with return code 0
[2025-03-18T18:23:15.869+0000] {taskinstance.py:341} INFO - ::group::Post task execution logs
[2025-03-18T18:23:15.871+0000] {taskinstance.py:353} INFO - Marking task as SUCCESS. dag_id=load_dbt_clean_reviews_pipeline, task_id=dbt_run, run_id=scheduled__2024-08-17T00:00:00+00:00, execution_date=20240817T000000, start_date=20250318T182242, end_date=20250318T182315
[2025-03-18T18:23:16.085+0000] {logging_mixin.py:190} INFO - Task instance in success state
[2025-03-18T18:23:16.086+0000] {logging_mixin.py:190} INFO -  Previous state of the Task instance: running
[2025-03-18T18:23:16.096+0000] {logging_mixin.py:190} INFO - Dag name:load_dbt_clean_reviews_pipeline queued_at:2025-03-18 18:22:37.146652+00:00
[2025-03-18T18:23:16.097+0000] {logging_mixin.py:190} INFO - Task hostname:DESKTOP-IM7V4RI. operator:BashOperator
[2025-03-18T18:23:16.121+0000] {local_task_job_runner.py:266} INFO - Task exited with return code 0
[2025-03-18T18:23:16.265+0000] {taskinstance.py:3901} INFO - 0 downstream tasks scheduled from follow-on schedule check
[2025-03-18T18:23:16.275+0000] {local_task_job_runner.py:245} INFO - ::endgroup::
