[2025-03-21T01:37:26.859+0000] {local_task_job_runner.py:123} INFO - ::group::Pre task execution logs
[2025-03-21T01:37:26.944+0000] {taskinstance.py:2614} INFO - Dependencies all met for dep_context=non-requeueable deps ti=<TaskInstance: scrape_and_store_all_jobs.scrape_and_insert_data_to_json manual__2025-03-21T01:37:14.667475+00:00 [queued]>
[2025-03-21T01:37:26.969+0000] {taskinstance.py:2614} INFO - Dependencies all met for dep_context=requeueable deps ti=<TaskInstance: scrape_and_store_all_jobs.scrape_and_insert_data_to_json manual__2025-03-21T01:37:14.667475+00:00 [queued]>
[2025-03-21T01:37:26.970+0000] {taskinstance.py:2867} INFO - Starting attempt 1 of 2
[2025-03-21T01:37:27.032+0000] {taskinstance.py:2890} INFO - Executing <Task(PythonOperator): scrape_and_insert_data_to_json> on 2025-03-21 01:37:14.667475+00:00
[2025-03-21T01:37:27.042+0000] {standard_task_runner.py:72} INFO - Started process 557362 to run task
[2025-03-21T01:37:27.049+0000] {standard_task_runner.py:104} INFO - Running: ['airflow', 'tasks', 'run', 'scrape_and_store_all_jobs', 'scrape_and_insert_data_to_json', 'manual__2025-03-21T01:37:14.667475+00:00', '--job-id', '1876', '--raw', '--subdir', 'DAGS_FOLDER/dags/scrape_and_store_all_jobs.py', '--cfg-path', '/tmp/tmps7yb1jds']
[2025-03-21T01:37:27.051+0000] {standard_task_runner.py:105} INFO - Job 1876: Subtask scrape_and_insert_data_to_json
[2025-03-21T01:37:27.151+0000] {task_command.py:467} INFO - Running <TaskInstance: scrape_and_store_all_jobs.scrape_and_insert_data_to_json manual__2025-03-21T01:37:14.667475+00:00 [running]> on host DESKTOP-IM7V4RI.
[2025-03-21T01:37:27.399+0000] {taskinstance.py:3134} INFO - Exporting env vars: AIRFLOW_CTX_DAG_OWNER='airflow' AIRFLOW_CTX_DAG_ID='scrape_and_store_all_jobs' AIRFLOW_CTX_TASK_ID='scrape_and_insert_data_to_json' AIRFLOW_CTX_EXECUTION_DATE='2025-03-21T01:37:14.667475+00:00' AIRFLOW_CTX_TRY_NUMBER='1' AIRFLOW_CTX_DAG_RUN_ID='manual__2025-03-21T01:37:14.667475+00:00'
[2025-03-21T01:37:27.402+0000] {logging_mixin.py:190} INFO - Task instance is in running state
[2025-03-21T01:37:27.402+0000] {logging_mixin.py:190} INFO -  Previous state of the Task instance: queued
[2025-03-21T01:37:27.403+0000] {logging_mixin.py:190} INFO - Current task name:scrape_and_insert_data_to_json state:running start_date:2025-03-21 01:37:26.945216+00:00
[2025-03-21T01:37:27.403+0000] {logging_mixin.py:190} INFO - Dag name:scrape_and_store_all_jobs and current dag run status:running
[2025-03-21T01:37:27.404+0000] {taskinstance.py:732} INFO - ::endgroup::
[2025-03-21T01:37:27.408+0000] {logging_mixin.py:190} INFO - Extraction des données depuis rekrute.com...
[2025-03-21T01:37:33.128+0000] {logging_mixin.py:190} INFO - (rekrute.com) Nombre total de pages : 172
[2025-03-21T01:37:33.129+0000] {logging_mixin.py:190} INFO - (rekrute.com) Traitement de la page 1...
[2025-03-21T01:37:39.885+0000] {logging_mixin.py:190} INFO - ✅ Offre ajoutée avec succès : RPA BLUEPRISM Developer
[2025-03-21T01:37:39.885+0000] {logging_mixin.py:190} INFO - (rekrute.com) Offre ajoutée : RPA BLUEPRISM Developer
[2025-03-21T01:37:40.829+0000] {logging_mixin.py:190} INFO - ✅ Offre ajoutée avec succès : Dessinateur Projeteur Installation Générale/Tuyauterie H/F
[2025-03-21T01:37:40.829+0000] {logging_mixin.py:190} INFO - (rekrute.com) Offre ajoutée : Dessinateur Projeteur Installation Générale/Tuyauterie H/F
[2025-03-21T01:37:41.301+0000] {logging_mixin.py:190} INFO - ✅ Offre ajoutée avec succès : Chargé(e) de Clientèle
[2025-03-21T01:37:41.301+0000] {logging_mixin.py:190} INFO - (rekrute.com) Offre ajoutée : Chargé(e) de Clientèle
[2025-03-21T01:37:41.875+0000] {logging_mixin.py:190} INFO - ✅ Offre ajoutée avec succès : Chef Comptable
[2025-03-21T01:37:41.878+0000] {logging_mixin.py:190} INFO - (rekrute.com) Offre ajoutée : Chef Comptable
[2025-03-21T01:37:42.351+0000] {logging_mixin.py:190} INFO - ✅ Offre ajoutée avec succès : Chargé de clientèle - Réception d'appel - Rabat
[2025-03-21T01:37:42.351+0000] {logging_mixin.py:190} INFO - (rekrute.com) Offre ajoutée : Chargé de clientèle - Réception d'appel - Rabat
[2025-03-21T01:37:42.743+0000] {logging_mixin.py:190} INFO - ✅ Offre ajoutée avec succès : Conseiller Digital
[2025-03-21T01:37:42.743+0000] {logging_mixin.py:190} INFO - (rekrute.com) Offre ajoutée : Conseiller Digital
[2025-03-21T01:37:43.181+0000] {logging_mixin.py:190} INFO - ✅ Offre ajoutée avec succès : Conseiller Commercial
[2025-03-21T01:37:43.182+0000] {logging_mixin.py:190} INFO - (rekrute.com) Offre ajoutée : Conseiller Commercial
[2025-03-21T01:37:43.583+0000] {logging_mixin.py:190} INFO - ✅ Offre ajoutée avec succès : Conseiller Commercial
[2025-03-21T01:37:43.583+0000] {logging_mixin.py:190} INFO - (rekrute.com) Offre ajoutée : Conseiller Commercial
[2025-03-21T01:37:43.908+0000] {logging_mixin.py:190} INFO - ✅ Offre ajoutée avec succès : Manager H/F
[2025-03-21T01:37:43.908+0000] {logging_mixin.py:190} INFO - (rekrute.com) Offre ajoutée : Manager H/F
[2025-03-21T01:37:44.439+0000] {logging_mixin.py:190} INFO - ✅ Offre ajoutée avec succès : Responsable Compensation and Benefits H/F
[2025-03-21T01:37:44.439+0000] {logging_mixin.py:190} INFO - (rekrute.com) Offre ajoutée : Responsable Compensation and Benefits H/F
[2025-03-21T01:37:46.440+0000] {logging_mixin.py:190} INFO - (rekrute.com) Traitement de la page 2...
[2025-03-21T01:37:49.991+0000] {logging_mixin.py:190} INFO - ✅ Offre ajoutée avec succès : Accountant
[2025-03-21T01:37:49.992+0000] {logging_mixin.py:190} INFO - (rekrute.com) Offre ajoutée : Accountant
[2025-03-21T01:37:50.557+0000] {logging_mixin.py:190} INFO - ✅ Offre ajoutée avec succès : Back Office
[2025-03-21T01:37:50.558+0000] {logging_mixin.py:190} INFO - (rekrute.com) Offre ajoutée : Back Office
[2025-03-21T01:37:51.214+0000] {logging_mixin.py:190} INFO - ✅ Offre ajoutée avec succès : Chargé(e) s de Conduite d'Activité francophones
[2025-03-21T01:37:51.214+0000] {logging_mixin.py:190} INFO - (rekrute.com) Offre ajoutée : Chargé(e) s de Conduite d'Activité francophones
[2025-03-21T01:37:51.738+0000] {logging_mixin.py:190} INFO - ✅ Offre ajoutée avec succès : HR Generalist
[2025-03-21T01:37:51.738+0000] {logging_mixin.py:190} INFO - (rekrute.com) Offre ajoutée : HR Generalist
[2025-03-21T01:37:52.232+0000] {logging_mixin.py:190} INFO - ✅ Offre ajoutée avec succès : Développeur Full Stack de Talent Expérimenté - PHP7 (H/F)
[2025-03-21T01:37:52.233+0000] {logging_mixin.py:190} INFO - (rekrute.com) Offre ajoutée : Développeur Full Stack de Talent Expérimenté - PHP7 (H/F)
[2025-03-21T01:37:52.691+0000] {logging_mixin.py:190} INFO - ✅ Offre ajoutée avec succès : Ingénieur Safety/Sécurité Incendie
[2025-03-21T01:37:52.692+0000] {logging_mixin.py:190} INFO - (rekrute.com) Offre ajoutée : Ingénieur Safety/Sécurité Incendie
[2025-03-21T01:37:53.182+0000] {logging_mixin.py:190} INFO - ✅ Offre ajoutée avec succès : Cadre Recouvrement
[2025-03-21T01:37:53.183+0000] {logging_mixin.py:190} INFO - (rekrute.com) Offre ajoutée : Cadre Recouvrement
[2025-03-21T01:37:53.713+0000] {logging_mixin.py:190} INFO - ✅ Offre ajoutée avec succès : Data Analyst - Contrôle de Gestion H/F
[2025-03-21T01:37:53.714+0000] {logging_mixin.py:190} INFO - (rekrute.com) Offre ajoutée : Data Analyst - Contrôle de Gestion H/F
[2025-03-21T01:37:54.581+0000] {logging_mixin.py:190} INFO - ✅ Offre ajoutée avec succès : Chargé(e) de support informatique N0 parfaitement francophones
[2025-03-21T01:37:54.581+0000] {logging_mixin.py:190} INFO - (rekrute.com) Offre ajoutée : Chargé(e) de support informatique N0 parfaitement francophones
[2025-03-21T01:38:03.040+0000] {logging_mixin.py:190} INFO - ✅ Offre ajoutée avec succès : Assistante RH
[2025-03-21T01:38:03.041+0000] {logging_mixin.py:190} INFO - (rekrute.com) Offre ajoutée : Assistante RH
[2025-03-21T01:38:05.042+0000] {logging_mixin.py:190} INFO - Extraction des données depuis marocemploi.net...
[2025-03-21T01:38:05.043+0000] {logging_mixin.py:190} INFO - (marocemploi.net) Traitement de la page 1...
[2025-03-21T01:38:09.501+0000] {logging_mixin.py:190} INFO - ✅ Offre ajoutée avec succès : Commerciale en Immobilier
[2025-03-21T01:38:09.502+0000] {logging_mixin.py:190} INFO - (rekrute.com) Offre ajoutée : Commerciale en Immobilier
[2025-03-21T01:38:10.095+0000] {logging_mixin.py:190} INFO - ✅ Offre ajoutée avec succès : COMPTABLE (H/F)
[2025-03-21T01:38:10.096+0000] {logging_mixin.py:190} INFO - (rekrute.com) Offre ajoutée : COMPTABLE (H/F)
[2025-03-21T01:38:10.583+0000] {logging_mixin.py:190} INFO - ✅ Offre ajoutée avec succès : Un(e) Pharmacien Assistant de Production
[2025-03-21T01:38:10.583+0000] {logging_mixin.py:190} INFO - (rekrute.com) Offre ajoutée : Un(e) Pharmacien Assistant de Production
[2025-03-21T01:38:11.587+0000] {logging_mixin.py:190} INFO - ✅ Offre ajoutée avec succès : Développeur Symfony Junior – API (CDI)
[2025-03-21T01:38:11.588+0000] {logging_mixin.py:190} INFO - (rekrute.com) Offre ajoutée : Développeur Symfony Junior – API (CDI)
[2025-03-21T01:38:11.983+0000] {logging_mixin.py:190} INFO - ✅ Offre ajoutée avec succès : Responsable Magasin MP
[2025-03-21T01:38:11.983+0000] {logging_mixin.py:190} INFO - (rekrute.com) Offre ajoutée : Responsable Magasin MP
[2025-03-21T01:38:12.426+0000] {logging_mixin.py:190} INFO - ✅ Offre ajoutée avec succès : Magasinier à Boulevard chefchaouni Ain Sebaa Casablanca
[2025-03-21T01:38:12.428+0000] {logging_mixin.py:190} INFO - (rekrute.com) Offre ajoutée : Magasinier à Boulevard chefchaouni Ain Sebaa Casablanca
[2025-03-21T01:38:12.767+0000] {logging_mixin.py:190} INFO - ✅ Offre ajoutée avec succès : Vendeurs à Val Fleuri Maarif Casablanca
[2025-03-21T01:38:12.767+0000] {logging_mixin.py:190} INFO - (rekrute.com) Offre ajoutée : Vendeurs à Val Fleuri Maarif Casablanca
[2025-03-21T01:38:13.035+0000] {logging_mixin.py:190} INFO - ✅ Offre ajoutée avec succès : Technicien réseau
[2025-03-21T01:38:13.035+0000] {logging_mixin.py:190} INFO - (rekrute.com) Offre ajoutée : Technicien réseau
[2025-03-21T01:38:13.373+0000] {logging_mixin.py:190} INFO - ✅ Offre ajoutée avec succès : Développeur Back-End
[2025-03-21T01:38:13.374+0000] {logging_mixin.py:190} INFO - (rekrute.com) Offre ajoutée : Développeur Back-End
[2025-03-21T01:38:13.868+0000] {logging_mixin.py:190} INFO - ✅ Offre ajoutée avec succès : Caissière
[2025-03-21T01:38:13.868+0000] {logging_mixin.py:190} INFO - (rekrute.com) Offre ajoutée : Caissière
[2025-03-21T01:38:14.161+0000] {logging_mixin.py:190} INFO - ✅ Offre ajoutée avec succès : Soudeur à Ain Sebaa
[2025-03-21T01:38:14.162+0000] {logging_mixin.py:190} INFO - (rekrute.com) Offre ajoutée : Soudeur à Ain Sebaa
[2025-03-21T01:38:14.585+0000] {logging_mixin.py:190} INFO - ✅ Offre ajoutée avec succès : Assistante digitale et e-commerce d’une parapharmacie
[2025-03-21T01:38:14.585+0000] {logging_mixin.py:190} INFO - (rekrute.com) Offre ajoutée : Assistante digitale et e-commerce d’une parapharmacie
[2025-03-21T01:38:14.947+0000] {logging_mixin.py:190} INFO - ✅ Offre ajoutée avec succès : Equipier polyvalent – restauration rapide
[2025-03-21T01:38:14.948+0000] {logging_mixin.py:190} INFO - (rekrute.com) Offre ajoutée : Equipier polyvalent – restauration rapide
[2025-03-21T01:38:15.345+0000] {logging_mixin.py:190} INFO - ✅ Offre ajoutée avec succès : Commis de cuisine – restauration rapide
[2025-03-21T01:38:15.346+0000] {logging_mixin.py:190} INFO - (rekrute.com) Offre ajoutée : Commis de cuisine – restauration rapide
[2025-03-21T01:38:15.808+0000] {logging_mixin.py:190} INFO - ✅ Offre ajoutée avec succès : Une assistante juridique
[2025-03-21T01:38:15.808+0000] {logging_mixin.py:190} INFO - (rekrute.com) Offre ajoutée : Une assistante juridique
[2025-03-21T01:38:16.114+0000] {logging_mixin.py:190} INFO - ✅ Offre ajoutée avec succès : Assistante Appels d’offres
[2025-03-21T01:38:16.114+0000] {logging_mixin.py:190} INFO - (rekrute.com) Offre ajoutée : Assistante Appels d’offres
[2025-03-21T01:38:16.564+0000] {logging_mixin.py:190} INFO - ✅ Offre ajoutée avec succès : Technico-commercial
[2025-03-21T01:38:16.564+0000] {logging_mixin.py:190} INFO - (rekrute.com) Offre ajoutée : Technico-commercial
[2025-03-21T01:38:16.995+0000] {logging_mixin.py:190} INFO - ✅ Offre ajoutée avec succès : Responsable de la Chaîne Logistique
[2025-03-21T01:38:16.996+0000] {logging_mixin.py:190} INFO - (rekrute.com) Offre ajoutée : Responsable de la Chaîne Logistique
[2025-03-21T01:38:17.507+0000] {logging_mixin.py:190} INFO - ✅ Offre ajoutée avec succès : Livreur
[2025-03-21T01:38:17.507+0000] {logging_mixin.py:190} INFO - (rekrute.com) Offre ajoutée : Livreur
[2025-03-21T01:38:17.926+0000] {logging_mixin.py:190} INFO - ✅ Offre ajoutée avec succès : Agent de nettoyage
[2025-03-21T01:38:17.927+0000] {logging_mixin.py:190} INFO - (rekrute.com) Offre ajoutée : Agent de nettoyage
[2025-03-21T01:38:18.434+0000] {logging_mixin.py:190} INFO - ✅ Offre ajoutée avec succès : Assistant Comptable
[2025-03-21T01:38:18.435+0000] {logging_mixin.py:190} INFO - (rekrute.com) Offre ajoutée : Assistant Comptable
[2025-03-21T01:38:18.893+0000] {logging_mixin.py:190} INFO - ✅ Offre ajoutée avec succès : Ingénieur chargé d’affaires
[2025-03-21T01:38:18.893+0000] {logging_mixin.py:190} INFO - (rekrute.com) Offre ajoutée : Ingénieur chargé d’affaires
[2025-03-21T01:38:19.342+0000] {logging_mixin.py:190} INFO - ✅ Offre ajoutée avec succès : ​Infirmière éducatrice
[2025-03-21T01:38:19.343+0000] {logging_mixin.py:190} INFO - (rekrute.com) Offre ajoutée : ​Infirmière éducatrice
[2025-03-21T01:38:19.713+0000] {logging_mixin.py:190} INFO - ✅ Offre ajoutée avec succès : Cuisinier – restauration rapide
[2025-03-21T01:38:19.714+0000] {logging_mixin.py:190} INFO - (rekrute.com) Offre ajoutée : Cuisinier – restauration rapide
[2025-03-21T01:38:20.392+0000] {logging_mixin.py:190} INFO - ✅ Offre ajoutée avec succès : Technicien de réseau
[2025-03-21T01:38:20.392+0000] {logging_mixin.py:190} INFO - (rekrute.com) Offre ajoutée : Technicien de réseau
[2025-03-21T01:38:20.705+0000] {logging_mixin.py:190} INFO - ✅ Offre ajoutée avec succès : Vendeurs à TEMARA HAY ENNASSR
[2025-03-21T01:38:20.706+0000] {logging_mixin.py:190} INFO - (rekrute.com) Offre ajoutée : Vendeurs à TEMARA HAY ENNASSR
[2025-03-21T01:38:21.045+0000] {logging_mixin.py:190} INFO - ✅ Offre ajoutée avec succès : Assistante administrative
[2025-03-21T01:38:21.045+0000] {logging_mixin.py:190} INFO - (rekrute.com) Offre ajoutée : Assistante administrative
[2025-03-21T01:38:21.427+0000] {logging_mixin.py:190} INFO - ✅ Offre ajoutée avec succès : Vendeurs à Casablanca Bourgogne
[2025-03-21T01:38:21.428+0000] {logging_mixin.py:190} INFO - (rekrute.com) Offre ajoutée : Vendeurs à Casablanca Bourgogne
[2025-03-21T01:38:22.166+0000] {logging_mixin.py:190} INFO - ✅ Offre ajoutée avec succès : Conseiller Commercial
[2025-03-21T01:38:22.167+0000] {logging_mixin.py:190} INFO - (rekrute.com) Offre ajoutée : Conseiller Commercial
[2025-03-21T01:38:23.123+0000] {logging_mixin.py:190} INFO - ✅ Offre ajoutée avec succès : Responsable injection
[2025-03-21T01:38:23.123+0000] {logging_mixin.py:190} INFO - (rekrute.com) Offre ajoutée : Responsable injection
[2025-03-21T01:38:23.845+0000] {logging_mixin.py:190} INFO - ✅ Offre ajoutée avec succès : Vendeur et Vendeuse Casablanca
[2025-03-21T01:38:23.845+0000] {logging_mixin.py:190} INFO - (rekrute.com) Offre ajoutée : Vendeur et Vendeuse Casablanca
[2025-03-21T01:38:25.411+0000] {logging_mixin.py:190} INFO - ✅ Offre ajoutée avec succès : Sales Analyste (H/F) – Casablanca
[2025-03-21T01:38:25.411+0000] {logging_mixin.py:190} INFO - (rekrute.com) Offre ajoutée : Sales Analyste (H/F) – Casablanca
[2025-03-21T01:38:25.869+0000] {logging_mixin.py:190} INFO - ✅ Offre ajoutée avec succès : Téléacteur en création de traffic
[2025-03-21T01:38:25.870+0000] {logging_mixin.py:190} INFO - (rekrute.com) Offre ajoutée : Téléacteur en création de traffic
[2025-03-21T01:38:26.488+0000] {logging_mixin.py:190} INFO - ✅ Offre ajoutée avec succès : Rejoignez Amazing Media en tant que Créateur TikTok
[2025-03-21T01:38:26.489+0000] {logging_mixin.py:190} INFO - (rekrute.com) Offre ajoutée : Rejoignez Amazing Media en tant que Créateur TikTok
[2025-03-21T01:38:27.365+0000] {logging_mixin.py:190} INFO - ✅ Offre ajoutée avec succès : Trade Marketing Manager
[2025-03-21T01:38:27.366+0000] {logging_mixin.py:190} INFO - (rekrute.com) Offre ajoutée : Trade Marketing Manager
[2025-03-21T01:38:29.367+0000] {logging_mixin.py:190} INFO - (marocemploi.net) Traitement de la page 2...
[2025-03-21T01:38:31.312+0000] {logging_mixin.py:190} INFO - ✅ Offre ajoutée avec succès : Stagiaire PFE Contrôle de Gestion – Rémunéré – Ain Sebaa – Casablanca
[2025-03-21T01:38:31.312+0000] {logging_mixin.py:190} INFO - (rekrute.com) Offre ajoutée : Stagiaire PFE Contrôle de Gestion – Rémunéré – Ain Sebaa – Casablanca
[2025-03-21T01:38:31.870+0000] {logging_mixin.py:190} INFO - ✅ Offre ajoutée avec succès : Superviseur Modern Trade / GMS – Rabat
[2025-03-21T01:38:31.871+0000] {logging_mixin.py:190} INFO - (rekrute.com) Offre ajoutée : Superviseur Modern Trade / GMS – Rabat
[2025-03-21T01:38:32.330+0000] {logging_mixin.py:190} INFO - ✅ Offre ajoutée avec succès : Un(e) Sales Capability
[2025-03-21T01:38:32.331+0000] {logging_mixin.py:190} INFO - (rekrute.com) Offre ajoutée : Un(e) Sales Capability
[2025-03-21T01:38:33.103+0000] {logging_mixin.py:190} INFO - ✅ Offre ajoutée avec succès : Vendeur Gros
[2025-03-21T01:38:33.103+0000] {logging_mixin.py:190} INFO - (rekrute.com) Offre ajoutée : Vendeur Gros
[2025-03-21T01:38:34.000+0000] {logging_mixin.py:190} INFO - ✅ Offre ajoutée avec succès : Offre de Stage : Assistante ADV – Département Logistique
[2025-03-21T01:38:34.000+0000] {logging_mixin.py:190} INFO - (rekrute.com) Offre ajoutée : Offre de Stage : Assistante ADV – Département Logistique
[2025-03-21T01:38:34.839+0000] {logging_mixin.py:190} INFO - ✅ Offre ajoutée avec succès : Merchandiser
[2025-03-21T01:38:34.839+0000] {logging_mixin.py:190} INFO - (rekrute.com) Offre ajoutée : Merchandiser
[2025-03-21T01:38:35.509+0000] {logging_mixin.py:190} INFO - ✅ Offre ajoutée avec succès : Aide Magasinier
[2025-03-21T01:38:35.509+0000] {logging_mixin.py:190} INFO - (rekrute.com) Offre ajoutée : Aide Magasinier
[2025-03-21T01:38:36.234+0000] {logging_mixin.py:190} INFO - ✅ Offre ajoutée avec succès : Vendeurs Détail et Gros – Maroc –
[2025-03-21T01:38:36.235+0000] {logging_mixin.py:190} INFO - (rekrute.com) Offre ajoutée : Vendeurs Détail et Gros – Maroc –
[2025-03-21T01:38:37.318+0000] {logging_mixin.py:190} INFO - ✅ Offre ajoutée avec succès : Superviseur Détail
[2025-03-21T01:38:37.319+0000] {logging_mixin.py:190} INFO - (rekrute.com) Offre ajoutée : Superviseur Détail
[2025-03-21T01:38:38.242+0000] {logging_mixin.py:190} INFO - ✅ Offre ajoutée avec succès : VENDEURS et LIVREURS MEKNES
[2025-03-21T01:38:38.243+0000] {logging_mixin.py:190} INFO - (rekrute.com) Offre ajoutée : VENDEURS et LIVREURS MEKNES
[2025-03-21T01:38:39.074+0000] {logging_mixin.py:190} INFO - ✅ Offre ajoutée avec succès : SUPERVISEUR DETAIL MOHAMMEDIA
[2025-03-21T01:38:39.076+0000] {logging_mixin.py:190} INFO - (rekrute.com) Offre ajoutée : SUPERVISEUR DETAIL MOHAMMEDIA
[2025-03-21T01:38:40.276+0000] {logging_mixin.py:190} INFO - ✅ Offre ajoutée avec succès : Vendeurs Casablanca, Rabat et Marrakech
[2025-03-21T01:38:40.277+0000] {logging_mixin.py:190} INFO - (rekrute.com) Offre ajoutée : Vendeurs Casablanca, Rabat et Marrakech
[2025-03-21T01:38:41.381+0000] {logging_mixin.py:190} INFO - ✅ Offre ajoutée avec succès : COMPTABLE
[2025-03-21T01:38:41.382+0000] {logging_mixin.py:190} INFO - (rekrute.com) Offre ajoutée : COMPTABLE
[2025-03-21T01:38:43.387+0000] {logging_mixin.py:190} INFO - ✅ Données enregistrées dans /mnt/c/Users/hp/Desktop/offres/toutes_les_offres.json.
[2025-03-21T01:38:43.388+0000] {python.py:240} INFO - Done. Returned value was: None
[2025-03-21T01:38:43.412+0000] {taskinstance.py:341} INFO - ::group::Post task execution logs
[2025-03-21T01:38:43.413+0000] {taskinstance.py:353} INFO - Marking task as SUCCESS. dag_id=scrape_and_store_all_jobs, task_id=scrape_and_insert_data_to_json, run_id=manual__2025-03-21T01:37:14.667475+00:00, execution_date=20250321T013714, start_date=20250321T013726, end_date=20250321T013843
[2025-03-21T01:38:43.493+0000] {logging_mixin.py:190} INFO - Task instance in success state
[2025-03-21T01:38:43.493+0000] {logging_mixin.py:190} INFO -  Previous state of the Task instance: running
[2025-03-21T01:38:43.494+0000] {logging_mixin.py:190} INFO - Dag name:scrape_and_store_all_jobs queued_at:2025-03-21 01:37:15.022499+00:00
[2025-03-21T01:38:43.494+0000] {logging_mixin.py:190} INFO - Task hostname:DESKTOP-IM7V4RI. operator:PythonOperator
[2025-03-21T01:38:43.536+0000] {local_task_job_runner.py:266} INFO - Task exited with return code 0
[2025-03-21T01:38:43.589+0000] {taskinstance.py:3901} INFO - 0 downstream tasks scheduled from follow-on schedule check
[2025-03-21T01:38:43.594+0000] {local_task_job_runner.py:245} INFO - ::endgroup::
