[2025-05-29T15:39:00.445+0100] {local_task_job_runner.py:123} INFO - ::group::Pre task execution logs
[2025-05-29T15:39:00.524+0100] {taskinstance.py:2614} INFO - Dependencies all met for dep_context=non-requeueable deps ti=<TaskInstance: bank_reviews_etl_and_analysis_pipeline.dbt_run_transactional manual__2025-05-29T14:38:54.018523+00:00 [queued]>
[2025-05-29T15:39:00.552+0100] {taskinstance.py:2614} INFO - Dependencies all met for dep_context=requeueable deps ti=<TaskInstance: bank_reviews_etl_and_analysis_pipeline.dbt_run_transactional manual__2025-05-29T14:38:54.018523+00:00 [queued]>
[2025-05-29T15:39:00.553+0100] {taskinstance.py:2867} INFO - Starting attempt 1 of 2
[2025-05-29T15:39:00.614+0100] {taskinstance.py:2890} INFO - Executing <Task(BashOperator): dbt_run_transactional> on 2025-05-29 14:38:54.018523+00:00
[2025-05-29T15:39:00.630+0100] {standard_task_runner.py:72} INFO - Started process 214844 to run task
[2025-05-29T15:39:00.642+0100] {standard_task_runner.py:104} INFO - Running: ['airflow', 'tasks', 'run', 'bank_reviews_etl_and_analysis_pipeline', 'dbt_run_transactional', 'manual__2025-05-29T14:38:54.018523+00:00', '--job-id', '2543', '--raw', '--subdir', 'DAGS_FOLDER/dag_load_reviews.py', '--cfg-path', '/tmp/tmp9xv9grrw']
[2025-05-29T15:39:00.644+0100] {standard_task_runner.py:105} INFO - Job 2543: Subtask dbt_run_transactional
[2025-05-29T15:39:00.837+0100] {task_command.py:467} INFO - Running <TaskInstance: bank_reviews_etl_and_analysis_pipeline.dbt_run_transactional manual__2025-05-29T14:38:54.018523+00:00 [running]> on host DESKTOP-IM7V4RI.
[2025-05-29T15:39:01.136+0100] {taskinstance.py:3134} INFO - Exporting env vars: AIRFLOW_CTX_DAG_OWNER='mohammed' AIRFLOW_CTX_DAG_ID='bank_reviews_etl_and_analysis_pipeline' AIRFLOW_CTX_TASK_ID='dbt_run_transactional' AIRFLOW_CTX_EXECUTION_DATE='2025-05-29T14:38:54.018523+00:00' AIRFLOW_CTX_TRY_NUMBER='1' AIRFLOW_CTX_DAG_RUN_ID='manual__2025-05-29T14:38:54.018523+00:00'
[2025-05-29T15:39:01.141+0100] {logging_mixin.py:190} INFO - Task instance is in running state
[2025-05-29T15:39:01.142+0100] {logging_mixin.py:190} INFO -  Previous state of the Task instance: queued
[2025-05-29T15:39:01.142+0100] {logging_mixin.py:190} INFO - Current task name:dbt_run_transactional state:running start_date:2025-05-29 14:39:00.525174+00:00
[2025-05-29T15:39:01.142+0100] {logging_mixin.py:190} INFO - Dag name:bank_reviews_etl_and_analysis_pipeline and current dag run status:running
[2025-05-29T15:39:01.144+0100] {taskinstance.py:732} INFO - ::endgroup::
[2025-05-29T15:39:01.155+0100] {subprocess.py:78} INFO - Tmp dir root location: /tmp
[2025-05-29T15:39:01.166+0100] {subprocess.py:88} INFO - Running command: ['/usr/bin/bash', '-c', 'cd /home/mohammed/.dbt/dbt_projects/bank_reviews_transactional && dbt run']
[2025-05-29T15:39:01.195+0100] {subprocess.py:99} INFO - Output:
[2025-05-29T15:39:09.296+0100] {subprocess.py:106} INFO - [0m14:39:09  Running with dbt=1.9.3
[2025-05-29T15:39:10.355+0100] {subprocess.py:106} INFO - [0m14:39:10  Registered adapter: postgres=1.9.0
[2025-05-29T15:39:11.159+0100] {subprocess.py:106} INFO - [0m14:39:11  [[33mWARNING[0m]: Configuration paths exist in your dbt_project.yml file which do not apply to any resources.
[2025-05-29T15:39:11.160+0100] {subprocess.py:106} INFO - There are 1 unused configuration paths:
[2025-05-29T15:39:11.162+0100] {subprocess.py:106} INFO - - models.bank_reviews_transactional.transactional
[2025-05-29T15:39:11.559+0100] {subprocess.py:106} INFO - [0m14:39:11  Found 1 model, 1 source, 433 macros
[2025-05-29T15:39:11.564+0100] {subprocess.py:106} INFO - [0m14:39:11
[2025-05-29T15:39:11.565+0100] {subprocess.py:106} INFO - [0m14:39:11  Concurrency: 4 threads (target='dev')
[2025-05-29T15:39:11.566+0100] {subprocess.py:106} INFO - [0m14:39:11
[2025-05-29T15:39:12.770+0100] {subprocess.py:106} INFO - [0m14:39:12  1 of 1 START sql table model transactional.clean_reviews ....................... [RUN]
[2025-05-29T15:39:19.439+0100] {subprocess.py:106} INFO - [0m14:39:19  1 of 1 OK created sql table model transactional.clean_reviews .................. [[32mSELECT 13203[0m in 6.66s]
[2025-05-29T15:39:19.523+0100] {subprocess.py:106} INFO - [0m14:39:19
[2025-05-29T15:39:19.524+0100] {subprocess.py:106} INFO - [0m14:39:19  Finished running 1 table model in 0 hours 0 minutes and 7.95 seconds (7.95s).
[2025-05-29T15:39:19.602+0100] {subprocess.py:106} INFO - [0m14:39:19
[2025-05-29T15:39:19.603+0100] {subprocess.py:106} INFO - [0m14:39:19  [32mCompleted successfully[0m
[2025-05-29T15:39:19.603+0100] {subprocess.py:106} INFO - [0m14:39:19
[2025-05-29T15:39:19.604+0100] {subprocess.py:106} INFO - [0m14:39:19  Done. PASS=1 WARN=0 ERROR=0 SKIP=0 TOTAL=1
[2025-05-29T15:39:22.366+0100] {subprocess.py:110} INFO - Command exited with return code 0
[2025-05-29T15:39:22.504+0100] {taskinstance.py:341} INFO - ::group::Post task execution logs
[2025-05-29T15:39:22.506+0100] {taskinstance.py:353} INFO - Marking task as SUCCESS. dag_id=bank_reviews_etl_and_analysis_pipeline, task_id=dbt_run_transactional, run_id=manual__2025-05-29T14:38:54.018523+00:00, execution_date=20250529T143854, start_date=20250529T143900, end_date=20250529T143922
[2025-05-29T15:39:22.631+0100] {logging_mixin.py:190} INFO - Task instance in success state
[2025-05-29T15:39:22.632+0100] {logging_mixin.py:190} INFO -  Previous state of the Task instance: running
[2025-05-29T15:39:22.633+0100] {logging_mixin.py:190} INFO - Dag name:bank_reviews_etl_and_analysis_pipeline queued_at:2025-05-29 14:38:54.124621+00:00
[2025-05-29T15:39:22.633+0100] {logging_mixin.py:190} INFO - Task hostname:DESKTOP-IM7V4RI. operator:BashOperator
[2025-05-29T15:39:22.661+0100] {local_task_job_runner.py:266} INFO - Task exited with return code 0
[2025-05-29T15:39:22.762+0100] {taskinstance.py:3901} INFO - 0 downstream tasks scheduled from follow-on schedule check
[2025-05-29T15:39:22.769+0100] {local_task_job_runner.py:245} INFO - ::endgroup::
