[2025-03-28T02:18:02.308+0000] {local_task_job_runner.py:123} INFO - ::group::Pre task execution logs
[2025-03-28T02:18:02.389+0000] {taskinstance.py:2614} INFO - Dependencies all met for dep_context=non-requeueable deps ti=<TaskInstance: load_dbt_clean_reviews_pipeline.dbt_run_transactional scheduled__2024-04-02T00:00:00+00:00 [queued]>
[2025-03-28T02:18:02.415+0000] {taskinstance.py:2614} INFO - Dependencies all met for dep_context=requeueable deps ti=<TaskInstance: load_dbt_clean_reviews_pipeline.dbt_run_transactional scheduled__2024-04-02T00:00:00+00:00 [queued]>
[2025-03-28T02:18:02.416+0000] {taskinstance.py:2867} INFO - Starting attempt 1 of 2
[2025-03-28T02:18:02.481+0000] {taskinstance.py:2890} INFO - Executing <Task(BashOperator): dbt_run_transactional> on 2024-04-02 00:00:00+00:00
[2025-03-28T02:18:02.500+0000] {standard_task_runner.py:72} INFO - Started process 189175 to run task
[2025-03-28T02:18:02.529+0000] {standard_task_runner.py:104} INFO - Running: ['airflow', 'tasks', 'run', 'load_dbt_clean_reviews_pipeline', 'dbt_run_transactional', 'scheduled__2024-04-02T00:00:00+00:00', '--job-id', '2006', '--raw', '--subdir', 'DAGS_FOLDER/dag_load_reviews.py', '--cfg-path', '/tmp/tmptte8yhxz']
[2025-03-28T02:18:02.532+0000] {standard_task_runner.py:105} INFO - Job 2006: Subtask dbt_run_transactional
[2025-03-28T02:18:02.767+0000] {task_command.py:467} INFO - Running <TaskInstance: load_dbt_clean_reviews_pipeline.dbt_run_transactional scheduled__2024-04-02T00:00:00+00:00 [running]> on host DESKTOP-IM7V4RI.
[2025-03-28T02:18:03.317+0000] {taskinstance.py:3134} INFO - Exporting env vars: AIRFLOW_CTX_DAG_OWNER='mohammed' AIRFLOW_CTX_DAG_ID='load_dbt_clean_reviews_pipeline' AIRFLOW_CTX_TASK_ID='dbt_run_transactional' AIRFLOW_CTX_EXECUTION_DATE='2024-04-02T00:00:00+00:00' AIRFLOW_CTX_TRY_NUMBER='1' AIRFLOW_CTX_DAG_RUN_ID='scheduled__2024-04-02T00:00:00+00:00'
[2025-03-28T02:18:03.330+0000] {logging_mixin.py:190} INFO - Task instance is in running state
[2025-03-28T02:18:03.331+0000] {logging_mixin.py:190} INFO -  Previous state of the Task instance: queued
[2025-03-28T02:18:03.332+0000] {logging_mixin.py:190} INFO - Current task name:dbt_run_transactional state:running start_date:2025-03-28 02:18:02.389989+00:00
[2025-03-28T02:18:03.332+0000] {logging_mixin.py:190} INFO - Dag name:load_dbt_clean_reviews_pipeline and current dag run status:running
[2025-03-28T02:18:03.333+0000] {taskinstance.py:732} INFO - ::endgroup::
[2025-03-28T02:18:03.338+0000] {subprocess.py:78} INFO - Tmp dir root location: /tmp
[2025-03-28T02:18:03.344+0000] {subprocess.py:88} INFO - Running command: ['/usr/bin/bash', '-c', 'cd /home/mohammed/.dbt/dbt_projects/bank_reviews_transactional && dbt run']
[2025-03-28T02:18:03.390+0000] {subprocess.py:99} INFO - Output:
[2025-03-28T02:18:12.257+0000] {subprocess.py:106} INFO - [0m02:18:12  Running with dbt=1.9.3
[2025-03-28T02:18:14.194+0000] {subprocess.py:106} INFO - [0m02:18:14  Registered adapter: postgres=1.9.0
[2025-03-28T02:18:16.346+0000] {subprocess.py:106} INFO - [0m02:18:16  [[33mWARNING[0m]: Configuration paths exist in your dbt_project.yml file which do not apply to any resources.
[2025-03-28T02:18:16.347+0000] {subprocess.py:106} INFO - There are 1 unused configuration paths:
[2025-03-28T02:18:16.347+0000] {subprocess.py:106} INFO - - models.bank_reviews_transactional.transactional
[2025-03-28T02:18:17.528+0000] {subprocess.py:106} INFO - [0m02:18:17  Found 1 model, 1 source, 433 macros
[2025-03-28T02:18:17.538+0000] {subprocess.py:106} INFO - [0m02:18:17
[2025-03-28T02:18:17.541+0000] {subprocess.py:106} INFO - [0m02:18:17  Concurrency: 4 threads (target='dev')
[2025-03-28T02:18:17.544+0000] {subprocess.py:106} INFO - [0m02:18:17
[2025-03-28T02:18:18.993+0000] {subprocess.py:106} INFO - [0m02:18:18  1 of 1 START sql table model transactional.clean_reviews ....................... [RUN]
[2025-03-28T02:18:22.261+0000] {subprocess.py:106} INFO - [0m02:18:22  1 of 1 OK created sql table model transactional.clean_reviews .................. [[32mSELECT 153[0m in 3.26s]
[2025-03-28T02:18:22.388+0000] {subprocess.py:106} INFO - [0m02:18:22
[2025-03-28T02:18:22.391+0000] {subprocess.py:106} INFO - [0m02:18:22  Finished running 1 table model in 0 hours 0 minutes and 4.84 seconds (4.84s).
[2025-03-28T02:18:22.672+0000] {subprocess.py:106} INFO - [0m02:18:22
[2025-03-28T02:18:22.674+0000] {subprocess.py:106} INFO - [0m02:18:22  [32mCompleted successfully[0m
[2025-03-28T02:18:22.677+0000] {subprocess.py:106} INFO - [0m02:18:22
[2025-03-28T02:18:22.679+0000] {subprocess.py:106} INFO - [0m02:18:22  Done. PASS=1 WARN=0 ERROR=0 SKIP=0 TOTAL=1
[2025-03-28T02:18:27.651+0000] {subprocess.py:110} INFO - Command exited with return code 0
[2025-03-28T02:18:27.896+0000] {taskinstance.py:341} INFO - ::group::Post task execution logs
[2025-03-28T02:18:27.897+0000] {taskinstance.py:353} INFO - Marking task as SUCCESS. dag_id=load_dbt_clean_reviews_pipeline, task_id=dbt_run_transactional, run_id=scheduled__2024-04-02T00:00:00+00:00, execution_date=20240402T000000, start_date=20250328T021802, end_date=20250328T021827
[2025-03-28T02:18:28.628+0000] {logging_mixin.py:190} INFO - Task instance in success state
[2025-03-28T02:18:28.632+0000] {logging_mixin.py:190} INFO -  Previous state of the Task instance: running
[2025-03-28T02:18:28.637+0000] {logging_mixin.py:190} INFO - Dag name:load_dbt_clean_reviews_pipeline queued_at:2025-03-28 02:17:59.645039+00:00
[2025-03-28T02:18:28.638+0000] {logging_mixin.py:190} INFO - Task hostname:DESKTOP-IM7V4RI. operator:BashOperator
[2025-03-28T02:18:28.698+0000] {local_task_job_runner.py:266} INFO - Task exited with return code 0
[2025-03-28T02:18:28.794+0000] {taskinstance.py:3901} INFO - 0 downstream tasks scheduled from follow-on schedule check
[2025-03-28T02:18:28.814+0000] {local_task_job_runner.py:245} INFO - ::endgroup::
