[2025-03-18T18:12:36.924+0000] {local_task_job_runner.py:123} INFO - ::group::Pre task execution logs
[2025-03-18T18:12:37.027+0000] {taskinstance.py:2614} INFO - Dependencies all met for dep_context=non-requeueable deps ti=<TaskInstance: load_dbt_clean_reviews_pipeline.dbt_run scheduled__2024-05-30T00:00:00+00:00 [queued]>
[2025-03-18T18:12:37.065+0000] {taskinstance.py:2614} INFO - Dependencies all met for dep_context=requeueable deps ti=<TaskInstance: load_dbt_clean_reviews_pipeline.dbt_run scheduled__2024-05-30T00:00:00+00:00 [queued]>
[2025-03-18T18:12:37.065+0000] {taskinstance.py:2867} INFO - Starting attempt 1 of 2
[2025-03-18T18:12:37.339+0000] {taskinstance.py:2890} INFO - Executing <Task(BashOperator): dbt_run> on 2024-05-30 00:00:00+00:00
[2025-03-18T18:12:37.433+0000] {standard_task_runner.py:72} INFO - Started process 2548 to run task
[2025-03-18T18:12:37.477+0000] {standard_task_runner.py:104} INFO - Running: ['airflow', 'tasks', 'run', 'load_dbt_clean_reviews_pipeline', 'dbt_run', 'scheduled__2024-05-30T00:00:00+00:00', '--job-id', '884', '--raw', '--subdir', 'DAGS_FOLDER/dag_load_reviews.py', '--cfg-path', '/tmp/tmpf2_lg333']
[2025-03-18T18:12:37.480+0000] {standard_task_runner.py:105} INFO - Job 884: Subtask dbt_run
[2025-03-18T18:12:38.370+0000] {task_command.py:467} INFO - Running <TaskInstance: load_dbt_clean_reviews_pipeline.dbt_run scheduled__2024-05-30T00:00:00+00:00 [running]> on host DESKTOP-IM7V4RI.
[2025-03-18T18:12:39.245+0000] {taskinstance.py:3134} INFO - Exporting env vars: AIRFLOW_CTX_DAG_OWNER='mohammed' AIRFLOW_CTX_DAG_ID='load_dbt_clean_reviews_pipeline' AIRFLOW_CTX_TASK_ID='dbt_run' AIRFLOW_CTX_EXECUTION_DATE='2024-05-30T00:00:00+00:00' AIRFLOW_CTX_TRY_NUMBER='1' AIRFLOW_CTX_DAG_RUN_ID='scheduled__2024-05-30T00:00:00+00:00'
[2025-03-18T18:12:39.248+0000] {logging_mixin.py:190} INFO - Task instance is in running state
[2025-03-18T18:12:39.249+0000] {logging_mixin.py:190} INFO -  Previous state of the Task instance: queued
[2025-03-18T18:12:39.250+0000] {logging_mixin.py:190} INFO - Current task name:dbt_run state:running start_date:2025-03-18 18:12:37.027834+00:00
[2025-03-18T18:12:39.250+0000] {logging_mixin.py:190} INFO - Dag name:load_dbt_clean_reviews_pipeline and current dag run status:running
[2025-03-18T18:12:39.270+0000] {taskinstance.py:732} INFO - ::endgroup::
[2025-03-18T18:12:39.272+0000] {subprocess.py:78} INFO - Tmp dir root location: /tmp
[2025-03-18T18:12:39.274+0000] {subprocess.py:88} INFO - Running command: ['/usr/bin/bash', '-c', 'cd /home/mohammed/.dbt/dbt_projects/bank_reviews_transactional && dbt run']
[2025-03-18T18:12:39.375+0000] {subprocess.py:99} INFO - Output:
[2025-03-18T18:12:56.149+0000] {subprocess.py:106} INFO - [0m18:12:56  Running with dbt=1.9.3
[2025-03-18T18:12:58.457+0000] {subprocess.py:106} INFO - [0m18:12:58  Registered adapter: postgres=1.9.0
[2025-03-18T18:12:59.655+0000] {subprocess.py:106} INFO - [0m18:12:59  [[33mWARNING[0m]: Configuration paths exist in your dbt_project.yml file which do not apply to any resources.
[2025-03-18T18:12:59.656+0000] {subprocess.py:106} INFO - There are 1 unused configuration paths:
[2025-03-18T18:12:59.656+0000] {subprocess.py:106} INFO - - models.bank_reviews_transactional.transactional
[2025-03-18T18:13:00.508+0000] {subprocess.py:106} INFO - [0m18:13:00  Found 3 models, 4 data tests, 1 source, 433 macros
[2025-03-18T18:13:00.520+0000] {subprocess.py:106} INFO - [0m18:13:00
[2025-03-18T18:13:00.523+0000] {subprocess.py:106} INFO - [0m18:13:00  Concurrency: 4 threads (target='dev')
[2025-03-18T18:13:00.526+0000] {subprocess.py:106} INFO - [0m18:13:00
[2025-03-18T18:13:01.264+0000] {subprocess.py:106} INFO - [0m18:13:01  1 of 3 START sql table model transactional.clean_reviews ....................... [RUN]
[2025-03-18T18:13:01.287+0000] {subprocess.py:106} INFO - [0m18:13:01  2 of 3 START sql table model transactional.my_first_dbt_model .................. [RUN]
[2025-03-18T18:13:02.117+0000] {subprocess.py:106} INFO - [0m18:13:02  2 of 3 OK created sql table model transactional.my_first_dbt_model ............. [[32mSELECT 2[0m in 0.83s]
[2025-03-18T18:13:02.138+0000] {subprocess.py:106} INFO - [0m18:13:02  3 of 3 START sql view model transactional.my_second_dbt_model .................. [RUN]
[2025-03-18T18:13:02.525+0000] {subprocess.py:106} INFO - [0m18:13:02  3 of 3 OK created sql view model transactional.my_second_dbt_model ............. [[32mCREATE VIEW[0m in 0.39s]
[2025-03-18T18:13:02.832+0000] {subprocess.py:106} INFO - [0m18:13:02  1 of 3 OK created sql table model transactional.clean_reviews .................. [[32mSELECT 549[0m in 1.55s]
[2025-03-18T18:13:02.973+0000] {subprocess.py:106} INFO - [0m18:13:02
[2025-03-18T18:13:02.990+0000] {subprocess.py:106} INFO - [0m18:13:02  Finished running 2 table models, 1 view model in 0 hours 0 minutes and 2.42 seconds (2.42s).
[2025-03-18T18:13:03.744+0000] {subprocess.py:106} INFO - [0m18:13:03
[2025-03-18T18:13:03.748+0000] {subprocess.py:106} INFO - [0m18:13:03  [32mCompleted successfully[0m
[2025-03-18T18:13:03.750+0000] {subprocess.py:106} INFO - [0m18:13:03
[2025-03-18T18:13:03.753+0000] {subprocess.py:106} INFO - [0m18:13:03  Done. PASS=3 WARN=0 ERROR=0 SKIP=0 TOTAL=3
[2025-03-18T18:13:06.608+0000] {subprocess.py:110} INFO - Command exited with return code 0
[2025-03-18T18:13:06.750+0000] {taskinstance.py:341} INFO - ::group::Post task execution logs
[2025-03-18T18:13:06.752+0000] {taskinstance.py:353} INFO - Marking task as SUCCESS. dag_id=load_dbt_clean_reviews_pipeline, task_id=dbt_run, run_id=scheduled__2024-05-30T00:00:00+00:00, execution_date=20240530T000000, start_date=20250318T181237, end_date=20250318T181306
[2025-03-18T18:13:06.971+0000] {logging_mixin.py:190} INFO - Task instance in success state
[2025-03-18T18:13:06.972+0000] {logging_mixin.py:190} INFO -  Previous state of the Task instance: running
[2025-03-18T18:13:06.972+0000] {logging_mixin.py:190} INFO - Dag name:load_dbt_clean_reviews_pipeline queued_at:2025-03-18 18:12:31.171117+00:00
[2025-03-18T18:13:06.973+0000] {logging_mixin.py:190} INFO - Task hostname:DESKTOP-IM7V4RI. operator:BashOperator
[2025-03-18T18:13:07.012+0000] {local_task_job_runner.py:266} INFO - Task exited with return code 0
[2025-03-18T18:13:07.088+0000] {local_task_job_runner.py:245} INFO - ::endgroup::
