[2025-03-28T02:15:12.143+0000] {local_task_job_runner.py:123} INFO - ::group::Pre task execution logs
[2025-03-28T02:15:14.553+0000] {taskinstance.py:2614} INFO - Dependencies all met for dep_context=non-requeueable deps ti=<TaskInstance: load_dbt_clean_reviews_pipeline.dbt_run_transactional scheduled__2024-03-30T00:00:00+00:00 [queued]>
[2025-03-28T02:15:14.829+0000] {taskinstance.py:2614} INFO - Dependencies all met for dep_context=requeueable deps ti=<TaskInstance: load_dbt_clean_reviews_pipeline.dbt_run_transactional scheduled__2024-03-30T00:00:00+00:00 [queued]>
[2025-03-28T02:15:14.829+0000] {taskinstance.py:2867} INFO - Starting attempt 1 of 2
[2025-03-28T02:15:15.016+0000] {taskinstance.py:2890} INFO - Executing <Task(BashOperator): dbt_run_transactional> on 2024-03-30 00:00:00+00:00
[2025-03-28T02:15:15.103+0000] {standard_task_runner.py:72} INFO - Started process 187429 to run task
[2025-03-28T02:15:15.379+0000] {standard_task_runner.py:104} INFO - Running: ['airflow', 'tasks', 'run', 'load_dbt_clean_reviews_pipeline', 'dbt_run_transactional', 'scheduled__2024-03-30T00:00:00+00:00', '--job-id', '2002', '--raw', '--subdir', 'DAGS_FOLDER/dag_load_reviews.py', '--cfg-path', '/tmp/tmpcv305ywc']
[2025-03-28T02:15:15.382+0000] {standard_task_runner.py:105} INFO - Job 2002: Subtask dbt_run_transactional
[2025-03-28T02:15:17.132+0000] {task_command.py:467} INFO - Running <TaskInstance: load_dbt_clean_reviews_pipeline.dbt_run_transactional scheduled__2024-03-30T00:00:00+00:00 [running]> on host DESKTOP-IM7V4RI.
[2025-03-28T02:15:19.292+0000] {taskinstance.py:3134} INFO - Exporting env vars: AIRFLOW_CTX_DAG_OWNER='mohammed' AIRFLOW_CTX_DAG_ID='load_dbt_clean_reviews_pipeline' AIRFLOW_CTX_TASK_ID='dbt_run_transactional' AIRFLOW_CTX_EXECUTION_DATE='2024-03-30T00:00:00+00:00' AIRFLOW_CTX_TRY_NUMBER='1' AIRFLOW_CTX_DAG_RUN_ID='scheduled__2024-03-30T00:00:00+00:00'
[2025-03-28T02:15:19.397+0000] {logging_mixin.py:190} INFO - Task instance is in running state
[2025-03-28T02:15:19.398+0000] {logging_mixin.py:190} INFO -  Previous state of the Task instance: queued
[2025-03-28T02:15:19.399+0000] {logging_mixin.py:190} INFO - Current task name:dbt_run_transactional state:running start_date:2025-03-28 02:15:14.554374+00:00
[2025-03-28T02:15:19.400+0000] {logging_mixin.py:190} INFO - Dag name:load_dbt_clean_reviews_pipeline and current dag run status:running
[2025-03-28T02:15:19.403+0000] {taskinstance.py:732} INFO - ::endgroup::
[2025-03-28T02:15:19.547+0000] {subprocess.py:78} INFO - Tmp dir root location: /tmp
[2025-03-28T02:15:19.647+0000] {subprocess.py:88} INFO - Running command: ['/usr/bin/bash', '-c', 'cd /home/mohammed/.dbt/dbt_projects/bank_reviews_transactional && dbt run']
[2025-03-28T02:15:20.017+0000] {subprocess.py:99} INFO - Output:
[2025-03-28T02:15:50.454+0000] {job.py:229} INFO - Heartbeat recovered after 21.82 seconds
[2025-03-28T02:15:58.013+0000] {job.py:229} INFO - Heartbeat recovered after 23.37 seconds
[2025-03-28T02:16:09.500+0000] {subprocess.py:106} INFO - [0m02:16:09  Running with dbt=1.9.3
[2025-03-28T02:16:12.435+0000] {subprocess.py:106} INFO - [0m02:16:12  Registered adapter: postgres=1.9.0
[2025-03-28T02:16:15.001+0000] {subprocess.py:106} INFO - [0m02:16:15  [[33mWARNING[0m]: Configuration paths exist in your dbt_project.yml file which do not apply to any resources.
[2025-03-28T02:16:15.002+0000] {subprocess.py:106} INFO - There are 1 unused configuration paths:
[2025-03-28T02:16:15.003+0000] {subprocess.py:106} INFO - - models.bank_reviews_transactional.transactional
[2025-03-28T02:16:17.261+0000] {subprocess.py:106} INFO - [0m02:16:17  Found 1 model, 1 source, 433 macros
[2025-03-28T02:16:17.318+0000] {subprocess.py:106} INFO - [0m02:16:17
[2025-03-28T02:16:17.322+0000] {subprocess.py:106} INFO - [0m02:16:17  Concurrency: 4 threads (target='dev')
[2025-03-28T02:16:17.329+0000] {subprocess.py:106} INFO - [0m02:16:17
[2025-03-28T02:16:48.999+0000] {job.py:229} INFO - Heartbeat recovered after 34.19 seconds
[2025-03-28T02:16:49.555+0000] {subprocess.py:106} INFO - [0m02:16:49  1 of 1 START sql table model transactional.clean_reviews ....................... [RUN]
[2025-03-28T02:17:08.891+0000] {subprocess.py:106} INFO - [0m02:17:08  1 of 1 OK created sql table model transactional.clean_reviews .................. [[32mSELECT 153[0m in 19.21s]
[2025-03-28T02:17:09.997+0000] {subprocess.py:106} INFO - [0m02:17:09
[2025-03-28T02:17:10.023+0000] {subprocess.py:106} INFO - [0m02:17:09  Finished running 1 table model in 0 hours 0 minutes and 52.65 seconds (52.65s).
[2025-03-28T02:17:10.334+0000] {subprocess.py:106} INFO - [0m02:17:10
[2025-03-28T02:17:10.353+0000] {subprocess.py:106} INFO - [0m02:17:10  [32mCompleted successfully[0m
[2025-03-28T02:17:10.358+0000] {subprocess.py:106} INFO - [0m02:17:10
[2025-03-28T02:17:10.361+0000] {subprocess.py:106} INFO - [0m02:17:10  Done. PASS=1 WARN=0 ERROR=0 SKIP=0 TOTAL=1
[2025-03-28T02:17:11.670+0000] {job.py:229} INFO - Heartbeat recovered after 43.42 seconds
[2025-03-28T02:17:14.438+0000] {subprocess.py:110} INFO - Command exited with return code 0
[2025-03-28T02:17:15.931+0000] {taskinstance.py:341} INFO - ::group::Post task execution logs
[2025-03-28T02:17:15.960+0000] {taskinstance.py:353} INFO - Marking task as SUCCESS. dag_id=load_dbt_clean_reviews_pipeline, task_id=dbt_run_transactional, run_id=scheduled__2024-03-30T00:00:00+00:00, execution_date=20240330T000000, start_date=20250328T021514, end_date=20250328T021715
[2025-03-28T02:17:16.571+0000] {logging_mixin.py:190} INFO - Task instance in success state
[2025-03-28T02:17:16.573+0000] {logging_mixin.py:190} INFO -  Previous state of the Task instance: running
[2025-03-28T02:17:16.573+0000] {logging_mixin.py:190} INFO - Dag name:load_dbt_clean_reviews_pipeline queued_at:2025-03-28 02:14:54.769660+00:00
[2025-03-28T02:17:16.574+0000] {logging_mixin.py:190} INFO - Task hostname:DESKTOP-IM7V4RI. operator:BashOperator
[2025-03-28T02:17:16.698+0000] {local_task_job_runner.py:266} INFO - Task exited with return code 0
[2025-03-28T02:17:17.793+0000] {taskinstance.py:3901} INFO - 1 downstream tasks scheduled from follow-on schedule check
[2025-03-28T02:17:17.805+0000] {local_task_job_runner.py:245} INFO - ::endgroup::
