[2025-03-28T02:18:52.190+0000] {local_task_job_runner.py:123} INFO - ::group::Pre task execution logs
[2025-03-28T02:18:52.324+0000] {taskinstance.py:2614} INFO - Dependencies all met for dep_context=non-requeueable deps ti=<TaskInstance: load_dbt_clean_reviews_pipeline.dbt_run_transactional scheduled__2024-04-19T00:00:00+00:00 [queued]>
[2025-03-28T02:18:52.367+0000] {taskinstance.py:2614} INFO - Dependencies all met for dep_context=requeueable deps ti=<TaskInstance: load_dbt_clean_reviews_pipeline.dbt_run_transactional scheduled__2024-04-19T00:00:00+00:00 [queued]>
[2025-03-28T02:18:52.367+0000] {taskinstance.py:2867} INFO - Starting attempt 1 of 2
[2025-03-28T02:18:52.477+0000] {taskinstance.py:2890} INFO - Executing <Task(BashOperator): dbt_run_transactional> on 2024-04-19 00:00:00+00:00
[2025-03-28T02:18:52.514+0000] {standard_task_runner.py:72} INFO - Started process 190520 to run task
[2025-03-28T02:18:52.565+0000] {standard_task_runner.py:104} INFO - Running: ['airflow', 'tasks', 'run', 'load_dbt_clean_reviews_pipeline', 'dbt_run_transactional', 'scheduled__2024-04-19T00:00:00+00:00', '--job-id', '2023', '--raw', '--subdir', 'DAGS_FOLDER/dag_load_reviews.py', '--cfg-path', '/tmp/tmpaqyv_pyp']
[2025-03-28T02:18:52.581+0000] {standard_task_runner.py:105} INFO - Job 2023: Subtask dbt_run_transactional
[2025-03-28T02:18:53.073+0000] {task_command.py:467} INFO - Running <TaskInstance: load_dbt_clean_reviews_pipeline.dbt_run_transactional scheduled__2024-04-19T00:00:00+00:00 [running]> on host DESKTOP-IM7V4RI.
[2025-03-28T02:18:53.765+0000] {taskinstance.py:3134} INFO - Exporting env vars: AIRFLOW_CTX_DAG_OWNER='mohammed' AIRFLOW_CTX_DAG_ID='load_dbt_clean_reviews_pipeline' AIRFLOW_CTX_TASK_ID='dbt_run_transactional' AIRFLOW_CTX_EXECUTION_DATE='2024-04-19T00:00:00+00:00' AIRFLOW_CTX_TRY_NUMBER='1' AIRFLOW_CTX_DAG_RUN_ID='scheduled__2024-04-19T00:00:00+00:00'
[2025-03-28T02:18:53.767+0000] {logging_mixin.py:190} INFO - Task instance is in running state
[2025-03-28T02:18:53.768+0000] {logging_mixin.py:190} INFO -  Previous state of the Task instance: queued
[2025-03-28T02:18:53.769+0000] {logging_mixin.py:190} INFO - Current task name:dbt_run_transactional state:running start_date:2025-03-28 02:18:52.325360+00:00
[2025-03-28T02:18:53.769+0000] {logging_mixin.py:190} INFO - Dag name:load_dbt_clean_reviews_pipeline and current dag run status:running
[2025-03-28T02:18:53.770+0000] {taskinstance.py:732} INFO - ::endgroup::
[2025-03-28T02:18:53.771+0000] {subprocess.py:78} INFO - Tmp dir root location: /tmp
[2025-03-28T02:18:53.789+0000] {subprocess.py:88} INFO - Running command: ['/usr/bin/bash', '-c', 'cd /home/mohammed/.dbt/dbt_projects/bank_reviews_transactional && dbt run']
[2025-03-28T02:18:53.837+0000] {subprocess.py:99} INFO - Output:
[2025-03-28T02:19:07.209+0000] {subprocess.py:106} INFO - [0m02:19:07  Running with dbt=1.9.3
[2025-03-28T02:19:09.167+0000] {subprocess.py:106} INFO - [0m02:19:09  Registered adapter: postgres=1.9.0
[2025-03-28T02:19:10.824+0000] {subprocess.py:106} INFO - [0m02:19:10  [[33mWARNING[0m]: Configuration paths exist in your dbt_project.yml file which do not apply to any resources.
[2025-03-28T02:19:10.825+0000] {subprocess.py:106} INFO - There are 1 unused configuration paths:
[2025-03-28T02:19:10.826+0000] {subprocess.py:106} INFO - - models.bank_reviews_transactional.transactional
[2025-03-28T02:19:11.999+0000] {subprocess.py:106} INFO - [0m02:19:11  Found 1 model, 1 source, 433 macros
[2025-03-28T02:19:12.006+0000] {subprocess.py:106} INFO - [0m02:19:12
[2025-03-28T02:19:12.017+0000] {subprocess.py:106} INFO - [0m02:19:12  Concurrency: 4 threads (target='dev')
[2025-03-28T02:19:12.019+0000] {subprocess.py:106} INFO - [0m02:19:12
[2025-03-28T02:19:13.842+0000] {subprocess.py:106} INFO - [0m02:19:13  1 of 1 START sql table model transactional.clean_reviews ....................... [RUN]
[2025-03-28T02:19:15.907+0000] {subprocess.py:106} INFO - [0m02:19:15  1 of 1 ERROR creating sql table model transactional.clean_reviews .............. [[31mERROR[0m in 2.05s]
[2025-03-28T02:19:16.039+0000] {subprocess.py:106} INFO - [0m02:19:16
[2025-03-28T02:19:16.041+0000] {subprocess.py:106} INFO - [0m02:19:16  Finished running 1 table model in 0 hours 0 minutes and 3.99 seconds (3.99s).
[2025-03-28T02:19:16.292+0000] {subprocess.py:106} INFO - [0m02:19:16
[2025-03-28T02:19:16.313+0000] {subprocess.py:106} INFO - [0m02:19:16  [31mCompleted with 1 error, 0 partial successes, and 0 warnings:[0m
[2025-03-28T02:19:16.317+0000] {subprocess.py:106} INFO - [0m02:19:16
[2025-03-28T02:19:16.321+0000] {subprocess.py:106} INFO - [0m02:19:16    Database Error in model clean_reviews (models/clean_reviews.sql)
[2025-03-28T02:19:16.322+0000] {subprocess.py:106} INFO -   relation "clean_reviews__dbt_backup" already exists
[2025-03-28T02:19:16.323+0000] {subprocess.py:106} INFO -   compiled code at target/run/bank_reviews_transactional/models/clean_reviews.sql
[2025-03-28T02:19:16.326+0000] {subprocess.py:106} INFO - [0m02:19:16
[2025-03-28T02:19:16.328+0000] {subprocess.py:106} INFO - [0m02:19:16  Done. PASS=0 WARN=0 ERROR=1 SKIP=0 TOTAL=1
[2025-03-28T02:19:18.974+0000] {subprocess.py:110} INFO - Command exited with return code 1
[2025-03-28T02:19:19.058+0000] {taskinstance.py:3313} ERROR - Task failed with exception
Traceback (most recent call last):
  File "/home/mohammed/venv/lib/python3.11/site-packages/airflow/models/taskinstance.py", line 768, in _execute_task
    result = _execute_callable(context=context, **execute_callable_kwargs)
             ^^^^^^^^^^^^^^^^^^^^^^^^^^^^^^^^^^^^^^^^^^^^^^^^^^^^^^^^^^^^^
  File "/home/mohammed/venv/lib/python3.11/site-packages/airflow/models/taskinstance.py", line 734, in _execute_callable
    return ExecutionCallableRunner(
           ^^^^^^^^^^^^^^^^^^^^^^^^
  File "/home/mohammed/venv/lib/python3.11/site-packages/airflow/utils/operator_helpers.py", line 252, in run
    return self.func(*args, **kwargs)
           ^^^^^^^^^^^^^^^^^^^^^^^^^^
  File "/home/mohammed/venv/lib/python3.11/site-packages/airflow/models/baseoperator.py", line 424, in wrapper
    return func(self, *args, **kwargs)
           ^^^^^^^^^^^^^^^^^^^^^^^^^^^
  File "/home/mohammed/venv/lib/python3.11/site-packages/airflow/operators/bash.py", line 276, in execute
    raise AirflowException(
airflow.exceptions.AirflowException: Bash command failed. The command returned a non-zero exit code 1.
[2025-03-28T02:19:19.205+0000] {logging_mixin.py:190} INFO - Task instance in failure state
[2025-03-28T02:19:19.206+0000] {logging_mixin.py:190} INFO - Task start:2025-03-28 02:18:52.325360+00:00 end:2025-03-28 02:19:19.198359+00:00 duration:26.872999
[2025-03-28T02:19:19.210+0000] {logging_mixin.py:190} INFO - Task:<Task(BashOperator): dbt_run_transactional> dag:<DAG: load_dbt_clean_reviews_pipeline> dagrun:<DagRun load_dbt_clean_reviews_pipeline @ 2024-04-19 00:00:00+00:00: scheduled__2024-04-19T00:00:00+00:00, state:running, queued_at: 2025-03-28 02:18:49.440904+00:00. externally triggered: False>
[2025-03-28T02:19:19.215+0000] {logging_mixin.py:190} INFO - Failure caused by Bash command failed. The command returned a non-zero exit code 1.
[2025-03-28T02:19:19.237+0000] {taskinstance.py:1226} INFO - Marking task as UP_FOR_RETRY. dag_id=load_dbt_clean_reviews_pipeline, task_id=dbt_run_transactional, run_id=scheduled__2024-04-19T00:00:00+00:00, execution_date=20240419T000000, start_date=20250328T021852, end_date=20250328T021919
[2025-03-28T02:19:19.842+0000] {taskinstance.py:341} INFO - ::group::Post task execution logs
[2025-03-28T02:19:19.845+0000] {standard_task_runner.py:124} ERROR - Failed to execute job 2023 for task dbt_run_transactional (Bash command failed. The command returned a non-zero exit code 1.; 190520)
Traceback (most recent call last):
  File "/home/mohammed/venv/lib/python3.11/site-packages/airflow/task/task_runner/standard_task_runner.py", line 117, in _start_by_fork
    ret = args.func(args, dag=self.dag)
          ^^^^^^^^^^^^^^^^^^^^^^^^^^^^^
  File "/home/mohammed/venv/lib/python3.11/site-packages/airflow/cli/cli_config.py", line 49, in command
    return func(*args, **kwargs)
           ^^^^^^^^^^^^^^^^^^^^^
  File "/home/mohammed/venv/lib/python3.11/site-packages/airflow/utils/cli.py", line 116, in wrapper
    return f(*args, **kwargs)
           ^^^^^^^^^^^^^^^^^^
  File "/home/mohammed/venv/lib/python3.11/site-packages/airflow/cli/commands/task_command.py", line 483, in task_run
    task_return_code = _run_task_by_selected_method(args, _dag, ti)
                       ^^^^^^^^^^^^^^^^^^^^^^^^^^^^^^^^^^^^^^^^^^^^
  File "/home/mohammed/venv/lib/python3.11/site-packages/airflow/cli/commands/task_command.py", line 256, in _run_task_by_selected_method
    return _run_raw_task(args, ti)
           ^^^^^^^^^^^^^^^^^^^^^^^
  File "/home/mohammed/venv/lib/python3.11/site-packages/airflow/cli/commands/task_command.py", line 341, in _run_raw_task
    return ti._run_raw_task(
           ^^^^^^^^^^^^^^^^^
  File "/home/mohammed/venv/lib/python3.11/site-packages/airflow/utils/session.py", line 97, in wrapper
    return func(*args, session=session, **kwargs)
           ^^^^^^^^^^^^^^^^^^^^^^^^^^^^^^^^^^^^^^
  File "/home/mohammed/venv/lib/python3.11/site-packages/airflow/models/taskinstance.py", line 3006, in _run_raw_task
    return _run_raw_task(
           ^^^^^^^^^^^^^^
  File "/home/mohammed/venv/lib/python3.11/site-packages/airflow/models/taskinstance.py", line 274, in _run_raw_task
    TaskInstance._execute_task_with_callbacks(
  File "/home/mohammed/venv/lib/python3.11/site-packages/airflow/models/taskinstance.py", line 3161, in _execute_task_with_callbacks
    result = self._execute_task(context, task_orig)
             ^^^^^^^^^^^^^^^^^^^^^^^^^^^^^^^^^^^^^^
  File "/home/mohammed/venv/lib/python3.11/site-packages/airflow/models/taskinstance.py", line 3185, in _execute_task
    return _execute_task(self, context, task_orig)
           ^^^^^^^^^^^^^^^^^^^^^^^^^^^^^^^^^^^^^^^
  File "/home/mohammed/venv/lib/python3.11/site-packages/airflow/models/taskinstance.py", line 768, in _execute_task
    result = _execute_callable(context=context, **execute_callable_kwargs)
             ^^^^^^^^^^^^^^^^^^^^^^^^^^^^^^^^^^^^^^^^^^^^^^^^^^^^^^^^^^^^^
  File "/home/mohammed/venv/lib/python3.11/site-packages/airflow/models/taskinstance.py", line 734, in _execute_callable
    return ExecutionCallableRunner(
           ^^^^^^^^^^^^^^^^^^^^^^^^
  File "/home/mohammed/venv/lib/python3.11/site-packages/airflow/utils/operator_helpers.py", line 252, in run
    return self.func(*args, **kwargs)
           ^^^^^^^^^^^^^^^^^^^^^^^^^^
  File "/home/mohammed/venv/lib/python3.11/site-packages/airflow/models/baseoperator.py", line 424, in wrapper
    return func(self, *args, **kwargs)
           ^^^^^^^^^^^^^^^^^^^^^^^^^^^
  File "/home/mohammed/venv/lib/python3.11/site-packages/airflow/operators/bash.py", line 276, in execute
    raise AirflowException(
airflow.exceptions.AirflowException: Bash command failed. The command returned a non-zero exit code 1.
[2025-03-28T02:19:19.958+0000] {local_task_job_runner.py:266} INFO - Task exited with return code 1
[2025-03-28T02:19:20.275+0000] {taskinstance.py:3901} INFO - 0 downstream tasks scheduled from follow-on schedule check
[2025-03-28T02:19:20.307+0000] {local_task_job_runner.py:245} INFO - ::endgroup::
