[2025-03-18T18:27:20.659+0000] {local_task_job_runner.py:123} INFO - ::group::Pre task execution logs
[2025-03-18T18:27:20.846+0000] {taskinstance.py:2614} INFO - Dependencies all met for dep_context=non-requeueable deps ti=<TaskInstance: load_dbt_clean_reviews_pipeline.dbt_run scheduled__2024-11-10T00:00:00+00:00 [queued]>
[2025-03-18T18:27:20.926+0000] {taskinstance.py:2614} INFO - Dependencies all met for dep_context=requeueable deps ti=<TaskInstance: load_dbt_clean_reviews_pipeline.dbt_run scheduled__2024-11-10T00:00:00+00:00 [queued]>
[2025-03-18T18:27:20.926+0000] {taskinstance.py:2867} INFO - Starting attempt 1 of 2
[2025-03-18T18:27:21.538+0000] {taskinstance.py:2890} INFO - Executing <Task(BashOperator): dbt_run> on 2024-11-10 00:00:00+00:00
[2025-03-18T18:27:21.575+0000] {standard_task_runner.py:72} INFO - Started process 21811 to run task
[2025-03-18T18:27:21.596+0000] {standard_task_runner.py:104} INFO - Running: ['airflow', 'tasks', 'run', 'load_dbt_clean_reviews_pipeline', 'dbt_run', 'scheduled__2024-11-10T00:00:00+00:00', '--job-id', '1065', '--raw', '--subdir', 'DAGS_FOLDER/dag_load_reviews.py', '--cfg-path', '/tmp/tmp0aees8do']
[2025-03-18T18:27:21.599+0000] {standard_task_runner.py:105} INFO - Job 1065: Subtask dbt_run
[2025-03-18T18:27:22.371+0000] {task_command.py:467} INFO - Running <TaskInstance: load_dbt_clean_reviews_pipeline.dbt_run scheduled__2024-11-10T00:00:00+00:00 [running]> on host DESKTOP-IM7V4RI.
[2025-03-18T18:27:23.635+0000] {taskinstance.py:3134} INFO - Exporting env vars: AIRFLOW_CTX_DAG_OWNER='mohammed' AIRFLOW_CTX_DAG_ID='load_dbt_clean_reviews_pipeline' AIRFLOW_CTX_TASK_ID='dbt_run' AIRFLOW_CTX_EXECUTION_DATE='2024-11-10T00:00:00+00:00' AIRFLOW_CTX_TRY_NUMBER='1' AIRFLOW_CTX_DAG_RUN_ID='scheduled__2024-11-10T00:00:00+00:00'
[2025-03-18T18:27:23.637+0000] {logging_mixin.py:190} INFO - Task instance is in running state
[2025-03-18T18:27:23.638+0000] {logging_mixin.py:190} INFO -  Previous state of the Task instance: queued
[2025-03-18T18:27:23.639+0000] {logging_mixin.py:190} INFO - Current task name:dbt_run state:running start_date:2025-03-18 18:27:20.847703+00:00
[2025-03-18T18:27:23.639+0000] {logging_mixin.py:190} INFO - Dag name:load_dbt_clean_reviews_pipeline and current dag run status:running
[2025-03-18T18:27:23.640+0000] {taskinstance.py:732} INFO - ::endgroup::
[2025-03-18T18:27:23.641+0000] {subprocess.py:78} INFO - Tmp dir root location: /tmp
[2025-03-18T18:27:23.644+0000] {subprocess.py:88} INFO - Running command: ['/usr/bin/bash', '-c', 'cd /home/mohammed/.dbt/dbt_projects/bank_reviews_transactional && dbt run']
[2025-03-18T18:27:23.770+0000] {subprocess.py:99} INFO - Output:
[2025-03-18T18:27:40.432+0000] {subprocess.py:106} INFO - [0m18:27:40  Running with dbt=1.9.3
[2025-03-18T18:27:42.836+0000] {subprocess.py:106} INFO - [0m18:27:42  Registered adapter: postgres=1.9.0
[2025-03-18T18:27:44.131+0000] {subprocess.py:106} INFO - [0m18:27:44  [[33mWARNING[0m]: Configuration paths exist in your dbt_project.yml file which do not apply to any resources.
[2025-03-18T18:27:44.133+0000] {subprocess.py:106} INFO - There are 1 unused configuration paths:
[2025-03-18T18:27:44.134+0000] {subprocess.py:106} INFO - - models.bank_reviews_transactional.transactional
[2025-03-18T18:27:45.110+0000] {subprocess.py:106} INFO - [0m18:27:45  Found 1 model, 1 source, 433 macros
[2025-03-18T18:27:45.121+0000] {subprocess.py:106} INFO - [0m18:27:45
[2025-03-18T18:27:45.124+0000] {subprocess.py:106} INFO - [0m18:27:45  Concurrency: 4 threads (target='dev')
[2025-03-18T18:27:45.126+0000] {subprocess.py:106} INFO - [0m18:27:45
[2025-03-18T18:27:46.009+0000] {subprocess.py:106} INFO - [0m18:27:46  1 of 1 START sql table model transactional.clean_reviews ....................... [RUN]
[2025-03-18T18:27:47.543+0000] {subprocess.py:106} INFO - [0m18:27:47  1 of 1 OK created sql table model transactional.clean_reviews .................. [[32mSELECT 549[0m in 1.52s]
[2025-03-18T18:27:47.798+0000] {subprocess.py:106} INFO - [0m18:27:47
[2025-03-18T18:27:47.811+0000] {subprocess.py:106} INFO - [0m18:27:47  Finished running 1 table model in 0 hours 0 minutes and 2.67 seconds (2.67s).
[2025-03-18T18:27:48.217+0000] {subprocess.py:106} INFO - [0m18:27:48
[2025-03-18T18:27:48.233+0000] {subprocess.py:106} INFO - [0m18:27:48  [32mCompleted successfully[0m
[2025-03-18T18:27:48.238+0000] {subprocess.py:106} INFO - [0m18:27:48
[2025-03-18T18:27:48.242+0000] {subprocess.py:106} INFO - [0m18:27:48  Done. PASS=1 WARN=0 ERROR=0 SKIP=0 TOTAL=1
[2025-03-18T18:27:51.699+0000] {subprocess.py:110} INFO - Command exited with return code 0
[2025-03-18T18:27:51.899+0000] {taskinstance.py:341} INFO - ::group::Post task execution logs
[2025-03-18T18:27:51.901+0000] {taskinstance.py:353} INFO - Marking task as SUCCESS. dag_id=load_dbt_clean_reviews_pipeline, task_id=dbt_run, run_id=scheduled__2024-11-10T00:00:00+00:00, execution_date=20241110T000000, start_date=20250318T182720, end_date=20250318T182751
[2025-03-18T18:27:52.057+0000] {logging_mixin.py:190} INFO - Task instance in success state
[2025-03-18T18:27:52.057+0000] {logging_mixin.py:190} INFO -  Previous state of the Task instance: running
[2025-03-18T18:27:52.058+0000] {logging_mixin.py:190} INFO - Dag name:load_dbt_clean_reviews_pipeline queued_at:2025-03-18 18:27:15.331290+00:00
[2025-03-18T18:27:52.059+0000] {logging_mixin.py:190} INFO - Task hostname:DESKTOP-IM7V4RI. operator:BashOperator
[2025-03-18T18:27:52.087+0000] {local_task_job_runner.py:266} INFO - Task exited with return code 0
[2025-03-18T18:27:52.170+0000] {taskinstance.py:3901} INFO - 0 downstream tasks scheduled from follow-on schedule check
[2025-03-18T18:27:52.182+0000] {local_task_job_runner.py:245} INFO - ::endgroup::
