[2025-03-18T18:33:58.984+0000] {local_task_job_runner.py:123} INFO - ::group::Pre task execution logs
[2025-03-18T18:33:59.197+0000] {taskinstance.py:2614} INFO - Dependencies all met for dep_context=non-requeueable deps ti=<TaskInstance: load_dbt_clean_reviews_pipeline.dbt_run scheduled__2025-02-01T00:00:00+00:00 [queued]>
[2025-03-18T18:33:59.317+0000] {taskinstance.py:2614} INFO - Dependencies all met for dep_context=requeueable deps ti=<TaskInstance: load_dbt_clean_reviews_pipeline.dbt_run scheduled__2025-02-01T00:00:00+00:00 [queued]>
[2025-03-18T18:33:59.318+0000] {taskinstance.py:2867} INFO - Starting attempt 1 of 2
[2025-03-18T18:33:59.401+0000] {taskinstance.py:2890} INFO - Executing <Task(BashOperator): dbt_run> on 2025-02-01 00:00:00+00:00
[2025-03-18T18:33:59.426+0000] {standard_task_runner.py:72} INFO - Started process 29983 to run task
[2025-03-18T18:33:59.473+0000] {standard_task_runner.py:104} INFO - Running: ['airflow', 'tasks', 'run', 'load_dbt_clean_reviews_pipeline', 'dbt_run', 'scheduled__2025-02-01T00:00:00+00:00', '--job-id', '1153', '--raw', '--subdir', 'DAGS_FOLDER/dag_load_reviews.py', '--cfg-path', '/tmp/tmpew9ycp8i']
[2025-03-18T18:33:59.475+0000] {standard_task_runner.py:105} INFO - Job 1153: Subtask dbt_run
[2025-03-18T18:34:00.058+0000] {task_command.py:467} INFO - Running <TaskInstance: load_dbt_clean_reviews_pipeline.dbt_run scheduled__2025-02-01T00:00:00+00:00 [running]> on host DESKTOP-IM7V4RI.
[2025-03-18T18:34:01.177+0000] {taskinstance.py:3134} INFO - Exporting env vars: AIRFLOW_CTX_DAG_OWNER='mohammed' AIRFLOW_CTX_DAG_ID='load_dbt_clean_reviews_pipeline' AIRFLOW_CTX_TASK_ID='dbt_run' AIRFLOW_CTX_EXECUTION_DATE='2025-02-01T00:00:00+00:00' AIRFLOW_CTX_TRY_NUMBER='1' AIRFLOW_CTX_DAG_RUN_ID='scheduled__2025-02-01T00:00:00+00:00'
[2025-03-18T18:34:01.179+0000] {logging_mixin.py:190} INFO - Task instance is in running state
[2025-03-18T18:34:01.180+0000] {logging_mixin.py:190} INFO -  Previous state of the Task instance: queued
[2025-03-18T18:34:01.180+0000] {logging_mixin.py:190} INFO - Current task name:dbt_run state:running start_date:2025-03-18 18:33:59.198420+00:00
[2025-03-18T18:34:01.181+0000] {logging_mixin.py:190} INFO - Dag name:load_dbt_clean_reviews_pipeline and current dag run status:running
[2025-03-18T18:34:01.182+0000] {taskinstance.py:732} INFO - ::endgroup::
[2025-03-18T18:34:01.184+0000] {subprocess.py:78} INFO - Tmp dir root location: /tmp
[2025-03-18T18:34:01.187+0000] {subprocess.py:88} INFO - Running command: ['/usr/bin/bash', '-c', 'cd /home/mohammed/.dbt/dbt_projects/bank_reviews_transactional && dbt run']
[2025-03-18T18:34:01.240+0000] {subprocess.py:99} INFO - Output:
[2025-03-18T18:34:20.895+0000] {subprocess.py:106} INFO - [0m18:34:20  Running with dbt=1.9.3
[2025-03-18T18:34:24.014+0000] {subprocess.py:106} INFO - [0m18:34:24  Registered adapter: postgres=1.9.0
[2025-03-18T18:34:27.249+0000] {subprocess.py:106} INFO - [0m18:34:27  [[33mWARNING[0m]: Configuration paths exist in your dbt_project.yml file which do not apply to any resources.
[2025-03-18T18:34:27.251+0000] {subprocess.py:106} INFO - There are 1 unused configuration paths:
[2025-03-18T18:34:27.255+0000] {subprocess.py:106} INFO - - models.bank_reviews_transactional.transactional
[2025-03-18T18:34:30.110+0000] {subprocess.py:106} INFO - [0m18:34:30  Found 1 model, 1 source, 433 macros
[2025-03-18T18:34:30.137+0000] {subprocess.py:106} INFO - [0m18:34:30
[2025-03-18T18:34:30.138+0000] {subprocess.py:106} INFO - [0m18:34:30  Concurrency: 4 threads (target='dev')
[2025-03-18T18:34:30.142+0000] {subprocess.py:106} INFO - [0m18:34:30
[2025-03-18T18:34:31.451+0000] {subprocess.py:106} INFO - [0m18:34:31  1 of 1 START sql table model transactional.clean_reviews ....................... [RUN]
[2025-03-18T18:34:37.696+0000] {subprocess.py:106} INFO - [0m18:34:37  1 of 1 OK created sql table model transactional.clean_reviews .................. [[32mSELECT 549[0m in 6.24s]
[2025-03-18T18:34:37.767+0000] {subprocess.py:106} INFO - [0m18:34:37
[2025-03-18T18:34:37.772+0000] {subprocess.py:106} INFO - [0m18:34:37  Finished running 1 table model in 0 hours 0 minutes and 7.63 seconds (7.63s).
[2025-03-18T18:34:37.936+0000] {subprocess.py:106} INFO - [0m18:34:37
[2025-03-18T18:34:37.937+0000] {subprocess.py:106} INFO - [0m18:34:37  [32mCompleted successfully[0m
[2025-03-18T18:34:37.938+0000] {subprocess.py:106} INFO - [0m18:34:37
[2025-03-18T18:34:37.939+0000] {subprocess.py:106} INFO - [0m18:34:37  Done. PASS=1 WARN=0 ERROR=0 SKIP=0 TOTAL=1
[2025-03-18T18:34:48.536+0000] {subprocess.py:110} INFO - Command exited with return code 0
[2025-03-18T18:34:49.458+0000] {taskinstance.py:341} INFO - ::group::Post task execution logs
[2025-03-18T18:34:49.464+0000] {taskinstance.py:353} INFO - Marking task as SUCCESS. dag_id=load_dbt_clean_reviews_pipeline, task_id=dbt_run, run_id=scheduled__2025-02-01T00:00:00+00:00, execution_date=20250201T000000, start_date=20250318T183359, end_date=20250318T183449
[2025-03-18T18:34:49.816+0000] {logging_mixin.py:190} INFO - Task instance in success state
[2025-03-18T18:34:49.817+0000] {logging_mixin.py:190} INFO -  Previous state of the Task instance: running
[2025-03-18T18:34:49.827+0000] {logging_mixin.py:190} INFO - Dag name:load_dbt_clean_reviews_pipeline queued_at:2025-03-18 18:33:47.948209+00:00
[2025-03-18T18:34:49.828+0000] {logging_mixin.py:190} INFO - Task hostname:DESKTOP-IM7V4RI. operator:BashOperator
[2025-03-18T18:34:49.946+0000] {local_task_job_runner.py:266} INFO - Task exited with return code 0
[2025-03-18T18:34:50.196+0000] {taskinstance.py:3901} INFO - 0 downstream tasks scheduled from follow-on schedule check
[2025-03-18T18:34:50.213+0000] {local_task_job_runner.py:245} INFO - ::endgroup::
