[2025-03-18T18:31:00.716+0000] {local_task_job_runner.py:123} INFO - ::group::Pre task execution logs
[2025-03-18T18:31:00.838+0000] {taskinstance.py:2614} INFO - Dependencies all met for dep_context=non-requeueable deps ti=<TaskInstance: load_dbt_clean_reviews_pipeline.dbt_run scheduled__2024-12-23T00:00:00+00:00 [queued]>
[2025-03-18T18:31:00.880+0000] {taskinstance.py:2614} INFO - Dependencies all met for dep_context=requeueable deps ti=<TaskInstance: load_dbt_clean_reviews_pipeline.dbt_run scheduled__2024-12-23T00:00:00+00:00 [queued]>
[2025-03-18T18:31:00.901+0000] {taskinstance.py:2867} INFO - Starting attempt 1 of 2
[2025-03-18T18:31:00.985+0000] {taskinstance.py:2890} INFO - Executing <Task(BashOperator): dbt_run> on 2024-12-23 00:00:00+00:00
[2025-03-18T18:31:01.024+0000] {standard_task_runner.py:72} INFO - Started process 26093 to run task
[2025-03-18T18:31:01.086+0000] {standard_task_runner.py:104} INFO - Running: ['airflow', 'tasks', 'run', 'load_dbt_clean_reviews_pipeline', 'dbt_run', 'scheduled__2024-12-23T00:00:00+00:00', '--job-id', '1111', '--raw', '--subdir', 'DAGS_FOLDER/dag_load_reviews.py', '--cfg-path', '/tmp/tmp1ic53zk9']
[2025-03-18T18:31:01.088+0000] {standard_task_runner.py:105} INFO - Job 1111: Subtask dbt_run
[2025-03-18T18:31:01.621+0000] {task_command.py:467} INFO - Running <TaskInstance: load_dbt_clean_reviews_pipeline.dbt_run scheduled__2024-12-23T00:00:00+00:00 [running]> on host DESKTOP-IM7V4RI.
[2025-03-18T18:31:02.807+0000] {taskinstance.py:3134} INFO - Exporting env vars: AIRFLOW_CTX_DAG_OWNER='mohammed' AIRFLOW_CTX_DAG_ID='load_dbt_clean_reviews_pipeline' AIRFLOW_CTX_TASK_ID='dbt_run' AIRFLOW_CTX_EXECUTION_DATE='2024-12-23T00:00:00+00:00' AIRFLOW_CTX_TRY_NUMBER='1' AIRFLOW_CTX_DAG_RUN_ID='scheduled__2024-12-23T00:00:00+00:00'
[2025-03-18T18:31:02.816+0000] {logging_mixin.py:190} INFO - Task instance is in running state
[2025-03-18T18:31:02.817+0000] {logging_mixin.py:190} INFO -  Previous state of the Task instance: queued
[2025-03-18T18:31:02.818+0000] {logging_mixin.py:190} INFO - Current task name:dbt_run state:running start_date:2025-03-18 18:31:00.840199+00:00
[2025-03-18T18:31:02.818+0000] {logging_mixin.py:190} INFO - Dag name:load_dbt_clean_reviews_pipeline and current dag run status:running
[2025-03-18T18:31:02.819+0000] {taskinstance.py:732} INFO - ::endgroup::
[2025-03-18T18:31:02.841+0000] {subprocess.py:78} INFO - Tmp dir root location: /tmp
[2025-03-18T18:31:02.842+0000] {subprocess.py:88} INFO - Running command: ['/usr/bin/bash', '-c', 'cd /home/mohammed/.dbt/dbt_projects/bank_reviews_transactional && dbt run']
[2025-03-18T18:31:02.934+0000] {subprocess.py:99} INFO - Output:
[2025-03-18T18:31:20.263+0000] {subprocess.py:106} INFO - [0m18:31:20  Running with dbt=1.9.3
[2025-03-18T18:31:24.630+0000] {subprocess.py:106} INFO - [0m18:31:24  Registered adapter: postgres=1.9.0
[2025-03-18T18:31:26.993+0000] {subprocess.py:106} INFO - [0m18:31:26  [[33mWARNING[0m]: Configuration paths exist in your dbt_project.yml file which do not apply to any resources.
[2025-03-18T18:31:26.994+0000] {subprocess.py:106} INFO - There are 1 unused configuration paths:
[2025-03-18T18:31:26.995+0000] {subprocess.py:106} INFO - - models.bank_reviews_transactional.transactional
[2025-03-18T18:31:29.010+0000] {subprocess.py:106} INFO - [0m18:31:29  Found 1 model, 1 source, 433 macros
[2025-03-18T18:31:29.038+0000] {subprocess.py:106} INFO - [0m18:31:29
[2025-03-18T18:31:29.046+0000] {subprocess.py:106} INFO - [0m18:31:29  Concurrency: 4 threads (target='dev')
[2025-03-18T18:31:29.065+0000] {subprocess.py:106} INFO - [0m18:31:29
[2025-03-18T18:31:30.533+0000] {subprocess.py:106} INFO - [0m18:31:30  1 of 1 START sql table model transactional.clean_reviews ....................... [RUN]
[2025-03-18T18:31:33.929+0000] {subprocess.py:106} INFO - [0m18:31:33  1 of 1 OK created sql table model transactional.clean_reviews .................. [[32mSELECT 549[0m in 3.38s]
[2025-03-18T18:31:34.052+0000] {subprocess.py:106} INFO - [0m18:31:34
[2025-03-18T18:31:34.055+0000] {subprocess.py:106} INFO - [0m18:31:34  Finished running 1 table model in 0 hours 0 minutes and 4.98 seconds (4.98s).
[2025-03-18T18:31:34.301+0000] {subprocess.py:106} INFO - [0m18:31:34
[2025-03-18T18:31:34.311+0000] {subprocess.py:106} INFO - [0m18:31:34  [32mCompleted successfully[0m
[2025-03-18T18:31:34.313+0000] {subprocess.py:106} INFO - [0m18:31:34
[2025-03-18T18:31:34.339+0000] {subprocess.py:106} INFO - [0m18:31:34  Done. PASS=1 WARN=0 ERROR=0 SKIP=0 TOTAL=1
[2025-03-18T18:31:36.997+0000] {subprocess.py:110} INFO - Command exited with return code 0
[2025-03-18T18:31:37.231+0000] {taskinstance.py:341} INFO - ::group::Post task execution logs
[2025-03-18T18:31:37.233+0000] {taskinstance.py:353} INFO - Marking task as SUCCESS. dag_id=load_dbt_clean_reviews_pipeline, task_id=dbt_run, run_id=scheduled__2024-12-23T00:00:00+00:00, execution_date=20241223T000000, start_date=20250318T183100, end_date=20250318T183137
[2025-03-18T18:31:37.877+0000] {logging_mixin.py:190} INFO - Task instance in success state
[2025-03-18T18:31:37.886+0000] {logging_mixin.py:190} INFO -  Previous state of the Task instance: running
[2025-03-18T18:31:37.887+0000] {logging_mixin.py:190} INFO - Dag name:load_dbt_clean_reviews_pipeline queued_at:2025-03-18 18:30:52.117075+00:00
[2025-03-18T18:31:37.888+0000] {logging_mixin.py:190} INFO - Task hostname:DESKTOP-IM7V4RI. operator:BashOperator
[2025-03-18T18:31:37.950+0000] {local_task_job_runner.py:266} INFO - Task exited with return code 0
[2025-03-18T18:31:38.087+0000] {taskinstance.py:3901} INFO - 0 downstream tasks scheduled from follow-on schedule check
[2025-03-18T18:31:38.097+0000] {local_task_job_runner.py:245} INFO - ::endgroup::
