[2025-03-18T18:29:30.682+0000] {local_task_job_runner.py:123} INFO - ::group::Pre task execution logs
[2025-03-18T18:29:30.790+0000] {taskinstance.py:2614} INFO - Dependencies all met for dep_context=non-requeueable deps ti=<TaskInstance: load_dbt_clean_reviews_pipeline.dbt_run scheduled__2024-12-11T00:00:00+00:00 [queued]>
[2025-03-18T18:29:30.824+0000] {taskinstance.py:2614} INFO - Dependencies all met for dep_context=requeueable deps ti=<TaskInstance: load_dbt_clean_reviews_pipeline.dbt_run scheduled__2024-12-11T00:00:00+00:00 [queued]>
[2025-03-18T18:29:30.825+0000] {taskinstance.py:2867} INFO - Starting attempt 1 of 2
[2025-03-18T18:29:30.902+0000] {taskinstance.py:2890} INFO - Executing <Task(BashOperator): dbt_run> on 2024-12-11 00:00:00+00:00
[2025-03-18T18:29:30.913+0000] {standard_task_runner.py:72} INFO - Started process 24727 to run task
[2025-03-18T18:29:30.954+0000] {standard_task_runner.py:104} INFO - Running: ['airflow', 'tasks', 'run', 'load_dbt_clean_reviews_pipeline', 'dbt_run', 'scheduled__2024-12-11T00:00:00+00:00', '--job-id', '1099', '--raw', '--subdir', 'DAGS_FOLDER/dag_load_reviews.py', '--cfg-path', '/tmp/tmpo08__w2y']
[2025-03-18T18:29:30.956+0000] {standard_task_runner.py:105} INFO - Job 1099: Subtask dbt_run
[2025-03-18T18:29:31.446+0000] {task_command.py:467} INFO - Running <TaskInstance: load_dbt_clean_reviews_pipeline.dbt_run scheduled__2024-12-11T00:00:00+00:00 [running]> on host DESKTOP-IM7V4RI.
[2025-03-18T18:29:32.582+0000] {taskinstance.py:3134} INFO - Exporting env vars: AIRFLOW_CTX_DAG_OWNER='mohammed' AIRFLOW_CTX_DAG_ID='load_dbt_clean_reviews_pipeline' AIRFLOW_CTX_TASK_ID='dbt_run' AIRFLOW_CTX_EXECUTION_DATE='2024-12-11T00:00:00+00:00' AIRFLOW_CTX_TRY_NUMBER='1' AIRFLOW_CTX_DAG_RUN_ID='scheduled__2024-12-11T00:00:00+00:00'
[2025-03-18T18:29:32.585+0000] {logging_mixin.py:190} INFO - Task instance is in running state
[2025-03-18T18:29:32.586+0000] {logging_mixin.py:190} INFO -  Previous state of the Task instance: queued
[2025-03-18T18:29:32.586+0000] {logging_mixin.py:190} INFO - Current task name:dbt_run state:running start_date:2025-03-18 18:29:30.791488+00:00
[2025-03-18T18:29:32.588+0000] {logging_mixin.py:190} INFO - Dag name:load_dbt_clean_reviews_pipeline and current dag run status:running
[2025-03-18T18:29:32.589+0000] {taskinstance.py:732} INFO - ::endgroup::
[2025-03-18T18:29:32.592+0000] {subprocess.py:78} INFO - Tmp dir root location: /tmp
[2025-03-18T18:29:32.605+0000] {subprocess.py:88} INFO - Running command: ['/usr/bin/bash', '-c', 'cd /home/mohammed/.dbt/dbt_projects/bank_reviews_transactional && dbt run']
[2025-03-18T18:29:32.690+0000] {subprocess.py:99} INFO - Output:
[2025-03-18T18:30:03.305+0000] {subprocess.py:106} INFO - [0m18:30:03  Running with dbt=1.9.3
[2025-03-18T18:30:09.653+0000] {subprocess.py:106} INFO - [0m18:30:09  Registered adapter: postgres=1.9.0
[2025-03-18T18:30:12.921+0000] {subprocess.py:106} INFO - [0m18:30:12  [[33mWARNING[0m]: Configuration paths exist in your dbt_project.yml file which do not apply to any resources.
[2025-03-18T18:30:12.955+0000] {subprocess.py:106} INFO - There are 1 unused configuration paths:
[2025-03-18T18:30:12.991+0000] {subprocess.py:106} INFO - - models.bank_reviews_transactional.transactional
[2025-03-18T18:30:16.719+0000] {subprocess.py:106} INFO - [0m18:30:16  Found 1 model, 1 source, 433 macros
[2025-03-18T18:30:16.755+0000] {subprocess.py:106} INFO - [0m18:30:16
[2025-03-18T18:30:16.768+0000] {subprocess.py:106} INFO - [0m18:30:16  Concurrency: 4 threads (target='dev')
[2025-03-18T18:30:16.771+0000] {subprocess.py:106} INFO - [0m18:30:16
[2025-03-18T18:30:18.416+0000] {subprocess.py:106} INFO - [0m18:30:18  1 of 1 START sql table model transactional.clean_reviews ....................... [RUN]
[2025-03-18T18:30:23.481+0000] {subprocess.py:106} INFO - [0m18:30:23  1 of 1 OK created sql table model transactional.clean_reviews .................. [[32mSELECT 549[0m in 5.06s]
[2025-03-18T18:30:23.667+0000] {subprocess.py:106} INFO - [0m18:30:23
[2025-03-18T18:30:23.669+0000] {subprocess.py:106} INFO - [0m18:30:23  Finished running 1 table model in 0 hours 0 minutes and 6.89 seconds (6.89s).
[2025-03-18T18:30:24.028+0000] {subprocess.py:106} INFO - [0m18:30:24
[2025-03-18T18:30:24.030+0000] {subprocess.py:106} INFO - [0m18:30:24  [32mCompleted successfully[0m
[2025-03-18T18:30:24.032+0000] {subprocess.py:106} INFO - [0m18:30:24
[2025-03-18T18:30:24.048+0000] {subprocess.py:106} INFO - [0m18:30:24  Done. PASS=1 WARN=0 ERROR=0 SKIP=0 TOTAL=1
[2025-03-18T18:30:27.616+0000] {subprocess.py:110} INFO - Command exited with return code 0
[2025-03-18T18:30:28.479+0000] {taskinstance.py:341} INFO - ::group::Post task execution logs
[2025-03-18T18:30:28.483+0000] {taskinstance.py:353} INFO - Marking task as SUCCESS. dag_id=load_dbt_clean_reviews_pipeline, task_id=dbt_run, run_id=scheduled__2024-12-11T00:00:00+00:00, execution_date=20241211T000000, start_date=20250318T182930, end_date=20250318T183028
[2025-03-18T18:30:29.562+0000] {logging_mixin.py:190} INFO - Task instance in success state
[2025-03-18T18:30:29.565+0000] {logging_mixin.py:190} INFO -  Previous state of the Task instance: running
[2025-03-18T18:30:29.567+0000] {logging_mixin.py:190} INFO - Dag name:load_dbt_clean_reviews_pipeline queued_at:2025-03-18 18:29:23.626184+00:00
[2025-03-18T18:30:29.568+0000] {logging_mixin.py:190} INFO - Task hostname:DESKTOP-IM7V4RI. operator:BashOperator
[2025-03-18T18:30:29.756+0000] {local_task_job_runner.py:266} INFO - Task exited with return code 0
[2025-03-18T18:30:29.905+0000] {taskinstance.py:3901} INFO - 0 downstream tasks scheduled from follow-on schedule check
[2025-03-18T18:30:29.937+0000] {local_task_job_runner.py:245} INFO - ::endgroup::
