[2025-03-21T14:30:39.318+0000] {local_task_job_runner.py:123} INFO - ::group::Pre task execution logs
[2025-03-21T14:30:39.422+0000] {taskinstance.py:2614} INFO - Dependencies all met for dep_context=non-requeueable deps ti=<TaskInstance: process_enrichir_clean_reviews.convertir_date_relative manual__2025-03-21T14:28:25.957332+00:00 [queued]>
[2025-03-21T14:30:39.449+0000] {taskinstance.py:2614} INFO - Dependencies all met for dep_context=requeueable deps ti=<TaskInstance: process_enrichir_clean_reviews.convertir_date_relative manual__2025-03-21T14:28:25.957332+00:00 [queued]>
[2025-03-21T14:30:39.450+0000] {taskinstance.py:2867} INFO - Starting attempt 1 of 2
[2025-03-21T14:30:39.484+0000] {taskinstance.py:2890} INFO - Executing <Task(BashOperator): convertir_date_relative> on 2025-03-21 14:28:25.957332+00:00
[2025-03-21T14:30:39.496+0000] {standard_task_runner.py:72} INFO - Started process 988920 to run task
[2025-03-21T14:30:39.502+0000] {standard_task_runner.py:104} INFO - Running: ['airflow', 'tasks', 'run', 'process_enrichir_clean_reviews', 'convertir_date_relative', 'manual__2025-03-21T14:28:25.957332+00:00', '--job-id', '1919', '--raw', '--subdir', 'DAGS_FOLDER/process_clean_reviews.py', '--cfg-path', '/tmp/tmp5354jzgm']
[2025-03-21T14:30:39.504+0000] {standard_task_runner.py:105} INFO - Job 1919: Subtask convertir_date_relative
[2025-03-21T14:30:39.635+0000] {task_command.py:467} INFO - Running <TaskInstance: process_enrichir_clean_reviews.convertir_date_relative manual__2025-03-21T14:28:25.957332+00:00 [running]> on host DESKTOP-IM7V4RI.
[2025-03-21T14:30:39.942+0000] {taskinstance.py:3134} INFO - Exporting env vars: AIRFLOW_CTX_DAG_OWNER='airflow' AIRFLOW_CTX_DAG_ID='process_enrichir_clean_reviews' AIRFLOW_CTX_TASK_ID='convertir_date_relative' AIRFLOW_CTX_EXECUTION_DATE='2025-03-21T14:28:25.957332+00:00' AIRFLOW_CTX_TRY_NUMBER='1' AIRFLOW_CTX_DAG_RUN_ID='manual__2025-03-21T14:28:25.957332+00:00'
[2025-03-21T14:30:39.945+0000] {logging_mixin.py:190} INFO - Task instance is in running state
[2025-03-21T14:30:39.946+0000] {logging_mixin.py:190} INFO -  Previous state of the Task instance: queued
[2025-03-21T14:30:39.946+0000] {logging_mixin.py:190} INFO - Current task name:convertir_date_relative state:running start_date:2025-03-21 14:30:39.423069+00:00
[2025-03-21T14:30:39.947+0000] {logging_mixin.py:190} INFO - Dag name:process_enrichir_clean_reviews and current dag run status:running
[2025-03-21T14:30:39.948+0000] {taskinstance.py:732} INFO - ::endgroup::
[2025-03-21T14:30:39.954+0000] {subprocess.py:78} INFO - Tmp dir root location: /tmp
[2025-03-21T14:30:39.957+0000] {subprocess.py:88} INFO - Running command: ['/usr/bin/bash', '-c', 'python3 /home/mohammed/airflow/scripts/convertir_date_relative.py']
[2025-03-21T14:30:39.984+0000] {subprocess.py:99} INFO - Output:
[2025-03-21T14:30:40.615+0000] {subprocess.py:106} INFO - ❌ Erreur : expected string or bytes-like object, got 'datetime.date'
[2025-03-21T14:30:40.636+0000] {subprocess.py:110} INFO - Command exited with return code 0
[2025-03-21T14:30:40.714+0000] {taskinstance.py:341} INFO - ::group::Post task execution logs
[2025-03-21T14:30:40.715+0000] {taskinstance.py:353} INFO - Marking task as SUCCESS. dag_id=process_enrichir_clean_reviews, task_id=convertir_date_relative, run_id=manual__2025-03-21T14:28:25.957332+00:00, execution_date=20250321T142825, start_date=20250321T143039, end_date=20250321T143040
[2025-03-21T14:30:40.796+0000] {logging_mixin.py:190} INFO - Task instance in success state
[2025-03-21T14:30:40.797+0000] {logging_mixin.py:190} INFO -  Previous state of the Task instance: running
[2025-03-21T14:30:40.797+0000] {logging_mixin.py:190} INFO - Dag name:process_enrichir_clean_reviews queued_at:2025-03-21 14:28:26.700560+00:00
[2025-03-21T14:30:40.798+0000] {logging_mixin.py:190} INFO - Task hostname:DESKTOP-IM7V4RI. operator:BashOperator
[2025-03-21T14:30:40.848+0000] {local_task_job_runner.py:266} INFO - Task exited with return code 0
[2025-03-21T14:30:40.905+0000] {taskinstance.py:3901} INFO - 0 downstream tasks scheduled from follow-on schedule check
[2025-03-21T14:30:40.913+0000] {local_task_job_runner.py:245} INFO - ::endgroup::
