[2025-03-18T18:30:54.067+0000] {local_task_job_runner.py:123} INFO - ::group::Pre task execution logs
[2025-03-18T18:30:54.250+0000] {taskinstance.py:2614} INFO - Dependencies all met for dep_context=non-requeueable deps ti=<TaskInstance: load_dbt_clean_reviews_pipeline.dbt_run scheduled__2024-12-18T00:00:00+00:00 [queued]>
[2025-03-18T18:30:54.349+0000] {taskinstance.py:2614} INFO - Dependencies all met for dep_context=requeueable deps ti=<TaskInstance: load_dbt_clean_reviews_pipeline.dbt_run scheduled__2024-12-18T00:00:00+00:00 [queued]>
[2025-03-18T18:30:54.350+0000] {taskinstance.py:2867} INFO - Starting attempt 1 of 2
[2025-03-18T18:30:54.650+0000] {taskinstance.py:2890} INFO - Executing <Task(BashOperator): dbt_run> on 2024-12-18 00:00:00+00:00
[2025-03-18T18:30:54.790+0000] {standard_task_runner.py:72} INFO - Started process 25955 to run task
[2025-03-18T18:30:54.873+0000] {standard_task_runner.py:104} INFO - Running: ['airflow', 'tasks', 'run', 'load_dbt_clean_reviews_pipeline', 'dbt_run', 'scheduled__2024-12-18T00:00:00+00:00', '--job-id', '1106', '--raw', '--subdir', 'DAGS_FOLDER/dag_load_reviews.py', '--cfg-path', '/tmp/tmp5lrwubyn']
[2025-03-18T18:30:54.876+0000] {standard_task_runner.py:105} INFO - Job 1106: Subtask dbt_run
[2025-03-18T18:30:55.555+0000] {task_command.py:467} INFO - Running <TaskInstance: load_dbt_clean_reviews_pipeline.dbt_run scheduled__2024-12-18T00:00:00+00:00 [running]> on host DESKTOP-IM7V4RI.
[2025-03-18T18:30:56.570+0000] {taskinstance.py:3134} INFO - Exporting env vars: AIRFLOW_CTX_DAG_OWNER='mohammed' AIRFLOW_CTX_DAG_ID='load_dbt_clean_reviews_pipeline' AIRFLOW_CTX_TASK_ID='dbt_run' AIRFLOW_CTX_EXECUTION_DATE='2024-12-18T00:00:00+00:00' AIRFLOW_CTX_TRY_NUMBER='1' AIRFLOW_CTX_DAG_RUN_ID='scheduled__2024-12-18T00:00:00+00:00'
[2025-03-18T18:30:56.573+0000] {logging_mixin.py:190} INFO - Task instance is in running state
[2025-03-18T18:30:56.574+0000] {logging_mixin.py:190} INFO -  Previous state of the Task instance: queued
[2025-03-18T18:30:56.575+0000] {logging_mixin.py:190} INFO - Current task name:dbt_run state:running start_date:2025-03-18 18:30:54.251270+00:00
[2025-03-18T18:30:56.576+0000] {logging_mixin.py:190} INFO - Dag name:load_dbt_clean_reviews_pipeline and current dag run status:running
[2025-03-18T18:30:56.576+0000] {taskinstance.py:732} INFO - ::endgroup::
[2025-03-18T18:30:56.578+0000] {subprocess.py:78} INFO - Tmp dir root location: /tmp
[2025-03-18T18:30:56.600+0000] {subprocess.py:88} INFO - Running command: ['/usr/bin/bash', '-c', 'cd /home/mohammed/.dbt/dbt_projects/bank_reviews_transactional && dbt run']
[2025-03-18T18:30:56.678+0000] {subprocess.py:99} INFO - Output:
[2025-03-18T18:31:17.875+0000] {subprocess.py:106} INFO - [0m18:31:17  Running with dbt=1.9.3
[2025-03-18T18:31:22.243+0000] {subprocess.py:106} INFO - [0m18:31:22  Registered adapter: postgres=1.9.0
[2025-03-18T18:31:24.738+0000] {subprocess.py:106} INFO - [0m18:31:24  [[33mWARNING[0m]: Configuration paths exist in your dbt_project.yml file which do not apply to any resources.
[2025-03-18T18:31:24.741+0000] {subprocess.py:106} INFO - There are 1 unused configuration paths:
[2025-03-18T18:31:24.747+0000] {subprocess.py:106} INFO - - models.bank_reviews_transactional.transactional
[2025-03-18T18:31:26.319+0000] {subprocess.py:106} INFO - [0m18:31:26  Found 1 model, 1 source, 433 macros
[2025-03-18T18:31:26.371+0000] {subprocess.py:106} INFO - [0m18:31:26
[2025-03-18T18:31:26.389+0000] {subprocess.py:106} INFO - [0m18:31:26  Concurrency: 4 threads (target='dev')
[2025-03-18T18:31:26.393+0000] {subprocess.py:106} INFO - [0m18:31:26
[2025-03-18T18:31:28.173+0000] {subprocess.py:106} INFO - [0m18:31:28  1 of 1 START sql table model transactional.clean_reviews ....................... [RUN]
[2025-03-18T18:31:31.466+0000] {subprocess.py:106} INFO - [0m18:31:31  1 of 1 OK created sql table model transactional.clean_reviews .................. [[32mSELECT 549[0m in 3.24s]
[2025-03-18T18:31:31.668+0000] {subprocess.py:106} INFO - [0m18:31:31
[2025-03-18T18:31:31.670+0000] {subprocess.py:106} INFO - [0m18:31:31  Finished running 1 table model in 0 hours 0 minutes and 5.26 seconds (5.26s).
[2025-03-18T18:31:32.022+0000] {subprocess.py:106} INFO - [0m18:31:32
[2025-03-18T18:31:32.041+0000] {subprocess.py:106} INFO - [0m18:31:32  [32mCompleted successfully[0m
[2025-03-18T18:31:32.043+0000] {subprocess.py:106} INFO - [0m18:31:32
[2025-03-18T18:31:32.050+0000] {subprocess.py:106} INFO - [0m18:31:32  Done. PASS=1 WARN=0 ERROR=0 SKIP=0 TOTAL=1
[2025-03-18T18:31:35.501+0000] {subprocess.py:110} INFO - Command exited with return code 0
[2025-03-18T18:31:35.814+0000] {taskinstance.py:341} INFO - ::group::Post task execution logs
[2025-03-18T18:31:35.815+0000] {taskinstance.py:353} INFO - Marking task as SUCCESS. dag_id=load_dbt_clean_reviews_pipeline, task_id=dbt_run, run_id=scheduled__2024-12-18T00:00:00+00:00, execution_date=20241218T000000, start_date=20250318T183054, end_date=20250318T183135
[2025-03-18T18:31:36.190+0000] {logging_mixin.py:190} INFO - Task instance in success state
[2025-03-18T18:31:36.201+0000] {logging_mixin.py:190} INFO -  Previous state of the Task instance: running
[2025-03-18T18:31:36.202+0000] {logging_mixin.py:190} INFO - Dag name:load_dbt_clean_reviews_pipeline queued_at:2025-03-18 18:30:41.046628+00:00
[2025-03-18T18:31:36.203+0000] {logging_mixin.py:190} INFO - Task hostname:DESKTOP-IM7V4RI. operator:BashOperator
[2025-03-18T18:31:36.338+0000] {local_task_job_runner.py:266} INFO - Task exited with return code 0
[2025-03-18T18:31:36.421+0000] {standard_task_runner.py:217} INFO - Process not found (most likely exited), stop collecting metrics
[2025-03-18T18:31:36.600+0000] {taskinstance.py:3901} INFO - 0 downstream tasks scheduled from follow-on schedule check
[2025-03-18T18:31:36.635+0000] {local_task_job_runner.py:245} INFO - ::endgroup::
