[2025-03-17T01:00:40.393+0000] {local_task_job_runner.py:123} INFO - ::group::Pre task execution logs
[2025-03-17T01:00:40.440+0000] {taskinstance.py:2614} INFO - Dependencies all met for dep_context=non-requeueable deps ti=<TaskInstance: load_reviews_pipeline.dbt_run scheduled__2024-09-30T00:00:00+00:00 [queued]>
[2025-03-17T01:00:40.454+0000] {taskinstance.py:2614} INFO - Dependencies all met for dep_context=requeueable deps ti=<TaskInstance: load_reviews_pipeline.dbt_run scheduled__2024-09-30T00:00:00+00:00 [queued]>
[2025-03-17T01:00:40.455+0000] {taskinstance.py:2867} INFO - Starting attempt 1 of 2
[2025-03-17T01:00:40.479+0000] {taskinstance.py:2890} INFO - Executing <Task(BashOperator): dbt_run> on 2024-09-30 00:00:00+00:00
[2025-03-17T01:00:40.488+0000] {standard_task_runner.py:72} INFO - Started process 301720 to run task
[2025-03-17T01:00:40.495+0000] {standard_task_runner.py:104} INFO - Running: ['airflow', 'tasks', 'run', 'load_reviews_pipeline', 'dbt_run', 'scheduled__2024-09-30T00:00:00+00:00', '--job-id', '438', '--raw', '--subdir', 'DAGS_FOLDER/dag_load_reviews.py', '--cfg-path', '/tmp/tmprxi55906']
[2025-03-17T01:00:40.497+0000] {standard_task_runner.py:105} INFO - Job 438: Subtask dbt_run
[2025-03-17T01:00:40.605+0000] {task_command.py:467} INFO - Running <TaskInstance: load_reviews_pipeline.dbt_run scheduled__2024-09-30T00:00:00+00:00 [running]> on host DESKTOP-IM7V4RI.
[2025-03-17T01:00:40.812+0000] {taskinstance.py:3134} INFO - Exporting env vars: AIRFLOW_CTX_DAG_OWNER='mohammed' AIRFLOW_CTX_DAG_ID='load_reviews_pipeline' AIRFLOW_CTX_TASK_ID='dbt_run' AIRFLOW_CTX_EXECUTION_DATE='2024-09-30T00:00:00+00:00' AIRFLOW_CTX_TRY_NUMBER='1' AIRFLOW_CTX_DAG_RUN_ID='scheduled__2024-09-30T00:00:00+00:00'
[2025-03-17T01:00:40.814+0000] {logging_mixin.py:190} INFO - Task instance is in running state
[2025-03-17T01:00:40.814+0000] {logging_mixin.py:190} INFO -  Previous state of the Task instance: queued
[2025-03-17T01:00:40.814+0000] {logging_mixin.py:190} INFO - Current task name:dbt_run state:running start_date:2025-03-17 01:00:40.441370+00:00
[2025-03-17T01:00:40.815+0000] {logging_mixin.py:190} INFO - Dag name:load_reviews_pipeline and current dag run status:running
[2025-03-17T01:00:40.815+0000] {taskinstance.py:732} INFO - ::endgroup::
[2025-03-17T01:00:40.816+0000] {subprocess.py:78} INFO - Tmp dir root location: /tmp
[2025-03-17T01:00:40.818+0000] {subprocess.py:88} INFO - Running command: ['/usr/bin/bash', '-c', 'cd /home/mohammed/.dbt/bank_reviews_project && dbt run']
[2025-03-17T01:00:40.832+0000] {subprocess.py:99} INFO - Output:
[2025-03-17T01:00:43.543+0000] {subprocess.py:106} INFO - [0m01:00:43  Running with dbt=1.9.3
[2025-03-17T01:00:43.971+0000] {subprocess.py:106} INFO - [0m01:00:43  Registered adapter: postgres=1.9.0
[2025-03-17T01:00:44.604+0000] {subprocess.py:106} INFO - [0m01:00:44  Found 10 models, 4 data tests, 2 sources, 433 macros
[2025-03-17T01:00:44.610+0000] {subprocess.py:106} INFO - [0m01:00:44
[2025-03-17T01:00:44.610+0000] {subprocess.py:106} INFO - [0m01:00:44  Concurrency: 4 threads (target='dev')
[2025-03-17T01:00:44.611+0000] {subprocess.py:106} INFO - [0m01:00:44
[2025-03-17T01:00:45.049+0000] {subprocess.py:106} INFO - [0m01:00:45  1 of 10 START sql view model public.clean_reviews .............................. [RUN]
[2025-03-17T01:00:45.056+0000] {subprocess.py:106} INFO - [0m01:00:45  2 of 10 START sql table model public.my_first_dbt_model ........................ [RUN]
[2025-03-17T01:00:45.059+0000] {subprocess.py:106} INFO - [0m01:00:45  3 of 10 START sql view model public.remove_duplicates .......................... [RUN]
[2025-03-17T01:00:45.060+0000] {subprocess.py:106} INFO - [0m01:00:45  4 of 10 START sql view model public.stg_clean_reviews .......................... [RUN]
[2025-03-17T01:00:45.605+0000] {subprocess.py:106} INFO - [0m01:00:45  2 of 10 OK created sql table model public.my_first_dbt_model ................... [[32mSELECT 2[0m in 0.54s]
[2025-03-17T01:00:45.619+0000] {subprocess.py:106} INFO - [0m01:00:45  1 of 10 OK created sql view model public.clean_reviews ......................... [[32mCREATE VIEW[0m in 0.56s]
[2025-03-17T01:00:45.625+0000] {subprocess.py:106} INFO - [0m01:00:45  5 of 10 START sql view model public.my_second_dbt_model ........................ [RUN]
[2025-03-17T01:00:45.628+0000] {subprocess.py:106} INFO - [0m01:00:45  4 of 10 OK created sql view model public.stg_clean_reviews ..................... [[32mCREATE VIEW[0m in 0.56s]
[2025-03-17T01:00:45.633+0000] {subprocess.py:106} INFO - [0m01:00:45  3 of 10 OK created sql view model public.remove_duplicates ..................... [[32mCREATE VIEW[0m in 0.57s]
[2025-03-17T01:00:45.646+0000] {subprocess.py:106} INFO - [0m01:00:45  6 of 10 START sql view model public.dim_bank ................................... [RUN]
[2025-03-17T01:00:45.648+0000] {subprocess.py:106} INFO - [0m01:00:45  7 of 10 START sql view model public.dim_branch ................................. [RUN]
[2025-03-17T01:00:45.650+0000] {subprocess.py:106} INFO - [0m01:00:45  8 of 10 START sql view model public.dim_location ............................... [RUN]
[2025-03-17T01:00:45.803+0000] {subprocess.py:106} INFO - [0m01:00:45  5 of 10 OK created sql view model public.my_second_dbt_model ................... [[32mCREATE VIEW[0m in 0.17s]
[2025-03-17T01:00:45.808+0000] {subprocess.py:106} INFO - [0m01:00:45  9 of 10 START sql view model public.dim_sentiment .............................. [RUN]
[2025-03-17T01:00:45.857+0000] {subprocess.py:106} INFO - [0m01:00:45  6 of 10 OK created sql view model public.dim_bank .............................. [[32mCREATE VIEW[0m in 0.20s]
[2025-03-17T01:00:45.866+0000] {subprocess.py:106} INFO - [0m01:00:45  7 of 10 OK created sql view model public.dim_branch ............................ [[32mCREATE VIEW[0m in 0.21s]
[2025-03-17T01:00:45.867+0000] {subprocess.py:106} INFO - [0m01:00:45  8 of 10 OK created sql view model public.dim_location .......................... [[32mCREATE VIEW[0m in 0.20s]
[2025-03-17T01:00:45.902+0000] {subprocess.py:106} INFO - [0m01:00:45  9 of 10 OK created sql view model public.dim_sentiment ......................... [[32mCREATE VIEW[0m in 0.09s]
[2025-03-17T01:00:45.905+0000] {subprocess.py:106} INFO - [0m01:00:45  10 of 10 START sql view model public.fact_reviews .............................. [RUN]
[2025-03-17T01:00:45.964+0000] {subprocess.py:106} INFO - [0m01:00:45  10 of 10 OK created sql view model public.fact_reviews ......................... [[32mCREATE VIEW[0m in 0.06s]
[2025-03-17T01:00:45.990+0000] {subprocess.py:106} INFO - [0m01:00:45
[2025-03-17T01:00:45.990+0000] {subprocess.py:106} INFO - [0m01:00:45  Finished running 1 table model, 9 view models in 0 hours 0 minutes and 1.38 seconds (1.38s).
[2025-03-17T01:00:46.028+0000] {subprocess.py:106} INFO - [0m01:00:46
[2025-03-17T01:00:46.028+0000] {subprocess.py:106} INFO - [0m01:00:46  [32mCompleted successfully[0m
[2025-03-17T01:00:46.029+0000] {subprocess.py:106} INFO - [0m01:00:46
[2025-03-17T01:00:46.029+0000] {subprocess.py:106} INFO - [0m01:00:46  Done. PASS=10 WARN=0 ERROR=0 SKIP=0 TOTAL=10
[2025-03-17T01:00:47.571+0000] {subprocess.py:110} INFO - Command exited with return code 0
[2025-03-17T01:00:47.675+0000] {taskinstance.py:341} INFO - ::group::Post task execution logs
[2025-03-17T01:00:47.676+0000] {taskinstance.py:353} INFO - Marking task as SUCCESS. dag_id=load_reviews_pipeline, task_id=dbt_run, run_id=scheduled__2024-09-30T00:00:00+00:00, execution_date=20240930T000000, start_date=20250317T010040, end_date=20250317T010047
[2025-03-17T01:00:47.772+0000] {logging_mixin.py:190} INFO - Task instance in success state
[2025-03-17T01:00:47.774+0000] {logging_mixin.py:190} INFO -  Previous state of the Task instance: running
[2025-03-17T01:00:47.775+0000] {logging_mixin.py:190} INFO - Dag name:load_reviews_pipeline queued_at:2025-03-17 01:00:38.625025+00:00
[2025-03-17T01:00:47.776+0000] {logging_mixin.py:190} INFO - Task hostname:DESKTOP-IM7V4RI. operator:BashOperator
[2025-03-17T01:00:47.828+0000] {local_task_job_runner.py:266} INFO - Task exited with return code 0
[2025-03-17T01:00:47.851+0000] {taskinstance.py:3901} INFO - 0 downstream tasks scheduled from follow-on schedule check
[2025-03-17T01:00:47.858+0000] {local_task_job_runner.py:245} INFO - ::endgroup::
