[2025-03-17T00:59:15.886+0000] {local_task_job_runner.py:123} INFO - ::group::Pre task execution logs
[2025-03-17T00:59:15.910+0000] {taskinstance.py:2614} INFO - Dependencies all met for dep_context=non-requeueable deps ti=<TaskInstance: load_reviews_pipeline.dbt_run scheduled__2024-09-18T00:00:00+00:00 [queued]>
[2025-03-17T00:59:15.917+0000] {taskinstance.py:2614} INFO - Dependencies all met for dep_context=requeueable deps ti=<TaskInstance: load_reviews_pipeline.dbt_run scheduled__2024-09-18T00:00:00+00:00 [queued]>
[2025-03-17T00:59:15.918+0000] {taskinstance.py:2867} INFO - Starting attempt 1 of 2
[2025-03-17T00:59:15.935+0000] {taskinstance.py:2890} INFO - Executing <Task(BashOperator): dbt_run> on 2024-09-18 00:00:00+00:00
[2025-03-17T00:59:15.941+0000] {standard_task_runner.py:72} INFO - Started process 299546 to run task
[2025-03-17T00:59:15.944+0000] {standard_task_runner.py:104} INFO - Running: ['airflow', 'tasks', 'run', 'load_reviews_pipeline', 'dbt_run', 'scheduled__2024-09-18T00:00:00+00:00', '--job-id', '421', '--raw', '--subdir', 'DAGS_FOLDER/dag_load_reviews.py', '--cfg-path', '/tmp/tmpke_iwf4d']
[2025-03-17T00:59:15.945+0000] {standard_task_runner.py:105} INFO - Job 421: Subtask dbt_run
[2025-03-17T00:59:16.021+0000] {task_command.py:467} INFO - Running <TaskInstance: load_reviews_pipeline.dbt_run scheduled__2024-09-18T00:00:00+00:00 [running]> on host DESKTOP-IM7V4RI.
[2025-03-17T00:59:16.143+0000] {taskinstance.py:3134} INFO - Exporting env vars: AIRFLOW_CTX_DAG_OWNER='mohammed' AIRFLOW_CTX_DAG_ID='load_reviews_pipeline' AIRFLOW_CTX_TASK_ID='dbt_run' AIRFLOW_CTX_EXECUTION_DATE='2024-09-18T00:00:00+00:00' AIRFLOW_CTX_TRY_NUMBER='1' AIRFLOW_CTX_DAG_RUN_ID='scheduled__2024-09-18T00:00:00+00:00'
[2025-03-17T00:59:16.145+0000] {logging_mixin.py:190} INFO - Task instance is in running state
[2025-03-17T00:59:16.145+0000] {logging_mixin.py:190} INFO -  Previous state of the Task instance: queued
[2025-03-17T00:59:16.145+0000] {logging_mixin.py:190} INFO - Current task name:dbt_run state:running start_date:2025-03-17 00:59:15.910377+00:00
[2025-03-17T00:59:16.145+0000] {logging_mixin.py:190} INFO - Dag name:load_reviews_pipeline and current dag run status:running
[2025-03-17T00:59:16.145+0000] {taskinstance.py:732} INFO - ::endgroup::
[2025-03-17T00:59:16.147+0000] {subprocess.py:78} INFO - Tmp dir root location: /tmp
[2025-03-17T00:59:16.149+0000] {subprocess.py:88} INFO - Running command: ['/usr/bin/bash', '-c', 'cd /home/mohammed/.dbt/bank_reviews_project && dbt run']
[2025-03-17T00:59:16.163+0000] {subprocess.py:99} INFO - Output:
[2025-03-17T00:59:18.687+0000] {subprocess.py:106} INFO - [0m00:59:18  Running with dbt=1.9.3
[2025-03-17T00:59:18.946+0000] {subprocess.py:106} INFO - [0m00:59:18  Registered adapter: postgres=1.9.0
[2025-03-17T00:59:19.327+0000] {subprocess.py:106} INFO - [0m00:59:19  Found 10 models, 4 data tests, 2 sources, 433 macros
[2025-03-17T00:59:19.330+0000] {subprocess.py:106} INFO - [0m00:59:19
[2025-03-17T00:59:19.330+0000] {subprocess.py:106} INFO - [0m00:59:19  Concurrency: 4 threads (target='dev')
[2025-03-17T00:59:19.331+0000] {subprocess.py:106} INFO - [0m00:59:19
[2025-03-17T00:59:19.459+0000] {subprocess.py:106} INFO - [0m00:59:19  1 of 10 START sql view model public.clean_reviews .............................. [RUN]
[2025-03-17T00:59:19.460+0000] {subprocess.py:106} INFO - [0m00:59:19  2 of 10 START sql table model public.my_first_dbt_model ........................ [RUN]
[2025-03-17T00:59:19.464+0000] {subprocess.py:106} INFO - [0m00:59:19  3 of 10 START sql view model public.remove_duplicates .......................... [RUN]
[2025-03-17T00:59:19.465+0000] {subprocess.py:106} INFO - [0m00:59:19  4 of 10 START sql view model public.stg_clean_reviews .......................... [RUN]
[2025-03-17T00:59:19.781+0000] {subprocess.py:106} INFO - [0m00:59:19  1 of 10 OK created sql view model public.clean_reviews ......................... [[32mCREATE VIEW[0m in 0.32s]
[2025-03-17T00:59:19.791+0000] {subprocess.py:106} INFO - [0m00:59:19  4 of 10 OK created sql view model public.stg_clean_reviews ..................... [[32mCREATE VIEW[0m in 0.31s]
[2025-03-17T00:59:19.794+0000] {subprocess.py:106} INFO - [0m00:59:19  2 of 10 OK created sql table model public.my_first_dbt_model ................... [[32mSELECT 2[0m in 0.33s]
[2025-03-17T00:59:19.797+0000] {subprocess.py:106} INFO - [0m00:59:19  3 of 10 OK created sql view model public.remove_duplicates ..................... [[32mCREATE VIEW[0m in 0.32s]
[2025-03-17T00:59:19.800+0000] {subprocess.py:106} INFO - [0m00:59:19  5 of 10 START sql view model public.dim_bank ................................... [RUN]
[2025-03-17T00:59:19.805+0000] {subprocess.py:106} INFO - [0m00:59:19  6 of 10 START sql view model public.dim_branch ................................. [RUN]
[2025-03-17T00:59:19.808+0000] {subprocess.py:106} INFO - [0m00:59:19  7 of 10 START sql view model public.dim_location ............................... [RUN]
[2025-03-17T00:59:19.813+0000] {subprocess.py:106} INFO - [0m00:59:19  8 of 10 START sql view model public.dim_sentiment .............................. [RUN]
[2025-03-17T00:59:19.902+0000] {subprocess.py:106} INFO - [0m00:59:19  5 of 10 OK created sql view model public.dim_bank .............................. [[32mCREATE VIEW[0m in 0.10s]
[2025-03-17T00:59:19.910+0000] {subprocess.py:106} INFO - [0m00:59:19  9 of 10 START sql view model public.my_second_dbt_model ........................ [RUN]
[2025-03-17T00:59:19.941+0000] {subprocess.py:106} INFO - [0m00:59:19  6 of 10 OK created sql view model public.dim_branch ............................ [[32mCREATE VIEW[0m in 0.13s]
[2025-03-17T00:59:19.947+0000] {subprocess.py:106} INFO - [0m00:59:19  7 of 10 OK created sql view model public.dim_location .......................... [[32mCREATE VIEW[0m in 0.13s]
[2025-03-17T00:59:19.948+0000] {subprocess.py:106} INFO - [0m00:59:19  8 of 10 OK created sql view model public.dim_sentiment ......................... [[32mCREATE VIEW[0m in 0.13s]
[2025-03-17T00:59:19.954+0000] {subprocess.py:106} INFO - [0m00:59:19  10 of 10 START sql view model public.fact_reviews .............................. [RUN]
[2025-03-17T00:59:19.993+0000] {subprocess.py:106} INFO - [0m00:59:19  9 of 10 OK created sql view model public.my_second_dbt_model ................... [[32mCREATE VIEW[0m in 0.08s]
[2025-03-17T00:59:20.015+0000] {subprocess.py:106} INFO - [0m00:59:20  10 of 10 OK created sql view model public.fact_reviews ......................... [[32mCREATE VIEW[0m in 0.06s]
[2025-03-17T00:59:20.037+0000] {subprocess.py:106} INFO - [0m00:59:20
[2025-03-17T00:59:20.037+0000] {subprocess.py:106} INFO - [0m00:59:20  Finished running 1 table model, 9 view models in 0 hours 0 minutes and 0.71 seconds (0.71s).
[2025-03-17T00:59:20.074+0000] {subprocess.py:106} INFO - [0m00:59:20
[2025-03-17T00:59:20.075+0000] {subprocess.py:106} INFO - [0m00:59:20  [32mCompleted successfully[0m
[2025-03-17T00:59:20.075+0000] {subprocess.py:106} INFO - [0m00:59:20
[2025-03-17T00:59:20.076+0000] {subprocess.py:106} INFO - [0m00:59:20  Done. PASS=10 WARN=0 ERROR=0 SKIP=0 TOTAL=10
[2025-03-17T00:59:21.406+0000] {subprocess.py:110} INFO - Command exited with return code 0
[2025-03-17T00:59:21.460+0000] {taskinstance.py:341} INFO - ::group::Post task execution logs
[2025-03-17T00:59:21.461+0000] {taskinstance.py:353} INFO - Marking task as SUCCESS. dag_id=load_reviews_pipeline, task_id=dbt_run, run_id=scheduled__2024-09-18T00:00:00+00:00, execution_date=20240918T000000, start_date=20250317T005915, end_date=20250317T005921
[2025-03-17T00:59:21.509+0000] {logging_mixin.py:190} INFO - Task instance in success state
[2025-03-17T00:59:21.509+0000] {logging_mixin.py:190} INFO -  Previous state of the Task instance: running
[2025-03-17T00:59:21.509+0000] {logging_mixin.py:190} INFO - Dag name:load_reviews_pipeline queued_at:2025-03-17 00:59:14.617868+00:00
[2025-03-17T00:59:21.509+0000] {logging_mixin.py:190} INFO - Task hostname:DESKTOP-IM7V4RI. operator:BashOperator
[2025-03-17T00:59:21.538+0000] {local_task_job_runner.py:266} INFO - Task exited with return code 0
[2025-03-17T00:59:21.619+0000] {taskinstance.py:3901} INFO - 0 downstream tasks scheduled from follow-on schedule check
[2025-03-17T00:59:21.631+0000] {local_task_job_runner.py:245} INFO - ::endgroup::
