[2025-03-18T18:27:14.312+0000] {local_task_job_runner.py:123} INFO - ::group::Pre task execution logs
[2025-03-18T18:27:14.434+0000] {taskinstance.py:2614} INFO - Dependencies all met for dep_context=non-requeueable deps ti=<TaskInstance: load_dbt_clean_reviews_pipeline.dbt_run scheduled__2024-11-04T00:00:00+00:00 [queued]>
[2025-03-18T18:27:14.472+0000] {taskinstance.py:2614} INFO - Dependencies all met for dep_context=requeueable deps ti=<TaskInstance: load_dbt_clean_reviews_pipeline.dbt_run scheduled__2024-11-04T00:00:00+00:00 [queued]>
[2025-03-18T18:27:14.473+0000] {taskinstance.py:2867} INFO - Starting attempt 1 of 2
[2025-03-18T18:27:14.549+0000] {taskinstance.py:2890} INFO - Executing <Task(BashOperator): dbt_run> on 2024-11-04 00:00:00+00:00
[2025-03-18T18:27:14.609+0000] {standard_task_runner.py:72} INFO - Started process 21632 to run task
[2025-03-18T18:27:14.659+0000] {standard_task_runner.py:104} INFO - Running: ['airflow', 'tasks', 'run', 'load_dbt_clean_reviews_pipeline', 'dbt_run', 'scheduled__2024-11-04T00:00:00+00:00', '--job-id', '1059', '--raw', '--subdir', 'DAGS_FOLDER/dag_load_reviews.py', '--cfg-path', '/tmp/tmpwibifrz2']
[2025-03-18T18:27:14.665+0000] {standard_task_runner.py:105} INFO - Job 1059: Subtask dbt_run
[2025-03-18T18:27:15.059+0000] {task_command.py:467} INFO - Running <TaskInstance: load_dbt_clean_reviews_pipeline.dbt_run scheduled__2024-11-04T00:00:00+00:00 [running]> on host DESKTOP-IM7V4RI.
[2025-03-18T18:27:16.088+0000] {taskinstance.py:3134} INFO - Exporting env vars: AIRFLOW_CTX_DAG_OWNER='mohammed' AIRFLOW_CTX_DAG_ID='load_dbt_clean_reviews_pipeline' AIRFLOW_CTX_TASK_ID='dbt_run' AIRFLOW_CTX_EXECUTION_DATE='2024-11-04T00:00:00+00:00' AIRFLOW_CTX_TRY_NUMBER='1' AIRFLOW_CTX_DAG_RUN_ID='scheduled__2024-11-04T00:00:00+00:00'
[2025-03-18T18:27:16.090+0000] {logging_mixin.py:190} INFO - Task instance is in running state
[2025-03-18T18:27:16.091+0000] {logging_mixin.py:190} INFO -  Previous state of the Task instance: queued
[2025-03-18T18:27:16.104+0000] {logging_mixin.py:190} INFO - Current task name:dbt_run state:running start_date:2025-03-18 18:27:14.436070+00:00
[2025-03-18T18:27:16.105+0000] {logging_mixin.py:190} INFO - Dag name:load_dbt_clean_reviews_pipeline and current dag run status:running
[2025-03-18T18:27:16.105+0000] {taskinstance.py:732} INFO - ::endgroup::
[2025-03-18T18:27:16.107+0000] {subprocess.py:78} INFO - Tmp dir root location: /tmp
[2025-03-18T18:27:16.109+0000] {subprocess.py:88} INFO - Running command: ['/usr/bin/bash', '-c', 'cd /home/mohammed/.dbt/dbt_projects/bank_reviews_transactional && dbt run']
[2025-03-18T18:27:16.190+0000] {subprocess.py:99} INFO - Output:
[2025-03-18T18:27:34.049+0000] {subprocess.py:106} INFO - [0m18:27:34  Running with dbt=1.9.3
[2025-03-18T18:27:35.992+0000] {subprocess.py:106} INFO - [0m18:27:35  Registered adapter: postgres=1.9.0
[2025-03-18T18:27:38.887+0000] {subprocess.py:106} INFO - [0m18:27:38  [[33mWARNING[0m]: Configuration paths exist in your dbt_project.yml file which do not apply to any resources.
[2025-03-18T18:27:38.888+0000] {subprocess.py:106} INFO - There are 1 unused configuration paths:
[2025-03-18T18:27:38.889+0000] {subprocess.py:106} INFO - - models.bank_reviews_transactional.transactional
[2025-03-18T18:27:40.951+0000] {subprocess.py:106} INFO - [0m18:27:40  Found 1 model, 1 source, 433 macros
[2025-03-18T18:27:40.999+0000] {subprocess.py:106} INFO - [0m18:27:40
[2025-03-18T18:27:41.001+0000] {subprocess.py:106} INFO - [0m18:27:41  Concurrency: 4 threads (target='dev')
[2025-03-18T18:27:41.013+0000] {subprocess.py:106} INFO - [0m18:27:41
[2025-03-18T18:27:42.155+0000] {subprocess.py:106} INFO - [0m18:27:42  1 of 1 START sql table model transactional.clean_reviews ....................... [RUN]
[2025-03-18T18:27:44.615+0000] {subprocess.py:106} INFO - [0m18:27:44  1 of 1 OK created sql table model transactional.clean_reviews .................. [[32mSELECT 549[0m in 2.44s]
[2025-03-18T18:27:44.685+0000] {subprocess.py:106} INFO - [0m18:27:44
[2025-03-18T18:27:44.689+0000] {subprocess.py:106} INFO - [0m18:27:44  Finished running 1 table model in 0 hours 0 minutes and 3.67 seconds (3.67s).
[2025-03-18T18:27:44.904+0000] {subprocess.py:106} INFO - [0m18:27:44
[2025-03-18T18:27:44.907+0000] {subprocess.py:106} INFO - [0m18:27:44  [32mCompleted successfully[0m
[2025-03-18T18:27:44.911+0000] {subprocess.py:106} INFO - [0m18:27:44
[2025-03-18T18:27:44.918+0000] {subprocess.py:106} INFO - [0m18:27:44  Done. PASS=1 WARN=0 ERROR=0 SKIP=0 TOTAL=1
[2025-03-18T18:27:48.598+0000] {subprocess.py:110} INFO - Command exited with return code 0
[2025-03-18T18:27:48.850+0000] {taskinstance.py:341} INFO - ::group::Post task execution logs
[2025-03-18T18:27:48.852+0000] {taskinstance.py:353} INFO - Marking task as SUCCESS. dag_id=load_dbt_clean_reviews_pipeline, task_id=dbt_run, run_id=scheduled__2024-11-04T00:00:00+00:00, execution_date=20241104T000000, start_date=20250318T182714, end_date=20250318T182748
[2025-03-18T18:27:49.159+0000] {logging_mixin.py:190} INFO - Task instance in success state
[2025-03-18T18:27:49.161+0000] {logging_mixin.py:190} INFO -  Previous state of the Task instance: running
[2025-03-18T18:27:49.162+0000] {logging_mixin.py:190} INFO - Dag name:load_dbt_clean_reviews_pipeline queued_at:2025-03-18 18:27:10.922369+00:00
[2025-03-18T18:27:49.164+0000] {logging_mixin.py:190} INFO - Task hostname:DESKTOP-IM7V4RI. operator:BashOperator
[2025-03-18T18:27:49.317+0000] {local_task_job_runner.py:266} INFO - Task exited with return code 0
[2025-03-18T18:27:49.642+0000] {local_task_job_runner.py:245} INFO - ::endgroup::
