[2025-03-18T18:22:46.984+0000] {local_task_job_runner.py:123} INFO - ::group::Pre task execution logs
[2025-03-18T18:22:47.406+0000] {taskinstance.py:2614} INFO - Dependencies all met for dep_context=non-requeueable deps ti=<TaskInstance: load_dbt_clean_reviews_pipeline.dbt_run scheduled__2024-08-22T00:00:00+00:00 [queued]>
[2025-03-18T18:22:47.429+0000] {taskinstance.py:2614} INFO - Dependencies all met for dep_context=requeueable deps ti=<TaskInstance: load_dbt_clean_reviews_pipeline.dbt_run scheduled__2024-08-22T00:00:00+00:00 [queued]>
[2025-03-18T18:22:47.430+0000] {taskinstance.py:2867} INFO - Starting attempt 1 of 2
[2025-03-18T18:22:47.763+0000] {taskinstance.py:2890} INFO - Executing <Task(BashOperator): dbt_run> on 2024-08-22 00:00:00+00:00
[2025-03-18T18:22:47.816+0000] {standard_task_runner.py:72} INFO - Started process 14610 to run task
[2025-03-18T18:22:47.857+0000] {standard_task_runner.py:104} INFO - Running: ['airflow', 'tasks', 'run', 'load_dbt_clean_reviews_pipeline', 'dbt_run', 'scheduled__2024-08-22T00:00:00+00:00', '--job-id', '984', '--raw', '--subdir', 'DAGS_FOLDER/dag_load_reviews.py', '--cfg-path', '/tmp/tmpb4moyx9g']
[2025-03-18T18:22:47.880+0000] {standard_task_runner.py:105} INFO - Job 984: Subtask dbt_run
[2025-03-18T18:22:48.346+0000] {task_command.py:467} INFO - Running <TaskInstance: load_dbt_clean_reviews_pipeline.dbt_run scheduled__2024-08-22T00:00:00+00:00 [running]> on host DESKTOP-IM7V4RI.
[2025-03-18T18:22:49.309+0000] {taskinstance.py:3134} INFO - Exporting env vars: AIRFLOW_CTX_DAG_OWNER='mohammed' AIRFLOW_CTX_DAG_ID='load_dbt_clean_reviews_pipeline' AIRFLOW_CTX_TASK_ID='dbt_run' AIRFLOW_CTX_EXECUTION_DATE='2024-08-22T00:00:00+00:00' AIRFLOW_CTX_TRY_NUMBER='1' AIRFLOW_CTX_DAG_RUN_ID='scheduled__2024-08-22T00:00:00+00:00'
[2025-03-18T18:22:49.311+0000] {logging_mixin.py:190} INFO - Task instance is in running state
[2025-03-18T18:22:49.312+0000] {logging_mixin.py:190} INFO -  Previous state of the Task instance: queued
[2025-03-18T18:22:49.313+0000] {logging_mixin.py:190} INFO - Current task name:dbt_run state:running start_date:2025-03-18 18:22:47.407405+00:00
[2025-03-18T18:22:49.313+0000] {logging_mixin.py:190} INFO - Dag name:load_dbt_clean_reviews_pipeline and current dag run status:running
[2025-03-18T18:22:49.314+0000] {taskinstance.py:732} INFO - ::endgroup::
[2025-03-18T18:22:49.315+0000] {subprocess.py:78} INFO - Tmp dir root location: /tmp
[2025-03-18T18:22:49.318+0000] {subprocess.py:88} INFO - Running command: ['/usr/bin/bash', '-c', 'cd /home/mohammed/.dbt/dbt_projects/bank_reviews_transactional && dbt run']
[2025-03-18T18:22:49.433+0000] {subprocess.py:99} INFO - Output:
[2025-03-18T18:23:06.045+0000] {subprocess.py:106} INFO - [0m18:23:06  Running with dbt=1.9.3
[2025-03-18T18:23:07.895+0000] {subprocess.py:106} INFO - [0m18:23:07  Registered adapter: postgres=1.9.0
[2025-03-18T18:23:09.560+0000] {subprocess.py:106} INFO - [0m18:23:09  [[33mWARNING[0m]: Configuration paths exist in your dbt_project.yml file which do not apply to any resources.
[2025-03-18T18:23:09.561+0000] {subprocess.py:106} INFO - There are 1 unused configuration paths:
[2025-03-18T18:23:09.562+0000] {subprocess.py:106} INFO - - models.bank_reviews_transactional.transactional
[2025-03-18T18:23:10.399+0000] {subprocess.py:106} INFO - [0m18:23:10  Found 1 model, 1 source, 433 macros
[2025-03-18T18:23:10.409+0000] {subprocess.py:106} INFO - [0m18:23:10
[2025-03-18T18:23:10.413+0000] {subprocess.py:106} INFO - [0m18:23:10  Concurrency: 4 threads (target='dev')
[2025-03-18T18:23:10.416+0000] {subprocess.py:106} INFO - [0m18:23:10
[2025-03-18T18:23:11.081+0000] {subprocess.py:106} INFO - [0m18:23:11  1 of 1 START sql table model transactional.clean_reviews ....................... [RUN]
[2025-03-18T18:23:12.251+0000] {subprocess.py:106} INFO - [0m18:23:12  1 of 1 OK created sql table model transactional.clean_reviews .................. [[32mSELECT 549[0m in 1.15s]
[2025-03-18T18:23:12.379+0000] {subprocess.py:106} INFO - [0m18:23:12
[2025-03-18T18:23:12.383+0000] {subprocess.py:106} INFO - [0m18:23:12  Finished running 1 table model in 0 hours 0 minutes and 1.96 seconds (1.96s).
[2025-03-18T18:23:12.799+0000] {subprocess.py:106} INFO - [0m18:23:12
[2025-03-18T18:23:12.802+0000] {subprocess.py:106} INFO - [0m18:23:12  [32mCompleted successfully[0m
[2025-03-18T18:23:12.804+0000] {subprocess.py:106} INFO - [0m18:23:12
[2025-03-18T18:23:12.806+0000] {subprocess.py:106} INFO - [0m18:23:12  Done. PASS=1 WARN=0 ERROR=0 SKIP=0 TOTAL=1
[2025-03-18T18:23:16.415+0000] {subprocess.py:110} INFO - Command exited with return code 0
[2025-03-18T18:23:16.575+0000] {taskinstance.py:341} INFO - ::group::Post task execution logs
[2025-03-18T18:23:16.577+0000] {taskinstance.py:353} INFO - Marking task as SUCCESS. dag_id=load_dbt_clean_reviews_pipeline, task_id=dbt_run, run_id=scheduled__2024-08-22T00:00:00+00:00, execution_date=20240822T000000, start_date=20250318T182247, end_date=20250318T182316
[2025-03-18T18:23:16.704+0000] {logging_mixin.py:190} INFO - Task instance in success state
[2025-03-18T18:23:16.705+0000] {logging_mixin.py:190} INFO -  Previous state of the Task instance: running
[2025-03-18T18:23:16.706+0000] {logging_mixin.py:190} INFO - Dag name:load_dbt_clean_reviews_pipeline queued_at:2025-03-18 18:22:40.043772+00:00
[2025-03-18T18:23:16.707+0000] {logging_mixin.py:190} INFO - Task hostname:DESKTOP-IM7V4RI. operator:BashOperator
[2025-03-18T18:23:16.766+0000] {local_task_job_runner.py:266} INFO - Task exited with return code 0
[2025-03-18T18:23:16.828+0000] {taskinstance.py:3901} INFO - 0 downstream tasks scheduled from follow-on schedule check
[2025-03-18T18:23:16.837+0000] {local_task_job_runner.py:245} INFO - ::endgroup::
