[2025-03-17T01:00:39.663+0000] {local_task_job_runner.py:123} INFO - ::group::Pre task execution logs
[2025-03-17T01:00:39.734+0000] {taskinstance.py:2614} INFO - Dependencies all met for dep_context=non-requeueable deps ti=<TaskInstance: load_reviews_pipeline.dbt_run scheduled__2024-09-28T00:00:00+00:00 [queued]>
[2025-03-17T01:00:39.754+0000] {taskinstance.py:2614} INFO - Dependencies all met for dep_context=requeueable deps ti=<TaskInstance: load_reviews_pipeline.dbt_run scheduled__2024-09-28T00:00:00+00:00 [queued]>
[2025-03-17T01:00:39.754+0000] {taskinstance.py:2867} INFO - Starting attempt 1 of 2
[2025-03-17T01:00:39.868+0000] {taskinstance.py:2890} INFO - Executing <Task(BashOperator): dbt_run> on 2024-09-28 00:00:00+00:00
[2025-03-17T01:00:39.876+0000] {standard_task_runner.py:72} INFO - Started process 301654 to run task
[2025-03-17T01:00:39.888+0000] {standard_task_runner.py:104} INFO - Running: ['airflow', 'tasks', 'run', 'load_reviews_pipeline', 'dbt_run', 'scheduled__2024-09-28T00:00:00+00:00', '--job-id', '436', '--raw', '--subdir', 'DAGS_FOLDER/dag_load_reviews.py', '--cfg-path', '/tmp/tmprpd0mq5p']
[2025-03-17T01:00:39.890+0000] {standard_task_runner.py:105} INFO - Job 436: Subtask dbt_run
[2025-03-17T01:00:40.028+0000] {task_command.py:467} INFO - Running <TaskInstance: load_reviews_pipeline.dbt_run scheduled__2024-09-28T00:00:00+00:00 [running]> on host DESKTOP-IM7V4RI.
[2025-03-17T01:00:40.252+0000] {taskinstance.py:3134} INFO - Exporting env vars: AIRFLOW_CTX_DAG_OWNER='mohammed' AIRFLOW_CTX_DAG_ID='load_reviews_pipeline' AIRFLOW_CTX_TASK_ID='dbt_run' AIRFLOW_CTX_EXECUTION_DATE='2024-09-28T00:00:00+00:00' AIRFLOW_CTX_TRY_NUMBER='1' AIRFLOW_CTX_DAG_RUN_ID='scheduled__2024-09-28T00:00:00+00:00'
[2025-03-17T01:00:40.254+0000] {logging_mixin.py:190} INFO - Task instance is in running state
[2025-03-17T01:00:40.254+0000] {logging_mixin.py:190} INFO -  Previous state of the Task instance: queued
[2025-03-17T01:00:40.254+0000] {logging_mixin.py:190} INFO - Current task name:dbt_run state:running start_date:2025-03-17 01:00:39.734968+00:00
[2025-03-17T01:00:40.255+0000] {logging_mixin.py:190} INFO - Dag name:load_reviews_pipeline and current dag run status:running
[2025-03-17T01:00:40.255+0000] {taskinstance.py:732} INFO - ::endgroup::
[2025-03-17T01:00:40.257+0000] {subprocess.py:78} INFO - Tmp dir root location: /tmp
[2025-03-17T01:00:40.260+0000] {subprocess.py:88} INFO - Running command: ['/usr/bin/bash', '-c', 'cd /home/mohammed/.dbt/bank_reviews_project && dbt run']
[2025-03-17T01:00:40.279+0000] {subprocess.py:99} INFO - Output:
[2025-03-17T01:00:43.052+0000] {subprocess.py:106} INFO - [0m01:00:43  Running with dbt=1.9.3
[2025-03-17T01:00:43.405+0000] {subprocess.py:106} INFO - [0m01:00:43  Registered adapter: postgres=1.9.0
[2025-03-17T01:00:44.074+0000] {subprocess.py:106} INFO - [0m01:00:44  Found 10 models, 4 data tests, 2 sources, 433 macros
[2025-03-17T01:00:44.080+0000] {subprocess.py:106} INFO - [0m01:00:44
[2025-03-17T01:00:44.081+0000] {subprocess.py:106} INFO - [0m01:00:44  Concurrency: 4 threads (target='dev')
[2025-03-17T01:00:44.082+0000] {subprocess.py:106} INFO - [0m01:00:44
[2025-03-17T01:00:44.304+0000] {subprocess.py:106} INFO - [0m01:00:44  1 of 10 START sql view model public.clean_reviews .............................. [RUN]
[2025-03-17T01:00:44.307+0000] {subprocess.py:106} INFO - [0m01:00:44  2 of 10 START sql table model public.my_first_dbt_model ........................ [RUN]
[2025-03-17T01:00:44.308+0000] {subprocess.py:106} INFO - [0m01:00:44  3 of 10 START sql view model public.remove_duplicates .......................... [RUN]
[2025-03-17T01:00:44.310+0000] {subprocess.py:106} INFO - [0m01:00:44  4 of 10 START sql view model public.stg_clean_reviews .......................... [RUN]
[2025-03-17T01:00:45.027+0000] {subprocess.py:106} INFO - [0m01:00:45  3 of 10 OK created sql view model public.remove_duplicates ..................... [[32mCREATE VIEW[0m in 0.70s]
[2025-03-17T01:00:45.036+0000] {subprocess.py:106} INFO - [0m01:00:45  4 of 10 OK created sql view model public.stg_clean_reviews ..................... [[32mCREATE VIEW[0m in 0.71s]
[2025-03-17T01:00:45.037+0000] {subprocess.py:106} INFO - [0m01:00:45  1 of 10 OK created sql view model public.clean_reviews ......................... [[32mCREATE VIEW[0m in 0.71s]
[2025-03-17T01:00:45.043+0000] {subprocess.py:106} INFO - [0m01:00:45  2 of 10 OK created sql table model public.my_first_dbt_model ................... [[32mSELECT 2[0m in 0.73s]
[2025-03-17T01:00:45.057+0000] {subprocess.py:106} INFO - [0m01:00:45  5 of 10 START sql view model public.dim_bank ................................... [RUN]
[2025-03-17T01:00:45.058+0000] {subprocess.py:106} INFO - [0m01:00:45  6 of 10 START sql view model public.dim_branch ................................. [RUN]
[2025-03-17T01:00:45.061+0000] {subprocess.py:106} INFO - [0m01:00:45  7 of 10 START sql view model public.dim_location ............................... [RUN]
[2025-03-17T01:00:45.064+0000] {subprocess.py:106} INFO - [0m01:00:45  8 of 10 START sql view model public.dim_sentiment .............................. [RUN]
[2025-03-17T01:00:45.269+0000] {subprocess.py:106} INFO - [0m01:00:45  5 of 10 OK created sql view model public.dim_bank .............................. [[32mCREATE VIEW[0m in 0.20s]
[2025-03-17T01:00:45.273+0000] {subprocess.py:106} INFO - [0m01:00:45  9 of 10 START sql view model public.my_second_dbt_model ........................ [RUN]
[2025-03-17T01:00:45.332+0000] {subprocess.py:106} INFO - [0m01:00:45  7 of 10 OK created sql view model public.dim_location .......................... [[32mCREATE VIEW[0m in 0.26s]
[2025-03-17T01:00:45.335+0000] {subprocess.py:106} INFO - [0m01:00:45  6 of 10 OK created sql view model public.dim_branch ............................ [[32mCREATE VIEW[0m in 0.26s]
[2025-03-17T01:00:45.339+0000] {subprocess.py:106} INFO - [0m01:00:45  8 of 10 OK created sql view model public.dim_sentiment ......................... [[32mCREATE VIEW[0m in 0.26s]
[2025-03-17T01:00:45.345+0000] {subprocess.py:106} INFO - [0m01:00:45  10 of 10 START sql view model public.fact_reviews .............................. [RUN]
[2025-03-17T01:00:45.418+0000] {subprocess.py:106} INFO - [0m01:00:45  9 of 10 OK created sql view model public.my_second_dbt_model ................... [[32mCREATE VIEW[0m in 0.13s]
[2025-03-17T01:00:45.439+0000] {subprocess.py:106} INFO - [0m01:00:45  10 of 10 OK created sql view model public.fact_reviews ......................... [[32mCREATE VIEW[0m in 0.09s]
[2025-03-17T01:00:45.466+0000] {subprocess.py:106} INFO - [0m01:00:45
[2025-03-17T01:00:45.467+0000] {subprocess.py:106} INFO - [0m01:00:45  Finished running 1 table model, 9 view models in 0 hours 0 minutes and 1.38 seconds (1.38s).
[2025-03-17T01:00:45.528+0000] {subprocess.py:106} INFO - [0m01:00:45
[2025-03-17T01:00:45.529+0000] {subprocess.py:106} INFO - [0m01:00:45  [32mCompleted successfully[0m
[2025-03-17T01:00:45.529+0000] {subprocess.py:106} INFO - [0m01:00:45
[2025-03-17T01:00:45.530+0000] {subprocess.py:106} INFO - [0m01:00:45  Done. PASS=10 WARN=0 ERROR=0 SKIP=0 TOTAL=10
[2025-03-17T01:00:47.549+0000] {subprocess.py:110} INFO - Command exited with return code 0
[2025-03-17T01:00:46.950+0000] {taskinstance.py:341} INFO - ::group::Post task execution logs
[2025-03-17T01:00:46.950+0000] {taskinstance.py:353} INFO - Marking task as SUCCESS. dag_id=load_reviews_pipeline, task_id=dbt_run, run_id=scheduled__2024-09-28T00:00:00+00:00, execution_date=20240928T000000, start_date=20250317T010039, end_date=20250317T010046
[2025-03-17T01:00:47.035+0000] {logging_mixin.py:190} INFO - Task instance in success state
[2025-03-17T01:00:47.036+0000] {logging_mixin.py:190} INFO -  Previous state of the Task instance: running
[2025-03-17T01:00:47.036+0000] {logging_mixin.py:190} INFO - Dag name:load_reviews_pipeline queued_at:2025-03-17 01:00:38.131003+00:00
[2025-03-17T01:00:47.037+0000] {logging_mixin.py:190} INFO - Task hostname:DESKTOP-IM7V4RI. operator:BashOperator
[2025-03-17T01:00:47.067+0000] {local_task_job_runner.py:266} INFO - Task exited with return code 0
[2025-03-17T01:00:47.102+0000] {local_task_job_runner.py:245} INFO - ::endgroup::
