[2025-03-18T18:33:48.003+0000] {local_task_job_runner.py:123} INFO - ::group::Pre task execution logs
[2025-03-18T18:33:48.442+0000] {taskinstance.py:2614} INFO - Dependencies all met for dep_context=non-requeueable deps ti=<TaskInstance: load_dbt_clean_reviews_pipeline.dbt_run scheduled__2025-01-26T00:00:00+00:00 [queued]>
[2025-03-18T18:33:48.508+0000] {taskinstance.py:2614} INFO - Dependencies all met for dep_context=requeueable deps ti=<TaskInstance: load_dbt_clean_reviews_pipeline.dbt_run scheduled__2025-01-26T00:00:00+00:00 [queued]>
[2025-03-18T18:33:48.509+0000] {taskinstance.py:2867} INFO - Starting attempt 1 of 2
[2025-03-18T18:33:48.920+0000] {taskinstance.py:2890} INFO - Executing <Task(BashOperator): dbt_run> on 2025-01-26 00:00:00+00:00
[2025-03-18T18:33:48.949+0000] {standard_task_runner.py:72} INFO - Started process 29767 to run task
[2025-03-18T18:33:48.999+0000] {standard_task_runner.py:104} INFO - Running: ['airflow', 'tasks', 'run', 'load_dbt_clean_reviews_pipeline', 'dbt_run', 'scheduled__2025-01-26T00:00:00+00:00', '--job-id', '1143', '--raw', '--subdir', 'DAGS_FOLDER/dag_load_reviews.py', '--cfg-path', '/tmp/tmp07tyu_cz']
[2025-03-18T18:33:49.012+0000] {standard_task_runner.py:105} INFO - Job 1143: Subtask dbt_run
[2025-03-18T18:33:49.782+0000] {task_command.py:467} INFO - Running <TaskInstance: load_dbt_clean_reviews_pipeline.dbt_run scheduled__2025-01-26T00:00:00+00:00 [running]> on host DESKTOP-IM7V4RI.
[2025-03-18T18:33:51.511+0000] {taskinstance.py:3134} INFO - Exporting env vars: AIRFLOW_CTX_DAG_OWNER='mohammed' AIRFLOW_CTX_DAG_ID='load_dbt_clean_reviews_pipeline' AIRFLOW_CTX_TASK_ID='dbt_run' AIRFLOW_CTX_EXECUTION_DATE='2025-01-26T00:00:00+00:00' AIRFLOW_CTX_TRY_NUMBER='1' AIRFLOW_CTX_DAG_RUN_ID='scheduled__2025-01-26T00:00:00+00:00'
[2025-03-18T18:33:51.607+0000] {logging_mixin.py:190} INFO - Task instance is in running state
[2025-03-18T18:33:51.620+0000] {logging_mixin.py:190} INFO -  Previous state of the Task instance: queued
[2025-03-18T18:33:51.621+0000] {logging_mixin.py:190} INFO - Current task name:dbt_run state:running start_date:2025-03-18 18:33:48.443537+00:00
[2025-03-18T18:33:51.622+0000] {logging_mixin.py:190} INFO - Dag name:load_dbt_clean_reviews_pipeline and current dag run status:running
[2025-03-18T18:33:51.623+0000] {taskinstance.py:732} INFO - ::endgroup::
[2025-03-18T18:33:51.625+0000] {subprocess.py:78} INFO - Tmp dir root location: /tmp
[2025-03-18T18:33:51.628+0000] {subprocess.py:88} INFO - Running command: ['/usr/bin/bash', '-c', 'cd /home/mohammed/.dbt/dbt_projects/bank_reviews_transactional && dbt run']
[2025-03-18T18:33:51.694+0000] {subprocess.py:99} INFO - Output:
[2025-03-18T18:34:15.391+0000] {subprocess.py:106} INFO - [0m18:34:15  Running with dbt=1.9.3
[2025-03-18T18:34:17.649+0000] {subprocess.py:106} INFO - [0m18:34:17  Registered adapter: postgres=1.9.0
[2025-03-18T18:34:20.564+0000] {subprocess.py:106} INFO - [0m18:34:20  [[33mWARNING[0m]: Configuration paths exist in your dbt_project.yml file which do not apply to any resources.
[2025-03-18T18:34:20.565+0000] {subprocess.py:106} INFO - There are 1 unused configuration paths:
[2025-03-18T18:34:20.567+0000] {subprocess.py:106} INFO - - models.bank_reviews_transactional.transactional
[2025-03-18T18:34:22.304+0000] {subprocess.py:106} INFO - [0m18:34:22  Found 1 model, 1 source, 433 macros
[2025-03-18T18:34:22.342+0000] {subprocess.py:106} INFO - [0m18:34:22
[2025-03-18T18:34:22.345+0000] {subprocess.py:106} INFO - [0m18:34:22  Concurrency: 4 threads (target='dev')
[2025-03-18T18:34:22.351+0000] {subprocess.py:106} INFO - [0m18:34:22
[2025-03-18T18:34:23.899+0000] {subprocess.py:106} INFO - [0m18:34:23  1 of 1 START sql table model transactional.clean_reviews ....................... [RUN]
[2025-03-18T18:34:30.004+0000] {subprocess.py:106} INFO - [0m18:34:30  1 of 1 OK created sql table model transactional.clean_reviews .................. [[32mSELECT 549[0m in 6.04s]
[2025-03-18T18:34:30.428+0000] {subprocess.py:106} INFO - [0m18:34:30
[2025-03-18T18:34:30.456+0000] {subprocess.py:106} INFO - [0m18:34:30  Finished running 1 table model in 0 hours 0 minutes and 8.06 seconds (8.06s).
[2025-03-18T18:34:31.117+0000] {subprocess.py:106} INFO - [0m18:34:31
[2025-03-18T18:34:31.120+0000] {subprocess.py:106} INFO - [0m18:34:31  [32mCompleted successfully[0m
[2025-03-18T18:34:31.150+0000] {subprocess.py:106} INFO - [0m18:34:31
[2025-03-18T18:34:31.164+0000] {subprocess.py:106} INFO - [0m18:34:31  Done. PASS=1 WARN=0 ERROR=0 SKIP=0 TOTAL=1
[2025-03-18T18:34:42.262+0000] {subprocess.py:110} INFO - Command exited with return code 0
[2025-03-18T18:34:44.349+0000] {taskinstance.py:341} INFO - ::group::Post task execution logs
[2025-03-18T18:34:44.357+0000] {taskinstance.py:353} INFO - Marking task as SUCCESS. dag_id=load_dbt_clean_reviews_pipeline, task_id=dbt_run, run_id=scheduled__2025-01-26T00:00:00+00:00, execution_date=20250126T000000, start_date=20250318T183348, end_date=20250318T183444
[2025-03-18T18:34:44.593+0000] {logging_mixin.py:190} INFO - Task instance in success state
[2025-03-18T18:34:44.594+0000] {logging_mixin.py:190} INFO -  Previous state of the Task instance: running
[2025-03-18T18:34:44.595+0000] {logging_mixin.py:190} INFO - Dag name:load_dbt_clean_reviews_pipeline queued_at:2025-03-18 18:33:43.903470+00:00
[2025-03-18T18:34:44.595+0000] {logging_mixin.py:190} INFO - Task hostname:DESKTOP-IM7V4RI. operator:BashOperator
[2025-03-18T18:34:44.652+0000] {local_task_job_runner.py:266} INFO - Task exited with return code 0
[2025-03-18T18:34:44.811+0000] {taskinstance.py:3901} INFO - 0 downstream tasks scheduled from follow-on schedule check
[2025-03-18T18:34:44.829+0000] {local_task_job_runner.py:245} INFO - ::endgroup::
