[2025-03-28T02:31:27.971+0000] {local_task_job_runner.py:123} INFO - ::group::Pre task execution logs
[2025-03-28T02:31:28.309+0000] {taskinstance.py:2614} INFO - Dependencies all met for dep_context=non-requeueable deps ti=<TaskInstance: load_dbt_clean_reviews_pipeline.dbt_run_transactional scheduled__2024-10-05T00:00:00+00:00 [queued]>
[2025-03-28T02:31:28.424+0000] {taskinstance.py:2614} INFO - Dependencies all met for dep_context=requeueable deps ti=<TaskInstance: load_dbt_clean_reviews_pipeline.dbt_run_transactional scheduled__2024-10-05T00:00:00+00:00 [queued]>
[2025-03-28T02:31:28.425+0000] {taskinstance.py:2867} INFO - Starting attempt 1 of 2
[2025-03-28T02:31:28.915+0000] {taskinstance.py:2890} INFO - Executing <Task(BashOperator): dbt_run_transactional> on 2024-10-05 00:00:00+00:00
[2025-03-28T02:31:28.999+0000] {standard_task_runner.py:72} INFO - Started process 209949 to run task
[2025-03-28T02:31:29.102+0000] {standard_task_runner.py:104} INFO - Running: ['airflow', 'tasks', 'run', 'load_dbt_clean_reviews_pipeline', 'dbt_run_transactional', 'scheduled__2024-10-05T00:00:00+00:00', '--job-id', '2200', '--raw', '--subdir', 'DAGS_FOLDER/dag_load_reviews.py', '--cfg-path', '/tmp/tmpk25ixu8w']
[2025-03-28T02:31:29.110+0000] {standard_task_runner.py:105} INFO - Job 2200: Subtask dbt_run_transactional
[2025-03-28T02:31:29.916+0000] {task_command.py:467} INFO - Running <TaskInstance: load_dbt_clean_reviews_pipeline.dbt_run_transactional scheduled__2024-10-05T00:00:00+00:00 [running]> on host DESKTOP-IM7V4RI.
[2025-03-28T02:31:31.095+0000] {taskinstance.py:3134} INFO - Exporting env vars: AIRFLOW_CTX_DAG_OWNER='mohammed' AIRFLOW_CTX_DAG_ID='load_dbt_clean_reviews_pipeline' AIRFLOW_CTX_TASK_ID='dbt_run_transactional' AIRFLOW_CTX_EXECUTION_DATE='2024-10-05T00:00:00+00:00' AIRFLOW_CTX_TRY_NUMBER='1' AIRFLOW_CTX_DAG_RUN_ID='scheduled__2024-10-05T00:00:00+00:00'
[2025-03-28T02:31:31.097+0000] {logging_mixin.py:190} INFO - Task instance is in running state
[2025-03-28T02:31:31.098+0000] {logging_mixin.py:190} INFO -  Previous state of the Task instance: queued
[2025-03-28T02:31:31.099+0000] {logging_mixin.py:190} INFO - Current task name:dbt_run_transactional state:running start_date:2025-03-28 02:31:28.310002+00:00
[2025-03-28T02:31:31.100+0000] {logging_mixin.py:190} INFO - Dag name:load_dbt_clean_reviews_pipeline and current dag run status:running
[2025-03-28T02:31:31.100+0000] {taskinstance.py:732} INFO - ::endgroup::
[2025-03-28T02:31:31.125+0000] {subprocess.py:78} INFO - Tmp dir root location: /tmp
[2025-03-28T02:31:31.139+0000] {subprocess.py:88} INFO - Running command: ['/usr/bin/bash', '-c', 'cd /home/mohammed/.dbt/dbt_projects/bank_reviews_transactional && dbt run']
[2025-03-28T02:31:31.241+0000] {subprocess.py:99} INFO - Output:
[2025-03-28T02:32:07.958+0000] {subprocess.py:106} INFO - [0m02:32:07  Running with dbt=1.9.3
[2025-03-28T02:32:15.540+0000] {subprocess.py:106} INFO - [0m02:32:15  Registered adapter: postgres=1.9.0
[2025-03-28T02:32:19.380+0000] {subprocess.py:106} INFO - [0m02:32:19  [[33mWARNING[0m]: Configuration paths exist in your dbt_project.yml file which do not apply to any resources.
[2025-03-28T02:32:19.381+0000] {subprocess.py:106} INFO - There are 1 unused configuration paths:
[2025-03-28T02:32:19.381+0000] {subprocess.py:106} INFO - - models.bank_reviews_transactional.transactional
[2025-03-28T02:32:21.671+0000] {subprocess.py:106} INFO - [0m02:32:21  Found 1 model, 1 source, 433 macros
[2025-03-28T02:32:21.723+0000] {subprocess.py:106} INFO - [0m02:32:21
[2025-03-28T02:32:21.746+0000] {subprocess.py:106} INFO - [0m02:32:21  Concurrency: 4 threads (target='dev')
[2025-03-28T02:32:21.751+0000] {subprocess.py:106} INFO - [0m02:32:21
[2025-03-28T02:32:24.233+0000] {subprocess.py:106} INFO - [0m02:32:24  1 of 1 START sql table model transactional.clean_reviews ....................... [RUN]
[2025-03-28T02:32:30.347+0000] {subprocess.py:106} INFO - [0m02:32:30  1 of 1 OK created sql table model transactional.clean_reviews .................. [[32mSELECT 281[0m in 5.94s]
[2025-03-28T02:32:30.960+0000] {subprocess.py:106} INFO - [0m02:32:30
[2025-03-28T02:32:30.976+0000] {subprocess.py:106} INFO - [0m02:32:30  Finished running 1 table model in 0 hours 0 minutes and 9.21 seconds (9.21s).
[2025-03-28T02:32:31.878+0000] {subprocess.py:106} INFO - [0m02:32:31
[2025-03-28T02:32:31.913+0000] {subprocess.py:106} INFO - [0m02:32:31  [32mCompleted successfully[0m
[2025-03-28T02:32:31.920+0000] {subprocess.py:106} INFO - [0m02:32:31
[2025-03-28T02:32:31.946+0000] {subprocess.py:106} INFO - [0m02:32:31  Done. PASS=1 WARN=0 ERROR=0 SKIP=0 TOTAL=1
[2025-03-28T02:32:40.749+0000] {subprocess.py:110} INFO - Command exited with return code 0
[2025-03-28T02:32:43.769+0000] {taskinstance.py:341} INFO - ::group::Post task execution logs
[2025-03-28T02:32:43.774+0000] {taskinstance.py:353} INFO - Marking task as SUCCESS. dag_id=load_dbt_clean_reviews_pipeline, task_id=dbt_run_transactional, run_id=scheduled__2024-10-05T00:00:00+00:00, execution_date=20241005T000000, start_date=20250328T023128, end_date=20250328T023243
[2025-03-28T02:32:44.565+0000] {logging_mixin.py:190} INFO - Task instance in success state
[2025-03-28T02:32:44.566+0000] {logging_mixin.py:190} INFO -  Previous state of the Task instance: running
[2025-03-28T02:32:44.567+0000] {logging_mixin.py:190} INFO - Dag name:load_dbt_clean_reviews_pipeline queued_at:2025-03-28 02:31:13.821930+00:00
[2025-03-28T02:32:44.592+0000] {logging_mixin.py:190} INFO - Task hostname:DESKTOP-IM7V4RI. operator:BashOperator
[2025-03-28T02:32:44.806+0000] {local_task_job_runner.py:266} INFO - Task exited with return code 0
[2025-03-28T02:32:45.745+0000] {taskinstance.py:3901} INFO - 0 downstream tasks scheduled from follow-on schedule check
[2025-03-28T02:32:45.788+0000] {local_task_job_runner.py:245} INFO - ::endgroup::
