[2025-03-17T01:06:03.847+0000] {local_task_job_runner.py:123} INFO - ::group::Pre task execution logs
[2025-03-17T01:06:03.870+0000] {taskinstance.py:2614} INFO - Dependencies all met for dep_context=non-requeueable deps ti=<TaskInstance: load_reviews_pipeline.dbt_run scheduled__2024-10-04T00:00:00+00:00 [queued]>
[2025-03-17T01:06:03.878+0000] {taskinstance.py:2614} INFO - Dependencies all met for dep_context=requeueable deps ti=<TaskInstance: load_reviews_pipeline.dbt_run scheduled__2024-10-04T00:00:00+00:00 [queued]>
[2025-03-17T01:06:03.878+0000] {taskinstance.py:2867} INFO - Starting attempt 2 of 2
[2025-03-17T01:06:03.894+0000] {taskinstance.py:2890} INFO - Executing <Task(BashOperator): dbt_run> on 2024-10-04 00:00:00+00:00
[2025-03-17T01:06:03.901+0000] {standard_task_runner.py:72} INFO - Started process 310336 to run task
[2025-03-17T01:06:03.906+0000] {standard_task_runner.py:104} INFO - Running: ['airflow', 'tasks', 'run', 'load_reviews_pipeline', 'dbt_run', 'scheduled__2024-10-04T00:00:00+00:00', '--job-id', '497', '--raw', '--subdir', 'DAGS_FOLDER/dag_load_reviews.py', '--cfg-path', '/tmp/tmp7wzr6dzc']
[2025-03-17T01:06:03.907+0000] {standard_task_runner.py:105} INFO - Job 497: Subtask dbt_run
[2025-03-17T01:06:03.994+0000] {task_command.py:467} INFO - Running <TaskInstance: load_reviews_pipeline.dbt_run scheduled__2024-10-04T00:00:00+00:00 [running]> on host DESKTOP-IM7V4RI.
[2025-03-17T01:06:04.149+0000] {taskinstance.py:3134} INFO - Exporting env vars: AIRFLOW_CTX_DAG_OWNER='mohammed' AIRFLOW_CTX_DAG_ID='load_reviews_pipeline' AIRFLOW_CTX_TASK_ID='dbt_run' AIRFLOW_CTX_EXECUTION_DATE='2024-10-04T00:00:00+00:00' AIRFLOW_CTX_TRY_NUMBER='2' AIRFLOW_CTX_DAG_RUN_ID='scheduled__2024-10-04T00:00:00+00:00'
[2025-03-17T01:06:04.151+0000] {logging_mixin.py:190} INFO - Task instance is in running state
[2025-03-17T01:06:04.151+0000] {logging_mixin.py:190} INFO -  Previous state of the Task instance: queued
[2025-03-17T01:06:04.152+0000] {logging_mixin.py:190} INFO - Current task name:dbt_run state:running start_date:2025-03-17 01:06:03.871115+00:00
[2025-03-17T01:06:04.152+0000] {logging_mixin.py:190} INFO - Dag name:load_reviews_pipeline and current dag run status:running
[2025-03-17T01:06:04.152+0000] {taskinstance.py:732} INFO - ::endgroup::
[2025-03-17T01:06:04.153+0000] {subprocess.py:78} INFO - Tmp dir root location: /tmp
[2025-03-17T01:06:04.154+0000] {subprocess.py:88} INFO - Running command: ['/usr/bin/bash', '-c', 'cd /home/mohammed/.dbt/bank_reviews_project && dbt run']
[2025-03-17T01:06:04.169+0000] {subprocess.py:99} INFO - Output:
[2025-03-17T01:06:05.969+0000] {subprocess.py:106} INFO - [0m01:06:05  Running with dbt=1.9.3
[2025-03-17T01:06:06.326+0000] {subprocess.py:106} INFO - [0m01:06:06  Registered adapter: postgres=1.9.0
[2025-03-17T01:06:06.926+0000] {subprocess.py:106} INFO - [0m01:06:06  Found 10 models, 4 data tests, 2 sources, 433 macros
[2025-03-17T01:06:06.930+0000] {subprocess.py:106} INFO - [0m01:06:06
[2025-03-17T01:06:06.931+0000] {subprocess.py:106} INFO - [0m01:06:06  Concurrency: 4 threads (target='dev')
[2025-03-17T01:06:06.933+0000] {subprocess.py:106} INFO - [0m01:06:06
[2025-03-17T01:06:07.130+0000] {subprocess.py:106} INFO - [0m01:06:07  1 of 10 START sql view model public.clean_reviews .............................. [RUN]
[2025-03-17T01:06:07.132+0000] {subprocess.py:106} INFO - [0m01:06:07  2 of 10 START sql table model public.my_first_dbt_model ........................ [RUN]
[2025-03-17T01:06:07.135+0000] {subprocess.py:106} INFO - [0m01:06:07  3 of 10 START sql view model public.remove_duplicates .......................... [RUN]
[2025-03-17T01:06:07.138+0000] {subprocess.py:106} INFO - [0m01:06:07  4 of 10 START sql view model public.stg_clean_reviews .......................... [RUN]
[2025-03-17T01:06:07.828+0000] {subprocess.py:106} INFO - [0m01:06:07  3 of 10 OK created sql view model public.remove_duplicates ..................... [[32mCREATE VIEW[0m in 0.67s]
[2025-03-17T01:06:07.845+0000] {subprocess.py:106} INFO - [0m01:06:07  4 of 10 OK created sql view model public.stg_clean_reviews ..................... [[32mCREATE VIEW[0m in 0.67s]
[2025-03-17T01:06:07.846+0000] {subprocess.py:106} INFO - [0m01:06:07  1 of 10 OK created sql view model public.clean_reviews ......................... [[32mCREATE VIEW[0m in 0.69s]
[2025-03-17T01:06:07.865+0000] {subprocess.py:106} INFO - [0m01:06:07  5 of 10 START sql view model public.dim_bank ................................... [RUN]
[2025-03-17T01:06:07.871+0000] {subprocess.py:106} INFO - [0m01:06:07  2 of 10 OK created sql table model public.my_first_dbt_model ................... [[32mSELECT 2[0m in 0.73s]
[2025-03-17T01:06:07.873+0000] {subprocess.py:106} INFO - [0m01:06:07  6 of 10 START sql view model public.dim_branch ................................. [RUN]
[2025-03-17T01:06:07.875+0000] {subprocess.py:106} INFO - [0m01:06:07  7 of 10 START sql view model public.dim_location ............................... [RUN]
[2025-03-17T01:06:07.899+0000] {subprocess.py:106} INFO - [0m01:06:07  8 of 10 START sql view model public.dim_sentiment .............................. [RUN]
[2025-03-17T01:06:08.233+0000] {subprocess.py:106} INFO - [0m01:06:08  6 of 10 OK created sql view model public.dim_branch ............................ [[32mCREATE VIEW[0m in 0.34s]
[2025-03-17T01:06:08.242+0000] {subprocess.py:106} INFO - [0m01:06:08  7 of 10 OK created sql view model public.dim_location .......................... [[32mCREATE VIEW[0m in 0.34s]
[2025-03-17T01:06:08.244+0000] {subprocess.py:106} INFO - [0m01:06:08  8 of 10 OK created sql view model public.dim_sentiment ......................... [[32mCREATE VIEW[0m in 0.32s]
[2025-03-17T01:06:08.264+0000] {subprocess.py:106} INFO - [0m01:06:08  9 of 10 START sql view model public.my_second_dbt_model ........................ [RUN]
[2025-03-17T01:06:08.269+0000] {subprocess.py:106} INFO - [0m01:06:08  5 of 10 OK created sql view model public.dim_bank .............................. [[32mCREATE VIEW[0m in 0.39s]
[2025-03-17T01:06:08.286+0000] {subprocess.py:106} INFO - [0m01:06:08  10 of 10 START sql view model public.fact_reviews .............................. [RUN]
[2025-03-17T01:06:08.455+0000] {subprocess.py:106} INFO - [0m01:06:08  9 of 10 OK created sql view model public.my_second_dbt_model ................... [[32mCREATE VIEW[0m in 0.18s]
[2025-03-17T01:06:08.478+0000] {subprocess.py:106} INFO - [0m01:06:08  10 of 10 OK created sql view model public.fact_reviews ......................... [[32mCREATE VIEW[0m in 0.19s]
[2025-03-17T01:06:08.523+0000] {subprocess.py:106} INFO - [0m01:06:08
[2025-03-17T01:06:08.524+0000] {subprocess.py:106} INFO - [0m01:06:08  Finished running 1 table model, 9 view models in 0 hours 0 minutes and 1.59 seconds (1.59s).
[2025-03-17T01:06:08.622+0000] {subprocess.py:106} INFO - [0m01:06:08
[2025-03-17T01:06:08.624+0000] {subprocess.py:106} INFO - [0m01:06:08  [32mCompleted successfully[0m
[2025-03-17T01:06:08.625+0000] {subprocess.py:106} INFO - [0m01:06:08
[2025-03-17T01:06:08.630+0000] {subprocess.py:106} INFO - [0m01:06:08  Done. PASS=10 WARN=0 ERROR=0 SKIP=0 TOTAL=10
[2025-03-17T01:06:16.761+0000] {subprocess.py:110} INFO - Command exited with return code 0
[2025-03-17T01:06:16.827+0000] {taskinstance.py:341} INFO - ::group::Post task execution logs
[2025-03-17T01:06:16.828+0000] {taskinstance.py:353} INFO - Marking task as SUCCESS. dag_id=load_reviews_pipeline, task_id=dbt_run, run_id=scheduled__2024-10-04T00:00:00+00:00, execution_date=20241004T000000, start_date=20250317T010603, end_date=20250317T010616
[2025-03-17T01:06:16.892+0000] {logging_mixin.py:190} INFO - Task instance in success state
[2025-03-17T01:06:16.892+0000] {logging_mixin.py:190} INFO -  Previous state of the Task instance: running
[2025-03-17T01:06:16.892+0000] {logging_mixin.py:190} INFO - Dag name:load_reviews_pipeline queued_at:2025-03-17 01:00:51.305136+00:00
[2025-03-17T01:06:16.892+0000] {logging_mixin.py:190} INFO - Task hostname:DESKTOP-IM7V4RI. operator:BashOperator
[2025-03-17T01:06:16.913+0000] {local_task_job_runner.py:266} INFO - Task exited with return code 0
[2025-03-17T01:06:16.942+0000] {taskinstance.py:3901} INFO - 0 downstream tasks scheduled from follow-on schedule check
[2025-03-17T01:06:16.946+0000] {local_task_job_runner.py:245} INFO - ::endgroup::
