[2025-02-16T23:22:19.522+0100] {processor.py:186} INFO - Started process (PID=4185) to work on /home/mohammed/myenv/lib/python3.12/site-packages/airflow/example_dags/plugins/workday.py
[2025-02-16T23:22:19.523+0100] {processor.py:914} INFO - Processing file /home/mohammed/myenv/lib/python3.12/site-packages/airflow/example_dags/plugins/workday.py for tasks to queue
[2025-02-16T23:22:19.527+0100] {logging_mixin.py:190} INFO - [2025-02-16T23:22:19.526+0100] {dagbag.py:588} INFO - Filling up the DagBag from /home/mohammed/myenv/lib/python3.12/site-packages/airflow/example_dags/plugins/workday.py
[2025-02-16T23:22:19.533+0100] {logging_mixin.py:190} INFO - [2025-02-16T23:22:19.533+0100] {workday.py:41} WARNING - Could not import pandas. Holidays will not be considered.
[2025-02-16T23:22:19.534+0100] {processor.py:927} WARNING - No viable dags retrieved from /home/mohammed/myenv/lib/python3.12/site-packages/airflow/example_dags/plugins/workday.py
[2025-02-16T23:22:19.631+0100] {processor.py:208} INFO - Processing /home/mohammed/myenv/lib/python3.12/site-packages/airflow/example_dags/plugins/workday.py took 0.127 seconds
[2025-02-16T23:24:07.466+0100] {processor.py:186} INFO - Started process (PID=4267) to work on /home/mohammed/myenv/lib/python3.12/site-packages/airflow/example_dags/plugins/workday.py
[2025-02-16T23:24:07.474+0100] {processor.py:914} INFO - Processing file /home/mohammed/myenv/lib/python3.12/site-packages/airflow/example_dags/plugins/workday.py for tasks to queue
[2025-02-16T23:24:07.477+0100] {logging_mixin.py:190} INFO - [2025-02-16T23:24:07.477+0100] {dagbag.py:588} INFO - Filling up the DagBag from /home/mohammed/myenv/lib/python3.12/site-packages/airflow/example_dags/plugins/workday.py
[2025-02-16T23:24:07.482+0100] {logging_mixin.py:190} INFO - [2025-02-16T23:24:07.482+0100] {workday.py:41} WARNING - Could not import pandas. Holidays will not be considered.
[2025-02-16T23:24:07.483+0100] {processor.py:927} WARNING - No viable dags retrieved from /home/mohammed/myenv/lib/python3.12/site-packages/airflow/example_dags/plugins/workday.py
[2025-02-16T23:24:07.505+0100] {processor.py:208} INFO - Processing /home/mohammed/myenv/lib/python3.12/site-packages/airflow/example_dags/plugins/workday.py took 0.048 seconds
[2025-02-16T23:24:57.067+0100] {processor.py:186} INFO - Started process (PID=4317) to work on /home/mohammed/myenv/lib/python3.12/site-packages/airflow/example_dags/plugins/workday.py
[2025-02-16T23:24:57.071+0100] {processor.py:914} INFO - Processing file /home/mohammed/myenv/lib/python3.12/site-packages/airflow/example_dags/plugins/workday.py for tasks to queue
[2025-02-16T23:24:57.078+0100] {logging_mixin.py:190} INFO - [2025-02-16T23:24:57.076+0100] {dagbag.py:588} INFO - Filling up the DagBag from /home/mohammed/myenv/lib/python3.12/site-packages/airflow/example_dags/plugins/workday.py
[2025-02-16T23:24:57.083+0100] {logging_mixin.py:190} INFO - [2025-02-16T23:24:57.083+0100] {workday.py:41} WARNING - Could not import pandas. Holidays will not be considered.
[2025-02-16T23:24:57.084+0100] {processor.py:927} WARNING - No viable dags retrieved from /home/mohammed/myenv/lib/python3.12/site-packages/airflow/example_dags/plugins/workday.py
[2025-02-16T23:24:57.112+0100] {processor.py:208} INFO - Processing /home/mohammed/myenv/lib/python3.12/site-packages/airflow/example_dags/plugins/workday.py took 0.059 seconds
[2025-02-16T23:25:42.751+0100] {processor.py:186} INFO - Started process (PID=4362) to work on /home/mohammed/myenv/lib/python3.12/site-packages/airflow/example_dags/plugins/workday.py
[2025-02-16T23:25:42.756+0100] {processor.py:914} INFO - Processing file /home/mohammed/myenv/lib/python3.12/site-packages/airflow/example_dags/plugins/workday.py for tasks to queue
[2025-02-16T23:25:42.765+0100] {logging_mixin.py:190} INFO - [2025-02-16T23:25:42.763+0100] {dagbag.py:588} INFO - Filling up the DagBag from /home/mohammed/myenv/lib/python3.12/site-packages/airflow/example_dags/plugins/workday.py
[2025-02-16T23:25:42.777+0100] {logging_mixin.py:190} INFO - [2025-02-16T23:25:42.776+0100] {workday.py:41} WARNING - Could not import pandas. Holidays will not be considered.
[2025-02-16T23:25:42.779+0100] {processor.py:927} WARNING - No viable dags retrieved from /home/mohammed/myenv/lib/python3.12/site-packages/airflow/example_dags/plugins/workday.py
[2025-02-16T23:25:42.821+0100] {processor.py:208} INFO - Processing /home/mohammed/myenv/lib/python3.12/site-packages/airflow/example_dags/plugins/workday.py took 0.094 seconds
[2025-02-16T23:26:25.947+0100] {processor.py:186} INFO - Started process (PID=4396) to work on /home/mohammed/myenv/lib/python3.12/site-packages/airflow/example_dags/plugins/workday.py
[2025-02-16T23:26:25.952+0100] {processor.py:914} INFO - Processing file /home/mohammed/myenv/lib/python3.12/site-packages/airflow/example_dags/plugins/workday.py for tasks to queue
[2025-02-16T23:26:25.959+0100] {logging_mixin.py:190} INFO - [2025-02-16T23:26:25.958+0100] {dagbag.py:588} INFO - Filling up the DagBag from /home/mohammed/myenv/lib/python3.12/site-packages/airflow/example_dags/plugins/workday.py
[2025-02-16T23:26:25.969+0100] {logging_mixin.py:190} INFO - [2025-02-16T23:26:25.968+0100] {workday.py:41} WARNING - Could not import pandas. Holidays will not be considered.
[2025-02-16T23:26:25.970+0100] {processor.py:927} WARNING - No viable dags retrieved from /home/mohammed/myenv/lib/python3.12/site-packages/airflow/example_dags/plugins/workday.py
[2025-02-16T23:26:26.007+0100] {processor.py:208} INFO - Processing /home/mohammed/myenv/lib/python3.12/site-packages/airflow/example_dags/plugins/workday.py took 0.080 seconds
[2025-02-16T23:27:09.187+0100] {processor.py:186} INFO - Started process (PID=4430) to work on /home/mohammed/myenv/lib/python3.12/site-packages/airflow/example_dags/plugins/workday.py
[2025-02-16T23:27:09.189+0100] {processor.py:914} INFO - Processing file /home/mohammed/myenv/lib/python3.12/site-packages/airflow/example_dags/plugins/workday.py for tasks to queue
[2025-02-16T23:27:09.192+0100] {logging_mixin.py:190} INFO - [2025-02-16T23:27:09.192+0100] {dagbag.py:588} INFO - Filling up the DagBag from /home/mohammed/myenv/lib/python3.12/site-packages/airflow/example_dags/plugins/workday.py
[2025-02-16T23:27:09.197+0100] {logging_mixin.py:190} INFO - [2025-02-16T23:27:09.197+0100] {workday.py:41} WARNING - Could not import pandas. Holidays will not be considered.
[2025-02-16T23:27:09.198+0100] {processor.py:927} WARNING - No viable dags retrieved from /home/mohammed/myenv/lib/python3.12/site-packages/airflow/example_dags/plugins/workday.py
[2025-02-16T23:27:09.212+0100] {processor.py:208} INFO - Processing /home/mohammed/myenv/lib/python3.12/site-packages/airflow/example_dags/plugins/workday.py took 0.035 seconds
[2025-02-16T23:27:46.833+0100] {processor.py:186} INFO - Started process (PID=4463) to work on /home/mohammed/myenv/lib/python3.12/site-packages/airflow/example_dags/plugins/workday.py
[2025-02-16T23:27:46.846+0100] {processor.py:914} INFO - Processing file /home/mohammed/myenv/lib/python3.12/site-packages/airflow/example_dags/plugins/workday.py for tasks to queue
[2025-02-16T23:27:46.854+0100] {logging_mixin.py:190} INFO - [2025-02-16T23:27:46.852+0100] {dagbag.py:588} INFO - Filling up the DagBag from /home/mohammed/myenv/lib/python3.12/site-packages/airflow/example_dags/plugins/workday.py
[2025-02-16T23:27:46.869+0100] {logging_mixin.py:190} INFO - [2025-02-16T23:27:46.868+0100] {workday.py:41} WARNING - Could not import pandas. Holidays will not be considered.
[2025-02-16T23:27:46.871+0100] {processor.py:927} WARNING - No viable dags retrieved from /home/mohammed/myenv/lib/python3.12/site-packages/airflow/example_dags/plugins/workday.py
[2025-02-16T23:27:46.919+0100] {processor.py:208} INFO - Processing /home/mohammed/myenv/lib/python3.12/site-packages/airflow/example_dags/plugins/workday.py took 0.111 seconds
[2025-02-16T23:28:28.705+0100] {processor.py:186} INFO - Started process (PID=4498) to work on /home/mohammed/myenv/lib/python3.12/site-packages/airflow/example_dags/plugins/workday.py
[2025-02-16T23:28:28.717+0100] {processor.py:914} INFO - Processing file /home/mohammed/myenv/lib/python3.12/site-packages/airflow/example_dags/plugins/workday.py for tasks to queue
[2025-02-16T23:28:28.720+0100] {logging_mixin.py:190} INFO - [2025-02-16T23:28:28.720+0100] {dagbag.py:588} INFO - Filling up the DagBag from /home/mohammed/myenv/lib/python3.12/site-packages/airflow/example_dags/plugins/workday.py
[2025-02-16T23:28:28.727+0100] {logging_mixin.py:190} INFO - [2025-02-16T23:28:28.727+0100] {workday.py:41} WARNING - Could not import pandas. Holidays will not be considered.
[2025-02-16T23:28:28.728+0100] {processor.py:927} WARNING - No viable dags retrieved from /home/mohammed/myenv/lib/python3.12/site-packages/airflow/example_dags/plugins/workday.py
[2025-02-16T23:28:28.746+0100] {processor.py:208} INFO - Processing /home/mohammed/myenv/lib/python3.12/site-packages/airflow/example_dags/plugins/workday.py took 0.052 seconds
[2025-02-16T23:29:10.628+0100] {processor.py:186} INFO - Started process (PID=4535) to work on /home/mohammed/myenv/lib/python3.12/site-packages/airflow/example_dags/plugins/workday.py
[2025-02-16T23:29:10.633+0100] {processor.py:914} INFO - Processing file /home/mohammed/myenv/lib/python3.12/site-packages/airflow/example_dags/plugins/workday.py for tasks to queue
[2025-02-16T23:29:10.640+0100] {logging_mixin.py:190} INFO - [2025-02-16T23:29:10.639+0100] {dagbag.py:588} INFO - Filling up the DagBag from /home/mohammed/myenv/lib/python3.12/site-packages/airflow/example_dags/plugins/workday.py
[2025-02-16T23:29:10.651+0100] {logging_mixin.py:190} INFO - [2025-02-16T23:29:10.650+0100] {workday.py:41} WARNING - Could not import pandas. Holidays will not be considered.
[2025-02-16T23:29:10.652+0100] {processor.py:927} WARNING - No viable dags retrieved from /home/mohammed/myenv/lib/python3.12/site-packages/airflow/example_dags/plugins/workday.py
[2025-02-16T23:29:10.692+0100] {processor.py:208} INFO - Processing /home/mohammed/myenv/lib/python3.12/site-packages/airflow/example_dags/plugins/workday.py took 0.084 seconds
[2025-02-16T23:29:50.094+0100] {processor.py:186} INFO - Started process (PID=4568) to work on /home/mohammed/myenv/lib/python3.12/site-packages/airflow/example_dags/plugins/workday.py
[2025-02-16T23:29:50.099+0100] {processor.py:914} INFO - Processing file /home/mohammed/myenv/lib/python3.12/site-packages/airflow/example_dags/plugins/workday.py for tasks to queue
[2025-02-16T23:29:50.105+0100] {logging_mixin.py:190} INFO - [2025-02-16T23:29:50.104+0100] {dagbag.py:588} INFO - Filling up the DagBag from /home/mohammed/myenv/lib/python3.12/site-packages/airflow/example_dags/plugins/workday.py
[2025-02-16T23:29:50.116+0100] {logging_mixin.py:190} INFO - [2025-02-16T23:29:50.115+0100] {workday.py:41} WARNING - Could not import pandas. Holidays will not be considered.
[2025-02-16T23:29:50.117+0100] {processor.py:927} WARNING - No viable dags retrieved from /home/mohammed/myenv/lib/python3.12/site-packages/airflow/example_dags/plugins/workday.py
[2025-02-16T23:29:50.155+0100] {processor.py:208} INFO - Processing /home/mohammed/myenv/lib/python3.12/site-packages/airflow/example_dags/plugins/workday.py took 0.081 seconds
[2025-02-16T23:30:27.749+0100] {processor.py:186} INFO - Started process (PID=4606) to work on /home/mohammed/myenv/lib/python3.12/site-packages/airflow/example_dags/plugins/workday.py
[2025-02-16T23:30:27.754+0100] {processor.py:914} INFO - Processing file /home/mohammed/myenv/lib/python3.12/site-packages/airflow/example_dags/plugins/workday.py for tasks to queue
[2025-02-16T23:30:27.762+0100] {logging_mixin.py:190} INFO - [2025-02-16T23:30:27.760+0100] {dagbag.py:588} INFO - Filling up the DagBag from /home/mohammed/myenv/lib/python3.12/site-packages/airflow/example_dags/plugins/workday.py
[2025-02-16T23:30:27.772+0100] {logging_mixin.py:190} INFO - [2025-02-16T23:30:27.772+0100] {workday.py:41} WARNING - Could not import pandas. Holidays will not be considered.
[2025-02-16T23:30:27.773+0100] {processor.py:927} WARNING - No viable dags retrieved from /home/mohammed/myenv/lib/python3.12/site-packages/airflow/example_dags/plugins/workday.py
[2025-02-16T23:30:27.794+0100] {processor.py:208} INFO - Processing /home/mohammed/myenv/lib/python3.12/site-packages/airflow/example_dags/plugins/workday.py took 0.069 seconds
[2025-02-16T23:31:06.215+0100] {processor.py:186} INFO - Started process (PID=4646) to work on /home/mohammed/myenv/lib/python3.12/site-packages/airflow/example_dags/plugins/workday.py
[2025-02-16T23:31:06.219+0100] {processor.py:914} INFO - Processing file /home/mohammed/myenv/lib/python3.12/site-packages/airflow/example_dags/plugins/workday.py for tasks to queue
[2025-02-16T23:31:06.223+0100] {logging_mixin.py:190} INFO - [2025-02-16T23:31:06.222+0100] {dagbag.py:588} INFO - Filling up the DagBag from /home/mohammed/myenv/lib/python3.12/site-packages/airflow/example_dags/plugins/workday.py
[2025-02-16T23:31:06.229+0100] {logging_mixin.py:190} INFO - [2025-02-16T23:31:06.229+0100] {workday.py:41} WARNING - Could not import pandas. Holidays will not be considered.
[2025-02-16T23:31:06.230+0100] {processor.py:927} WARNING - No viable dags retrieved from /home/mohammed/myenv/lib/python3.12/site-packages/airflow/example_dags/plugins/workday.py
[2025-02-16T23:31:06.251+0100] {processor.py:208} INFO - Processing /home/mohammed/myenv/lib/python3.12/site-packages/airflow/example_dags/plugins/workday.py took 0.057 seconds
[2025-02-16T23:31:47.704+0100] {processor.py:186} INFO - Started process (PID=4681) to work on /home/mohammed/myenv/lib/python3.12/site-packages/airflow/example_dags/plugins/workday.py
[2025-02-16T23:31:47.710+0100] {processor.py:914} INFO - Processing file /home/mohammed/myenv/lib/python3.12/site-packages/airflow/example_dags/plugins/workday.py for tasks to queue
[2025-02-16T23:31:47.718+0100] {logging_mixin.py:190} INFO - [2025-02-16T23:31:47.717+0100] {dagbag.py:588} INFO - Filling up the DagBag from /home/mohammed/myenv/lib/python3.12/site-packages/airflow/example_dags/plugins/workday.py
[2025-02-16T23:31:47.725+0100] {logging_mixin.py:190} INFO - [2025-02-16T23:31:47.725+0100] {workday.py:41} WARNING - Could not import pandas. Holidays will not be considered.
[2025-02-16T23:31:47.726+0100] {processor.py:927} WARNING - No viable dags retrieved from /home/mohammed/myenv/lib/python3.12/site-packages/airflow/example_dags/plugins/workday.py
[2025-02-16T23:31:47.747+0100] {processor.py:208} INFO - Processing /home/mohammed/myenv/lib/python3.12/site-packages/airflow/example_dags/plugins/workday.py took 0.066 seconds
[2025-02-16T23:32:32.091+0100] {processor.py:186} INFO - Started process (PID=4715) to work on /home/mohammed/myenv/lib/python3.12/site-packages/airflow/example_dags/plugins/workday.py
[2025-02-16T23:32:32.095+0100] {processor.py:914} INFO - Processing file /home/mohammed/myenv/lib/python3.12/site-packages/airflow/example_dags/plugins/workday.py for tasks to queue
[2025-02-16T23:32:32.099+0100] {logging_mixin.py:190} INFO - [2025-02-16T23:32:32.098+0100] {dagbag.py:588} INFO - Filling up the DagBag from /home/mohammed/myenv/lib/python3.12/site-packages/airflow/example_dags/plugins/workday.py
[2025-02-16T23:32:32.105+0100] {logging_mixin.py:190} INFO - [2025-02-16T23:32:32.105+0100] {workday.py:41} WARNING - Could not import pandas. Holidays will not be considered.
[2025-02-16T23:32:32.106+0100] {processor.py:927} WARNING - No viable dags retrieved from /home/mohammed/myenv/lib/python3.12/site-packages/airflow/example_dags/plugins/workday.py
[2025-02-16T23:32:32.126+0100] {processor.py:208} INFO - Processing /home/mohammed/myenv/lib/python3.12/site-packages/airflow/example_dags/plugins/workday.py took 0.053 seconds
[2025-02-16T23:33:13.216+0100] {processor.py:186} INFO - Started process (PID=4749) to work on /home/mohammed/myenv/lib/python3.12/site-packages/airflow/example_dags/plugins/workday.py
[2025-02-16T23:33:13.222+0100] {processor.py:914} INFO - Processing file /home/mohammed/myenv/lib/python3.12/site-packages/airflow/example_dags/plugins/workday.py for tasks to queue
[2025-02-16T23:33:13.232+0100] {logging_mixin.py:190} INFO - [2025-02-16T23:33:13.230+0100] {dagbag.py:588} INFO - Filling up the DagBag from /home/mohammed/myenv/lib/python3.12/site-packages/airflow/example_dags/plugins/workday.py
[2025-02-16T23:33:13.245+0100] {logging_mixin.py:190} INFO - [2025-02-16T23:33:13.245+0100] {workday.py:41} WARNING - Could not import pandas. Holidays will not be considered.
[2025-02-16T23:33:13.247+0100] {processor.py:927} WARNING - No viable dags retrieved from /home/mohammed/myenv/lib/python3.12/site-packages/airflow/example_dags/plugins/workday.py
[2025-02-16T23:33:13.291+0100] {processor.py:208} INFO - Processing /home/mohammed/myenv/lib/python3.12/site-packages/airflow/example_dags/plugins/workday.py took 0.106 seconds
[2025-02-16T23:33:52.140+0100] {processor.py:186} INFO - Started process (PID=4782) to work on /home/mohammed/myenv/lib/python3.12/site-packages/airflow/example_dags/plugins/workday.py
[2025-02-16T23:33:52.145+0100] {processor.py:914} INFO - Processing file /home/mohammed/myenv/lib/python3.12/site-packages/airflow/example_dags/plugins/workday.py for tasks to queue
[2025-02-16T23:33:52.152+0100] {logging_mixin.py:190} INFO - [2025-02-16T23:33:52.150+0100] {dagbag.py:588} INFO - Filling up the DagBag from /home/mohammed/myenv/lib/python3.12/site-packages/airflow/example_dags/plugins/workday.py
[2025-02-16T23:33:52.161+0100] {logging_mixin.py:190} INFO - [2025-02-16T23:33:52.160+0100] {workday.py:41} WARNING - Could not import pandas. Holidays will not be considered.
[2025-02-16T23:33:52.162+0100] {processor.py:927} WARNING - No viable dags retrieved from /home/mohammed/myenv/lib/python3.12/site-packages/airflow/example_dags/plugins/workday.py
[2025-02-16T23:33:52.198+0100] {processor.py:208} INFO - Processing /home/mohammed/myenv/lib/python3.12/site-packages/airflow/example_dags/plugins/workday.py took 0.078 seconds
[2025-02-16T23:34:30.030+0100] {processor.py:186} INFO - Started process (PID=4814) to work on /home/mohammed/myenv/lib/python3.12/site-packages/airflow/example_dags/plugins/workday.py
[2025-02-16T23:34:30.048+0100] {processor.py:914} INFO - Processing file /home/mohammed/myenv/lib/python3.12/site-packages/airflow/example_dags/plugins/workday.py for tasks to queue
[2025-02-16T23:34:30.055+0100] {logging_mixin.py:190} INFO - [2025-02-16T23:34:30.054+0100] {dagbag.py:588} INFO - Filling up the DagBag from /home/mohammed/myenv/lib/python3.12/site-packages/airflow/example_dags/plugins/workday.py
[2025-02-16T23:34:30.062+0100] {logging_mixin.py:190} INFO - [2025-02-16T23:34:30.061+0100] {workday.py:41} WARNING - Could not import pandas. Holidays will not be considered.
[2025-02-16T23:34:30.063+0100] {processor.py:927} WARNING - No viable dags retrieved from /home/mohammed/myenv/lib/python3.12/site-packages/airflow/example_dags/plugins/workday.py
[2025-02-16T23:34:30.084+0100] {processor.py:208} INFO - Processing /home/mohammed/myenv/lib/python3.12/site-packages/airflow/example_dags/plugins/workday.py took 0.074 seconds
[2025-02-16T23:35:08.908+0100] {processor.py:186} INFO - Started process (PID=4848) to work on /home/mohammed/myenv/lib/python3.12/site-packages/airflow/example_dags/plugins/workday.py
[2025-02-16T23:35:08.912+0100] {processor.py:914} INFO - Processing file /home/mohammed/myenv/lib/python3.12/site-packages/airflow/example_dags/plugins/workday.py for tasks to queue
[2025-02-16T23:35:08.917+0100] {logging_mixin.py:190} INFO - [2025-02-16T23:35:08.916+0100] {dagbag.py:588} INFO - Filling up the DagBag from /home/mohammed/myenv/lib/python3.12/site-packages/airflow/example_dags/plugins/workday.py
[2025-02-16T23:35:08.922+0100] {logging_mixin.py:190} INFO - [2025-02-16T23:35:08.922+0100] {workday.py:41} WARNING - Could not import pandas. Holidays will not be considered.
[2025-02-16T23:35:08.923+0100] {processor.py:927} WARNING - No viable dags retrieved from /home/mohammed/myenv/lib/python3.12/site-packages/airflow/example_dags/plugins/workday.py
[2025-02-16T23:35:08.941+0100] {processor.py:208} INFO - Processing /home/mohammed/myenv/lib/python3.12/site-packages/airflow/example_dags/plugins/workday.py took 0.052 seconds
[2025-02-16T23:35:46.859+0100] {processor.py:186} INFO - Started process (PID=4884) to work on /home/mohammed/myenv/lib/python3.12/site-packages/airflow/example_dags/plugins/workday.py
[2025-02-16T23:35:46.866+0100] {processor.py:914} INFO - Processing file /home/mohammed/myenv/lib/python3.12/site-packages/airflow/example_dags/plugins/workday.py for tasks to queue
[2025-02-16T23:35:46.873+0100] {logging_mixin.py:190} INFO - [2025-02-16T23:35:46.872+0100] {dagbag.py:588} INFO - Filling up the DagBag from /home/mohammed/myenv/lib/python3.12/site-packages/airflow/example_dags/plugins/workday.py
[2025-02-16T23:35:46.884+0100] {logging_mixin.py:190} INFO - [2025-02-16T23:35:46.883+0100] {workday.py:41} WARNING - Could not import pandas. Holidays will not be considered.
[2025-02-16T23:35:46.885+0100] {processor.py:927} WARNING - No viable dags retrieved from /home/mohammed/myenv/lib/python3.12/site-packages/airflow/example_dags/plugins/workday.py
[2025-02-16T23:35:46.918+0100] {processor.py:208} INFO - Processing /home/mohammed/myenv/lib/python3.12/site-packages/airflow/example_dags/plugins/workday.py took 0.080 seconds
[2025-02-16T23:36:24.591+0100] {processor.py:186} INFO - Started process (PID=4915) to work on /home/mohammed/myenv/lib/python3.12/site-packages/airflow/example_dags/plugins/workday.py
[2025-02-16T23:36:24.596+0100] {processor.py:914} INFO - Processing file /home/mohammed/myenv/lib/python3.12/site-packages/airflow/example_dags/plugins/workday.py for tasks to queue
[2025-02-16T23:36:24.603+0100] {logging_mixin.py:190} INFO - [2025-02-16T23:36:24.602+0100] {dagbag.py:588} INFO - Filling up the DagBag from /home/mohammed/myenv/lib/python3.12/site-packages/airflow/example_dags/plugins/workday.py
[2025-02-16T23:36:24.614+0100] {logging_mixin.py:190} INFO - [2025-02-16T23:36:24.613+0100] {workday.py:41} WARNING - Could not import pandas. Holidays will not be considered.
[2025-02-16T23:36:24.616+0100] {processor.py:927} WARNING - No viable dags retrieved from /home/mohammed/myenv/lib/python3.12/site-packages/airflow/example_dags/plugins/workday.py
[2025-02-16T23:36:24.641+0100] {processor.py:208} INFO - Processing /home/mohammed/myenv/lib/python3.12/site-packages/airflow/example_dags/plugins/workday.py took 0.071 seconds
[2025-02-16T23:37:06.142+0100] {processor.py:186} INFO - Started process (PID=4949) to work on /home/mohammed/myenv/lib/python3.12/site-packages/airflow/example_dags/plugins/workday.py
[2025-02-16T23:37:06.146+0100] {processor.py:914} INFO - Processing file /home/mohammed/myenv/lib/python3.12/site-packages/airflow/example_dags/plugins/workday.py for tasks to queue
[2025-02-16T23:37:06.150+0100] {logging_mixin.py:190} INFO - [2025-02-16T23:37:06.149+0100] {dagbag.py:588} INFO - Filling up the DagBag from /home/mohammed/myenv/lib/python3.12/site-packages/airflow/example_dags/plugins/workday.py
[2025-02-16T23:37:06.156+0100] {logging_mixin.py:190} INFO - [2025-02-16T23:37:06.156+0100] {workday.py:41} WARNING - Could not import pandas. Holidays will not be considered.
[2025-02-16T23:37:06.157+0100] {processor.py:927} WARNING - No viable dags retrieved from /home/mohammed/myenv/lib/python3.12/site-packages/airflow/example_dags/plugins/workday.py
[2025-02-16T23:37:06.180+0100] {processor.py:208} INFO - Processing /home/mohammed/myenv/lib/python3.12/site-packages/airflow/example_dags/plugins/workday.py took 0.050 seconds
[2025-02-16T23:37:46.506+0100] {processor.py:186} INFO - Started process (PID=4984) to work on /home/mohammed/myenv/lib/python3.12/site-packages/airflow/example_dags/plugins/workday.py
[2025-02-16T23:37:46.514+0100] {processor.py:914} INFO - Processing file /home/mohammed/myenv/lib/python3.12/site-packages/airflow/example_dags/plugins/workday.py for tasks to queue
[2025-02-16T23:37:46.521+0100] {logging_mixin.py:190} INFO - [2025-02-16T23:37:46.520+0100] {dagbag.py:588} INFO - Filling up the DagBag from /home/mohammed/myenv/lib/python3.12/site-packages/airflow/example_dags/plugins/workday.py
[2025-02-16T23:37:46.531+0100] {logging_mixin.py:190} INFO - [2025-02-16T23:37:46.531+0100] {workday.py:41} WARNING - Could not import pandas. Holidays will not be considered.
[2025-02-16T23:37:46.533+0100] {processor.py:927} WARNING - No viable dags retrieved from /home/mohammed/myenv/lib/python3.12/site-packages/airflow/example_dags/plugins/workday.py
[2025-02-16T23:37:46.569+0100] {processor.py:208} INFO - Processing /home/mohammed/myenv/lib/python3.12/site-packages/airflow/example_dags/plugins/workday.py took 0.077 seconds
[2025-02-16T23:38:23.251+0100] {processor.py:186} INFO - Started process (PID=5018) to work on /home/mohammed/myenv/lib/python3.12/site-packages/airflow/example_dags/plugins/workday.py
[2025-02-16T23:38:23.258+0100] {processor.py:914} INFO - Processing file /home/mohammed/myenv/lib/python3.12/site-packages/airflow/example_dags/plugins/workday.py for tasks to queue
[2025-02-16T23:38:23.266+0100] {logging_mixin.py:190} INFO - [2025-02-16T23:38:23.264+0100] {dagbag.py:588} INFO - Filling up the DagBag from /home/mohammed/myenv/lib/python3.12/site-packages/airflow/example_dags/plugins/workday.py
[2025-02-16T23:38:23.276+0100] {logging_mixin.py:190} INFO - [2025-02-16T23:38:23.275+0100] {workday.py:41} WARNING - Could not import pandas. Holidays will not be considered.
[2025-02-16T23:38:23.277+0100] {processor.py:927} WARNING - No viable dags retrieved from /home/mohammed/myenv/lib/python3.12/site-packages/airflow/example_dags/plugins/workday.py
[2025-02-16T23:38:23.310+0100] {processor.py:208} INFO - Processing /home/mohammed/myenv/lib/python3.12/site-packages/airflow/example_dags/plugins/workday.py took 0.079 seconds
[2025-02-16T23:39:03.229+0100] {processor.py:186} INFO - Started process (PID=5056) to work on /home/mohammed/myenv/lib/python3.12/site-packages/airflow/example_dags/plugins/workday.py
[2025-02-16T23:39:03.235+0100] {processor.py:914} INFO - Processing file /home/mohammed/myenv/lib/python3.12/site-packages/airflow/example_dags/plugins/workday.py for tasks to queue
[2025-02-16T23:39:03.240+0100] {logging_mixin.py:190} INFO - [2025-02-16T23:39:03.239+0100] {dagbag.py:588} INFO - Filling up the DagBag from /home/mohammed/myenv/lib/python3.12/site-packages/airflow/example_dags/plugins/workday.py
[2025-02-16T23:39:03.247+0100] {logging_mixin.py:190} INFO - [2025-02-16T23:39:03.247+0100] {workday.py:41} WARNING - Could not import pandas. Holidays will not be considered.
[2025-02-16T23:39:03.248+0100] {processor.py:927} WARNING - No viable dags retrieved from /home/mohammed/myenv/lib/python3.12/site-packages/airflow/example_dags/plugins/workday.py
[2025-02-16T23:39:03.271+0100] {processor.py:208} INFO - Processing /home/mohammed/myenv/lib/python3.12/site-packages/airflow/example_dags/plugins/workday.py took 0.062 seconds
[2025-02-16T23:39:40.343+0100] {processor.py:186} INFO - Started process (PID=5088) to work on /home/mohammed/myenv/lib/python3.12/site-packages/airflow/example_dags/plugins/workday.py
[2025-02-16T23:39:40.349+0100] {processor.py:914} INFO - Processing file /home/mohammed/myenv/lib/python3.12/site-packages/airflow/example_dags/plugins/workday.py for tasks to queue
[2025-02-16T23:39:40.353+0100] {logging_mixin.py:190} INFO - [2025-02-16T23:39:40.353+0100] {dagbag.py:588} INFO - Filling up the DagBag from /home/mohammed/myenv/lib/python3.12/site-packages/airflow/example_dags/plugins/workday.py
[2025-02-16T23:39:40.359+0100] {logging_mixin.py:190} INFO - [2025-02-16T23:39:40.359+0100] {workday.py:41} WARNING - Could not import pandas. Holidays will not be considered.
[2025-02-16T23:39:40.360+0100] {processor.py:927} WARNING - No viable dags retrieved from /home/mohammed/myenv/lib/python3.12/site-packages/airflow/example_dags/plugins/workday.py
[2025-02-16T23:39:40.382+0100] {processor.py:208} INFO - Processing /home/mohammed/myenv/lib/python3.12/site-packages/airflow/example_dags/plugins/workday.py took 0.048 seconds
[2025-02-16T23:40:18.794+0100] {processor.py:186} INFO - Started process (PID=5120) to work on /home/mohammed/myenv/lib/python3.12/site-packages/airflow/example_dags/plugins/workday.py
[2025-02-16T23:40:18.802+0100] {processor.py:914} INFO - Processing file /home/mohammed/myenv/lib/python3.12/site-packages/airflow/example_dags/plugins/workday.py for tasks to queue
[2025-02-16T23:40:18.809+0100] {logging_mixin.py:190} INFO - [2025-02-16T23:40:18.808+0100] {dagbag.py:588} INFO - Filling up the DagBag from /home/mohammed/myenv/lib/python3.12/site-packages/airflow/example_dags/plugins/workday.py
[2025-02-16T23:40:18.820+0100] {logging_mixin.py:190} INFO - [2025-02-16T23:40:18.820+0100] {workday.py:41} WARNING - Could not import pandas. Holidays will not be considered.
[2025-02-16T23:40:18.822+0100] {processor.py:927} WARNING - No viable dags retrieved from /home/mohammed/myenv/lib/python3.12/site-packages/airflow/example_dags/plugins/workday.py
[2025-02-16T23:40:18.859+0100] {processor.py:208} INFO - Processing /home/mohammed/myenv/lib/python3.12/site-packages/airflow/example_dags/plugins/workday.py took 0.086 seconds
[2025-02-16T23:40:57.211+0100] {processor.py:186} INFO - Started process (PID=5157) to work on /home/mohammed/myenv/lib/python3.12/site-packages/airflow/example_dags/plugins/workday.py
[2025-02-16T23:40:57.219+0100] {processor.py:914} INFO - Processing file /home/mohammed/myenv/lib/python3.12/site-packages/airflow/example_dags/plugins/workday.py for tasks to queue
[2025-02-16T23:40:57.228+0100] {logging_mixin.py:190} INFO - [2025-02-16T23:40:57.227+0100] {dagbag.py:588} INFO - Filling up the DagBag from /home/mohammed/myenv/lib/python3.12/site-packages/airflow/example_dags/plugins/workday.py
[2025-02-16T23:40:57.241+0100] {logging_mixin.py:190} INFO - [2025-02-16T23:40:57.240+0100] {workday.py:41} WARNING - Could not import pandas. Holidays will not be considered.
[2025-02-16T23:40:57.243+0100] {processor.py:927} WARNING - No viable dags retrieved from /home/mohammed/myenv/lib/python3.12/site-packages/airflow/example_dags/plugins/workday.py
[2025-02-16T23:40:57.277+0100] {processor.py:208} INFO - Processing /home/mohammed/myenv/lib/python3.12/site-packages/airflow/example_dags/plugins/workday.py took 0.091 seconds
[2025-02-16T23:41:34.649+0100] {processor.py:186} INFO - Started process (PID=5190) to work on /home/mohammed/myenv/lib/python3.12/site-packages/airflow/example_dags/plugins/workday.py
[2025-02-16T23:41:34.657+0100] {processor.py:914} INFO - Processing file /home/mohammed/myenv/lib/python3.12/site-packages/airflow/example_dags/plugins/workday.py for tasks to queue
[2025-02-16T23:41:34.665+0100] {logging_mixin.py:190} INFO - [2025-02-16T23:41:34.663+0100] {dagbag.py:588} INFO - Filling up the DagBag from /home/mohammed/myenv/lib/python3.12/site-packages/airflow/example_dags/plugins/workday.py
[2025-02-16T23:41:34.676+0100] {logging_mixin.py:190} INFO - [2025-02-16T23:41:34.675+0100] {workday.py:41} WARNING - Could not import pandas. Holidays will not be considered.
[2025-02-16T23:41:34.677+0100] {processor.py:927} WARNING - No viable dags retrieved from /home/mohammed/myenv/lib/python3.12/site-packages/airflow/example_dags/plugins/workday.py
[2025-02-16T23:41:34.699+0100] {processor.py:208} INFO - Processing /home/mohammed/myenv/lib/python3.12/site-packages/airflow/example_dags/plugins/workday.py took 0.071 seconds
[2025-02-16T23:42:11.271+0100] {processor.py:186} INFO - Started process (PID=5222) to work on /home/mohammed/myenv/lib/python3.12/site-packages/airflow/example_dags/plugins/workday.py
[2025-02-16T23:42:11.275+0100] {processor.py:914} INFO - Processing file /home/mohammed/myenv/lib/python3.12/site-packages/airflow/example_dags/plugins/workday.py for tasks to queue
[2025-02-16T23:42:11.282+0100] {logging_mixin.py:190} INFO - [2025-02-16T23:42:11.281+0100] {dagbag.py:588} INFO - Filling up the DagBag from /home/mohammed/myenv/lib/python3.12/site-packages/airflow/example_dags/plugins/workday.py
[2025-02-16T23:42:11.292+0100] {logging_mixin.py:190} INFO - [2025-02-16T23:42:11.292+0100] {workday.py:41} WARNING - Could not import pandas. Holidays will not be considered.
[2025-02-16T23:42:11.294+0100] {processor.py:927} WARNING - No viable dags retrieved from /home/mohammed/myenv/lib/python3.12/site-packages/airflow/example_dags/plugins/workday.py
[2025-02-16T23:42:11.315+0100] {processor.py:208} INFO - Processing /home/mohammed/myenv/lib/python3.12/site-packages/airflow/example_dags/plugins/workday.py took 0.064 seconds
[2025-02-16T23:43:20.612+0100] {processor.py:186} INFO - Started process (PID=5284) to work on /home/mohammed/myenv/lib/python3.12/site-packages/airflow/example_dags/plugins/workday.py
[2025-02-16T23:43:20.618+0100] {processor.py:914} INFO - Processing file /home/mohammed/myenv/lib/python3.12/site-packages/airflow/example_dags/plugins/workday.py for tasks to queue
[2025-02-16T23:43:20.621+0100] {logging_mixin.py:190} INFO - [2025-02-16T23:43:20.621+0100] {dagbag.py:588} INFO - Filling up the DagBag from /home/mohammed/myenv/lib/python3.12/site-packages/airflow/example_dags/plugins/workday.py
[2025-02-16T23:43:20.627+0100] {logging_mixin.py:190} INFO - [2025-02-16T23:43:20.626+0100] {workday.py:41} WARNING - Could not import pandas. Holidays will not be considered.
[2025-02-16T23:43:20.628+0100] {processor.py:927} WARNING - No viable dags retrieved from /home/mohammed/myenv/lib/python3.12/site-packages/airflow/example_dags/plugins/workday.py
[2025-02-16T23:43:20.648+0100] {processor.py:208} INFO - Processing /home/mohammed/myenv/lib/python3.12/site-packages/airflow/example_dags/plugins/workday.py took 0.044 seconds
[2025-02-16T23:44:00.577+0100] {processor.py:186} INFO - Started process (PID=5319) to work on /home/mohammed/myenv/lib/python3.12/site-packages/airflow/example_dags/plugins/workday.py
[2025-02-16T23:44:00.584+0100] {processor.py:914} INFO - Processing file /home/mohammed/myenv/lib/python3.12/site-packages/airflow/example_dags/plugins/workday.py for tasks to queue
[2025-02-16T23:44:00.591+0100] {logging_mixin.py:190} INFO - [2025-02-16T23:44:00.590+0100] {dagbag.py:588} INFO - Filling up the DagBag from /home/mohammed/myenv/lib/python3.12/site-packages/airflow/example_dags/plugins/workday.py
[2025-02-16T23:44:00.602+0100] {logging_mixin.py:190} INFO - [2025-02-16T23:44:00.601+0100] {workday.py:41} WARNING - Could not import pandas. Holidays will not be considered.
[2025-02-16T23:44:00.604+0100] {processor.py:927} WARNING - No viable dags retrieved from /home/mohammed/myenv/lib/python3.12/site-packages/airflow/example_dags/plugins/workday.py
[2025-02-16T23:44:00.639+0100] {processor.py:208} INFO - Processing /home/mohammed/myenv/lib/python3.12/site-packages/airflow/example_dags/plugins/workday.py took 0.083 seconds
[2025-02-16T23:44:38.148+0100] {processor.py:186} INFO - Started process (PID=5354) to work on /home/mohammed/myenv/lib/python3.12/site-packages/airflow/example_dags/plugins/workday.py
[2025-02-16T23:44:38.153+0100] {processor.py:914} INFO - Processing file /home/mohammed/myenv/lib/python3.12/site-packages/airflow/example_dags/plugins/workday.py for tasks to queue
[2025-02-16T23:44:38.156+0100] {logging_mixin.py:190} INFO - [2025-02-16T23:44:38.156+0100] {dagbag.py:588} INFO - Filling up the DagBag from /home/mohammed/myenv/lib/python3.12/site-packages/airflow/example_dags/plugins/workday.py
[2025-02-16T23:44:38.160+0100] {logging_mixin.py:190} INFO - [2025-02-16T23:44:38.160+0100] {workday.py:41} WARNING - Could not import pandas. Holidays will not be considered.
[2025-02-16T23:44:38.161+0100] {processor.py:927} WARNING - No viable dags retrieved from /home/mohammed/myenv/lib/python3.12/site-packages/airflow/example_dags/plugins/workday.py
[2025-02-16T23:44:38.175+0100] {processor.py:208} INFO - Processing /home/mohammed/myenv/lib/python3.12/site-packages/airflow/example_dags/plugins/workday.py took 0.035 seconds
[2025-02-16T23:45:14.573+0100] {processor.py:186} INFO - Started process (PID=5390) to work on /home/mohammed/myenv/lib/python3.12/site-packages/airflow/example_dags/plugins/workday.py
[2025-02-16T23:45:14.577+0100] {processor.py:914} INFO - Processing file /home/mohammed/myenv/lib/python3.12/site-packages/airflow/example_dags/plugins/workday.py for tasks to queue
[2025-02-16T23:45:14.585+0100] {logging_mixin.py:190} INFO - [2025-02-16T23:45:14.583+0100] {dagbag.py:588} INFO - Filling up the DagBag from /home/mohammed/myenv/lib/python3.12/site-packages/airflow/example_dags/plugins/workday.py
[2025-02-16T23:45:14.596+0100] {logging_mixin.py:190} INFO - [2025-02-16T23:45:14.595+0100] {workday.py:41} WARNING - Could not import pandas. Holidays will not be considered.
[2025-02-16T23:45:14.597+0100] {processor.py:927} WARNING - No viable dags retrieved from /home/mohammed/myenv/lib/python3.12/site-packages/airflow/example_dags/plugins/workday.py
[2025-02-16T23:45:14.634+0100] {processor.py:208} INFO - Processing /home/mohammed/myenv/lib/python3.12/site-packages/airflow/example_dags/plugins/workday.py took 0.082 seconds
[2025-02-16T23:45:51.512+0100] {processor.py:186} INFO - Started process (PID=5423) to work on /home/mohammed/myenv/lib/python3.12/site-packages/airflow/example_dags/plugins/workday.py
[2025-02-16T23:45:51.519+0100] {processor.py:914} INFO - Processing file /home/mohammed/myenv/lib/python3.12/site-packages/airflow/example_dags/plugins/workday.py for tasks to queue
[2025-02-16T23:45:51.527+0100] {logging_mixin.py:190} INFO - [2025-02-16T23:45:51.525+0100] {dagbag.py:588} INFO - Filling up the DagBag from /home/mohammed/myenv/lib/python3.12/site-packages/airflow/example_dags/plugins/workday.py
[2025-02-16T23:45:51.538+0100] {logging_mixin.py:190} INFO - [2025-02-16T23:45:51.537+0100] {workday.py:41} WARNING - Could not import pandas. Holidays will not be considered.
[2025-02-16T23:45:51.539+0100] {processor.py:927} WARNING - No viable dags retrieved from /home/mohammed/myenv/lib/python3.12/site-packages/airflow/example_dags/plugins/workday.py
[2025-02-16T23:45:51.574+0100] {processor.py:208} INFO - Processing /home/mohammed/myenv/lib/python3.12/site-packages/airflow/example_dags/plugins/workday.py took 0.084 seconds
[2025-02-16T23:47:02.054+0100] {processor.py:186} INFO - Started process (PID=5486) to work on /home/mohammed/myenv/lib/python3.12/site-packages/airflow/example_dags/plugins/workday.py
[2025-02-16T23:47:02.060+0100] {processor.py:914} INFO - Processing file /home/mohammed/myenv/lib/python3.12/site-packages/airflow/example_dags/plugins/workday.py for tasks to queue
[2025-02-16T23:47:02.064+0100] {logging_mixin.py:190} INFO - [2025-02-16T23:47:02.063+0100] {dagbag.py:588} INFO - Filling up the DagBag from /home/mohammed/myenv/lib/python3.12/site-packages/airflow/example_dags/plugins/workday.py
[2025-02-16T23:47:02.069+0100] {logging_mixin.py:190} INFO - [2025-02-16T23:47:02.069+0100] {workday.py:41} WARNING - Could not import pandas. Holidays will not be considered.
[2025-02-16T23:47:02.070+0100] {processor.py:927} WARNING - No viable dags retrieved from /home/mohammed/myenv/lib/python3.12/site-packages/airflow/example_dags/plugins/workday.py
[2025-02-16T23:47:02.090+0100] {processor.py:208} INFO - Processing /home/mohammed/myenv/lib/python3.12/site-packages/airflow/example_dags/plugins/workday.py took 0.050 seconds
[2025-02-16T23:47:39.124+0100] {processor.py:186} INFO - Started process (PID=5522) to work on /home/mohammed/myenv/lib/python3.12/site-packages/airflow/example_dags/plugins/workday.py
[2025-02-16T23:47:39.132+0100] {processor.py:914} INFO - Processing file /home/mohammed/myenv/lib/python3.12/site-packages/airflow/example_dags/plugins/workday.py for tasks to queue
[2025-02-16T23:47:39.140+0100] {logging_mixin.py:190} INFO - [2025-02-16T23:47:39.138+0100] {dagbag.py:588} INFO - Filling up the DagBag from /home/mohammed/myenv/lib/python3.12/site-packages/airflow/example_dags/plugins/workday.py
[2025-02-16T23:47:39.153+0100] {logging_mixin.py:190} INFO - [2025-02-16T23:47:39.152+0100] {workday.py:41} WARNING - Could not import pandas. Holidays will not be considered.
[2025-02-16T23:47:39.155+0100] {processor.py:927} WARNING - No viable dags retrieved from /home/mohammed/myenv/lib/python3.12/site-packages/airflow/example_dags/plugins/workday.py
[2025-02-16T23:47:39.192+0100] {processor.py:208} INFO - Processing /home/mohammed/myenv/lib/python3.12/site-packages/airflow/example_dags/plugins/workday.py took 0.088 seconds
[2025-02-16T23:48:16.541+0100] {processor.py:186} INFO - Started process (PID=5554) to work on /home/mohammed/myenv/lib/python3.12/site-packages/airflow/example_dags/plugins/workday.py
[2025-02-16T23:48:16.548+0100] {processor.py:914} INFO - Processing file /home/mohammed/myenv/lib/python3.12/site-packages/airflow/example_dags/plugins/workday.py for tasks to queue
[2025-02-16T23:48:16.556+0100] {logging_mixin.py:190} INFO - [2025-02-16T23:48:16.554+0100] {dagbag.py:588} INFO - Filling up the DagBag from /home/mohammed/myenv/lib/python3.12/site-packages/airflow/example_dags/plugins/workday.py
[2025-02-16T23:48:16.567+0100] {logging_mixin.py:190} INFO - [2025-02-16T23:48:16.566+0100] {workday.py:41} WARNING - Could not import pandas. Holidays will not be considered.
[2025-02-16T23:48:16.568+0100] {processor.py:927} WARNING - No viable dags retrieved from /home/mohammed/myenv/lib/python3.12/site-packages/airflow/example_dags/plugins/workday.py
[2025-02-16T23:48:16.605+0100] {processor.py:208} INFO - Processing /home/mohammed/myenv/lib/python3.12/site-packages/airflow/example_dags/plugins/workday.py took 0.086 seconds
[2025-02-16T23:48:55.062+0100] {processor.py:186} INFO - Started process (PID=5587) to work on /home/mohammed/myenv/lib/python3.12/site-packages/airflow/example_dags/plugins/workday.py
[2025-02-16T23:48:55.069+0100] {processor.py:914} INFO - Processing file /home/mohammed/myenv/lib/python3.12/site-packages/airflow/example_dags/plugins/workday.py for tasks to queue
[2025-02-16T23:48:55.077+0100] {logging_mixin.py:190} INFO - [2025-02-16T23:48:55.076+0100] {dagbag.py:588} INFO - Filling up the DagBag from /home/mohammed/myenv/lib/python3.12/site-packages/airflow/example_dags/plugins/workday.py
[2025-02-16T23:48:55.088+0100] {logging_mixin.py:190} INFO - [2025-02-16T23:48:55.087+0100] {workday.py:41} WARNING - Could not import pandas. Holidays will not be considered.
[2025-02-16T23:48:55.089+0100] {processor.py:927} WARNING - No viable dags retrieved from /home/mohammed/myenv/lib/python3.12/site-packages/airflow/example_dags/plugins/workday.py
[2025-02-16T23:48:55.126+0100] {processor.py:208} INFO - Processing /home/mohammed/myenv/lib/python3.12/site-packages/airflow/example_dags/plugins/workday.py took 0.079 seconds
[2025-02-16T23:49:31.044+0100] {processor.py:186} INFO - Started process (PID=5619) to work on /home/mohammed/myenv/lib/python3.12/site-packages/airflow/example_dags/plugins/workday.py
[2025-02-16T23:49:31.052+0100] {processor.py:914} INFO - Processing file /home/mohammed/myenv/lib/python3.12/site-packages/airflow/example_dags/plugins/workday.py for tasks to queue
[2025-02-16T23:49:31.060+0100] {logging_mixin.py:190} INFO - [2025-02-16T23:49:31.059+0100] {dagbag.py:588} INFO - Filling up the DagBag from /home/mohammed/myenv/lib/python3.12/site-packages/airflow/example_dags/plugins/workday.py
[2025-02-16T23:49:31.071+0100] {logging_mixin.py:190} INFO - [2025-02-16T23:49:31.070+0100] {workday.py:41} WARNING - Could not import pandas. Holidays will not be considered.
[2025-02-16T23:49:31.072+0100] {processor.py:927} WARNING - No viable dags retrieved from /home/mohammed/myenv/lib/python3.12/site-packages/airflow/example_dags/plugins/workday.py
[2025-02-16T23:49:31.110+0100] {processor.py:208} INFO - Processing /home/mohammed/myenv/lib/python3.12/site-packages/airflow/example_dags/plugins/workday.py took 0.087 seconds
[2025-02-16T23:50:09.863+0100] {processor.py:186} INFO - Started process (PID=5655) to work on /home/mohammed/myenv/lib/python3.12/site-packages/airflow/example_dags/plugins/workday.py
[2025-02-16T23:50:09.868+0100] {processor.py:914} INFO - Processing file /home/mohammed/myenv/lib/python3.12/site-packages/airflow/example_dags/plugins/workday.py for tasks to queue
[2025-02-16T23:50:09.872+0100] {logging_mixin.py:190} INFO - [2025-02-16T23:50:09.872+0100] {dagbag.py:588} INFO - Filling up the DagBag from /home/mohammed/myenv/lib/python3.12/site-packages/airflow/example_dags/plugins/workday.py
[2025-02-16T23:50:09.879+0100] {logging_mixin.py:190} INFO - [2025-02-16T23:50:09.878+0100] {workday.py:41} WARNING - Could not import pandas. Holidays will not be considered.
[2025-02-16T23:50:09.880+0100] {processor.py:927} WARNING - No viable dags retrieved from /home/mohammed/myenv/lib/python3.12/site-packages/airflow/example_dags/plugins/workday.py
[2025-02-16T23:50:09.903+0100] {processor.py:208} INFO - Processing /home/mohammed/myenv/lib/python3.12/site-packages/airflow/example_dags/plugins/workday.py took 0.050 seconds
[2025-02-16T23:50:50.006+0100] {processor.py:186} INFO - Started process (PID=5698) to work on /home/mohammed/myenv/lib/python3.12/site-packages/airflow/example_dags/plugins/workday.py
[2025-02-16T23:50:50.013+0100] {processor.py:914} INFO - Processing file /home/mohammed/myenv/lib/python3.12/site-packages/airflow/example_dags/plugins/workday.py for tasks to queue
[2025-02-16T23:50:50.017+0100] {logging_mixin.py:190} INFO - [2025-02-16T23:50:50.016+0100] {dagbag.py:588} INFO - Filling up the DagBag from /home/mohammed/myenv/lib/python3.12/site-packages/airflow/example_dags/plugins/workday.py
[2025-02-16T23:50:50.023+0100] {logging_mixin.py:190} INFO - [2025-02-16T23:50:50.022+0100] {workday.py:41} WARNING - Could not import pandas. Holidays will not be considered.
[2025-02-16T23:50:50.023+0100] {processor.py:927} WARNING - No viable dags retrieved from /home/mohammed/myenv/lib/python3.12/site-packages/airflow/example_dags/plugins/workday.py
[2025-02-16T23:50:50.044+0100] {processor.py:208} INFO - Processing /home/mohammed/myenv/lib/python3.12/site-packages/airflow/example_dags/plugins/workday.py took 0.050 seconds
[2025-02-16T23:51:31.166+0100] {processor.py:186} INFO - Started process (PID=5733) to work on /home/mohammed/myenv/lib/python3.12/site-packages/airflow/example_dags/plugins/workday.py
[2025-02-16T23:51:31.173+0100] {processor.py:914} INFO - Processing file /home/mohammed/myenv/lib/python3.12/site-packages/airflow/example_dags/plugins/workday.py for tasks to queue
[2025-02-16T23:51:31.181+0100] {logging_mixin.py:190} INFO - [2025-02-16T23:51:31.179+0100] {dagbag.py:588} INFO - Filling up the DagBag from /home/mohammed/myenv/lib/python3.12/site-packages/airflow/example_dags/plugins/workday.py
[2025-02-16T23:51:31.191+0100] {logging_mixin.py:190} INFO - [2025-02-16T23:51:31.191+0100] {workday.py:41} WARNING - Could not import pandas. Holidays will not be considered.
[2025-02-16T23:51:31.193+0100] {processor.py:927} WARNING - No viable dags retrieved from /home/mohammed/myenv/lib/python3.12/site-packages/airflow/example_dags/plugins/workday.py
[2025-02-16T23:51:31.229+0100] {processor.py:208} INFO - Processing /home/mohammed/myenv/lib/python3.12/site-packages/airflow/example_dags/plugins/workday.py took 0.084 seconds
[2025-02-16T23:52:13.054+0100] {processor.py:186} INFO - Started process (PID=5768) to work on /home/mohammed/myenv/lib/python3.12/site-packages/airflow/example_dags/plugins/workday.py
[2025-02-16T23:52:13.062+0100] {processor.py:914} INFO - Processing file /home/mohammed/myenv/lib/python3.12/site-packages/airflow/example_dags/plugins/workday.py for tasks to queue
[2025-02-16T23:52:13.070+0100] {logging_mixin.py:190} INFO - [2025-02-16T23:52:13.068+0100] {dagbag.py:588} INFO - Filling up the DagBag from /home/mohammed/myenv/lib/python3.12/site-packages/airflow/example_dags/plugins/workday.py
[2025-02-16T23:52:13.080+0100] {logging_mixin.py:190} INFO - [2025-02-16T23:52:13.080+0100] {workday.py:41} WARNING - Could not import pandas. Holidays will not be considered.
[2025-02-16T23:52:13.082+0100] {processor.py:927} WARNING - No viable dags retrieved from /home/mohammed/myenv/lib/python3.12/site-packages/airflow/example_dags/plugins/workday.py
[2025-02-16T23:52:13.122+0100] {processor.py:208} INFO - Processing /home/mohammed/myenv/lib/python3.12/site-packages/airflow/example_dags/plugins/workday.py took 0.090 seconds
[2025-02-16T23:52:50.231+0100] {processor.py:186} INFO - Started process (PID=5801) to work on /home/mohammed/myenv/lib/python3.12/site-packages/airflow/example_dags/plugins/workday.py
[2025-02-16T23:52:50.235+0100] {processor.py:914} INFO - Processing file /home/mohammed/myenv/lib/python3.12/site-packages/airflow/example_dags/plugins/workday.py for tasks to queue
[2025-02-16T23:52:50.240+0100] {logging_mixin.py:190} INFO - [2025-02-16T23:52:50.239+0100] {dagbag.py:588} INFO - Filling up the DagBag from /home/mohammed/myenv/lib/python3.12/site-packages/airflow/example_dags/plugins/workday.py
[2025-02-16T23:52:50.245+0100] {logging_mixin.py:190} INFO - [2025-02-16T23:52:50.245+0100] {workday.py:41} WARNING - Could not import pandas. Holidays will not be considered.
[2025-02-16T23:52:50.247+0100] {processor.py:927} WARNING - No viable dags retrieved from /home/mohammed/myenv/lib/python3.12/site-packages/airflow/example_dags/plugins/workday.py
[2025-02-16T23:52:50.268+0100] {processor.py:208} INFO - Processing /home/mohammed/myenv/lib/python3.12/site-packages/airflow/example_dags/plugins/workday.py took 0.049 seconds
[2025-02-16T23:53:28.521+0100] {processor.py:186} INFO - Started process (PID=5834) to work on /home/mohammed/myenv/lib/python3.12/site-packages/airflow/example_dags/plugins/workday.py
[2025-02-16T23:53:28.529+0100] {processor.py:914} INFO - Processing file /home/mohammed/myenv/lib/python3.12/site-packages/airflow/example_dags/plugins/workday.py for tasks to queue
[2025-02-16T23:53:28.537+0100] {logging_mixin.py:190} INFO - [2025-02-16T23:53:28.536+0100] {dagbag.py:588} INFO - Filling up the DagBag from /home/mohammed/myenv/lib/python3.12/site-packages/airflow/example_dags/plugins/workday.py
[2025-02-16T23:53:28.548+0100] {logging_mixin.py:190} INFO - [2025-02-16T23:53:28.547+0100] {workday.py:41} WARNING - Could not import pandas. Holidays will not be considered.
[2025-02-16T23:53:28.549+0100] {processor.py:927} WARNING - No viable dags retrieved from /home/mohammed/myenv/lib/python3.12/site-packages/airflow/example_dags/plugins/workday.py
[2025-02-16T23:53:28.577+0100] {processor.py:208} INFO - Processing /home/mohammed/myenv/lib/python3.12/site-packages/airflow/example_dags/plugins/workday.py took 0.077 seconds
[2025-02-16T23:54:06.669+0100] {processor.py:186} INFO - Started process (PID=5867) to work on /home/mohammed/myenv/lib/python3.12/site-packages/airflow/example_dags/plugins/workday.py
[2025-02-16T23:54:06.676+0100] {processor.py:914} INFO - Processing file /home/mohammed/myenv/lib/python3.12/site-packages/airflow/example_dags/plugins/workday.py for tasks to queue
[2025-02-16T23:54:06.683+0100] {logging_mixin.py:190} INFO - [2025-02-16T23:54:06.682+0100] {dagbag.py:588} INFO - Filling up the DagBag from /home/mohammed/myenv/lib/python3.12/site-packages/airflow/example_dags/plugins/workday.py
[2025-02-16T23:54:06.693+0100] {logging_mixin.py:190} INFO - [2025-02-16T23:54:06.692+0100] {workday.py:41} WARNING - Could not import pandas. Holidays will not be considered.
[2025-02-16T23:54:06.694+0100] {processor.py:927} WARNING - No viable dags retrieved from /home/mohammed/myenv/lib/python3.12/site-packages/airflow/example_dags/plugins/workday.py
[2025-02-16T23:54:06.732+0100] {processor.py:208} INFO - Processing /home/mohammed/myenv/lib/python3.12/site-packages/airflow/example_dags/plugins/workday.py took 0.075 seconds
[2025-02-16T23:55:16.248+0100] {processor.py:186} INFO - Started process (PID=5930) to work on /home/mohammed/myenv/lib/python3.12/site-packages/airflow/example_dags/plugins/workday.py
[2025-02-16T23:55:16.256+0100] {processor.py:914} INFO - Processing file /home/mohammed/myenv/lib/python3.12/site-packages/airflow/example_dags/plugins/workday.py for tasks to queue
[2025-02-16T23:55:16.265+0100] {logging_mixin.py:190} INFO - [2025-02-16T23:55:16.264+0100] {dagbag.py:588} INFO - Filling up the DagBag from /home/mohammed/myenv/lib/python3.12/site-packages/airflow/example_dags/plugins/workday.py
[2025-02-16T23:55:16.280+0100] {logging_mixin.py:190} INFO - [2025-02-16T23:55:16.279+0100] {workday.py:41} WARNING - Could not import pandas. Holidays will not be considered.
[2025-02-16T23:55:16.282+0100] {processor.py:927} WARNING - No viable dags retrieved from /home/mohammed/myenv/lib/python3.12/site-packages/airflow/example_dags/plugins/workday.py
[2025-02-16T23:55:16.324+0100] {processor.py:208} INFO - Processing /home/mohammed/myenv/lib/python3.12/site-packages/airflow/example_dags/plugins/workday.py took 0.105 seconds
[2025-02-16T23:55:52.322+0100] {processor.py:186} INFO - Started process (PID=5965) to work on /home/mohammed/myenv/lib/python3.12/site-packages/airflow/example_dags/plugins/workday.py
[2025-02-16T23:55:52.330+0100] {processor.py:914} INFO - Processing file /home/mohammed/myenv/lib/python3.12/site-packages/airflow/example_dags/plugins/workday.py for tasks to queue
[2025-02-16T23:55:52.338+0100] {logging_mixin.py:190} INFO - [2025-02-16T23:55:52.337+0100] {dagbag.py:588} INFO - Filling up the DagBag from /home/mohammed/myenv/lib/python3.12/site-packages/airflow/example_dags/plugins/workday.py
[2025-02-16T23:55:52.348+0100] {logging_mixin.py:190} INFO - [2025-02-16T23:55:52.347+0100] {workday.py:41} WARNING - Could not import pandas. Holidays will not be considered.
[2025-02-16T23:55:52.350+0100] {processor.py:927} WARNING - No viable dags retrieved from /home/mohammed/myenv/lib/python3.12/site-packages/airflow/example_dags/plugins/workday.py
[2025-02-16T23:55:52.387+0100] {processor.py:208} INFO - Processing /home/mohammed/myenv/lib/python3.12/site-packages/airflow/example_dags/plugins/workday.py took 0.081 seconds
[2025-02-16T23:56:32.555+0100] {processor.py:186} INFO - Started process (PID=6000) to work on /home/mohammed/myenv/lib/python3.12/site-packages/airflow/example_dags/plugins/workday.py
[2025-02-16T23:56:32.561+0100] {processor.py:914} INFO - Processing file /home/mohammed/myenv/lib/python3.12/site-packages/airflow/example_dags/plugins/workday.py for tasks to queue
[2025-02-16T23:56:32.566+0100] {logging_mixin.py:190} INFO - [2025-02-16T23:56:32.565+0100] {dagbag.py:588} INFO - Filling up the DagBag from /home/mohammed/myenv/lib/python3.12/site-packages/airflow/example_dags/plugins/workday.py
[2025-02-16T23:56:32.573+0100] {logging_mixin.py:190} INFO - [2025-02-16T23:56:32.573+0100] {workday.py:41} WARNING - Could not import pandas. Holidays will not be considered.
[2025-02-16T23:56:32.574+0100] {processor.py:927} WARNING - No viable dags retrieved from /home/mohammed/myenv/lib/python3.12/site-packages/airflow/example_dags/plugins/workday.py
[2025-02-16T23:56:32.598+0100] {processor.py:208} INFO - Processing /home/mohammed/myenv/lib/python3.12/site-packages/airflow/example_dags/plugins/workday.py took 0.057 seconds
[2025-02-16T23:57:12.471+0100] {processor.py:186} INFO - Started process (PID=6033) to work on /home/mohammed/myenv/lib/python3.12/site-packages/airflow/example_dags/plugins/workday.py
[2025-02-16T23:57:12.479+0100] {processor.py:914} INFO - Processing file /home/mohammed/myenv/lib/python3.12/site-packages/airflow/example_dags/plugins/workday.py for tasks to queue
[2025-02-16T23:57:12.486+0100] {logging_mixin.py:190} INFO - [2025-02-16T23:57:12.485+0100] {dagbag.py:588} INFO - Filling up the DagBag from /home/mohammed/myenv/lib/python3.12/site-packages/airflow/example_dags/plugins/workday.py
[2025-02-16T23:57:12.498+0100] {logging_mixin.py:190} INFO - [2025-02-16T23:57:12.497+0100] {workday.py:41} WARNING - Could not import pandas. Holidays will not be considered.
[2025-02-16T23:57:12.499+0100] {processor.py:927} WARNING - No viable dags retrieved from /home/mohammed/myenv/lib/python3.12/site-packages/airflow/example_dags/plugins/workday.py
[2025-02-16T23:57:12.537+0100] {processor.py:208} INFO - Processing /home/mohammed/myenv/lib/python3.12/site-packages/airflow/example_dags/plugins/workday.py took 0.088 seconds
[2025-02-16T23:57:53.414+0100] {processor.py:186} INFO - Started process (PID=6067) to work on /home/mohammed/myenv/lib/python3.12/site-packages/airflow/example_dags/plugins/workday.py
[2025-02-16T23:57:53.421+0100] {processor.py:914} INFO - Processing file /home/mohammed/myenv/lib/python3.12/site-packages/airflow/example_dags/plugins/workday.py for tasks to queue
[2025-02-16T23:57:53.426+0100] {logging_mixin.py:190} INFO - [2025-02-16T23:57:53.425+0100] {dagbag.py:588} INFO - Filling up the DagBag from /home/mohammed/myenv/lib/python3.12/site-packages/airflow/example_dags/plugins/workday.py
[2025-02-16T23:57:53.432+0100] {logging_mixin.py:190} INFO - [2025-02-16T23:57:53.432+0100] {workday.py:41} WARNING - Could not import pandas. Holidays will not be considered.
[2025-02-16T23:57:53.433+0100] {processor.py:927} WARNING - No viable dags retrieved from /home/mohammed/myenv/lib/python3.12/site-packages/airflow/example_dags/plugins/workday.py
[2025-02-16T23:57:53.454+0100] {processor.py:208} INFO - Processing /home/mohammed/myenv/lib/python3.12/site-packages/airflow/example_dags/plugins/workday.py took 0.064 seconds
[2025-02-16T23:58:30.338+0100] {processor.py:186} INFO - Started process (PID=6101) to work on /home/mohammed/myenv/lib/python3.12/site-packages/airflow/example_dags/plugins/workday.py
[2025-02-16T23:58:30.344+0100] {processor.py:914} INFO - Processing file /home/mohammed/myenv/lib/python3.12/site-packages/airflow/example_dags/plugins/workday.py for tasks to queue
[2025-02-16T23:58:30.348+0100] {logging_mixin.py:190} INFO - [2025-02-16T23:58:30.348+0100] {dagbag.py:588} INFO - Filling up the DagBag from /home/mohammed/myenv/lib/python3.12/site-packages/airflow/example_dags/plugins/workday.py
[2025-02-16T23:58:30.354+0100] {logging_mixin.py:190} INFO - [2025-02-16T23:58:30.354+0100] {workday.py:41} WARNING - Could not import pandas. Holidays will not be considered.
[2025-02-16T23:58:30.356+0100] {processor.py:927} WARNING - No viable dags retrieved from /home/mohammed/myenv/lib/python3.12/site-packages/airflow/example_dags/plugins/workday.py
[2025-02-16T23:58:30.377+0100] {processor.py:208} INFO - Processing /home/mohammed/myenv/lib/python3.12/site-packages/airflow/example_dags/plugins/workday.py took 0.055 seconds
[2025-02-16T23:59:08.351+0100] {processor.py:186} INFO - Started process (PID=6135) to work on /home/mohammed/myenv/lib/python3.12/site-packages/airflow/example_dags/plugins/workday.py
[2025-02-16T23:59:08.357+0100] {processor.py:914} INFO - Processing file /home/mohammed/myenv/lib/python3.12/site-packages/airflow/example_dags/plugins/workday.py for tasks to queue
[2025-02-16T23:59:08.362+0100] {logging_mixin.py:190} INFO - [2025-02-16T23:59:08.361+0100] {dagbag.py:588} INFO - Filling up the DagBag from /home/mohammed/myenv/lib/python3.12/site-packages/airflow/example_dags/plugins/workday.py
[2025-02-16T23:59:08.368+0100] {logging_mixin.py:190} INFO - [2025-02-16T23:59:08.368+0100] {workday.py:41} WARNING - Could not import pandas. Holidays will not be considered.
[2025-02-16T23:59:08.369+0100] {processor.py:927} WARNING - No viable dags retrieved from /home/mohammed/myenv/lib/python3.12/site-packages/airflow/example_dags/plugins/workday.py
[2025-02-16T23:59:08.391+0100] {processor.py:208} INFO - Processing /home/mohammed/myenv/lib/python3.12/site-packages/airflow/example_dags/plugins/workday.py took 0.052 seconds
[2025-02-16T23:59:47.807+0100] {processor.py:186} INFO - Started process (PID=6170) to work on /home/mohammed/myenv/lib/python3.12/site-packages/airflow/example_dags/plugins/workday.py
[2025-02-16T23:59:47.815+0100] {processor.py:914} INFO - Processing file /home/mohammed/myenv/lib/python3.12/site-packages/airflow/example_dags/plugins/workday.py for tasks to queue
[2025-02-16T23:59:47.822+0100] {logging_mixin.py:190} INFO - [2025-02-16T23:59:47.821+0100] {dagbag.py:588} INFO - Filling up the DagBag from /home/mohammed/myenv/lib/python3.12/site-packages/airflow/example_dags/plugins/workday.py
[2025-02-16T23:59:47.832+0100] {logging_mixin.py:190} INFO - [2025-02-16T23:59:47.832+0100] {workday.py:41} WARNING - Could not import pandas. Holidays will not be considered.
[2025-02-16T23:59:47.834+0100] {processor.py:927} WARNING - No viable dags retrieved from /home/mohammed/myenv/lib/python3.12/site-packages/airflow/example_dags/plugins/workday.py
[2025-02-16T23:59:47.870+0100] {processor.py:208} INFO - Processing /home/mohammed/myenv/lib/python3.12/site-packages/airflow/example_dags/plugins/workday.py took 0.084 seconds
[2025-02-17T00:00:25.772+0100] {processor.py:186} INFO - Started process (PID=6202) to work on /home/mohammed/myenv/lib/python3.12/site-packages/airflow/example_dags/plugins/workday.py
[2025-02-17T00:00:25.778+0100] {processor.py:914} INFO - Processing file /home/mohammed/myenv/lib/python3.12/site-packages/airflow/example_dags/plugins/workday.py for tasks to queue
[2025-02-17T00:00:25.781+0100] {logging_mixin.py:190} INFO - [2025-02-17T00:00:25.781+0100] {dagbag.py:588} INFO - Filling up the DagBag from /home/mohammed/myenv/lib/python3.12/site-packages/airflow/example_dags/plugins/workday.py
[2025-02-17T00:00:25.785+0100] {logging_mixin.py:190} INFO - [2025-02-17T00:00:25.785+0100] {workday.py:41} WARNING - Could not import pandas. Holidays will not be considered.
[2025-02-17T00:00:25.786+0100] {processor.py:927} WARNING - No viable dags retrieved from /home/mohammed/myenv/lib/python3.12/site-packages/airflow/example_dags/plugins/workday.py
[2025-02-17T00:00:25.801+0100] {processor.py:208} INFO - Processing /home/mohammed/myenv/lib/python3.12/site-packages/airflow/example_dags/plugins/workday.py took 0.037 seconds
[2025-02-17T00:01:02.208+0100] {processor.py:186} INFO - Started process (PID=6291) to work on /home/mohammed/myenv/lib/python3.12/site-packages/airflow/example_dags/plugins/workday.py
[2025-02-17T00:01:02.216+0100] {processor.py:914} INFO - Processing file /home/mohammed/myenv/lib/python3.12/site-packages/airflow/example_dags/plugins/workday.py for tasks to queue
[2025-02-17T00:01:02.224+0100] {logging_mixin.py:190} INFO - [2025-02-17T00:01:02.223+0100] {dagbag.py:588} INFO - Filling up the DagBag from /home/mohammed/myenv/lib/python3.12/site-packages/airflow/example_dags/plugins/workday.py
[2025-02-17T00:01:02.236+0100] {logging_mixin.py:190} INFO - [2025-02-17T00:01:02.235+0100] {workday.py:41} WARNING - Could not import pandas. Holidays will not be considered.
[2025-02-17T00:01:02.237+0100] {processor.py:927} WARNING - No viable dags retrieved from /home/mohammed/myenv/lib/python3.12/site-packages/airflow/example_dags/plugins/workday.py
[2025-02-17T00:01:02.274+0100] {processor.py:208} INFO - Processing /home/mohammed/myenv/lib/python3.12/site-packages/airflow/example_dags/plugins/workday.py took 0.086 seconds
[2025-02-17T00:01:42.221+0100] {processor.py:186} INFO - Started process (PID=6325) to work on /home/mohammed/myenv/lib/python3.12/site-packages/airflow/example_dags/plugins/workday.py
[2025-02-17T00:01:42.229+0100] {processor.py:914} INFO - Processing file /home/mohammed/myenv/lib/python3.12/site-packages/airflow/example_dags/plugins/workday.py for tasks to queue
[2025-02-17T00:01:42.237+0100] {logging_mixin.py:190} INFO - [2025-02-17T00:01:42.236+0100] {dagbag.py:588} INFO - Filling up the DagBag from /home/mohammed/myenv/lib/python3.12/site-packages/airflow/example_dags/plugins/workday.py
[2025-02-17T00:01:42.248+0100] {logging_mixin.py:190} INFO - [2025-02-17T00:01:42.247+0100] {workday.py:41} WARNING - Could not import pandas. Holidays will not be considered.
[2025-02-17T00:01:42.249+0100] {processor.py:927} WARNING - No viable dags retrieved from /home/mohammed/myenv/lib/python3.12/site-packages/airflow/example_dags/plugins/workday.py
[2025-02-17T00:01:42.285+0100] {processor.py:208} INFO - Processing /home/mohammed/myenv/lib/python3.12/site-packages/airflow/example_dags/plugins/workday.py took 0.086 seconds
[2025-02-17T00:02:18.230+0100] {processor.py:186} INFO - Started process (PID=6358) to work on /home/mohammed/myenv/lib/python3.12/site-packages/airflow/example_dags/plugins/workday.py
[2025-02-17T00:02:18.237+0100] {processor.py:914} INFO - Processing file /home/mohammed/myenv/lib/python3.12/site-packages/airflow/example_dags/plugins/workday.py for tasks to queue
[2025-02-17T00:02:18.241+0100] {logging_mixin.py:190} INFO - [2025-02-17T00:02:18.240+0100] {dagbag.py:588} INFO - Filling up the DagBag from /home/mohammed/myenv/lib/python3.12/site-packages/airflow/example_dags/plugins/workday.py
[2025-02-17T00:02:18.247+0100] {logging_mixin.py:190} INFO - [2025-02-17T00:02:18.246+0100] {workday.py:41} WARNING - Could not import pandas. Holidays will not be considered.
[2025-02-17T00:02:18.248+0100] {processor.py:927} WARNING - No viable dags retrieved from /home/mohammed/myenv/lib/python3.12/site-packages/airflow/example_dags/plugins/workday.py
[2025-02-17T00:02:18.276+0100] {processor.py:208} INFO - Processing /home/mohammed/myenv/lib/python3.12/site-packages/airflow/example_dags/plugins/workday.py took 0.056 seconds
[2025-02-17T00:02:55.145+0100] {processor.py:186} INFO - Started process (PID=6392) to work on /home/mohammed/myenv/lib/python3.12/site-packages/airflow/example_dags/plugins/workday.py
[2025-02-17T00:02:55.152+0100] {processor.py:914} INFO - Processing file /home/mohammed/myenv/lib/python3.12/site-packages/airflow/example_dags/plugins/workday.py for tasks to queue
[2025-02-17T00:02:55.156+0100] {logging_mixin.py:190} INFO - [2025-02-17T00:02:55.155+0100] {dagbag.py:588} INFO - Filling up the DagBag from /home/mohammed/myenv/lib/python3.12/site-packages/airflow/example_dags/plugins/workday.py
[2025-02-17T00:02:55.162+0100] {logging_mixin.py:190} INFO - [2025-02-17T00:02:55.162+0100] {workday.py:41} WARNING - Could not import pandas. Holidays will not be considered.
[2025-02-17T00:02:55.163+0100] {processor.py:927} WARNING - No viable dags retrieved from /home/mohammed/myenv/lib/python3.12/site-packages/airflow/example_dags/plugins/workday.py
[2025-02-17T00:02:55.193+0100] {processor.py:208} INFO - Processing /home/mohammed/myenv/lib/python3.12/site-packages/airflow/example_dags/plugins/workday.py took 0.060 seconds
[2025-02-17T00:03:35.804+0100] {processor.py:186} INFO - Started process (PID=6425) to work on /home/mohammed/myenv/lib/python3.12/site-packages/airflow/example_dags/plugins/workday.py
[2025-02-17T00:03:35.811+0100] {processor.py:914} INFO - Processing file /home/mohammed/myenv/lib/python3.12/site-packages/airflow/example_dags/plugins/workday.py for tasks to queue
[2025-02-17T00:03:35.816+0100] {logging_mixin.py:190} INFO - [2025-02-17T00:03:35.815+0100] {dagbag.py:588} INFO - Filling up the DagBag from /home/mohammed/myenv/lib/python3.12/site-packages/airflow/example_dags/plugins/workday.py
[2025-02-17T00:03:35.826+0100] {logging_mixin.py:190} INFO - [2025-02-17T00:03:35.825+0100] {workday.py:41} WARNING - Could not import pandas. Holidays will not be considered.
[2025-02-17T00:03:35.827+0100] {processor.py:927} WARNING - No viable dags retrieved from /home/mohammed/myenv/lib/python3.12/site-packages/airflow/example_dags/plugins/workday.py
[2025-02-17T00:03:35.865+0100] {processor.py:208} INFO - Processing /home/mohammed/myenv/lib/python3.12/site-packages/airflow/example_dags/plugins/workday.py took 0.068 seconds
[2025-02-17T00:04:14.176+0100] {processor.py:186} INFO - Started process (PID=6459) to work on /home/mohammed/myenv/lib/python3.12/site-packages/airflow/example_dags/plugins/workday.py
[2025-02-17T00:04:14.182+0100] {processor.py:914} INFO - Processing file /home/mohammed/myenv/lib/python3.12/site-packages/airflow/example_dags/plugins/workday.py for tasks to queue
[2025-02-17T00:04:14.186+0100] {logging_mixin.py:190} INFO - [2025-02-17T00:04:14.185+0100] {dagbag.py:588} INFO - Filling up the DagBag from /home/mohammed/myenv/lib/python3.12/site-packages/airflow/example_dags/plugins/workday.py
[2025-02-17T00:04:14.192+0100] {logging_mixin.py:190} INFO - [2025-02-17T00:04:14.192+0100] {workday.py:41} WARNING - Could not import pandas. Holidays will not be considered.
[2025-02-17T00:04:14.193+0100] {processor.py:927} WARNING - No viable dags retrieved from /home/mohammed/myenv/lib/python3.12/site-packages/airflow/example_dags/plugins/workday.py
[2025-02-17T00:04:14.213+0100] {processor.py:208} INFO - Processing /home/mohammed/myenv/lib/python3.12/site-packages/airflow/example_dags/plugins/workday.py took 0.048 seconds
[2025-02-17T00:04:53.411+0100] {processor.py:186} INFO - Started process (PID=6493) to work on /home/mohammed/myenv/lib/python3.12/site-packages/airflow/example_dags/plugins/workday.py
[2025-02-17T00:04:53.417+0100] {processor.py:914} INFO - Processing file /home/mohammed/myenv/lib/python3.12/site-packages/airflow/example_dags/plugins/workday.py for tasks to queue
[2025-02-17T00:04:53.420+0100] {logging_mixin.py:190} INFO - [2025-02-17T00:04:53.420+0100] {dagbag.py:588} INFO - Filling up the DagBag from /home/mohammed/myenv/lib/python3.12/site-packages/airflow/example_dags/plugins/workday.py
[2025-02-17T00:04:53.425+0100] {logging_mixin.py:190} INFO - [2025-02-17T00:04:53.424+0100] {workday.py:41} WARNING - Could not import pandas. Holidays will not be considered.
[2025-02-17T00:04:53.425+0100] {processor.py:927} WARNING - No viable dags retrieved from /home/mohammed/myenv/lib/python3.12/site-packages/airflow/example_dags/plugins/workday.py
[2025-02-17T00:04:53.444+0100] {processor.py:208} INFO - Processing /home/mohammed/myenv/lib/python3.12/site-packages/airflow/example_dags/plugins/workday.py took 0.041 seconds
[2025-02-17T00:05:29.364+0100] {processor.py:186} INFO - Started process (PID=6530) to work on /home/mohammed/myenv/lib/python3.12/site-packages/airflow/example_dags/plugins/workday.py
[2025-02-17T00:05:29.370+0100] {processor.py:914} INFO - Processing file /home/mohammed/myenv/lib/python3.12/site-packages/airflow/example_dags/plugins/workday.py for tasks to queue
[2025-02-17T00:05:29.374+0100] {logging_mixin.py:190} INFO - [2025-02-17T00:05:29.374+0100] {dagbag.py:588} INFO - Filling up the DagBag from /home/mohammed/myenv/lib/python3.12/site-packages/airflow/example_dags/plugins/workday.py
[2025-02-17T00:05:29.381+0100] {logging_mixin.py:190} INFO - [2025-02-17T00:05:29.380+0100] {workday.py:41} WARNING - Could not import pandas. Holidays will not be considered.
[2025-02-17T00:05:29.381+0100] {processor.py:927} WARNING - No viable dags retrieved from /home/mohammed/myenv/lib/python3.12/site-packages/airflow/example_dags/plugins/workday.py
[2025-02-17T00:05:29.403+0100] {processor.py:208} INFO - Processing /home/mohammed/myenv/lib/python3.12/site-packages/airflow/example_dags/plugins/workday.py took 0.051 seconds
[2025-02-17T00:06:05.473+0100] {processor.py:186} INFO - Started process (PID=6561) to work on /home/mohammed/myenv/lib/python3.12/site-packages/airflow/example_dags/plugins/workday.py
[2025-02-17T00:06:05.481+0100] {processor.py:914} INFO - Processing file /home/mohammed/myenv/lib/python3.12/site-packages/airflow/example_dags/plugins/workday.py for tasks to queue
[2025-02-17T00:06:05.488+0100] {logging_mixin.py:190} INFO - [2025-02-17T00:06:05.487+0100] {dagbag.py:588} INFO - Filling up the DagBag from /home/mohammed/myenv/lib/python3.12/site-packages/airflow/example_dags/plugins/workday.py
[2025-02-17T00:06:05.499+0100] {logging_mixin.py:190} INFO - [2025-02-17T00:06:05.498+0100] {workday.py:41} WARNING - Could not import pandas. Holidays will not be considered.
[2025-02-17T00:06:05.500+0100] {processor.py:927} WARNING - No viable dags retrieved from /home/mohammed/myenv/lib/python3.12/site-packages/airflow/example_dags/plugins/workday.py
[2025-02-17T00:06:05.537+0100] {processor.py:208} INFO - Processing /home/mohammed/myenv/lib/python3.12/site-packages/airflow/example_dags/plugins/workday.py took 0.085 seconds
[2025-02-17T00:06:41.571+0100] {processor.py:186} INFO - Started process (PID=6593) to work on /home/mohammed/myenv/lib/python3.12/site-packages/airflow/example_dags/plugins/workday.py
[2025-02-17T00:06:41.577+0100] {processor.py:914} INFO - Processing file /home/mohammed/myenv/lib/python3.12/site-packages/airflow/example_dags/plugins/workday.py for tasks to queue
[2025-02-17T00:06:41.581+0100] {logging_mixin.py:190} INFO - [2025-02-17T00:06:41.580+0100] {dagbag.py:588} INFO - Filling up the DagBag from /home/mohammed/myenv/lib/python3.12/site-packages/airflow/example_dags/plugins/workday.py
[2025-02-17T00:06:41.587+0100] {logging_mixin.py:190} INFO - [2025-02-17T00:06:41.587+0100] {workday.py:41} WARNING - Could not import pandas. Holidays will not be considered.
[2025-02-17T00:06:41.588+0100] {processor.py:927} WARNING - No viable dags retrieved from /home/mohammed/myenv/lib/python3.12/site-packages/airflow/example_dags/plugins/workday.py
[2025-02-17T00:06:41.609+0100] {processor.py:208} INFO - Processing /home/mohammed/myenv/lib/python3.12/site-packages/airflow/example_dags/plugins/workday.py took 0.049 seconds
[2025-02-17T00:07:18.804+0100] {processor.py:186} INFO - Started process (PID=6624) to work on /home/mohammed/myenv/lib/python3.12/site-packages/airflow/example_dags/plugins/workday.py
[2025-02-17T00:07:18.810+0100] {processor.py:914} INFO - Processing file /home/mohammed/myenv/lib/python3.12/site-packages/airflow/example_dags/plugins/workday.py for tasks to queue
[2025-02-17T00:07:18.813+0100] {logging_mixin.py:190} INFO - [2025-02-17T00:07:18.812+0100] {dagbag.py:588} INFO - Filling up the DagBag from /home/mohammed/myenv/lib/python3.12/site-packages/airflow/example_dags/plugins/workday.py
[2025-02-17T00:07:18.818+0100] {logging_mixin.py:190} INFO - [2025-02-17T00:07:18.818+0100] {workday.py:41} WARNING - Could not import pandas. Holidays will not be considered.
[2025-02-17T00:07:18.818+0100] {processor.py:927} WARNING - No viable dags retrieved from /home/mohammed/myenv/lib/python3.12/site-packages/airflow/example_dags/plugins/workday.py
[2025-02-17T00:07:18.838+0100] {processor.py:208} INFO - Processing /home/mohammed/myenv/lib/python3.12/site-packages/airflow/example_dags/plugins/workday.py took 0.042 seconds
[2025-02-17T00:07:59.008+0100] {processor.py:186} INFO - Started process (PID=6657) to work on /home/mohammed/myenv/lib/python3.12/site-packages/airflow/example_dags/plugins/workday.py
[2025-02-17T00:07:59.016+0100] {processor.py:914} INFO - Processing file /home/mohammed/myenv/lib/python3.12/site-packages/airflow/example_dags/plugins/workday.py for tasks to queue
[2025-02-17T00:07:59.023+0100] {logging_mixin.py:190} INFO - [2025-02-17T00:07:59.022+0100] {dagbag.py:588} INFO - Filling up the DagBag from /home/mohammed/myenv/lib/python3.12/site-packages/airflow/example_dags/plugins/workday.py
[2025-02-17T00:07:59.034+0100] {logging_mixin.py:190} INFO - [2025-02-17T00:07:59.033+0100] {workday.py:41} WARNING - Could not import pandas. Holidays will not be considered.
[2025-02-17T00:07:59.035+0100] {processor.py:927} WARNING - No viable dags retrieved from /home/mohammed/myenv/lib/python3.12/site-packages/airflow/example_dags/plugins/workday.py
[2025-02-17T00:07:59.072+0100] {processor.py:208} INFO - Processing /home/mohammed/myenv/lib/python3.12/site-packages/airflow/example_dags/plugins/workday.py took 0.085 seconds
[2025-02-17T00:08:37.546+0100] {processor.py:186} INFO - Started process (PID=6722) to work on /home/mohammed/myenv/lib/python3.12/site-packages/airflow/example_dags/plugins/workday.py
[2025-02-17T00:08:37.551+0100] {processor.py:914} INFO - Processing file /home/mohammed/myenv/lib/python3.12/site-packages/airflow/example_dags/plugins/workday.py for tasks to queue
[2025-02-17T00:08:37.554+0100] {logging_mixin.py:190} INFO - [2025-02-17T00:08:37.554+0100] {dagbag.py:588} INFO - Filling up the DagBag from /home/mohammed/myenv/lib/python3.12/site-packages/airflow/example_dags/plugins/workday.py
[2025-02-17T00:08:37.558+0100] {logging_mixin.py:190} INFO - [2025-02-17T00:08:37.558+0100] {workday.py:41} WARNING - Could not import pandas. Holidays will not be considered.
[2025-02-17T00:08:37.559+0100] {processor.py:927} WARNING - No viable dags retrieved from /home/mohammed/myenv/lib/python3.12/site-packages/airflow/example_dags/plugins/workday.py
[2025-02-17T00:08:37.573+0100] {processor.py:208} INFO - Processing /home/mohammed/myenv/lib/python3.12/site-packages/airflow/example_dags/plugins/workday.py took 0.035 seconds
[2025-02-17T00:09:48.670+0100] {processor.py:186} INFO - Started process (PID=6783) to work on /home/mohammed/myenv/lib/python3.12/site-packages/airflow/example_dags/plugins/workday.py
[2025-02-17T00:09:48.678+0100] {processor.py:914} INFO - Processing file /home/mohammed/myenv/lib/python3.12/site-packages/airflow/example_dags/plugins/workday.py for tasks to queue
[2025-02-17T00:09:48.686+0100] {logging_mixin.py:190} INFO - [2025-02-17T00:09:48.684+0100] {dagbag.py:588} INFO - Filling up the DagBag from /home/mohammed/myenv/lib/python3.12/site-packages/airflow/example_dags/plugins/workday.py
[2025-02-17T00:09:48.696+0100] {logging_mixin.py:190} INFO - [2025-02-17T00:09:48.696+0100] {workday.py:41} WARNING - Could not import pandas. Holidays will not be considered.
[2025-02-17T00:09:48.698+0100] {processor.py:927} WARNING - No viable dags retrieved from /home/mohammed/myenv/lib/python3.12/site-packages/airflow/example_dags/plugins/workday.py
[2025-02-17T00:09:48.738+0100] {processor.py:208} INFO - Processing /home/mohammed/myenv/lib/python3.12/site-packages/airflow/example_dags/plugins/workday.py took 0.088 seconds
[2025-02-17T00:10:28.535+0100] {processor.py:186} INFO - Started process (PID=6818) to work on /home/mohammed/myenv/lib/python3.12/site-packages/airflow/example_dags/plugins/workday.py
[2025-02-17T00:10:28.541+0100] {processor.py:914} INFO - Processing file /home/mohammed/myenv/lib/python3.12/site-packages/airflow/example_dags/plugins/workday.py for tasks to queue
[2025-02-17T00:10:28.547+0100] {logging_mixin.py:190} INFO - [2025-02-17T00:10:28.546+0100] {dagbag.py:588} INFO - Filling up the DagBag from /home/mohammed/myenv/lib/python3.12/site-packages/airflow/example_dags/plugins/workday.py
[2025-02-17T00:10:28.556+0100] {logging_mixin.py:190} INFO - [2025-02-17T00:10:28.555+0100] {workday.py:41} WARNING - Could not import pandas. Holidays will not be considered.
[2025-02-17T00:10:28.557+0100] {processor.py:927} WARNING - No viable dags retrieved from /home/mohammed/myenv/lib/python3.12/site-packages/airflow/example_dags/plugins/workday.py
[2025-02-17T00:10:28.590+0100] {processor.py:208} INFO - Processing /home/mohammed/myenv/lib/python3.12/site-packages/airflow/example_dags/plugins/workday.py took 0.067 seconds
[2025-02-17T00:11:07.422+0100] {processor.py:186} INFO - Started process (PID=6854) to work on /home/mohammed/myenv/lib/python3.12/site-packages/airflow/example_dags/plugins/workday.py
[2025-02-17T00:11:07.433+0100] {processor.py:914} INFO - Processing file /home/mohammed/myenv/lib/python3.12/site-packages/airflow/example_dags/plugins/workday.py for tasks to queue
[2025-02-17T00:11:07.444+0100] {logging_mixin.py:190} INFO - [2025-02-17T00:11:07.442+0100] {dagbag.py:588} INFO - Filling up the DagBag from /home/mohammed/myenv/lib/python3.12/site-packages/airflow/example_dags/plugins/workday.py
[2025-02-17T00:11:07.459+0100] {logging_mixin.py:190} INFO - [2025-02-17T00:11:07.458+0100] {workday.py:41} WARNING - Could not import pandas. Holidays will not be considered.
[2025-02-17T00:11:07.461+0100] {processor.py:927} WARNING - No viable dags retrieved from /home/mohammed/myenv/lib/python3.12/site-packages/airflow/example_dags/plugins/workday.py
[2025-02-17T00:11:07.520+0100] {processor.py:208} INFO - Processing /home/mohammed/myenv/lib/python3.12/site-packages/airflow/example_dags/plugins/workday.py took 0.136 seconds
[2025-02-17T00:11:46.663+0100] {processor.py:186} INFO - Started process (PID=6893) to work on /home/mohammed/myenv/lib/python3.12/site-packages/airflow/example_dags/plugins/workday.py
[2025-02-17T00:11:46.672+0100] {processor.py:914} INFO - Processing file /home/mohammed/myenv/lib/python3.12/site-packages/airflow/example_dags/plugins/workday.py for tasks to queue
[2025-02-17T00:11:46.683+0100] {logging_mixin.py:190} INFO - [2025-02-17T00:11:46.681+0100] {dagbag.py:588} INFO - Filling up the DagBag from /home/mohammed/myenv/lib/python3.12/site-packages/airflow/example_dags/plugins/workday.py
[2025-02-17T00:11:46.698+0100] {logging_mixin.py:190} INFO - [2025-02-17T00:11:46.697+0100] {workday.py:41} WARNING - Could not import pandas. Holidays will not be considered.
[2025-02-17T00:11:46.700+0100] {processor.py:927} WARNING - No viable dags retrieved from /home/mohammed/myenv/lib/python3.12/site-packages/airflow/example_dags/plugins/workday.py
[2025-02-17T00:11:46.770+0100] {processor.py:208} INFO - Processing /home/mohammed/myenv/lib/python3.12/site-packages/airflow/example_dags/plugins/workday.py took 0.151 seconds
[2025-02-17T00:12:25.622+0100] {processor.py:186} INFO - Started process (PID=6926) to work on /home/mohammed/myenv/lib/python3.12/site-packages/airflow/example_dags/plugins/workday.py
[2025-02-17T00:12:25.629+0100] {processor.py:914} INFO - Processing file /home/mohammed/myenv/lib/python3.12/site-packages/airflow/example_dags/plugins/workday.py for tasks to queue
[2025-02-17T00:12:25.635+0100] {logging_mixin.py:190} INFO - [2025-02-17T00:12:25.633+0100] {dagbag.py:588} INFO - Filling up the DagBag from /home/mohammed/myenv/lib/python3.12/site-packages/airflow/example_dags/plugins/workday.py
[2025-02-17T00:12:25.642+0100] {logging_mixin.py:190} INFO - [2025-02-17T00:12:25.641+0100] {workday.py:41} WARNING - Could not import pandas. Holidays will not be considered.
[2025-02-17T00:12:25.643+0100] {processor.py:927} WARNING - No viable dags retrieved from /home/mohammed/myenv/lib/python3.12/site-packages/airflow/example_dags/plugins/workday.py
[2025-02-17T00:12:25.667+0100] {processor.py:208} INFO - Processing /home/mohammed/myenv/lib/python3.12/site-packages/airflow/example_dags/plugins/workday.py took 0.061 seconds
[2025-02-17T00:13:05.947+0100] {processor.py:186} INFO - Started process (PID=6958) to work on /home/mohammed/myenv/lib/python3.12/site-packages/airflow/example_dags/plugins/workday.py
[2025-02-17T00:13:05.956+0100] {processor.py:914} INFO - Processing file /home/mohammed/myenv/lib/python3.12/site-packages/airflow/example_dags/plugins/workday.py for tasks to queue
[2025-02-17T00:13:05.966+0100] {logging_mixin.py:190} INFO - [2025-02-17T00:13:05.965+0100] {dagbag.py:588} INFO - Filling up the DagBag from /home/mohammed/myenv/lib/python3.12/site-packages/airflow/example_dags/plugins/workday.py
[2025-02-17T00:13:05.981+0100] {logging_mixin.py:190} INFO - [2025-02-17T00:13:05.980+0100] {workday.py:41} WARNING - Could not import pandas. Holidays will not be considered.
[2025-02-17T00:13:05.983+0100] {processor.py:927} WARNING - No viable dags retrieved from /home/mohammed/myenv/lib/python3.12/site-packages/airflow/example_dags/plugins/workday.py
[2025-02-17T00:13:06.032+0100] {processor.py:208} INFO - Processing /home/mohammed/myenv/lib/python3.12/site-packages/airflow/example_dags/plugins/workday.py took 0.115 seconds
