[2025-05-29T17:11:11.356+0100] {local_task_job_runner.py:123} INFO - ::group::Pre task execution logs
[2025-05-29T17:11:11.577+0100] {taskinstance.py:2614} INFO - Dependencies all met for dep_context=non-requeueable deps ti=<TaskInstance: bank_reviews_etl_and_analysis_pipeline.dbt_run_decisionnal manual__2025-05-29T16:08:59.267502+00:00 [queued]>
[2025-05-29T17:11:11.610+0100] {taskinstance.py:2614} INFO - Dependencies all met for dep_context=requeueable deps ti=<TaskInstance: bank_reviews_etl_and_analysis_pipeline.dbt_run_decisionnal manual__2025-05-29T16:08:59.267502+00:00 [queued]>
[2025-05-29T17:11:11.610+0100] {taskinstance.py:2867} INFO - Starting attempt 1 of 2
[2025-05-29T17:11:11.654+0100] {taskinstance.py:2890} INFO - Executing <Task(BashOperator): dbt_run_decisionnal> on 2025-05-29 16:08:59.267502+00:00
[2025-05-29T17:11:11.661+0100] {standard_task_runner.py:72} INFO - Started process 300286 to run task
[2025-05-29T17:11:11.670+0100] {standard_task_runner.py:104} INFO - Running: ['airflow', 'tasks', 'run', 'bank_reviews_etl_and_analysis_pipeline', 'dbt_run_decisionnal', 'manual__2025-05-29T16:08:59.267502+00:00', '--job-id', '2551', '--raw', '--subdir', 'DAGS_FOLDER/dag_load_reviews.py', '--cfg-path', '/tmp/tmpxdplhpem']
[2025-05-29T17:11:11.672+0100] {standard_task_runner.py:105} INFO - Job 2551: Subtask dbt_run_decisionnal
[2025-05-29T17:11:11.819+0100] {task_command.py:467} INFO - Running <TaskInstance: bank_reviews_etl_and_analysis_pipeline.dbt_run_decisionnal manual__2025-05-29T16:08:59.267502+00:00 [running]> on host DESKTOP-IM7V4RI.
[2025-05-29T17:11:12.016+0100] {taskinstance.py:3134} INFO - Exporting env vars: AIRFLOW_CTX_DAG_OWNER='mohammed' AIRFLOW_CTX_DAG_ID='bank_reviews_etl_and_analysis_pipeline' AIRFLOW_CTX_TASK_ID='dbt_run_decisionnal' AIRFLOW_CTX_EXECUTION_DATE='2025-05-29T16:08:59.267502+00:00' AIRFLOW_CTX_TRY_NUMBER='1' AIRFLOW_CTX_DAG_RUN_ID='manual__2025-05-29T16:08:59.267502+00:00'
[2025-05-29T17:11:12.024+0100] {logging_mixin.py:190} INFO - Task instance is in running state
[2025-05-29T17:11:12.026+0100] {logging_mixin.py:190} INFO -  Previous state of the Task instance: queued
[2025-05-29T17:11:12.027+0100] {logging_mixin.py:190} INFO - Current task name:dbt_run_decisionnal state:running start_date:2025-05-29 16:11:11.578185+00:00
[2025-05-29T17:11:12.028+0100] {logging_mixin.py:190} INFO - Dag name:bank_reviews_etl_and_analysis_pipeline and current dag run status:running
[2025-05-29T17:11:12.029+0100] {taskinstance.py:732} INFO - ::endgroup::
[2025-05-29T17:11:12.033+0100] {subprocess.py:78} INFO - Tmp dir root location: /tmp
[2025-05-29T17:11:12.043+0100] {subprocess.py:88} INFO - Running command: ['/usr/bin/bash', '-c', 'cd /home/mohammed/.dbt/dbt_projects/bank_reviews_decisionnal && dbt run --full-refresh']
[2025-05-29T17:11:12.088+0100] {subprocess.py:99} INFO - Output:
[2025-05-29T17:11:17.971+0100] {subprocess.py:106} INFO - [0m16:11:17  Running with dbt=1.9.3
[2025-05-29T17:11:18.811+0100] {subprocess.py:106} INFO - [0m16:11:18  Registered adapter: postgres=1.9.0
[2025-05-29T17:11:19.145+0100] {subprocess.py:106} INFO - [0m16:11:19  [[33mWARNING[0m]: Configuration paths exist in your dbt_project.yml file which do not apply to any resources.
[2025-05-29T17:11:19.146+0100] {subprocess.py:106} INFO - There are 1 unused configuration paths:
[2025-05-29T17:11:19.146+0100] {subprocess.py:106} INFO - - models.bank_reviews_decisionnal.decisionnal
[2025-05-29T17:11:19.339+0100] {subprocess.py:106} INFO - [0m16:11:19  Found 5 models, 2 sources, 547 macros
[2025-05-29T17:11:19.341+0100] {subprocess.py:106} INFO - [0m16:11:19
[2025-05-29T17:11:19.342+0100] {subprocess.py:106} INFO - [0m16:11:19  Concurrency: 4 threads (target='dev')
[2025-05-29T17:11:19.342+0100] {subprocess.py:106} INFO - [0m16:11:19
[2025-05-29T17:11:19.641+0100] {subprocess.py:106} INFO - [0m16:11:19  1 of 5 START sql table model decisionnal.dim_bank .............................. [RUN]
[2025-05-29T17:11:19.644+0100] {subprocess.py:106} INFO - [0m16:11:19  2 of 5 START sql table model decisionnal.dim_branch ............................ [RUN]
[2025-05-29T17:11:19.648+0100] {subprocess.py:106} INFO - [0m16:11:19  3 of 5 START sql table model decisionnal.dim_location .......................... [RUN]
[2025-05-29T17:11:19.650+0100] {subprocess.py:106} INFO - [0m16:11:19  4 of 5 START sql table model decisionnal.dim_sentiment ......................... [RUN]
[2025-05-29T17:11:20.373+0100] {subprocess.py:106} INFO - [0m16:11:20  1 of 5 OK created sql table model decisionnal.dim_bank ......................... [[32mSELECT 315[0m in 0.72s]
[2025-05-29T17:11:20.376+0100] {subprocess.py:106} INFO - [0m16:11:20  3 of 5 OK created sql table model decisionnal.dim_location ..................... [[32mSELECT 1710[0m in 0.72s]
[2025-05-29T17:11:20.378+0100] {subprocess.py:106} INFO - [0m16:11:20  2 of 5 OK created sql table model decisionnal.dim_branch ....................... [[32mSELECT 1474[0m in 0.72s]
[2025-05-29T17:11:20.379+0100] {subprocess.py:106} INFO - [0m16:11:20  4 of 5 OK created sql table model decisionnal.dim_sentiment .................... [[32mSELECT 3[0m in 0.70s]
[2025-05-29T17:11:20.383+0100] {subprocess.py:106} INFO - [0m16:11:20  5 of 5 START sql table model decisionnal.fact_reviews .......................... [RUN]
[2025-05-29T17:11:23.348+0100] {subprocess.py:106} INFO - [0m16:11:23  5 of 5 OK created sql table model decisionnal.fact_reviews ..................... [[32mSELECT 13203[0m in 2.96s]
[2025-05-29T17:11:23.373+0100] {subprocess.py:106} INFO - [0m16:11:23
[2025-05-29T17:11:23.373+0100] {subprocess.py:106} INFO - [0m16:11:23  Finished running 5 table models in 0 hours 0 minutes and 4.03 seconds (4.03s).
[2025-05-29T17:11:23.415+0100] {subprocess.py:106} INFO - [0m16:11:23
[2025-05-29T17:11:23.416+0100] {subprocess.py:106} INFO - [0m16:11:23  [32mCompleted successfully[0m
[2025-05-29T17:11:23.418+0100] {subprocess.py:106} INFO - [0m16:11:23
[2025-05-29T17:11:23.419+0100] {subprocess.py:106} INFO - [0m16:11:23  Done. PASS=5 WARN=0 ERROR=0 SKIP=0 TOTAL=5
[2025-05-29T17:11:25.099+0100] {subprocess.py:110} INFO - Command exited with return code 0
[2025-05-29T17:11:25.156+0100] {taskinstance.py:341} INFO - ::group::Post task execution logs
[2025-05-29T17:11:25.157+0100] {taskinstance.py:353} INFO - Marking task as SUCCESS. dag_id=bank_reviews_etl_and_analysis_pipeline, task_id=dbt_run_decisionnal, run_id=manual__2025-05-29T16:08:59.267502+00:00, execution_date=20250529T160859, start_date=20250529T161111, end_date=20250529T161125
[2025-05-29T17:11:25.219+0100] {logging_mixin.py:190} INFO - Task instance in success state
[2025-05-29T17:11:25.220+0100] {logging_mixin.py:190} INFO -  Previous state of the Task instance: running
[2025-05-29T17:11:25.220+0100] {logging_mixin.py:190} INFO - Dag name:bank_reviews_etl_and_analysis_pipeline queued_at:2025-05-29 16:09:00.748579+00:00
[2025-05-29T17:11:25.220+0100] {logging_mixin.py:190} INFO - Task hostname:DESKTOP-IM7V4RI. operator:BashOperator
[2025-05-29T17:11:25.240+0100] {local_task_job_runner.py:266} INFO - Task exited with return code 0
[2025-05-29T17:11:25.272+0100] {taskinstance.py:3901} INFO - 0 downstream tasks scheduled from follow-on schedule check
[2025-05-29T17:11:25.280+0100] {local_task_job_runner.py:245} INFO - ::endgroup::
