[2025-03-28T02:28:44.923+0000] {local_task_job_runner.py:123} INFO - ::group::Pre task execution logs
[2025-03-28T02:28:45.293+0000] {taskinstance.py:2614} INFO - Dependencies all met for dep_context=non-requeueable deps ti=<TaskInstance: load_dbt_clean_reviews_pipeline.dbt_run_transactional scheduled__2024-06-18T00:00:00+00:00 [queued]>
[2025-03-28T02:28:45.372+0000] {taskinstance.py:2614} INFO - Dependencies all met for dep_context=requeueable deps ti=<TaskInstance: load_dbt_clean_reviews_pipeline.dbt_run_transactional scheduled__2024-06-18T00:00:00+00:00 [queued]>
[2025-03-28T02:28:45.379+0000] {taskinstance.py:2867} INFO - Starting attempt 2 of 2
[2025-03-28T02:28:45.621+0000] {taskinstance.py:2890} INFO - Executing <Task(BashOperator): dbt_run_transactional> on 2024-06-18 00:00:00+00:00
[2025-03-28T02:28:45.674+0000] {standard_task_runner.py:72} INFO - Started process 206230 to run task
[2025-03-28T02:28:45.764+0000] {standard_task_runner.py:104} INFO - Running: ['airflow', 'tasks', 'run', 'load_dbt_clean_reviews_pipeline', 'dbt_run_transactional', 'scheduled__2024-06-18T00:00:00+00:00', '--job-id', '2179', '--raw', '--subdir', 'DAGS_FOLDER/dag_load_reviews.py', '--cfg-path', '/tmp/tmpzw8gwgsa']
[2025-03-28T02:28:45.768+0000] {standard_task_runner.py:105} INFO - Job 2179: Subtask dbt_run_transactional
[2025-03-28T02:28:46.379+0000] {task_command.py:467} INFO - Running <TaskInstance: load_dbt_clean_reviews_pipeline.dbt_run_transactional scheduled__2024-06-18T00:00:00+00:00 [running]> on host DESKTOP-IM7V4RI.
[2025-03-28T02:28:47.666+0000] {taskinstance.py:3134} INFO - Exporting env vars: AIRFLOW_CTX_DAG_OWNER='mohammed' AIRFLOW_CTX_DAG_ID='load_dbt_clean_reviews_pipeline' AIRFLOW_CTX_TASK_ID='dbt_run_transactional' AIRFLOW_CTX_EXECUTION_DATE='2024-06-18T00:00:00+00:00' AIRFLOW_CTX_TRY_NUMBER='2' AIRFLOW_CTX_DAG_RUN_ID='scheduled__2024-06-18T00:00:00+00:00'
[2025-03-28T02:28:47.685+0000] {logging_mixin.py:190} INFO - Task instance is in running state
[2025-03-28T02:28:47.686+0000] {logging_mixin.py:190} INFO -  Previous state of the Task instance: queued
[2025-03-28T02:28:47.687+0000] {logging_mixin.py:190} INFO - Current task name:dbt_run_transactional state:running start_date:2025-03-28 02:28:45.294092+00:00
[2025-03-28T02:28:47.687+0000] {logging_mixin.py:190} INFO - Dag name:load_dbt_clean_reviews_pipeline and current dag run status:running
[2025-03-28T02:28:47.688+0000] {taskinstance.py:732} INFO - ::endgroup::
[2025-03-28T02:28:47.691+0000] {subprocess.py:78} INFO - Tmp dir root location: /tmp
[2025-03-28T02:28:47.705+0000] {subprocess.py:88} INFO - Running command: ['/usr/bin/bash', '-c', 'cd /home/mohammed/.dbt/dbt_projects/bank_reviews_transactional && dbt run']
[2025-03-28T02:28:47.803+0000] {subprocess.py:99} INFO - Output:
[2025-03-28T02:29:21.950+0000] {subprocess.py:106} INFO - [0m02:29:21  Running with dbt=1.9.3
[2025-03-28T02:29:25.003+0000] {subprocess.py:106} INFO - [0m02:29:25  Registered adapter: postgres=1.9.0
[2025-03-28T02:29:27.142+0000] {subprocess.py:106} INFO - [0m02:29:27  [[33mWARNING[0m]: Configuration paths exist in your dbt_project.yml file which do not apply to any resources.
[2025-03-28T02:29:27.147+0000] {subprocess.py:106} INFO - There are 1 unused configuration paths:
[2025-03-28T02:29:27.148+0000] {subprocess.py:106} INFO - - models.bank_reviews_transactional.transactional
[2025-03-28T02:29:27.542+0000] {subprocess.py:106} INFO - [0m02:29:27  Found 1 model, 1 source, 433 macros
[2025-03-28T02:29:27.556+0000] {subprocess.py:106} INFO - [0m02:29:27
[2025-03-28T02:29:27.558+0000] {subprocess.py:106} INFO - [0m02:29:27  Concurrency: 4 threads (target='dev')
[2025-03-28T02:29:27.562+0000] {subprocess.py:106} INFO - [0m02:29:27
[2025-03-28T02:29:28.592+0000] {subprocess.py:106} INFO - [0m02:29:28  1 of 1 START sql table model transactional.clean_reviews ....................... [RUN]
[2025-03-28T02:29:30.870+0000] {subprocess.py:106} INFO - [0m02:29:30  1 of 1 OK created sql table model transactional.clean_reviews .................. [[32mSELECT 153[0m in 2.26s]
[2025-03-28T02:29:31.041+0000] {subprocess.py:106} INFO - [0m02:29:31
[2025-03-28T02:29:31.046+0000] {subprocess.py:106} INFO - [0m02:29:31  Finished running 1 table model in 0 hours 0 minutes and 3.48 seconds (3.48s).
[2025-03-28T02:29:31.250+0000] {subprocess.py:106} INFO - [0m02:29:31
[2025-03-28T02:29:31.254+0000] {subprocess.py:106} INFO - [0m02:29:31  [32mCompleted successfully[0m
[2025-03-28T02:29:31.262+0000] {subprocess.py:106} INFO - [0m02:29:31
[2025-03-28T02:29:31.265+0000] {subprocess.py:106} INFO - [0m02:29:31  Done. PASS=1 WARN=0 ERROR=0 SKIP=0 TOTAL=1
[2025-03-28T02:29:34.255+0000] {subprocess.py:110} INFO - Command exited with return code 0
[2025-03-28T02:29:34.663+0000] {taskinstance.py:341} INFO - ::group::Post task execution logs
[2025-03-28T02:29:34.669+0000] {taskinstance.py:353} INFO - Marking task as SUCCESS. dag_id=load_dbt_clean_reviews_pipeline, task_id=dbt_run_transactional, run_id=scheduled__2024-06-18T00:00:00+00:00, execution_date=20240618T000000, start_date=20250328T022845, end_date=20250328T022934
[2025-03-28T02:29:46.117+0000] {logging_mixin.py:190} INFO - Task instance in success state
[2025-03-28T02:29:46.118+0000] {logging_mixin.py:190} INFO -  Previous state of the Task instance: running
[2025-03-28T02:29:46.119+0000] {logging_mixin.py:190} INFO - Dag name:load_dbt_clean_reviews_pipeline queued_at:2025-03-28 02:23:02.247785+00:00
[2025-03-28T02:29:46.120+0000] {logging_mixin.py:190} INFO - Task hostname:DESKTOP-IM7V4RI. operator:BashOperator
[2025-03-28T02:29:46.208+0000] {local_task_job_runner.py:266} INFO - Task exited with return code 0
[2025-03-28T02:29:46.525+0000] {taskinstance.py:3901} INFO - 0 downstream tasks scheduled from follow-on schedule check
[2025-03-28T02:29:46.596+0000] {local_task_job_runner.py:245} INFO - ::endgroup::
