[2025-03-17T01:06:23.554+0000] {local_task_job_runner.py:123} INFO - ::group::Pre task execution logs
[2025-03-17T01:06:23.635+0000] {taskinstance.py:2614} INFO - Dependencies all met for dep_context=non-requeueable deps ti=<TaskInstance: load_reviews_pipeline.dbt_run scheduled__2024-10-11T00:00:00+00:00 [queued]>
[2025-03-17T01:06:23.669+0000] {taskinstance.py:2614} INFO - Dependencies all met for dep_context=requeueable deps ti=<TaskInstance: load_reviews_pipeline.dbt_run scheduled__2024-10-11T00:00:00+00:00 [queued]>
[2025-03-17T01:06:23.670+0000] {taskinstance.py:2867} INFO - Starting attempt 2 of 2
[2025-03-17T01:06:23.722+0000] {taskinstance.py:2890} INFO - Executing <Task(BashOperator): dbt_run> on 2024-10-11 00:00:00+00:00
[2025-03-17T01:06:23.736+0000] {standard_task_runner.py:72} INFO - Started process 310871 to run task
[2025-03-17T01:06:23.751+0000] {standard_task_runner.py:104} INFO - Running: ['airflow', 'tasks', 'run', 'load_reviews_pipeline', 'dbt_run', 'scheduled__2024-10-11T00:00:00+00:00', '--job-id', '502', '--raw', '--subdir', 'DAGS_FOLDER/dag_load_reviews.py', '--cfg-path', '/tmp/tmp818i0owa']
[2025-03-17T01:06:23.753+0000] {standard_task_runner.py:105} INFO - Job 502: Subtask dbt_run
[2025-03-17T01:06:23.924+0000] {task_command.py:467} INFO - Running <TaskInstance: load_reviews_pipeline.dbt_run scheduled__2024-10-11T00:00:00+00:00 [running]> on host DESKTOP-IM7V4RI.
[2025-03-17T01:06:24.224+0000] {taskinstance.py:3134} INFO - Exporting env vars: AIRFLOW_CTX_DAG_OWNER='mohammed' AIRFLOW_CTX_DAG_ID='load_reviews_pipeline' AIRFLOW_CTX_TASK_ID='dbt_run' AIRFLOW_CTX_EXECUTION_DATE='2024-10-11T00:00:00+00:00' AIRFLOW_CTX_TRY_NUMBER='2' AIRFLOW_CTX_DAG_RUN_ID='scheduled__2024-10-11T00:00:00+00:00'
[2025-03-17T01:06:24.228+0000] {logging_mixin.py:190} INFO - Task instance is in running state
[2025-03-17T01:06:24.229+0000] {logging_mixin.py:190} INFO -  Previous state of the Task instance: queued
[2025-03-17T01:06:24.229+0000] {logging_mixin.py:190} INFO - Current task name:dbt_run state:running start_date:2025-03-17 01:06:23.635805+00:00
[2025-03-17T01:06:24.230+0000] {logging_mixin.py:190} INFO - Dag name:load_reviews_pipeline and current dag run status:running
[2025-03-17T01:06:24.230+0000] {taskinstance.py:732} INFO - ::endgroup::
[2025-03-17T01:06:24.232+0000] {subprocess.py:78} INFO - Tmp dir root location: /tmp
[2025-03-17T01:06:24.234+0000] {subprocess.py:88} INFO - Running command: ['/usr/bin/bash', '-c', 'cd /home/mohammed/.dbt/bank_reviews_project && dbt run']
[2025-03-17T01:06:24.273+0000] {subprocess.py:99} INFO - Output:
[2025-03-17T01:06:27.827+0000] {subprocess.py:106} INFO - [0m01:06:27  Running with dbt=1.9.3
[2025-03-17T01:06:28.397+0000] {subprocess.py:106} INFO - [0m01:06:28  Registered adapter: postgres=1.9.0
[2025-03-17T01:06:29.124+0000] {subprocess.py:106} INFO - [0m01:06:29  Found 10 models, 4 data tests, 2 sources, 433 macros
[2025-03-17T01:06:29.130+0000] {subprocess.py:106} INFO - [0m01:06:29
[2025-03-17T01:06:29.130+0000] {subprocess.py:106} INFO - [0m01:06:29  Concurrency: 4 threads (target='dev')
[2025-03-17T01:06:29.131+0000] {subprocess.py:106} INFO - [0m01:06:29
[2025-03-17T01:06:29.349+0000] {subprocess.py:106} INFO - [0m01:06:29  1 of 10 START sql view model public.clean_reviews .............................. [RUN]
[2025-03-17T01:06:29.352+0000] {subprocess.py:106} INFO - [0m01:06:29  2 of 10 START sql table model public.my_first_dbt_model ........................ [RUN]
[2025-03-17T01:06:29.353+0000] {subprocess.py:106} INFO - [0m01:06:29  3 of 10 START sql view model public.remove_duplicates .......................... [RUN]
[2025-03-17T01:06:29.355+0000] {subprocess.py:106} INFO - [0m01:06:29  4 of 10 START sql view model public.stg_clean_reviews .......................... [RUN]
[2025-03-17T01:06:29.889+0000] {subprocess.py:106} INFO - [0m01:06:29  3 of 10 OK created sql view model public.remove_duplicates ..................... [[32mCREATE VIEW[0m in 0.51s]
[2025-03-17T01:06:29.894+0000] {subprocess.py:106} INFO - [0m01:06:29  4 of 10 OK created sql view model public.stg_clean_reviews ..................... [[32mCREATE VIEW[0m in 0.53s]
[2025-03-17T01:06:29.899+0000] {subprocess.py:106} INFO - [0m01:06:29  1 of 10 ERROR creating sql view model public.clean_reviews ..................... [[31mERROR[0m in 0.53s]
[2025-03-17T01:06:29.917+0000] {subprocess.py:106} INFO - [0m01:06:29  2 of 10 ERROR creating sql table model public.my_first_dbt_model ............... [[31mERROR[0m in 0.56s]
[2025-03-17T01:06:29.926+0000] {subprocess.py:106} INFO - [0m01:06:29  5 of 10 START sql view model public.dim_bank ................................... [RUN]
[2025-03-17T01:06:29.928+0000] {subprocess.py:106} INFO - [0m01:06:29  6 of 10 START sql view model public.dim_branch ................................. [RUN]
[2025-03-17T01:06:29.930+0000] {subprocess.py:106} INFO - [0m01:06:29  7 of 10 START sql view model public.dim_location ............................... [RUN]
[2025-03-17T01:06:29.932+0000] {subprocess.py:106} INFO - [0m01:06:29  8 of 10 START sql view model public.dim_sentiment .............................. [RUN]
[2025-03-17T01:06:30.297+0000] {subprocess.py:106} INFO - [0m01:06:30  6 of 10 OK created sql view model public.dim_branch ............................ [[32mCREATE VIEW[0m in 0.36s]
[2025-03-17T01:06:30.323+0000] {subprocess.py:106} INFO - [0m01:06:30  9 of 10 SKIP relation public.my_second_dbt_model ............................... [[33mSKIP[0m]
[2025-03-17T01:06:30.325+0000] {subprocess.py:106} INFO - [0m01:06:30  5 of 10 OK created sql view model public.dim_bank .............................. [[32mCREATE VIEW[0m in 0.38s]
[2025-03-17T01:06:30.327+0000] {subprocess.py:106} INFO - [0m01:06:30  7 of 10 OK created sql view model public.dim_location .......................... [[32mCREATE VIEW[0m in 0.39s]
[2025-03-17T01:06:30.340+0000] {subprocess.py:106} INFO - [0m01:06:30  8 of 10 OK created sql view model public.dim_sentiment ......................... [[32mCREATE VIEW[0m in 0.40s]
[2025-03-17T01:06:30.346+0000] {subprocess.py:106} INFO - [0m01:06:30  10 of 10 START sql view model public.fact_reviews .............................. [RUN]
[2025-03-17T01:06:30.458+0000] {subprocess.py:106} INFO - [0m01:06:30  10 of 10 OK created sql view model public.fact_reviews ......................... [[32mCREATE VIEW[0m in 0.11s]
[2025-03-17T01:06:30.500+0000] {subprocess.py:106} INFO - [0m01:06:30
[2025-03-17T01:06:30.501+0000] {subprocess.py:106} INFO - [0m01:06:30  Finished running 1 table model, 9 view models in 0 hours 0 minutes and 1.37 seconds (1.37s).
[2025-03-17T01:06:30.589+0000] {subprocess.py:106} INFO - [0m01:06:30
[2025-03-17T01:06:30.590+0000] {subprocess.py:106} INFO - [0m01:06:30  [31mCompleted with 2 errors, 0 partial successes, and 0 warnings:[0m
[2025-03-17T01:06:30.591+0000] {subprocess.py:106} INFO - [0m01:06:30
[2025-03-17T01:06:30.593+0000] {subprocess.py:106} INFO - [0m01:06:30    Database Error in model clean_reviews (models/clean_reviews.sql)
[2025-03-17T01:06:30.593+0000] {subprocess.py:106} INFO -   relation "clean_reviews__dbt_backup" already exists
[2025-03-17T01:06:30.594+0000] {subprocess.py:106} INFO -   compiled code at target/run/bank_reviews_project/models/clean_reviews.sql
[2025-03-17T01:06:30.594+0000] {subprocess.py:106} INFO - [0m01:06:30
[2025-03-17T01:06:30.595+0000] {subprocess.py:106} INFO - [0m01:06:30    Database Error in model my_first_dbt_model (models/example/my_first_dbt_model.sql)
[2025-03-17T01:06:30.595+0000] {subprocess.py:106} INFO -   relation "my_first_dbt_model__dbt_backup" already exists
[2025-03-17T01:06:30.595+0000] {subprocess.py:106} INFO -   compiled code at target/run/bank_reviews_project/models/example/my_first_dbt_model.sql
[2025-03-17T01:06:30.596+0000] {subprocess.py:106} INFO - [0m01:06:30
[2025-03-17T01:06:30.596+0000] {subprocess.py:106} INFO - [0m01:06:30  Done. PASS=7 WARN=0 ERROR=2 SKIP=1 TOTAL=10
[2025-03-17T01:06:32.768+0000] {subprocess.py:110} INFO - Command exited with return code 1
[2025-03-17T01:06:32.803+0000] {taskinstance.py:3313} ERROR - Task failed with exception
Traceback (most recent call last):
  File "/home/mohammed/venv/lib/python3.11/site-packages/airflow/models/taskinstance.py", line 768, in _execute_task
    result = _execute_callable(context=context, **execute_callable_kwargs)
             ^^^^^^^^^^^^^^^^^^^^^^^^^^^^^^^^^^^^^^^^^^^^^^^^^^^^^^^^^^^^^
  File "/home/mohammed/venv/lib/python3.11/site-packages/airflow/models/taskinstance.py", line 734, in _execute_callable
    return ExecutionCallableRunner(
           ^^^^^^^^^^^^^^^^^^^^^^^^
  File "/home/mohammed/venv/lib/python3.11/site-packages/airflow/utils/operator_helpers.py", line 252, in run
    return self.func(*args, **kwargs)
           ^^^^^^^^^^^^^^^^^^^^^^^^^^
  File "/home/mohammed/venv/lib/python3.11/site-packages/airflow/models/baseoperator.py", line 424, in wrapper
    return func(self, *args, **kwargs)
           ^^^^^^^^^^^^^^^^^^^^^^^^^^^
  File "/home/mohammed/venv/lib/python3.11/site-packages/airflow/operators/bash.py", line 276, in execute
    raise AirflowException(
airflow.exceptions.AirflowException: Bash command failed. The command returned a non-zero exit code 1.
[2025-03-17T01:06:32.810+0000] {logging_mixin.py:190} INFO - Task instance in failure state
[2025-03-17T01:06:32.810+0000] {logging_mixin.py:190} INFO - Task start:2025-03-17 01:06:23.635805+00:00 end:2025-03-17 01:06:32.809061+00:00 duration:9.173256
[2025-03-17T01:06:32.811+0000] {logging_mixin.py:190} INFO - Task:<Task(BashOperator): dbt_run> dag:<DAG: load_reviews_pipeline> dagrun:<DagRun load_reviews_pipeline @ 2024-10-11 00:00:00+00:00: scheduled__2024-10-11T00:00:00+00:00, state:running, queued_at: 2025-03-17 01:01:10.380761+00:00. externally triggered: False>
[2025-03-17T01:06:32.811+0000] {logging_mixin.py:190} INFO - Failure caused by Bash command failed. The command returned a non-zero exit code 1.
[2025-03-17T01:06:32.811+0000] {taskinstance.py:1226} INFO - Marking task as FAILED. dag_id=load_reviews_pipeline, task_id=dbt_run, run_id=scheduled__2024-10-11T00:00:00+00:00, execution_date=20241011T000000, start_date=20250317T010623, end_date=20250317T010632
[2025-03-17T01:06:32.947+0000] {taskinstance.py:341} INFO - ::group::Post task execution logs
[2025-03-17T01:06:32.948+0000] {standard_task_runner.py:124} ERROR - Failed to execute job 502 for task dbt_run (Bash command failed. The command returned a non-zero exit code 1.; 310871)
Traceback (most recent call last):
  File "/home/mohammed/venv/lib/python3.11/site-packages/airflow/task/task_runner/standard_task_runner.py", line 117, in _start_by_fork
    ret = args.func(args, dag=self.dag)
          ^^^^^^^^^^^^^^^^^^^^^^^^^^^^^
  File "/home/mohammed/venv/lib/python3.11/site-packages/airflow/cli/cli_config.py", line 49, in command
    return func(*args, **kwargs)
           ^^^^^^^^^^^^^^^^^^^^^
  File "/home/mohammed/venv/lib/python3.11/site-packages/airflow/utils/cli.py", line 116, in wrapper
    return f(*args, **kwargs)
           ^^^^^^^^^^^^^^^^^^
  File "/home/mohammed/venv/lib/python3.11/site-packages/airflow/cli/commands/task_command.py", line 483, in task_run
    task_return_code = _run_task_by_selected_method(args, _dag, ti)
                       ^^^^^^^^^^^^^^^^^^^^^^^^^^^^^^^^^^^^^^^^^^^^
  File "/home/mohammed/venv/lib/python3.11/site-packages/airflow/cli/commands/task_command.py", line 256, in _run_task_by_selected_method
    return _run_raw_task(args, ti)
           ^^^^^^^^^^^^^^^^^^^^^^^
  File "/home/mohammed/venv/lib/python3.11/site-packages/airflow/cli/commands/task_command.py", line 341, in _run_raw_task
    return ti._run_raw_task(
           ^^^^^^^^^^^^^^^^^
  File "/home/mohammed/venv/lib/python3.11/site-packages/airflow/utils/session.py", line 97, in wrapper
    return func(*args, session=session, **kwargs)
           ^^^^^^^^^^^^^^^^^^^^^^^^^^^^^^^^^^^^^^
  File "/home/mohammed/venv/lib/python3.11/site-packages/airflow/models/taskinstance.py", line 3006, in _run_raw_task
    return _run_raw_task(
           ^^^^^^^^^^^^^^
  File "/home/mohammed/venv/lib/python3.11/site-packages/airflow/models/taskinstance.py", line 274, in _run_raw_task
    TaskInstance._execute_task_with_callbacks(
  File "/home/mohammed/venv/lib/python3.11/site-packages/airflow/models/taskinstance.py", line 3161, in _execute_task_with_callbacks
    result = self._execute_task(context, task_orig)
             ^^^^^^^^^^^^^^^^^^^^^^^^^^^^^^^^^^^^^^
  File "/home/mohammed/venv/lib/python3.11/site-packages/airflow/models/taskinstance.py", line 3185, in _execute_task
    return _execute_task(self, context, task_orig)
           ^^^^^^^^^^^^^^^^^^^^^^^^^^^^^^^^^^^^^^^
  File "/home/mohammed/venv/lib/python3.11/site-packages/airflow/models/taskinstance.py", line 768, in _execute_task
    result = _execute_callable(context=context, **execute_callable_kwargs)
             ^^^^^^^^^^^^^^^^^^^^^^^^^^^^^^^^^^^^^^^^^^^^^^^^^^^^^^^^^^^^^
  File "/home/mohammed/venv/lib/python3.11/site-packages/airflow/models/taskinstance.py", line 734, in _execute_callable
    return ExecutionCallableRunner(
           ^^^^^^^^^^^^^^^^^^^^^^^^
  File "/home/mohammed/venv/lib/python3.11/site-packages/airflow/utils/operator_helpers.py", line 252, in run
    return self.func(*args, **kwargs)
           ^^^^^^^^^^^^^^^^^^^^^^^^^^
  File "/home/mohammed/venv/lib/python3.11/site-packages/airflow/models/baseoperator.py", line 424, in wrapper
    return func(self, *args, **kwargs)
           ^^^^^^^^^^^^^^^^^^^^^^^^^^^
  File "/home/mohammed/venv/lib/python3.11/site-packages/airflow/operators/bash.py", line 276, in execute
    raise AirflowException(
airflow.exceptions.AirflowException: Bash command failed. The command returned a non-zero exit code 1.
[2025-03-17T01:06:33.913+0000] {local_task_job_runner.py:266} INFO - Task exited with return code 1
[2025-03-17T01:06:33.967+0000] {local_task_job_runner.py:245} INFO - ::endgroup::
