[2025-03-17T00:34:19.869+0000] {local_task_job_runner.py:123} INFO - ::group::Pre task execution logs
[2025-03-17T00:34:20.094+0000] {taskinstance.py:2614} INFO - Dependencies all met for dep_context=non-requeueable deps ti=<TaskInstance: load_reviews_pipeline.dbt_run scheduled__2024-06-01T00:00:00+00:00 [queued]>
[2025-03-17T00:34:20.155+0000] {taskinstance.py:2614} INFO - Dependencies all met for dep_context=requeueable deps ti=<TaskInstance: load_reviews_pipeline.dbt_run scheduled__2024-06-01T00:00:00+00:00 [queued]>
[2025-03-17T00:34:20.156+0000] {taskinstance.py:2867} INFO - Starting attempt 1 of 2
[2025-03-17T00:34:20.244+0000] {taskinstance.py:2890} INFO - Executing <Task(BashOperator): dbt_run> on 2024-06-01 00:00:00+00:00
[2025-03-17T00:34:20.258+0000] {standard_task_runner.py:72} INFO - Started process 267214 to run task
[2025-03-17T00:34:20.275+0000] {standard_task_runner.py:104} INFO - Running: ['airflow', 'tasks', 'run', 'load_reviews_pipeline', 'dbt_run', 'scheduled__2024-06-01T00:00:00+00:00', '--job-id', '262', '--raw', '--subdir', 'DAGS_FOLDER/dag_load_reviews.py', '--cfg-path', '/tmp/tmpma54sbu2']
[2025-03-17T00:34:20.280+0000] {standard_task_runner.py:105} INFO - Job 262: Subtask dbt_run
[2025-03-17T00:34:20.695+0000] {task_command.py:467} INFO - Running <TaskInstance: load_reviews_pipeline.dbt_run scheduled__2024-06-01T00:00:00+00:00 [running]> on host DESKTOP-IM7V4RI.
[2025-03-17T00:34:21.813+0000] {taskinstance.py:3134} INFO - Exporting env vars: AIRFLOW_CTX_DAG_OWNER='mohammed' AIRFLOW_CTX_DAG_ID='load_reviews_pipeline' AIRFLOW_CTX_TASK_ID='dbt_run' AIRFLOW_CTX_EXECUTION_DATE='2024-06-01T00:00:00+00:00' AIRFLOW_CTX_TRY_NUMBER='1' AIRFLOW_CTX_DAG_RUN_ID='scheduled__2024-06-01T00:00:00+00:00'
[2025-03-17T00:34:21.833+0000] {logging_mixin.py:190} INFO - Task instance is in running state
[2025-03-17T00:34:21.833+0000] {logging_mixin.py:190} INFO -  Previous state of the Task instance: queued
[2025-03-17T00:34:21.834+0000] {logging_mixin.py:190} INFO - Current task name:dbt_run state:running start_date:2025-03-17 00:34:20.095631+00:00
[2025-03-17T00:34:21.835+0000] {logging_mixin.py:190} INFO - Dag name:load_reviews_pipeline and current dag run status:running
[2025-03-17T00:34:21.835+0000] {taskinstance.py:732} INFO - ::endgroup::
[2025-03-17T00:34:21.858+0000] {subprocess.py:78} INFO - Tmp dir root location: /tmp
[2025-03-17T00:34:21.884+0000] {subprocess.py:88} INFO - Running command: ['/usr/bin/bash', '-c', 'cd /home/mohammed/.dbt/bank_reviews_project && dbt run']
[2025-03-17T00:34:21.983+0000] {subprocess.py:99} INFO - Output:
[2025-03-17T00:34:54.007+0000] {subprocess.py:106} INFO - [0m00:34:53  Running with dbt=1.9.3
[2025-03-17T00:34:55.566+0000] {subprocess.py:106} INFO - [0m00:34:55  Registered adapter: postgres=1.9.0
[2025-03-17T00:34:56.879+0000] {subprocess.py:106} INFO - [0m00:34:56  Found 6 models, 4 data tests, 2 sources, 433 macros
[2025-03-17T00:34:56.887+0000] {subprocess.py:106} INFO - [0m00:34:56
[2025-03-17T00:34:56.889+0000] {subprocess.py:106} INFO - [0m00:34:56  Concurrency: 4 threads (target='dev')
[2025-03-17T00:34:56.890+0000] {subprocess.py:106} INFO - [0m00:34:56
[2025-03-17T00:34:57.517+0000] {subprocess.py:106} INFO - [0m00:34:57  1 of 6 START sql view model public.clean_reviews ............................... [RUN]
[2025-03-17T00:34:57.534+0000] {subprocess.py:106} INFO - [0m00:34:57  2 of 6 START sql table model public.my_first_dbt_model ......................... [RUN]
[2025-03-17T00:34:57.542+0000] {subprocess.py:106} INFO - [0m00:34:57  3 of 6 START sql view model public.remove_duplicates ........................... [RUN]
[2025-03-17T00:34:57.558+0000] {subprocess.py:106} INFO - [0m00:34:57  4 of 6 START sql view model public.stg_clean_reviews ........................... [RUN]
[2025-03-17T00:35:00.417+0000] {subprocess.py:106} INFO - [0m00:35:00  4 of 6 OK created sql view model public.stg_clean_reviews ...................... [[32mCREATE VIEW[0m in 2.80s]
[2025-03-17T00:35:00.422+0000] {subprocess.py:106} INFO - [0m00:35:00  2 of 6 OK created sql table model public.my_first_dbt_model .................... [[32mSELECT 2[0m in 2.82s]
[2025-03-17T00:35:00.426+0000] {subprocess.py:106} INFO - [0m00:35:00  3 of 6 OK created sql view model public.remove_duplicates ...................... [[32mCREATE VIEW[0m in 2.80s]
[2025-03-17T00:35:00.445+0000] {subprocess.py:106} INFO - [0m00:35:00  1 of 6 OK created sql view model public.clean_reviews .......................... [[32mCREATE VIEW[0m in 2.89s]
[2025-03-17T00:35:00.449+0000] {subprocess.py:106} INFO - [0m00:35:00  5 of 6 START sql view model public.dwh_model ................................... [RUN]
[2025-03-17T00:35:00.464+0000] {subprocess.py:106} INFO - [0m00:35:00  6 of 6 START sql view model public.my_second_dbt_model ......................... [RUN]
[2025-03-17T00:35:00.852+0000] {subprocess.py:106} INFO - [0m00:35:00  6 of 6 OK created sql view model public.my_second_dbt_model .................... [[32mCREATE VIEW[0m in 0.36s]
[2025-03-17T00:35:00.875+0000] {subprocess.py:106} INFO - [0m00:35:00  5 of 6 OK created sql view model public.dwh_model .............................. [[32mCREATE VIEW[0m in 0.42s]
[2025-03-17T00:35:00.972+0000] {subprocess.py:106} INFO - [0m00:35:00
[2025-03-17T00:35:00.977+0000] {subprocess.py:106} INFO - [0m00:35:00  Finished running 1 table model, 5 view models in 0 hours 0 minutes and 4.08 seconds (4.08s).
[2025-03-17T00:35:01.129+0000] {subprocess.py:106} INFO - [0m00:35:01
[2025-03-17T00:35:01.131+0000] {subprocess.py:106} INFO - [0m00:35:01  [32mCompleted successfully[0m
[2025-03-17T00:35:01.133+0000] {subprocess.py:106} INFO - [0m00:35:01
[2025-03-17T00:35:01.135+0000] {subprocess.py:106} INFO - [0m00:35:01  Done. PASS=6 WARN=0 ERROR=0 SKIP=0 TOTAL=6
[2025-03-17T00:35:03.841+0000] {subprocess.py:110} INFO - Command exited with return code 0
[2025-03-17T00:35:05.098+0000] {taskinstance.py:341} INFO - ::group::Post task execution logs
[2025-03-17T00:35:05.118+0000] {taskinstance.py:353} INFO - Marking task as SUCCESS. dag_id=load_reviews_pipeline, task_id=dbt_run, run_id=scheduled__2024-06-01T00:00:00+00:00, execution_date=20240601T000000, start_date=20250317T003420, end_date=20250317T003505
[2025-03-17T00:35:06.462+0000] {logging_mixin.py:190} INFO - Task instance in success state
[2025-03-17T00:35:06.471+0000] {logging_mixin.py:190} INFO -  Previous state of the Task instance: running
[2025-03-17T00:35:06.472+0000] {logging_mixin.py:190} INFO - Dag name:load_reviews_pipeline queued_at:2025-03-17 00:34:12.015628+00:00
[2025-03-17T00:35:06.472+0000] {logging_mixin.py:190} INFO - Task hostname:DESKTOP-IM7V4RI. operator:BashOperator
[2025-03-17T00:35:06.697+0000] {local_task_job_runner.py:266} INFO - Task exited with return code 0
[2025-03-17T00:35:06.928+0000] {local_task_job_runner.py:245} INFO - ::endgroup::
