[2025-03-18T18:35:54.505+0000] {local_task_job_runner.py:123} INFO - ::group::Pre task execution logs
[2025-03-18T18:35:54.666+0000] {taskinstance.py:2614} INFO - Dependencies all met for dep_context=non-requeueable deps ti=<TaskInstance: load_dbt_clean_reviews_pipeline.dbt_run scheduled__2025-03-03T00:00:00+00:00 [queued]>
[2025-03-18T18:35:54.714+0000] {taskinstance.py:2614} INFO - Dependencies all met for dep_context=requeueable deps ti=<TaskInstance: load_dbt_clean_reviews_pipeline.dbt_run scheduled__2025-03-03T00:00:00+00:00 [queued]>
[2025-03-18T18:35:54.715+0000] {taskinstance.py:2867} INFO - Starting attempt 1 of 2
[2025-03-18T18:35:54.802+0000] {taskinstance.py:2890} INFO - Executing <Task(BashOperator): dbt_run> on 2025-03-03 00:00:00+00:00
[2025-03-18T18:35:54.823+0000] {standard_task_runner.py:72} INFO - Started process 32731 to run task
[2025-03-18T18:35:54.862+0000] {standard_task_runner.py:104} INFO - Running: ['airflow', 'tasks', 'run', 'load_dbt_clean_reviews_pipeline', 'dbt_run', 'scheduled__2025-03-03T00:00:00+00:00', '--job-id', '1183', '--raw', '--subdir', 'DAGS_FOLDER/dag_load_reviews.py', '--cfg-path', '/tmp/tmpha_bw1ww']
[2025-03-18T18:35:54.864+0000] {standard_task_runner.py:105} INFO - Job 1183: Subtask dbt_run
[2025-03-18T18:35:55.319+0000] {task_command.py:467} INFO - Running <TaskInstance: load_dbt_clean_reviews_pipeline.dbt_run scheduled__2025-03-03T00:00:00+00:00 [running]> on host DESKTOP-IM7V4RI.
[2025-03-18T18:35:56.066+0000] {taskinstance.py:3134} INFO - Exporting env vars: AIRFLOW_CTX_DAG_OWNER='mohammed' AIRFLOW_CTX_DAG_ID='load_dbt_clean_reviews_pipeline' AIRFLOW_CTX_TASK_ID='dbt_run' AIRFLOW_CTX_EXECUTION_DATE='2025-03-03T00:00:00+00:00' AIRFLOW_CTX_TRY_NUMBER='1' AIRFLOW_CTX_DAG_RUN_ID='scheduled__2025-03-03T00:00:00+00:00'
[2025-03-18T18:35:56.069+0000] {logging_mixin.py:190} INFO - Task instance is in running state
[2025-03-18T18:35:56.070+0000] {logging_mixin.py:190} INFO -  Previous state of the Task instance: queued
[2025-03-18T18:35:56.070+0000] {logging_mixin.py:190} INFO - Current task name:dbt_run state:running start_date:2025-03-18 18:35:54.666853+00:00
[2025-03-18T18:35:56.071+0000] {logging_mixin.py:190} INFO - Dag name:load_dbt_clean_reviews_pipeline and current dag run status:running
[2025-03-18T18:35:56.071+0000] {taskinstance.py:732} INFO - ::endgroup::
[2025-03-18T18:35:56.073+0000] {subprocess.py:78} INFO - Tmp dir root location: /tmp
[2025-03-18T18:35:56.075+0000] {subprocess.py:88} INFO - Running command: ['/usr/bin/bash', '-c', 'cd /home/mohammed/.dbt/dbt_projects/bank_reviews_transactional && dbt run']
[2025-03-18T18:35:56.170+0000] {subprocess.py:99} INFO - Output:
[2025-03-18T18:36:11.189+0000] {subprocess.py:106} INFO - [0m18:36:11  Running with dbt=1.9.3
[2025-03-18T18:36:13.606+0000] {subprocess.py:106} INFO - [0m18:36:13  Registered adapter: postgres=1.9.0
[2025-03-18T18:36:15.628+0000] {subprocess.py:106} INFO - [0m18:36:15  [[33mWARNING[0m]: Configuration paths exist in your dbt_project.yml file which do not apply to any resources.
[2025-03-18T18:36:15.629+0000] {subprocess.py:106} INFO - There are 1 unused configuration paths:
[2025-03-18T18:36:15.629+0000] {subprocess.py:106} INFO - - models.bank_reviews_transactional.transactional
[2025-03-18T18:36:16.683+0000] {subprocess.py:106} INFO - [0m18:36:16  Found 1 model, 1 source, 433 macros
[2025-03-18T18:36:16.691+0000] {subprocess.py:106} INFO - [0m18:36:16
[2025-03-18T18:36:16.693+0000] {subprocess.py:106} INFO - [0m18:36:16  Concurrency: 4 threads (target='dev')
[2025-03-18T18:36:16.694+0000] {subprocess.py:106} INFO - [0m18:36:16
[2025-03-18T18:36:17.462+0000] {subprocess.py:106} INFO - [0m18:36:17  1 of 1 START sql table model transactional.clean_reviews ....................... [RUN]
[2025-03-18T18:36:20.088+0000] {subprocess.py:106} INFO - [0m18:36:20  1 of 1 OK created sql table model transactional.clean_reviews .................. [[32mSELECT 549[0m in 2.60s]
[2025-03-18T18:36:20.240+0000] {subprocess.py:106} INFO - [0m18:36:20
[2025-03-18T18:36:20.245+0000] {subprocess.py:106} INFO - [0m18:36:20  Finished running 1 table model in 0 hours 0 minutes and 3.54 seconds (3.54s).
[2025-03-18T18:36:20.562+0000] {subprocess.py:106} INFO - [0m18:36:20
[2025-03-18T18:36:20.586+0000] {subprocess.py:106} INFO - [0m18:36:20  [32mCompleted successfully[0m
[2025-03-18T18:36:20.590+0000] {subprocess.py:106} INFO - [0m18:36:20
[2025-03-18T18:36:20.594+0000] {subprocess.py:106} INFO - [0m18:36:20  Done. PASS=1 WARN=0 ERROR=0 SKIP=0 TOTAL=1
[2025-03-18T18:36:23.234+0000] {subprocess.py:110} INFO - Command exited with return code 0
[2025-03-18T18:36:23.380+0000] {taskinstance.py:341} INFO - ::group::Post task execution logs
[2025-03-18T18:36:23.381+0000] {taskinstance.py:353} INFO - Marking task as SUCCESS. dag_id=load_dbt_clean_reviews_pipeline, task_id=dbt_run, run_id=scheduled__2025-03-03T00:00:00+00:00, execution_date=20250303T000000, start_date=20250318T183554, end_date=20250318T183623
[2025-03-18T18:36:23.589+0000] {logging_mixin.py:190} INFO - Task instance in success state
[2025-03-18T18:36:23.590+0000] {logging_mixin.py:190} INFO -  Previous state of the Task instance: running
[2025-03-18T18:36:23.591+0000] {logging_mixin.py:190} INFO - Dag name:load_dbt_clean_reviews_pipeline queued_at:2025-03-18 18:35:48.463057+00:00
[2025-03-18T18:36:23.596+0000] {logging_mixin.py:190} INFO - Task hostname:DESKTOP-IM7V4RI. operator:BashOperator
[2025-03-18T18:36:23.651+0000] {local_task_job_runner.py:266} INFO - Task exited with return code 0
[2025-03-18T18:36:23.751+0000] {taskinstance.py:3901} INFO - 0 downstream tasks scheduled from follow-on schedule check
[2025-03-18T18:36:23.770+0000] {local_task_job_runner.py:245} INFO - ::endgroup::
