[2025-03-22T22:32:03.878+0000] {local_task_job_runner.py:123} INFO - ::group::Pre task execution logs
[2025-03-22T22:32:03.964+0000] {taskinstance.py:2614} INFO - Dependencies all met for dep_context=non-requeueable deps ti=<TaskInstance: process_enrichir_clean_reviews.sentiment_analysis manual__2025-03-22T22:31:49.908152+00:00 [queued]>
[2025-03-22T22:32:03.978+0000] {taskinstance.py:2614} INFO - Dependencies all met for dep_context=requeueable deps ti=<TaskInstance: process_enrichir_clean_reviews.sentiment_analysis manual__2025-03-22T22:31:49.908152+00:00 [queued]>
[2025-03-22T22:32:03.978+0000] {taskinstance.py:2867} INFO - Starting attempt 1 of 2
[2025-03-22T22:32:04.022+0000] {taskinstance.py:2890} INFO - Executing <Task(BashOperator): sentiment_analysis> on 2025-03-22 22:31:49.908152+00:00
[2025-03-22T22:32:04.033+0000] {standard_task_runner.py:72} INFO - Started process 298154 to run task
[2025-03-22T22:32:04.041+0000] {standard_task_runner.py:104} INFO - Running: ['airflow', 'tasks', 'run', 'process_enrichir_clean_reviews', 'sentiment_analysis', 'manual__2025-03-22T22:31:49.908152+00:00', '--job-id', '1959', '--raw', '--subdir', 'DAGS_FOLDER/process_clean_reviews.py', '--cfg-path', '/tmp/tmpbcc6tb9w']
[2025-03-22T22:32:04.043+0000] {standard_task_runner.py:105} INFO - Job 1959: Subtask sentiment_analysis
[2025-03-22T22:32:04.247+0000] {task_command.py:467} INFO - Running <TaskInstance: process_enrichir_clean_reviews.sentiment_analysis manual__2025-03-22T22:31:49.908152+00:00 [running]> on host DESKTOP-IM7V4RI.
[2025-03-22T22:32:04.737+0000] {taskinstance.py:3134} INFO - Exporting env vars: AIRFLOW_CTX_DAG_OWNER='airflow' AIRFLOW_CTX_DAG_ID='process_enrichir_clean_reviews' AIRFLOW_CTX_TASK_ID='sentiment_analysis' AIRFLOW_CTX_EXECUTION_DATE='2025-03-22T22:31:49.908152+00:00' AIRFLOW_CTX_TRY_NUMBER='1' AIRFLOW_CTX_DAG_RUN_ID='manual__2025-03-22T22:31:49.908152+00:00'
[2025-03-22T22:32:04.740+0000] {logging_mixin.py:190} INFO - Task instance is in running state
[2025-03-22T22:32:04.740+0000] {logging_mixin.py:190} INFO -  Previous state of the Task instance: queued
[2025-03-22T22:32:04.741+0000] {logging_mixin.py:190} INFO - Current task name:sentiment_analysis state:running start_date:2025-03-22 22:32:03.965763+00:00
[2025-03-22T22:32:04.741+0000] {logging_mixin.py:190} INFO - Dag name:process_enrichir_clean_reviews and current dag run status:running
[2025-03-22T22:32:04.742+0000] {taskinstance.py:732} INFO - ::endgroup::
[2025-03-22T22:32:04.744+0000] {subprocess.py:78} INFO - Tmp dir root location: /tmp
[2025-03-22T22:32:04.756+0000] {subprocess.py:88} INFO - Running command: ['/usr/bin/bash', '-c', 'python3 /home/mohammed/airflow/scripts/sentiment_analysis.py']
[2025-03-22T22:32:04.797+0000] {subprocess.py:99} INFO - Output:
[2025-03-22T22:33:06.337+0000] {job.py:229} INFO - Heartbeat recovered after 12.70 seconds
[2025-03-22T22:34:10.178+0000] {subprocess.py:106} INFO - 2025-03-22 22:34:09,921 - INFO - ✅ Sentiment analysis applied successfully!
[2025-03-22T22:34:18.018+0000] {subprocess.py:110} INFO - Command exited with return code 0
[2025-03-22T22:34:19.301+0000] {taskinstance.py:341} INFO - ::group::Post task execution logs
[2025-03-22T22:34:19.320+0000] {taskinstance.py:353} INFO - Marking task as SUCCESS. dag_id=process_enrichir_clean_reviews, task_id=sentiment_analysis, run_id=manual__2025-03-22T22:31:49.908152+00:00, execution_date=20250322T223149, start_date=20250322T223203, end_date=20250322T223419
[2025-03-22T22:34:19.591+0000] {logging_mixin.py:190} INFO - Task instance in success state
[2025-03-22T22:34:19.592+0000] {logging_mixin.py:190} INFO -  Previous state of the Task instance: running
[2025-03-22T22:34:19.592+0000] {logging_mixin.py:190} INFO - Dag name:process_enrichir_clean_reviews queued_at:2025-03-22 22:31:50.551478+00:00
[2025-03-22T22:34:19.593+0000] {logging_mixin.py:190} INFO - Task hostname:DESKTOP-IM7V4RI. operator:BashOperator
[2025-03-22T22:34:19.689+0000] {local_task_job_runner.py:266} INFO - Task exited with return code 0
[2025-03-22T22:34:19.985+0000] {taskinstance.py:3901} INFO - 0 downstream tasks scheduled from follow-on schedule check
[2025-03-22T22:34:19.991+0000] {local_task_job_runner.py:245} INFO - ::endgroup::
