[2025-03-17T00:42:20.331+0000] {local_task_job_runner.py:123} INFO - ::group::Pre task execution logs
[2025-03-17T00:42:20.399+0000] {taskinstance.py:2614} INFO - Dependencies all met for dep_context=non-requeueable deps ti=<TaskInstance: load_reviews_pipeline.dbt_run scheduled__2024-07-06T00:00:00+00:00 [queued]>
[2025-03-17T00:42:20.415+0000] {taskinstance.py:2614} INFO - Dependencies all met for dep_context=requeueable deps ti=<TaskInstance: load_reviews_pipeline.dbt_run scheduled__2024-07-06T00:00:00+00:00 [queued]>
[2025-03-17T00:42:20.416+0000] {taskinstance.py:2867} INFO - Starting attempt 1 of 2
[2025-03-17T00:42:20.445+0000] {taskinstance.py:2890} INFO - Executing <Task(BashOperator): dbt_run> on 2024-07-06 00:00:00+00:00
[2025-03-17T00:42:20.456+0000] {standard_task_runner.py:72} INFO - Started process 277027 to run task
[2025-03-17T00:42:20.465+0000] {standard_task_runner.py:104} INFO - Running: ['airflow', 'tasks', 'run', 'load_reviews_pipeline', 'dbt_run', 'scheduled__2024-07-06T00:00:00+00:00', '--job-id', '315', '--raw', '--subdir', 'DAGS_FOLDER/dag_load_reviews.py', '--cfg-path', '/tmp/tmpdwnxqd1r']
[2025-03-17T00:42:20.467+0000] {standard_task_runner.py:105} INFO - Job 315: Subtask dbt_run
[2025-03-17T00:42:20.646+0000] {task_command.py:467} INFO - Running <TaskInstance: load_reviews_pipeline.dbt_run scheduled__2024-07-06T00:00:00+00:00 [running]> on host DESKTOP-IM7V4RI.
[2025-03-17T00:42:20.931+0000] {taskinstance.py:3134} INFO - Exporting env vars: AIRFLOW_CTX_DAG_OWNER='mohammed' AIRFLOW_CTX_DAG_ID='load_reviews_pipeline' AIRFLOW_CTX_TASK_ID='dbt_run' AIRFLOW_CTX_EXECUTION_DATE='2024-07-06T00:00:00+00:00' AIRFLOW_CTX_TRY_NUMBER='1' AIRFLOW_CTX_DAG_RUN_ID='scheduled__2024-07-06T00:00:00+00:00'
[2025-03-17T00:42:20.935+0000] {logging_mixin.py:190} INFO - Task instance is in running state
[2025-03-17T00:42:20.936+0000] {logging_mixin.py:190} INFO -  Previous state of the Task instance: queued
[2025-03-17T00:42:20.937+0000] {logging_mixin.py:190} INFO - Current task name:dbt_run state:running start_date:2025-03-17 00:42:20.400207+00:00
[2025-03-17T00:42:20.938+0000] {logging_mixin.py:190} INFO - Dag name:load_reviews_pipeline and current dag run status:running
[2025-03-17T00:42:20.938+0000] {taskinstance.py:732} INFO - ::endgroup::
[2025-03-17T00:42:20.940+0000] {subprocess.py:78} INFO - Tmp dir root location: /tmp
[2025-03-17T00:42:20.943+0000] {subprocess.py:88} INFO - Running command: ['/usr/bin/bash', '-c', 'cd /home/mohammed/.dbt/bank_reviews_project && dbt run']
[2025-03-17T00:42:20.972+0000] {subprocess.py:99} INFO - Output:
[2025-03-17T00:42:24.850+0000] {subprocess.py:106} INFO - [0m00:42:24  Running with dbt=1.9.3
[2025-03-17T00:42:25.320+0000] {subprocess.py:106} INFO - [0m00:42:25  Registered adapter: postgres=1.9.0
[2025-03-17T00:42:26.115+0000] {subprocess.py:106} INFO - [0m00:42:26  Found 6 models, 4 data tests, 2 sources, 433 macros
[2025-03-17T00:42:26.122+0000] {subprocess.py:106} INFO - [0m00:42:26
[2025-03-17T00:42:26.122+0000] {subprocess.py:106} INFO - [0m00:42:26  Concurrency: 4 threads (target='dev')
[2025-03-17T00:42:26.123+0000] {subprocess.py:106} INFO - [0m00:42:26
[2025-03-17T00:42:26.431+0000] {subprocess.py:106} INFO - [0m00:42:26  1 of 6 START sql view model public.clean_reviews ............................... [RUN]
[2025-03-17T00:42:26.436+0000] {subprocess.py:106} INFO - [0m00:42:26  2 of 6 START sql table model public.my_first_dbt_model ......................... [RUN]
[2025-03-17T00:42:26.438+0000] {subprocess.py:106} INFO - [0m00:42:26  3 of 6 START sql view model public.remove_duplicates ........................... [RUN]
[2025-03-17T00:42:26.444+0000] {subprocess.py:106} INFO - [0m00:42:26  4 of 6 START sql view model public.stg_clean_reviews ........................... [RUN]
[2025-03-17T00:42:26.906+0000] {subprocess.py:106} INFO - [0m00:42:26  2 of 6 OK created sql table model public.my_first_dbt_model .................... [[32mSELECT 2[0m in 0.45s]
[2025-03-17T00:42:26.910+0000] {subprocess.py:106} INFO - [0m00:42:26  5 of 6 START sql view model public.my_second_dbt_model ......................... [RUN]
[2025-03-17T00:42:27.009+0000] {subprocess.py:106} INFO - [0m00:42:27  4 of 6 ERROR creating sql view model public.stg_clean_reviews .................. [[31mERROR[0m in 0.55s]
[2025-03-17T00:42:27.040+0000] {subprocess.py:106} INFO - [0m00:42:27  6 of 6 SKIP relation public.dwh_model .......................................... [[33mSKIP[0m]
[2025-03-17T00:42:27.057+0000] {subprocess.py:106} INFO - [0m00:42:27  1 of 6 ERROR creating sql view model public.clean_reviews ...................... [[31mERROR[0m in 0.61s]
[2025-03-17T00:42:27.059+0000] {subprocess.py:106} INFO - [0m00:42:27  3 of 6 ERROR creating sql view model public.remove_duplicates .................. [[31mERROR[0m in 0.61s]
[2025-03-17T00:42:27.256+0000] {subprocess.py:106} INFO - [0m00:42:27  5 of 6 OK created sql view model public.my_second_dbt_model .................... [[32mCREATE VIEW[0m in 0.34s]
[2025-03-17T00:42:27.314+0000] {subprocess.py:106} INFO - [0m00:42:27
[2025-03-17T00:42:27.314+0000] {subprocess.py:106} INFO - [0m00:42:27  Finished running 1 table model, 5 view models in 0 hours 0 minutes and 1.19 seconds (1.19s).
[2025-03-17T00:42:26.373+0000] {subprocess.py:106} INFO - [0m00:42:26
[2025-03-17T00:42:26.374+0000] {subprocess.py:106} INFO - [0m00:42:26  [31mCompleted with 3 errors, 0 partial successes, and 0 warnings:[0m
[2025-03-17T00:42:26.375+0000] {subprocess.py:106} INFO - [0m00:42:26
[2025-03-17T00:42:26.376+0000] {subprocess.py:106} INFO - [0m00:42:26    Database Error in model stg_clean_reviews (models/stg_clean_reviews.sql)
[2025-03-17T00:42:26.377+0000] {subprocess.py:106} INFO -   relation "stg_clean_reviews__dbt_backup" already exists
[2025-03-17T00:42:26.377+0000] {subprocess.py:106} INFO -   compiled code at target/run/bank_reviews_project/models/stg_clean_reviews.sql
[2025-03-17T00:42:26.378+0000] {subprocess.py:106} INFO - [0m00:42:26
[2025-03-17T00:42:26.379+0000] {subprocess.py:106} INFO - [0m00:42:26    Database Error in model clean_reviews (models/clean_reviews.sql)
[2025-03-17T00:42:26.380+0000] {subprocess.py:106} INFO -   relation "clean_reviews__dbt_backup" already exists
[2025-03-17T00:42:26.381+0000] {subprocess.py:106} INFO -   compiled code at target/run/bank_reviews_project/models/clean_reviews.sql
[2025-03-17T00:42:26.382+0000] {subprocess.py:106} INFO - [0m00:42:26
[2025-03-17T00:42:26.383+0000] {subprocess.py:106} INFO - [0m00:42:26    Database Error in model remove_duplicates (models/remove_duplicates.sql)
[2025-03-17T00:42:26.383+0000] {subprocess.py:106} INFO -   relation "remove_duplicates__dbt_backup" already exists
[2025-03-17T00:42:26.384+0000] {subprocess.py:106} INFO -   compiled code at target/run/bank_reviews_project/models/remove_duplicates.sql
[2025-03-17T00:42:26.384+0000] {subprocess.py:106} INFO - [0m00:42:26
[2025-03-17T00:42:26.385+0000] {subprocess.py:106} INFO - [0m00:42:26  Done. PASS=2 WARN=0 ERROR=3 SKIP=1 TOTAL=6
[2025-03-17T00:42:35.442+0000] {subprocess.py:110} INFO - Command exited with return code 1
[2025-03-17T00:42:35.496+0000] {taskinstance.py:3313} ERROR - Task failed with exception
Traceback (most recent call last):
  File "/home/mohammed/venv/lib/python3.11/site-packages/airflow/models/taskinstance.py", line 768, in _execute_task
    result = _execute_callable(context=context, **execute_callable_kwargs)
             ^^^^^^^^^^^^^^^^^^^^^^^^^^^^^^^^^^^^^^^^^^^^^^^^^^^^^^^^^^^^^
  File "/home/mohammed/venv/lib/python3.11/site-packages/airflow/models/taskinstance.py", line 734, in _execute_callable
    return ExecutionCallableRunner(
           ^^^^^^^^^^^^^^^^^^^^^^^^
  File "/home/mohammed/venv/lib/python3.11/site-packages/airflow/utils/operator_helpers.py", line 252, in run
    return self.func(*args, **kwargs)
           ^^^^^^^^^^^^^^^^^^^^^^^^^^
  File "/home/mohammed/venv/lib/python3.11/site-packages/airflow/models/baseoperator.py", line 424, in wrapper
    return func(self, *args, **kwargs)
           ^^^^^^^^^^^^^^^^^^^^^^^^^^^
  File "/home/mohammed/venv/lib/python3.11/site-packages/airflow/operators/bash.py", line 276, in execute
    raise AirflowException(
airflow.exceptions.AirflowException: Bash command failed. The command returned a non-zero exit code 1.
[2025-03-17T00:42:35.520+0000] {logging_mixin.py:190} INFO - Task instance in failure state
[2025-03-17T00:42:35.523+0000] {logging_mixin.py:190} INFO - Task start:2025-03-17 00:42:20.400207+00:00 end:2025-03-17 00:42:35.517837+00:00 duration:15.11763
[2025-03-17T00:42:35.524+0000] {logging_mixin.py:190} INFO - Task:<Task(BashOperator): dbt_run> dag:<DAG: load_reviews_pipeline> dagrun:<DagRun load_reviews_pipeline @ 2024-07-06 00:00:00+00:00: scheduled__2024-07-06T00:00:00+00:00, state:running, queued_at: 2025-03-17 00:42:18.060473+00:00. externally triggered: False>
[2025-03-17T00:42:35.525+0000] {logging_mixin.py:190} INFO - Failure caused by Bash command failed. The command returned a non-zero exit code 1.
[2025-03-17T00:42:35.526+0000] {taskinstance.py:1226} INFO - Marking task as UP_FOR_RETRY. dag_id=load_reviews_pipeline, task_id=dbt_run, run_id=scheduled__2024-07-06T00:00:00+00:00, execution_date=20240706T000000, start_date=20250317T004220, end_date=20250317T004235
[2025-03-17T00:42:35.882+0000] {taskinstance.py:341} INFO - ::group::Post task execution logs
[2025-03-17T00:42:35.883+0000] {standard_task_runner.py:124} ERROR - Failed to execute job 315 for task dbt_run (Bash command failed. The command returned a non-zero exit code 1.; 277027)
Traceback (most recent call last):
  File "/home/mohammed/venv/lib/python3.11/site-packages/airflow/task/task_runner/standard_task_runner.py", line 117, in _start_by_fork
    ret = args.func(args, dag=self.dag)
          ^^^^^^^^^^^^^^^^^^^^^^^^^^^^^
  File "/home/mohammed/venv/lib/python3.11/site-packages/airflow/cli/cli_config.py", line 49, in command
    return func(*args, **kwargs)
           ^^^^^^^^^^^^^^^^^^^^^
  File "/home/mohammed/venv/lib/python3.11/site-packages/airflow/utils/cli.py", line 116, in wrapper
    return f(*args, **kwargs)
           ^^^^^^^^^^^^^^^^^^
  File "/home/mohammed/venv/lib/python3.11/site-packages/airflow/cli/commands/task_command.py", line 483, in task_run
    task_return_code = _run_task_by_selected_method(args, _dag, ti)
                       ^^^^^^^^^^^^^^^^^^^^^^^^^^^^^^^^^^^^^^^^^^^^
  File "/home/mohammed/venv/lib/python3.11/site-packages/airflow/cli/commands/task_command.py", line 256, in _run_task_by_selected_method
    return _run_raw_task(args, ti)
           ^^^^^^^^^^^^^^^^^^^^^^^
  File "/home/mohammed/venv/lib/python3.11/site-packages/airflow/cli/commands/task_command.py", line 341, in _run_raw_task
    return ti._run_raw_task(
           ^^^^^^^^^^^^^^^^^
  File "/home/mohammed/venv/lib/python3.11/site-packages/airflow/utils/session.py", line 97, in wrapper
    return func(*args, session=session, **kwargs)
           ^^^^^^^^^^^^^^^^^^^^^^^^^^^^^^^^^^^^^^
  File "/home/mohammed/venv/lib/python3.11/site-packages/airflow/models/taskinstance.py", line 3006, in _run_raw_task
    return _run_raw_task(
           ^^^^^^^^^^^^^^
  File "/home/mohammed/venv/lib/python3.11/site-packages/airflow/models/taskinstance.py", line 274, in _run_raw_task
    TaskInstance._execute_task_with_callbacks(
  File "/home/mohammed/venv/lib/python3.11/site-packages/airflow/models/taskinstance.py", line 3161, in _execute_task_with_callbacks
    result = self._execute_task(context, task_orig)
             ^^^^^^^^^^^^^^^^^^^^^^^^^^^^^^^^^^^^^^
  File "/home/mohammed/venv/lib/python3.11/site-packages/airflow/models/taskinstance.py", line 3185, in _execute_task
    return _execute_task(self, context, task_orig)
           ^^^^^^^^^^^^^^^^^^^^^^^^^^^^^^^^^^^^^^^
  File "/home/mohammed/venv/lib/python3.11/site-packages/airflow/models/taskinstance.py", line 768, in _execute_task
    result = _execute_callable(context=context, **execute_callable_kwargs)
             ^^^^^^^^^^^^^^^^^^^^^^^^^^^^^^^^^^^^^^^^^^^^^^^^^^^^^^^^^^^^^
  File "/home/mohammed/venv/lib/python3.11/site-packages/airflow/models/taskinstance.py", line 734, in _execute_callable
    return ExecutionCallableRunner(
           ^^^^^^^^^^^^^^^^^^^^^^^^
  File "/home/mohammed/venv/lib/python3.11/site-packages/airflow/utils/operator_helpers.py", line 252, in run
    return self.func(*args, **kwargs)
           ^^^^^^^^^^^^^^^^^^^^^^^^^^
  File "/home/mohammed/venv/lib/python3.11/site-packages/airflow/models/baseoperator.py", line 424, in wrapper
    return func(self, *args, **kwargs)
           ^^^^^^^^^^^^^^^^^^^^^^^^^^^
  File "/home/mohammed/venv/lib/python3.11/site-packages/airflow/operators/bash.py", line 276, in execute
    raise AirflowException(
airflow.exceptions.AirflowException: Bash command failed. The command returned a non-zero exit code 1.
[2025-03-17T00:42:35.911+0000] {local_task_job_runner.py:266} INFO - Task exited with return code 1
[2025-03-17T00:42:35.970+0000] {taskinstance.py:3901} INFO - 0 downstream tasks scheduled from follow-on schedule check
[2025-03-17T00:42:35.977+0000] {local_task_job_runner.py:245} INFO - ::endgroup::
