[2025-03-18T18:25:35.789+0000] {local_task_job_runner.py:123} INFO - ::group::Pre task execution logs
[2025-03-18T18:25:35.968+0000] {taskinstance.py:2614} INFO - Dependencies all met for dep_context=non-requeueable deps ti=<TaskInstance: load_dbt_clean_reviews_pipeline.dbt_run scheduled__2024-10-09T00:00:00+00:00 [queued]>
[2025-03-18T18:25:36.010+0000] {taskinstance.py:2614} INFO - Dependencies all met for dep_context=requeueable deps ti=<TaskInstance: load_dbt_clean_reviews_pipeline.dbt_run scheduled__2024-10-09T00:00:00+00:00 [queued]>
[2025-03-18T18:25:36.010+0000] {taskinstance.py:2867} INFO - Starting attempt 1 of 2
[2025-03-18T18:25:36.083+0000] {taskinstance.py:2890} INFO - Executing <Task(BashOperator): dbt_run> on 2024-10-09 00:00:00+00:00
[2025-03-18T18:25:36.124+0000] {standard_task_runner.py:72} INFO - Started process 19223 to run task
[2025-03-18T18:25:36.140+0000] {standard_task_runner.py:104} INFO - Running: ['airflow', 'tasks', 'run', 'load_dbt_clean_reviews_pipeline', 'dbt_run', 'scheduled__2024-10-09T00:00:00+00:00', '--job-id', '1033', '--raw', '--subdir', 'DAGS_FOLDER/dag_load_reviews.py', '--cfg-path', '/tmp/tmpg7yzuj3a']
[2025-03-18T18:25:36.167+0000] {standard_task_runner.py:105} INFO - Job 1033: Subtask dbt_run
[2025-03-18T18:25:36.484+0000] {task_command.py:467} INFO - Running <TaskInstance: load_dbt_clean_reviews_pipeline.dbt_run scheduled__2024-10-09T00:00:00+00:00 [running]> on host DESKTOP-IM7V4RI.
[2025-03-18T18:25:37.173+0000] {taskinstance.py:3134} INFO - Exporting env vars: AIRFLOW_CTX_DAG_OWNER='mohammed' AIRFLOW_CTX_DAG_ID='load_dbt_clean_reviews_pipeline' AIRFLOW_CTX_TASK_ID='dbt_run' AIRFLOW_CTX_EXECUTION_DATE='2024-10-09T00:00:00+00:00' AIRFLOW_CTX_TRY_NUMBER='1' AIRFLOW_CTX_DAG_RUN_ID='scheduled__2024-10-09T00:00:00+00:00'
[2025-03-18T18:25:37.175+0000] {logging_mixin.py:190} INFO - Task instance is in running state
[2025-03-18T18:25:37.176+0000] {logging_mixin.py:190} INFO -  Previous state of the Task instance: queued
[2025-03-18T18:25:37.177+0000] {logging_mixin.py:190} INFO - Current task name:dbt_run state:running start_date:2025-03-18 18:25:35.969494+00:00
[2025-03-18T18:25:37.177+0000] {logging_mixin.py:190} INFO - Dag name:load_dbt_clean_reviews_pipeline and current dag run status:running
[2025-03-18T18:25:37.178+0000] {taskinstance.py:732} INFO - ::endgroup::
[2025-03-18T18:25:37.180+0000] {subprocess.py:78} INFO - Tmp dir root location: /tmp
[2025-03-18T18:25:37.181+0000] {subprocess.py:88} INFO - Running command: ['/usr/bin/bash', '-c', 'cd /home/mohammed/.dbt/dbt_projects/bank_reviews_transactional && dbt run']
[2025-03-18T18:25:37.264+0000] {subprocess.py:99} INFO - Output:
[2025-03-18T18:25:50.258+0000] {subprocess.py:106} INFO - [0m18:25:50  Running with dbt=1.9.3
[2025-03-18T18:25:52.750+0000] {subprocess.py:106} INFO - [0m18:25:52  Registered adapter: postgres=1.9.0
[2025-03-18T18:25:54.439+0000] {subprocess.py:106} INFO - [0m18:25:54  [[33mWARNING[0m]: Configuration paths exist in your dbt_project.yml file which do not apply to any resources.
[2025-03-18T18:25:54.440+0000] {subprocess.py:106} INFO - There are 1 unused configuration paths:
[2025-03-18T18:25:54.441+0000] {subprocess.py:106} INFO - - models.bank_reviews_transactional.transactional
[2025-03-18T18:25:55.972+0000] {subprocess.py:106} INFO - [0m18:25:55  Found 1 model, 1 source, 433 macros
[2025-03-18T18:25:55.994+0000] {subprocess.py:106} INFO - [0m18:25:55
[2025-03-18T18:25:56.012+0000] {subprocess.py:106} INFO - [0m18:25:56  Concurrency: 4 threads (target='dev')
[2025-03-18T18:25:56.016+0000] {subprocess.py:106} INFO - [0m18:25:56
[2025-03-18T18:25:56.805+0000] {subprocess.py:106} INFO - [0m18:25:56  1 of 1 START sql table model transactional.clean_reviews ....................... [RUN]
[2025-03-18T18:25:58.823+0000] {subprocess.py:106} INFO - [0m18:25:58  1 of 1 OK created sql table model transactional.clean_reviews .................. [[32mSELECT 549[0m in 2.02s]
[2025-03-18T18:25:58.960+0000] {subprocess.py:106} INFO - [0m18:25:58
[2025-03-18T18:25:58.973+0000] {subprocess.py:106} INFO - [0m18:25:58  Finished running 1 table model in 0 hours 0 minutes and 2.94 seconds (2.94s).
[2025-03-18T18:25:59.285+0000] {subprocess.py:106} INFO - [0m18:25:59
[2025-03-18T18:25:59.288+0000] {subprocess.py:106} INFO - [0m18:25:59  [32mCompleted successfully[0m
[2025-03-18T18:25:59.291+0000] {subprocess.py:106} INFO - [0m18:25:59
[2025-03-18T18:25:59.295+0000] {subprocess.py:106} INFO - [0m18:25:59  Done. PASS=1 WARN=0 ERROR=0 SKIP=0 TOTAL=1
[2025-03-18T18:26:01.481+0000] {subprocess.py:110} INFO - Command exited with return code 0
[2025-03-18T18:26:01.631+0000] {taskinstance.py:341} INFO - ::group::Post task execution logs
[2025-03-18T18:26:01.632+0000] {taskinstance.py:353} INFO - Marking task as SUCCESS. dag_id=load_dbt_clean_reviews_pipeline, task_id=dbt_run, run_id=scheduled__2024-10-09T00:00:00+00:00, execution_date=20241009T000000, start_date=20250318T182535, end_date=20250318T182601
[2025-03-18T18:26:03.285+0000] {logging_mixin.py:190} INFO - Task instance in success state
[2025-03-18T18:26:03.287+0000] {logging_mixin.py:190} INFO -  Previous state of the Task instance: running
[2025-03-18T18:26:03.293+0000] {logging_mixin.py:190} INFO - Dag name:load_dbt_clean_reviews_pipeline queued_at:2025-03-18 18:25:33.059995+00:00
[2025-03-18T18:26:03.295+0000] {logging_mixin.py:190} INFO - Task hostname:DESKTOP-IM7V4RI. operator:BashOperator
[2025-03-18T18:26:03.344+0000] {local_task_job_runner.py:266} INFO - Task exited with return code 0
[2025-03-18T18:26:03.415+0000] {taskinstance.py:3901} INFO - 0 downstream tasks scheduled from follow-on schedule check
[2025-03-18T18:26:03.424+0000] {local_task_job_runner.py:245} INFO - ::endgroup::
