[2025-03-17T00:52:46.957+0000] {local_task_job_runner.py:123} INFO - ::group::Pre task execution logs
[2025-03-17T00:52:47.010+0000] {taskinstance.py:2614} INFO - Dependencies all met for dep_context=non-requeueable deps ti=<TaskInstance: load_reviews_pipeline.dbt_run scheduled__2024-08-10T00:00:00+00:00 [queued]>
[2025-03-17T00:52:47.024+0000] {taskinstance.py:2614} INFO - Dependencies all met for dep_context=requeueable deps ti=<TaskInstance: load_reviews_pipeline.dbt_run scheduled__2024-08-10T00:00:00+00:00 [queued]>
[2025-03-17T00:52:47.025+0000] {taskinstance.py:2867} INFO - Starting attempt 1 of 2
[2025-03-17T00:52:47.055+0000] {taskinstance.py:2890} INFO - Executing <Task(BashOperator): dbt_run> on 2024-08-10 00:00:00+00:00
[2025-03-17T00:52:47.079+0000] {standard_task_runner.py:72} INFO - Started process 290765 to run task
[2025-03-17T00:52:47.098+0000] {standard_task_runner.py:104} INFO - Running: ['airflow', 'tasks', 'run', 'load_reviews_pipeline', 'dbt_run', 'scheduled__2024-08-10T00:00:00+00:00', '--job-id', '367', '--raw', '--subdir', 'DAGS_FOLDER/dag_load_reviews.py', '--cfg-path', '/tmp/tmpec58xvdw']
[2025-03-17T00:52:47.103+0000] {standard_task_runner.py:105} INFO - Job 367: Subtask dbt_run
[2025-03-17T00:52:47.520+0000] {task_command.py:467} INFO - Running <TaskInstance: load_reviews_pipeline.dbt_run scheduled__2024-08-10T00:00:00+00:00 [running]> on host DESKTOP-IM7V4RI.
[2025-03-17T00:52:47.923+0000] {taskinstance.py:3134} INFO - Exporting env vars: AIRFLOW_CTX_DAG_OWNER='mohammed' AIRFLOW_CTX_DAG_ID='load_reviews_pipeline' AIRFLOW_CTX_TASK_ID='dbt_run' AIRFLOW_CTX_EXECUTION_DATE='2024-08-10T00:00:00+00:00' AIRFLOW_CTX_TRY_NUMBER='1' AIRFLOW_CTX_DAG_RUN_ID='scheduled__2024-08-10T00:00:00+00:00'
[2025-03-17T00:52:47.926+0000] {logging_mixin.py:190} INFO - Task instance is in running state
[2025-03-17T00:52:47.926+0000] {logging_mixin.py:190} INFO -  Previous state of the Task instance: queued
[2025-03-17T00:52:47.927+0000] {logging_mixin.py:190} INFO - Current task name:dbt_run state:running start_date:2025-03-17 00:52:47.010721+00:00
[2025-03-17T00:52:47.927+0000] {logging_mixin.py:190} INFO - Dag name:load_reviews_pipeline and current dag run status:running
[2025-03-17T00:52:47.928+0000] {taskinstance.py:732} INFO - ::endgroup::
[2025-03-17T00:52:47.929+0000] {subprocess.py:78} INFO - Tmp dir root location: /tmp
[2025-03-17T00:52:47.931+0000] {subprocess.py:88} INFO - Running command: ['/usr/bin/bash', '-c', 'cd /home/mohammed/.dbt/bank_reviews_project && dbt run']
[2025-03-17T00:52:47.948+0000] {subprocess.py:99} INFO - Output:
[2025-03-17T00:52:52.180+0000] {subprocess.py:106} INFO - [0m00:52:52  Running with dbt=1.9.3
[2025-03-17T00:52:52.844+0000] {subprocess.py:106} INFO - [0m00:52:52  Registered adapter: postgres=1.9.0
[2025-03-17T00:52:54.176+0000] {subprocess.py:106} INFO - [0m00:52:54  Found 10 models, 4 data tests, 2 sources, 433 macros
[2025-03-17T00:52:54.195+0000] {subprocess.py:106} INFO - [0m00:52:54
[2025-03-17T00:52:54.197+0000] {subprocess.py:106} INFO - [0m00:52:54  Concurrency: 4 threads (target='dev')
[2025-03-17T00:52:54.198+0000] {subprocess.py:106} INFO - [0m00:52:54
[2025-03-17T00:52:54.768+0000] {subprocess.py:106} INFO - [0m00:52:54  1 of 10 START sql view model public.clean_reviews .............................. [RUN]
[2025-03-17T00:52:54.774+0000] {subprocess.py:106} INFO - [0m00:52:54  2 of 10 START sql table model public.my_first_dbt_model ........................ [RUN]
[2025-03-17T00:52:54.776+0000] {subprocess.py:106} INFO - [0m00:52:54  3 of 10 START sql view model public.remove_duplicates .......................... [RUN]
[2025-03-17T00:52:54.779+0000] {subprocess.py:106} INFO - [0m00:52:54  4 of 10 START sql view model public.stg_clean_reviews .......................... [RUN]
[2025-03-17T00:52:55.772+0000] {subprocess.py:106} INFO - [0m00:52:55  1 of 10 OK created sql view model public.clean_reviews ......................... [[32mCREATE VIEW[0m in 0.97s]
[2025-03-17T00:52:55.779+0000] {subprocess.py:106} INFO - [0m00:52:55  3 of 10 OK created sql view model public.remove_duplicates ..................... [[32mCREATE VIEW[0m in 0.98s]
[2025-03-17T00:52:55.783+0000] {subprocess.py:106} INFO - [0m00:52:55  2 of 10 OK created sql table model public.my_first_dbt_model ................... [[32mSELECT 2[0m in 0.97s]
[2025-03-17T00:52:55.792+0000] {subprocess.py:106} INFO - [0m00:52:55  4 of 10 OK created sql view model public.stg_clean_reviews ..................... [[32mCREATE VIEW[0m in 0.99s]
[2025-03-17T00:52:55.810+0000] {subprocess.py:106} INFO - [0m00:52:55  5 of 10 START sql view model public.my_second_dbt_model ........................ [RUN]
[2025-03-17T00:52:55.816+0000] {subprocess.py:106} INFO - [0m00:52:55  6 of 10 START sql view model public.dim_bank ................................... [RUN]
[2025-03-17T00:52:55.828+0000] {subprocess.py:106} INFO - [0m00:52:55  7 of 10 START sql view model public.dim_branch ................................. [RUN]
[2025-03-17T00:52:55.831+0000] {subprocess.py:106} INFO - [0m00:52:55  8 of 10 START sql view model public.dim_location ............................... [RUN]
[2025-03-17T00:52:56.200+0000] {subprocess.py:106} INFO - [0m00:52:56  5 of 10 OK created sql view model public.my_second_dbt_model ................... [[32mCREATE VIEW[0m in 0.36s]
[2025-03-17T00:52:56.226+0000] {subprocess.py:106} INFO - [0m00:52:56  9 of 10 START sql view model public.dim_sentiment .............................. [RUN]
[2025-03-17T00:52:56.247+0000] {subprocess.py:106} INFO - [0m00:52:56  7 of 10 OK created sql view model public.dim_branch ............................ [[32mCREATE VIEW[0m in 0.40s]
[2025-03-17T00:52:56.252+0000] {subprocess.py:106} INFO - [0m00:52:56  6 of 10 OK created sql view model public.dim_bank .............................. [[32mCREATE VIEW[0m in 0.41s]
[2025-03-17T00:52:56.254+0000] {subprocess.py:106} INFO - [0m00:52:56  8 of 10 OK created sql view model public.dim_location .......................... [[32mCREATE VIEW[0m in 0.40s]
[2025-03-17T00:52:56.377+0000] {subprocess.py:106} INFO - [0m00:52:56  9 of 10 OK created sql view model public.dim_sentiment ......................... [[32mCREATE VIEW[0m in 0.14s]
[2025-03-17T00:52:56.385+0000] {subprocess.py:106} INFO - [0m00:52:56  10 of 10 START sql view model public.fact_reviews .............................. [RUN]
[2025-03-17T00:52:56.522+0000] {subprocess.py:106} INFO - [0m00:52:56  10 of 10 OK created sql view model public.fact_reviews ......................... [[32mCREATE VIEW[0m in 0.13s]
[2025-03-17T00:52:56.619+0000] {subprocess.py:106} INFO - [0m00:52:56
[2025-03-17T00:52:56.623+0000] {subprocess.py:106} INFO - [0m00:52:56  Finished running 1 table model, 9 view models in 0 hours 0 minutes and 2.42 seconds (2.42s).
[2025-03-17T00:52:56.844+0000] {subprocess.py:106} INFO - [0m00:52:56
[2025-03-17T00:52:56.847+0000] {subprocess.py:106} INFO - [0m00:52:56  [32mCompleted successfully[0m
[2025-03-17T00:52:56.850+0000] {subprocess.py:106} INFO - [0m00:52:56
[2025-03-17T00:52:56.853+0000] {subprocess.py:106} INFO - [0m00:52:56  Done. PASS=10 WARN=0 ERROR=0 SKIP=0 TOTAL=10
[2025-03-17T00:52:58.098+0000] {subprocess.py:110} INFO - Command exited with return code 0
[2025-03-17T00:52:58.258+0000] {taskinstance.py:341} INFO - ::group::Post task execution logs
[2025-03-17T00:52:58.260+0000] {taskinstance.py:353} INFO - Marking task as SUCCESS. dag_id=load_reviews_pipeline, task_id=dbt_run, run_id=scheduled__2024-08-10T00:00:00+00:00, execution_date=20240810T000000, start_date=20250317T005247, end_date=20250317T005258
[2025-03-17T00:52:58.456+0000] {logging_mixin.py:190} INFO - Task instance in success state
[2025-03-17T00:52:58.459+0000] {logging_mixin.py:190} INFO -  Previous state of the Task instance: running
[2025-03-17T00:52:58.462+0000] {logging_mixin.py:190} INFO - Dag name:load_reviews_pipeline queued_at:2025-03-17 00:52:44.354645+00:00
[2025-03-17T00:52:58.464+0000] {logging_mixin.py:190} INFO - Task hostname:DESKTOP-IM7V4RI. operator:BashOperator
[2025-03-17T00:52:58.521+0000] {local_task_job_runner.py:266} INFO - Task exited with return code 0
[2025-03-17T00:52:58.635+0000] {taskinstance.py:3901} INFO - 0 downstream tasks scheduled from follow-on schedule check
[2025-03-17T00:52:58.648+0000] {local_task_job_runner.py:245} INFO - ::endgroup::
