[2025-03-17T00:56:41.502+0000] {local_task_job_runner.py:123} INFO - ::group::Pre task execution logs
[2025-03-17T00:56:41.555+0000] {taskinstance.py:2614} INFO - Dependencies all met for dep_context=non-requeueable deps ti=<TaskInstance: load_reviews_pipeline.dbt_run scheduled__2024-08-31T00:00:00+00:00 [queued]>
[2025-03-17T00:56:41.579+0000] {taskinstance.py:2614} INFO - Dependencies all met for dep_context=requeueable deps ti=<TaskInstance: load_reviews_pipeline.dbt_run scheduled__2024-08-31T00:00:00+00:00 [queued]>
[2025-03-17T00:56:41.580+0000] {taskinstance.py:2867} INFO - Starting attempt 1 of 2
[2025-03-17T00:56:41.615+0000] {taskinstance.py:2890} INFO - Executing <Task(BashOperator): dbt_run> on 2024-08-31 00:00:00+00:00
[2025-03-17T00:56:41.633+0000] {standard_task_runner.py:72} INFO - Started process 296003 to run task
[2025-03-17T00:56:41.640+0000] {standard_task_runner.py:104} INFO - Running: ['airflow', 'tasks', 'run', 'load_reviews_pipeline', 'dbt_run', 'scheduled__2024-08-31T00:00:00+00:00', '--job-id', '403', '--raw', '--subdir', 'DAGS_FOLDER/dag_load_reviews.py', '--cfg-path', '/tmp/tmp1t7nnhec']
[2025-03-17T00:56:41.642+0000] {standard_task_runner.py:105} INFO - Job 403: Subtask dbt_run
[2025-03-17T00:56:41.799+0000] {task_command.py:467} INFO - Running <TaskInstance: load_reviews_pipeline.dbt_run scheduled__2024-08-31T00:00:00+00:00 [running]> on host DESKTOP-IM7V4RI.
[2025-03-17T00:56:42.149+0000] {taskinstance.py:3134} INFO - Exporting env vars: AIRFLOW_CTX_DAG_OWNER='mohammed' AIRFLOW_CTX_DAG_ID='load_reviews_pipeline' AIRFLOW_CTX_TASK_ID='dbt_run' AIRFLOW_CTX_EXECUTION_DATE='2024-08-31T00:00:00+00:00' AIRFLOW_CTX_TRY_NUMBER='1' AIRFLOW_CTX_DAG_RUN_ID='scheduled__2024-08-31T00:00:00+00:00'
[2025-03-17T00:56:42.156+0000] {logging_mixin.py:190} INFO - Task instance is in running state
[2025-03-17T00:56:42.157+0000] {logging_mixin.py:190} INFO -  Previous state of the Task instance: queued
[2025-03-17T00:56:42.158+0000] {logging_mixin.py:190} INFO - Current task name:dbt_run state:running start_date:2025-03-17 00:56:41.556287+00:00
[2025-03-17T00:56:42.161+0000] {logging_mixin.py:190} INFO - Dag name:load_reviews_pipeline and current dag run status:running
[2025-03-17T00:56:42.162+0000] {taskinstance.py:732} INFO - ::endgroup::
[2025-03-17T00:56:42.164+0000] {subprocess.py:78} INFO - Tmp dir root location: /tmp
[2025-03-17T00:56:42.168+0000] {subprocess.py:88} INFO - Running command: ['/usr/bin/bash', '-c', 'cd /home/mohammed/.dbt/bank_reviews_project && dbt run']
[2025-03-17T00:56:42.203+0000] {subprocess.py:99} INFO - Output:
[2025-03-17T00:56:44.633+0000] {subprocess.py:106} INFO - [0m00:56:44  Running with dbt=1.9.3
[2025-03-17T00:56:45.134+0000] {subprocess.py:106} INFO - [0m00:56:45  Registered adapter: postgres=1.9.0
[2025-03-17T00:56:45.666+0000] {subprocess.py:106} INFO - [0m00:56:45  Found 10 models, 4 data tests, 2 sources, 433 macros
[2025-03-17T00:56:45.669+0000] {subprocess.py:106} INFO - [0m00:56:45
[2025-03-17T00:56:45.670+0000] {subprocess.py:106} INFO - [0m00:56:45  Concurrency: 4 threads (target='dev')
[2025-03-17T00:56:45.670+0000] {subprocess.py:106} INFO - [0m00:56:45
[2025-03-17T00:56:45.838+0000] {subprocess.py:106} INFO - [0m00:56:45  1 of 10 START sql view model public.clean_reviews .............................. [RUN]
[2025-03-17T00:56:45.840+0000] {subprocess.py:106} INFO - [0m00:56:45  2 of 10 START sql table model public.my_first_dbt_model ........................ [RUN]
[2025-03-17T00:56:45.841+0000] {subprocess.py:106} INFO - [0m00:56:45  3 of 10 START sql view model public.remove_duplicates .......................... [RUN]
[2025-03-17T00:56:45.842+0000] {subprocess.py:106} INFO - [0m00:56:45  4 of 10 START sql view model public.stg_clean_reviews .......................... [RUN]
[2025-03-17T00:56:46.474+0000] {subprocess.py:106} INFO - [0m00:56:46  1 of 10 OK created sql view model public.clean_reviews ......................... [[32mCREATE VIEW[0m in 0.63s]
[2025-03-17T00:56:46.480+0000] {subprocess.py:106} INFO - [0m00:56:46  4 of 10 OK created sql view model public.stg_clean_reviews ..................... [[32mCREATE VIEW[0m in 0.63s]
[2025-03-17T00:56:46.486+0000] {subprocess.py:106} INFO - [0m00:56:46  3 of 10 OK created sql view model public.remove_duplicates ..................... [[32mCREATE VIEW[0m in 0.61s]
[2025-03-17T00:56:46.491+0000] {subprocess.py:106} INFO - [0m00:56:46  5 of 10 START sql view model public.dim_bank ................................... [RUN]
[2025-03-17T00:56:46.502+0000] {subprocess.py:106} INFO - [0m00:56:46  2 of 10 OK created sql table model public.my_first_dbt_model ................... [[32mSELECT 2[0m in 0.65s]
[2025-03-17T00:56:46.517+0000] {subprocess.py:106} INFO - [0m00:56:46  6 of 10 START sql view model public.dim_branch ................................. [RUN]
[2025-03-17T00:56:46.518+0000] {subprocess.py:106} INFO - [0m00:56:46  7 of 10 START sql view model public.dim_location ............................... [RUN]
[2025-03-17T00:56:46.546+0000] {subprocess.py:106} INFO - [0m00:56:46  8 of 10 START sql view model public.dim_sentiment .............................. [RUN]
[2025-03-17T00:56:46.752+0000] {subprocess.py:106} INFO - [0m00:56:46  5 of 10 OK created sql view model public.dim_bank .............................. [[32mCREATE VIEW[0m in 0.25s]
[2025-03-17T00:56:46.758+0000] {subprocess.py:106} INFO - [0m00:56:46  8 of 10 OK created sql view model public.dim_sentiment ......................... [[32mCREATE VIEW[0m in 0.20s]
[2025-03-17T00:56:46.763+0000] {subprocess.py:106} INFO - [0m00:56:46  6 of 10 OK created sql view model public.dim_branch ............................ [[32mCREATE VIEW[0m in 0.24s]
[2025-03-17T00:56:46.765+0000] {subprocess.py:106} INFO - [0m00:56:46  7 of 10 OK created sql view model public.dim_location .......................... [[32mCREATE VIEW[0m in 0.22s]
[2025-03-17T00:56:46.766+0000] {subprocess.py:106} INFO - [0m00:56:46  9 of 10 START sql view model public.my_second_dbt_model ........................ [RUN]
[2025-03-17T00:56:46.775+0000] {subprocess.py:106} INFO - [0m00:56:46  10 of 10 START sql view model public.fact_reviews .............................. [RUN]
[2025-03-17T00:56:46.830+0000] {subprocess.py:106} INFO - [0m00:56:46  9 of 10 OK created sql view model public.my_second_dbt_model ................... [[32mCREATE VIEW[0m in 0.06s]
[2025-03-17T00:56:46.845+0000] {subprocess.py:106} INFO - [0m00:56:46  10 of 10 OK created sql view model public.fact_reviews ......................... [[32mCREATE VIEW[0m in 0.06s]
[2025-03-17T00:56:46.869+0000] {subprocess.py:106} INFO - [0m00:56:46
[2025-03-17T00:56:46.869+0000] {subprocess.py:106} INFO - [0m00:56:46  Finished running 1 table model, 9 view models in 0 hours 0 minutes and 1.20 seconds (1.20s).
[2025-03-17T00:56:46.906+0000] {subprocess.py:106} INFO - [0m00:56:46
[2025-03-17T00:56:46.906+0000] {subprocess.py:106} INFO - [0m00:56:46  [32mCompleted successfully[0m
[2025-03-17T00:56:46.906+0000] {subprocess.py:106} INFO - [0m00:56:46
[2025-03-17T00:56:46.907+0000] {subprocess.py:106} INFO - [0m00:56:46  Done. PASS=10 WARN=0 ERROR=0 SKIP=0 TOTAL=10
[2025-03-17T00:56:48.153+0000] {subprocess.py:110} INFO - Command exited with return code 0
[2025-03-17T00:56:48.220+0000] {taskinstance.py:341} INFO - ::group::Post task execution logs
[2025-03-17T00:56:48.221+0000] {taskinstance.py:353} INFO - Marking task as SUCCESS. dag_id=load_reviews_pipeline, task_id=dbt_run, run_id=scheduled__2024-08-31T00:00:00+00:00, execution_date=20240831T000000, start_date=20250317T005641, end_date=20250317T005648
[2025-03-17T00:56:48.274+0000] {logging_mixin.py:190} INFO - Task instance in success state
[2025-03-17T00:56:48.275+0000] {logging_mixin.py:190} INFO -  Previous state of the Task instance: running
[2025-03-17T00:56:48.275+0000] {logging_mixin.py:190} INFO - Dag name:load_reviews_pipeline queued_at:2025-03-17 00:56:37.946162+00:00
[2025-03-17T00:56:48.275+0000] {logging_mixin.py:190} INFO - Task hostname:DESKTOP-IM7V4RI. operator:BashOperator
[2025-03-17T00:56:48.300+0000] {local_task_job_runner.py:266} INFO - Task exited with return code 0
[2025-03-17T00:56:48.323+0000] {taskinstance.py:3901} INFO - 0 downstream tasks scheduled from follow-on schedule check
[2025-03-17T00:56:48.328+0000] {local_task_job_runner.py:245} INFO - ::endgroup::
