[2025-03-17T01:22:54.261+0000] {local_task_job_runner.py:123} INFO - ::group::Pre task execution logs
[2025-03-17T01:22:54.296+0000] {taskinstance.py:2614} INFO - Dependencies all met for dep_context=non-requeueable deps ti=<TaskInstance: load_reviews_pipeline.dbt_run scheduled__2025-02-17T00:00:00+00:00 [queued]>
[2025-03-17T01:22:54.306+0000] {taskinstance.py:2614} INFO - Dependencies all met for dep_context=requeueable deps ti=<TaskInstance: load_reviews_pipeline.dbt_run scheduled__2025-02-17T00:00:00+00:00 [queued]>
[2025-03-17T01:22:54.307+0000] {taskinstance.py:2867} INFO - Starting attempt 2 of 2
[2025-03-17T01:22:54.329+0000] {taskinstance.py:2890} INFO - Executing <Task(BashOperator): dbt_run> on 2025-02-17 00:00:00+00:00
[2025-03-17T01:22:54.337+0000] {standard_task_runner.py:72} INFO - Started process 334988 to run task
[2025-03-17T01:22:54.343+0000] {standard_task_runner.py:104} INFO - Running: ['airflow', 'tasks', 'run', 'load_reviews_pipeline', 'dbt_run', 'scheduled__2025-02-17T00:00:00+00:00', '--job-id', '668', '--raw', '--subdir', 'DAGS_FOLDER/dag_load_reviews.py', '--cfg-path', '/tmp/tmp2plj7u7c']
[2025-03-17T01:22:54.345+0000] {standard_task_runner.py:105} INFO - Job 668: Subtask dbt_run
[2025-03-17T01:22:54.458+0000] {task_command.py:467} INFO - Running <TaskInstance: load_reviews_pipeline.dbt_run scheduled__2025-02-17T00:00:00+00:00 [running]> on host DESKTOP-IM7V4RI.
[2025-03-17T01:22:54.701+0000] {taskinstance.py:3134} INFO - Exporting env vars: AIRFLOW_CTX_DAG_OWNER='mohammed' AIRFLOW_CTX_DAG_ID='load_reviews_pipeline' AIRFLOW_CTX_TASK_ID='dbt_run' AIRFLOW_CTX_EXECUTION_DATE='2025-02-17T00:00:00+00:00' AIRFLOW_CTX_TRY_NUMBER='2' AIRFLOW_CTX_DAG_RUN_ID='scheduled__2025-02-17T00:00:00+00:00'
[2025-03-17T01:22:54.703+0000] {logging_mixin.py:190} INFO - Task instance is in running state
[2025-03-17T01:22:54.704+0000] {logging_mixin.py:190} INFO -  Previous state of the Task instance: queued
[2025-03-17T01:22:54.704+0000] {logging_mixin.py:190} INFO - Current task name:dbt_run state:running start_date:2025-03-17 01:22:54.296842+00:00
[2025-03-17T01:22:54.705+0000] {logging_mixin.py:190} INFO - Dag name:load_reviews_pipeline and current dag run status:running
[2025-03-17T01:22:54.706+0000] {taskinstance.py:732} INFO - ::endgroup::
[2025-03-17T01:22:54.707+0000] {subprocess.py:78} INFO - Tmp dir root location: /tmp
[2025-03-17T01:22:54.709+0000] {subprocess.py:88} INFO - Running command: ['/usr/bin/bash', '-c', 'cd /home/mohammed/.dbt/bank_reviews_project && dbt run']
[2025-03-17T01:22:54.731+0000] {subprocess.py:99} INFO - Output:
[2025-03-17T01:22:57.245+0000] {subprocess.py:106} INFO - [0m01:22:57  Running with dbt=1.9.3
[2025-03-17T01:22:56.714+0000] {subprocess.py:106} INFO - [0m01:22:56  Registered adapter: postgres=1.9.0
[2025-03-17T01:22:57.107+0000] {subprocess.py:106} INFO - [0m01:22:57  Found 10 models, 4 data tests, 2 sources, 433 macros
[2025-03-17T01:22:57.110+0000] {subprocess.py:106} INFO - [0m01:22:57
[2025-03-17T01:22:57.110+0000] {subprocess.py:106} INFO - [0m01:22:57  Concurrency: 4 threads (target='dev')
[2025-03-17T01:22:57.111+0000] {subprocess.py:106} INFO - [0m01:22:57
[2025-03-17T01:22:57.249+0000] {subprocess.py:106} INFO - [0m01:22:57  1 of 10 START sql view model public.clean_reviews .............................. [RUN]
[2025-03-17T01:22:57.251+0000] {subprocess.py:106} INFO - [0m01:22:57  2 of 10 START sql table model public.my_first_dbt_model ........................ [RUN]
[2025-03-17T01:22:57.254+0000] {subprocess.py:106} INFO - [0m01:22:57  3 of 10 START sql view model public.remove_duplicates .......................... [RUN]
[2025-03-17T01:22:57.255+0000] {subprocess.py:106} INFO - [0m01:22:57  4 of 10 START sql view model public.stg_clean_reviews .......................... [RUN]
[2025-03-17T01:22:57.665+0000] {subprocess.py:106} INFO - [0m01:22:57  2 of 10 OK created sql table model public.my_first_dbt_model ................... [[32mSELECT 2[0m in 0.39s]
[2025-03-17T01:22:57.670+0000] {subprocess.py:106} INFO - [0m01:22:57  3 of 10 OK created sql view model public.remove_duplicates ..................... [[32mCREATE VIEW[0m in 0.41s]
[2025-03-17T01:22:57.676+0000] {subprocess.py:106} INFO - [0m01:22:57  1 of 10 OK created sql view model public.clean_reviews ......................... [[32mCREATE VIEW[0m in 0.42s]
[2025-03-17T01:22:57.681+0000] {subprocess.py:106} INFO - [0m01:22:57  4 of 10 OK created sql view model public.stg_clean_reviews ..................... [[32mCREATE VIEW[0m in 0.42s]
[2025-03-17T01:22:57.685+0000] {subprocess.py:106} INFO - [0m01:22:57  5 of 10 START sql view model public.my_second_dbt_model ........................ [RUN]
[2025-03-17T01:22:57.694+0000] {subprocess.py:106} INFO - [0m01:22:57  6 of 10 START sql view model public.dim_bank ................................... [RUN]
[2025-03-17T01:22:57.700+0000] {subprocess.py:106} INFO - [0m01:22:57  7 of 10 START sql view model public.dim_branch ................................. [RUN]
[2025-03-17T01:22:57.702+0000] {subprocess.py:106} INFO - [0m01:22:57  8 of 10 START sql view model public.dim_location ............................... [RUN]
[2025-03-17T01:22:57.912+0000] {subprocess.py:106} INFO - [0m01:22:57  5 of 10 OK created sql view model public.my_second_dbt_model ................... [[32mCREATE VIEW[0m in 0.22s]
[2025-03-17T01:22:57.924+0000] {subprocess.py:106} INFO - [0m01:22:57  9 of 10 START sql view model public.dim_sentiment .............................. [RUN]
[2025-03-17T01:22:57.938+0000] {subprocess.py:106} INFO - [0m01:22:57  7 of 10 OK created sql view model public.dim_branch ............................ [[32mCREATE VIEW[0m in 0.23s]
[2025-03-17T01:22:57.940+0000] {subprocess.py:106} INFO - [0m01:22:57  6 of 10 OK created sql view model public.dim_bank .............................. [[32mCREATE VIEW[0m in 0.23s]
[2025-03-17T01:22:57.950+0000] {subprocess.py:106} INFO - [0m01:22:57  8 of 10 OK created sql view model public.dim_location .......................... [[32mCREATE VIEW[0m in 0.23s]
[2025-03-17T01:22:58.019+0000] {subprocess.py:106} INFO - [0m01:22:58  9 of 10 OK created sql view model public.dim_sentiment ......................... [[32mCREATE VIEW[0m in 0.09s]
[2025-03-17T01:22:58.023+0000] {subprocess.py:106} INFO - [0m01:22:58  10 of 10 START sql view model public.fact_reviews .............................. [RUN]
[2025-03-17T01:22:58.097+0000] {subprocess.py:106} INFO - [0m01:22:58  10 of 10 OK created sql view model public.fact_reviews ......................... [[32mCREATE VIEW[0m in 0.07s]
[2025-03-17T01:22:58.127+0000] {subprocess.py:106} INFO - [0m01:22:58
[2025-03-17T01:22:58.128+0000] {subprocess.py:106} INFO - [0m01:22:58  Finished running 1 table model, 9 view models in 0 hours 0 minutes and 1.02 seconds (1.02s).
[2025-03-17T01:22:58.183+0000] {subprocess.py:106} INFO - [0m01:22:58
[2025-03-17T01:22:58.183+0000] {subprocess.py:106} INFO - [0m01:22:58  [32mCompleted successfully[0m
[2025-03-17T01:22:58.184+0000] {subprocess.py:106} INFO - [0m01:22:58
[2025-03-17T01:22:58.184+0000] {subprocess.py:106} INFO - [0m01:22:58  Done. PASS=10 WARN=0 ERROR=0 SKIP=0 TOTAL=10
[2025-03-17T01:22:59.851+0000] {subprocess.py:110} INFO - Command exited with return code 0
[2025-03-17T01:22:59.900+0000] {taskinstance.py:341} INFO - ::group::Post task execution logs
[2025-03-17T01:22:59.901+0000] {taskinstance.py:353} INFO - Marking task as SUCCESS. dag_id=load_reviews_pipeline, task_id=dbt_run, run_id=scheduled__2025-02-17T00:00:00+00:00, execution_date=20250217T000000, start_date=20250317T012254, end_date=20250317T012259
[2025-03-17T01:22:59.947+0000] {logging_mixin.py:190} INFO - Task instance in success state
[2025-03-17T01:22:59.947+0000] {logging_mixin.py:190} INFO -  Previous state of the Task instance: running
[2025-03-17T01:22:59.948+0000] {logging_mixin.py:190} INFO - Dag name:load_reviews_pipeline queued_at:2025-03-17 01:17:47.426612+00:00
[2025-03-17T01:22:59.948+0000] {logging_mixin.py:190} INFO - Task hostname:DESKTOP-IM7V4RI. operator:BashOperator
[2025-03-17T01:22:59.961+0000] {local_task_job_runner.py:266} INFO - Task exited with return code 0
[2025-03-17T01:22:59.987+0000] {taskinstance.py:3901} INFO - 0 downstream tasks scheduled from follow-on schedule check
[2025-03-17T01:22:59.992+0000] {local_task_job_runner.py:245} INFO - ::endgroup::
