[2025-03-17T00:18:50.836+0000] {local_task_job_runner.py:123} INFO - ::group::Pre task execution logs
[2025-03-17T00:18:50.974+0000] {taskinstance.py:2614} INFO - Dependencies all met for dep_context=non-requeueable deps ti=<TaskInstance: load_reviews_pipeline.dbt_run scheduled__2024-04-28T00:00:00+00:00 [queued]>
[2025-03-17T00:18:51.010+0000] {taskinstance.py:2614} INFO - Dependencies all met for dep_context=requeueable deps ti=<TaskInstance: load_reviews_pipeline.dbt_run scheduled__2024-04-28T00:00:00+00:00 [queued]>
[2025-03-17T00:18:51.010+0000] {taskinstance.py:2867} INFO - Starting attempt 1 of 2
[2025-03-17T00:18:51.189+0000] {taskinstance.py:2890} INFO - Executing <Task(BashOperator): dbt_run> on 2024-04-28 00:00:00+00:00
[2025-03-17T00:18:51.203+0000] {standard_task_runner.py:72} INFO - Started process 253134 to run task
[2025-03-17T00:18:51.236+0000] {standard_task_runner.py:104} INFO - Running: ['airflow', 'tasks', 'run', 'load_reviews_pipeline', 'dbt_run', 'scheduled__2024-04-28T00:00:00+00:00', '--job-id', '193', '--raw', '--subdir', 'DAGS_FOLDER/dag_load_reviews.py', '--cfg-path', '/tmp/tmpzaog4r4m']
[2025-03-17T00:18:51.248+0000] {standard_task_runner.py:105} INFO - Job 193: Subtask dbt_run
[2025-03-17T00:18:51.782+0000] {task_command.py:467} INFO - Running <TaskInstance: load_reviews_pipeline.dbt_run scheduled__2024-04-28T00:00:00+00:00 [running]> on host DESKTOP-IM7V4RI.
[2025-03-17T00:18:52.506+0000] {taskinstance.py:3134} INFO - Exporting env vars: AIRFLOW_CTX_DAG_OWNER='mohammed' AIRFLOW_CTX_DAG_ID='load_reviews_pipeline' AIRFLOW_CTX_TASK_ID='dbt_run' AIRFLOW_CTX_EXECUTION_DATE='2024-04-28T00:00:00+00:00' AIRFLOW_CTX_TRY_NUMBER='1' AIRFLOW_CTX_DAG_RUN_ID='scheduled__2024-04-28T00:00:00+00:00'
[2025-03-17T00:18:52.522+0000] {logging_mixin.py:190} INFO - Task instance is in running state
[2025-03-17T00:18:52.525+0000] {logging_mixin.py:190} INFO -  Previous state of the Task instance: queued
[2025-03-17T00:18:52.526+0000] {logging_mixin.py:190} INFO - Current task name:dbt_run state:running start_date:2025-03-17 00:18:50.975574+00:00
[2025-03-17T00:18:52.527+0000] {logging_mixin.py:190} INFO - Dag name:load_reviews_pipeline and current dag run status:running
[2025-03-17T00:18:52.528+0000] {taskinstance.py:732} INFO - ::endgroup::
[2025-03-17T00:18:52.530+0000] {subprocess.py:78} INFO - Tmp dir root location: /tmp
[2025-03-17T00:18:52.532+0000] {subprocess.py:88} INFO - Running command: ['/usr/bin/bash', '-c', 'cd /home/mohammed/.dbt/bank_reviews_project && dbt run']
[2025-03-17T00:18:52.648+0000] {subprocess.py:99} INFO - Output:
[2025-03-17T00:19:05.316+0000] {subprocess.py:106} INFO - [0m00:19:05  Running with dbt=1.9.3
[2025-03-17T00:19:11.809+0000] {subprocess.py:106} INFO - [0m00:19:11  Registered adapter: postgres=1.9.0
[2025-03-17T00:19:14.197+0000] {subprocess.py:106} INFO - [0m00:19:14  Found 6 models, 4 data tests, 2 sources, 433 macros
[2025-03-17T00:19:14.205+0000] {subprocess.py:106} INFO - [0m00:19:14
[2025-03-17T00:19:14.208+0000] {subprocess.py:106} INFO - [0m00:19:14  Concurrency: 4 threads (target='dev')
[2025-03-17T00:19:14.211+0000] {subprocess.py:106} INFO - [0m00:19:14
[2025-03-17T00:19:15.213+0000] {subprocess.py:106} INFO - [0m00:19:15  1 of 6 START sql view model public.clean_reviews ............................... [RUN]
[2025-03-17T00:19:15.223+0000] {subprocess.py:106} INFO - [0m00:19:15  2 of 6 START sql table model public.my_first_dbt_model ......................... [RUN]
[2025-03-17T00:19:15.226+0000] {subprocess.py:106} INFO - [0m00:19:15  3 of 6 START sql view model public.remove_duplicates ........................... [RUN]
[2025-03-17T00:19:15.228+0000] {subprocess.py:106} INFO - [0m00:19:15  4 of 6 START sql view model public.stg_clean_reviews ........................... [RUN]
[2025-03-17T00:19:16.021+0000] {subprocess.py:106} INFO - [0m00:19:16  4 of 6 ERROR creating sql view model public.stg_clean_reviews .................. [[31mERROR[0m in 0.75s]
[2025-03-17T00:19:16.106+0000] {subprocess.py:106} INFO - [0m00:19:16  5 of 6 SKIP relation public.dwh_model .......................................... [[33mSKIP[0m]
[2025-03-17T00:19:16.506+0000] {subprocess.py:106} INFO - [0m00:19:16  1 of 6 ERROR creating sql view model public.clean_reviews ...................... [[31mERROR[0m in 1.26s]
[2025-03-17T00:19:16.584+0000] {subprocess.py:106} INFO - [0m00:19:16  2 of 6 OK created sql table model public.my_first_dbt_model .................... [[32mSELECT 2[0m in 1.33s]
[2025-03-17T00:19:16.595+0000] {subprocess.py:106} INFO - [0m00:19:16  6 of 6 START sql view model public.my_second_dbt_model ......................... [RUN]
[2025-03-17T00:19:16.669+0000] {subprocess.py:106} INFO - [0m00:19:16  3 of 6 OK created sql view model public.remove_duplicates ...................... [[32mCREATE VIEW[0m in 1.41s]
[2025-03-17T00:19:17.058+0000] {subprocess.py:106} INFO - [0m00:19:17  6 of 6 OK created sql view model public.my_second_dbt_model .................... [[32mCREATE VIEW[0m in 0.46s]
[2025-03-17T00:19:17.169+0000] {subprocess.py:106} INFO - [0m00:19:17
[2025-03-17T00:19:17.171+0000] {subprocess.py:106} INFO - [0m00:19:17  Finished running 1 table model, 5 view models in 0 hours 0 minutes and 2.94 seconds (2.94s).
[2025-03-17T00:19:17.341+0000] {subprocess.py:106} INFO - [0m00:19:17
[2025-03-17T00:19:17.343+0000] {subprocess.py:106} INFO - [0m00:19:17  [31mCompleted with 2 errors, 0 partial successes, and 0 warnings:[0m
[2025-03-17T00:19:17.345+0000] {subprocess.py:106} INFO - [0m00:19:17
[2025-03-17T00:19:17.347+0000] {subprocess.py:106} INFO - [0m00:19:17    Database Error in model stg_clean_reviews (models/stg_clean_reviews.sql)
[2025-03-17T00:19:17.348+0000] {subprocess.py:106} INFO -   syntax error at or near ";"
[2025-03-17T00:19:17.349+0000] {subprocess.py:106} INFO -   LINE 23: SELECT * FROM clean_data;
[2025-03-17T00:19:17.349+0000] {subprocess.py:106} INFO -                                    ^
[2025-03-17T00:19:17.350+0000] {subprocess.py:106} INFO -   compiled code at target/run/bank_reviews_project/models/stg_clean_reviews.sql
[2025-03-17T00:19:17.351+0000] {subprocess.py:106} INFO - [0m00:19:17
[2025-03-17T00:19:17.353+0000] {subprocess.py:106} INFO - [0m00:19:17    Database Error in model clean_reviews (models/clean_reviews.sql)
[2025-03-17T00:19:17.353+0000] {subprocess.py:106} INFO -   relation "clean_reviews__dbt_backup" already exists
[2025-03-17T00:19:17.354+0000] {subprocess.py:106} INFO -   compiled code at target/run/bank_reviews_project/models/clean_reviews.sql
[2025-03-17T00:19:17.356+0000] {subprocess.py:106} INFO - [0m00:19:17
[2025-03-17T00:19:17.361+0000] {subprocess.py:106} INFO - [0m00:19:17  Done. PASS=3 WARN=0 ERROR=2 SKIP=1 TOTAL=6
[2025-03-17T00:19:20.630+0000] {subprocess.py:110} INFO - Command exited with return code 1
[2025-03-17T00:19:20.693+0000] {taskinstance.py:3313} ERROR - Task failed with exception
Traceback (most recent call last):
  File "/home/mohammed/venv/lib/python3.11/site-packages/airflow/models/taskinstance.py", line 768, in _execute_task
    result = _execute_callable(context=context, **execute_callable_kwargs)
             ^^^^^^^^^^^^^^^^^^^^^^^^^^^^^^^^^^^^^^^^^^^^^^^^^^^^^^^^^^^^^
  File "/home/mohammed/venv/lib/python3.11/site-packages/airflow/models/taskinstance.py", line 734, in _execute_callable
    return ExecutionCallableRunner(
           ^^^^^^^^^^^^^^^^^^^^^^^^
  File "/home/mohammed/venv/lib/python3.11/site-packages/airflow/utils/operator_helpers.py", line 252, in run
    return self.func(*args, **kwargs)
           ^^^^^^^^^^^^^^^^^^^^^^^^^^
  File "/home/mohammed/venv/lib/python3.11/site-packages/airflow/models/baseoperator.py", line 424, in wrapper
    return func(self, *args, **kwargs)
           ^^^^^^^^^^^^^^^^^^^^^^^^^^^
  File "/home/mohammed/venv/lib/python3.11/site-packages/airflow/operators/bash.py", line 276, in execute
    raise AirflowException(
airflow.exceptions.AirflowException: Bash command failed. The command returned a non-zero exit code 1.
[2025-03-17T00:19:20.739+0000] {logging_mixin.py:190} INFO - Task instance in failure state
[2025-03-17T00:19:20.740+0000] {logging_mixin.py:190} INFO - Task start:2025-03-17 00:18:50.975574+00:00 end:2025-03-17 00:19:20.733261+00:00 duration:29.757687
[2025-03-17T00:19:20.742+0000] {logging_mixin.py:190} INFO - Task:<Task(BashOperator): dbt_run> dag:<DAG: load_reviews_pipeline> dagrun:<DagRun load_reviews_pipeline @ 2024-04-28 00:00:00+00:00: scheduled__2024-04-28T00:00:00+00:00, state:running, queued_at: 2025-03-17 00:18:45.402357+00:00. externally triggered: False>
[2025-03-17T00:19:20.742+0000] {logging_mixin.py:190} INFO - Failure caused by Bash command failed. The command returned a non-zero exit code 1.
[2025-03-17T00:19:20.743+0000] {taskinstance.py:1226} INFO - Marking task as UP_FOR_RETRY. dag_id=load_reviews_pipeline, task_id=dbt_run, run_id=scheduled__2024-04-28T00:00:00+00:00, execution_date=20240428T000000, start_date=20250317T001850, end_date=20250317T001920
[2025-03-17T00:19:20.986+0000] {taskinstance.py:341} INFO - ::group::Post task execution logs
[2025-03-17T00:19:20.988+0000] {standard_task_runner.py:124} ERROR - Failed to execute job 193 for task dbt_run (Bash command failed. The command returned a non-zero exit code 1.; 253134)
Traceback (most recent call last):
  File "/home/mohammed/venv/lib/python3.11/site-packages/airflow/task/task_runner/standard_task_runner.py", line 117, in _start_by_fork
    ret = args.func(args, dag=self.dag)
          ^^^^^^^^^^^^^^^^^^^^^^^^^^^^^
  File "/home/mohammed/venv/lib/python3.11/site-packages/airflow/cli/cli_config.py", line 49, in command
    return func(*args, **kwargs)
           ^^^^^^^^^^^^^^^^^^^^^
  File "/home/mohammed/venv/lib/python3.11/site-packages/airflow/utils/cli.py", line 116, in wrapper
    return f(*args, **kwargs)
           ^^^^^^^^^^^^^^^^^^
  File "/home/mohammed/venv/lib/python3.11/site-packages/airflow/cli/commands/task_command.py", line 483, in task_run
    task_return_code = _run_task_by_selected_method(args, _dag, ti)
                       ^^^^^^^^^^^^^^^^^^^^^^^^^^^^^^^^^^^^^^^^^^^^
  File "/home/mohammed/venv/lib/python3.11/site-packages/airflow/cli/commands/task_command.py", line 256, in _run_task_by_selected_method
    return _run_raw_task(args, ti)
           ^^^^^^^^^^^^^^^^^^^^^^^
  File "/home/mohammed/venv/lib/python3.11/site-packages/airflow/cli/commands/task_command.py", line 341, in _run_raw_task
    return ti._run_raw_task(
           ^^^^^^^^^^^^^^^^^
  File "/home/mohammed/venv/lib/python3.11/site-packages/airflow/utils/session.py", line 97, in wrapper
    return func(*args, session=session, **kwargs)
           ^^^^^^^^^^^^^^^^^^^^^^^^^^^^^^^^^^^^^^
  File "/home/mohammed/venv/lib/python3.11/site-packages/airflow/models/taskinstance.py", line 3006, in _run_raw_task
    return _run_raw_task(
           ^^^^^^^^^^^^^^
  File "/home/mohammed/venv/lib/python3.11/site-packages/airflow/models/taskinstance.py", line 274, in _run_raw_task
    TaskInstance._execute_task_with_callbacks(
  File "/home/mohammed/venv/lib/python3.11/site-packages/airflow/models/taskinstance.py", line 3161, in _execute_task_with_callbacks
    result = self._execute_task(context, task_orig)
             ^^^^^^^^^^^^^^^^^^^^^^^^^^^^^^^^^^^^^^
  File "/home/mohammed/venv/lib/python3.11/site-packages/airflow/models/taskinstance.py", line 3185, in _execute_task
    return _execute_task(self, context, task_orig)
           ^^^^^^^^^^^^^^^^^^^^^^^^^^^^^^^^^^^^^^^
  File "/home/mohammed/venv/lib/python3.11/site-packages/airflow/models/taskinstance.py", line 768, in _execute_task
    result = _execute_callable(context=context, **execute_callable_kwargs)
             ^^^^^^^^^^^^^^^^^^^^^^^^^^^^^^^^^^^^^^^^^^^^^^^^^^^^^^^^^^^^^
  File "/home/mohammed/venv/lib/python3.11/site-packages/airflow/models/taskinstance.py", line 734, in _execute_callable
    return ExecutionCallableRunner(
           ^^^^^^^^^^^^^^^^^^^^^^^^
  File "/home/mohammed/venv/lib/python3.11/site-packages/airflow/utils/operator_helpers.py", line 252, in run
    return self.func(*args, **kwargs)
           ^^^^^^^^^^^^^^^^^^^^^^^^^^
  File "/home/mohammed/venv/lib/python3.11/site-packages/airflow/models/baseoperator.py", line 424, in wrapper
    return func(self, *args, **kwargs)
           ^^^^^^^^^^^^^^^^^^^^^^^^^^^
  File "/home/mohammed/venv/lib/python3.11/site-packages/airflow/operators/bash.py", line 276, in execute
    raise AirflowException(
airflow.exceptions.AirflowException: Bash command failed. The command returned a non-zero exit code 1.
[2025-03-17T00:19:21.024+0000] {local_task_job_runner.py:266} INFO - Task exited with return code 1
[2025-03-17T00:19:21.085+0000] {taskinstance.py:3901} INFO - 0 downstream tasks scheduled from follow-on schedule check
[2025-03-17T00:19:21.093+0000] {local_task_job_runner.py:245} INFO - ::endgroup::
