[2025-03-28T02:35:16.449+0000] {local_task_job_runner.py:123} INFO - ::group::Pre task execution logs
[2025-03-28T02:35:16.757+0000] {taskinstance.py:2614} INFO - Dependencies all met for dep_context=non-requeueable deps ti=<TaskInstance: load_dbt_clean_reviews_pipeline.dbt_run_transactional scheduled__2024-11-04T00:00:00+00:00 [queued]>
[2025-03-28T02:35:16.893+0000] {taskinstance.py:2614} INFO - Dependencies all met for dep_context=requeueable deps ti=<TaskInstance: load_dbt_clean_reviews_pipeline.dbt_run_transactional scheduled__2024-11-04T00:00:00+00:00 [queued]>
[2025-03-28T02:35:16.894+0000] {taskinstance.py:2867} INFO - Starting attempt 1 of 2
[2025-03-28T02:35:17.078+0000] {taskinstance.py:2890} INFO - Executing <Task(BashOperator): dbt_run_transactional> on 2024-11-04 00:00:00+00:00
[2025-03-28T02:35:17.278+0000] {standard_task_runner.py:72} INFO - Started process 213359 to run task
[2025-03-28T02:35:17.347+0000] {standard_task_runner.py:104} INFO - Running: ['airflow', 'tasks', 'run', 'load_dbt_clean_reviews_pipeline', 'dbt_run_transactional', 'scheduled__2024-11-04T00:00:00+00:00', '--job-id', '2233', '--raw', '--subdir', 'DAGS_FOLDER/dag_load_reviews.py', '--cfg-path', '/tmp/tmpq3m_d1em']
[2025-03-28T02:35:17.350+0000] {standard_task_runner.py:105} INFO - Job 2233: Subtask dbt_run_transactional
[2025-03-28T02:35:18.104+0000] {task_command.py:467} INFO - Running <TaskInstance: load_dbt_clean_reviews_pipeline.dbt_run_transactional scheduled__2024-11-04T00:00:00+00:00 [running]> on host DESKTOP-IM7V4RI.
[2025-03-28T02:35:19.393+0000] {taskinstance.py:3134} INFO - Exporting env vars: AIRFLOW_CTX_DAG_OWNER='mohammed' AIRFLOW_CTX_DAG_ID='load_dbt_clean_reviews_pipeline' AIRFLOW_CTX_TASK_ID='dbt_run_transactional' AIRFLOW_CTX_EXECUTION_DATE='2024-11-04T00:00:00+00:00' AIRFLOW_CTX_TRY_NUMBER='1' AIRFLOW_CTX_DAG_RUN_ID='scheduled__2024-11-04T00:00:00+00:00'
[2025-03-28T02:35:19.399+0000] {logging_mixin.py:190} INFO - Task instance is in running state
[2025-03-28T02:35:19.399+0000] {logging_mixin.py:190} INFO -  Previous state of the Task instance: queued
[2025-03-28T02:35:19.402+0000] {logging_mixin.py:190} INFO - Current task name:dbt_run_transactional state:running start_date:2025-03-28 02:35:16.758974+00:00
[2025-03-28T02:35:19.405+0000] {logging_mixin.py:190} INFO - Dag name:load_dbt_clean_reviews_pipeline and current dag run status:running
[2025-03-28T02:35:19.435+0000] {taskinstance.py:732} INFO - ::endgroup::
[2025-03-28T02:35:19.437+0000] {subprocess.py:78} INFO - Tmp dir root location: /tmp
[2025-03-28T02:35:19.464+0000] {subprocess.py:88} INFO - Running command: ['/usr/bin/bash', '-c', 'cd /home/mohammed/.dbt/dbt_projects/bank_reviews_transactional && dbt run']
[2025-03-28T02:35:19.597+0000] {subprocess.py:99} INFO - Output:
[2025-03-28T02:35:49.945+0000] {subprocess.py:106} INFO - [0m02:35:49  Running with dbt=1.9.3
[2025-03-28T02:36:46.538+0000] {job.py:229} INFO - Heartbeat recovered after 54.71 seconds
[2025-03-28T02:36:46.721+0000] {subprocess.py:106} INFO - [0m02:36:46  Registered adapter: postgres=1.9.0
[2025-03-28T02:36:52.738+0000] {subprocess.py:106} INFO - [0m02:36:52  [[33mWARNING[0m]: Configuration paths exist in your dbt_project.yml file which do not apply to any resources.
[2025-03-28T02:36:52.740+0000] {subprocess.py:106} INFO - There are 1 unused configuration paths:
[2025-03-28T02:36:52.743+0000] {subprocess.py:106} INFO - - models.bank_reviews_transactional.transactional
[2025-03-28T02:36:53.282+0000] {subprocess.py:106} INFO - [0m02:36:53  Found 1 model, 1 source, 433 macros
[2025-03-28T02:36:53.292+0000] {subprocess.py:106} INFO - [0m02:36:53
[2025-03-28T02:36:53.294+0000] {subprocess.py:106} INFO - [0m02:36:53  Concurrency: 4 threads (target='dev')
[2025-03-28T02:36:53.295+0000] {subprocess.py:106} INFO - [0m02:36:53
[2025-03-28T02:36:53.845+0000] {subprocess.py:106} INFO - [0m02:36:53  1 of 1 START sql table model transactional.clean_reviews ....................... [RUN]
[2025-03-28T02:36:54.849+0000] {subprocess.py:106} INFO - [0m02:36:54  1 of 1 OK created sql table model transactional.clean_reviews .................. [[32mSELECT 281[0m in 1.00s]
[2025-03-28T02:36:54.921+0000] {subprocess.py:106} INFO - [0m02:36:54
[2025-03-28T02:36:54.922+0000] {subprocess.py:106} INFO - [0m02:36:54  Finished running 1 table model in 0 hours 0 minutes and 1.62 seconds (1.62s).
[2025-03-28T02:36:54.984+0000] {subprocess.py:106} INFO - [0m02:36:54
[2025-03-28T02:36:54.985+0000] {subprocess.py:106} INFO - [0m02:36:54  [32mCompleted successfully[0m
[2025-03-28T02:36:54.987+0000] {subprocess.py:106} INFO - [0m02:36:54
[2025-03-28T02:36:54.988+0000] {subprocess.py:106} INFO - [0m02:36:54  Done. PASS=1 WARN=0 ERROR=0 SKIP=0 TOTAL=1
[2025-03-28T02:36:56.197+0000] {subprocess.py:110} INFO - Command exited with return code 0
[2025-03-28T02:36:56.353+0000] {taskinstance.py:341} INFO - ::group::Post task execution logs
[2025-03-28T02:36:56.357+0000] {taskinstance.py:353} INFO - Marking task as SUCCESS. dag_id=load_dbt_clean_reviews_pipeline, task_id=dbt_run_transactional, run_id=scheduled__2024-11-04T00:00:00+00:00, execution_date=20241104T000000, start_date=20250328T023516, end_date=20250328T023656
[2025-03-28T02:36:56.497+0000] {logging_mixin.py:190} INFO - Task instance in success state
[2025-03-28T02:36:56.500+0000] {logging_mixin.py:190} INFO -  Previous state of the Task instance: running
[2025-03-28T02:36:56.504+0000] {logging_mixin.py:190} INFO - Dag name:load_dbt_clean_reviews_pipeline queued_at:2025-03-28 02:34:59.839710+00:00
[2025-03-28T02:36:56.506+0000] {logging_mixin.py:190} INFO - Task hostname:DESKTOP-IM7V4RI. operator:BashOperator
