[2025-03-28T13:38:09.058+0000] {local_task_job_runner.py:123} INFO - ::group::Pre task execution logs
[2025-03-28T13:38:09.283+0000] {taskinstance.py:2614} INFO - Dependencies all met for dep_context=non-requeueable deps ti=<TaskInstance: load_dbt_clean_reviews_pipeline.dbt_run_transactional scheduled__2025-01-30T00:00:00+00:00 [queued]>
[2025-03-28T13:38:09.303+0000] {taskinstance.py:2614} INFO - Dependencies all met for dep_context=requeueable deps ti=<TaskInstance: load_dbt_clean_reviews_pipeline.dbt_run_transactional scheduled__2025-01-30T00:00:00+00:00 [queued]>
[2025-03-28T13:38:09.304+0000] {taskinstance.py:2867} INFO - Starting attempt 1 of 2
[2025-03-28T13:38:10.059+0000] {taskinstance.py:2890} INFO - Executing <Task(BashOperator): dbt_run_transactional> on 2025-01-30 00:00:00+00:00
[2025-03-28T13:38:10.074+0000] {standard_task_runner.py:72} INFO - Started process 10716 to run task
[2025-03-28T13:38:10.249+0000] {standard_task_runner.py:104} INFO - Running: ['airflow', 'tasks', 'run', 'load_dbt_clean_reviews_pipeline', 'dbt_run_transactional', 'scheduled__2025-01-30T00:00:00+00:00', '--job-id', '2324', '--raw', '--subdir', 'DAGS_FOLDER/dag_load_reviews.py', '--cfg-path', '/tmp/tmpm1cg8opn']
[2025-03-28T13:38:10.252+0000] {standard_task_runner.py:105} INFO - Job 2324: Subtask dbt_run_transactional
[2025-03-28T13:38:11.114+0000] {task_command.py:467} INFO - Running <TaskInstance: load_dbt_clean_reviews_pipeline.dbt_run_transactional scheduled__2025-01-30T00:00:00+00:00 [running]> on host DESKTOP-IM7V4RI.
[2025-03-28T13:38:12.686+0000] {taskinstance.py:3134} INFO - Exporting env vars: AIRFLOW_CTX_DAG_OWNER='mohammed' AIRFLOW_CTX_DAG_ID='load_dbt_clean_reviews_pipeline' AIRFLOW_CTX_TASK_ID='dbt_run_transactional' AIRFLOW_CTX_EXECUTION_DATE='2025-01-30T00:00:00+00:00' AIRFLOW_CTX_TRY_NUMBER='1' AIRFLOW_CTX_DAG_RUN_ID='scheduled__2025-01-30T00:00:00+00:00'
[2025-03-28T13:38:12.718+0000] {logging_mixin.py:190} INFO - Task instance is in running state
[2025-03-28T13:38:12.719+0000] {logging_mixin.py:190} INFO -  Previous state of the Task instance: queued
[2025-03-28T13:38:12.721+0000] {logging_mixin.py:190} INFO - Current task name:dbt_run_transactional state:running start_date:2025-03-28 13:38:09.284148+00:00
[2025-03-28T13:38:12.733+0000] {logging_mixin.py:190} INFO - Dag name:load_dbt_clean_reviews_pipeline and current dag run status:running
[2025-03-28T13:38:12.744+0000] {taskinstance.py:732} INFO - ::endgroup::
[2025-03-28T13:38:12.747+0000] {subprocess.py:78} INFO - Tmp dir root location: /tmp
[2025-03-28T13:38:12.759+0000] {subprocess.py:88} INFO - Running command: ['/usr/bin/bash', '-c', 'cd /home/mohammed/.dbt/dbt_projects/bank_reviews_transactional && dbt run']
[2025-03-28T13:38:12.901+0000] {subprocess.py:99} INFO - Output:
[2025-03-28T13:38:34.132+0000] {subprocess.py:106} INFO - [0m13:38:34  Running with dbt=1.9.3
[2025-03-28T13:38:36.589+0000] {subprocess.py:106} INFO - [0m13:38:36  Registered adapter: postgres=1.9.0
[2025-03-28T13:38:38.407+0000] {subprocess.py:106} INFO - [0m13:38:38  [[33mWARNING[0m]: Configuration paths exist in your dbt_project.yml file which do not apply to any resources.
[2025-03-28T13:38:38.408+0000] {subprocess.py:106} INFO - There are 1 unused configuration paths:
[2025-03-28T13:38:38.408+0000] {subprocess.py:106} INFO - - models.bank_reviews_transactional.transactional
[2025-03-28T13:38:39.545+0000] {subprocess.py:106} INFO - [0m13:38:39  Found 1 model, 1 source, 433 macros
[2025-03-28T13:38:39.575+0000] {subprocess.py:106} INFO - [0m13:38:39
[2025-03-28T13:38:39.577+0000] {subprocess.py:106} INFO - [0m13:38:39  Concurrency: 4 threads (target='dev')
[2025-03-28T13:38:39.595+0000] {subprocess.py:106} INFO - [0m13:38:39
[2025-03-28T13:38:40.954+0000] {subprocess.py:106} INFO - [0m13:38:40  1 of 1 START sql table model transactional.clean_reviews ....................... [RUN]
[2025-03-28T13:38:45.025+0000] {subprocess.py:106} INFO - [0m13:38:45  1 of 1 OK created sql table model transactional.clean_reviews .................. [[32mSELECT 281[0m in 4.04s]
[2025-03-28T13:38:45.399+0000] {subprocess.py:106} INFO - [0m13:38:45
[2025-03-28T13:38:45.428+0000] {subprocess.py:106} INFO - [0m13:38:45  Finished running 1 table model in 0 hours 0 minutes and 5.80 seconds (5.80s).
[2025-03-28T13:38:45.767+0000] {subprocess.py:106} INFO - [0m13:38:45
[2025-03-28T13:38:45.773+0000] {subprocess.py:106} INFO - [0m13:38:45  [32mCompleted successfully[0m
[2025-03-28T13:38:45.788+0000] {subprocess.py:106} INFO - [0m13:38:45
[2025-03-28T13:38:45.818+0000] {subprocess.py:106} INFO - [0m13:38:45  Done. PASS=1 WARN=0 ERROR=0 SKIP=0 TOTAL=1
[2025-03-28T13:38:48.822+0000] {subprocess.py:110} INFO - Command exited with return code 0
[2025-03-28T13:38:49.544+0000] {taskinstance.py:341} INFO - ::group::Post task execution logs
[2025-03-28T13:38:49.570+0000] {taskinstance.py:353} INFO - Marking task as SUCCESS. dag_id=load_dbt_clean_reviews_pipeline, task_id=dbt_run_transactional, run_id=scheduled__2025-01-30T00:00:00+00:00, execution_date=20250130T000000, start_date=20250328T133809, end_date=20250328T133849
[2025-03-28T13:38:50.077+0000] {logging_mixin.py:190} INFO - Task instance in success state
[2025-03-28T13:38:50.081+0000] {logging_mixin.py:190} INFO -  Previous state of the Task instance: running
[2025-03-28T13:38:50.082+0000] {logging_mixin.py:190} INFO - Dag name:load_dbt_clean_reviews_pipeline queued_at:2025-03-28 13:38:01.917706+00:00
[2025-03-28T13:38:50.083+0000] {logging_mixin.py:190} INFO - Task hostname:DESKTOP-IM7V4RI. operator:BashOperator
[2025-03-28T13:38:50.464+0000] {local_task_job_runner.py:266} INFO - Task exited with return code 0
[2025-03-28T13:38:50.659+0000] {local_task_job_runner.py:245} INFO - ::endgroup::
