[2025-03-17T01:16:18.983+0000] {local_task_job_runner.py:123} INFO - ::group::Pre task execution logs
[2025-03-17T01:16:19.026+0000] {taskinstance.py:2614} INFO - Dependencies all met for dep_context=non-requeueable deps ti=<TaskInstance: load_reviews_pipeline.dbt_run scheduled__2025-01-31T00:00:00+00:00 [queued]>
[2025-03-17T01:16:19.041+0000] {taskinstance.py:2614} INFO - Dependencies all met for dep_context=requeueable deps ti=<TaskInstance: load_reviews_pipeline.dbt_run scheduled__2025-01-31T00:00:00+00:00 [queued]>
[2025-03-17T01:16:19.041+0000] {taskinstance.py:2867} INFO - Starting attempt 1 of 2
[2025-03-17T01:16:19.070+0000] {taskinstance.py:2890} INFO - Executing <Task(BashOperator): dbt_run> on 2025-01-31 00:00:00+00:00
[2025-03-17T01:16:19.081+0000] {standard_task_runner.py:72} INFO - Started process 325082 to run task
[2025-03-17T01:16:19.089+0000] {standard_task_runner.py:104} INFO - Running: ['airflow', 'tasks', 'run', 'load_reviews_pipeline', 'dbt_run', 'scheduled__2025-01-31T00:00:00+00:00', '--job-id', '601', '--raw', '--subdir', 'DAGS_FOLDER/dag_load_reviews.py', '--cfg-path', '/tmp/tmp5t8ur5bm']
[2025-03-17T01:16:19.090+0000] {standard_task_runner.py:105} INFO - Job 601: Subtask dbt_run
[2025-03-17T01:16:19.216+0000] {task_command.py:467} INFO - Running <TaskInstance: load_reviews_pipeline.dbt_run scheduled__2025-01-31T00:00:00+00:00 [running]> on host DESKTOP-IM7V4RI.
[2025-03-17T01:16:19.367+0000] {taskinstance.py:3134} INFO - Exporting env vars: AIRFLOW_CTX_DAG_OWNER='mohammed' AIRFLOW_CTX_DAG_ID='load_reviews_pipeline' AIRFLOW_CTX_TASK_ID='dbt_run' AIRFLOW_CTX_EXECUTION_DATE='2025-01-31T00:00:00+00:00' AIRFLOW_CTX_TRY_NUMBER='1' AIRFLOW_CTX_DAG_RUN_ID='scheduled__2025-01-31T00:00:00+00:00'
[2025-03-17T01:16:19.368+0000] {logging_mixin.py:190} INFO - Task instance is in running state
[2025-03-17T01:16:19.368+0000] {logging_mixin.py:190} INFO -  Previous state of the Task instance: queued
[2025-03-17T01:16:19.369+0000] {logging_mixin.py:190} INFO - Current task name:dbt_run state:running start_date:2025-03-17 01:16:19.027027+00:00
[2025-03-17T01:16:19.369+0000] {logging_mixin.py:190} INFO - Dag name:load_reviews_pipeline and current dag run status:running
[2025-03-17T01:16:19.369+0000] {taskinstance.py:732} INFO - ::endgroup::
[2025-03-17T01:16:19.370+0000] {subprocess.py:78} INFO - Tmp dir root location: /tmp
[2025-03-17T01:16:19.371+0000] {subprocess.py:88} INFO - Running command: ['/usr/bin/bash', '-c', 'cd /home/mohammed/.dbt/bank_reviews_project && dbt run']
[2025-03-17T01:16:19.381+0000] {subprocess.py:99} INFO - Output:
[2025-03-17T01:16:21.047+0000] {subprocess.py:106} INFO - [0m01:16:21  Running with dbt=1.9.3
[2025-03-17T01:16:21.336+0000] {subprocess.py:106} INFO - [0m01:16:21  Registered adapter: postgres=1.9.0
[2025-03-17T01:16:20.998+0000] {subprocess.py:106} INFO - [0m01:16:20  Found 10 models, 4 data tests, 2 sources, 433 macros
[2025-03-17T01:16:21.001+0000] {subprocess.py:106} INFO - [0m01:16:21
[2025-03-17T01:16:21.002+0000] {subprocess.py:106} INFO - [0m01:16:21  Concurrency: 4 threads (target='dev')
[2025-03-17T01:16:21.002+0000] {subprocess.py:106} INFO - [0m01:16:21
[2025-03-17T01:16:21.133+0000] {subprocess.py:106} INFO - [0m01:16:21  1 of 10 START sql view model public.clean_reviews .............................. [RUN]
[2025-03-17T01:16:21.134+0000] {subprocess.py:106} INFO - [0m01:16:21  2 of 10 START sql table model public.my_first_dbt_model ........................ [RUN]
[2025-03-17T01:16:21.137+0000] {subprocess.py:106} INFO - [0m01:16:21  3 of 10 START sql view model public.remove_duplicates .......................... [RUN]
[2025-03-17T01:16:21.139+0000] {subprocess.py:106} INFO - [0m01:16:21  4 of 10 START sql view model public.stg_clean_reviews .......................... [RUN]
[2025-03-17T01:16:21.436+0000] {subprocess.py:106} INFO - [0m01:16:21  3 of 10 OK created sql view model public.remove_duplicates ..................... [[32mCREATE VIEW[0m in 0.29s]
[2025-03-17T01:16:21.442+0000] {subprocess.py:106} INFO - [0m01:16:21  2 of 10 OK created sql table model public.my_first_dbt_model ................... [[32mSELECT 2[0m in 0.31s]
[2025-03-17T01:16:21.445+0000] {subprocess.py:106} INFO - [0m01:16:21  5 of 10 START sql view model public.my_second_dbt_model ........................ [RUN]
[2025-03-17T01:16:21.456+0000] {subprocess.py:106} INFO - [0m01:16:21  4 of 10 OK created sql view model public.stg_clean_reviews ..................... [[32mCREATE VIEW[0m in 0.30s]
[2025-03-17T01:16:21.464+0000] {subprocess.py:106} INFO - [0m01:16:21  1 of 10 OK created sql view model public.clean_reviews ......................... [[32mCREATE VIEW[0m in 0.32s]
[2025-03-17T01:16:21.469+0000] {subprocess.py:106} INFO - [0m01:16:21  6 of 10 START sql view model public.dim_bank ................................... [RUN]
[2025-03-17T01:16:21.474+0000] {subprocess.py:106} INFO - [0m01:16:21  7 of 10 START sql view model public.dim_branch ................................. [RUN]
[2025-03-17T01:16:21.476+0000] {subprocess.py:106} INFO - [0m01:16:21  8 of 10 START sql view model public.dim_location ............................... [RUN]
[2025-03-17T01:16:21.541+0000] {subprocess.py:106} INFO - [0m01:16:21  5 of 10 OK created sql view model public.my_second_dbt_model ................... [[32mCREATE VIEW[0m in 0.09s]
[2025-03-17T01:16:21.543+0000] {subprocess.py:106} INFO - [0m01:16:21  9 of 10 START sql view model public.dim_sentiment .............................. [RUN]
[2025-03-17T01:16:21.578+0000] {subprocess.py:106} INFO - [0m01:16:21  6 of 10 OK created sql view model public.dim_bank .............................. [[32mCREATE VIEW[0m in 0.11s]
[2025-03-17T01:16:21.597+0000] {subprocess.py:106} INFO - [0m01:16:21  7 of 10 OK created sql view model public.dim_branch ............................ [[32mCREATE VIEW[0m in 0.12s]
[2025-03-17T01:16:21.599+0000] {subprocess.py:106} INFO - [0m01:16:21  8 of 10 OK created sql view model public.dim_location .......................... [[32mCREATE VIEW[0m in 0.12s]
[2025-03-17T01:16:21.622+0000] {subprocess.py:106} INFO - [0m01:16:21  9 of 10 OK created sql view model public.dim_sentiment ......................... [[32mCREATE VIEW[0m in 0.08s]
[2025-03-17T01:16:21.625+0000] {subprocess.py:106} INFO - [0m01:16:21  10 of 10 START sql view model public.fact_reviews .............................. [RUN]
[2025-03-17T01:16:21.668+0000] {subprocess.py:106} INFO - [0m01:16:21  10 of 10 OK created sql view model public.fact_reviews ......................... [[32mCREATE VIEW[0m in 0.04s]
[2025-03-17T01:16:21.687+0000] {subprocess.py:106} INFO - [0m01:16:21
[2025-03-17T01:16:21.688+0000] {subprocess.py:106} INFO - [0m01:16:21  Finished running 1 table model, 9 view models in 0 hours 0 minutes and 0.68 seconds (0.68s).
[2025-03-17T01:16:21.719+0000] {subprocess.py:106} INFO - [0m01:16:21
[2025-03-17T01:16:21.720+0000] {subprocess.py:106} INFO - [0m01:16:21  [32mCompleted successfully[0m
[2025-03-17T01:16:21.720+0000] {subprocess.py:106} INFO - [0m01:16:21
[2025-03-17T01:16:21.720+0000] {subprocess.py:106} INFO - [0m01:16:21  Done. PASS=10 WARN=0 ERROR=0 SKIP=0 TOTAL=10
[2025-03-17T01:16:24.986+0000] {subprocess.py:110} INFO - Command exited with return code 0
[2025-03-17T01:16:25.066+0000] {taskinstance.py:341} INFO - ::group::Post task execution logs
[2025-03-17T01:16:25.067+0000] {taskinstance.py:353} INFO - Marking task as SUCCESS. dag_id=load_reviews_pipeline, task_id=dbt_run, run_id=scheduled__2025-01-31T00:00:00+00:00, execution_date=20250131T000000, start_date=20250317T011619, end_date=20250317T011625
[2025-03-17T01:16:25.144+0000] {logging_mixin.py:190} INFO - Task instance in success state
[2025-03-17T01:16:25.145+0000] {logging_mixin.py:190} INFO -  Previous state of the Task instance: running
[2025-03-17T01:16:25.145+0000] {logging_mixin.py:190} INFO - Dag name:load_reviews_pipeline queued_at:2025-03-17 01:16:17.641981+00:00
[2025-03-17T01:16:25.146+0000] {logging_mixin.py:190} INFO - Task hostname:DESKTOP-IM7V4RI. operator:BashOperator
[2025-03-17T01:16:25.186+0000] {local_task_job_runner.py:266} INFO - Task exited with return code 0
[2025-03-17T01:16:25.208+0000] {taskinstance.py:3901} INFO - 0 downstream tasks scheduled from follow-on schedule check
[2025-03-17T01:16:25.215+0000] {local_task_job_runner.py:245} INFO - ::endgroup::
