[2025-03-28T13:39:58.878+0000] {local_task_job_runner.py:123} INFO - ::group::Pre task execution logs
[2025-03-28T13:39:59.000+0000] {taskinstance.py:2614} INFO - Dependencies all met for dep_context=non-requeueable deps ti=<TaskInstance: load_dbt_clean_reviews_pipeline.dbt_run_transactional scheduled__2024-12-12T00:00:00+00:00 [queued]>
[2025-03-28T13:39:59.038+0000] {taskinstance.py:2614} INFO - Dependencies all met for dep_context=requeueable deps ti=<TaskInstance: load_dbt_clean_reviews_pipeline.dbt_run_transactional scheduled__2024-12-12T00:00:00+00:00 [queued]>
[2025-03-28T13:39:59.039+0000] {taskinstance.py:2867} INFO - Starting attempt 2 of 2
[2025-03-28T13:39:59.130+0000] {taskinstance.py:2890} INFO - Executing <Task(BashOperator): dbt_run_transactional> on 2024-12-12 00:00:00+00:00
[2025-03-28T13:39:59.167+0000] {standard_task_runner.py:72} INFO - Started process 16405 to run task
[2025-03-28T13:39:59.228+0000] {standard_task_runner.py:104} INFO - Running: ['airflow', 'tasks', 'run', 'load_dbt_clean_reviews_pipeline', 'dbt_run_transactional', 'scheduled__2024-12-12T00:00:00+00:00', '--job-id', '2341', '--raw', '--subdir', 'DAGS_FOLDER/dag_load_reviews.py', '--cfg-path', '/tmp/tmpk3ebjqd1']
[2025-03-28T13:39:59.240+0000] {standard_task_runner.py:105} INFO - Job 2341: Subtask dbt_run_transactional
[2025-03-28T13:40:00.550+0000] {task_command.py:467} INFO - Running <TaskInstance: load_dbt_clean_reviews_pipeline.dbt_run_transactional scheduled__2024-12-12T00:00:00+00:00 [running]> on host DESKTOP-IM7V4RI.
[2025-03-28T13:40:02.925+0000] {taskinstance.py:3134} INFO - Exporting env vars: AIRFLOW_CTX_DAG_OWNER='mohammed' AIRFLOW_CTX_DAG_ID='load_dbt_clean_reviews_pipeline' AIRFLOW_CTX_TASK_ID='dbt_run_transactional' AIRFLOW_CTX_EXECUTION_DATE='2024-12-12T00:00:00+00:00' AIRFLOW_CTX_TRY_NUMBER='2' AIRFLOW_CTX_DAG_RUN_ID='scheduled__2024-12-12T00:00:00+00:00'
[2025-03-28T13:40:02.941+0000] {logging_mixin.py:190} INFO - Task instance is in running state
[2025-03-28T13:40:02.941+0000] {logging_mixin.py:190} INFO -  Previous state of the Task instance: queued
[2025-03-28T13:40:02.942+0000] {logging_mixin.py:190} INFO - Current task name:dbt_run_transactional state:running start_date:2025-03-28 13:39:59.001408+00:00
[2025-03-28T13:40:02.943+0000] {logging_mixin.py:190} INFO - Dag name:load_dbt_clean_reviews_pipeline and current dag run status:running
[2025-03-28T13:40:02.944+0000] {taskinstance.py:732} INFO - ::endgroup::
[2025-03-28T13:40:02.946+0000] {subprocess.py:78} INFO - Tmp dir root location: /tmp
[2025-03-28T13:40:02.970+0000] {subprocess.py:88} INFO - Running command: ['/usr/bin/bash', '-c', 'cd /home/mohammed/.dbt/dbt_projects/bank_reviews_transactional && dbt run']
[2025-03-28T13:40:03.090+0000] {subprocess.py:99} INFO - Output:
[2025-03-28T13:40:21.029+0000] {subprocess.py:106} INFO - [0m13:40:21  Running with dbt=1.9.3
[2025-03-28T13:40:22.483+0000] {subprocess.py:106} INFO - [0m13:40:22  Registered adapter: postgres=1.9.0
[2025-03-28T13:40:26.095+0000] {subprocess.py:106} INFO - [0m13:40:26  [[33mWARNING[0m]: Configuration paths exist in your dbt_project.yml file which do not apply to any resources.
[2025-03-28T13:40:26.096+0000] {subprocess.py:106} INFO - There are 1 unused configuration paths:
[2025-03-28T13:40:26.097+0000] {subprocess.py:106} INFO - - models.bank_reviews_transactional.transactional
[2025-03-28T13:40:26.744+0000] {subprocess.py:106} INFO - [0m13:40:26  Found 1 model, 1 source, 433 macros
[2025-03-28T13:40:26.762+0000] {subprocess.py:106} INFO - [0m13:40:26
[2025-03-28T13:40:26.765+0000] {subprocess.py:106} INFO - [0m13:40:26  Concurrency: 4 threads (target='dev')
[2025-03-28T13:40:26.768+0000] {subprocess.py:106} INFO - [0m13:40:26
[2025-03-28T13:40:27.690+0000] {subprocess.py:106} INFO - [0m13:40:27  1 of 1 START sql table model transactional.clean_reviews ....................... [RUN]
[2025-03-28T13:40:29.789+0000] {subprocess.py:106} INFO - [0m13:40:29  1 of 1 OK created sql table model transactional.clean_reviews .................. [[32mSELECT 281[0m in 2.06s]
[2025-03-28T13:40:29.925+0000] {subprocess.py:106} INFO - [0m13:40:29
[2025-03-28T13:40:29.928+0000] {subprocess.py:106} INFO - [0m13:40:29  Finished running 1 table model in 0 hours 0 minutes and 3.15 seconds (3.15s).
[2025-03-28T13:40:30.192+0000] {subprocess.py:106} INFO - [0m13:40:30
[2025-03-28T13:40:30.195+0000] {subprocess.py:106} INFO - [0m13:40:30  [32mCompleted successfully[0m
[2025-03-28T13:40:30.198+0000] {subprocess.py:106} INFO - [0m13:40:30
[2025-03-28T13:40:30.204+0000] {subprocess.py:106} INFO - [0m13:40:30  Done. PASS=1 WARN=0 ERROR=0 SKIP=0 TOTAL=1
[2025-03-28T13:40:32.849+0000] {subprocess.py:110} INFO - Command exited with return code 0
[2025-03-28T13:40:33.179+0000] {taskinstance.py:341} INFO - ::group::Post task execution logs
[2025-03-28T13:40:33.181+0000] {taskinstance.py:353} INFO - Marking task as SUCCESS. dag_id=load_dbt_clean_reviews_pipeline, task_id=dbt_run_transactional, run_id=scheduled__2024-12-12T00:00:00+00:00, execution_date=20241212T000000, start_date=20250328T133959, end_date=20250328T134033
[2025-03-28T13:40:33.729+0000] {logging_mixin.py:190} INFO - Task instance in success state
[2025-03-28T13:40:33.729+0000] {logging_mixin.py:190} INFO -  Previous state of the Task instance: running
[2025-03-28T13:40:33.730+0000] {logging_mixin.py:190} INFO - Dag name:load_dbt_clean_reviews_pipeline queued_at:2025-03-28 13:33:48.571627+00:00
[2025-03-28T13:40:33.731+0000] {logging_mixin.py:190} INFO - Task hostname:DESKTOP-IM7V4RI. operator:BashOperator
[2025-03-28T13:40:33.779+0000] {local_task_job_runner.py:266} INFO - Task exited with return code 0
[2025-03-28T13:40:33.959+0000] {taskinstance.py:3901} INFO - 0 downstream tasks scheduled from follow-on schedule check
[2025-03-28T13:40:33.996+0000] {local_task_job_runner.py:245} INFO - ::endgroup::
