[2025-03-17T00:45:37.106+0000] {local_task_job_runner.py:123} INFO - ::group::Pre task execution logs
[2025-03-17T00:45:37.156+0000] {taskinstance.py:2614} INFO - Dependencies all met for dep_context=non-requeueable deps ti=<TaskInstance: load_reviews_pipeline.dbt_run scheduled__2024-06-13T00:00:00+00:00 [queued]>
[2025-03-17T00:45:37.173+0000] {taskinstance.py:2614} INFO - Dependencies all met for dep_context=requeueable deps ti=<TaskInstance: load_reviews_pipeline.dbt_run scheduled__2024-06-13T00:00:00+00:00 [queued]>
[2025-03-17T00:45:37.173+0000] {taskinstance.py:2867} INFO - Starting attempt 2 of 2
[2025-03-17T00:45:37.212+0000] {taskinstance.py:2890} INFO - Executing <Task(BashOperator): dbt_run> on 2024-06-13 00:00:00+00:00
[2025-03-17T00:45:37.223+0000] {standard_task_runner.py:72} INFO - Started process 280993 to run task
[2025-03-17T00:45:37.230+0000] {standard_task_runner.py:104} INFO - Running: ['airflow', 'tasks', 'run', 'load_reviews_pipeline', 'dbt_run', 'scheduled__2024-06-13T00:00:00+00:00', '--job-id', '330', '--raw', '--subdir', 'DAGS_FOLDER/dag_load_reviews.py', '--cfg-path', '/tmp/tmp6kd9obek']
[2025-03-17T00:45:37.232+0000] {standard_task_runner.py:105} INFO - Job 330: Subtask dbt_run
[2025-03-17T00:45:37.416+0000] {task_command.py:467} INFO - Running <TaskInstance: load_reviews_pipeline.dbt_run scheduled__2024-06-13T00:00:00+00:00 [running]> on host DESKTOP-IM7V4RI.
[2025-03-17T00:45:37.678+0000] {taskinstance.py:3134} INFO - Exporting env vars: AIRFLOW_CTX_DAG_OWNER='mohammed' AIRFLOW_CTX_DAG_ID='load_reviews_pipeline' AIRFLOW_CTX_TASK_ID='dbt_run' AIRFLOW_CTX_EXECUTION_DATE='2024-06-13T00:00:00+00:00' AIRFLOW_CTX_TRY_NUMBER='2' AIRFLOW_CTX_DAG_RUN_ID='scheduled__2024-06-13T00:00:00+00:00'
[2025-03-17T00:45:37.680+0000] {logging_mixin.py:190} INFO - Task instance is in running state
[2025-03-17T00:45:37.681+0000] {logging_mixin.py:190} INFO -  Previous state of the Task instance: queued
[2025-03-17T00:45:37.681+0000] {logging_mixin.py:190} INFO - Current task name:dbt_run state:running start_date:2025-03-17 00:45:37.157473+00:00
[2025-03-17T00:45:37.682+0000] {logging_mixin.py:190} INFO - Dag name:load_reviews_pipeline and current dag run status:running
[2025-03-17T00:45:37.682+0000] {taskinstance.py:732} INFO - ::endgroup::
[2025-03-17T00:45:37.684+0000] {subprocess.py:78} INFO - Tmp dir root location: /tmp
[2025-03-17T00:45:37.686+0000] {subprocess.py:88} INFO - Running command: ['/usr/bin/bash', '-c', 'cd /home/mohammed/.dbt/bank_reviews_project && dbt run']
[2025-03-17T00:45:37.703+0000] {subprocess.py:99} INFO - Output:
[2025-03-17T00:45:41.303+0000] {subprocess.py:106} INFO - [0m00:45:41  Running with dbt=1.9.3
[2025-03-17T00:45:41.808+0000] {subprocess.py:106} INFO - [0m00:45:41  Registered adapter: postgres=1.9.0
[2025-03-17T00:45:42.708+0000] {subprocess.py:106} INFO - [0m00:45:42  Found 6 models, 4 data tests, 2 sources, 433 macros
[2025-03-17T00:45:42.715+0000] {subprocess.py:106} INFO - [0m00:45:42
[2025-03-17T00:45:42.717+0000] {subprocess.py:106} INFO - [0m00:45:42  Concurrency: 4 threads (target='dev')
[2025-03-17T00:45:42.718+0000] {subprocess.py:106} INFO - [0m00:45:42
[2025-03-17T00:45:43.049+0000] {subprocess.py:106} INFO - [0m00:45:43  1 of 6 START sql view model public.clean_reviews ............................... [RUN]
[2025-03-17T00:45:43.054+0000] {subprocess.py:106} INFO - [0m00:45:43  2 of 6 START sql table model public.my_first_dbt_model ......................... [RUN]
[2025-03-17T00:45:43.056+0000] {subprocess.py:106} INFO - [0m00:45:43  3 of 6 START sql view model public.remove_duplicates ........................... [RUN]
[2025-03-17T00:45:43.058+0000] {subprocess.py:106} INFO - [0m00:45:43  4 of 6 START sql view model public.stg_clean_reviews ........................... [RUN]
[2025-03-17T00:45:43.942+0000] {subprocess.py:106} INFO - [0m00:45:43  4 of 6 OK created sql view model public.stg_clean_reviews ...................... [[32mCREATE VIEW[0m in 0.86s]
[2025-03-17T00:45:43.957+0000] {subprocess.py:106} INFO - [0m00:45:43  1 of 6 OK created sql view model public.clean_reviews .......................... [[32mCREATE VIEW[0m in 0.87s]
[2025-03-17T00:45:43.964+0000] {subprocess.py:106} INFO - [0m00:45:43  3 of 6 OK created sql view model public.remove_duplicates ...................... [[32mCREATE VIEW[0m in 0.88s]
[2025-03-17T00:45:43.979+0000] {subprocess.py:106} INFO - [0m00:45:43  5 of 6 START sql view model public.dwh_model ................................... [RUN]
[2025-03-17T00:45:43.983+0000] {subprocess.py:106} INFO - [0m00:45:43  2 of 6 OK created sql table model public.my_first_dbt_model .................... [[32mSELECT 2[0m in 0.91s]
[2025-03-17T00:45:44.003+0000] {subprocess.py:106} INFO - [0m00:45:44  6 of 6 START sql view model public.my_second_dbt_model ......................... [RUN]
[2025-03-17T00:45:44.178+0000] {subprocess.py:106} INFO - [0m00:45:44  5 of 6 OK created sql view model public.dwh_model .............................. [[32mCREATE VIEW[0m in 0.19s]
[2025-03-17T00:45:44.187+0000] {subprocess.py:106} INFO - [0m00:45:44  6 of 6 OK created sql view model public.my_second_dbt_model .................... [[32mCREATE VIEW[0m in 0.18s]
[2025-03-17T00:45:44.225+0000] {subprocess.py:106} INFO - [0m00:45:44
[2025-03-17T00:45:44.226+0000] {subprocess.py:106} INFO - [0m00:45:44  Finished running 1 table model, 5 view models in 0 hours 0 minutes and 1.51 seconds (1.51s).
[2025-03-17T00:45:44.284+0000] {subprocess.py:106} INFO - [0m00:45:44
[2025-03-17T00:45:44.285+0000] {subprocess.py:106} INFO - [0m00:45:44  [32mCompleted successfully[0m
[2025-03-17T00:45:44.285+0000] {subprocess.py:106} INFO - [0m00:45:44
[2025-03-17T00:45:44.286+0000] {subprocess.py:106} INFO - [0m00:45:44  Done. PASS=6 WARN=0 ERROR=0 SKIP=0 TOTAL=6
[2025-03-17T00:45:46.305+0000] {subprocess.py:110} INFO - Command exited with return code 0
[2025-03-17T00:45:46.404+0000] {taskinstance.py:341} INFO - ::group::Post task execution logs
[2025-03-17T00:45:46.405+0000] {taskinstance.py:353} INFO - Marking task as SUCCESS. dag_id=load_reviews_pipeline, task_id=dbt_run, run_id=scheduled__2024-06-13T00:00:00+00:00, execution_date=20240613T000000, start_date=20250317T004537, end_date=20250317T004546
[2025-03-17T00:45:46.528+0000] {logging_mixin.py:190} INFO - Task instance in success state
[2025-03-17T00:45:46.528+0000] {logging_mixin.py:190} INFO -  Previous state of the Task instance: running
[2025-03-17T00:45:46.529+0000] {logging_mixin.py:190} INFO - Dag name:load_reviews_pipeline queued_at:2025-03-17 00:40:17.811645+00:00
[2025-03-17T00:45:46.529+0000] {logging_mixin.py:190} INFO - Task hostname:DESKTOP-IM7V4RI. operator:BashOperator
[2025-03-17T00:45:46.578+0000] {local_task_job_runner.py:266} INFO - Task exited with return code 0
[2025-03-17T00:45:46.668+0000] {taskinstance.py:3901} INFO - 0 downstream tasks scheduled from follow-on schedule check
[2025-03-17T00:45:46.673+0000] {local_task_job_runner.py:245} INFO - ::endgroup::
