[2025-02-24T16:45:54.491+0000] {local_task_job_runner.py:123} INFO - ::group::Pre task execution logs
[2025-02-24T16:45:54.570+0000] {taskinstance.py:2614} INFO - Dependencies all met for dep_context=non-requeueable deps ti=<TaskInstance: tutorial.sleep manual__2025-02-20T21:41:57.068904+00:00 [queued]>
[2025-02-24T16:45:54.603+0000] {taskinstance.py:2614} INFO - Dependencies all met for dep_context=requeueable deps ti=<TaskInstance: tutorial.sleep manual__2025-02-20T21:41:57.068904+00:00 [queued]>
[2025-02-24T16:45:54.604+0000] {taskinstance.py:2867} INFO - Starting attempt 1 of 4
[2025-02-24T16:45:54.672+0000] {taskinstance.py:2890} INFO - Executing <Task(BashOperator): sleep> on 2025-02-20 21:41:57.068904+00:00
[2025-02-24T16:45:54.693+0000] {standard_task_runner.py:72} INFO - Started process 857 to run task
[2025-02-24T16:45:54.703+0000] {standard_task_runner.py:104} INFO - Running: ['airflow', 'tasks', 'run', 'tutorial', 'sleep', 'manual__2025-02-20T21:41:57.068904+00:00', '--job-id', '21', '--raw', '--subdir', 'DAGS_FOLDER/dag.py', '--cfg-path', '/tmp/tmpk541hw5u']
[2025-02-24T16:45:54.705+0000] {standard_task_runner.py:105} INFO - Job 21: Subtask sleep
[2025-02-24T16:45:54.821+0000] {task_command.py:467} INFO - Running <TaskInstance: tutorial.sleep manual__2025-02-20T21:41:57.068904+00:00 [running]> on host DESKTOP-IM7V4RI.
[2025-02-24T16:45:54.987+0000] {taskinstance.py:3134} INFO - Exporting env vars: AIRFLOW_CTX_DAG_EMAIL='airflow@example.com' AIRFLOW_CTX_DAG_OWNER='airflow' AIRFLOW_CTX_DAG_ID='tutorial' AIRFLOW_CTX_TASK_ID='sleep' AIRFLOW_CTX_EXECUTION_DATE='2025-02-20T21:41:57.068904+00:00' AIRFLOW_CTX_TRY_NUMBER='1' AIRFLOW_CTX_DAG_RUN_ID='manual__2025-02-20T21:41:57.068904+00:00'
[2025-02-24T16:45:54.990+0000] {logging_mixin.py:190} INFO - Task instance is in running state
[2025-02-24T16:45:54.990+0000] {logging_mixin.py:190} INFO -  Previous state of the Task instance: queued
[2025-02-24T16:45:54.991+0000] {logging_mixin.py:190} INFO - Current task name:sleep state:running start_date:2025-02-24 16:45:54.571849+00:00
[2025-02-24T16:45:54.992+0000] {logging_mixin.py:190} INFO - Dag name:tutorial and current dag run status:running
[2025-02-24T16:45:54.993+0000] {taskinstance.py:732} INFO - ::endgroup::
[2025-02-24T16:45:54.995+0000] {subprocess.py:78} INFO - Tmp dir root location: /tmp
[2025-02-24T16:45:54.998+0000] {subprocess.py:88} INFO - Running command: ['/usr/bin/bash', '-c', 'sleep 5']
[2025-02-24T16:45:55.018+0000] {subprocess.py:99} INFO - Output:
[2025-02-24T16:46:00.029+0000] {subprocess.py:110} INFO - Command exited with return code 0
[2025-02-24T16:46:00.112+0000] {taskinstance.py:341} INFO - ::group::Post task execution logs
[2025-02-24T16:46:00.114+0000] {taskinstance.py:353} INFO - Marking task as SUCCESS. dag_id=tutorial, task_id=sleep, run_id=manual__2025-02-20T21:41:57.068904+00:00, execution_date=20250220T214157, start_date=20250224T164554, end_date=20250224T164600
[2025-02-24T16:46:00.181+0000] {logging_mixin.py:190} INFO - Task instance in success state
[2025-02-24T16:46:00.182+0000] {logging_mixin.py:190} INFO -  Previous state of the Task instance: running
[2025-02-24T16:46:00.182+0000] {logging_mixin.py:190} INFO - Dag name:tutorial queued_at:2025-02-20 21:41:57.141569+00:00
[2025-02-24T16:46:00.183+0000] {logging_mixin.py:190} INFO - Task hostname:DESKTOP-IM7V4RI. operator:BashOperator
[2025-02-24T16:46:00.212+0000] {local_task_job_runner.py:266} INFO - Task exited with return code 0
[2025-02-24T16:46:00.265+0000] {taskinstance.py:3901} INFO - 1 downstream tasks scheduled from follow-on schedule check
[2025-02-24T16:46:00.278+0000] {local_task_job_runner.py:245} INFO - ::endgroup::
