[2025-03-28T02:31:51.570+0000] {local_task_job_runner.py:123} INFO - ::group::Pre task execution logs
[2025-03-28T02:31:52.184+0000] {taskinstance.py:2614} INFO - Dependencies all met for dep_context=non-requeueable deps ti=<TaskInstance: load_dbt_clean_reviews_pipeline.dbt_run_transactional scheduled__2024-10-07T00:00:00+00:00 [queued]>
[2025-03-28T02:31:52.294+0000] {taskinstance.py:2614} INFO - Dependencies all met for dep_context=requeueable deps ti=<TaskInstance: load_dbt_clean_reviews_pipeline.dbt_run_transactional scheduled__2024-10-07T00:00:00+00:00 [queued]>
[2025-03-28T02:31:52.297+0000] {taskinstance.py:2867} INFO - Starting attempt 1 of 2
[2025-03-28T02:31:52.497+0000] {taskinstance.py:2890} INFO - Executing <Task(BashOperator): dbt_run_transactional> on 2024-10-07 00:00:00+00:00
[2025-03-28T02:31:52.580+0000] {standard_task_runner.py:72} INFO - Started process 210298 to run task
[2025-03-28T02:31:52.712+0000] {standard_task_runner.py:104} INFO - Running: ['airflow', 'tasks', 'run', 'load_dbt_clean_reviews_pipeline', 'dbt_run_transactional', 'scheduled__2024-10-07T00:00:00+00:00', '--job-id', '2202', '--raw', '--subdir', 'DAGS_FOLDER/dag_load_reviews.py', '--cfg-path', '/tmp/tmppl_7lxpd']
[2025-03-28T02:31:52.717+0000] {standard_task_runner.py:105} INFO - Job 2202: Subtask dbt_run_transactional
[2025-03-28T02:31:53.846+0000] {task_command.py:467} INFO - Running <TaskInstance: load_dbt_clean_reviews_pipeline.dbt_run_transactional scheduled__2024-10-07T00:00:00+00:00 [running]> on host DESKTOP-IM7V4RI.
[2025-03-28T02:31:56.766+0000] {taskinstance.py:3134} INFO - Exporting env vars: AIRFLOW_CTX_DAG_OWNER='mohammed' AIRFLOW_CTX_DAG_ID='load_dbt_clean_reviews_pipeline' AIRFLOW_CTX_TASK_ID='dbt_run_transactional' AIRFLOW_CTX_EXECUTION_DATE='2024-10-07T00:00:00+00:00' AIRFLOW_CTX_TRY_NUMBER='1' AIRFLOW_CTX_DAG_RUN_ID='scheduled__2024-10-07T00:00:00+00:00'
[2025-03-28T02:31:57.043+0000] {logging_mixin.py:190} INFO - Task instance is in running state
[2025-03-28T02:31:57.046+0000] {logging_mixin.py:190} INFO -  Previous state of the Task instance: queued
[2025-03-28T02:31:57.074+0000] {logging_mixin.py:190} INFO - Current task name:dbt_run_transactional state:running start_date:2025-03-28 02:31:52.185134+00:00
[2025-03-28T02:31:57.084+0000] {logging_mixin.py:190} INFO - Dag name:load_dbt_clean_reviews_pipeline and current dag run status:running
[2025-03-28T02:31:57.168+0000] {taskinstance.py:732} INFO - ::endgroup::
[2025-03-28T02:31:57.414+0000] {subprocess.py:78} INFO - Tmp dir root location: /tmp
[2025-03-28T02:31:57.595+0000] {subprocess.py:88} INFO - Running command: ['/usr/bin/bash', '-c', 'cd /home/mohammed/.dbt/dbt_projects/bank_reviews_transactional && dbt run']
[2025-03-28T02:31:58.382+0000] {subprocess.py:99} INFO - Output:
[2025-03-28T02:32:43.240+0000] {subprocess.py:106} INFO - [0m02:32:43  Running with dbt=1.9.3
[2025-03-28T02:32:47.721+0000] {subprocess.py:106} INFO - [0m02:32:47  Registered adapter: postgres=1.9.0
[2025-03-28T02:32:56.382+0000] {subprocess.py:106} INFO - [0m02:32:56  [[33mWARNING[0m]: Configuration paths exist in your dbt_project.yml file which do not apply to any resources.
[2025-03-28T02:32:58.680+0000] {subprocess.py:106} INFO - There are 1 unused configuration paths:
[2025-03-28T02:32:58.705+0000] {subprocess.py:106} INFO - - models.bank_reviews_transactional.transactional
[2025-03-28T02:33:05.965+0000] {subprocess.py:106} INFO - [0m02:33:05  Found 1 model, 1 source, 433 macros
[2025-03-28T02:33:06.995+0000] {subprocess.py:106} INFO - [0m02:33:06
[2025-03-28T02:33:06.998+0000] {subprocess.py:106} INFO - [0m02:33:06  Concurrency: 4 threads (target='dev')
[2025-03-28T02:33:06.998+0000] {subprocess.py:106} INFO - [0m02:33:06
[2025-03-28T02:33:12.301+0000] {subprocess.py:106} INFO - [0m02:33:12  1 of 1 START sql table model transactional.clean_reviews ....................... [RUN]
[2025-03-28T02:33:18.746+0000] {subprocess.py:106} INFO - [0m02:33:18  1 of 1 OK created sql table model transactional.clean_reviews .................. [[32mSELECT 281[0m in 6.40s]
[2025-03-28T02:33:19.028+0000] {subprocess.py:106} INFO - [0m02:33:19
[2025-03-28T02:33:19.062+0000] {subprocess.py:106} INFO - [0m02:33:19  Finished running 1 table model in 0 hours 0 minutes and 12.32 seconds (12.32s).
[2025-03-28T02:33:19.891+0000] {subprocess.py:106} INFO - [0m02:33:19
[2025-03-28T02:33:19.904+0000] {subprocess.py:106} INFO - [0m02:33:19  [32mCompleted successfully[0m
[2025-03-28T02:33:19.923+0000] {subprocess.py:106} INFO - [0m02:33:19
[2025-03-28T02:33:19.943+0000] {subprocess.py:106} INFO - [0m02:33:19  Done. PASS=1 WARN=0 ERROR=0 SKIP=0 TOTAL=1
[2025-03-28T02:33:33.721+0000] {subprocess.py:110} INFO - Command exited with return code 0
[2025-03-28T02:33:42.717+0000] {taskinstance.py:341} INFO - ::group::Post task execution logs
[2025-03-28T02:33:42.783+0000] {taskinstance.py:353} INFO - Marking task as SUCCESS. dag_id=load_dbt_clean_reviews_pipeline, task_id=dbt_run_transactional, run_id=scheduled__2024-10-07T00:00:00+00:00, execution_date=20241007T000000, start_date=20250328T023152, end_date=20250328T023342
[2025-03-28T02:33:43.833+0000] {logging_mixin.py:190} INFO - Task instance in success state
[2025-03-28T02:33:43.836+0000] {logging_mixin.py:190} INFO -  Previous state of the Task instance: running
[2025-03-28T02:33:43.861+0000] {logging_mixin.py:190} INFO - Dag name:load_dbt_clean_reviews_pipeline queued_at:2025-03-28 02:31:40.245440+00:00
[2025-03-28T02:33:43.862+0000] {logging_mixin.py:190} INFO - Task hostname:DESKTOP-IM7V4RI. operator:BashOperator
[2025-03-28T02:33:44.233+0000] {local_task_job_runner.py:266} INFO - Task exited with return code 0
[2025-03-28T02:33:47.506+0000] {taskinstance.py:3901} INFO - 0 downstream tasks scheduled from follow-on schedule check
[2025-03-28T02:33:47.525+0000] {local_task_job_runner.py:245} INFO - ::endgroup::
[2025-03-28T02:33:47.904+0000] {standard_task_runner.py:217} INFO - Process not found (most likely exited), stop collecting metrics
