[2025-03-28T13:35:41.801+0000] {local_task_job_runner.py:123} INFO - ::group::Pre task execution logs
[2025-03-28T13:35:41.882+0000] {taskinstance.py:2614} INFO - Dependencies all met for dep_context=non-requeueable deps ti=<TaskInstance: load_dbt_clean_reviews_pipeline.dbt_run_transactional scheduled__2025-01-04T00:00:00+00:00 [queued]>
[2025-03-28T13:35:41.910+0000] {taskinstance.py:2614} INFO - Dependencies all met for dep_context=requeueable deps ti=<TaskInstance: load_dbt_clean_reviews_pipeline.dbt_run_transactional scheduled__2025-01-04T00:00:00+00:00 [queued]>
[2025-03-28T13:35:41.910+0000] {taskinstance.py:2867} INFO - Starting attempt 1 of 2
[2025-03-28T13:35:41.948+0000] {taskinstance.py:2890} INFO - Executing <Task(BashOperator): dbt_run_transactional> on 2025-01-04 00:00:00+00:00
[2025-03-28T13:35:41.964+0000] {standard_task_runner.py:72} INFO - Started process 6594 to run task
[2025-03-28T13:35:41.975+0000] {standard_task_runner.py:104} INFO - Running: ['airflow', 'tasks', 'run', 'load_dbt_clean_reviews_pipeline', 'dbt_run_transactional', 'scheduled__2025-01-04T00:00:00+00:00', '--job-id', '2296', '--raw', '--subdir', 'DAGS_FOLDER/dag_load_reviews.py', '--cfg-path', '/tmp/tmpx2dubeld']
[2025-03-28T13:35:41.982+0000] {standard_task_runner.py:105} INFO - Job 2296: Subtask dbt_run_transactional
[2025-03-28T13:35:42.250+0000] {task_command.py:467} INFO - Running <TaskInstance: load_dbt_clean_reviews_pipeline.dbt_run_transactional scheduled__2025-01-04T00:00:00+00:00 [running]> on host DESKTOP-IM7V4RI.
[2025-03-28T13:35:42.723+0000] {taskinstance.py:3134} INFO - Exporting env vars: AIRFLOW_CTX_DAG_OWNER='mohammed' AIRFLOW_CTX_DAG_ID='load_dbt_clean_reviews_pipeline' AIRFLOW_CTX_TASK_ID='dbt_run_transactional' AIRFLOW_CTX_EXECUTION_DATE='2025-01-04T00:00:00+00:00' AIRFLOW_CTX_TRY_NUMBER='1' AIRFLOW_CTX_DAG_RUN_ID='scheduled__2025-01-04T00:00:00+00:00'
[2025-03-28T13:35:42.728+0000] {logging_mixin.py:190} INFO - Task instance is in running state
[2025-03-28T13:35:42.730+0000] {logging_mixin.py:190} INFO -  Previous state of the Task instance: queued
[2025-03-28T13:35:42.731+0000] {logging_mixin.py:190} INFO - Current task name:dbt_run_transactional state:running start_date:2025-03-28 13:35:41.883766+00:00
[2025-03-28T13:35:42.732+0000] {logging_mixin.py:190} INFO - Dag name:load_dbt_clean_reviews_pipeline and current dag run status:running
[2025-03-28T13:35:42.733+0000] {taskinstance.py:732} INFO - ::endgroup::
[2025-03-28T13:35:42.735+0000] {subprocess.py:78} INFO - Tmp dir root location: /tmp
[2025-03-28T13:35:42.737+0000] {subprocess.py:88} INFO - Running command: ['/usr/bin/bash', '-c', 'cd /home/mohammed/.dbt/dbt_projects/bank_reviews_transactional && dbt run']
[2025-03-28T13:35:42.765+0000] {subprocess.py:99} INFO - Output:
[2025-03-28T13:35:51.934+0000] {subprocess.py:106} INFO - [0m13:35:51  Running with dbt=1.9.3
[2025-03-28T13:35:55.387+0000] {subprocess.py:106} INFO - [0m13:35:55  Registered adapter: postgres=1.9.0
[2025-03-28T13:35:58.576+0000] {subprocess.py:106} INFO - [0m13:35:58  [[33mWARNING[0m]: Configuration paths exist in your dbt_project.yml file which do not apply to any resources.
[2025-03-28T13:35:58.577+0000] {subprocess.py:106} INFO - There are 1 unused configuration paths:
[2025-03-28T13:35:58.577+0000] {subprocess.py:106} INFO - - models.bank_reviews_transactional.transactional
[2025-03-28T13:36:00.145+0000] {subprocess.py:106} INFO - [0m13:36:00  Found 1 model, 1 source, 433 macros
[2025-03-28T13:36:00.153+0000] {subprocess.py:106} INFO - [0m13:36:00
[2025-03-28T13:36:00.174+0000] {subprocess.py:106} INFO - [0m13:36:00  Concurrency: 4 threads (target='dev')
[2025-03-28T13:36:00.176+0000] {subprocess.py:106} INFO - [0m13:36:00
[2025-03-28T13:36:01.575+0000] {subprocess.py:106} INFO - [0m13:36:01  1 of 1 START sql table model transactional.clean_reviews ....................... [RUN]
[2025-03-28T13:36:08.229+0000] {subprocess.py:106} INFO - [0m13:36:08  1 of 1 OK created sql table model transactional.clean_reviews .................. [[32mSELECT 281[0m in 6.58s]
[2025-03-28T13:36:08.495+0000] {subprocess.py:106} INFO - [0m13:36:08
[2025-03-28T13:36:08.497+0000] {subprocess.py:106} INFO - [0m13:36:08  Finished running 1 table model in 0 hours 0 minutes and 8.29 seconds (8.29s).
[2025-03-28T13:36:08.798+0000] {subprocess.py:106} INFO - [0m13:36:08
[2025-03-28T13:36:08.806+0000] {subprocess.py:106} INFO - [0m13:36:08  [32mCompleted successfully[0m
[2025-03-28T13:36:08.830+0000] {subprocess.py:106} INFO - [0m13:36:08
[2025-03-28T13:36:08.845+0000] {subprocess.py:106} INFO - [0m13:36:08  Done. PASS=1 WARN=0 ERROR=0 SKIP=0 TOTAL=1
[2025-03-28T13:36:14.047+0000] {subprocess.py:110} INFO - Command exited with return code 0
[2025-03-28T13:36:14.393+0000] {taskinstance.py:341} INFO - ::group::Post task execution logs
[2025-03-28T13:36:14.400+0000] {taskinstance.py:353} INFO - Marking task as SUCCESS. dag_id=load_dbt_clean_reviews_pipeline, task_id=dbt_run_transactional, run_id=scheduled__2025-01-04T00:00:00+00:00, execution_date=20250104T000000, start_date=20250328T133541, end_date=20250328T133614
[2025-03-28T13:36:14.714+0000] {logging_mixin.py:190} INFO - Task instance in success state
[2025-03-28T13:36:14.715+0000] {logging_mixin.py:190} INFO -  Previous state of the Task instance: running
[2025-03-28T13:36:14.716+0000] {logging_mixin.py:190} INFO - Dag name:load_dbt_clean_reviews_pipeline queued_at:2025-03-28 13:35:38.181347+00:00
[2025-03-28T13:36:14.716+0000] {logging_mixin.py:190} INFO - Task hostname:DESKTOP-IM7V4RI. operator:BashOperator
[2025-03-28T13:36:14.816+0000] {local_task_job_runner.py:266} INFO - Task exited with return code 0
[2025-03-28T13:36:14.937+0000] {local_task_job_runner.py:245} INFO - ::endgroup::
