[2025-07-17T11:07:48.003+0000] {local_task_job_runner.py:123} INFO - ::group::Pre task execution logs
[2025-07-17T11:07:48.254+0000] {taskinstance.py:2614} INFO - Dependencies all met for dep_context=non-requeueable deps ti=<TaskInstance: bank_reviews_etl_and_analysis_pipeline.convertir_date_relative manual__2025-07-17T11:00:36.830164+00:00 [queued]>
[2025-07-17T11:07:48.269+0000] {taskinstance.py:2614} INFO - Dependencies all met for dep_context=requeueable deps ti=<TaskInstance: bank_reviews_etl_and_analysis_pipeline.convertir_date_relative manual__2025-07-17T11:00:36.830164+00:00 [queued]>
[2025-07-17T11:07:48.271+0000] {taskinstance.py:2867} INFO - Starting attempt 1 of 2
[2025-07-17T11:07:48.295+0000] {taskinstance.py:2890} INFO - Executing <Task(BashOperator): convertir_date_relative> on 2025-07-17 11:00:36.830164+00:00
[2025-07-17T11:07:48.306+0000] {standard_task_runner.py:72} INFO - Started process 1720 to run task
[2025-07-17T11:07:48.311+0000] {standard_task_runner.py:104} INFO - Running: ['***', 'tasks', 'run', 'bank_reviews_etl_and_analysis_pipeline', 'convertir_date_relative', 'manual__2025-07-17T11:00:36.830164+00:00', '--job-id', '60', '--raw', '--subdir', 'DAGS_FOLDER/dag_load_reviews.py', '--cfg-path', '/tmp/tmpthj9fzdr']
[2025-07-17T11:07:48.314+0000] {standard_task_runner.py:105} INFO - Job 60: Subtask convertir_date_relative
[2025-07-17T11:07:48.395+0000] {task_command.py:467} INFO - Running <TaskInstance: bank_reviews_etl_and_analysis_pipeline.convertir_date_relative manual__2025-07-17T11:00:36.830164+00:00 [running]> on host 569ba507bc01
[2025-07-17T11:07:48.575+0000] {taskinstance.py:3134} INFO - Exporting env vars: AIRFLOW_CTX_DAG_OWNER='mohammed' AIRFLOW_CTX_DAG_ID='bank_reviews_etl_and_analysis_pipeline' AIRFLOW_CTX_TASK_ID='convertir_date_relative' AIRFLOW_CTX_EXECUTION_DATE='2025-07-17T11:00:36.830164+00:00' AIRFLOW_CTX_TRY_NUMBER='1' AIRFLOW_CTX_DAG_RUN_ID='manual__2025-07-17T11:00:36.830164+00:00'
[2025-07-17T11:07:48.579+0000] {logging_mixin.py:190} INFO - Task instance is in running state
[2025-07-17T11:07:48.582+0000] {logging_mixin.py:190} INFO -  Previous state of the Task instance: queued
[2025-07-17T11:07:48.584+0000] {logging_mixin.py:190} INFO - Current task name:convertir_date_relative state:running start_date:2025-07-17 11:07:48.255746+00:00
[2025-07-17T11:07:48.586+0000] {logging_mixin.py:190} INFO - Dag name:bank_reviews_etl_and_analysis_pipeline and current dag run status:running
[2025-07-17T11:07:48.588+0000] {taskinstance.py:732} INFO - ::endgroup::
[2025-07-17T11:07:48.591+0000] {subprocess.py:78} INFO - Tmp dir root location: /tmp
[2025-07-17T11:07:48.594+0000] {subprocess.py:88} INFO - Running command: ['/usr/bin/bash', '-c', 'python3 /opt/***/scripts/convertir_date_relative.py']
[2025-07-17T11:07:48.637+0000] {subprocess.py:99} INFO - Output:
[2025-07-17T11:07:48.822+0000] {subprocess.py:106} INFO - ✅ Connexion réussie à la base de données Aiven PostgreSQL.
[2025-07-17T11:07:48.825+0000] {subprocess.py:106} INFO - ✅ Connexion réussie à la base de données.
[2025-07-17T11:07:48.827+0000] {subprocess.py:106} INFO - ❌ Erreur : schema "transactional" does not exist
[2025-07-17T11:07:48.829+0000] {subprocess.py:106} INFO - 
[2025-07-17T11:07:48.844+0000] {subprocess.py:110} INFO - Command exited with return code 0
[2025-07-17T11:07:48.894+0000] {taskinstance.py:341} INFO - ::group::Post task execution logs
[2025-07-17T11:07:48.896+0000] {taskinstance.py:353} INFO - Marking task as SUCCESS. dag_id=bank_reviews_etl_and_analysis_pipeline, task_id=convertir_date_relative, run_id=manual__2025-07-17T11:00:36.830164+00:00, execution_date=20250717T110036, start_date=20250717T110748, end_date=20250717T110748
[2025-07-17T11:07:48.950+0000] {logging_mixin.py:190} INFO - Task instance in success state
[2025-07-17T11:07:48.952+0000] {logging_mixin.py:190} INFO -  Previous state of the Task instance: running
[2025-07-17T11:07:48.953+0000] {logging_mixin.py:190} INFO - Dag name:bank_reviews_etl_and_analysis_pipeline queued_at:2025-07-17 11:00:37.881556+00:00
[2025-07-17T11:07:48.955+0000] {logging_mixin.py:190} INFO - Task hostname:569ba507bc01 operator:BashOperator
[2025-07-17T11:07:49.009+0000] {local_task_job_runner.py:266} INFO - Task exited with return code 0
[2025-07-17T11:07:49.060+0000] {taskinstance.py:3901} INFO - 1 downstream tasks scheduled from follow-on schedule check
[2025-07-17T11:07:49.069+0000] {local_task_job_runner.py:245} INFO - ::endgroup::
