[2025-03-17T01:18:53.917+0000] {local_task_job_runner.py:123} INFO - ::group::Pre task execution logs
[2025-03-17T01:18:53.993+0000] {taskinstance.py:2614} INFO - Dependencies all met for dep_context=non-requeueable deps ti=<TaskInstance: load_reviews_pipeline.dbt_run scheduled__2025-01-09T00:00:00+00:00 [queued]>
[2025-03-17T01:18:54.014+0000] {taskinstance.py:2614} INFO - Dependencies all met for dep_context=requeueable deps ti=<TaskInstance: load_reviews_pipeline.dbt_run scheduled__2025-01-09T00:00:00+00:00 [queued]>
[2025-03-17T01:18:54.015+0000] {taskinstance.py:2867} INFO - Starting attempt 2 of 2
[2025-03-17T01:18:54.045+0000] {taskinstance.py:2890} INFO - Executing <Task(BashOperator): dbt_run> on 2025-01-09 00:00:00+00:00
[2025-03-17T01:18:54.055+0000] {standard_task_runner.py:72} INFO - Started process 329359 to run task
[2025-03-17T01:18:54.072+0000] {standard_task_runner.py:104} INFO - Running: ['airflow', 'tasks', 'run', 'load_reviews_pipeline', 'dbt_run', 'scheduled__2025-01-09T00:00:00+00:00', '--job-id', '640', '--raw', '--subdir', 'DAGS_FOLDER/dag_load_reviews.py', '--cfg-path', '/tmp/tmpolj8p3ys']
[2025-03-17T01:18:54.074+0000] {standard_task_runner.py:105} INFO - Job 640: Subtask dbt_run
[2025-03-17T01:18:54.276+0000] {task_command.py:467} INFO - Running <TaskInstance: load_reviews_pipeline.dbt_run scheduled__2025-01-09T00:00:00+00:00 [running]> on host DESKTOP-IM7V4RI.
[2025-03-17T01:18:54.569+0000] {taskinstance.py:3134} INFO - Exporting env vars: AIRFLOW_CTX_DAG_OWNER='mohammed' AIRFLOW_CTX_DAG_ID='load_reviews_pipeline' AIRFLOW_CTX_TASK_ID='dbt_run' AIRFLOW_CTX_EXECUTION_DATE='2025-01-09T00:00:00+00:00' AIRFLOW_CTX_TRY_NUMBER='2' AIRFLOW_CTX_DAG_RUN_ID='scheduled__2025-01-09T00:00:00+00:00'
[2025-03-17T01:18:54.573+0000] {logging_mixin.py:190} INFO - Task instance is in running state
[2025-03-17T01:18:54.573+0000] {logging_mixin.py:190} INFO -  Previous state of the Task instance: queued
[2025-03-17T01:18:54.574+0000] {logging_mixin.py:190} INFO - Current task name:dbt_run state:running start_date:2025-03-17 01:18:53.993792+00:00
[2025-03-17T01:18:54.574+0000] {logging_mixin.py:190} INFO - Dag name:load_reviews_pipeline and current dag run status:running
[2025-03-17T01:18:54.575+0000] {taskinstance.py:732} INFO - ::endgroup::
[2025-03-17T01:18:54.577+0000] {subprocess.py:78} INFO - Tmp dir root location: /tmp
[2025-03-17T01:18:54.579+0000] {subprocess.py:88} INFO - Running command: ['/usr/bin/bash', '-c', 'cd /home/mohammed/.dbt/bank_reviews_project && dbt run']
[2025-03-17T01:18:54.619+0000] {subprocess.py:99} INFO - Output:
[2025-03-17T01:18:58.182+0000] {subprocess.py:106} INFO - [0m01:18:58  Running with dbt=1.9.3
[2025-03-17T01:18:58.837+0000] {subprocess.py:106} INFO - [0m01:18:58  Registered adapter: postgres=1.9.0
[2025-03-17T01:18:59.631+0000] {subprocess.py:106} INFO - [0m01:18:59  Found 10 models, 4 data tests, 2 sources, 433 macros
[2025-03-17T01:18:59.635+0000] {subprocess.py:106} INFO - [0m01:18:59
[2025-03-17T01:18:59.636+0000] {subprocess.py:106} INFO - [0m01:18:59  Concurrency: 4 threads (target='dev')
[2025-03-17T01:18:59.636+0000] {subprocess.py:106} INFO - [0m01:18:59
[2025-03-17T01:18:59.815+0000] {subprocess.py:106} INFO - [0m01:18:59  1 of 10 START sql view model public.clean_reviews .............................. [RUN]
[2025-03-17T01:18:59.817+0000] {subprocess.py:106} INFO - [0m01:18:59  2 of 10 START sql table model public.my_first_dbt_model ........................ [RUN]
[2025-03-17T01:18:59.820+0000] {subprocess.py:106} INFO - [0m01:18:59  3 of 10 START sql view model public.remove_duplicates .......................... [RUN]
[2025-03-17T01:18:59.821+0000] {subprocess.py:106} INFO - [0m01:18:59  4 of 10 START sql view model public.stg_clean_reviews .......................... [RUN]
[2025-03-17T01:19:00.223+0000] {subprocess.py:106} INFO - [0m01:19:00  2 of 10 OK created sql table model public.my_first_dbt_model ................... [[32mSELECT 2[0m in 0.39s]
[2025-03-17T01:19:00.230+0000] {subprocess.py:106} INFO - [0m01:19:00  1 of 10 OK created sql view model public.clean_reviews ......................... [[32mCREATE VIEW[0m in 0.41s]
[2025-03-17T01:19:00.231+0000] {subprocess.py:106} INFO - [0m01:19:00  4 of 10 OK created sql view model public.stg_clean_reviews ..................... [[32mCREATE VIEW[0m in 0.40s]
[2025-03-17T01:19:00.232+0000] {subprocess.py:106} INFO - [0m01:19:00  3 of 10 OK created sql view model public.remove_duplicates ..................... [[32mCREATE VIEW[0m in 0.41s]
[2025-03-17T01:19:00.237+0000] {subprocess.py:106} INFO - [0m01:19:00  5 of 10 START sql view model public.my_second_dbt_model ........................ [RUN]
[2025-03-17T01:19:00.242+0000] {subprocess.py:106} INFO - [0m01:19:00  6 of 10 START sql view model public.dim_bank ................................... [RUN]
[2025-03-17T01:19:00.242+0000] {subprocess.py:106} INFO - [0m01:19:00  7 of 10 START sql view model public.dim_branch ................................. [RUN]
[2025-03-17T01:19:00.243+0000] {subprocess.py:106} INFO - [0m01:19:00  8 of 10 START sql view model public.dim_location ............................... [RUN]
[2025-03-17T01:19:00.381+0000] {subprocess.py:106} INFO - [0m01:19:00  5 of 10 OK created sql view model public.my_second_dbt_model ................... [[32mCREATE VIEW[0m in 0.13s]
[2025-03-17T01:19:00.400+0000] {subprocess.py:106} INFO - [0m01:19:00  7 of 10 OK created sql view model public.dim_branch ............................ [[32mCREATE VIEW[0m in 0.15s]
[2025-03-17T01:19:00.411+0000] {subprocess.py:106} INFO - [0m01:19:00  9 of 10 START sql view model public.dim_sentiment .............................. [RUN]
[2025-03-17T01:19:00.440+0000] {subprocess.py:106} INFO - [0m01:19:00  6 of 10 OK created sql view model public.dim_bank .............................. [[32mCREATE VIEW[0m in 0.19s]
[2025-03-17T01:19:00.444+0000] {subprocess.py:106} INFO - [0m01:19:00  8 of 10 OK created sql view model public.dim_location .......................... [[32mCREATE VIEW[0m in 0.19s]
[2025-03-17T01:19:00.531+0000] {subprocess.py:106} INFO - [0m01:19:00  9 of 10 OK created sql view model public.dim_sentiment ......................... [[32mCREATE VIEW[0m in 0.11s]
[2025-03-17T01:19:00.538+0000] {subprocess.py:106} INFO - [0m01:19:00  10 of 10 START sql view model public.fact_reviews .............................. [RUN]
[2025-03-17T01:19:00.657+0000] {subprocess.py:106} INFO - [0m01:19:00  10 of 10 OK created sql view model public.fact_reviews ......................... [[32mCREATE VIEW[0m in 0.11s]
[2025-03-17T01:19:00.711+0000] {subprocess.py:106} INFO - [0m01:19:00
[2025-03-17T01:19:00.714+0000] {subprocess.py:106} INFO - [0m01:19:00  Finished running 1 table model, 9 view models in 0 hours 0 minutes and 1.07 seconds (1.07s).
[2025-03-17T01:19:00.846+0000] {subprocess.py:106} INFO - [0m01:19:00
[2025-03-17T01:19:00.847+0000] {subprocess.py:106} INFO - [0m01:19:00  [32mCompleted successfully[0m
[2025-03-17T01:19:00.852+0000] {subprocess.py:106} INFO - [0m01:19:00
[2025-03-17T01:19:00.852+0000] {subprocess.py:106} INFO - [0m01:19:00  Done. PASS=10 WARN=0 ERROR=0 SKIP=0 TOTAL=10
[2025-03-17T01:19:02.968+0000] {subprocess.py:110} INFO - Command exited with return code 0
[2025-03-17T01:19:03.019+0000] {taskinstance.py:341} INFO - ::group::Post task execution logs
[2025-03-17T01:19:03.020+0000] {taskinstance.py:353} INFO - Marking task as SUCCESS. dag_id=load_reviews_pipeline, task_id=dbt_run, run_id=scheduled__2025-01-09T00:00:00+00:00, execution_date=20250109T000000, start_date=20250317T011853, end_date=20250317T011903
[2025-03-17T01:19:03.066+0000] {logging_mixin.py:190} INFO - Task instance in success state
[2025-03-17T01:19:03.066+0000] {logging_mixin.py:190} INFO -  Previous state of the Task instance: running
[2025-03-17T01:19:03.066+0000] {logging_mixin.py:190} INFO - Dag name:load_reviews_pipeline queued_at:2025-03-17 01:13:31.591677+00:00
[2025-03-17T01:19:03.066+0000] {logging_mixin.py:190} INFO - Task hostname:DESKTOP-IM7V4RI. operator:BashOperator
[2025-03-17T01:19:03.102+0000] {local_task_job_runner.py:266} INFO - Task exited with return code 0
[2025-03-17T01:19:03.125+0000] {taskinstance.py:3901} INFO - 0 downstream tasks scheduled from follow-on schedule check
[2025-03-17T01:19:03.128+0000] {local_task_job_runner.py:245} INFO - ::endgroup::
