[2025-03-21T01:21:48.978+0000] {local_task_job_runner.py:123} INFO - ::group::Pre task execution logs
[2025-03-21T01:21:49.081+0000] {taskinstance.py:2614} INFO - Dependencies all met for dep_context=non-requeueable deps ti=<TaskInstance: scrape_and_store_all_jobs.scrape_and_insert_data_to_json manual__2025-03-21T01:21:40.740295+00:00 [queued]>
[2025-03-21T01:21:49.103+0000] {taskinstance.py:2614} INFO - Dependencies all met for dep_context=requeueable deps ti=<TaskInstance: scrape_and_store_all_jobs.scrape_and_insert_data_to_json manual__2025-03-21T01:21:40.740295+00:00 [queued]>
[2025-03-21T01:21:49.103+0000] {taskinstance.py:2867} INFO - Starting attempt 1 of 2
[2025-03-21T01:21:49.155+0000] {taskinstance.py:2890} INFO - Executing <Task(PythonOperator): scrape_and_insert_data_to_json> on 2025-03-21 01:21:40.740295+00:00
[2025-03-21T01:21:49.170+0000] {standard_task_runner.py:72} INFO - Started process 544797 to run task
[2025-03-21T01:21:49.176+0000] {standard_task_runner.py:104} INFO - Running: ['airflow', 'tasks', 'run', 'scrape_and_store_all_jobs', 'scrape_and_insert_data_to_json', 'manual__2025-03-21T01:21:40.740295+00:00', '--job-id', '1875', '--raw', '--subdir', 'DAGS_FOLDER/scrape_and_store_all_jobs.py', '--cfg-path', '/tmp/tmpz8g5q4r5']
[2025-03-21T01:21:49.178+0000] {standard_task_runner.py:105} INFO - Job 1875: Subtask scrape_and_insert_data_to_json
[2025-03-21T01:21:49.286+0000] {task_command.py:467} INFO - Running <TaskInstance: scrape_and_store_all_jobs.scrape_and_insert_data_to_json manual__2025-03-21T01:21:40.740295+00:00 [running]> on host DESKTOP-IM7V4RI.
[2025-03-21T01:21:49.483+0000] {taskinstance.py:3134} INFO - Exporting env vars: AIRFLOW_CTX_DAG_OWNER='airflow' AIRFLOW_CTX_DAG_ID='scrape_and_store_all_jobs' AIRFLOW_CTX_TASK_ID='scrape_and_insert_data_to_json' AIRFLOW_CTX_EXECUTION_DATE='2025-03-21T01:21:40.740295+00:00' AIRFLOW_CTX_TRY_NUMBER='1' AIRFLOW_CTX_DAG_RUN_ID='manual__2025-03-21T01:21:40.740295+00:00'
[2025-03-21T01:21:49.487+0000] {logging_mixin.py:190} INFO - Task instance is in running state
[2025-03-21T01:21:49.488+0000] {logging_mixin.py:190} INFO -  Previous state of the Task instance: queued
[2025-03-21T01:21:49.488+0000] {logging_mixin.py:190} INFO - Current task name:scrape_and_insert_data_to_json state:running start_date:2025-03-21 01:21:49.081591+00:00
[2025-03-21T01:21:49.489+0000] {logging_mixin.py:190} INFO - Dag name:scrape_and_store_all_jobs and current dag run status:running
[2025-03-21T01:21:49.490+0000] {taskinstance.py:732} INFO - ::endgroup::
[2025-03-21T01:21:49.492+0000] {logging_mixin.py:190} INFO - Extraction des données depuis rekrute.com...
[2025-03-21T01:21:52.254+0000] {logging_mixin.py:190} INFO - (rekrute.com) Nombre total de pages : 172
[2025-03-21T01:21:52.255+0000] {logging_mixin.py:190} INFO - (rekrute.com) Traitement de la page 1...
[2025-03-21T01:21:53.549+0000] {logging_mixin.py:190} INFO - ✅ Offre ajoutée avec succès : RPA BLUEPRISM Developer
[2025-03-21T01:21:53.549+0000] {logging_mixin.py:190} INFO - (rekrute.com) Offre ajoutée : RPA BLUEPRISM Developer
[2025-03-21T01:21:54.600+0000] {logging_mixin.py:190} INFO - ✅ Offre ajoutée avec succès : Dessinateur Projeteur Installation Générale/Tuyauterie H/F
[2025-03-21T01:21:54.601+0000] {logging_mixin.py:190} INFO - (rekrute.com) Offre ajoutée : Dessinateur Projeteur Installation Générale/Tuyauterie H/F
[2025-03-21T01:21:55.242+0000] {logging_mixin.py:190} INFO - ✅ Offre ajoutée avec succès : Chargé(e) de Clientèle
[2025-03-21T01:21:55.242+0000] {logging_mixin.py:190} INFO - (rekrute.com) Offre ajoutée : Chargé(e) de Clientèle
[2025-03-21T01:21:55.849+0000] {logging_mixin.py:190} INFO - ✅ Offre ajoutée avec succès : Chef Comptable
[2025-03-21T01:21:55.850+0000] {logging_mixin.py:190} INFO - (rekrute.com) Offre ajoutée : Chef Comptable
[2025-03-21T01:21:56.282+0000] {logging_mixin.py:190} INFO - ✅ Offre ajoutée avec succès : Chargé de clientèle - Réception d'appel - Rabat
[2025-03-21T01:21:56.282+0000] {logging_mixin.py:190} INFO - (rekrute.com) Offre ajoutée : Chargé de clientèle - Réception d'appel - Rabat
[2025-03-21T01:21:56.596+0000] {logging_mixin.py:190} INFO - ✅ Offre ajoutée avec succès : Conseiller Digital
[2025-03-21T01:21:56.597+0000] {logging_mixin.py:190} INFO - (rekrute.com) Offre ajoutée : Conseiller Digital
[2025-03-21T01:21:57.325+0000] {logging_mixin.py:190} INFO - ✅ Offre ajoutée avec succès : Conseiller Commercial
[2025-03-21T01:21:57.326+0000] {logging_mixin.py:190} INFO - (rekrute.com) Offre ajoutée : Conseiller Commercial
[2025-03-21T01:21:57.883+0000] {logging_mixin.py:190} INFO - ✅ Offre ajoutée avec succès : Conseiller Commercial
[2025-03-21T01:21:57.883+0000] {logging_mixin.py:190} INFO - (rekrute.com) Offre ajoutée : Conseiller Commercial
[2025-03-21T01:21:58.406+0000] {logging_mixin.py:190} INFO - ✅ Offre ajoutée avec succès : Manager H/F
[2025-03-21T01:21:58.407+0000] {logging_mixin.py:190} INFO - (rekrute.com) Offre ajoutée : Manager H/F
[2025-03-21T01:21:58.975+0000] {logging_mixin.py:190} INFO - ✅ Offre ajoutée avec succès : Responsable Compensation and Benefits H/F
[2025-03-21T01:21:58.976+0000] {logging_mixin.py:190} INFO - (rekrute.com) Offre ajoutée : Responsable Compensation and Benefits H/F
[2025-03-21T01:22:00.976+0000] {logging_mixin.py:190} INFO - (rekrute.com) Traitement de la page 2...
[2025-03-21T01:22:02.849+0000] {logging_mixin.py:190} INFO - ✅ Offre ajoutée avec succès : Accountant
[2025-03-21T01:22:02.849+0000] {logging_mixin.py:190} INFO - (rekrute.com) Offre ajoutée : Accountant
[2025-03-21T01:22:03.895+0000] {logging_mixin.py:190} INFO - ✅ Offre ajoutée avec succès : Back Office
[2025-03-21T01:22:03.897+0000] {logging_mixin.py:190} INFO - (rekrute.com) Offre ajoutée : Back Office
[2025-03-21T01:22:05.448+0000] {logging_mixin.py:190} INFO - ✅ Offre ajoutée avec succès : Chargé(e) s de Conduite d'Activité francophones
[2025-03-21T01:22:05.449+0000] {logging_mixin.py:190} INFO - (rekrute.com) Offre ajoutée : Chargé(e) s de Conduite d'Activité francophones
[2025-03-21T01:22:05.980+0000] {logging_mixin.py:190} INFO - ✅ Offre ajoutée avec succès : HR Generalist
[2025-03-21T01:22:05.982+0000] {logging_mixin.py:190} INFO - (rekrute.com) Offre ajoutée : HR Generalist
[2025-03-21T01:22:06.573+0000] {logging_mixin.py:190} INFO - ✅ Offre ajoutée avec succès : Développeur Full Stack de Talent Expérimenté - PHP7 (H/F)
[2025-03-21T01:22:06.574+0000] {logging_mixin.py:190} INFO - (rekrute.com) Offre ajoutée : Développeur Full Stack de Talent Expérimenté - PHP7 (H/F)
[2025-03-21T01:22:07.277+0000] {logging_mixin.py:190} INFO - ✅ Offre ajoutée avec succès : Ingénieur Safety/Sécurité Incendie
[2025-03-21T01:22:07.278+0000] {logging_mixin.py:190} INFO - (rekrute.com) Offre ajoutée : Ingénieur Safety/Sécurité Incendie
[2025-03-21T01:22:07.870+0000] {logging_mixin.py:190} INFO - ✅ Offre ajoutée avec succès : Cadre Recouvrement
[2025-03-21T01:22:07.871+0000] {logging_mixin.py:190} INFO - (rekrute.com) Offre ajoutée : Cadre Recouvrement
[2025-03-21T01:22:08.238+0000] {logging_mixin.py:190} INFO - ✅ Offre ajoutée avec succès : Data Analyst - Contrôle de Gestion H/F
[2025-03-21T01:22:08.239+0000] {logging_mixin.py:190} INFO - (rekrute.com) Offre ajoutée : Data Analyst - Contrôle de Gestion H/F
[2025-03-21T01:22:09.696+0000] {logging_mixin.py:190} INFO - ✅ Offre ajoutée avec succès : Chargé(e) de support informatique N0 parfaitement francophones
[2025-03-21T01:22:09.696+0000] {logging_mixin.py:190} INFO - (rekrute.com) Offre ajoutée : Chargé(e) de support informatique N0 parfaitement francophones
[2025-03-21T01:22:10.287+0000] {logging_mixin.py:190} INFO - ✅ Offre ajoutée avec succès : Assistante RH
[2025-03-21T01:22:10.287+0000] {logging_mixin.py:190} INFO - (rekrute.com) Offre ajoutée : Assistante RH
[2025-03-21T01:22:12.294+0000] {logging_mixin.py:190} INFO - Extraction des données depuis marocemploi.net...
[2025-03-21T01:22:12.297+0000] {logging_mixin.py:190} INFO - (marocemploi.net) Traitement de la page 1...
[2025-03-21T01:22:14.094+0000] {logging_mixin.py:190} INFO - ✅ Offre ajoutée avec succès : Commerciale en Immobilier
[2025-03-21T01:22:14.095+0000] {logging_mixin.py:190} INFO - (rekrute.com) Offre ajoutée : Commerciale en Immobilier
[2025-03-21T01:22:14.395+0000] {logging_mixin.py:190} INFO - ✅ Offre ajoutée avec succès : COMPTABLE (H/F)
[2025-03-21T01:22:14.396+0000] {logging_mixin.py:190} INFO - (rekrute.com) Offre ajoutée : COMPTABLE (H/F)
[2025-03-21T01:22:14.767+0000] {logging_mixin.py:190} INFO - ✅ Offre ajoutée avec succès : Un(e) Pharmacien Assistant de Production
[2025-03-21T01:22:14.767+0000] {logging_mixin.py:190} INFO - (rekrute.com) Offre ajoutée : Un(e) Pharmacien Assistant de Production
[2025-03-21T01:22:15.225+0000] {logging_mixin.py:190} INFO - ✅ Offre ajoutée avec succès : Développeur Symfony Junior – API (CDI)
[2025-03-21T01:22:15.226+0000] {logging_mixin.py:190} INFO - (rekrute.com) Offre ajoutée : Développeur Symfony Junior – API (CDI)
[2025-03-21T01:22:15.630+0000] {logging_mixin.py:190} INFO - ✅ Offre ajoutée avec succès : Responsable Magasin MP
[2025-03-21T01:22:15.631+0000] {logging_mixin.py:190} INFO - (rekrute.com) Offre ajoutée : Responsable Magasin MP
[2025-03-21T01:22:16.179+0000] {logging_mixin.py:190} INFO - ✅ Offre ajoutée avec succès : Magasinier à Boulevard chefchaouni Ain Sebaa Casablanca
[2025-03-21T01:22:16.180+0000] {logging_mixin.py:190} INFO - (rekrute.com) Offre ajoutée : Magasinier à Boulevard chefchaouni Ain Sebaa Casablanca
[2025-03-21T01:22:17.316+0000] {logging_mixin.py:190} INFO - ✅ Offre ajoutée avec succès : Vendeurs à Val Fleuri Maarif Casablanca
[2025-03-21T01:22:17.317+0000] {logging_mixin.py:190} INFO - (rekrute.com) Offre ajoutée : Vendeurs à Val Fleuri Maarif Casablanca
[2025-03-21T01:22:17.739+0000] {logging_mixin.py:190} INFO - ✅ Offre ajoutée avec succès : Technicien réseau
[2025-03-21T01:22:17.739+0000] {logging_mixin.py:190} INFO - (rekrute.com) Offre ajoutée : Technicien réseau
[2025-03-21T01:22:18.108+0000] {logging_mixin.py:190} INFO - ✅ Offre ajoutée avec succès : Développeur Back-End
[2025-03-21T01:22:18.108+0000] {logging_mixin.py:190} INFO - (rekrute.com) Offre ajoutée : Développeur Back-End
[2025-03-21T01:22:20.622+0000] {logging_mixin.py:190} INFO - ✅ Offre ajoutée avec succès : Caissière
[2025-03-21T01:22:20.622+0000] {logging_mixin.py:190} INFO - (rekrute.com) Offre ajoutée : Caissière
[2025-03-21T01:22:20.909+0000] {logging_mixin.py:190} INFO - ✅ Offre ajoutée avec succès : Soudeur à Ain Sebaa
[2025-03-21T01:22:20.910+0000] {logging_mixin.py:190} INFO - (rekrute.com) Offre ajoutée : Soudeur à Ain Sebaa
[2025-03-21T01:22:21.294+0000] {logging_mixin.py:190} INFO - ✅ Offre ajoutée avec succès : Assistante digitale et e-commerce d’une parapharmacie
[2025-03-21T01:22:21.294+0000] {logging_mixin.py:190} INFO - (rekrute.com) Offre ajoutée : Assistante digitale et e-commerce d’une parapharmacie
[2025-03-21T01:22:21.802+0000] {logging_mixin.py:190} INFO - ✅ Offre ajoutée avec succès : Equipier polyvalent – restauration rapide
[2025-03-21T01:22:21.802+0000] {logging_mixin.py:190} INFO - (rekrute.com) Offre ajoutée : Equipier polyvalent – restauration rapide
[2025-03-21T01:22:22.247+0000] {logging_mixin.py:190} INFO - ✅ Offre ajoutée avec succès : Commis de cuisine – restauration rapide
[2025-03-21T01:22:22.248+0000] {logging_mixin.py:190} INFO - (rekrute.com) Offre ajoutée : Commis de cuisine – restauration rapide
[2025-03-21T01:22:22.561+0000] {logging_mixin.py:190} INFO - ✅ Offre ajoutée avec succès : Une assistante juridique
[2025-03-21T01:22:22.562+0000] {logging_mixin.py:190} INFO - (rekrute.com) Offre ajoutée : Une assistante juridique
[2025-03-21T01:22:23.551+0000] {logging_mixin.py:190} INFO - ✅ Offre ajoutée avec succès : Assistante Appels d’offres
[2025-03-21T01:22:23.552+0000] {logging_mixin.py:190} INFO - (rekrute.com) Offre ajoutée : Assistante Appels d’offres
[2025-03-21T01:22:23.917+0000] {logging_mixin.py:190} INFO - ✅ Offre ajoutée avec succès : Technico-commercial
[2025-03-21T01:22:23.918+0000] {logging_mixin.py:190} INFO - (rekrute.com) Offre ajoutée : Technico-commercial
[2025-03-21T01:22:24.442+0000] {logging_mixin.py:190} INFO - ✅ Offre ajoutée avec succès : Responsable de la Chaîne Logistique
[2025-03-21T01:22:24.443+0000] {logging_mixin.py:190} INFO - (rekrute.com) Offre ajoutée : Responsable de la Chaîne Logistique
[2025-03-21T01:22:24.919+0000] {logging_mixin.py:190} INFO - ✅ Offre ajoutée avec succès : Livreur
[2025-03-21T01:22:24.919+0000] {logging_mixin.py:190} INFO - (rekrute.com) Offre ajoutée : Livreur
[2025-03-21T01:22:25.378+0000] {logging_mixin.py:190} INFO - ✅ Offre ajoutée avec succès : Agent de nettoyage
[2025-03-21T01:22:25.379+0000] {logging_mixin.py:190} INFO - (rekrute.com) Offre ajoutée : Agent de nettoyage
[2025-03-21T01:22:25.739+0000] {logging_mixin.py:190} INFO - ✅ Offre ajoutée avec succès : Assistant Comptable
[2025-03-21T01:22:25.740+0000] {logging_mixin.py:190} INFO - (rekrute.com) Offre ajoutée : Assistant Comptable
[2025-03-21T01:22:27.116+0000] {logging_mixin.py:190} INFO - ✅ Offre ajoutée avec succès : Ingénieur chargé d’affaires
[2025-03-21T01:22:27.116+0000] {logging_mixin.py:190} INFO - (rekrute.com) Offre ajoutée : Ingénieur chargé d’affaires
[2025-03-21T01:22:27.470+0000] {logging_mixin.py:190} INFO - ✅ Offre ajoutée avec succès : ​Infirmière éducatrice
[2025-03-21T01:22:27.470+0000] {logging_mixin.py:190} INFO - (rekrute.com) Offre ajoutée : ​Infirmière éducatrice
[2025-03-21T01:22:28.000+0000] {logging_mixin.py:190} INFO - ✅ Offre ajoutée avec succès : Cuisinier – restauration rapide
[2025-03-21T01:22:28.000+0000] {logging_mixin.py:190} INFO - (rekrute.com) Offre ajoutée : Cuisinier – restauration rapide
[2025-03-21T01:22:28.379+0000] {logging_mixin.py:190} INFO - ✅ Offre ajoutée avec succès : Technicien de réseau
[2025-03-21T01:22:28.379+0000] {logging_mixin.py:190} INFO - (rekrute.com) Offre ajoutée : Technicien de réseau
[2025-03-21T01:22:28.820+0000] {logging_mixin.py:190} INFO - ✅ Offre ajoutée avec succès : Vendeurs à TEMARA HAY ENNASSR
[2025-03-21T01:22:28.821+0000] {logging_mixin.py:190} INFO - (rekrute.com) Offre ajoutée : Vendeurs à TEMARA HAY ENNASSR
[2025-03-21T01:22:29.398+0000] {logging_mixin.py:190} INFO - ✅ Offre ajoutée avec succès : Assistante administrative
[2025-03-21T01:22:29.399+0000] {logging_mixin.py:190} INFO - (rekrute.com) Offre ajoutée : Assistante administrative
[2025-03-21T01:22:29.773+0000] {logging_mixin.py:190} INFO - ✅ Offre ajoutée avec succès : Vendeurs à Casablanca Bourgogne
[2025-03-21T01:22:29.773+0000] {logging_mixin.py:190} INFO - (rekrute.com) Offre ajoutée : Vendeurs à Casablanca Bourgogne
[2025-03-21T01:22:30.254+0000] {logging_mixin.py:190} INFO - ✅ Offre ajoutée avec succès : Conseiller Commercial
[2025-03-21T01:22:30.255+0000] {logging_mixin.py:190} INFO - (rekrute.com) Offre ajoutée : Conseiller Commercial
[2025-03-21T01:22:30.701+0000] {logging_mixin.py:190} INFO - ✅ Offre ajoutée avec succès : Responsable injection
[2025-03-21T01:22:30.701+0000] {logging_mixin.py:190} INFO - (rekrute.com) Offre ajoutée : Responsable injection
[2025-03-21T01:22:31.109+0000] {logging_mixin.py:190} INFO - ✅ Offre ajoutée avec succès : Vendeur et Vendeuse Casablanca
[2025-03-21T01:22:31.110+0000] {logging_mixin.py:190} INFO - (rekrute.com) Offre ajoutée : Vendeur et Vendeuse Casablanca
[2025-03-21T01:22:31.486+0000] {logging_mixin.py:190} INFO - ✅ Offre ajoutée avec succès : Sales Analyste (H/F) – Casablanca
[2025-03-21T01:22:31.488+0000] {logging_mixin.py:190} INFO - (rekrute.com) Offre ajoutée : Sales Analyste (H/F) – Casablanca
[2025-03-21T01:22:32.502+0000] {logging_mixin.py:190} INFO - ✅ Offre ajoutée avec succès : Téléacteur en création de traffic
[2025-03-21T01:22:32.503+0000] {logging_mixin.py:190} INFO - (rekrute.com) Offre ajoutée : Téléacteur en création de traffic
[2025-03-21T01:22:33.361+0000] {logging_mixin.py:190} INFO - ✅ Offre ajoutée avec succès : Rejoignez Amazing Media en tant que Créateur TikTok
[2025-03-21T01:22:33.362+0000] {logging_mixin.py:190} INFO - (rekrute.com) Offre ajoutée : Rejoignez Amazing Media en tant que Créateur TikTok
[2025-03-21T01:22:33.946+0000] {logging_mixin.py:190} INFO - ✅ Offre ajoutée avec succès : Trade Marketing Manager
[2025-03-21T01:22:33.947+0000] {logging_mixin.py:190} INFO - (rekrute.com) Offre ajoutée : Trade Marketing Manager
[2025-03-21T01:22:35.950+0000] {logging_mixin.py:190} INFO - (marocemploi.net) Traitement de la page 2...
[2025-03-21T01:22:38.209+0000] {logging_mixin.py:190} INFO - ✅ Offre ajoutée avec succès : Stagiaire PFE Contrôle de Gestion – Rémunéré – Ain Sebaa – Casablanca
[2025-03-21T01:22:38.209+0000] {logging_mixin.py:190} INFO - (rekrute.com) Offre ajoutée : Stagiaire PFE Contrôle de Gestion – Rémunéré – Ain Sebaa – Casablanca
[2025-03-21T01:22:39.333+0000] {logging_mixin.py:190} INFO - ✅ Offre ajoutée avec succès : Superviseur Modern Trade / GMS – Rabat
[2025-03-21T01:22:39.334+0000] {logging_mixin.py:190} INFO - (rekrute.com) Offre ajoutée : Superviseur Modern Trade / GMS – Rabat
[2025-03-21T01:22:39.894+0000] {logging_mixin.py:190} INFO - ✅ Offre ajoutée avec succès : Un(e) Sales Capability
[2025-03-21T01:22:39.894+0000] {logging_mixin.py:190} INFO - (rekrute.com) Offre ajoutée : Un(e) Sales Capability
[2025-03-21T01:22:40.432+0000] {logging_mixin.py:190} INFO - ✅ Offre ajoutée avec succès : Vendeur Gros
[2025-03-21T01:22:40.433+0000] {logging_mixin.py:190} INFO - (rekrute.com) Offre ajoutée : Vendeur Gros
[2025-03-21T01:22:40.940+0000] {logging_mixin.py:190} INFO - ✅ Offre ajoutée avec succès : Offre de Stage : Assistante ADV – Département Logistique
[2025-03-21T01:22:40.940+0000] {logging_mixin.py:190} INFO - (rekrute.com) Offre ajoutée : Offre de Stage : Assistante ADV – Département Logistique
[2025-03-21T01:22:41.324+0000] {logging_mixin.py:190} INFO - ✅ Offre ajoutée avec succès : Merchandiser
[2025-03-21T01:22:41.324+0000] {logging_mixin.py:190} INFO - (rekrute.com) Offre ajoutée : Merchandiser
[2025-03-21T01:22:41.850+0000] {logging_mixin.py:190} INFO - ✅ Offre ajoutée avec succès : Aide Magasinier
[2025-03-21T01:22:41.850+0000] {logging_mixin.py:190} INFO - (rekrute.com) Offre ajoutée : Aide Magasinier
[2025-03-21T01:22:42.284+0000] {logging_mixin.py:190} INFO - ✅ Offre ajoutée avec succès : Vendeurs Détail et Gros – Maroc –
[2025-03-21T01:22:42.284+0000] {logging_mixin.py:190} INFO - (rekrute.com) Offre ajoutée : Vendeurs Détail et Gros – Maroc –
[2025-03-21T01:22:42.775+0000] {logging_mixin.py:190} INFO - ✅ Offre ajoutée avec succès : Superviseur Détail
[2025-03-21T01:22:42.776+0000] {logging_mixin.py:190} INFO - (rekrute.com) Offre ajoutée : Superviseur Détail
[2025-03-21T01:22:43.322+0000] {logging_mixin.py:190} INFO - ✅ Offre ajoutée avec succès : VENDEURS et LIVREURS MEKNES
[2025-03-21T01:22:43.323+0000] {logging_mixin.py:190} INFO - (rekrute.com) Offre ajoutée : VENDEURS et LIVREURS MEKNES
[2025-03-21T01:22:43.975+0000] {logging_mixin.py:190} INFO - ✅ Offre ajoutée avec succès : SUPERVISEUR DETAIL MOHAMMEDIA
[2025-03-21T01:22:43.976+0000] {logging_mixin.py:190} INFO - (rekrute.com) Offre ajoutée : SUPERVISEUR DETAIL MOHAMMEDIA
[2025-03-21T01:22:44.724+0000] {logging_mixin.py:190} INFO - ✅ Offre ajoutée avec succès : Vendeurs Casablanca, Rabat et Marrakech
[2025-03-21T01:22:44.725+0000] {logging_mixin.py:190} INFO - (rekrute.com) Offre ajoutée : Vendeurs Casablanca, Rabat et Marrakech
[2025-03-21T01:22:45.598+0000] {logging_mixin.py:190} INFO - ✅ Offre ajoutée avec succès : COMPTABLE
[2025-03-21T01:22:45.599+0000] {logging_mixin.py:190} INFO - (rekrute.com) Offre ajoutée : COMPTABLE
[2025-03-21T01:22:47.615+0000] {logging_mixin.py:190} INFO - ✅ Données enregistrées dans /mnt/c/Users/hp/Desktop/offres/toutes_les_offres.json.
[2025-03-21T01:22:47.616+0000] {python.py:240} INFO - Done. Returned value was: None
[2025-03-21T01:22:47.673+0000] {taskinstance.py:341} INFO - ::group::Post task execution logs
[2025-03-21T01:22:47.673+0000] {taskinstance.py:353} INFO - Marking task as SUCCESS. dag_id=scrape_and_store_all_jobs, task_id=scrape_and_insert_data_to_json, run_id=manual__2025-03-21T01:21:40.740295+00:00, execution_date=20250321T012140, start_date=20250321T012149, end_date=20250321T012247
[2025-03-21T01:22:47.819+0000] {logging_mixin.py:190} INFO - Task instance in success state
[2025-03-21T01:22:47.820+0000] {logging_mixin.py:190} INFO -  Previous state of the Task instance: running
[2025-03-21T01:22:47.821+0000] {logging_mixin.py:190} INFO - Dag name:scrape_and_store_all_jobs queued_at:2025-03-21 01:21:41.585224+00:00
[2025-03-21T01:22:47.822+0000] {logging_mixin.py:190} INFO - Task hostname:DESKTOP-IM7V4RI. operator:PythonOperator
[2025-03-21T01:22:47.900+0000] {local_task_job_runner.py:266} INFO - Task exited with return code 0
[2025-03-21T01:22:47.925+0000] {taskinstance.py:3901} INFO - 0 downstream tasks scheduled from follow-on schedule check
[2025-03-21T01:22:47.934+0000] {local_task_job_runner.py:245} INFO - ::endgroup::
