[2025-03-16T19:32:30.177+0000] {local_task_job_runner.py:123} INFO - ::group::Pre task execution logs
[2025-03-16T19:32:30.288+0000] {taskinstance.py:2614} INFO - Dependencies all met for dep_context=non-requeueable deps ti=<TaskInstance: process_clean_reviews.alter_table manual__2025-03-16T19:32:27.015618+00:00 [queued]>
[2025-03-16T19:32:30.330+0000] {taskinstance.py:2614} INFO - Dependencies all met for dep_context=requeueable deps ti=<TaskInstance: process_clean_reviews.alter_table manual__2025-03-16T19:32:27.015618+00:00 [queued]>
[2025-03-16T19:32:30.332+0000] {taskinstance.py:2867} INFO - Starting attempt 1 of 2
[2025-03-16T19:32:30.499+0000] {taskinstance.py:2890} INFO - Executing <Task(BashOperator): alter_table> on 2025-03-16 19:32:27.015618+00:00
[2025-03-16T19:32:30.544+0000] {standard_task_runner.py:72} INFO - Started process 119764 to run task
[2025-03-16T19:32:30.555+0000] {standard_task_runner.py:104} INFO - Running: ['airflow', 'tasks', 'run', 'process_clean_reviews', 'alter_table', 'manual__2025-03-16T19:32:27.015618+00:00', '--job-id', '60', '--raw', '--subdir', 'DAGS_FOLDER/dag_Enrich_Data.py', '--cfg-path', '/tmp/tmp04p_b5nk']
[2025-03-16T19:32:30.559+0000] {standard_task_runner.py:105} INFO - Job 60: Subtask alter_table
[2025-03-16T19:32:30.836+0000] {task_command.py:467} INFO - Running <TaskInstance: process_clean_reviews.alter_table manual__2025-03-16T19:32:27.015618+00:00 [running]> on host DESKTOP-IM7V4RI.
[2025-03-16T19:32:31.177+0000] {taskinstance.py:3134} INFO - Exporting env vars: AIRFLOW_CTX_DAG_OWNER='airflow' AIRFLOW_CTX_DAG_ID='process_clean_reviews' AIRFLOW_CTX_TASK_ID='alter_table' AIRFLOW_CTX_EXECUTION_DATE='2025-03-16T19:32:27.015618+00:00' AIRFLOW_CTX_TRY_NUMBER='1' AIRFLOW_CTX_DAG_RUN_ID='manual__2025-03-16T19:32:27.015618+00:00'
[2025-03-16T19:32:31.181+0000] {logging_mixin.py:190} INFO - Task instance is in running state
[2025-03-16T19:32:31.181+0000] {logging_mixin.py:190} INFO -  Previous state of the Task instance: queued
[2025-03-16T19:32:31.182+0000] {logging_mixin.py:190} INFO - Current task name:alter_table state:running start_date:2025-03-16 19:32:30.291276+00:00
[2025-03-16T19:32:31.183+0000] {logging_mixin.py:190} INFO - Dag name:process_clean_reviews and current dag run status:running
[2025-03-16T19:32:31.183+0000] {taskinstance.py:732} INFO - ::endgroup::
[2025-03-16T19:32:31.186+0000] {subprocess.py:78} INFO - Tmp dir root location: /tmp
[2025-03-16T19:32:31.188+0000] {subprocess.py:88} INFO - Running command: ['/usr/bin/bash', '-c', 'python3 /home/mohammed/airflow/scripts/alter_table.py']
[2025-03-16T19:32:31.215+0000] {subprocess.py:99} INFO - Output:
[2025-03-16T19:32:31.706+0000] {subprocess.py:106} INFO - Traceback (most recent call last):
[2025-03-16T19:32:31.707+0000] {subprocess.py:106} INFO -   File "/home/mohammed/airflow/scripts/alter_table.py", line 4, in <module>
[2025-03-16T19:32:31.708+0000] {subprocess.py:106} INFO -     conn = psycopg2.connect(
[2025-03-16T19:32:31.709+0000] {subprocess.py:106} INFO -            ^^^^^^^^^^^^^^^^^
[2025-03-16T19:32:31.710+0000] {subprocess.py:106} INFO -   File "/home/mohammed/venv/lib/python3.11/site-packages/psycopg2/__init__.py", line 122, in connect
[2025-03-16T19:32:31.711+0000] {subprocess.py:106} INFO -     conn = _connect(dsn, connection_factory=connection_factory, **kwasync)
[2025-03-16T19:32:31.712+0000] {subprocess.py:106} INFO -            ^^^^^^^^^^^^^^^^^^^^^^^^^^^^^^^^^^^^^^^^^^^^^^^^^^^^^^^^^^^^^^^
[2025-03-16T19:32:31.713+0000] {subprocess.py:106} INFO - psycopg2.OperationalError: connection to server at "localhost" (127.0.0.1), port 5432 failed: FATAL:  password authentication failed for user "user_project"
[2025-03-16T19:32:31.713+0000] {subprocess.py:106} INFO - connection to server at "localhost" (127.0.0.1), port 5432 failed: FATAL:  password authentication failed for user "user_project"
[2025-03-16T19:32:31.714+0000] {subprocess.py:106} INFO - 
[2025-03-16T19:32:31.732+0000] {subprocess.py:110} INFO - Command exited with return code 1
[2025-03-16T19:32:31.789+0000] {taskinstance.py:3313} ERROR - Task failed with exception
Traceback (most recent call last):
  File "/home/mohammed/venv/lib/python3.11/site-packages/airflow/models/taskinstance.py", line 768, in _execute_task
    result = _execute_callable(context=context, **execute_callable_kwargs)
             ^^^^^^^^^^^^^^^^^^^^^^^^^^^^^^^^^^^^^^^^^^^^^^^^^^^^^^^^^^^^^
  File "/home/mohammed/venv/lib/python3.11/site-packages/airflow/models/taskinstance.py", line 734, in _execute_callable
    return ExecutionCallableRunner(
           ^^^^^^^^^^^^^^^^^^^^^^^^
  File "/home/mohammed/venv/lib/python3.11/site-packages/airflow/utils/operator_helpers.py", line 252, in run
    return self.func(*args, **kwargs)
           ^^^^^^^^^^^^^^^^^^^^^^^^^^
  File "/home/mohammed/venv/lib/python3.11/site-packages/airflow/models/baseoperator.py", line 424, in wrapper
    return func(self, *args, **kwargs)
           ^^^^^^^^^^^^^^^^^^^^^^^^^^^
  File "/home/mohammed/venv/lib/python3.11/site-packages/airflow/operators/bash.py", line 276, in execute
    raise AirflowException(
airflow.exceptions.AirflowException: Bash command failed. The command returned a non-zero exit code 1.
[2025-03-16T19:32:31.813+0000] {logging_mixin.py:190} INFO - Task instance in failure state
[2025-03-16T19:32:31.814+0000] {logging_mixin.py:190} INFO - Task start:2025-03-16 19:32:30.291276+00:00 end:2025-03-16 19:32:31.810963+00:00 duration:1.519687
[2025-03-16T19:32:31.815+0000] {logging_mixin.py:190} INFO - Task:<Task(BashOperator): alter_table> dag:<DAG: process_clean_reviews> dagrun:<DagRun process_clean_reviews @ 2025-03-16 19:32:27.015618+00:00: manual__2025-03-16T19:32:27.015618+00:00, state:running, queued_at: 2025-03-16 19:32:27.162808+00:00. externally triggered: True>
[2025-03-16T19:32:31.815+0000] {logging_mixin.py:190} INFO - Failure caused by Bash command failed. The command returned a non-zero exit code 1.
[2025-03-16T19:32:31.816+0000] {taskinstance.py:1226} INFO - Marking task as UP_FOR_RETRY. dag_id=process_clean_reviews, task_id=alter_table, run_id=manual__2025-03-16T19:32:27.015618+00:00, execution_date=20250316T193227, start_date=20250316T193230, end_date=20250316T193231
[2025-03-16T19:32:31.954+0000] {taskinstance.py:341} INFO - ::group::Post task execution logs
[2025-03-16T19:32:31.955+0000] {standard_task_runner.py:124} ERROR - Failed to execute job 60 for task alter_table (Bash command failed. The command returned a non-zero exit code 1.; 119764)
Traceback (most recent call last):
  File "/home/mohammed/venv/lib/python3.11/site-packages/airflow/task/task_runner/standard_task_runner.py", line 117, in _start_by_fork
    ret = args.func(args, dag=self.dag)
          ^^^^^^^^^^^^^^^^^^^^^^^^^^^^^
  File "/home/mohammed/venv/lib/python3.11/site-packages/airflow/cli/cli_config.py", line 49, in command
    return func(*args, **kwargs)
           ^^^^^^^^^^^^^^^^^^^^^
  File "/home/mohammed/venv/lib/python3.11/site-packages/airflow/utils/cli.py", line 116, in wrapper
    return f(*args, **kwargs)
           ^^^^^^^^^^^^^^^^^^
  File "/home/mohammed/venv/lib/python3.11/site-packages/airflow/cli/commands/task_command.py", line 483, in task_run
    task_return_code = _run_task_by_selected_method(args, _dag, ti)
                       ^^^^^^^^^^^^^^^^^^^^^^^^^^^^^^^^^^^^^^^^^^^^
  File "/home/mohammed/venv/lib/python3.11/site-packages/airflow/cli/commands/task_command.py", line 256, in _run_task_by_selected_method
    return _run_raw_task(args, ti)
           ^^^^^^^^^^^^^^^^^^^^^^^
  File "/home/mohammed/venv/lib/python3.11/site-packages/airflow/cli/commands/task_command.py", line 341, in _run_raw_task
    return ti._run_raw_task(
           ^^^^^^^^^^^^^^^^^
  File "/home/mohammed/venv/lib/python3.11/site-packages/airflow/utils/session.py", line 97, in wrapper
    return func(*args, session=session, **kwargs)
           ^^^^^^^^^^^^^^^^^^^^^^^^^^^^^^^^^^^^^^
  File "/home/mohammed/venv/lib/python3.11/site-packages/airflow/models/taskinstance.py", line 3006, in _run_raw_task
    return _run_raw_task(
           ^^^^^^^^^^^^^^
  File "/home/mohammed/venv/lib/python3.11/site-packages/airflow/models/taskinstance.py", line 274, in _run_raw_task
    TaskInstance._execute_task_with_callbacks(
  File "/home/mohammed/venv/lib/python3.11/site-packages/airflow/models/taskinstance.py", line 3161, in _execute_task_with_callbacks
    result = self._execute_task(context, task_orig)
             ^^^^^^^^^^^^^^^^^^^^^^^^^^^^^^^^^^^^^^
  File "/home/mohammed/venv/lib/python3.11/site-packages/airflow/models/taskinstance.py", line 3185, in _execute_task
    return _execute_task(self, context, task_orig)
           ^^^^^^^^^^^^^^^^^^^^^^^^^^^^^^^^^^^^^^^
  File "/home/mohammed/venv/lib/python3.11/site-packages/airflow/models/taskinstance.py", line 768, in _execute_task
    result = _execute_callable(context=context, **execute_callable_kwargs)
             ^^^^^^^^^^^^^^^^^^^^^^^^^^^^^^^^^^^^^^^^^^^^^^^^^^^^^^^^^^^^^
  File "/home/mohammed/venv/lib/python3.11/site-packages/airflow/models/taskinstance.py", line 734, in _execute_callable
    return ExecutionCallableRunner(
           ^^^^^^^^^^^^^^^^^^^^^^^^
  File "/home/mohammed/venv/lib/python3.11/site-packages/airflow/utils/operator_helpers.py", line 252, in run
    return self.func(*args, **kwargs)
           ^^^^^^^^^^^^^^^^^^^^^^^^^^
  File "/home/mohammed/venv/lib/python3.11/site-packages/airflow/models/baseoperator.py", line 424, in wrapper
    return func(self, *args, **kwargs)
           ^^^^^^^^^^^^^^^^^^^^^^^^^^^
  File "/home/mohammed/venv/lib/python3.11/site-packages/airflow/operators/bash.py", line 276, in execute
    raise AirflowException(
airflow.exceptions.AirflowException: Bash command failed. The command returned a non-zero exit code 1.
[2025-03-16T19:32:32.013+0000] {local_task_job_runner.py:266} INFO - Task exited with return code 1
[2025-03-16T19:32:32.086+0000] {taskinstance.py:3901} INFO - 0 downstream tasks scheduled from follow-on schedule check
[2025-03-16T19:32:32.095+0000] {local_task_job_runner.py:245} INFO - ::endgroup::
