[2025-03-03T18:05:14.466+0000] {local_task_job_runner.py:123} INFO - ::group::Pre task execution logs
[2025-03-03T18:05:14.510+0000] {taskinstance.py:2614} INFO - Dependencies all met for dep_context=non-requeueable deps ti=<TaskInstance: Simple_etl.file_sensor manual__2025-03-03T17:59:16.307736+00:00 [queued]>
[2025-03-03T18:05:14.521+0000] {taskinstance.py:2614} INFO - Dependencies all met for dep_context=requeueable deps ti=<TaskInstance: Simple_etl.file_sensor manual__2025-03-03T17:59:16.307736+00:00 [queued]>
[2025-03-03T18:05:14.521+0000] {taskinstance.py:2867} INFO - Starting attempt 1 of 1
[2025-03-03T18:05:14.538+0000] {taskinstance.py:2890} INFO - Executing <Task(FileSensor): file_sensor> on 2025-03-03 17:59:16.307736+00:00
[2025-03-03T18:05:14.542+0000] {standard_task_runner.py:72} INFO - Started process 69743 to run task
[2025-03-03T18:05:14.546+0000] {standard_task_runner.py:104} INFO - Running: ['airflow', 'tasks', 'run', 'Simple_etl', 'file_sensor', 'manual__2025-03-03T17:59:16.307736+00:00', '--job-id', '39', '--raw', '--subdir', 'DAGS_FOLDER/dag_etl.py', '--cfg-path', '/tmp/tmp8v8go463']
[2025-03-03T18:05:14.547+0000] {standard_task_runner.py:105} INFO - Job 39: Subtask file_sensor
[2025-03-03T18:05:14.654+0000] {task_command.py:467} INFO - Running <TaskInstance: Simple_etl.file_sensor manual__2025-03-03T17:59:16.307736+00:00 [running]> on host DESKTOP-IM7V4RI.
[2025-03-03T18:05:14.806+0000] {taskinstance.py:3134} INFO - Exporting env vars: AIRFLOW_CTX_DAG_EMAIL='airflow@example.com' AIRFLOW_CTX_DAG_OWNER='airflow' AIRFLOW_CTX_DAG_ID='Simple_etl' AIRFLOW_CTX_TASK_ID='file_sensor' AIRFLOW_CTX_EXECUTION_DATE='2025-03-03T17:59:16.307736+00:00' AIRFLOW_CTX_TRY_NUMBER='1' AIRFLOW_CTX_DAG_RUN_ID='manual__2025-03-03T17:59:16.307736+00:00'
[2025-03-03T18:05:14.808+0000] {logging_mixin.py:190} INFO - Task instance is in running state
[2025-03-03T18:05:14.808+0000] {logging_mixin.py:190} INFO -  Previous state of the Task instance: queued
[2025-03-03T18:05:14.809+0000] {logging_mixin.py:190} INFO - Current task name:file_sensor state:running start_date:2025-03-03 18:05:14.510569+00:00
[2025-03-03T18:05:14.809+0000] {logging_mixin.py:190} INFO - Dag name:Simple_etl and current dag run status:running
[2025-03-03T18:05:14.809+0000] {taskinstance.py:732} INFO - ::endgroup::
[2025-03-03T18:05:14.810+0000] {baseoperator.py:423} WARNING - FileSensor.execute cannot be called outside TaskInstance!
[2025-03-03T18:05:14.834+0000] {base.py:84} INFO - Retrieving connection 'fs_default'
[2025-03-03T18:05:14.835+0000] {filesystem.py:109} INFO - Poking for file /home/mohammed/input/*.csv
[2025-03-03T18:05:14.836+0000] {filesystem.py:113} INFO - Found File /home/mohammed/input/bank-additional.csv last modified: 20250224160741
[2025-03-03T18:05:14.836+0000] {base.py:339} INFO - Success criteria met. Exiting.
[2025-03-03T18:05:14.836+0000] {filesystem.py:109} INFO - Poking for file /home/mohammed/input/*.csv
[2025-03-03T18:05:14.836+0000] {filesystem.py:113} INFO - Found File /home/mohammed/input/bank-additional.csv last modified: 20250224160741
[2025-03-03T18:05:14.858+0000] {taskinstance.py:341} INFO - ::group::Post task execution logs
[2025-03-03T18:05:14.859+0000] {taskinstance.py:353} INFO - Marking task as SUCCESS. dag_id=Simple_etl, task_id=file_sensor, run_id=manual__2025-03-03T17:59:16.307736+00:00, execution_date=20250303T175916, start_date=20250303T180514, end_date=20250303T180514
[2025-03-03T18:05:14.909+0000] {logging_mixin.py:190} INFO - Task instance in success state
[2025-03-03T18:05:14.909+0000] {logging_mixin.py:190} INFO -  Previous state of the Task instance: running
[2025-03-03T18:05:14.909+0000] {logging_mixin.py:190} INFO - Dag name:Simple_etl queued_at:2025-03-03 17:59:16.322064+00:00
[2025-03-03T18:05:14.909+0000] {logging_mixin.py:190} INFO - Task hostname:DESKTOP-IM7V4RI. operator:FileSensor
[2025-03-03T18:05:14.919+0000] {local_task_job_runner.py:266} INFO - Task exited with return code 0
[2025-03-03T18:05:14.959+0000] {taskinstance.py:3901} INFO - 1 downstream tasks scheduled from follow-on schedule check
[2025-03-03T18:05:14.962+0000] {local_task_job_runner.py:245} INFO - ::endgroup::
