[2025-03-13T15:31:31.412+0000] {local_task_job_runner.py:123} INFO - ::group::Pre task execution logs
[2025-03-13T15:31:31.447+0000] {taskinstance.py:2614} INFO - Dependencies all met for dep_context=non-requeueable deps ti=<TaskInstance: Simple_etl.file_sensor manual__2025-03-03T17:59:16.307736+00:00 [queued]>
[2025-03-13T15:31:31.457+0000] {taskinstance.py:2614} INFO - Dependencies all met for dep_context=requeueable deps ti=<TaskInstance: Simple_etl.file_sensor manual__2025-03-03T17:59:16.307736+00:00 [queued]>
[2025-03-13T15:31:31.457+0000] {taskinstance.py:2867} INFO - Starting attempt 8 of 3
[2025-03-13T15:31:31.473+0000] {taskinstance.py:2890} INFO - Executing <Task(FileSensor): file_sensor> on 2025-03-03 17:59:16.307736+00:00
[2025-03-13T15:31:31.479+0000] {standard_task_runner.py:72} INFO - Started process 11871 to run task
[2025-03-13T15:31:31.484+0000] {standard_task_runner.py:104} INFO - Running: ['airflow', 'tasks', 'run', 'Simple_etl', 'file_sensor', 'manual__2025-03-03T17:59:16.307736+00:00', '--job-id', '92', '--raw', '--subdir', 'DAGS_FOLDER/dag_etl.py', '--cfg-path', '/tmp/tmpqhc7dukh']
[2025-03-13T15:31:31.485+0000] {standard_task_runner.py:105} INFO - Job 92: Subtask file_sensor
[2025-03-13T15:31:31.657+0000] {task_command.py:467} INFO - Running <TaskInstance: Simple_etl.file_sensor manual__2025-03-03T17:59:16.307736+00:00 [running]> on host DESKTOP-IM7V4RI.
[2025-03-13T15:31:31.862+0000] {taskinstance.py:3134} INFO - Exporting env vars: AIRFLOW_CTX_DAG_EMAIL='airflow@example.com' AIRFLOW_CTX_DAG_OWNER='airflow' AIRFLOW_CTX_DAG_ID='Simple_etl' AIRFLOW_CTX_TASK_ID='file_sensor' AIRFLOW_CTX_EXECUTION_DATE='2025-03-03T17:59:16.307736+00:00' AIRFLOW_CTX_TRY_NUMBER='8' AIRFLOW_CTX_DAG_RUN_ID='manual__2025-03-03T17:59:16.307736+00:00'
[2025-03-13T15:31:31.864+0000] {logging_mixin.py:190} INFO - Task instance is in running state
[2025-03-13T15:31:31.864+0000] {logging_mixin.py:190} INFO -  Previous state of the Task instance: queued
[2025-03-13T15:31:31.865+0000] {logging_mixin.py:190} INFO - Current task name:file_sensor state:running start_date:2025-03-13 15:31:31.447641+00:00
[2025-03-13T15:31:31.865+0000] {logging_mixin.py:190} INFO - Dag name:Simple_etl and current dag run status:running
[2025-03-13T15:31:31.866+0000] {taskinstance.py:732} INFO - ::endgroup::
[2025-03-13T15:31:31.866+0000] {baseoperator.py:423} WARNING - FileSensor.execute cannot be called outside TaskInstance!
[2025-03-13T15:31:31.900+0000] {base.py:84} INFO - Retrieving connection 'fs_default'
[2025-03-13T15:31:31.900+0000] {filesystem.py:109} INFO - Poking for file /home/mohammed/input/*.csv
[2025-03-13T15:31:41.901+0000] {filesystem.py:109} INFO - Poking for file /home/mohammed/input/*.csv
[2025-03-13T15:31:53.857+0000] {filesystem.py:109} INFO - Poking for file /home/mohammed/input/*.csv
[2025-03-13T15:32:03.858+0000] {filesystem.py:109} INFO - Poking for file /home/mohammed/input/*.csv
[2025-03-13T15:32:13.859+0000] {filesystem.py:109} INFO - Poking for file /home/mohammed/input/*.csv
[2025-03-13T15:32:25.990+0000] {filesystem.py:109} INFO - Poking for file /home/mohammed/input/*.csv
[2025-03-13T15:32:35.991+0000] {filesystem.py:109} INFO - Poking for file /home/mohammed/input/*.csv
[2025-03-13T15:32:45.992+0000] {filesystem.py:109} INFO - Poking for file /home/mohammed/input/*.csv
[2025-03-13T15:32:59.351+0000] {filesystem.py:109} INFO - Poking for file /home/mohammed/input/*.csv
[2025-03-13T15:33:09.352+0000] {filesystem.py:109} INFO - Poking for file /home/mohammed/input/*.csv
[2025-03-13T15:33:19.354+0000] {filesystem.py:109} INFO - Poking for file /home/mohammed/input/*.csv
[2025-03-13T15:33:29.355+0000] {filesystem.py:109} INFO - Poking for file /home/mohammed/input/*.csv
[2025-03-13T15:33:42.604+0000] {filesystem.py:109} INFO - Poking for file /home/mohammed/input/*.csv
[2025-03-13T15:33:52.605+0000] {filesystem.py:109} INFO - Poking for file /home/mohammed/input/*.csv
[2025-03-13T15:34:02.606+0000] {filesystem.py:109} INFO - Poking for file /home/mohammed/input/*.csv
[2025-03-13T15:34:15.196+0000] {filesystem.py:109} INFO - Poking for file /home/mohammed/input/*.csv
[2025-03-13T15:34:25.197+0000] {filesystem.py:109} INFO - Poking for file /home/mohammed/input/*.csv
[2025-03-13T15:34:35.199+0000] {filesystem.py:109} INFO - Poking for file /home/mohammed/input/*.csv
[2025-03-13T15:34:47.767+0000] {filesystem.py:109} INFO - Poking for file /home/mohammed/input/*.csv
[2025-03-13T15:34:57.768+0000] {filesystem.py:109} INFO - Poking for file /home/mohammed/input/*.csv
[2025-03-13T15:35:07.771+0000] {filesystem.py:109} INFO - Poking for file /home/mohammed/input/*.csv
[2025-03-13T15:35:20.638+0000] {filesystem.py:109} INFO - Poking for file /home/mohammed/input/*.csv
[2025-03-13T15:35:30.639+0000] {filesystem.py:109} INFO - Poking for file /home/mohammed/input/*.csv
[2025-03-13T15:35:40.643+0000] {filesystem.py:109} INFO - Poking for file /home/mohammed/input/*.csv
[2025-03-13T15:35:50.643+0000] {filesystem.py:109} INFO - Poking for file /home/mohammed/input/*.csv
[2025-03-13T15:36:03.940+0000] {filesystem.py:109} INFO - Poking for file /home/mohammed/input/*.csv
[2025-03-13T15:36:13.941+0000] {filesystem.py:109} INFO - Poking for file /home/mohammed/input/*.csv
[2025-03-13T15:36:24.010+0000] {filesystem.py:109} INFO - Poking for file /home/mohammed/input/*.csv
[2025-03-13T15:36:37.162+0000] {filesystem.py:109} INFO - Poking for file /home/mohammed/input/*.csv
[2025-03-13T15:36:47.227+0000] {filesystem.py:109} INFO - Poking for file /home/mohammed/input/*.csv
[2025-03-13T15:36:57.236+0000] {filesystem.py:109} INFO - Poking for file /home/mohammed/input/*.csv
[2025-03-13T15:37:10.414+0000] {filesystem.py:109} INFO - Poking for file /home/mohammed/input/*.csv
[2025-03-13T15:37:20.416+0000] {filesystem.py:109} INFO - Poking for file /home/mohammed/input/*.csv
[2025-03-13T15:37:30.420+0000] {filesystem.py:109} INFO - Poking for file /home/mohammed/input/*.csv
[2025-03-13T15:37:40.421+0000] {filesystem.py:109} INFO - Poking for file /home/mohammed/input/*.csv
[2025-03-13T15:37:50.433+0000] {filesystem.py:109} INFO - Poking for file /home/mohammed/input/*.csv
[2025-03-13T15:38:04.584+0000] {filesystem.py:109} INFO - Poking for file /home/mohammed/input/*.csv
[2025-03-13T15:38:04.588+0000] {filesystem.py:113} INFO - Found File /home/mohammed/input/bank-additional.csv last modified: 20250224160741
[2025-03-13T15:38:04.601+0000] {base.py:339} INFO - Success criteria met. Exiting.
[2025-03-13T15:38:04.673+0000] {filesystem.py:109} INFO - Poking for file /home/mohammed/input/*.csv
[2025-03-13T15:38:04.674+0000] {filesystem.py:113} INFO - Found File /home/mohammed/input/bank-additional.csv last modified: 20250224160741
[2025-03-13T15:38:09.091+0000] {taskinstance.py:341} INFO - ::group::Post task execution logs
[2025-03-13T15:38:09.126+0000] {taskinstance.py:353} INFO - Marking task as SUCCESS. dag_id=Simple_etl, task_id=file_sensor, run_id=manual__2025-03-03T17:59:16.307736+00:00, execution_date=20250303T175916, start_date=20250313T153131, end_date=20250313T153809
[2025-03-13T15:38:10.423+0000] {logging_mixin.py:190} INFO - Task instance in success state
[2025-03-13T15:38:10.496+0000] {logging_mixin.py:190} INFO -  Previous state of the Task instance: running
[2025-03-13T15:38:10.497+0000] {logging_mixin.py:190} INFO - Dag name:Simple_etl queued_at:2025-03-03 18:14:28.392609+00:00
[2025-03-13T15:38:10.497+0000] {logging_mixin.py:190} INFO - Task hostname:DESKTOP-IM7V4RI. operator:FileSensor
[2025-03-13T15:38:11.317+0000] {local_task_job_runner.py:266} INFO - Task exited with return code 0
[2025-03-13T15:38:13.939+0000] {standard_task_runner.py:217} INFO - Process not found (most likely exited), stop collecting metrics
[2025-03-13T15:38:13.981+0000] {taskinstance.py:3901} INFO - 0 downstream tasks scheduled from follow-on schedule check
[2025-03-13T15:38:13.989+0000] {local_task_job_runner.py:245} INFO - ::endgroup::
