[2025-03-18T18:35:04.300+0000] {local_task_job_runner.py:123} INFO - ::group::Pre task execution logs
[2025-03-18T18:35:04.472+0000] {taskinstance.py:2614} INFO - Dependencies all met for dep_context=non-requeueable deps ti=<TaskInstance: load_dbt_clean_reviews_pipeline.dbt_run scheduled__2025-02-18T00:00:00+00:00 [queued]>
[2025-03-18T18:35:04.543+0000] {taskinstance.py:2614} INFO - Dependencies all met for dep_context=requeueable deps ti=<TaskInstance: load_dbt_clean_reviews_pipeline.dbt_run scheduled__2025-02-18T00:00:00+00:00 [queued]>
[2025-03-18T18:35:04.543+0000] {taskinstance.py:2867} INFO - Starting attempt 1 of 2
[2025-03-18T18:35:04.671+0000] {taskinstance.py:2890} INFO - Executing <Task(BashOperator): dbt_run> on 2025-02-18 00:00:00+00:00
[2025-03-18T18:35:04.711+0000] {standard_task_runner.py:72} INFO - Started process 31398 to run task
[2025-03-18T18:35:04.784+0000] {standard_task_runner.py:104} INFO - Running: ['airflow', 'tasks', 'run', 'load_dbt_clean_reviews_pipeline', 'dbt_run', 'scheduled__2025-02-18T00:00:00+00:00', '--job-id', '1167', '--raw', '--subdir', 'DAGS_FOLDER/dag_load_reviews.py', '--cfg-path', '/tmp/tmpgkupz68d']
[2025-03-18T18:35:04.787+0000] {standard_task_runner.py:105} INFO - Job 1167: Subtask dbt_run
[2025-03-18T18:35:05.372+0000] {task_command.py:467} INFO - Running <TaskInstance: load_dbt_clean_reviews_pipeline.dbt_run scheduled__2025-02-18T00:00:00+00:00 [running]> on host DESKTOP-IM7V4RI.
[2025-03-18T18:35:06.372+0000] {taskinstance.py:3134} INFO - Exporting env vars: AIRFLOW_CTX_DAG_OWNER='mohammed' AIRFLOW_CTX_DAG_ID='load_dbt_clean_reviews_pipeline' AIRFLOW_CTX_TASK_ID='dbt_run' AIRFLOW_CTX_EXECUTION_DATE='2025-02-18T00:00:00+00:00' AIRFLOW_CTX_TRY_NUMBER='1' AIRFLOW_CTX_DAG_RUN_ID='scheduled__2025-02-18T00:00:00+00:00'
[2025-03-18T18:35:06.378+0000] {logging_mixin.py:190} INFO - Task instance is in running state
[2025-03-18T18:35:06.379+0000] {logging_mixin.py:190} INFO -  Previous state of the Task instance: queued
[2025-03-18T18:35:06.381+0000] {logging_mixin.py:190} INFO - Current task name:dbt_run state:running start_date:2025-03-18 18:35:04.473787+00:00
[2025-03-18T18:35:06.404+0000] {logging_mixin.py:190} INFO - Dag name:load_dbt_clean_reviews_pipeline and current dag run status:running
[2025-03-18T18:35:06.405+0000] {taskinstance.py:732} INFO - ::endgroup::
[2025-03-18T18:35:06.406+0000] {subprocess.py:78} INFO - Tmp dir root location: /tmp
[2025-03-18T18:35:06.409+0000] {subprocess.py:88} INFO - Running command: ['/usr/bin/bash', '-c', 'cd /home/mohammed/.dbt/dbt_projects/bank_reviews_transactional && dbt run']
[2025-03-18T18:35:06.583+0000] {subprocess.py:99} INFO - Output:
[2025-03-18T18:35:20.184+0000] {subprocess.py:106} INFO - [0m18:35:20  Running with dbt=1.9.3
[2025-03-18T18:35:22.606+0000] {subprocess.py:106} INFO - [0m18:35:22  Registered adapter: postgres=1.9.0
[2025-03-18T18:35:24.393+0000] {subprocess.py:106} INFO - [0m18:35:24  [[33mWARNING[0m]: Configuration paths exist in your dbt_project.yml file which do not apply to any resources.
[2025-03-18T18:35:24.394+0000] {subprocess.py:106} INFO - There are 1 unused configuration paths:
[2025-03-18T18:35:24.394+0000] {subprocess.py:106} INFO - - models.bank_reviews_transactional.transactional
[2025-03-18T18:35:25.170+0000] {subprocess.py:106} INFO - [0m18:35:25  Found 1 model, 1 source, 433 macros
[2025-03-18T18:35:25.178+0000] {subprocess.py:106} INFO - [0m18:35:25
[2025-03-18T18:35:25.184+0000] {subprocess.py:106} INFO - [0m18:35:25  Concurrency: 4 threads (target='dev')
[2025-03-18T18:35:25.198+0000] {subprocess.py:106} INFO - [0m18:35:25
[2025-03-18T18:35:26.257+0000] {subprocess.py:106} INFO - [0m18:35:26  1 of 1 START sql table model transactional.clean_reviews ....................... [RUN]
[2025-03-18T18:35:36.174+0000] {subprocess.py:106} INFO - [0m18:35:36  1 of 1 OK created sql table model transactional.clean_reviews .................. [[32mSELECT 549[0m in 9.91s]
[2025-03-18T18:35:36.254+0000] {subprocess.py:106} INFO - [0m18:35:36
[2025-03-18T18:35:36.257+0000] {subprocess.py:106} INFO - [0m18:35:36  Finished running 1 table model in 0 hours 0 minutes and 11.05 seconds (11.05s).
[2025-03-18T18:35:36.391+0000] {subprocess.py:106} INFO - [0m18:35:36
[2025-03-18T18:35:36.393+0000] {subprocess.py:106} INFO - [0m18:35:36  [32mCompleted successfully[0m
[2025-03-18T18:35:36.395+0000] {subprocess.py:106} INFO - [0m18:35:36
[2025-03-18T18:35:36.397+0000] {subprocess.py:106} INFO - [0m18:35:36  Done. PASS=1 WARN=0 ERROR=0 SKIP=0 TOTAL=1
[2025-03-18T18:35:41.352+0000] {subprocess.py:110} INFO - Command exited with return code 0
[2025-03-18T18:35:41.510+0000] {taskinstance.py:341} INFO - ::group::Post task execution logs
[2025-03-18T18:35:41.512+0000] {taskinstance.py:353} INFO - Marking task as SUCCESS. dag_id=load_dbt_clean_reviews_pipeline, task_id=dbt_run, run_id=scheduled__2025-02-18T00:00:00+00:00, execution_date=20250218T000000, start_date=20250318T183504, end_date=20250318T183541
[2025-03-18T18:35:41.726+0000] {logging_mixin.py:190} INFO - Task instance in success state
[2025-03-18T18:35:41.726+0000] {logging_mixin.py:190} INFO -  Previous state of the Task instance: running
[2025-03-18T18:35:41.727+0000] {logging_mixin.py:190} INFO - Dag name:load_dbt_clean_reviews_pipeline queued_at:2025-03-18 18:34:58.909480+00:00
[2025-03-18T18:35:41.727+0000] {logging_mixin.py:190} INFO - Task hostname:DESKTOP-IM7V4RI. operator:BashOperator
[2025-03-18T18:35:41.785+0000] {local_task_job_runner.py:266} INFO - Task exited with return code 0
[2025-03-18T18:35:41.882+0000] {taskinstance.py:3901} INFO - 0 downstream tasks scheduled from follow-on schedule check
[2025-03-18T18:35:41.890+0000] {local_task_job_runner.py:245} INFO - ::endgroup::
