[2025-03-22T18:18:35.296+0000] {local_task_job_runner.py:123} INFO - ::group::Pre task execution logs
[2025-03-22T18:18:35.425+0000] {taskinstance.py:2614} INFO - Dependencies all met for dep_context=non-requeueable deps ti=<TaskInstance: process_enrichir_clean_reviews.topic_modeling manual__2025-03-22T18:18:25.266433+00:00 [queued]>
[2025-03-22T18:18:35.465+0000] {taskinstance.py:2614} INFO - Dependencies all met for dep_context=requeueable deps ti=<TaskInstance: process_enrichir_clean_reviews.topic_modeling manual__2025-03-22T18:18:25.266433+00:00 [queued]>
[2025-03-22T18:18:35.466+0000] {taskinstance.py:2867} INFO - Starting attempt 1 of 2
[2025-03-22T18:18:35.617+0000] {taskinstance.py:2890} INFO - Executing <Task(BashOperator): topic_modeling> on 2025-03-22 18:18:25.266433+00:00
[2025-03-22T18:18:35.674+0000] {standard_task_runner.py:72} INFO - Started process 18684 to run task
[2025-03-22T18:18:35.698+0000] {standard_task_runner.py:104} INFO - Running: ['airflow', 'tasks', 'run', 'process_enrichir_clean_reviews', 'topic_modeling', 'manual__2025-03-22T18:18:25.266433+00:00', '--job-id', '1947', '--raw', '--subdir', 'DAGS_FOLDER/process_clean_reviews.py', '--cfg-path', '/tmp/tmp9x39g3ne']
[2025-03-22T18:18:35.712+0000] {standard_task_runner.py:105} INFO - Job 1947: Subtask topic_modeling
[2025-03-22T18:18:37.505+0000] {task_command.py:467} INFO - Running <TaskInstance: process_enrichir_clean_reviews.topic_modeling manual__2025-03-22T18:18:25.266433+00:00 [running]> on host DESKTOP-IM7V4RI.
[2025-03-22T18:18:41.032+0000] {taskinstance.py:3134} INFO - Exporting env vars: AIRFLOW_CTX_DAG_OWNER='airflow' AIRFLOW_CTX_DAG_ID='process_enrichir_clean_reviews' AIRFLOW_CTX_TASK_ID='topic_modeling' AIRFLOW_CTX_EXECUTION_DATE='2025-03-22T18:18:25.266433+00:00' AIRFLOW_CTX_TRY_NUMBER='1' AIRFLOW_CTX_DAG_RUN_ID='manual__2025-03-22T18:18:25.266433+00:00'
[2025-03-22T18:18:41.039+0000] {logging_mixin.py:190} INFO - Task instance is in running state
[2025-03-22T18:18:41.051+0000] {logging_mixin.py:190} INFO -  Previous state of the Task instance: queued
[2025-03-22T18:18:41.052+0000] {logging_mixin.py:190} INFO - Current task name:topic_modeling state:running start_date:2025-03-22 18:18:35.426282+00:00
[2025-03-22T18:18:41.053+0000] {logging_mixin.py:190} INFO - Dag name:process_enrichir_clean_reviews and current dag run status:running
[2025-03-22T18:18:41.054+0000] {taskinstance.py:732} INFO - ::endgroup::
[2025-03-22T18:18:41.056+0000] {subprocess.py:78} INFO - Tmp dir root location: /tmp
[2025-03-22T18:18:41.061+0000] {subprocess.py:88} INFO - Running command: ['/usr/bin/bash', '-c', 'python3 /home/mohammed/airflow/scripts/topic_modeling.py']
[2025-03-22T18:18:41.328+0000] {subprocess.py:99} INFO - Output:
[2025-03-22T18:18:45.571+0000] {job.py:229} INFO - Heartbeat recovered after 10.70 seconds
[2025-03-22T18:19:46.599+0000] {job.py:229} INFO - Heartbeat recovered after 11.55 seconds
[2025-03-22T18:19:54.741+0000] {job.py:229} INFO - Heartbeat recovered after 13.11 seconds
[2025-03-22T18:20:19.951+0000] {job.py:229} INFO - Heartbeat recovered after 14.97 seconds
[2025-03-22T18:20:41.440+0000] {job.py:229} INFO - Heartbeat recovered after 31.17 seconds
[2025-03-22T18:22:50.043+0000] {subprocess.py:106} INFO - === Sujets Extraits ===
[2025-03-22T18:22:50.423+0000] {subprocess.py:106} INFO - Service Client: aucun service respect professionnel central
[2025-03-22T18:22:50.433+0000] {subprocess.py:106} INFO - Produits Bancaires: maroc muser voir absolument bien
[2025-03-22T18:22:50.445+0000] {subprocess.py:106} INFO - Frais et Tarifs: bon service excellent architecture bank
[2025-03-22T18:22:50.456+0000] {subprocess.py:106} INFO - Expérience Numérique: bien expérience daccord club prestation
[2025-03-22T18:22:50.460+0000] {subprocess.py:106} INFO - Sécurité et Confidentialité: nul service monnaie agence muser
[2025-03-22T18:22:50.461+0000] {subprocess.py:106} INFO - Accessibilité et Agences: mauvais service agence personnel recommander
[2025-03-22T18:22:50.463+0000] {subprocess.py:106} INFO - ✅ Extraction des sujets terminée avec succès ! 🚀
[2025-03-22T18:24:02.075+0000] {subprocess.py:110} INFO - Command exited with return code 0
[2025-03-22T18:24:05.928+0000] {taskinstance.py:341} INFO - ::group::Post task execution logs
[2025-03-22T18:24:05.935+0000] {taskinstance.py:353} INFO - Marking task as SUCCESS. dag_id=process_enrichir_clean_reviews, task_id=topic_modeling, run_id=manual__2025-03-22T18:18:25.266433+00:00, execution_date=20250322T181825, start_date=20250322T181835, end_date=20250322T182405
[2025-03-22T18:24:06.144+0000] {logging_mixin.py:190} INFO - Task instance in success state
[2025-03-22T18:24:06.145+0000] {logging_mixin.py:190} INFO -  Previous state of the Task instance: running
[2025-03-22T18:24:06.146+0000] {logging_mixin.py:190} INFO - Dag name:process_enrichir_clean_reviews queued_at:2025-03-22 18:18:25.373565+00:00
[2025-03-22T18:24:06.148+0000] {logging_mixin.py:190} INFO - Task hostname:DESKTOP-IM7V4RI. operator:BashOperator
[2025-03-22T18:24:06.235+0000] {local_task_job_runner.py:266} INFO - Task exited with return code 0
[2025-03-22T18:24:06.388+0000] {local_task_job_runner.py:245} INFO - ::endgroup::
