[2025-03-20T23:53:52.287+0000] {local_task_job_runner.py:123} INFO - ::group::Pre task execution logs
[2025-03-20T23:53:52.351+0000] {taskinstance.py:2614} INFO - Dependencies all met for dep_context=non-requeueable deps ti=<TaskInstance: scrape_and_store_all_jobs.scrape_and_insert_data_to_json manual__2025-03-20T23:53:45.700215+00:00 [queued]>
[2025-03-20T23:53:52.389+0000] {taskinstance.py:2614} INFO - Dependencies all met for dep_context=requeueable deps ti=<TaskInstance: scrape_and_store_all_jobs.scrape_and_insert_data_to_json manual__2025-03-20T23:53:45.700215+00:00 [queued]>
[2025-03-20T23:53:52.401+0000] {taskinstance.py:2867} INFO - Starting attempt 1 of 2
[2025-03-20T23:53:52.505+0000] {taskinstance.py:2890} INFO - Executing <Task(PythonOperator): scrape_and_insert_data_to_json> on 2025-03-20 23:53:45.700215+00:00
[2025-03-20T23:53:52.523+0000] {standard_task_runner.py:72} INFO - Started process 450955 to run task
[2025-03-20T23:53:52.529+0000] {standard_task_runner.py:104} INFO - Running: ['airflow', 'tasks', 'run', 'scrape_and_store_all_jobs', 'scrape_and_insert_data_to_json', 'manual__2025-03-20T23:53:45.700215+00:00', '--job-id', '1864', '--raw', '--subdir', 'DAGS_FOLDER/dags/scrape_and_store_all_jobs.py', '--cfg-path', '/tmp/tmpkgy9mrrm']
[2025-03-20T23:53:52.531+0000] {standard_task_runner.py:105} INFO - Job 1864: Subtask scrape_and_insert_data_to_json
[2025-03-20T23:53:52.776+0000] {task_command.py:467} INFO - Running <TaskInstance: scrape_and_store_all_jobs.scrape_and_insert_data_to_json manual__2025-03-20T23:53:45.700215+00:00 [running]> on host DESKTOP-IM7V4RI.
[2025-03-20T23:53:53.044+0000] {taskinstance.py:3134} INFO - Exporting env vars: AIRFLOW_CTX_DAG_OWNER='airflow' AIRFLOW_CTX_DAG_ID='scrape_and_store_all_jobs' AIRFLOW_CTX_TASK_ID='scrape_and_insert_data_to_json' AIRFLOW_CTX_EXECUTION_DATE='2025-03-20T23:53:45.700215+00:00' AIRFLOW_CTX_TRY_NUMBER='1' AIRFLOW_CTX_DAG_RUN_ID='manual__2025-03-20T23:53:45.700215+00:00'
[2025-03-20T23:53:53.047+0000] {logging_mixin.py:190} INFO - Task instance is in running state
[2025-03-20T23:53:53.048+0000] {logging_mixin.py:190} INFO -  Previous state of the Task instance: queued
[2025-03-20T23:53:53.048+0000] {logging_mixin.py:190} INFO - Current task name:scrape_and_insert_data_to_json state:running start_date:2025-03-20 23:53:52.352568+00:00
[2025-03-20T23:53:53.048+0000] {logging_mixin.py:190} INFO - Dag name:scrape_and_store_all_jobs and current dag run status:running
[2025-03-20T23:53:53.049+0000] {taskinstance.py:732} INFO - ::endgroup::
[2025-03-20T23:53:53.053+0000] {logging_mixin.py:190} INFO - Extraction des données depuis rekrute.com...
[2025-03-20T23:53:59.517+0000] {logging_mixin.py:190} INFO - (rekrute.com) Nombre total de pages : 172
[2025-03-20T23:53:59.518+0000] {logging_mixin.py:190} INFO - (rekrute.com) Traitement de la page 1...
[2025-03-20T23:54:06.595+0000] {logging_mixin.py:190} INFO - (rekrute.com) Traitement de la page 2...
[2025-03-20T23:54:14.540+0000] {logging_mixin.py:190} INFO - Extraction des données depuis marocemploi.net...
[2025-03-20T23:54:14.540+0000] {logging_mixin.py:190} INFO - (marocemploi.net) Traitement de la page 1...
[2025-03-20T23:54:28.901+0000] {logging_mixin.py:190} INFO - (marocemploi.net) Traitement de la page 2...
[2025-03-20T23:54:36.172+0000] {logging_mixin.py:190} INFO - ✅ Données enregistrées dans /mnt/c/Users/hp/Desktop/offres/toutes_les_offres.json.
[2025-03-20T23:54:36.173+0000] {python.py:240} INFO - Done. Returned value was: None
[2025-03-20T23:54:36.200+0000] {taskinstance.py:341} INFO - ::group::Post task execution logs
[2025-03-20T23:54:36.201+0000] {taskinstance.py:353} INFO - Marking task as SUCCESS. dag_id=scrape_and_store_all_jobs, task_id=scrape_and_insert_data_to_json, run_id=manual__2025-03-20T23:53:45.700215+00:00, execution_date=20250320T235345, start_date=20250320T235352, end_date=20250320T235436
[2025-03-20T23:54:36.267+0000] {logging_mixin.py:190} INFO - Task instance in success state
[2025-03-20T23:54:36.268+0000] {logging_mixin.py:190} INFO -  Previous state of the Task instance: running
[2025-03-20T23:54:36.268+0000] {logging_mixin.py:190} INFO - Dag name:scrape_and_store_all_jobs queued_at:2025-03-20 23:53:46.458187+00:00
[2025-03-20T23:54:36.268+0000] {logging_mixin.py:190} INFO - Task hostname:DESKTOP-IM7V4RI. operator:PythonOperator
[2025-03-20T23:54:36.332+0000] {local_task_job_runner.py:266} INFO - Task exited with return code 0
[2025-03-20T23:54:36.478+0000] {taskinstance.py:3901} INFO - 0 downstream tasks scheduled from follow-on schedule check
[2025-03-20T23:54:36.483+0000] {local_task_job_runner.py:245} INFO - ::endgroup::
