[2025-03-17T01:17:34.939+0000] {local_task_job_runner.py:123} INFO - ::group::Pre task execution logs
[2025-03-17T01:17:34.973+0000] {taskinstance.py:2614} INFO - Dependencies all met for dep_context=non-requeueable deps ti=<TaskInstance: load_reviews_pipeline.dbt_run scheduled__2025-01-03T00:00:00+00:00 [queued]>
[2025-03-17T01:17:34.986+0000] {taskinstance.py:2614} INFO - Dependencies all met for dep_context=requeueable deps ti=<TaskInstance: load_reviews_pipeline.dbt_run scheduled__2025-01-03T00:00:00+00:00 [queued]>
[2025-03-17T01:17:34.986+0000] {taskinstance.py:2867} INFO - Starting attempt 2 of 2
[2025-03-17T01:17:35.007+0000] {taskinstance.py:2890} INFO - Executing <Task(BashOperator): dbt_run> on 2025-01-03 00:00:00+00:00
[2025-03-17T01:17:35.015+0000] {standard_task_runner.py:72} INFO - Started process 327155 to run task
[2025-03-17T01:17:35.021+0000] {standard_task_runner.py:104} INFO - Running: ['airflow', 'tasks', 'run', 'load_reviews_pipeline', 'dbt_run', 'scheduled__2025-01-03T00:00:00+00:00', '--job-id', '620', '--raw', '--subdir', 'DAGS_FOLDER/dag_load_reviews.py', '--cfg-path', '/tmp/tmp8uf5rckc']
[2025-03-17T01:17:35.022+0000] {standard_task_runner.py:105} INFO - Job 620: Subtask dbt_run
[2025-03-17T01:17:35.142+0000] {task_command.py:467} INFO - Running <TaskInstance: load_reviews_pipeline.dbt_run scheduled__2025-01-03T00:00:00+00:00 [running]> on host DESKTOP-IM7V4RI.
[2025-03-17T01:17:35.463+0000] {taskinstance.py:3134} INFO - Exporting env vars: AIRFLOW_CTX_DAG_OWNER='mohammed' AIRFLOW_CTX_DAG_ID='load_reviews_pipeline' AIRFLOW_CTX_TASK_ID='dbt_run' AIRFLOW_CTX_EXECUTION_DATE='2025-01-03T00:00:00+00:00' AIRFLOW_CTX_TRY_NUMBER='2' AIRFLOW_CTX_DAG_RUN_ID='scheduled__2025-01-03T00:00:00+00:00'
[2025-03-17T01:17:35.469+0000] {logging_mixin.py:190} INFO - Task instance is in running state
[2025-03-17T01:17:35.470+0000] {logging_mixin.py:190} INFO -  Previous state of the Task instance: queued
[2025-03-17T01:17:35.471+0000] {logging_mixin.py:190} INFO - Current task name:dbt_run state:running start_date:2025-03-17 01:17:34.974385+00:00
[2025-03-17T01:17:35.473+0000] {logging_mixin.py:190} INFO - Dag name:load_reviews_pipeline and current dag run status:running
[2025-03-17T01:17:35.474+0000] {taskinstance.py:732} INFO - ::endgroup::
[2025-03-17T01:17:35.479+0000] {subprocess.py:78} INFO - Tmp dir root location: /tmp
[2025-03-17T01:17:35.484+0000] {subprocess.py:88} INFO - Running command: ['/usr/bin/bash', '-c', 'cd /home/mohammed/.dbt/bank_reviews_project && dbt run']
[2025-03-17T01:17:35.547+0000] {subprocess.py:99} INFO - Output:
[2025-03-17T01:17:38.564+0000] {subprocess.py:106} INFO - [0m01:17:38  Running with dbt=1.9.3
[2025-03-17T01:17:39.144+0000] {subprocess.py:106} INFO - [0m01:17:39  Registered adapter: postgres=1.9.0
[2025-03-17T01:17:39.776+0000] {subprocess.py:106} INFO - [0m01:17:39  Found 10 models, 4 data tests, 2 sources, 433 macros
[2025-03-17T01:17:39.780+0000] {subprocess.py:106} INFO - [0m01:17:39
[2025-03-17T01:17:39.781+0000] {subprocess.py:106} INFO - [0m01:17:39  Concurrency: 4 threads (target='dev')
[2025-03-17T01:17:39.781+0000] {subprocess.py:106} INFO - [0m01:17:39
[2025-03-17T01:17:40.000+0000] {subprocess.py:106} INFO - [0m01:17:40  1 of 10 START sql view model public.clean_reviews .............................. [RUN]
[2025-03-17T01:17:40.019+0000] {subprocess.py:106} INFO - [0m01:17:40  2 of 10 START sql table model public.my_first_dbt_model ........................ [RUN]
[2025-03-17T01:17:40.026+0000] {subprocess.py:106} INFO - [0m01:17:40  3 of 10 START sql view model public.remove_duplicates .......................... [RUN]
[2025-03-17T01:17:40.027+0000] {subprocess.py:106} INFO - [0m01:17:40  4 of 10 START sql view model public.stg_clean_reviews .......................... [RUN]
[2025-03-17T01:17:39.579+0000] {subprocess.py:106} INFO - [0m01:17:39  1 of 10 OK created sql view model public.clean_reviews ......................... [[32mCREATE VIEW[0m in -0.44s]
[2025-03-17T01:17:39.585+0000] {subprocess.py:106} INFO - [0m01:17:39  3 of 10 OK created sql view model public.remove_duplicates ..................... [[32mCREATE VIEW[0m in -0.46s]
[2025-03-17T01:17:39.587+0000] {subprocess.py:106} INFO - [0m01:17:39  2 of 10 OK created sql table model public.my_first_dbt_model ................... [[32mSELECT 2[0m in -0.45s]
[2025-03-17T01:17:39.592+0000] {subprocess.py:106} INFO - [0m01:17:39  4 of 10 OK created sql view model public.stg_clean_reviews ..................... [[32mCREATE VIEW[0m in -0.45s]
[2025-03-17T01:17:39.598+0000] {subprocess.py:106} INFO - [0m01:17:39  5 of 10 START sql view model public.my_second_dbt_model ........................ [RUN]
[2025-03-17T01:17:39.610+0000] {subprocess.py:106} INFO - [0m01:17:39  6 of 10 START sql view model public.dim_bank ................................... [RUN]
[2025-03-17T01:17:39.612+0000] {subprocess.py:106} INFO - [0m01:17:39  7 of 10 START sql view model public.dim_branch ................................. [RUN]
[2025-03-17T01:17:39.613+0000] {subprocess.py:106} INFO - [0m01:17:39  8 of 10 START sql view model public.dim_location ............................... [RUN]
[2025-03-17T01:17:39.799+0000] {subprocess.py:106} INFO - [0m01:17:39  5 of 10 OK created sql view model public.my_second_dbt_model ................... [[32mCREATE VIEW[0m in 0.19s]
[2025-03-17T01:17:39.814+0000] {subprocess.py:106} INFO - [0m01:17:39  9 of 10 START sql view model public.dim_sentiment .............................. [RUN]
[2025-03-17T01:17:39.854+0000] {subprocess.py:106} INFO - [0m01:17:39  7 of 10 OK created sql view model public.dim_branch ............................ [[32mCREATE VIEW[0m in 0.23s]
[2025-03-17T01:17:39.880+0000] {subprocess.py:106} INFO - [0m01:17:39  8 of 10 OK created sql view model public.dim_location .......................... [[32mCREATE VIEW[0m in 0.25s]
[2025-03-17T01:17:39.887+0000] {subprocess.py:106} INFO - [0m01:17:39  6 of 10 OK created sql view model public.dim_bank .............................. [[32mCREATE VIEW[0m in 0.27s]
[2025-03-17T01:17:39.946+0000] {subprocess.py:106} INFO - [0m01:17:39  9 of 10 OK created sql view model public.dim_sentiment ......................... [[32mCREATE VIEW[0m in 0.13s]
[2025-03-17T01:17:39.951+0000] {subprocess.py:106} INFO - [0m01:17:39  10 of 10 START sql view model public.fact_reviews .............................. [RUN]
[2025-03-17T01:17:40.026+0000] {subprocess.py:106} INFO - [0m01:17:40  10 of 10 OK created sql view model public.fact_reviews ......................... [[32mCREATE VIEW[0m in 0.07s]
[2025-03-17T01:17:40.061+0000] {subprocess.py:106} INFO - [0m01:17:40
[2025-03-17T01:17:40.062+0000] {subprocess.py:106} INFO - [0m01:17:40  Finished running 1 table model, 9 view models in 0 hours 0 minutes and 0.28 seconds (0.28s).
[2025-03-17T01:17:40.113+0000] {subprocess.py:106} INFO - [0m01:17:40
[2025-03-17T01:17:40.114+0000] {subprocess.py:106} INFO - [0m01:17:40  [32mCompleted successfully[0m
[2025-03-17T01:17:40.115+0000] {subprocess.py:106} INFO - [0m01:17:40
[2025-03-17T01:17:40.115+0000] {subprocess.py:106} INFO - [0m01:17:40  Done. PASS=10 WARN=0 ERROR=0 SKIP=0 TOTAL=10
[2025-03-17T01:17:42.147+0000] {subprocess.py:110} INFO - Command exited with return code 0
[2025-03-17T01:17:42.201+0000] {taskinstance.py:341} INFO - ::group::Post task execution logs
[2025-03-17T01:17:42.202+0000] {taskinstance.py:353} INFO - Marking task as SUCCESS. dag_id=load_reviews_pipeline, task_id=dbt_run, run_id=scheduled__2025-01-03T00:00:00+00:00, execution_date=20250103T000000, start_date=20250317T011734, end_date=20250317T011742
[2025-03-17T01:17:42.249+0000] {logging_mixin.py:190} INFO - Task instance in success state
[2025-03-17T01:17:42.249+0000] {logging_mixin.py:190} INFO -  Previous state of the Task instance: running
[2025-03-17T01:17:42.250+0000] {logging_mixin.py:190} INFO - Dag name:load_reviews_pipeline queued_at:2025-03-17 01:12:25.600434+00:00
[2025-03-17T01:17:42.250+0000] {logging_mixin.py:190} INFO - Task hostname:DESKTOP-IM7V4RI. operator:BashOperator
[2025-03-17T01:17:42.282+0000] {local_task_job_runner.py:266} INFO - Task exited with return code 0
[2025-03-17T01:17:42.328+0000] {taskinstance.py:3901} INFO - 0 downstream tasks scheduled from follow-on schedule check
[2025-03-17T01:17:42.335+0000] {local_task_job_runner.py:245} INFO - ::endgroup::
