[2025-03-21T02:35:14.080+0000] {local_task_job_runner.py:123} INFO - ::group::Pre task execution logs
[2025-03-21T02:35:14.221+0000] {taskinstance.py:2614} INFO - Dependencies all met for dep_context=non-requeueable deps ti=<TaskInstance: scrape_and_store_all_jobs.scrape_and_insert_data_to_json manual__2025-03-21T02:35:02.667287+00:00 [queued]>
[2025-03-21T02:35:14.268+0000] {taskinstance.py:2614} INFO - Dependencies all met for dep_context=requeueable deps ti=<TaskInstance: scrape_and_store_all_jobs.scrape_and_insert_data_to_json manual__2025-03-21T02:35:02.667287+00:00 [queued]>
[2025-03-21T02:35:14.269+0000] {taskinstance.py:2867} INFO - Starting attempt 1 of 2
[2025-03-21T02:35:14.354+0000] {taskinstance.py:2890} INFO - Executing <Task(PythonOperator): scrape_and_insert_data_to_json> on 2025-03-21 02:35:02.667287+00:00
[2025-03-21T02:35:14.371+0000] {standard_task_runner.py:72} INFO - Started process 595497 to run task
[2025-03-21T02:35:14.380+0000] {standard_task_runner.py:104} INFO - Running: ['airflow', 'tasks', 'run', 'scrape_and_store_all_jobs', 'scrape_and_insert_data_to_json', 'manual__2025-03-21T02:35:02.667287+00:00', '--job-id', '1879', '--raw', '--subdir', 'DAGS_FOLDER/dags/scrape_and_store_all_jobs.py', '--cfg-path', '/tmp/tmpw5fp5ccc']
[2025-03-21T02:35:14.383+0000] {standard_task_runner.py:105} INFO - Job 1879: Subtask scrape_and_insert_data_to_json
[2025-03-21T02:35:14.595+0000] {task_command.py:467} INFO - Running <TaskInstance: scrape_and_store_all_jobs.scrape_and_insert_data_to_json manual__2025-03-21T02:35:02.667287+00:00 [running]> on host DESKTOP-IM7V4RI.
[2025-03-21T02:35:15.385+0000] {taskinstance.py:3134} INFO - Exporting env vars: AIRFLOW_CTX_DAG_OWNER='airflow' AIRFLOW_CTX_DAG_ID='scrape_and_store_all_jobs' AIRFLOW_CTX_TASK_ID='scrape_and_insert_data_to_json' AIRFLOW_CTX_EXECUTION_DATE='2025-03-21T02:35:02.667287+00:00' AIRFLOW_CTX_TRY_NUMBER='1' AIRFLOW_CTX_DAG_RUN_ID='manual__2025-03-21T02:35:02.667287+00:00'
[2025-03-21T02:35:15.398+0000] {logging_mixin.py:190} INFO - Task instance is in running state
[2025-03-21T02:35:15.399+0000] {logging_mixin.py:190} INFO -  Previous state of the Task instance: queued
[2025-03-21T02:35:15.400+0000] {logging_mixin.py:190} INFO - Current task name:scrape_and_insert_data_to_json state:running start_date:2025-03-21 02:35:14.221845+00:00
[2025-03-21T02:35:15.401+0000] {logging_mixin.py:190} INFO - Dag name:scrape_and_store_all_jobs and current dag run status:running
[2025-03-21T02:35:15.402+0000] {taskinstance.py:732} INFO - ::endgroup::
[2025-03-21T02:35:15.408+0000] {logging_mixin.py:190} INFO - Extraction des données depuis rekrute.com...
[2025-03-21T02:35:28.301+0000] {logging_mixin.py:190} INFO - (rekrute.com) Nombre total de pages : 172
[2025-03-21T02:35:28.302+0000] {logging_mixin.py:190} INFO - (rekrute.com) Traitement de la page 1...
[2025-03-21T02:35:29.667+0000] {logging_mixin.py:190} INFO - (rekrute.com) Offre ignorée (URL existe déjà) : RPA BLUEPRISM Developer
[2025-03-21T02:35:30.247+0000] {logging_mixin.py:190} INFO - (rekrute.com) Offre ignorée (URL existe déjà) : Dessinateur Projeteur Installation Générale/Tuyauterie H/F
[2025-03-21T02:35:30.682+0000] {logging_mixin.py:190} INFO - (rekrute.com) Offre ignorée (URL existe déjà) : Chargé(e) de Clientèle
[2025-03-21T02:35:31.563+0000] {local_task_job_runner.py:346} WARNING - State of this instance has been externally set to removed. Terminating instance.
[2025-03-21T02:35:31.564+0000] {local_task_job_runner.py:245} INFO - ::endgroup::
[2025-03-21T02:35:31.603+0000] {process_utils.py:132} INFO - Sending 15 to group 595497. PIDs of all processes in the group: [595497]
[2025-03-21T02:35:31.604+0000] {process_utils.py:87} INFO - Sending the signal 15 to group 595497
[2025-03-21T02:35:31.708+0000] {taskinstance.py:3094} ERROR - Received SIGTERM. Terminating subprocesses.
[2025-03-21T02:35:32.654+0000] {taskinstance.py:3095} ERROR - Stacktrace: 
  File "/home/mohammed/venv/bin/airflow", line 8, in <module>
    sys.exit(main())
  File "/home/mohammed/venv/lib/python3.11/site-packages/airflow/__main__.py", line 62, in main
    args.func(args)
  File "/home/mohammed/venv/lib/python3.11/site-packages/airflow/cli/cli_config.py", line 49, in command
    return func(*args, **kwargs)
  File "/home/mohammed/venv/lib/python3.11/site-packages/airflow/utils/cli.py", line 116, in wrapper
    return f(*args, **kwargs)
  File "/home/mohammed/venv/lib/python3.11/site-packages/airflow/utils/providers_configuration_loader.py", line 55, in wrapped_function
    return func(*args, **kwargs)
  File "/home/mohammed/venv/lib/python3.11/site-packages/airflow/cli/commands/scheduler_command.py", line 56, in scheduler
    run_command_with_daemon_option(
  File "/home/mohammed/venv/lib/python3.11/site-packages/airflow/cli/commands/daemon_utils.py", line 86, in run_command_with_daemon_option
    callback()
  File "/home/mohammed/venv/lib/python3.11/site-packages/airflow/cli/commands/scheduler_command.py", line 59, in <lambda>
    callback=lambda: _run_scheduler_job(args),
  File "/home/mohammed/venv/lib/python3.11/site-packages/airflow/cli/commands/scheduler_command.py", line 47, in _run_scheduler_job
    run_job(job=job_runner.job, execute_callable=job_runner._execute)
  File "/home/mohammed/venv/lib/python3.11/site-packages/airflow/utils/session.py", line 97, in wrapper
    return func(*args, session=session, **kwargs)
  File "/home/mohammed/venv/lib/python3.11/site-packages/airflow/jobs/job.py", line 421, in run_job
    return execute_job(job, execute_callable=execute_callable)
  File "/home/mohammed/venv/lib/python3.11/site-packages/airflow/jobs/job.py", line 450, in execute_job
    ret = execute_callable()
  File "/home/mohammed/venv/lib/python3.11/site-packages/airflow/jobs/scheduler_job_runner.py", line 990, in _execute
    executor.start()
  File "/home/mohammed/venv/lib/python3.11/site-packages/airflow/executors/local_executor.py", line 392, in start
    self.impl.start()
  File "/home/mohammed/venv/lib/python3.11/site-packages/airflow/executors/local_executor.py", line 330, in start
    worker.start()
  File "/usr/lib/python3.11/multiprocessing/process.py", line 121, in start
    self._popen = self._Popen(self)
  File "/usr/lib/python3.11/multiprocessing/context.py", line 224, in _Popen
    return _default_context.get_context().Process._Popen(process_obj)
  File "/usr/lib/python3.11/multiprocessing/context.py", line 281, in _Popen
    return Popen(process_obj)
  File "/usr/lib/python3.11/multiprocessing/popen_fork.py", line 19, in __init__
    self._launch(process_obj)
  File "/usr/lib/python3.11/multiprocessing/popen_fork.py", line 71, in _launch
    code = process_obj._bootstrap(parent_sentinel=child_r)
  File "/usr/lib/python3.11/multiprocessing/process.py", line 314, in _bootstrap
    self.run()
  File "/home/mohammed/venv/lib/python3.11/site-packages/airflow/executors/local_executor.py", line 80, in run
    return super().run()
  File "/usr/lib/python3.11/multiprocessing/process.py", line 108, in run
    self._target(*self._args, **self._kwargs)
  File "/home/mohammed/venv/lib/python3.11/site-packages/airflow/traces/tracer.py", line 58, in wrapper
    return func(*args, **kwargs)
  File "/home/mohammed/venv/lib/python3.11/site-packages/airflow/executors/local_executor.py", line 211, in do_work
    self.execute_work(key=key, command=command)
  File "/home/mohammed/venv/lib/python3.11/site-packages/airflow/traces/tracer.py", line 58, in wrapper
    return func(*args, **kwargs)
  File "/home/mohammed/venv/lib/python3.11/site-packages/airflow/executors/local_executor.py", line 100, in execute_work
    state = self._execute_work_in_fork(command)
  File "/home/mohammed/venv/lib/python3.11/site-packages/airflow/traces/tracer.py", line 58, in wrapper
    return func(*args, **kwargs)
  File "/home/mohammed/venv/lib/python3.11/site-packages/airflow/executors/local_executor.py", line 142, in _execute_work_in_fork
    args.func(args)
  File "/home/mohammed/venv/lib/python3.11/site-packages/airflow/cli/cli_config.py", line 49, in command
    return func(*args, **kwargs)
  File "/home/mohammed/venv/lib/python3.11/site-packages/airflow/utils/cli.py", line 116, in wrapper
    return f(*args, **kwargs)
  File "/home/mohammed/venv/lib/python3.11/site-packages/airflow/cli/commands/task_command.py", line 483, in task_run
    task_return_code = _run_task_by_selected_method(args, _dag, ti)
  File "/home/mohammed/venv/lib/python3.11/site-packages/airflow/cli/commands/task_command.py", line 254, in _run_task_by_selected_method
    return _run_task_by_local_task_job(args, ti)
  File "/home/mohammed/venv/lib/python3.11/site-packages/airflow/cli/commands/task_command.py", line 322, in _run_task_by_local_task_job
    ret = run_job(job=job_runner.job, execute_callable=job_runner._execute)
  File "/home/mohammed/venv/lib/python3.11/site-packages/airflow/utils/session.py", line 97, in wrapper
    return func(*args, session=session, **kwargs)
  File "/home/mohammed/venv/lib/python3.11/site-packages/airflow/jobs/job.py", line 421, in run_job
    return execute_job(job, execute_callable=execute_callable)
  File "/home/mohammed/venv/lib/python3.11/site-packages/airflow/jobs/job.py", line 450, in execute_job
    ret = execute_callable()
  File "/home/mohammed/venv/lib/python3.11/site-packages/airflow/jobs/local_task_job_runner.py", line 171, in _execute
    self.task_runner.start()
  File "/home/mohammed/venv/lib/python3.11/site-packages/airflow/task/task_runner/standard_task_runner.py", line 55, in start
    self.process = self._start_by_fork()
  File "/home/mohammed/venv/lib/python3.11/site-packages/airflow/task/task_runner/standard_task_runner.py", line 117, in _start_by_fork
    ret = args.func(args, dag=self.dag)
  File "/home/mohammed/venv/lib/python3.11/site-packages/airflow/cli/cli_config.py", line 49, in command
    return func(*args, **kwargs)
  File "/home/mohammed/venv/lib/python3.11/site-packages/airflow/utils/cli.py", line 116, in wrapper
    return f(*args, **kwargs)
  File "/home/mohammed/venv/lib/python3.11/site-packages/airflow/cli/commands/task_command.py", line 483, in task_run
    task_return_code = _run_task_by_selected_method(args, _dag, ti)
  File "/home/mohammed/venv/lib/python3.11/site-packages/airflow/cli/commands/task_command.py", line 256, in _run_task_by_selected_method
    return _run_raw_task(args, ti)
  File "/home/mohammed/venv/lib/python3.11/site-packages/airflow/cli/commands/task_command.py", line 341, in _run_raw_task
    return ti._run_raw_task(
  File "/home/mohammed/venv/lib/python3.11/site-packages/airflow/utils/session.py", line 97, in wrapper
    return func(*args, session=session, **kwargs)
  File "/home/mohammed/venv/lib/python3.11/site-packages/airflow/models/taskinstance.py", line 3006, in _run_raw_task
    return _run_raw_task(
  File "/home/mohammed/venv/lib/python3.11/site-packages/airflow/models/taskinstance.py", line 274, in _run_raw_task
    TaskInstance._execute_task_with_callbacks(
  File "/home/mohammed/venv/lib/python3.11/site-packages/airflow/models/taskinstance.py", line 3161, in _execute_task_with_callbacks
    result = self._execute_task(context, task_orig)
  File "/home/mohammed/venv/lib/python3.11/site-packages/airflow/models/taskinstance.py", line 3185, in _execute_task
    return _execute_task(self, context, task_orig)
  File "/home/mohammed/venv/lib/python3.11/site-packages/airflow/models/taskinstance.py", line 763, in _execute_task
    result = _execute_callable(context=context, **execute_callable_kwargs)
  File "/home/mohammed/venv/lib/python3.11/site-packages/airflow/models/taskinstance.py", line 734, in _execute_callable
    return ExecutionCallableRunner(
  File "/home/mohammed/venv/lib/python3.11/site-packages/airflow/utils/operator_helpers.py", line 252, in run
    return self.func(*args, **kwargs)
  File "/home/mohammed/venv/lib/python3.11/site-packages/airflow/models/baseoperator.py", line 424, in wrapper
    return func(self, *args, **kwargs)
  File "/home/mohammed/venv/lib/python3.11/site-packages/airflow/operators/python.py", line 238, in execute
    return_value = self.execute_callable()
  File "/home/mohammed/venv/lib/python3.11/site-packages/airflow/operators/python.py", line 256, in execute_callable
    return runner.run(*self.op_args, **self.op_kwargs)
  File "/home/mohammed/venv/lib/python3.11/site-packages/airflow/utils/operator_helpers.py", line 252, in run
    return self.func(*args, **kwargs)
  File "/home/mohammed/airflow/dags/scripts/insert_data_to_json_all_jobs.py", line 17, in insert_data_to_json
    scraped_data = extract_data()
  File "/home/mohammed/airflow/dags/scripts/scraping_all_jobs.py", line 275, in extract_data
    all_offers.extend(extract_from_rekrute_com())
  File "/home/mohammed/airflow/dags/scripts/scraping_all_jobs.py", line 143, in extract_from_rekrute_com
    image_path = download_image(logo_url, job_id, base_url="https://www.rekrute.com")
  File "/home/mohammed/airflow/dags/scripts/scraping_all_jobs.py", line 103, in download_image
    f.write(chunk)
  File "/home/mohammed/venv/lib/python3.11/site-packages/airflow/models/taskinstance.py", line 3095, in signal_handler
    self.log.error("Stacktrace: \n%s", "".join(traceback.format_stack()))

[2025-03-21T02:35:32.955+0000] {taskinstance.py:341} INFO - ::group::Post task execution logs
[2025-03-21T02:35:33.003+0000] {process_utils.py:80} INFO - Process psutil.Process(pid=595497, status='terminated', exitcode=0, started='02:35:13') (595497) terminated with exit code 0
