[2025-03-28T02:30:15.720+0000] {local_task_job_runner.py:123} INFO - ::group::Pre task execution logs
[2025-03-28T02:30:15.991+0000] {taskinstance.py:2614} INFO - Dependencies all met for dep_context=non-requeueable deps ti=<TaskInstance: load_dbt_clean_reviews_pipeline.dbt_run_transactional scheduled__2024-09-29T00:00:00+00:00 [queued]>
[2025-03-28T02:30:16.067+0000] {taskinstance.py:2614} INFO - Dependencies all met for dep_context=requeueable deps ti=<TaskInstance: load_dbt_clean_reviews_pipeline.dbt_run_transactional scheduled__2024-09-29T00:00:00+00:00 [queued]>
[2025-03-28T02:30:16.068+0000] {taskinstance.py:2867} INFO - Starting attempt 1 of 2
[2025-03-28T02:30:17.461+0000] {taskinstance.py:2890} INFO - Executing <Task(BashOperator): dbt_run_transactional> on 2024-09-29 00:00:00+00:00
[2025-03-28T02:30:17.719+0000] {standard_task_runner.py:72} INFO - Started process 208266 to run task
[2025-03-28T02:30:18.244+0000] {standard_task_runner.py:104} INFO - Running: ['airflow', 'tasks', 'run', 'load_dbt_clean_reviews_pipeline', 'dbt_run_transactional', 'scheduled__2024-09-29T00:00:00+00:00', '--job-id', '2195', '--raw', '--subdir', 'DAGS_FOLDER/dag_load_reviews.py', '--cfg-path', '/tmp/tmpodj_x2wv']
[2025-03-28T02:30:18.248+0000] {standard_task_runner.py:105} INFO - Job 2195: Subtask dbt_run_transactional
[2025-03-28T02:30:20.514+0000] {task_command.py:467} INFO - Running <TaskInstance: load_dbt_clean_reviews_pipeline.dbt_run_transactional scheduled__2024-09-29T00:00:00+00:00 [running]> on host DESKTOP-IM7V4RI.
[2025-03-28T02:30:22.424+0000] {taskinstance.py:3134} INFO - Exporting env vars: AIRFLOW_CTX_DAG_OWNER='mohammed' AIRFLOW_CTX_DAG_ID='load_dbt_clean_reviews_pipeline' AIRFLOW_CTX_TASK_ID='dbt_run_transactional' AIRFLOW_CTX_EXECUTION_DATE='2024-09-29T00:00:00+00:00' AIRFLOW_CTX_TRY_NUMBER='1' AIRFLOW_CTX_DAG_RUN_ID='scheduled__2024-09-29T00:00:00+00:00'
[2025-03-28T02:30:22.427+0000] {logging_mixin.py:190} INFO - Task instance is in running state
[2025-03-28T02:30:22.427+0000] {logging_mixin.py:190} INFO -  Previous state of the Task instance: queued
[2025-03-28T02:30:22.443+0000] {logging_mixin.py:190} INFO - Current task name:dbt_run_transactional state:running start_date:2025-03-28 02:30:15.992303+00:00
[2025-03-28T02:30:22.523+0000] {logging_mixin.py:190} INFO - Dag name:load_dbt_clean_reviews_pipeline and current dag run status:running
[2025-03-28T02:30:22.524+0000] {taskinstance.py:732} INFO - ::endgroup::
[2025-03-28T02:30:22.526+0000] {subprocess.py:78} INFO - Tmp dir root location: /tmp
[2025-03-28T02:30:22.579+0000] {subprocess.py:88} INFO - Running command: ['/usr/bin/bash', '-c', 'cd /home/mohammed/.dbt/dbt_projects/bank_reviews_transactional && dbt run']
[2025-03-28T02:30:22.891+0000] {subprocess.py:99} INFO - Output:
[2025-03-28T02:30:57.960+0000] {subprocess.py:106} INFO - [0m02:30:57  Running with dbt=1.9.3
[2025-03-28T02:31:02.987+0000] {subprocess.py:106} INFO - [0m02:31:02  Registered adapter: postgres=1.9.0
[2025-03-28T02:31:06.575+0000] {subprocess.py:106} INFO - [0m02:31:06  [[33mWARNING[0m]: Configuration paths exist in your dbt_project.yml file which do not apply to any resources.
[2025-03-28T02:31:06.582+0000] {subprocess.py:106} INFO - There are 1 unused configuration paths:
[2025-03-28T02:31:06.588+0000] {subprocess.py:106} INFO - - models.bank_reviews_transactional.transactional
[2025-03-28T02:31:09.623+0000] {subprocess.py:106} INFO - [0m02:31:09  Found 1 model, 1 source, 433 macros
[2025-03-28T02:31:09.695+0000] {subprocess.py:106} INFO - [0m02:31:09
[2025-03-28T02:31:09.698+0000] {subprocess.py:106} INFO - [0m02:31:09  Concurrency: 4 threads (target='dev')
[2025-03-28T02:31:09.728+0000] {subprocess.py:106} INFO - [0m02:31:09
[2025-03-28T02:31:13.321+0000] {subprocess.py:106} INFO - [0m02:31:13  1 of 1 START sql table model transactional.clean_reviews ....................... [RUN]
[2025-03-28T02:31:17.870+0000] {subprocess.py:106} INFO - [0m02:31:17  1 of 1 OK created sql table model transactional.clean_reviews .................. [[32mSELECT 281[0m in 4.55s]
[2025-03-28T02:31:18.207+0000] {subprocess.py:106} INFO - [0m02:31:18
[2025-03-28T02:31:18.257+0000] {subprocess.py:106} INFO - [0m02:31:18  Finished running 1 table model in 0 hours 0 minutes and 8.46 seconds (8.46s).
[2025-03-28T02:31:18.667+0000] {subprocess.py:106} INFO - [0m02:31:18
[2025-03-28T02:31:18.671+0000] {subprocess.py:106} INFO - [0m02:31:18  [32mCompleted successfully[0m
[2025-03-28T02:31:18.701+0000] {subprocess.py:106} INFO - [0m02:31:18
[2025-03-28T02:31:18.709+0000] {subprocess.py:106} INFO - [0m02:31:18  Done. PASS=1 WARN=0 ERROR=0 SKIP=0 TOTAL=1
[2025-03-28T02:31:28.259+0000] {subprocess.py:110} INFO - Command exited with return code 0
[2025-03-28T02:31:30.243+0000] {taskinstance.py:341} INFO - ::group::Post task execution logs
[2025-03-28T02:31:30.258+0000] {taskinstance.py:353} INFO - Marking task as SUCCESS. dag_id=load_dbt_clean_reviews_pipeline, task_id=dbt_run_transactional, run_id=scheduled__2024-09-29T00:00:00+00:00, execution_date=20240929T000000, start_date=20250328T023015, end_date=20250328T023130
[2025-03-28T02:31:31.383+0000] {logging_mixin.py:190} INFO - Task instance in success state
[2025-03-28T02:31:31.431+0000] {logging_mixin.py:190} INFO -  Previous state of the Task instance: running
[2025-03-28T02:31:31.441+0000] {logging_mixin.py:190} INFO - Dag name:load_dbt_clean_reviews_pipeline queued_at:2025-03-28 02:29:58.748346+00:00
[2025-03-28T02:31:31.442+0000] {logging_mixin.py:190} INFO - Task hostname:DESKTOP-IM7V4RI. operator:BashOperator
[2025-03-28T02:31:32.610+0000] {local_task_job_runner.py:266} INFO - Task exited with return code 0
[2025-03-28T02:31:34.286+0000] {taskinstance.py:3901} INFO - 0 downstream tasks scheduled from follow-on schedule check
[2025-03-28T02:31:34.461+0000] {local_task_job_runner.py:245} INFO - ::endgroup::
