[2025-03-17T00:33:28.261+0000] {local_task_job_runner.py:123} INFO - ::group::Pre task execution logs
[2025-03-17T00:33:28.700+0000] {taskinstance.py:2614} INFO - Dependencies all met for dep_context=non-requeueable deps ti=<TaskInstance: load_reviews_pipeline.dbt_run scheduled__2024-05-18T00:00:00+00:00 [queued]>
[2025-03-17T00:33:28.937+0000] {taskinstance.py:2614} INFO - Dependencies all met for dep_context=requeueable deps ti=<TaskInstance: load_reviews_pipeline.dbt_run scheduled__2024-05-18T00:00:00+00:00 [queued]>
[2025-03-17T00:33:28.941+0000] {taskinstance.py:2867} INFO - Starting attempt 1 of 2
[2025-03-17T00:33:29.504+0000] {taskinstance.py:2890} INFO - Executing <Task(BashOperator): dbt_run> on 2024-05-18 00:00:00+00:00
[2025-03-17T00:33:29.525+0000] {standard_task_runner.py:72} INFO - Started process 266315 to run task
[2025-03-17T00:33:29.569+0000] {standard_task_runner.py:104} INFO - Running: ['airflow', 'tasks', 'run', 'load_reviews_pipeline', 'dbt_run', 'scheduled__2024-05-18T00:00:00+00:00', '--job-id', '249', '--raw', '--subdir', 'DAGS_FOLDER/dag_load_reviews.py', '--cfg-path', '/tmp/tmp57gzy8gq']
[2025-03-17T00:33:29.576+0000] {standard_task_runner.py:105} INFO - Job 249: Subtask dbt_run
[2025-03-17T00:33:30.471+0000] {task_command.py:467} INFO - Running <TaskInstance: load_reviews_pipeline.dbt_run scheduled__2024-05-18T00:00:00+00:00 [running]> on host DESKTOP-IM7V4RI.
[2025-03-17T00:33:32.049+0000] {taskinstance.py:3134} INFO - Exporting env vars: AIRFLOW_CTX_DAG_OWNER='mohammed' AIRFLOW_CTX_DAG_ID='load_reviews_pipeline' AIRFLOW_CTX_TASK_ID='dbt_run' AIRFLOW_CTX_EXECUTION_DATE='2024-05-18T00:00:00+00:00' AIRFLOW_CTX_TRY_NUMBER='1' AIRFLOW_CTX_DAG_RUN_ID='scheduled__2024-05-18T00:00:00+00:00'
[2025-03-17T00:33:32.054+0000] {logging_mixin.py:190} INFO - Task instance is in running state
[2025-03-17T00:33:32.056+0000] {logging_mixin.py:190} INFO -  Previous state of the Task instance: queued
[2025-03-17T00:33:32.064+0000] {logging_mixin.py:190} INFO - Current task name:dbt_run state:running start_date:2025-03-17 00:33:28.702160+00:00
[2025-03-17T00:33:32.065+0000] {logging_mixin.py:190} INFO - Dag name:load_reviews_pipeline and current dag run status:running
[2025-03-17T00:33:32.067+0000] {taskinstance.py:732} INFO - ::endgroup::
[2025-03-17T00:33:32.070+0000] {subprocess.py:78} INFO - Tmp dir root location: /tmp
[2025-03-17T00:33:32.075+0000] {subprocess.py:88} INFO - Running command: ['/usr/bin/bash', '-c', 'cd /home/mohammed/.dbt/bank_reviews_project && dbt run']
[2025-03-17T00:33:32.172+0000] {subprocess.py:99} INFO - Output:
[2025-03-17T00:33:44.369+0000] {subprocess.py:106} INFO - [0m00:33:44  Running with dbt=1.9.3
[2025-03-17T00:33:46.160+0000] {subprocess.py:106} INFO - [0m00:33:46  Registered adapter: postgres=1.9.0
[2025-03-17T00:33:49.438+0000] {subprocess.py:106} INFO - [0m00:33:49  Found 6 models, 4 data tests, 2 sources, 433 macros
[2025-03-17T00:33:49.494+0000] {subprocess.py:106} INFO - [0m00:33:49
[2025-03-17T00:33:49.503+0000] {subprocess.py:106} INFO - [0m00:33:49  Concurrency: 4 threads (target='dev')
[2025-03-17T00:33:49.526+0000] {subprocess.py:106} INFO - [0m00:33:49
[2025-03-17T00:33:51.505+0000] {subprocess.py:106} INFO - [0m00:33:51  1 of 6 START sql view model public.clean_reviews ............................... [RUN]
[2025-03-17T00:33:51.538+0000] {subprocess.py:106} INFO - [0m00:33:51  2 of 6 START sql table model public.my_first_dbt_model ......................... [RUN]
[2025-03-17T00:33:51.544+0000] {subprocess.py:106} INFO - [0m00:33:51  3 of 6 START sql view model public.remove_duplicates ........................... [RUN]
[2025-03-17T00:33:51.609+0000] {subprocess.py:106} INFO - [0m00:33:51  4 of 6 START sql view model public.stg_clean_reviews ........................... [RUN]
[2025-03-17T00:33:55.444+0000] {subprocess.py:106} INFO - [0m00:33:55  1 of 6 OK created sql view model public.clean_reviews .......................... [[32mCREATE VIEW[0m in 3.94s]
[2025-03-17T00:33:55.490+0000] {subprocess.py:106} INFO - [0m00:33:55  2 of 6 OK created sql table model public.my_first_dbt_model .................... [[32mSELECT 2[0m in 3.90s]
[2025-03-17T00:33:55.507+0000] {subprocess.py:106} INFO - [0m00:33:55  4 of 6 OK created sql view model public.stg_clean_reviews ...................... [[32mCREATE VIEW[0m in 3.71s]
[2025-03-17T00:33:55.542+0000] {subprocess.py:106} INFO - [0m00:33:55  5 of 6 START sql view model public.my_second_dbt_model ......................... [RUN]
[2025-03-17T00:33:55.545+0000] {subprocess.py:106} INFO - [0m00:33:55  6 of 6 START sql view model public.dwh_model ................................... [RUN]
[2025-03-17T00:33:55.702+0000] {subprocess.py:106} INFO - [0m00:33:55  3 of 6 OK created sql view model public.remove_duplicates ...................... [[32mCREATE VIEW[0m in 4.06s]
[2025-03-17T00:33:56.573+0000] {subprocess.py:106} INFO - [0m00:33:56  6 of 6 OK created sql view model public.dwh_model .............................. [[32mCREATE VIEW[0m in 1.02s]
[2025-03-17T00:33:56.656+0000] {subprocess.py:106} INFO - [0m00:33:56  5 of 6 OK created sql view model public.my_second_dbt_model .................... [[32mCREATE VIEW[0m in 1.06s]
[2025-03-17T00:33:56.914+0000] {subprocess.py:106} INFO - [0m00:33:56
[2025-03-17T00:33:56.925+0000] {subprocess.py:106} INFO - [0m00:33:56  Finished running 1 table model, 5 view models in 0 hours 0 minutes and 7.38 seconds (7.38s).
[2025-03-17T00:33:57.763+0000] {subprocess.py:106} INFO - [0m00:33:57
[2025-03-17T00:33:57.772+0000] {subprocess.py:106} INFO - [0m00:33:57  [32mCompleted successfully[0m
[2025-03-17T00:33:57.779+0000] {subprocess.py:106} INFO - [0m00:33:57
[2025-03-17T00:33:57.783+0000] {subprocess.py:106} INFO - [0m00:33:57  Done. PASS=6 WARN=0 ERROR=0 SKIP=0 TOTAL=6
[2025-03-17T00:34:02.394+0000] {subprocess.py:110} INFO - Command exited with return code 0
[2025-03-17T00:34:02.697+0000] {taskinstance.py:341} INFO - ::group::Post task execution logs
[2025-03-17T00:34:02.699+0000] {taskinstance.py:353} INFO - Marking task as SUCCESS. dag_id=load_reviews_pipeline, task_id=dbt_run, run_id=scheduled__2024-05-18T00:00:00+00:00, execution_date=20240518T000000, start_date=20250317T003328, end_date=20250317T003402
[2025-03-17T00:34:03.068+0000] {logging_mixin.py:190} INFO - Task instance in success state
[2025-03-17T00:34:03.069+0000] {logging_mixin.py:190} INFO -  Previous state of the Task instance: running
[2025-03-17T00:34:03.069+0000] {logging_mixin.py:190} INFO - Dag name:load_reviews_pipeline queued_at:2025-03-17 00:33:05.669023+00:00
[2025-03-17T00:34:03.070+0000] {logging_mixin.py:190} INFO - Task hostname:DESKTOP-IM7V4RI. operator:BashOperator
[2025-03-17T00:34:03.125+0000] {local_task_job_runner.py:266} INFO - Task exited with return code 0
[2025-03-17T00:34:03.222+0000] {taskinstance.py:3901} INFO - 0 downstream tasks scheduled from follow-on schedule check
[2025-03-17T00:34:03.233+0000] {local_task_job_runner.py:245} INFO - ::endgroup::
