[2025-03-28T13:32:41.047+0000] {local_task_job_runner.py:123} INFO - ::group::Pre task execution logs
[2025-03-28T13:32:41.145+0000] {taskinstance.py:2614} INFO - Dependencies all met for dep_context=non-requeueable deps ti=<TaskInstance: load_dbt_clean_reviews_pipeline.dbt_run_transactional scheduled__2024-11-27T00:00:00+00:00 [queued]>
[2025-03-28T13:32:41.171+0000] {taskinstance.py:2614} INFO - Dependencies all met for dep_context=requeueable deps ti=<TaskInstance: load_dbt_clean_reviews_pipeline.dbt_run_transactional scheduled__2024-11-27T00:00:00+00:00 [queued]>
[2025-03-28T13:32:41.171+0000] {taskinstance.py:2867} INFO - Starting attempt 1 of 2
[2025-03-28T13:32:41.433+0000] {taskinstance.py:2890} INFO - Executing <Task(BashOperator): dbt_run_transactional> on 2024-11-27 00:00:00+00:00
[2025-03-28T13:32:41.457+0000] {standard_task_runner.py:72} INFO - Started process 2657 to run task
[2025-03-28T13:32:41.528+0000] {standard_task_runner.py:104} INFO - Running: ['airflow', 'tasks', 'run', 'load_dbt_clean_reviews_pipeline', 'dbt_run_transactional', 'scheduled__2024-11-27T00:00:00+00:00', '--job-id', '2258', '--raw', '--subdir', 'DAGS_FOLDER/dag_load_reviews.py', '--cfg-path', '/tmp/tmpdd6_6ujz']
[2025-03-28T13:32:41.536+0000] {standard_task_runner.py:105} INFO - Job 2258: Subtask dbt_run_transactional
[2025-03-28T13:32:42.308+0000] {task_command.py:467} INFO - Running <TaskInstance: load_dbt_clean_reviews_pipeline.dbt_run_transactional scheduled__2024-11-27T00:00:00+00:00 [running]> on host DESKTOP-IM7V4RI.
[2025-03-28T13:32:43.263+0000] {taskinstance.py:3134} INFO - Exporting env vars: AIRFLOW_CTX_DAG_OWNER='mohammed' AIRFLOW_CTX_DAG_ID='load_dbt_clean_reviews_pipeline' AIRFLOW_CTX_TASK_ID='dbt_run_transactional' AIRFLOW_CTX_EXECUTION_DATE='2024-11-27T00:00:00+00:00' AIRFLOW_CTX_TRY_NUMBER='1' AIRFLOW_CTX_DAG_RUN_ID='scheduled__2024-11-27T00:00:00+00:00'
[2025-03-28T13:32:43.296+0000] {logging_mixin.py:190} INFO - Task instance is in running state
[2025-03-28T13:32:43.297+0000] {logging_mixin.py:190} INFO -  Previous state of the Task instance: queued
[2025-03-28T13:32:43.300+0000] {logging_mixin.py:190} INFO - Current task name:dbt_run_transactional state:running start_date:2025-03-28 13:32:41.145840+00:00
[2025-03-28T13:32:43.315+0000] {logging_mixin.py:190} INFO - Dag name:load_dbt_clean_reviews_pipeline and current dag run status:running
[2025-03-28T13:32:43.316+0000] {taskinstance.py:732} INFO - ::endgroup::
[2025-03-28T13:32:43.317+0000] {subprocess.py:78} INFO - Tmp dir root location: /tmp
[2025-03-28T13:32:43.321+0000] {subprocess.py:88} INFO - Running command: ['/usr/bin/bash', '-c', 'cd /home/mohammed/.dbt/dbt_projects/bank_reviews_transactional && dbt run']
[2025-03-28T13:32:43.445+0000] {subprocess.py:99} INFO - Output:
[2025-03-28T13:33:06.075+0000] {subprocess.py:106} INFO - [0m13:33:06  Running with dbt=1.9.3
[2025-03-28T13:33:12.824+0000] {subprocess.py:106} INFO - [0m13:33:12  Registered adapter: postgres=1.9.0
[2025-03-28T13:33:15.161+0000] {subprocess.py:106} INFO - [0m13:33:15  [[33mWARNING[0m]: Configuration paths exist in your dbt_project.yml file which do not apply to any resources.
[2025-03-28T13:33:15.162+0000] {subprocess.py:106} INFO - There are 1 unused configuration paths:
[2025-03-28T13:33:15.162+0000] {subprocess.py:106} INFO - - models.bank_reviews_transactional.transactional
[2025-03-28T13:33:16.525+0000] {subprocess.py:106} INFO - [0m13:33:16  Found 1 model, 1 source, 433 macros
[2025-03-28T13:33:16.543+0000] {subprocess.py:106} INFO - [0m13:33:16
[2025-03-28T13:33:16.545+0000] {subprocess.py:106} INFO - [0m13:33:16  Concurrency: 4 threads (target='dev')
[2025-03-28T13:33:16.547+0000] {subprocess.py:106} INFO - [0m13:33:16
[2025-03-28T13:33:17.541+0000] {subprocess.py:106} INFO - [0m13:33:17  1 of 1 START sql table model transactional.clean_reviews ....................... [RUN]
[2025-03-28T13:33:31.220+0000] {subprocess.py:106} INFO - [0m13:33:31  1 of 1 OK created sql table model transactional.clean_reviews .................. [[32mSELECT 281[0m in 13.68s]
[2025-03-28T13:33:31.368+0000] {subprocess.py:106} INFO - [0m13:33:31
[2025-03-28T13:33:31.371+0000] {subprocess.py:106} INFO - [0m13:33:31  Finished running 1 table model in 0 hours 0 minutes and 14.82 seconds (14.82s).
[2025-03-28T13:33:31.571+0000] {subprocess.py:106} INFO - [0m13:33:31
[2025-03-28T13:33:31.575+0000] {subprocess.py:106} INFO - [0m13:33:31  [32mCompleted successfully[0m
[2025-03-28T13:33:31.577+0000] {subprocess.py:106} INFO - [0m13:33:31
[2025-03-28T13:33:31.579+0000] {subprocess.py:106} INFO - [0m13:33:31  Done. PASS=1 WARN=0 ERROR=0 SKIP=0 TOTAL=1
[2025-03-28T13:33:34.109+0000] {subprocess.py:110} INFO - Command exited with return code 0
[2025-03-28T13:33:34.366+0000] {taskinstance.py:341} INFO - ::group::Post task execution logs
[2025-03-28T13:33:34.369+0000] {taskinstance.py:353} INFO - Marking task as SUCCESS. dag_id=load_dbt_clean_reviews_pipeline, task_id=dbt_run_transactional, run_id=scheduled__2024-11-27T00:00:00+00:00, execution_date=20241127T000000, start_date=20250328T133241, end_date=20250328T133334
[2025-03-28T13:33:34.664+0000] {logging_mixin.py:190} INFO - Task instance in success state
[2025-03-28T13:33:34.669+0000] {logging_mixin.py:190} INFO -  Previous state of the Task instance: running
[2025-03-28T13:33:34.670+0000] {logging_mixin.py:190} INFO - Dag name:load_dbt_clean_reviews_pipeline queued_at:2025-03-28 13:32:33.087424+00:00
[2025-03-28T13:33:34.671+0000] {logging_mixin.py:190} INFO - Task hostname:DESKTOP-IM7V4RI. operator:BashOperator
[2025-03-28T13:33:34.733+0000] {local_task_job_runner.py:266} INFO - Task exited with return code 0
[2025-03-28T13:33:34.847+0000] {taskinstance.py:3901} INFO - 0 downstream tasks scheduled from follow-on schedule check
[2025-03-28T13:33:34.862+0000] {local_task_job_runner.py:245} INFO - ::endgroup::
