[2025-03-17T01:14:09.037+0000] {local_task_job_runner.py:123} INFO - ::group::Pre task execution logs
[2025-03-17T01:14:09.081+0000] {taskinstance.py:2614} INFO - Dependencies all met for dep_context=non-requeueable deps ti=<TaskInstance: load_reviews_pipeline.dbt_run scheduled__2025-01-15T00:00:00+00:00 [queued]>
[2025-03-17T01:14:09.093+0000] {taskinstance.py:2614} INFO - Dependencies all met for dep_context=requeueable deps ti=<TaskInstance: load_reviews_pipeline.dbt_run scheduled__2025-01-15T00:00:00+00:00 [queued]>
[2025-03-17T01:14:09.093+0000] {taskinstance.py:2867} INFO - Starting attempt 1 of 2
[2025-03-17T01:14:09.118+0000] {taskinstance.py:2890} INFO - Executing <Task(BashOperator): dbt_run> on 2025-01-15 00:00:00+00:00
[2025-03-17T01:14:09.124+0000] {standard_task_runner.py:72} INFO - Started process 321861 to run task
[2025-03-17T01:14:09.130+0000] {standard_task_runner.py:104} INFO - Running: ['airflow', 'tasks', 'run', 'load_reviews_pipeline', 'dbt_run', 'scheduled__2025-01-15T00:00:00+00:00', '--job-id', '585', '--raw', '--subdir', 'DAGS_FOLDER/dag_load_reviews.py', '--cfg-path', '/tmp/tmpt8y0i0sn']
[2025-03-17T01:14:09.131+0000] {standard_task_runner.py:105} INFO - Job 585: Subtask dbt_run
[2025-03-17T01:14:09.258+0000] {task_command.py:467} INFO - Running <TaskInstance: load_reviews_pipeline.dbt_run scheduled__2025-01-15T00:00:00+00:00 [running]> on host DESKTOP-IM7V4RI.
[2025-03-17T01:14:09.420+0000] {taskinstance.py:3134} INFO - Exporting env vars: AIRFLOW_CTX_DAG_OWNER='mohammed' AIRFLOW_CTX_DAG_ID='load_reviews_pipeline' AIRFLOW_CTX_TASK_ID='dbt_run' AIRFLOW_CTX_EXECUTION_DATE='2025-01-15T00:00:00+00:00' AIRFLOW_CTX_TRY_NUMBER='1' AIRFLOW_CTX_DAG_RUN_ID='scheduled__2025-01-15T00:00:00+00:00'
[2025-03-17T01:14:09.421+0000] {logging_mixin.py:190} INFO - Task instance is in running state
[2025-03-17T01:14:09.421+0000] {logging_mixin.py:190} INFO -  Previous state of the Task instance: queued
[2025-03-17T01:14:09.422+0000] {logging_mixin.py:190} INFO - Current task name:dbt_run state:running start_date:2025-03-17 01:14:09.082119+00:00
[2025-03-17T01:14:09.422+0000] {logging_mixin.py:190} INFO - Dag name:load_reviews_pipeline and current dag run status:running
[2025-03-17T01:14:09.422+0000] {taskinstance.py:732} INFO - ::endgroup::
[2025-03-17T01:14:09.423+0000] {subprocess.py:78} INFO - Tmp dir root location: /tmp
[2025-03-17T01:14:09.424+0000] {subprocess.py:88} INFO - Running command: ['/usr/bin/bash', '-c', 'cd /home/mohammed/.dbt/bank_reviews_project && dbt run']
[2025-03-17T01:14:09.436+0000] {subprocess.py:99} INFO - Output:
[2025-03-17T01:14:11.385+0000] {subprocess.py:106} INFO - [0m01:14:11  Running with dbt=1.9.3
[2025-03-17T01:14:11.756+0000] {subprocess.py:106} INFO - [0m01:14:11  Registered adapter: postgres=1.9.0
[2025-03-17T01:14:13.424+0000] {subprocess.py:106} INFO - [0m01:14:13  Found 10 models, 4 data tests, 2 sources, 433 macros
[2025-03-17T01:14:13.430+0000] {subprocess.py:106} INFO - [0m01:14:13
[2025-03-17T01:14:13.431+0000] {subprocess.py:106} INFO - [0m01:14:13  Concurrency: 4 threads (target='dev')
[2025-03-17T01:14:13.432+0000] {subprocess.py:106} INFO - [0m01:14:13
[2025-03-17T01:14:13.781+0000] {subprocess.py:106} INFO - [0m01:14:13  1 of 10 START sql view model public.clean_reviews .............................. [RUN]
[2025-03-17T01:14:13.784+0000] {subprocess.py:106} INFO - [0m01:14:13  2 of 10 START sql table model public.my_first_dbt_model ........................ [RUN]
[2025-03-17T01:14:13.787+0000] {subprocess.py:106} INFO - [0m01:14:13  3 of 10 START sql view model public.remove_duplicates .......................... [RUN]
[2025-03-17T01:14:13.788+0000] {subprocess.py:106} INFO - [0m01:14:13  4 of 10 START sql view model public.stg_clean_reviews .......................... [RUN]
[2025-03-17T01:14:14.438+0000] {subprocess.py:106} INFO - [0m01:14:14  1 of 10 OK created sql view model public.clean_reviews ......................... [[32mCREATE VIEW[0m in 0.64s]
[2025-03-17T01:14:14.479+0000] {subprocess.py:106} INFO - [0m01:14:14  2 of 10 OK created sql table model public.my_first_dbt_model ................... [[32mSELECT 2[0m in 0.69s]
[2025-03-17T01:14:14.488+0000] {subprocess.py:106} INFO - [0m01:14:14  5 of 10 START sql view model public.my_second_dbt_model ........................ [RUN]
[2025-03-17T01:14:14.520+0000] {subprocess.py:106} INFO - [0m01:14:14  4 of 10 OK created sql view model public.stg_clean_reviews ..................... [[32mCREATE VIEW[0m in 0.72s]
[2025-03-17T01:14:14.522+0000] {subprocess.py:106} INFO - [0m01:14:14  3 of 10 OK created sql view model public.remove_duplicates ..................... [[32mCREATE VIEW[0m in 0.73s]
[2025-03-17T01:14:14.529+0000] {subprocess.py:106} INFO - [0m01:14:14  6 of 10 START sql view model public.dim_bank ................................... [RUN]
[2025-03-17T01:14:14.531+0000] {subprocess.py:106} INFO - [0m01:14:14  7 of 10 START sql view model public.dim_branch ................................. [RUN]
[2025-03-17T01:14:14.532+0000] {subprocess.py:106} INFO - [0m01:14:14  8 of 10 START sql view model public.dim_location ............................... [RUN]
[2025-03-17T01:14:14.660+0000] {subprocess.py:106} INFO - [0m01:14:14  5 of 10 OK created sql view model public.my_second_dbt_model ................... [[32mCREATE VIEW[0m in 0.17s]
[2025-03-17T01:14:14.662+0000] {subprocess.py:106} INFO - [0m01:14:14  9 of 10 START sql view model public.dim_sentiment .............................. [RUN]
[2025-03-17T01:14:14.737+0000] {subprocess.py:106} INFO - [0m01:14:14  8 of 10 OK created sql view model public.dim_location .......................... [[32mCREATE VIEW[0m in 0.20s]
[2025-03-17T01:14:14.739+0000] {subprocess.py:106} INFO - [0m01:14:14  7 of 10 OK created sql view model public.dim_branch ............................ [[32mCREATE VIEW[0m in 0.20s]
[2025-03-17T01:14:14.741+0000] {subprocess.py:106} INFO - [0m01:14:14  6 of 10 OK created sql view model public.dim_bank .............................. [[32mCREATE VIEW[0m in 0.20s]
[2025-03-17T01:14:14.757+0000] {subprocess.py:106} INFO - [0m01:14:14  9 of 10 OK created sql view model public.dim_sentiment ......................... [[32mCREATE VIEW[0m in 0.09s]
[2025-03-17T01:14:14.760+0000] {subprocess.py:106} INFO - [0m01:14:14  10 of 10 START sql view model public.fact_reviews .............................. [RUN]
[2025-03-17T01:14:14.078+0000] {subprocess.py:106} INFO - [0m01:14:14  10 of 10 OK created sql view model public.fact_reviews ......................... [[32mCREATE VIEW[0m in -0.68s]
[2025-03-17T01:14:14.108+0000] {subprocess.py:106} INFO - [0m01:14:14
[2025-03-17T01:14:14.109+0000] {subprocess.py:106} INFO - [0m01:14:14  Finished running 1 table model, 9 view models in 0 hours 0 minutes and 0.68 seconds (0.68s).
[2025-03-17T01:14:14.169+0000] {subprocess.py:106} INFO - [0m01:14:14
[2025-03-17T01:14:14.170+0000] {subprocess.py:106} INFO - [0m01:14:14  [32mCompleted successfully[0m
[2025-03-17T01:14:14.172+0000] {subprocess.py:106} INFO - [0m01:14:14
[2025-03-17T01:14:14.172+0000] {subprocess.py:106} INFO - [0m01:14:14  Done. PASS=10 WARN=0 ERROR=0 SKIP=0 TOTAL=10
[2025-03-17T01:14:17.523+0000] {subprocess.py:110} INFO - Command exited with return code 0
[2025-03-17T01:14:17.604+0000] {taskinstance.py:341} INFO - ::group::Post task execution logs
[2025-03-17T01:14:17.604+0000] {taskinstance.py:353} INFO - Marking task as SUCCESS. dag_id=load_reviews_pipeline, task_id=dbt_run, run_id=scheduled__2025-01-15T00:00:00+00:00, execution_date=20250115T000000, start_date=20250317T011409, end_date=20250317T011417
[2025-03-17T01:14:17.672+0000] {logging_mixin.py:190} INFO - Task instance in success state
[2025-03-17T01:14:17.673+0000] {logging_mixin.py:190} INFO -  Previous state of the Task instance: running
[2025-03-17T01:14:17.673+0000] {logging_mixin.py:190} INFO - Dag name:load_reviews_pipeline queued_at:2025-03-17 01:14:08.226519+00:00
[2025-03-17T01:14:17.673+0000] {logging_mixin.py:190} INFO - Task hostname:DESKTOP-IM7V4RI. operator:BashOperator
[2025-03-17T01:14:17.717+0000] {local_task_job_runner.py:266} INFO - Task exited with return code 0
[2025-03-17T01:14:17.756+0000] {taskinstance.py:3901} INFO - 0 downstream tasks scheduled from follow-on schedule check
[2025-03-17T01:14:17.764+0000] {local_task_job_runner.py:245} INFO - ::endgroup::
