[2025-03-17T01:17:47.968+0000] {local_task_job_runner.py:123} INFO - ::group::Pre task execution logs
[2025-03-17T01:17:47.995+0000] {taskinstance.py:2614} INFO - Dependencies all met for dep_context=non-requeueable deps ti=<TaskInstance: load_reviews_pipeline.dbt_run scheduled__2025-02-16T00:00:00+00:00 [queued]>
[2025-03-17T01:17:48.007+0000] {taskinstance.py:2614} INFO - Dependencies all met for dep_context=requeueable deps ti=<TaskInstance: load_reviews_pipeline.dbt_run scheduled__2025-02-16T00:00:00+00:00 [queued]>
[2025-03-17T01:17:48.008+0000] {taskinstance.py:2867} INFO - Starting attempt 1 of 2
[2025-03-17T01:17:48.030+0000] {taskinstance.py:2890} INFO - Executing <Task(BashOperator): dbt_run> on 2025-02-16 00:00:00+00:00
[2025-03-17T01:17:48.036+0000] {standard_task_runner.py:72} INFO - Started process 327635 to run task
[2025-03-17T01:17:48.041+0000] {standard_task_runner.py:104} INFO - Running: ['airflow', 'tasks', 'run', 'load_reviews_pipeline', 'dbt_run', 'scheduled__2025-02-16T00:00:00+00:00', '--job-id', '625', '--raw', '--subdir', 'DAGS_FOLDER/dag_load_reviews.py', '--cfg-path', '/tmp/tmp_0qj4468']
[2025-03-17T01:17:48.042+0000] {standard_task_runner.py:105} INFO - Job 625: Subtask dbt_run
[2025-03-17T01:17:48.140+0000] {task_command.py:467} INFO - Running <TaskInstance: load_reviews_pipeline.dbt_run scheduled__2025-02-16T00:00:00+00:00 [running]> on host DESKTOP-IM7V4RI.
[2025-03-17T01:17:48.276+0000] {taskinstance.py:3134} INFO - Exporting env vars: AIRFLOW_CTX_DAG_OWNER='mohammed' AIRFLOW_CTX_DAG_ID='load_reviews_pipeline' AIRFLOW_CTX_TASK_ID='dbt_run' AIRFLOW_CTX_EXECUTION_DATE='2025-02-16T00:00:00+00:00' AIRFLOW_CTX_TRY_NUMBER='1' AIRFLOW_CTX_DAG_RUN_ID='scheduled__2025-02-16T00:00:00+00:00'
[2025-03-17T01:17:48.277+0000] {logging_mixin.py:190} INFO - Task instance is in running state
[2025-03-17T01:17:48.278+0000] {logging_mixin.py:190} INFO -  Previous state of the Task instance: queued
[2025-03-17T01:17:48.278+0000] {logging_mixin.py:190} INFO - Current task name:dbt_run state:running start_date:2025-03-17 01:17:47.995735+00:00
[2025-03-17T01:17:48.278+0000] {logging_mixin.py:190} INFO - Dag name:load_reviews_pipeline and current dag run status:running
[2025-03-17T01:17:48.279+0000] {taskinstance.py:732} INFO - ::endgroup::
[2025-03-17T01:17:48.280+0000] {subprocess.py:78} INFO - Tmp dir root location: /tmp
[2025-03-17T01:17:48.281+0000] {subprocess.py:88} INFO - Running command: ['/usr/bin/bash', '-c', 'cd /home/mohammed/.dbt/bank_reviews_project && dbt run']
[2025-03-17T01:17:48.295+0000] {subprocess.py:99} INFO - Output:
[2025-03-17T01:17:49.841+0000] {subprocess.py:106} INFO - [0m01:17:49  Running with dbt=1.9.3
[2025-03-17T01:17:50.105+0000] {subprocess.py:106} INFO - [0m01:17:50  Registered adapter: postgres=1.9.0
[2025-03-17T01:17:50.520+0000] {subprocess.py:106} INFO - [0m01:17:50  Found 10 models, 4 data tests, 2 sources, 433 macros
[2025-03-17T01:17:50.523+0000] {subprocess.py:106} INFO - [0m01:17:50
[2025-03-17T01:17:50.524+0000] {subprocess.py:106} INFO - [0m01:17:50  Concurrency: 4 threads (target='dev')
[2025-03-17T01:17:50.524+0000] {subprocess.py:106} INFO - [0m01:17:50
[2025-03-17T01:17:50.668+0000] {subprocess.py:106} INFO - [0m01:17:50  1 of 10 START sql view model public.clean_reviews .............................. [RUN]
[2025-03-17T01:17:50.671+0000] {subprocess.py:106} INFO - [0m01:17:50  2 of 10 START sql table model public.my_first_dbt_model ........................ [RUN]
[2025-03-17T01:17:50.674+0000] {subprocess.py:106} INFO - [0m01:17:50  3 of 10 START sql view model public.remove_duplicates .......................... [RUN]
[2025-03-17T01:17:50.675+0000] {subprocess.py:106} INFO - [0m01:17:50  4 of 10 START sql view model public.stg_clean_reviews .......................... [RUN]
[2025-03-17T01:17:51.120+0000] {subprocess.py:106} INFO - [0m01:17:51  3 of 10 OK created sql view model public.remove_duplicates ..................... [[32mCREATE VIEW[0m in 0.44s]
[2025-03-17T01:17:51.128+0000] {subprocess.py:106} INFO - [0m01:17:51  2 of 10 OK created sql table model public.my_first_dbt_model ................... [[32mSELECT 2[0m in 0.45s]
[2025-03-17T01:17:51.133+0000] {subprocess.py:106} INFO - [0m01:17:51  5 of 10 START sql view model public.my_second_dbt_model ........................ [RUN]
[2025-03-17T01:17:51.147+0000] {subprocess.py:106} INFO - [0m01:17:51  1 of 10 OK created sql view model public.clean_reviews ......................... [[32mCREATE VIEW[0m in 0.47s]
[2025-03-17T01:17:51.148+0000] {subprocess.py:106} INFO - [0m01:17:51  4 of 10 OK created sql view model public.stg_clean_reviews ..................... [[32mCREATE VIEW[0m in 0.46s]
[2025-03-17T01:17:51.164+0000] {subprocess.py:106} INFO - [0m01:17:51  6 of 10 START sql view model public.dim_bank ................................... [RUN]
[2025-03-17T01:17:51.166+0000] {subprocess.py:106} INFO - [0m01:17:51  7 of 10 START sql view model public.dim_branch ................................. [RUN]
[2025-03-17T01:17:51.168+0000] {subprocess.py:106} INFO - [0m01:17:51  8 of 10 START sql view model public.dim_location ............................... [RUN]
[2025-03-17T01:17:51.325+0000] {subprocess.py:106} INFO - [0m01:17:51  5 of 10 OK created sql view model public.my_second_dbt_model ................... [[32mCREATE VIEW[0m in 0.17s]
[2025-03-17T01:17:51.337+0000] {subprocess.py:106} INFO - [0m01:17:51  9 of 10 START sql view model public.dim_sentiment .............................. [RUN]
[2025-03-17T01:17:51.362+0000] {subprocess.py:106} INFO - [0m01:17:51  6 of 10 OK created sql view model public.dim_bank .............................. [[32mCREATE VIEW[0m in 0.19s]
[2025-03-17T01:17:51.370+0000] {subprocess.py:106} INFO - [0m01:17:51  8 of 10 OK created sql view model public.dim_location .......................... [[32mCREATE VIEW[0m in 0.19s]
[2025-03-17T01:17:51.394+0000] {subprocess.py:106} INFO - [0m01:17:51  7 of 10 OK created sql view model public.dim_branch ............................ [[32mCREATE VIEW[0m in 0.22s]
[2025-03-17T01:17:51.464+0000] {subprocess.py:106} INFO - [0m01:17:51  9 of 10 OK created sql view model public.dim_sentiment ......................... [[32mCREATE VIEW[0m in 0.12s]
[2025-03-17T01:17:51.469+0000] {subprocess.py:106} INFO - [0m01:17:51  10 of 10 START sql view model public.fact_reviews .............................. [RUN]
[2025-03-17T01:17:51.539+0000] {subprocess.py:106} INFO - [0m01:17:51  10 of 10 OK created sql view model public.fact_reviews ......................... [[32mCREATE VIEW[0m in 0.07s]
[2025-03-17T01:17:51.563+0000] {subprocess.py:106} INFO - [0m01:17:51
[2025-03-17T01:17:51.564+0000] {subprocess.py:106} INFO - [0m01:17:51  Finished running 1 table model, 9 view models in 0 hours 0 minutes and 1.04 seconds (1.04s).
[2025-03-17T01:17:51.604+0000] {subprocess.py:106} INFO - [0m01:17:51
[2025-03-17T01:17:51.604+0000] {subprocess.py:106} INFO - [0m01:17:51  [32mCompleted successfully[0m
[2025-03-17T01:17:51.605+0000] {subprocess.py:106} INFO - [0m01:17:51
[2025-03-17T01:17:51.605+0000] {subprocess.py:106} INFO - [0m01:17:51  Done. PASS=10 WARN=0 ERROR=0 SKIP=0 TOTAL=10
[2025-03-17T01:17:52.908+0000] {subprocess.py:110} INFO - Command exited with return code 0
[2025-03-17T01:17:52.978+0000] {taskinstance.py:341} INFO - ::group::Post task execution logs
[2025-03-17T01:17:52.978+0000] {taskinstance.py:353} INFO - Marking task as SUCCESS. dag_id=load_reviews_pipeline, task_id=dbt_run, run_id=scheduled__2025-02-16T00:00:00+00:00, execution_date=20250216T000000, start_date=20250317T011747, end_date=20250317T011752
[2025-03-17T01:17:53.032+0000] {logging_mixin.py:190} INFO - Task instance in success state
[2025-03-17T01:17:53.032+0000] {logging_mixin.py:190} INFO -  Previous state of the Task instance: running
[2025-03-17T01:17:53.033+0000] {logging_mixin.py:190} INFO - Dag name:load_reviews_pipeline queued_at:2025-03-17 01:17:47.221594+00:00
[2025-03-17T01:17:53.033+0000] {logging_mixin.py:190} INFO - Task hostname:DESKTOP-IM7V4RI. operator:BashOperator
[2025-03-17T01:17:53.090+0000] {local_task_job_runner.py:266} INFO - Task exited with return code 0
[2025-03-17T01:17:53.111+0000] {taskinstance.py:3901} INFO - 0 downstream tasks scheduled from follow-on schedule check
[2025-03-17T01:17:53.116+0000] {local_task_job_runner.py:245} INFO - ::endgroup::
