[2025-03-28T02:18:02.308+0000] {local_task_job_runner.py:123} INFO - ::group::Pre task execution logs
[2025-03-28T02:18:02.389+0000] {taskinstance.py:2614} INFO - Dependencies all met for dep_context=non-requeueable deps ti=<TaskInstance: load_dbt_clean_reviews_pipeline.dbt_run_transactional scheduled__2024-04-01T00:00:00+00:00 [queued]>
[2025-03-28T02:18:02.415+0000] {taskinstance.py:2614} INFO - Dependencies all met for dep_context=requeueable deps ti=<TaskInstance: load_dbt_clean_reviews_pipeline.dbt_run_transactional scheduled__2024-04-01T00:00:00+00:00 [queued]>
[2025-03-28T02:18:02.416+0000] {taskinstance.py:2867} INFO - Starting attempt 1 of 2
[2025-03-28T02:18:02.484+0000] {taskinstance.py:2890} INFO - Executing <Task(BashOperator): dbt_run_transactional> on 2024-04-01 00:00:00+00:00
[2025-03-28T02:18:02.517+0000] {standard_task_runner.py:104} INFO - Running: ['airflow', 'tasks', 'run', 'load_dbt_clean_reviews_pipeline', 'dbt_run_transactional', 'scheduled__2024-04-01T00:00:00+00:00', '--job-id', '2005', '--raw', '--subdir', 'DAGS_FOLDER/dag_load_reviews.py', '--cfg-path', '/tmp/tmpcmugd34_']
[2025-03-28T02:18:02.508+0000] {standard_task_runner.py:72} INFO - Started process 189176 to run task
[2025-03-28T02:18:02.521+0000] {standard_task_runner.py:105} INFO - Job 2005: Subtask dbt_run_transactional
[2025-03-28T02:18:02.736+0000] {task_command.py:467} INFO - Running <TaskInstance: load_dbt_clean_reviews_pipeline.dbt_run_transactional scheduled__2024-04-01T00:00:00+00:00 [running]> on host DESKTOP-IM7V4RI.
[2025-03-28T02:18:03.245+0000] {taskinstance.py:3134} INFO - Exporting env vars: AIRFLOW_CTX_DAG_OWNER='mohammed' AIRFLOW_CTX_DAG_ID='load_dbt_clean_reviews_pipeline' AIRFLOW_CTX_TASK_ID='dbt_run_transactional' AIRFLOW_CTX_EXECUTION_DATE='2024-04-01T00:00:00+00:00' AIRFLOW_CTX_TRY_NUMBER='1' AIRFLOW_CTX_DAG_RUN_ID='scheduled__2024-04-01T00:00:00+00:00'
[2025-03-28T02:18:03.260+0000] {logging_mixin.py:190} INFO - Task instance is in running state
[2025-03-28T02:18:03.261+0000] {logging_mixin.py:190} INFO -  Previous state of the Task instance: queued
[2025-03-28T02:18:03.261+0000] {logging_mixin.py:190} INFO - Current task name:dbt_run_transactional state:running start_date:2025-03-28 02:18:02.390340+00:00
[2025-03-28T02:18:03.262+0000] {logging_mixin.py:190} INFO - Dag name:load_dbt_clean_reviews_pipeline and current dag run status:running
[2025-03-28T02:18:03.264+0000] {taskinstance.py:732} INFO - ::endgroup::
[2025-03-28T02:18:03.272+0000] {subprocess.py:78} INFO - Tmp dir root location: /tmp
[2025-03-28T02:18:03.275+0000] {subprocess.py:88} INFO - Running command: ['/usr/bin/bash', '-c', 'cd /home/mohammed/.dbt/dbt_projects/bank_reviews_transactional && dbt run']
[2025-03-28T02:18:03.322+0000] {subprocess.py:99} INFO - Output:
[2025-03-28T02:18:12.366+0000] {subprocess.py:106} INFO - [0m02:18:12  Running with dbt=1.9.3
[2025-03-28T02:18:14.351+0000] {subprocess.py:106} INFO - [0m02:18:14  Registered adapter: postgres=1.9.0
[2025-03-28T02:18:16.506+0000] {subprocess.py:106} INFO - [0m02:18:16  [[33mWARNING[0m]: Configuration paths exist in your dbt_project.yml file which do not apply to any resources.
[2025-03-28T02:18:16.508+0000] {subprocess.py:106} INFO - There are 1 unused configuration paths:
[2025-03-28T02:18:16.509+0000] {subprocess.py:106} INFO - - models.bank_reviews_transactional.transactional
[2025-03-28T02:18:17.745+0000] {subprocess.py:106} INFO - [0m02:18:17  Found 1 model, 1 source, 433 macros
[2025-03-28T02:18:17.760+0000] {subprocess.py:106} INFO - [0m02:18:17
[2025-03-28T02:18:17.811+0000] {subprocess.py:106} INFO - [0m02:18:17  Concurrency: 4 threads (target='dev')
[2025-03-28T02:18:17.829+0000] {subprocess.py:106} INFO - [0m02:18:17
[2025-03-28T02:18:18.983+0000] {subprocess.py:106} INFO - [0m02:18:18  1 of 1 START sql table model transactional.clean_reviews ....................... [RUN]
[2025-03-28T02:18:21.484+0000] {subprocess.py:106} INFO - [0m02:18:21  1 of 1 OK created sql table model transactional.clean_reviews .................. [[32mSELECT 153[0m in 2.50s]
[2025-03-28T02:18:21.614+0000] {subprocess.py:106} INFO - [0m02:18:21
[2025-03-28T02:18:21.636+0000] {subprocess.py:106} INFO - [0m02:18:21  Finished running 1 table model in 0 hours 0 minutes and 3.78 seconds (3.78s).
[2025-03-28T02:18:22.041+0000] {subprocess.py:106} INFO - [0m02:18:22
[2025-03-28T02:18:22.055+0000] {subprocess.py:106} INFO - [0m02:18:22  [32mCompleted successfully[0m
[2025-03-28T02:18:22.057+0000] {subprocess.py:106} INFO - [0m02:18:22
[2025-03-28T02:18:22.060+0000] {subprocess.py:106} INFO - [0m02:18:22  Done. PASS=1 WARN=0 ERROR=0 SKIP=0 TOTAL=1
[2025-03-28T02:18:25.460+0000] {subprocess.py:110} INFO - Command exited with return code 0
[2025-03-28T02:18:25.719+0000] {taskinstance.py:341} INFO - ::group::Post task execution logs
[2025-03-28T02:18:25.732+0000] {taskinstance.py:353} INFO - Marking task as SUCCESS. dag_id=load_dbt_clean_reviews_pipeline, task_id=dbt_run_transactional, run_id=scheduled__2024-04-01T00:00:00+00:00, execution_date=20240401T000000, start_date=20250328T021802, end_date=20250328T021825
[2025-03-28T02:18:27.554+0000] {logging_mixin.py:190} INFO - Task instance in success state
[2025-03-28T02:18:27.556+0000] {logging_mixin.py:190} INFO -  Previous state of the Task instance: running
[2025-03-28T02:18:27.557+0000] {logging_mixin.py:190} INFO - Dag name:load_dbt_clean_reviews_pipeline queued_at:2025-03-28 02:17:59.392541+00:00
[2025-03-28T02:18:27.567+0000] {logging_mixin.py:190} INFO - Task hostname:DESKTOP-IM7V4RI. operator:BashOperator
[2025-03-28T02:18:27.606+0000] {local_task_job_runner.py:266} INFO - Task exited with return code 0
[2025-03-28T02:18:27.798+0000] {taskinstance.py:3901} INFO - 0 downstream tasks scheduled from follow-on schedule check
[2025-03-28T02:18:27.817+0000] {local_task_job_runner.py:245} INFO - ::endgroup::
