[2025-03-20T17:57:52.638+0000] {local_task_job_runner.py:123} INFO - ::group::Pre task execution logs
[2025-03-20T17:57:52.735+0000] {taskinstance.py:2614} INFO - Dependencies all met for dep_context=non-requeueable deps ti=<TaskInstance: scrape_and_store_all_jobs.scrape_and_insert_data_to_json manual__2025-03-20T17:57:46.280441+00:00 [queued]>
[2025-03-20T17:57:52.774+0000] {taskinstance.py:2614} INFO - Dependencies all met for dep_context=requeueable deps ti=<TaskInstance: scrape_and_store_all_jobs.scrape_and_insert_data_to_json manual__2025-03-20T17:57:46.280441+00:00 [queued]>
[2025-03-20T17:57:52.774+0000] {taskinstance.py:2867} INFO - Starting attempt 1 of 2
[2025-03-20T17:57:52.855+0000] {taskinstance.py:2890} INFO - Executing <Task(PythonOperator): scrape_and_insert_data_to_json> on 2025-03-20 17:57:46.280441+00:00
[2025-03-20T17:57:52.876+0000] {standard_task_runner.py:72} INFO - Started process 269309 to run task
[2025-03-20T17:57:52.893+0000] {standard_task_runner.py:104} INFO - Running: ['airflow', 'tasks', 'run', 'scrape_and_store_all_jobs', 'scrape_and_insert_data_to_json', 'manual__2025-03-20T17:57:46.280441+00:00', '--job-id', '1859', '--raw', '--subdir', 'DAGS_FOLDER/scrape_and_store_all_jobs.py', '--cfg-path', '/tmp/tmpgas5rgrn']
[2025-03-20T17:57:52.895+0000] {standard_task_runner.py:105} INFO - Job 1859: Subtask scrape_and_insert_data_to_json
[2025-03-20T17:57:53.184+0000] {task_command.py:467} INFO - Running <TaskInstance: scrape_and_store_all_jobs.scrape_and_insert_data_to_json manual__2025-03-20T17:57:46.280441+00:00 [running]> on host DESKTOP-IM7V4RI.
[2025-03-20T17:57:53.670+0000] {taskinstance.py:3134} INFO - Exporting env vars: AIRFLOW_CTX_DAG_OWNER='airflow' AIRFLOW_CTX_DAG_ID='scrape_and_store_all_jobs' AIRFLOW_CTX_TASK_ID='scrape_and_insert_data_to_json' AIRFLOW_CTX_EXECUTION_DATE='2025-03-20T17:57:46.280441+00:00' AIRFLOW_CTX_TRY_NUMBER='1' AIRFLOW_CTX_DAG_RUN_ID='manual__2025-03-20T17:57:46.280441+00:00'
[2025-03-20T17:57:53.673+0000] {logging_mixin.py:190} INFO - Task instance is in running state
[2025-03-20T17:57:53.674+0000] {logging_mixin.py:190} INFO -  Previous state of the Task instance: queued
[2025-03-20T17:57:53.674+0000] {logging_mixin.py:190} INFO - Current task name:scrape_and_insert_data_to_json state:running start_date:2025-03-20 17:57:52.736244+00:00
[2025-03-20T17:57:53.675+0000] {logging_mixin.py:190} INFO - Dag name:scrape_and_store_all_jobs and current dag run status:running
[2025-03-20T17:57:53.675+0000] {taskinstance.py:732} INFO - ::endgroup::
[2025-03-20T17:57:53.679+0000] {logging_mixin.py:190} INFO - Extraction des données depuis rekrute.com...
[2025-03-20T17:57:57.107+0000] {logging_mixin.py:190} INFO - (rekrute.com) Nombre total de pages : 172
[2025-03-20T17:57:57.108+0000] {logging_mixin.py:190} INFO - (rekrute.com) Traitement de la page 1...
[2025-03-20T17:58:09.276+0000] {logging_mixin.py:190} INFO - (rekrute.com) Traitement de la page 2...
[2025-03-20T17:58:23.256+0000] {logging_mixin.py:190} INFO - Extraction des données depuis marocemploi.net...
[2025-03-20T17:58:23.257+0000] {logging_mixin.py:190} INFO - (marocemploi.net) Traitement de la page 1...
[2025-03-20T17:58:43.015+0000] {logging_mixin.py:190} INFO - (marocemploi.net) Traitement de la page 2...
[2025-03-20T17:58:53.676+0000] {logging_mixin.py:190} INFO - ❌ Erreur lors du scraping : [Errno 2] No such file or directory: '/home/mohammed/airflow/scripts/offres/offres_combinees.json'
[2025-03-20T17:58:53.678+0000] {python.py:240} INFO - Done. Returned value was: None
[2025-03-20T17:58:53.712+0000] {taskinstance.py:341} INFO - ::group::Post task execution logs
[2025-03-20T17:58:53.713+0000] {taskinstance.py:353} INFO - Marking task as SUCCESS. dag_id=scrape_and_store_all_jobs, task_id=scrape_and_insert_data_to_json, run_id=manual__2025-03-20T17:57:46.280441+00:00, execution_date=20250320T175746, start_date=20250320T175752, end_date=20250320T175853
[2025-03-20T17:58:53.809+0000] {logging_mixin.py:190} INFO - Task instance in success state
[2025-03-20T17:58:53.809+0000] {logging_mixin.py:190} INFO -  Previous state of the Task instance: running
[2025-03-20T17:58:53.810+0000] {logging_mixin.py:190} INFO - Dag name:scrape_and_store_all_jobs queued_at:2025-03-20 17:57:46.473090+00:00
[2025-03-20T17:58:53.810+0000] {logging_mixin.py:190} INFO - Task hostname:DESKTOP-IM7V4RI. operator:PythonOperator
[2025-03-20T17:58:53.848+0000] {local_task_job_runner.py:266} INFO - Task exited with return code 0
[2025-03-20T17:58:53.895+0000] {taskinstance.py:3901} INFO - 0 downstream tasks scheduled from follow-on schedule check
[2025-03-20T17:58:53.900+0000] {local_task_job_runner.py:245} INFO - ::endgroup::
