[2025-03-17T01:14:19.868+0000] {local_task_job_runner.py:123} INFO - ::group::Pre task execution logs
[2025-03-17T01:14:19.891+0000] {taskinstance.py:2614} INFO - Dependencies all met for dep_context=non-requeueable deps ti=<TaskInstance: load_reviews_pipeline.dbt_run scheduled__2025-01-16T00:00:00+00:00 [queued]>
[2025-03-17T01:14:19.898+0000] {taskinstance.py:2614} INFO - Dependencies all met for dep_context=requeueable deps ti=<TaskInstance: load_reviews_pipeline.dbt_run scheduled__2025-01-16T00:00:00+00:00 [queued]>
[2025-03-17T01:14:19.899+0000] {taskinstance.py:2867} INFO - Starting attempt 1 of 2
[2025-03-17T01:14:19.917+0000] {taskinstance.py:2890} INFO - Executing <Task(BashOperator): dbt_run> on 2025-01-16 00:00:00+00:00
[2025-03-17T01:14:19.930+0000] {standard_task_runner.py:72} INFO - Started process 322226 to run task
[2025-03-17T01:14:19.936+0000] {standard_task_runner.py:104} INFO - Running: ['airflow', 'tasks', 'run', 'load_reviews_pipeline', 'dbt_run', 'scheduled__2025-01-16T00:00:00+00:00', '--job-id', '586', '--raw', '--subdir', 'DAGS_FOLDER/dag_load_reviews.py', '--cfg-path', '/tmp/tmp2uk9_ejo']
[2025-03-17T01:14:19.937+0000] {standard_task_runner.py:105} INFO - Job 586: Subtask dbt_run
[2025-03-17T01:14:20.010+0000] {task_command.py:467} INFO - Running <TaskInstance: load_reviews_pipeline.dbt_run scheduled__2025-01-16T00:00:00+00:00 [running]> on host DESKTOP-IM7V4RI.
[2025-03-17T01:14:20.123+0000] {taskinstance.py:3134} INFO - Exporting env vars: AIRFLOW_CTX_DAG_OWNER='mohammed' AIRFLOW_CTX_DAG_ID='load_reviews_pipeline' AIRFLOW_CTX_TASK_ID='dbt_run' AIRFLOW_CTX_EXECUTION_DATE='2025-01-16T00:00:00+00:00' AIRFLOW_CTX_TRY_NUMBER='1' AIRFLOW_CTX_DAG_RUN_ID='scheduled__2025-01-16T00:00:00+00:00'
[2025-03-17T01:14:20.125+0000] {logging_mixin.py:190} INFO - Task instance is in running state
[2025-03-17T01:14:20.125+0000] {logging_mixin.py:190} INFO -  Previous state of the Task instance: queued
[2025-03-17T01:14:20.125+0000] {logging_mixin.py:190} INFO - Current task name:dbt_run state:running start_date:2025-03-17 01:14:19.891636+00:00
[2025-03-17T01:14:20.125+0000] {logging_mixin.py:190} INFO - Dag name:load_reviews_pipeline and current dag run status:running
[2025-03-17T01:14:20.126+0000] {taskinstance.py:732} INFO - ::endgroup::
[2025-03-17T01:14:20.126+0000] {subprocess.py:78} INFO - Tmp dir root location: /tmp
[2025-03-17T01:14:20.127+0000] {subprocess.py:88} INFO - Running command: ['/usr/bin/bash', '-c', 'cd /home/mohammed/.dbt/bank_reviews_project && dbt run']
[2025-03-17T01:14:20.137+0000] {subprocess.py:99} INFO - Output:
[2025-03-17T01:14:21.794+0000] {subprocess.py:106} INFO - [0m01:14:21  Running with dbt=1.9.3
[2025-03-17T01:14:22.217+0000] {subprocess.py:106} INFO - [0m01:14:22  Registered adapter: postgres=1.9.0
[2025-03-17T01:14:22.664+0000] {subprocess.py:106} INFO - [0m01:14:22  Found 10 models, 4 data tests, 2 sources, 433 macros
[2025-03-17T01:14:22.667+0000] {subprocess.py:106} INFO - [0m01:14:22
[2025-03-17T01:14:22.667+0000] {subprocess.py:106} INFO - [0m01:14:22  Concurrency: 4 threads (target='dev')
[2025-03-17T01:14:22.668+0000] {subprocess.py:106} INFO - [0m01:14:22
[2025-03-17T01:14:22.813+0000] {subprocess.py:106} INFO - [0m01:14:22  1 of 10 START sql view model public.clean_reviews .............................. [RUN]
[2025-03-17T01:14:22.814+0000] {subprocess.py:106} INFO - [0m01:14:22  2 of 10 START sql table model public.my_first_dbt_model ........................ [RUN]
[2025-03-17T01:14:22.817+0000] {subprocess.py:106} INFO - [0m01:14:22  3 of 10 START sql view model public.remove_duplicates .......................... [RUN]
[2025-03-17T01:14:22.819+0000] {subprocess.py:106} INFO - [0m01:14:22  4 of 10 START sql view model public.stg_clean_reviews .......................... [RUN]
[2025-03-17T01:14:23.187+0000] {subprocess.py:106} INFO - [0m01:14:23  3 of 10 OK created sql view model public.remove_duplicates ..................... [[32mCREATE VIEW[0m in 0.36s]
[2025-03-17T01:14:23.189+0000] {subprocess.py:106} INFO - [0m01:14:23  2 of 10 OK created sql table model public.my_first_dbt_model ................... [[32mSELECT 2[0m in 0.37s]
[2025-03-17T01:14:23.191+0000] {subprocess.py:106} INFO - [0m01:14:23  1 of 10 OK created sql view model public.clean_reviews ......................... [[32mCREATE VIEW[0m in 0.37s]
[2025-03-17T01:14:23.193+0000] {subprocess.py:106} INFO - [0m01:14:23  4 of 10 OK created sql view model public.stg_clean_reviews ..................... [[32mCREATE VIEW[0m in 0.36s]
[2025-03-17T01:14:23.198+0000] {subprocess.py:106} INFO - [0m01:14:23  5 of 10 START sql view model public.my_second_dbt_model ........................ [RUN]
[2025-03-17T01:14:23.205+0000] {subprocess.py:106} INFO - [0m01:14:23  6 of 10 START sql view model public.dim_bank ................................... [RUN]
[2025-03-17T01:14:23.213+0000] {subprocess.py:106} INFO - [0m01:14:23  7 of 10 START sql view model public.dim_branch ................................. [RUN]
[2025-03-17T01:14:23.214+0000] {subprocess.py:106} INFO - [0m01:14:23  8 of 10 START sql view model public.dim_location ............................... [RUN]
[2025-03-17T01:14:23.315+0000] {subprocess.py:106} INFO - [0m01:14:23  5 of 10 OK created sql view model public.my_second_dbt_model ................... [[32mCREATE VIEW[0m in 0.11s]
[2025-03-17T01:14:23.326+0000] {subprocess.py:106} INFO - [0m01:14:23  9 of 10 START sql view model public.dim_sentiment .............................. [RUN]
[2025-03-17T01:14:23.339+0000] {subprocess.py:106} INFO - [0m01:14:23  6 of 10 OK created sql view model public.dim_bank .............................. [[32mCREATE VIEW[0m in 0.13s]
[2025-03-17T01:14:23.371+0000] {subprocess.py:106} INFO - [0m01:14:23  8 of 10 OK created sql view model public.dim_location .......................... [[32mCREATE VIEW[0m in 0.15s]
[2025-03-17T01:14:23.374+0000] {subprocess.py:106} INFO - [0m01:14:23  7 of 10 OK created sql view model public.dim_branch ............................ [[32mCREATE VIEW[0m in 0.16s]
[2025-03-17T01:14:23.413+0000] {subprocess.py:106} INFO - [0m01:14:23  9 of 10 OK created sql view model public.dim_sentiment ......................... [[32mCREATE VIEW[0m in 0.08s]
[2025-03-17T01:14:23.415+0000] {subprocess.py:106} INFO - [0m01:14:23  10 of 10 START sql view model public.fact_reviews .............................. [RUN]
[2025-03-17T01:14:23.475+0000] {subprocess.py:106} INFO - [0m01:14:23  10 of 10 OK created sql view model public.fact_reviews ......................... [[32mCREATE VIEW[0m in 0.06s]
[2025-03-17T01:14:23.497+0000] {subprocess.py:106} INFO - [0m01:14:23
[2025-03-17T01:14:23.497+0000] {subprocess.py:106} INFO - [0m01:14:23  Finished running 1 table model, 9 view models in 0 hours 0 minutes and 0.83 seconds (0.83s).
[2025-03-17T01:14:23.536+0000] {subprocess.py:106} INFO - [0m01:14:23
[2025-03-17T01:14:23.536+0000] {subprocess.py:106} INFO - [0m01:14:23  [32mCompleted successfully[0m
[2025-03-17T01:14:23.537+0000] {subprocess.py:106} INFO - [0m01:14:23
[2025-03-17T01:14:23.537+0000] {subprocess.py:106} INFO - [0m01:14:23  Done. PASS=10 WARN=0 ERROR=0 SKIP=0 TOTAL=10
[2025-03-17T01:14:24.948+0000] {subprocess.py:110} INFO - Command exited with return code 0
[2025-03-17T01:14:25.004+0000] {taskinstance.py:341} INFO - ::group::Post task execution logs
[2025-03-17T01:14:25.004+0000] {taskinstance.py:353} INFO - Marking task as SUCCESS. dag_id=load_reviews_pipeline, task_id=dbt_run, run_id=scheduled__2025-01-16T00:00:00+00:00, execution_date=20250116T000000, start_date=20250317T011419, end_date=20250317T011425
[2025-03-17T01:14:25.063+0000] {logging_mixin.py:190} INFO - Task instance in success state
[2025-03-17T01:14:25.064+0000] {logging_mixin.py:190} INFO -  Previous state of the Task instance: running
[2025-03-17T01:14:25.064+0000] {logging_mixin.py:190} INFO - Dag name:load_reviews_pipeline queued_at:2025-03-17 01:14:18.915845+00:00
[2025-03-17T01:14:25.065+0000] {logging_mixin.py:190} INFO - Task hostname:DESKTOP-IM7V4RI. operator:BashOperator
[2025-03-17T01:14:25.082+0000] {local_task_job_runner.py:266} INFO - Task exited with return code 0
[2025-03-17T01:14:25.115+0000] {taskinstance.py:3901} INFO - 0 downstream tasks scheduled from follow-on schedule check
[2025-03-17T01:14:25.119+0000] {local_task_job_runner.py:245} INFO - ::endgroup::
