[2025-03-18T18:26:31.426+0000] {local_task_job_runner.py:123} INFO - ::group::Pre task execution logs
[2025-03-18T18:26:31.599+0000] {taskinstance.py:2614} INFO - Dependencies all met for dep_context=non-requeueable deps ti=<TaskInstance: load_dbt_clean_reviews_pipeline.dbt_run scheduled__2024-10-29T00:00:00+00:00 [queued]>
[2025-03-18T18:26:31.708+0000] {taskinstance.py:2614} INFO - Dependencies all met for dep_context=requeueable deps ti=<TaskInstance: load_dbt_clean_reviews_pipeline.dbt_run scheduled__2024-10-29T00:00:00+00:00 [queued]>
[2025-03-18T18:26:31.708+0000] {taskinstance.py:2867} INFO - Starting attempt 1 of 2
[2025-03-18T18:26:31.827+0000] {taskinstance.py:2890} INFO - Executing <Task(BashOperator): dbt_run> on 2024-10-29 00:00:00+00:00
[2025-03-18T18:26:31.849+0000] {standard_task_runner.py:72} INFO - Started process 20757 to run task
[2025-03-18T18:26:31.867+0000] {standard_task_runner.py:104} INFO - Running: ['airflow', 'tasks', 'run', 'load_dbt_clean_reviews_pipeline', 'dbt_run', 'scheduled__2024-10-29T00:00:00+00:00', '--job-id', '1053', '--raw', '--subdir', 'DAGS_FOLDER/dag_load_reviews.py', '--cfg-path', '/tmp/tmphbsjgwl4']
[2025-03-18T18:26:31.870+0000] {standard_task_runner.py:105} INFO - Job 1053: Subtask dbt_run
[2025-03-18T18:26:32.629+0000] {task_command.py:467} INFO - Running <TaskInstance: load_dbt_clean_reviews_pipeline.dbt_run scheduled__2024-10-29T00:00:00+00:00 [running]> on host DESKTOP-IM7V4RI.
[2025-03-18T18:26:33.348+0000] {taskinstance.py:3134} INFO - Exporting env vars: AIRFLOW_CTX_DAG_OWNER='mohammed' AIRFLOW_CTX_DAG_ID='load_dbt_clean_reviews_pipeline' AIRFLOW_CTX_TASK_ID='dbt_run' AIRFLOW_CTX_EXECUTION_DATE='2024-10-29T00:00:00+00:00' AIRFLOW_CTX_TRY_NUMBER='1' AIRFLOW_CTX_DAG_RUN_ID='scheduled__2024-10-29T00:00:00+00:00'
[2025-03-18T18:26:33.353+0000] {logging_mixin.py:190} INFO - Task instance is in running state
[2025-03-18T18:26:33.363+0000] {logging_mixin.py:190} INFO -  Previous state of the Task instance: queued
[2025-03-18T18:26:33.364+0000] {logging_mixin.py:190} INFO - Current task name:dbt_run state:running start_date:2025-03-18 18:26:31.600315+00:00
[2025-03-18T18:26:33.364+0000] {logging_mixin.py:190} INFO - Dag name:load_dbt_clean_reviews_pipeline and current dag run status:running
[2025-03-18T18:26:33.365+0000] {taskinstance.py:732} INFO - ::endgroup::
[2025-03-18T18:26:33.387+0000] {subprocess.py:78} INFO - Tmp dir root location: /tmp
[2025-03-18T18:26:33.394+0000] {subprocess.py:88} INFO - Running command: ['/usr/bin/bash', '-c', 'cd /home/mohammed/.dbt/dbt_projects/bank_reviews_transactional && dbt run']
[2025-03-18T18:26:33.486+0000] {subprocess.py:99} INFO - Output:
[2025-03-18T18:26:49.502+0000] {subprocess.py:106} INFO - [0m18:26:49  Running with dbt=1.9.3
[2025-03-18T18:26:52.974+0000] {subprocess.py:106} INFO - [0m18:26:52  Registered adapter: postgres=1.9.0
[2025-03-18T18:26:54.780+0000] {subprocess.py:106} INFO - [0m18:26:54  [[33mWARNING[0m]: Configuration paths exist in your dbt_project.yml file which do not apply to any resources.
[2025-03-18T18:26:54.781+0000] {subprocess.py:106} INFO - There are 1 unused configuration paths:
[2025-03-18T18:26:54.781+0000] {subprocess.py:106} INFO - - models.bank_reviews_transactional.transactional
[2025-03-18T18:26:56.136+0000] {subprocess.py:106} INFO - [0m18:26:56  Found 1 model, 1 source, 433 macros
[2025-03-18T18:26:56.170+0000] {subprocess.py:106} INFO - [0m18:26:56
[2025-03-18T18:26:56.173+0000] {subprocess.py:106} INFO - [0m18:26:56  Concurrency: 4 threads (target='dev')
[2025-03-18T18:26:56.200+0000] {subprocess.py:106} INFO - [0m18:26:56
[2025-03-18T18:26:58.558+0000] {subprocess.py:106} INFO - [0m18:26:58  1 of 1 START sql table model transactional.clean_reviews ....................... [RUN]
[2025-03-18T18:27:01.556+0000] {subprocess.py:106} INFO - [0m18:27:01  1 of 1 OK created sql table model transactional.clean_reviews .................. [[32mSELECT 549[0m in 2.98s]
[2025-03-18T18:27:01.681+0000] {subprocess.py:106} INFO - [0m18:27:01
[2025-03-18T18:27:01.682+0000] {subprocess.py:106} INFO - [0m18:27:01  Finished running 1 table model in 0 hours 0 minutes and 5.48 seconds (5.48s).
[2025-03-18T18:27:02.006+0000] {subprocess.py:106} INFO - [0m18:27:02
[2025-03-18T18:27:02.007+0000] {subprocess.py:106} INFO - [0m18:27:02  [32mCompleted successfully[0m
[2025-03-18T18:27:02.008+0000] {subprocess.py:106} INFO - [0m18:27:02
[2025-03-18T18:27:02.020+0000] {subprocess.py:106} INFO - [0m18:27:02  Done. PASS=1 WARN=0 ERROR=0 SKIP=0 TOTAL=1
[2025-03-18T18:27:04.806+0000] {subprocess.py:110} INFO - Command exited with return code 0
[2025-03-18T18:27:05.097+0000] {taskinstance.py:341} INFO - ::group::Post task execution logs
[2025-03-18T18:27:05.099+0000] {taskinstance.py:353} INFO - Marking task as SUCCESS. dag_id=load_dbt_clean_reviews_pipeline, task_id=dbt_run, run_id=scheduled__2024-10-29T00:00:00+00:00, execution_date=20241029T000000, start_date=20250318T182631, end_date=20250318T182705
[2025-03-18T18:27:05.361+0000] {logging_mixin.py:190} INFO - Task instance in success state
[2025-03-18T18:27:05.362+0000] {logging_mixin.py:190} INFO -  Previous state of the Task instance: running
[2025-03-18T18:27:05.368+0000] {logging_mixin.py:190} INFO - Dag name:load_dbt_clean_reviews_pipeline queued_at:2025-03-18 18:26:26.025756+00:00
[2025-03-18T18:27:05.369+0000] {logging_mixin.py:190} INFO - Task hostname:DESKTOP-IM7V4RI. operator:BashOperator
[2025-03-18T18:27:05.452+0000] {local_task_job_runner.py:266} INFO - Task exited with return code 0
[2025-03-18T18:27:05.605+0000] {taskinstance.py:3901} INFO - 0 downstream tasks scheduled from follow-on schedule check
[2025-03-18T18:27:05.618+0000] {local_task_job_runner.py:245} INFO - ::endgroup::
