[2025-03-28T13:31:05.772+0000] {local_task_job_runner.py:123} INFO - ::group::Pre task execution logs
[2025-03-28T13:31:05.899+0000] {taskinstance.py:2614} INFO - Dependencies all met for dep_context=non-requeueable deps ti=<TaskInstance: load_dbt_clean_reviews_pipeline.dbt_run_transactional scheduled__2024-10-27T00:00:00+00:00 [queued]>
[2025-03-28T13:31:05.954+0000] {taskinstance.py:2614} INFO - Dependencies all met for dep_context=requeueable deps ti=<TaskInstance: load_dbt_clean_reviews_pipeline.dbt_run_transactional scheduled__2024-10-27T00:00:00+00:00 [queued]>
[2025-03-28T13:31:05.955+0000] {taskinstance.py:2867} INFO - Starting attempt 2 of 2
[2025-03-28T13:31:06.155+0000] {taskinstance.py:2890} INFO - Executing <Task(BashOperator): dbt_run_transactional> on 2024-10-27 00:00:00+00:00
[2025-03-28T13:31:06.180+0000] {standard_task_runner.py:72} INFO - Started process 980 to run task
[2025-03-28T13:31:06.248+0000] {standard_task_runner.py:104} INFO - Running: ['airflow', 'tasks', 'run', 'load_dbt_clean_reviews_pipeline', 'dbt_run_transactional', 'scheduled__2024-10-27T00:00:00+00:00', '--job-id', '2238', '--raw', '--subdir', 'DAGS_FOLDER/dag_load_reviews.py', '--cfg-path', '/tmp/tmprtowcruv']
[2025-03-28T13:31:06.250+0000] {standard_task_runner.py:105} INFO - Job 2238: Subtask dbt_run_transactional
[2025-03-28T13:31:07.514+0000] {task_command.py:467} INFO - Running <TaskInstance: load_dbt_clean_reviews_pipeline.dbt_run_transactional scheduled__2024-10-27T00:00:00+00:00 [running]> on host DESKTOP-IM7V4RI.
[2025-03-28T13:31:09.097+0000] {taskinstance.py:3134} INFO - Exporting env vars: AIRFLOW_CTX_DAG_OWNER='mohammed' AIRFLOW_CTX_DAG_ID='load_dbt_clean_reviews_pipeline' AIRFLOW_CTX_TASK_ID='dbt_run_transactional' AIRFLOW_CTX_EXECUTION_DATE='2024-10-27T00:00:00+00:00' AIRFLOW_CTX_TRY_NUMBER='2' AIRFLOW_CTX_DAG_RUN_ID='scheduled__2024-10-27T00:00:00+00:00'
[2025-03-28T13:31:09.106+0000] {logging_mixin.py:190} INFO - Task instance is in running state
[2025-03-28T13:31:09.109+0000] {logging_mixin.py:190} INFO -  Previous state of the Task instance: queued
[2025-03-28T13:31:09.110+0000] {logging_mixin.py:190} INFO - Current task name:dbt_run_transactional state:running start_date:2025-03-28 13:31:05.900682+00:00
[2025-03-28T13:31:09.110+0000] {logging_mixin.py:190} INFO - Dag name:load_dbt_clean_reviews_pipeline and current dag run status:running
[2025-03-28T13:31:09.111+0000] {taskinstance.py:732} INFO - ::endgroup::
[2025-03-28T13:31:09.127+0000] {subprocess.py:78} INFO - Tmp dir root location: /tmp
[2025-03-28T13:31:09.132+0000] {subprocess.py:88} INFO - Running command: ['/usr/bin/bash', '-c', 'cd /home/mohammed/.dbt/dbt_projects/bank_reviews_transactional && dbt run']
[2025-03-28T13:31:09.257+0000] {subprocess.py:99} INFO - Output:
[2025-03-28T13:31:47.967+0000] {subprocess.py:106} INFO - [0m13:31:47  Running with dbt=1.9.3
[2025-03-28T13:31:50.818+0000] {subprocess.py:106} INFO - [0m13:31:50  Registered adapter: postgres=1.9.0
[2025-03-28T13:31:54.433+0000] {subprocess.py:106} INFO - [0m13:31:54  [[33mWARNING[0m]: Configuration paths exist in your dbt_project.yml file which do not apply to any resources.
[2025-03-28T13:31:54.439+0000] {subprocess.py:106} INFO - There are 1 unused configuration paths:
[2025-03-28T13:31:54.440+0000] {subprocess.py:106} INFO - - models.bank_reviews_transactional.transactional
[2025-03-28T13:31:56.436+0000] {subprocess.py:106} INFO - [0m13:31:56  Found 1 model, 1 source, 433 macros
[2025-03-28T13:31:56.499+0000] {subprocess.py:106} INFO - [0m13:31:56
[2025-03-28T13:31:56.553+0000] {subprocess.py:106} INFO - [0m13:31:56  Concurrency: 4 threads (target='dev')
[2025-03-28T13:31:56.555+0000] {subprocess.py:106} INFO - [0m13:31:56
[2025-03-28T13:31:59.032+0000] {subprocess.py:106} INFO - [0m13:31:59  1 of 1 START sql table model transactional.clean_reviews ....................... [RUN]
[2025-03-28T13:32:06.131+0000] {subprocess.py:106} INFO - [0m13:32:06  1 of 1 OK created sql table model transactional.clean_reviews .................. [[32mSELECT 281[0m in 7.04s]
[2025-03-28T13:32:06.322+0000] {subprocess.py:106} INFO - [0m13:32:06
[2025-03-28T13:32:06.328+0000] {subprocess.py:106} INFO - [0m13:32:06  Finished running 1 table model in 0 hours 0 minutes and 9.76 seconds (9.76s).
[2025-03-28T13:32:06.481+0000] {subprocess.py:106} INFO - [0m13:32:06
[2025-03-28T13:32:06.487+0000] {subprocess.py:106} INFO - [0m13:32:06  [32mCompleted successfully[0m
[2025-03-28T13:32:06.490+0000] {subprocess.py:106} INFO - [0m13:32:06
[2025-03-28T13:32:06.492+0000] {subprocess.py:106} INFO - [0m13:32:06  Done. PASS=1 WARN=0 ERROR=0 SKIP=0 TOTAL=1
[2025-03-28T13:32:09.354+0000] {subprocess.py:110} INFO - Command exited with return code 0
[2025-03-28T13:32:09.700+0000] {taskinstance.py:341} INFO - ::group::Post task execution logs
[2025-03-28T13:32:09.702+0000] {taskinstance.py:353} INFO - Marking task as SUCCESS. dag_id=load_dbt_clean_reviews_pipeline, task_id=dbt_run_transactional, run_id=scheduled__2024-10-27T00:00:00+00:00, execution_date=20241027T000000, start_date=20250328T133105, end_date=20250328T133209
[2025-03-28T13:32:10.398+0000] {logging_mixin.py:190} INFO - Task instance in success state
[2025-03-28T13:32:10.398+0000] {logging_mixin.py:190} INFO -  Previous state of the Task instance: running
[2025-03-28T13:32:10.399+0000] {logging_mixin.py:190} INFO - Dag name:load_dbt_clean_reviews_pipeline queued_at:2025-03-28 02:34:53.121599+00:00
[2025-03-28T13:32:10.399+0000] {logging_mixin.py:190} INFO - Task hostname:DESKTOP-IM7V4RI. operator:BashOperator
[2025-03-28T13:32:10.459+0000] {local_task_job_runner.py:266} INFO - Task exited with return code 0
[2025-03-28T13:32:10.774+0000] {taskinstance.py:3901} INFO - 0 downstream tasks scheduled from follow-on schedule check
[2025-03-28T13:32:10.795+0000] {local_task_job_runner.py:245} INFO - ::endgroup::
