[2025-07-18T18:05:19.243+0000] {processor.py:186} INFO - Started process (PID=143) to work on /home/airflow/.local/lib/python3.11/site-packages/airflow/example_dags/subdags/subdag.py
[2025-07-18T18:05:19.246+0000] {processor.py:914} INFO - Processing file /home/airflow/.local/lib/python3.11/site-packages/airflow/example_dags/subdags/subdag.py for tasks to queue
[2025-07-18T18:05:19.250+0000] {logging_mixin.py:190} INFO - [2025-07-18T18:05:19.249+0000] {dagbag.py:588} INFO - Filling up the DagBag from /home/airflow/.local/lib/python3.11/site-packages/airflow/example_dags/subdags/subdag.py
[2025-07-18T18:05:19.262+0000] {processor.py:927} WARNING - No viable dags retrieved from /home/airflow/.local/lib/python3.11/site-packages/airflow/example_dags/subdags/subdag.py
[2025-07-18T18:05:19.323+0000] {processor.py:208} INFO - Processing /home/airflow/.local/lib/python3.11/site-packages/airflow/example_dags/subdags/subdag.py took 0.111 seconds
[2025-07-18T18:05:50.412+0000] {processor.py:186} INFO - Started process (PID=207) to work on /home/airflow/.local/lib/python3.11/site-packages/airflow/example_dags/subdags/subdag.py
[2025-07-18T18:05:50.418+0000] {processor.py:914} INFO - Processing file /home/airflow/.local/lib/python3.11/site-packages/airflow/example_dags/subdags/subdag.py for tasks to queue
[2025-07-18T18:05:50.430+0000] {logging_mixin.py:190} INFO - [2025-07-18T18:05:50.428+0000] {dagbag.py:588} INFO - Filling up the DagBag from /home/airflow/.local/lib/python3.11/site-packages/airflow/example_dags/subdags/subdag.py
[2025-07-18T18:05:50.448+0000] {processor.py:927} WARNING - No viable dags retrieved from /home/airflow/.local/lib/python3.11/site-packages/airflow/example_dags/subdags/subdag.py
[2025-07-18T18:05:50.550+0000] {processor.py:208} INFO - Processing /home/airflow/.local/lib/python3.11/site-packages/airflow/example_dags/subdags/subdag.py took 0.186 seconds
[2025-07-18T18:14:24.415+0000] {processor.py:186} INFO - Started process (PID=159) to work on /home/airflow/.local/lib/python3.11/site-packages/airflow/example_dags/subdags/subdag.py
[2025-07-18T18:14:24.534+0000] {processor.py:914} INFO - Processing file /home/airflow/.local/lib/python3.11/site-packages/airflow/example_dags/subdags/subdag.py for tasks to queue
[2025-07-18T18:14:24.550+0000] {logging_mixin.py:190} INFO - [2025-07-18T18:14:24.549+0000] {dagbag.py:588} INFO - Filling up the DagBag from /home/airflow/.local/lib/python3.11/site-packages/airflow/example_dags/subdags/subdag.py
[2025-07-18T18:14:24.591+0000] {processor.py:927} WARNING - No viable dags retrieved from /home/airflow/.local/lib/python3.11/site-packages/airflow/example_dags/subdags/subdag.py
[2025-07-18T18:14:24.699+0000] {processor.py:208} INFO - Processing /home/airflow/.local/lib/python3.11/site-packages/airflow/example_dags/subdags/subdag.py took 0.304 seconds
[2025-07-18T18:14:56.376+0000] {processor.py:186} INFO - Started process (PID=223) to work on /home/airflow/.local/lib/python3.11/site-packages/airflow/example_dags/subdags/subdag.py
[2025-07-18T18:14:56.379+0000] {processor.py:914} INFO - Processing file /home/airflow/.local/lib/python3.11/site-packages/airflow/example_dags/subdags/subdag.py for tasks to queue
[2025-07-18T18:14:56.393+0000] {logging_mixin.py:190} INFO - [2025-07-18T18:14:56.392+0000] {dagbag.py:588} INFO - Filling up the DagBag from /home/airflow/.local/lib/python3.11/site-packages/airflow/example_dags/subdags/subdag.py
[2025-07-18T18:14:56.406+0000] {processor.py:927} WARNING - No viable dags retrieved from /home/airflow/.local/lib/python3.11/site-packages/airflow/example_dags/subdags/subdag.py
[2025-07-18T18:14:56.465+0000] {processor.py:208} INFO - Processing /home/airflow/.local/lib/python3.11/site-packages/airflow/example_dags/subdags/subdag.py took 0.124 seconds
[2025-07-18T18:15:29.201+0000] {processor.py:186} INFO - Started process (PID=289) to work on /home/airflow/.local/lib/python3.11/site-packages/airflow/example_dags/subdags/subdag.py
[2025-07-18T18:15:29.209+0000] {processor.py:914} INFO - Processing file /home/airflow/.local/lib/python3.11/site-packages/airflow/example_dags/subdags/subdag.py for tasks to queue
[2025-07-18T18:15:29.219+0000] {logging_mixin.py:190} INFO - [2025-07-18T18:15:29.218+0000] {dagbag.py:588} INFO - Filling up the DagBag from /home/airflow/.local/lib/python3.11/site-packages/airflow/example_dags/subdags/subdag.py
[2025-07-18T18:15:29.305+0000] {processor.py:927} WARNING - No viable dags retrieved from /home/airflow/.local/lib/python3.11/site-packages/airflow/example_dags/subdags/subdag.py
[2025-07-18T18:15:29.653+0000] {processor.py:208} INFO - Processing /home/airflow/.local/lib/python3.11/site-packages/airflow/example_dags/subdags/subdag.py took 0.479 seconds
[2025-07-18T18:16:00.477+0000] {processor.py:186} INFO - Started process (PID=352) to work on /home/airflow/.local/lib/python3.11/site-packages/airflow/example_dags/subdags/subdag.py
[2025-07-18T18:16:00.489+0000] {processor.py:914} INFO - Processing file /home/airflow/.local/lib/python3.11/site-packages/airflow/example_dags/subdags/subdag.py for tasks to queue
[2025-07-18T18:16:00.493+0000] {logging_mixin.py:190} INFO - [2025-07-18T18:16:00.492+0000] {dagbag.py:588} INFO - Filling up the DagBag from /home/airflow/.local/lib/python3.11/site-packages/airflow/example_dags/subdags/subdag.py
[2025-07-18T18:16:00.502+0000] {processor.py:927} WARNING - No viable dags retrieved from /home/airflow/.local/lib/python3.11/site-packages/airflow/example_dags/subdags/subdag.py
[2025-07-18T18:16:00.534+0000] {processor.py:208} INFO - Processing /home/airflow/.local/lib/python3.11/site-packages/airflow/example_dags/subdags/subdag.py took 0.073 seconds
[2025-07-18T18:16:37.138+0000] {processor.py:186} INFO - Started process (PID=418) to work on /home/airflow/.local/lib/python3.11/site-packages/airflow/example_dags/subdags/subdag.py
[2025-07-18T18:16:37.143+0000] {processor.py:914} INFO - Processing file /home/airflow/.local/lib/python3.11/site-packages/airflow/example_dags/subdags/subdag.py for tasks to queue
[2025-07-18T18:16:37.154+0000] {logging_mixin.py:190} INFO - [2025-07-18T18:16:37.153+0000] {dagbag.py:588} INFO - Filling up the DagBag from /home/airflow/.local/lib/python3.11/site-packages/airflow/example_dags/subdags/subdag.py
[2025-07-18T18:16:37.177+0000] {processor.py:927} WARNING - No viable dags retrieved from /home/airflow/.local/lib/python3.11/site-packages/airflow/example_dags/subdags/subdag.py
[2025-07-18T18:16:37.277+0000] {processor.py:208} INFO - Processing /home/airflow/.local/lib/python3.11/site-packages/airflow/example_dags/subdags/subdag.py took 0.190 seconds
[2025-07-18T18:17:36.810+0000] {processor.py:186} INFO - Started process (PID=490) to work on /home/airflow/.local/lib/python3.11/site-packages/airflow/example_dags/subdags/subdag.py
[2025-07-18T18:17:36.813+0000] {processor.py:914} INFO - Processing file /home/airflow/.local/lib/python3.11/site-packages/airflow/example_dags/subdags/subdag.py for tasks to queue
[2025-07-18T18:17:36.819+0000] {logging_mixin.py:190} INFO - [2025-07-18T18:17:36.818+0000] {dagbag.py:588} INFO - Filling up the DagBag from /home/airflow/.local/lib/python3.11/site-packages/airflow/example_dags/subdags/subdag.py
[2025-07-18T18:17:36.826+0000] {processor.py:927} WARNING - No viable dags retrieved from /home/airflow/.local/lib/python3.11/site-packages/airflow/example_dags/subdags/subdag.py
[2025-07-18T18:17:36.883+0000] {processor.py:208} INFO - Processing /home/airflow/.local/lib/python3.11/site-packages/airflow/example_dags/subdags/subdag.py took 0.105 seconds
[2025-07-18T18:18:09.952+0000] {processor.py:186} INFO - Started process (PID=554) to work on /home/airflow/.local/lib/python3.11/site-packages/airflow/example_dags/subdags/subdag.py
[2025-07-18T18:18:09.956+0000] {processor.py:914} INFO - Processing file /home/airflow/.local/lib/python3.11/site-packages/airflow/example_dags/subdags/subdag.py for tasks to queue
[2025-07-18T18:18:09.963+0000] {logging_mixin.py:190} INFO - [2025-07-18T18:18:09.962+0000] {dagbag.py:588} INFO - Filling up the DagBag from /home/airflow/.local/lib/python3.11/site-packages/airflow/example_dags/subdags/subdag.py
[2025-07-18T18:18:09.978+0000] {processor.py:927} WARNING - No viable dags retrieved from /home/airflow/.local/lib/python3.11/site-packages/airflow/example_dags/subdags/subdag.py
[2025-07-18T18:18:10.075+0000] {processor.py:208} INFO - Processing /home/airflow/.local/lib/python3.11/site-packages/airflow/example_dags/subdags/subdag.py took 0.162 seconds
[2025-07-18T18:18:48.071+0000] {processor.py:186} INFO - Started process (PID=630) to work on /home/airflow/.local/lib/python3.11/site-packages/airflow/example_dags/subdags/subdag.py
[2025-07-18T18:18:48.073+0000] {processor.py:914} INFO - Processing file /home/airflow/.local/lib/python3.11/site-packages/airflow/example_dags/subdags/subdag.py for tasks to queue
[2025-07-18T18:18:48.079+0000] {logging_mixin.py:190} INFO - [2025-07-18T18:18:48.078+0000] {dagbag.py:588} INFO - Filling up the DagBag from /home/airflow/.local/lib/python3.11/site-packages/airflow/example_dags/subdags/subdag.py
[2025-07-18T18:18:48.094+0000] {processor.py:927} WARNING - No viable dags retrieved from /home/airflow/.local/lib/python3.11/site-packages/airflow/example_dags/subdags/subdag.py
[2025-07-18T18:18:48.150+0000] {processor.py:208} INFO - Processing /home/airflow/.local/lib/python3.11/site-packages/airflow/example_dags/subdags/subdag.py took 0.117 seconds
[2025-07-18T18:19:28.873+0000] {processor.py:186} INFO - Started process (PID=695) to work on /home/airflow/.local/lib/python3.11/site-packages/airflow/example_dags/subdags/subdag.py
[2025-07-18T18:19:28.877+0000] {processor.py:914} INFO - Processing file /home/airflow/.local/lib/python3.11/site-packages/airflow/example_dags/subdags/subdag.py for tasks to queue
[2025-07-18T18:19:28.888+0000] {logging_mixin.py:190} INFO - [2025-07-18T18:19:28.886+0000] {dagbag.py:588} INFO - Filling up the DagBag from /home/airflow/.local/lib/python3.11/site-packages/airflow/example_dags/subdags/subdag.py
[2025-07-18T18:19:28.900+0000] {processor.py:927} WARNING - No viable dags retrieved from /home/airflow/.local/lib/python3.11/site-packages/airflow/example_dags/subdags/subdag.py
[2025-07-18T18:19:28.989+0000] {processor.py:208} INFO - Processing /home/airflow/.local/lib/python3.11/site-packages/airflow/example_dags/subdags/subdag.py took 0.170 seconds
[2025-07-18T18:20:18.907+0000] {processor.py:186} INFO - Started process (PID=772) to work on /home/airflow/.local/lib/python3.11/site-packages/airflow/example_dags/subdags/subdag.py
[2025-07-18T18:20:18.910+0000] {processor.py:914} INFO - Processing file /home/airflow/.local/lib/python3.11/site-packages/airflow/example_dags/subdags/subdag.py for tasks to queue
[2025-07-18T18:20:18.916+0000] {logging_mixin.py:190} INFO - [2025-07-18T18:20:18.914+0000] {dagbag.py:588} INFO - Filling up the DagBag from /home/airflow/.local/lib/python3.11/site-packages/airflow/example_dags/subdags/subdag.py
[2025-07-18T18:20:18.927+0000] {processor.py:927} WARNING - No viable dags retrieved from /home/airflow/.local/lib/python3.11/site-packages/airflow/example_dags/subdags/subdag.py
[2025-07-18T18:20:19.000+0000] {processor.py:208} INFO - Processing /home/airflow/.local/lib/python3.11/site-packages/airflow/example_dags/subdags/subdag.py took 0.128 seconds
[2025-07-18T18:21:00.378+0000] {processor.py:186} INFO - Started process (PID=840) to work on /home/airflow/.local/lib/python3.11/site-packages/airflow/example_dags/subdags/subdag.py
[2025-07-18T18:21:00.411+0000] {processor.py:914} INFO - Processing file /home/airflow/.local/lib/python3.11/site-packages/airflow/example_dags/subdags/subdag.py for tasks to queue
[2025-07-18T18:21:00.461+0000] {logging_mixin.py:190} INFO - [2025-07-18T18:21:00.453+0000] {dagbag.py:588} INFO - Filling up the DagBag from /home/airflow/.local/lib/python3.11/site-packages/airflow/example_dags/subdags/subdag.py
[2025-07-18T18:21:00.480+0000] {processor.py:927} WARNING - No viable dags retrieved from /home/airflow/.local/lib/python3.11/site-packages/airflow/example_dags/subdags/subdag.py
[2025-07-18T18:21:00.683+0000] {processor.py:208} INFO - Processing /home/airflow/.local/lib/python3.11/site-packages/airflow/example_dags/subdags/subdag.py took 0.347 seconds
[2025-07-18T18:21:43.702+0000] {processor.py:186} INFO - Started process (PID=910) to work on /home/airflow/.local/lib/python3.11/site-packages/airflow/example_dags/subdags/subdag.py
[2025-07-18T18:21:43.707+0000] {processor.py:914} INFO - Processing file /home/airflow/.local/lib/python3.11/site-packages/airflow/example_dags/subdags/subdag.py for tasks to queue
[2025-07-18T18:21:43.719+0000] {logging_mixin.py:190} INFO - [2025-07-18T18:21:43.713+0000] {dagbag.py:588} INFO - Filling up the DagBag from /home/airflow/.local/lib/python3.11/site-packages/airflow/example_dags/subdags/subdag.py
[2025-07-18T18:21:43.738+0000] {processor.py:927} WARNING - No viable dags retrieved from /home/airflow/.local/lib/python3.11/site-packages/airflow/example_dags/subdags/subdag.py
[2025-07-18T18:21:43.818+0000] {processor.py:208} INFO - Processing /home/airflow/.local/lib/python3.11/site-packages/airflow/example_dags/subdags/subdag.py took 0.165 seconds
[2025-07-18T18:22:37.017+0000] {processor.py:186} INFO - Started process (PID=989) to work on /home/airflow/.local/lib/python3.11/site-packages/airflow/example_dags/subdags/subdag.py
[2025-07-18T18:22:37.020+0000] {processor.py:914} INFO - Processing file /home/airflow/.local/lib/python3.11/site-packages/airflow/example_dags/subdags/subdag.py for tasks to queue
[2025-07-18T18:22:37.033+0000] {logging_mixin.py:190} INFO - [2025-07-18T18:22:37.032+0000] {dagbag.py:588} INFO - Filling up the DagBag from /home/airflow/.local/lib/python3.11/site-packages/airflow/example_dags/subdags/subdag.py
[2025-07-18T18:22:37.056+0000] {processor.py:927} WARNING - No viable dags retrieved from /home/airflow/.local/lib/python3.11/site-packages/airflow/example_dags/subdags/subdag.py
[2025-07-18T18:22:37.142+0000] {processor.py:208} INFO - Processing /home/airflow/.local/lib/python3.11/site-packages/airflow/example_dags/subdags/subdag.py took 0.180 seconds
[2025-07-18T18:23:10.434+0000] {processor.py:186} INFO - Started process (PID=1052) to work on /home/airflow/.local/lib/python3.11/site-packages/airflow/example_dags/subdags/subdag.py
[2025-07-18T18:23:10.455+0000] {processor.py:914} INFO - Processing file /home/airflow/.local/lib/python3.11/site-packages/airflow/example_dags/subdags/subdag.py for tasks to queue
[2025-07-18T18:23:10.459+0000] {logging_mixin.py:190} INFO - [2025-07-18T18:23:10.458+0000] {dagbag.py:588} INFO - Filling up the DagBag from /home/airflow/.local/lib/python3.11/site-packages/airflow/example_dags/subdags/subdag.py
[2025-07-18T18:23:10.467+0000] {processor.py:927} WARNING - No viable dags retrieved from /home/airflow/.local/lib/python3.11/site-packages/airflow/example_dags/subdags/subdag.py
[2025-07-18T18:23:10.504+0000] {processor.py:208} INFO - Processing /home/airflow/.local/lib/python3.11/site-packages/airflow/example_dags/subdags/subdag.py took 0.089 seconds
[2025-07-18T18:24:04.662+0000] {processor.py:186} INFO - Started process (PID=1140) to work on /home/airflow/.local/lib/python3.11/site-packages/airflow/example_dags/subdags/subdag.py
[2025-07-18T18:24:04.665+0000] {processor.py:914} INFO - Processing file /home/airflow/.local/lib/python3.11/site-packages/airflow/example_dags/subdags/subdag.py for tasks to queue
[2025-07-18T18:24:04.673+0000] {logging_mixin.py:190} INFO - [2025-07-18T18:24:04.671+0000] {dagbag.py:588} INFO - Filling up the DagBag from /home/airflow/.local/lib/python3.11/site-packages/airflow/example_dags/subdags/subdag.py
[2025-07-18T18:24:04.682+0000] {processor.py:927} WARNING - No viable dags retrieved from /home/airflow/.local/lib/python3.11/site-packages/airflow/example_dags/subdags/subdag.py
[2025-07-18T18:24:04.744+0000] {processor.py:208} INFO - Processing /home/airflow/.local/lib/python3.11/site-packages/airflow/example_dags/subdags/subdag.py took 0.115 seconds
[2025-07-18T18:24:35.198+0000] {processor.py:186} INFO - Started process (PID=1203) to work on /home/airflow/.local/lib/python3.11/site-packages/airflow/example_dags/subdags/subdag.py
[2025-07-18T18:24:35.200+0000] {processor.py:914} INFO - Processing file /home/airflow/.local/lib/python3.11/site-packages/airflow/example_dags/subdags/subdag.py for tasks to queue
[2025-07-18T18:24:35.205+0000] {logging_mixin.py:190} INFO - [2025-07-18T18:24:35.204+0000] {dagbag.py:588} INFO - Filling up the DagBag from /home/airflow/.local/lib/python3.11/site-packages/airflow/example_dags/subdags/subdag.py
[2025-07-18T18:24:35.212+0000] {processor.py:927} WARNING - No viable dags retrieved from /home/airflow/.local/lib/python3.11/site-packages/airflow/example_dags/subdags/subdag.py
[2025-07-18T18:24:35.248+0000] {processor.py:208} INFO - Processing /home/airflow/.local/lib/python3.11/site-packages/airflow/example_dags/subdags/subdag.py took 0.075 seconds
[2025-07-18T18:25:05.650+0000] {processor.py:186} INFO - Started process (PID=1266) to work on /home/airflow/.local/lib/python3.11/site-packages/airflow/example_dags/subdags/subdag.py
[2025-07-18T18:25:05.654+0000] {processor.py:914} INFO - Processing file /home/airflow/.local/lib/python3.11/site-packages/airflow/example_dags/subdags/subdag.py for tasks to queue
[2025-07-18T18:25:05.671+0000] {logging_mixin.py:190} INFO - [2025-07-18T18:25:05.669+0000] {dagbag.py:588} INFO - Filling up the DagBag from /home/airflow/.local/lib/python3.11/site-packages/airflow/example_dags/subdags/subdag.py
[2025-07-18T18:25:05.686+0000] {processor.py:927} WARNING - No viable dags retrieved from /home/airflow/.local/lib/python3.11/site-packages/airflow/example_dags/subdags/subdag.py
[2025-07-18T18:25:05.778+0000] {processor.py:208} INFO - Processing /home/airflow/.local/lib/python3.11/site-packages/airflow/example_dags/subdags/subdag.py took 0.169 seconds
[2025-07-18T18:25:36.301+0000] {processor.py:186} INFO - Started process (PID=1330) to work on /home/airflow/.local/lib/python3.11/site-packages/airflow/example_dags/subdags/subdag.py
[2025-07-18T18:25:36.304+0000] {processor.py:914} INFO - Processing file /home/airflow/.local/lib/python3.11/site-packages/airflow/example_dags/subdags/subdag.py for tasks to queue
[2025-07-18T18:25:36.317+0000] {logging_mixin.py:190} INFO - [2025-07-18T18:25:36.316+0000] {dagbag.py:588} INFO - Filling up the DagBag from /home/airflow/.local/lib/python3.11/site-packages/airflow/example_dags/subdags/subdag.py
[2025-07-18T18:25:36.335+0000] {processor.py:927} WARNING - No viable dags retrieved from /home/airflow/.local/lib/python3.11/site-packages/airflow/example_dags/subdags/subdag.py
[2025-07-18T18:25:36.431+0000] {processor.py:208} INFO - Processing /home/airflow/.local/lib/python3.11/site-packages/airflow/example_dags/subdags/subdag.py took 0.200 seconds
[2025-07-18T18:26:06.783+0000] {processor.py:186} INFO - Started process (PID=1394) to work on /home/airflow/.local/lib/python3.11/site-packages/airflow/example_dags/subdags/subdag.py
[2025-07-18T18:26:06.789+0000] {processor.py:914} INFO - Processing file /home/airflow/.local/lib/python3.11/site-packages/airflow/example_dags/subdags/subdag.py for tasks to queue
[2025-07-18T18:26:06.798+0000] {logging_mixin.py:190} INFO - [2025-07-18T18:26:06.793+0000] {dagbag.py:588} INFO - Filling up the DagBag from /home/airflow/.local/lib/python3.11/site-packages/airflow/example_dags/subdags/subdag.py
[2025-07-18T18:26:06.807+0000] {processor.py:927} WARNING - No viable dags retrieved from /home/airflow/.local/lib/python3.11/site-packages/airflow/example_dags/subdags/subdag.py
[2025-07-18T18:26:06.876+0000] {processor.py:208} INFO - Processing /home/airflow/.local/lib/python3.11/site-packages/airflow/example_dags/subdags/subdag.py took 0.121 seconds
[2025-07-18T18:26:38.927+0000] {processor.py:186} INFO - Started process (PID=1459) to work on /home/airflow/.local/lib/python3.11/site-packages/airflow/example_dags/subdags/subdag.py
[2025-07-18T18:26:38.929+0000] {processor.py:914} INFO - Processing file /home/airflow/.local/lib/python3.11/site-packages/airflow/example_dags/subdags/subdag.py for tasks to queue
[2025-07-18T18:26:38.933+0000] {logging_mixin.py:190} INFO - [2025-07-18T18:26:38.932+0000] {dagbag.py:588} INFO - Filling up the DagBag from /home/airflow/.local/lib/python3.11/site-packages/airflow/example_dags/subdags/subdag.py
[2025-07-18T18:26:38.940+0000] {processor.py:927} WARNING - No viable dags retrieved from /home/airflow/.local/lib/python3.11/site-packages/airflow/example_dags/subdags/subdag.py
[2025-07-18T18:26:38.990+0000] {processor.py:208} INFO - Processing /home/airflow/.local/lib/python3.11/site-packages/airflow/example_dags/subdags/subdag.py took 0.086 seconds
[2025-07-18T18:27:10.861+0000] {processor.py:186} INFO - Started process (PID=1522) to work on /home/airflow/.local/lib/python3.11/site-packages/airflow/example_dags/subdags/subdag.py
[2025-07-18T18:27:10.906+0000] {processor.py:914} INFO - Processing file /home/airflow/.local/lib/python3.11/site-packages/airflow/example_dags/subdags/subdag.py for tasks to queue
[2025-07-18T18:27:10.910+0000] {logging_mixin.py:190} INFO - [2025-07-18T18:27:10.909+0000] {dagbag.py:588} INFO - Filling up the DagBag from /home/airflow/.local/lib/python3.11/site-packages/airflow/example_dags/subdags/subdag.py
[2025-07-18T18:27:10.915+0000] {processor.py:927} WARNING - No viable dags retrieved from /home/airflow/.local/lib/python3.11/site-packages/airflow/example_dags/subdags/subdag.py
[2025-07-18T18:27:10.942+0000] {processor.py:208} INFO - Processing /home/airflow/.local/lib/python3.11/site-packages/airflow/example_dags/subdags/subdag.py took 0.103 seconds
[2025-07-18T18:27:44.156+0000] {processor.py:186} INFO - Started process (PID=1588) to work on /home/airflow/.local/lib/python3.11/site-packages/airflow/example_dags/subdags/subdag.py
[2025-07-18T18:27:44.159+0000] {processor.py:914} INFO - Processing file /home/airflow/.local/lib/python3.11/site-packages/airflow/example_dags/subdags/subdag.py for tasks to queue
[2025-07-18T18:27:44.165+0000] {logging_mixin.py:190} INFO - [2025-07-18T18:27:44.163+0000] {dagbag.py:588} INFO - Filling up the DagBag from /home/airflow/.local/lib/python3.11/site-packages/airflow/example_dags/subdags/subdag.py
[2025-07-18T18:27:44.171+0000] {processor.py:927} WARNING - No viable dags retrieved from /home/airflow/.local/lib/python3.11/site-packages/airflow/example_dags/subdags/subdag.py
[2025-07-18T18:27:44.210+0000] {processor.py:208} INFO - Processing /home/airflow/.local/lib/python3.11/site-packages/airflow/example_dags/subdags/subdag.py took 0.075 seconds
[2025-07-18T18:28:17.925+0000] {processor.py:186} INFO - Started process (PID=1655) to work on /home/airflow/.local/lib/python3.11/site-packages/airflow/example_dags/subdags/subdag.py
[2025-07-18T18:28:17.928+0000] {processor.py:914} INFO - Processing file /home/airflow/.local/lib/python3.11/site-packages/airflow/example_dags/subdags/subdag.py for tasks to queue
[2025-07-18T18:28:17.934+0000] {logging_mixin.py:190} INFO - [2025-07-18T18:28:17.933+0000] {dagbag.py:588} INFO - Filling up the DagBag from /home/airflow/.local/lib/python3.11/site-packages/airflow/example_dags/subdags/subdag.py
[2025-07-18T18:28:17.941+0000] {processor.py:927} WARNING - No viable dags retrieved from /home/airflow/.local/lib/python3.11/site-packages/airflow/example_dags/subdags/subdag.py
[2025-07-18T18:28:17.985+0000] {processor.py:208} INFO - Processing /home/airflow/.local/lib/python3.11/site-packages/airflow/example_dags/subdags/subdag.py took 0.080 seconds
[2025-07-18T18:28:49.482+0000] {processor.py:186} INFO - Started process (PID=1719) to work on /home/airflow/.local/lib/python3.11/site-packages/airflow/example_dags/subdags/subdag.py
[2025-07-18T18:28:49.486+0000] {processor.py:914} INFO - Processing file /home/airflow/.local/lib/python3.11/site-packages/airflow/example_dags/subdags/subdag.py for tasks to queue
[2025-07-18T18:28:49.495+0000] {logging_mixin.py:190} INFO - [2025-07-18T18:28:49.494+0000] {dagbag.py:588} INFO - Filling up the DagBag from /home/airflow/.local/lib/python3.11/site-packages/airflow/example_dags/subdags/subdag.py
[2025-07-18T18:28:49.502+0000] {processor.py:927} WARNING - No viable dags retrieved from /home/airflow/.local/lib/python3.11/site-packages/airflow/example_dags/subdags/subdag.py
[2025-07-18T18:28:49.564+0000] {processor.py:208} INFO - Processing /home/airflow/.local/lib/python3.11/site-packages/airflow/example_dags/subdags/subdag.py took 0.106 seconds
[2025-07-18T18:29:20.470+0000] {processor.py:186} INFO - Started process (PID=1782) to work on /home/airflow/.local/lib/python3.11/site-packages/airflow/example_dags/subdags/subdag.py
[2025-07-18T18:29:20.472+0000] {processor.py:914} INFO - Processing file /home/airflow/.local/lib/python3.11/site-packages/airflow/example_dags/subdags/subdag.py for tasks to queue
[2025-07-18T18:29:20.475+0000] {logging_mixin.py:190} INFO - [2025-07-18T18:29:20.474+0000] {dagbag.py:588} INFO - Filling up the DagBag from /home/airflow/.local/lib/python3.11/site-packages/airflow/example_dags/subdags/subdag.py
[2025-07-18T18:29:20.480+0000] {processor.py:927} WARNING - No viable dags retrieved from /home/airflow/.local/lib/python3.11/site-packages/airflow/example_dags/subdags/subdag.py
[2025-07-18T18:29:20.511+0000] {processor.py:208} INFO - Processing /home/airflow/.local/lib/python3.11/site-packages/airflow/example_dags/subdags/subdag.py took 0.058 seconds
[2025-07-18T18:30:01.396+0000] {processor.py:186} INFO - Started process (PID=1858) to work on /home/airflow/.local/lib/python3.11/site-packages/airflow/example_dags/subdags/subdag.py
[2025-07-18T18:30:01.399+0000] {processor.py:914} INFO - Processing file /home/airflow/.local/lib/python3.11/site-packages/airflow/example_dags/subdags/subdag.py for tasks to queue
[2025-07-18T18:30:01.402+0000] {logging_mixin.py:190} INFO - [2025-07-18T18:30:01.401+0000] {dagbag.py:588} INFO - Filling up the DagBag from /home/airflow/.local/lib/python3.11/site-packages/airflow/example_dags/subdags/subdag.py
[2025-07-18T18:30:01.410+0000] {processor.py:927} WARNING - No viable dags retrieved from /home/airflow/.local/lib/python3.11/site-packages/airflow/example_dags/subdags/subdag.py
[2025-07-18T18:30:01.454+0000] {processor.py:208} INFO - Processing /home/airflow/.local/lib/python3.11/site-packages/airflow/example_dags/subdags/subdag.py took 0.076 seconds
[2025-07-18T18:30:33.471+0000] {processor.py:186} INFO - Started process (PID=1923) to work on /home/airflow/.local/lib/python3.11/site-packages/airflow/example_dags/subdags/subdag.py
[2025-07-18T18:30:33.473+0000] {processor.py:914} INFO - Processing file /home/airflow/.local/lib/python3.11/site-packages/airflow/example_dags/subdags/subdag.py for tasks to queue
[2025-07-18T18:30:33.476+0000] {logging_mixin.py:190} INFO - [2025-07-18T18:30:33.475+0000] {dagbag.py:588} INFO - Filling up the DagBag from /home/airflow/.local/lib/python3.11/site-packages/airflow/example_dags/subdags/subdag.py
[2025-07-18T18:30:33.482+0000] {processor.py:927} WARNING - No viable dags retrieved from /home/airflow/.local/lib/python3.11/site-packages/airflow/example_dags/subdags/subdag.py
[2025-07-18T18:30:33.514+0000] {processor.py:208} INFO - Processing /home/airflow/.local/lib/python3.11/site-packages/airflow/example_dags/subdags/subdag.py took 0.056 seconds
[2025-07-18T18:31:21.377+0000] {processor.py:186} INFO - Started process (PID=2001) to work on /home/airflow/.local/lib/python3.11/site-packages/airflow/example_dags/subdags/subdag.py
[2025-07-18T18:31:21.382+0000] {processor.py:914} INFO - Processing file /home/airflow/.local/lib/python3.11/site-packages/airflow/example_dags/subdags/subdag.py for tasks to queue
[2025-07-18T18:31:21.386+0000] {logging_mixin.py:190} INFO - [2025-07-18T18:31:21.385+0000] {dagbag.py:588} INFO - Filling up the DagBag from /home/airflow/.local/lib/python3.11/site-packages/airflow/example_dags/subdags/subdag.py
[2025-07-18T18:31:21.396+0000] {processor.py:927} WARNING - No viable dags retrieved from /home/airflow/.local/lib/python3.11/site-packages/airflow/example_dags/subdags/subdag.py
[2025-07-18T18:31:21.438+0000] {processor.py:208} INFO - Processing /home/airflow/.local/lib/python3.11/site-packages/airflow/example_dags/subdags/subdag.py took 0.083 seconds
[2025-07-18T18:32:09.831+0000] {processor.py:186} INFO - Started process (PID=2078) to work on /home/airflow/.local/lib/python3.11/site-packages/airflow/example_dags/subdags/subdag.py
[2025-07-18T18:32:09.841+0000] {processor.py:914} INFO - Processing file /home/airflow/.local/lib/python3.11/site-packages/airflow/example_dags/subdags/subdag.py for tasks to queue
[2025-07-18T18:32:09.857+0000] {logging_mixin.py:190} INFO - [2025-07-18T18:32:09.856+0000] {dagbag.py:588} INFO - Filling up the DagBag from /home/airflow/.local/lib/python3.11/site-packages/airflow/example_dags/subdags/subdag.py
[2025-07-18T18:32:09.935+0000] {processor.py:927} WARNING - No viable dags retrieved from /home/airflow/.local/lib/python3.11/site-packages/airflow/example_dags/subdags/subdag.py
[2025-07-18T18:32:10.072+0000] {processor.py:208} INFO - Processing /home/airflow/.local/lib/python3.11/site-packages/airflow/example_dags/subdags/subdag.py took 0.271 seconds
[2025-07-18T18:32:41.106+0000] {processor.py:186} INFO - Started process (PID=2142) to work on /home/airflow/.local/lib/python3.11/site-packages/airflow/example_dags/subdags/subdag.py
[2025-07-18T18:32:41.108+0000] {processor.py:914} INFO - Processing file /home/airflow/.local/lib/python3.11/site-packages/airflow/example_dags/subdags/subdag.py for tasks to queue
[2025-07-18T18:32:41.113+0000] {logging_mixin.py:190} INFO - [2025-07-18T18:32:41.112+0000] {dagbag.py:588} INFO - Filling up the DagBag from /home/airflow/.local/lib/python3.11/site-packages/airflow/example_dags/subdags/subdag.py
[2025-07-18T18:32:41.122+0000] {processor.py:927} WARNING - No viable dags retrieved from /home/airflow/.local/lib/python3.11/site-packages/airflow/example_dags/subdags/subdag.py
[2025-07-18T18:32:41.162+0000] {processor.py:208} INFO - Processing /home/airflow/.local/lib/python3.11/site-packages/airflow/example_dags/subdags/subdag.py took 0.083 seconds
[2025-07-18T18:33:11.576+0000] {processor.py:186} INFO - Started process (PID=2206) to work on /home/airflow/.local/lib/python3.11/site-packages/airflow/example_dags/subdags/subdag.py
[2025-07-18T18:33:11.581+0000] {processor.py:914} INFO - Processing file /home/airflow/.local/lib/python3.11/site-packages/airflow/example_dags/subdags/subdag.py for tasks to queue
[2025-07-18T18:33:11.585+0000] {logging_mixin.py:190} INFO - [2025-07-18T18:33:11.584+0000] {dagbag.py:588} INFO - Filling up the DagBag from /home/airflow/.local/lib/python3.11/site-packages/airflow/example_dags/subdags/subdag.py
[2025-07-18T18:33:11.590+0000] {processor.py:927} WARNING - No viable dags retrieved from /home/airflow/.local/lib/python3.11/site-packages/airflow/example_dags/subdags/subdag.py
[2025-07-18T18:33:11.628+0000] {processor.py:208} INFO - Processing /home/airflow/.local/lib/python3.11/site-packages/airflow/example_dags/subdags/subdag.py took 0.092 seconds
[2025-07-18T18:38:14.313+0000] {processor.py:186} INFO - Started process (PID=140) to work on /home/airflow/.local/lib/python3.11/site-packages/airflow/example_dags/subdags/subdag.py
[2025-07-18T18:38:14.315+0000] {processor.py:914} INFO - Processing file /home/airflow/.local/lib/python3.11/site-packages/airflow/example_dags/subdags/subdag.py for tasks to queue
[2025-07-18T18:38:14.319+0000] {logging_mixin.py:190} INFO - [2025-07-18T18:38:14.318+0000] {dagbag.py:588} INFO - Filling up the DagBag from /home/airflow/.local/lib/python3.11/site-packages/airflow/example_dags/subdags/subdag.py
[2025-07-18T18:38:14.334+0000] {processor.py:927} WARNING - No viable dags retrieved from /home/airflow/.local/lib/python3.11/site-packages/airflow/example_dags/subdags/subdag.py
[2025-07-18T18:38:14.378+0000] {processor.py:208} INFO - Processing /home/airflow/.local/lib/python3.11/site-packages/airflow/example_dags/subdags/subdag.py took 0.103 seconds
[2025-07-18T18:41:55.397+0000] {processor.py:186} INFO - Started process (PID=142) to work on /home/airflow/.local/lib/python3.11/site-packages/airflow/example_dags/subdags/subdag.py
[2025-07-18T18:41:55.399+0000] {processor.py:914} INFO - Processing file /home/airflow/.local/lib/python3.11/site-packages/airflow/example_dags/subdags/subdag.py for tasks to queue
[2025-07-18T18:41:55.405+0000] {logging_mixin.py:190} INFO - [2025-07-18T18:41:55.404+0000] {dagbag.py:588} INFO - Filling up the DagBag from /home/airflow/.local/lib/python3.11/site-packages/airflow/example_dags/subdags/subdag.py
[2025-07-18T18:41:55.424+0000] {processor.py:927} WARNING - No viable dags retrieved from /home/airflow/.local/lib/python3.11/site-packages/airflow/example_dags/subdags/subdag.py
[2025-07-18T18:41:55.488+0000] {processor.py:208} INFO - Processing /home/airflow/.local/lib/python3.11/site-packages/airflow/example_dags/subdags/subdag.py took 0.109 seconds
[2025-07-18T18:42:31.579+0000] {processor.py:186} INFO - Started process (PID=206) to work on /home/airflow/.local/lib/python3.11/site-packages/airflow/example_dags/subdags/subdag.py
[2025-07-18T18:42:31.587+0000] {processor.py:914} INFO - Processing file /home/airflow/.local/lib/python3.11/site-packages/airflow/example_dags/subdags/subdag.py for tasks to queue
[2025-07-18T18:42:31.600+0000] {logging_mixin.py:190} INFO - [2025-07-18T18:42:31.599+0000] {dagbag.py:588} INFO - Filling up the DagBag from /home/airflow/.local/lib/python3.11/site-packages/airflow/example_dags/subdags/subdag.py
[2025-07-18T18:42:31.620+0000] {processor.py:927} WARNING - No viable dags retrieved from /home/airflow/.local/lib/python3.11/site-packages/airflow/example_dags/subdags/subdag.py
[2025-07-18T18:42:31.763+0000] {processor.py:208} INFO - Processing /home/airflow/.local/lib/python3.11/site-packages/airflow/example_dags/subdags/subdag.py took 0.222 seconds
[2025-07-18T18:43:07.400+0000] {processor.py:186} INFO - Started process (PID=279) to work on /home/airflow/.local/lib/python3.11/site-packages/airflow/example_dags/subdags/subdag.py
[2025-07-18T18:43:07.403+0000] {processor.py:914} INFO - Processing file /home/airflow/.local/lib/python3.11/site-packages/airflow/example_dags/subdags/subdag.py for tasks to queue
[2025-07-18T18:43:07.413+0000] {logging_mixin.py:190} INFO - [2025-07-18T18:43:07.409+0000] {dagbag.py:588} INFO - Filling up the DagBag from /home/airflow/.local/lib/python3.11/site-packages/airflow/example_dags/subdags/subdag.py
[2025-07-18T18:43:07.423+0000] {processor.py:927} WARNING - No viable dags retrieved from /home/airflow/.local/lib/python3.11/site-packages/airflow/example_dags/subdags/subdag.py
[2025-07-18T18:43:07.494+0000] {processor.py:208} INFO - Processing /home/airflow/.local/lib/python3.11/site-packages/airflow/example_dags/subdags/subdag.py took 0.133 seconds
[2025-07-18T18:43:48.309+0000] {processor.py:186} INFO - Started process (PID=345) to work on /home/airflow/.local/lib/python3.11/site-packages/airflow/example_dags/subdags/subdag.py
[2025-07-18T18:43:48.312+0000] {processor.py:914} INFO - Processing file /home/airflow/.local/lib/python3.11/site-packages/airflow/example_dags/subdags/subdag.py for tasks to queue
[2025-07-18T18:43:48.320+0000] {logging_mixin.py:190} INFO - [2025-07-18T18:43:48.318+0000] {dagbag.py:588} INFO - Filling up the DagBag from /home/airflow/.local/lib/python3.11/site-packages/airflow/example_dags/subdags/subdag.py
[2025-07-18T18:43:48.329+0000] {processor.py:927} WARNING - No viable dags retrieved from /home/airflow/.local/lib/python3.11/site-packages/airflow/example_dags/subdags/subdag.py
[2025-07-18T18:43:48.395+0000] {processor.py:208} INFO - Processing /home/airflow/.local/lib/python3.11/site-packages/airflow/example_dags/subdags/subdag.py took 0.113 seconds
[2025-07-18T19:00:16.983+0000] {processor.py:186} INFO - Started process (PID=136) to work on /home/airflow/.local/lib/python3.11/site-packages/airflow/example_dags/subdags/subdag.py
[2025-07-18T19:00:16.985+0000] {processor.py:914} INFO - Processing file /home/airflow/.local/lib/python3.11/site-packages/airflow/example_dags/subdags/subdag.py for tasks to queue
[2025-07-18T19:00:16.987+0000] {logging_mixin.py:190} INFO - [2025-07-18T19:00:16.987+0000] {dagbag.py:588} INFO - Filling up the DagBag from /home/airflow/.local/lib/python3.11/site-packages/airflow/example_dags/subdags/subdag.py
[2025-07-18T19:00:16.992+0000] {processor.py:927} WARNING - No viable dags retrieved from /home/airflow/.local/lib/python3.11/site-packages/airflow/example_dags/subdags/subdag.py
[2025-07-18T19:00:17.016+0000] {processor.py:208} INFO - Processing /home/airflow/.local/lib/python3.11/site-packages/airflow/example_dags/subdags/subdag.py took 0.047 seconds
[2025-07-18T19:00:49.660+0000] {processor.py:186} INFO - Started process (PID=201) to work on /home/airflow/.local/lib/python3.11/site-packages/airflow/example_dags/subdags/subdag.py
[2025-07-18T19:00:49.662+0000] {processor.py:914} INFO - Processing file /home/airflow/.local/lib/python3.11/site-packages/airflow/example_dags/subdags/subdag.py for tasks to queue
[2025-07-18T19:00:49.666+0000] {logging_mixin.py:190} INFO - [2025-07-18T19:00:49.665+0000] {dagbag.py:588} INFO - Filling up the DagBag from /home/airflow/.local/lib/python3.11/site-packages/airflow/example_dags/subdags/subdag.py
[2025-07-18T19:00:49.674+0000] {processor.py:927} WARNING - No viable dags retrieved from /home/airflow/.local/lib/python3.11/site-packages/airflow/example_dags/subdags/subdag.py
[2025-07-18T19:00:49.716+0000] {processor.py:208} INFO - Processing /home/airflow/.local/lib/python3.11/site-packages/airflow/example_dags/subdags/subdag.py took 0.078 seconds
[2025-07-18T19:01:20.609+0000] {processor.py:186} INFO - Started process (PID=265) to work on /home/airflow/.local/lib/python3.11/site-packages/airflow/example_dags/subdags/subdag.py
[2025-07-18T19:01:20.610+0000] {processor.py:914} INFO - Processing file /home/airflow/.local/lib/python3.11/site-packages/airflow/example_dags/subdags/subdag.py for tasks to queue
[2025-07-18T19:01:20.615+0000] {logging_mixin.py:190} INFO - [2025-07-18T19:01:20.613+0000] {dagbag.py:588} INFO - Filling up the DagBag from /home/airflow/.local/lib/python3.11/site-packages/airflow/example_dags/subdags/subdag.py
[2025-07-18T19:01:20.620+0000] {processor.py:927} WARNING - No viable dags retrieved from /home/airflow/.local/lib/python3.11/site-packages/airflow/example_dags/subdags/subdag.py
[2025-07-18T19:01:20.642+0000] {processor.py:208} INFO - Processing /home/airflow/.local/lib/python3.11/site-packages/airflow/example_dags/subdags/subdag.py took 0.045 seconds
[2025-07-18T19:01:54.190+0000] {processor.py:186} INFO - Started process (PID=329) to work on /home/airflow/.local/lib/python3.11/site-packages/airflow/example_dags/subdags/subdag.py
[2025-07-18T19:01:54.192+0000] {processor.py:914} INFO - Processing file /home/airflow/.local/lib/python3.11/site-packages/airflow/example_dags/subdags/subdag.py for tasks to queue
[2025-07-18T19:01:54.197+0000] {logging_mixin.py:190} INFO - [2025-07-18T19:01:54.195+0000] {dagbag.py:588} INFO - Filling up the DagBag from /home/airflow/.local/lib/python3.11/site-packages/airflow/example_dags/subdags/subdag.py
[2025-07-18T19:01:54.205+0000] {processor.py:927} WARNING - No viable dags retrieved from /home/airflow/.local/lib/python3.11/site-packages/airflow/example_dags/subdags/subdag.py
[2025-07-18T19:01:54.241+0000] {processor.py:208} INFO - Processing /home/airflow/.local/lib/python3.11/site-packages/airflow/example_dags/subdags/subdag.py took 0.069 seconds
[2025-07-18T19:02:28.350+0000] {processor.py:186} INFO - Started process (PID=395) to work on /home/airflow/.local/lib/python3.11/site-packages/airflow/example_dags/subdags/subdag.py
[2025-07-18T19:02:28.353+0000] {processor.py:914} INFO - Processing file /home/airflow/.local/lib/python3.11/site-packages/airflow/example_dags/subdags/subdag.py for tasks to queue
[2025-07-18T19:02:28.357+0000] {logging_mixin.py:190} INFO - [2025-07-18T19:02:28.356+0000] {dagbag.py:588} INFO - Filling up the DagBag from /home/airflow/.local/lib/python3.11/site-packages/airflow/example_dags/subdags/subdag.py
[2025-07-18T19:02:28.371+0000] {processor.py:927} WARNING - No viable dags retrieved from /home/airflow/.local/lib/python3.11/site-packages/airflow/example_dags/subdags/subdag.py
[2025-07-18T19:02:28.422+0000] {processor.py:208} INFO - Processing /home/airflow/.local/lib/python3.11/site-packages/airflow/example_dags/subdags/subdag.py took 0.095 seconds
[2025-07-18T19:02:59.169+0000] {processor.py:186} INFO - Started process (PID=465) to work on /home/airflow/.local/lib/python3.11/site-packages/airflow/example_dags/subdags/subdag.py
[2025-07-18T19:02:59.177+0000] {processor.py:914} INFO - Processing file /home/airflow/.local/lib/python3.11/site-packages/airflow/example_dags/subdags/subdag.py for tasks to queue
[2025-07-18T19:02:59.181+0000] {logging_mixin.py:190} INFO - [2025-07-18T19:02:59.180+0000] {dagbag.py:588} INFO - Filling up the DagBag from /home/airflow/.local/lib/python3.11/site-packages/airflow/example_dags/subdags/subdag.py
[2025-07-18T19:02:59.203+0000] {processor.py:927} WARNING - No viable dags retrieved from /home/airflow/.local/lib/python3.11/site-packages/airflow/example_dags/subdags/subdag.py
[2025-07-18T19:02:59.236+0000] {processor.py:208} INFO - Processing /home/airflow/.local/lib/python3.11/site-packages/airflow/example_dags/subdags/subdag.py took 0.086 seconds
[2025-07-18T19:03:34.122+0000] {processor.py:186} INFO - Started process (PID=533) to work on /home/airflow/.local/lib/python3.11/site-packages/airflow/example_dags/subdags/subdag.py
[2025-07-18T19:03:34.123+0000] {processor.py:914} INFO - Processing file /home/airflow/.local/lib/python3.11/site-packages/airflow/example_dags/subdags/subdag.py for tasks to queue
[2025-07-18T19:03:34.125+0000] {logging_mixin.py:190} INFO - [2025-07-18T19:03:34.125+0000] {dagbag.py:588} INFO - Filling up the DagBag from /home/airflow/.local/lib/python3.11/site-packages/airflow/example_dags/subdags/subdag.py
[2025-07-18T19:03:34.131+0000] {processor.py:927} WARNING - No viable dags retrieved from /home/airflow/.local/lib/python3.11/site-packages/airflow/example_dags/subdags/subdag.py
[2025-07-18T19:03:34.159+0000] {processor.py:208} INFO - Processing /home/airflow/.local/lib/python3.11/site-packages/airflow/example_dags/subdags/subdag.py took 0.054 seconds
[2025-07-18T19:04:22.408+0000] {processor.py:186} INFO - Started process (PID=602) to work on /home/airflow/.local/lib/python3.11/site-packages/airflow/example_dags/subdags/subdag.py
[2025-07-18T19:04:22.418+0000] {processor.py:914} INFO - Processing file /home/airflow/.local/lib/python3.11/site-packages/airflow/example_dags/subdags/subdag.py for tasks to queue
[2025-07-18T19:04:22.423+0000] {logging_mixin.py:190} INFO - [2025-07-18T19:04:22.422+0000] {dagbag.py:588} INFO - Filling up the DagBag from /home/airflow/.local/lib/python3.11/site-packages/airflow/example_dags/subdags/subdag.py
[2025-07-18T19:04:22.432+0000] {processor.py:927} WARNING - No viable dags retrieved from /home/airflow/.local/lib/python3.11/site-packages/airflow/example_dags/subdags/subdag.py
[2025-07-18T19:04:22.492+0000] {processor.py:208} INFO - Processing /home/airflow/.local/lib/python3.11/site-packages/airflow/example_dags/subdags/subdag.py took 0.122 seconds
[2025-07-18T19:04:53.725+0000] {processor.py:186} INFO - Started process (PID=666) to work on /home/airflow/.local/lib/python3.11/site-packages/airflow/example_dags/subdags/subdag.py
[2025-07-18T19:04:53.727+0000] {processor.py:914} INFO - Processing file /home/airflow/.local/lib/python3.11/site-packages/airflow/example_dags/subdags/subdag.py for tasks to queue
[2025-07-18T19:04:53.730+0000] {logging_mixin.py:190} INFO - [2025-07-18T19:04:53.728+0000] {dagbag.py:588} INFO - Filling up the DagBag from /home/airflow/.local/lib/python3.11/site-packages/airflow/example_dags/subdags/subdag.py
[2025-07-18T19:04:53.735+0000] {processor.py:927} WARNING - No viable dags retrieved from /home/airflow/.local/lib/python3.11/site-packages/airflow/example_dags/subdags/subdag.py
[2025-07-18T19:04:53.765+0000] {processor.py:208} INFO - Processing /home/airflow/.local/lib/python3.11/site-packages/airflow/example_dags/subdags/subdag.py took 0.055 seconds
[2025-07-18T19:05:27.392+0000] {processor.py:186} INFO - Started process (PID=731) to work on /home/airflow/.local/lib/python3.11/site-packages/airflow/example_dags/subdags/subdag.py
[2025-07-18T19:05:27.393+0000] {processor.py:914} INFO - Processing file /home/airflow/.local/lib/python3.11/site-packages/airflow/example_dags/subdags/subdag.py for tasks to queue
[2025-07-18T19:05:27.395+0000] {logging_mixin.py:190} INFO - [2025-07-18T19:05:27.394+0000] {dagbag.py:588} INFO - Filling up the DagBag from /home/airflow/.local/lib/python3.11/site-packages/airflow/example_dags/subdags/subdag.py
[2025-07-18T19:05:27.399+0000] {processor.py:927} WARNING - No viable dags retrieved from /home/airflow/.local/lib/python3.11/site-packages/airflow/example_dags/subdags/subdag.py
[2025-07-18T19:05:27.421+0000] {processor.py:208} INFO - Processing /home/airflow/.local/lib/python3.11/site-packages/airflow/example_dags/subdags/subdag.py took 0.039 seconds
[2025-07-18T19:05:59.277+0000] {processor.py:186} INFO - Started process (PID=795) to work on /home/airflow/.local/lib/python3.11/site-packages/airflow/example_dags/subdags/subdag.py
[2025-07-18T19:05:59.279+0000] {processor.py:914} INFO - Processing file /home/airflow/.local/lib/python3.11/site-packages/airflow/example_dags/subdags/subdag.py for tasks to queue
[2025-07-18T19:05:59.282+0000] {logging_mixin.py:190} INFO - [2025-07-18T19:05:59.281+0000] {dagbag.py:588} INFO - Filling up the DagBag from /home/airflow/.local/lib/python3.11/site-packages/airflow/example_dags/subdags/subdag.py
[2025-07-18T19:05:59.286+0000] {processor.py:927} WARNING - No viable dags retrieved from /home/airflow/.local/lib/python3.11/site-packages/airflow/example_dags/subdags/subdag.py
[2025-07-18T19:05:59.313+0000] {processor.py:208} INFO - Processing /home/airflow/.local/lib/python3.11/site-packages/airflow/example_dags/subdags/subdag.py took 0.046 seconds
[2025-07-18T19:06:29.685+0000] {processor.py:186} INFO - Started process (PID=859) to work on /home/airflow/.local/lib/python3.11/site-packages/airflow/example_dags/subdags/subdag.py
[2025-07-18T19:06:29.686+0000] {processor.py:914} INFO - Processing file /home/airflow/.local/lib/python3.11/site-packages/airflow/example_dags/subdags/subdag.py for tasks to queue
[2025-07-18T19:06:29.689+0000] {logging_mixin.py:190} INFO - [2025-07-18T19:06:29.688+0000] {dagbag.py:588} INFO - Filling up the DagBag from /home/airflow/.local/lib/python3.11/site-packages/airflow/example_dags/subdags/subdag.py
[2025-07-18T19:06:29.693+0000] {processor.py:927} WARNING - No viable dags retrieved from /home/airflow/.local/lib/python3.11/site-packages/airflow/example_dags/subdags/subdag.py
[2025-07-18T19:06:29.716+0000] {processor.py:208} INFO - Processing /home/airflow/.local/lib/python3.11/site-packages/airflow/example_dags/subdags/subdag.py took 0.041 seconds
[2025-07-18T19:07:00.322+0000] {processor.py:186} INFO - Started process (PID=930) to work on /home/airflow/.local/lib/python3.11/site-packages/airflow/example_dags/subdags/subdag.py
[2025-07-18T19:07:00.324+0000] {processor.py:914} INFO - Processing file /home/airflow/.local/lib/python3.11/site-packages/airflow/example_dags/subdags/subdag.py for tasks to queue
[2025-07-18T19:07:00.326+0000] {logging_mixin.py:190} INFO - [2025-07-18T19:07:00.325+0000] {dagbag.py:588} INFO - Filling up the DagBag from /home/airflow/.local/lib/python3.11/site-packages/airflow/example_dags/subdags/subdag.py
[2025-07-18T19:07:00.330+0000] {processor.py:927} WARNING - No viable dags retrieved from /home/airflow/.local/lib/python3.11/site-packages/airflow/example_dags/subdags/subdag.py
[2025-07-18T19:07:00.354+0000] {processor.py:208} INFO - Processing /home/airflow/.local/lib/python3.11/site-packages/airflow/example_dags/subdags/subdag.py took 0.044 seconds
[2025-07-18T19:07:31.305+0000] {processor.py:186} INFO - Started process (PID=994) to work on /home/airflow/.local/lib/python3.11/site-packages/airflow/example_dags/subdags/subdag.py
[2025-07-18T19:07:31.306+0000] {processor.py:914} INFO - Processing file /home/airflow/.local/lib/python3.11/site-packages/airflow/example_dags/subdags/subdag.py for tasks to queue
[2025-07-18T19:07:31.309+0000] {logging_mixin.py:190} INFO - [2025-07-18T19:07:31.308+0000] {dagbag.py:588} INFO - Filling up the DagBag from /home/airflow/.local/lib/python3.11/site-packages/airflow/example_dags/subdags/subdag.py
[2025-07-18T19:07:31.313+0000] {processor.py:927} WARNING - No viable dags retrieved from /home/airflow/.local/lib/python3.11/site-packages/airflow/example_dags/subdags/subdag.py
[2025-07-18T19:07:31.334+0000] {processor.py:208} INFO - Processing /home/airflow/.local/lib/python3.11/site-packages/airflow/example_dags/subdags/subdag.py took 0.043 seconds
[2025-07-18T19:08:02.335+0000] {processor.py:186} INFO - Started process (PID=1059) to work on /home/airflow/.local/lib/python3.11/site-packages/airflow/example_dags/subdags/subdag.py
[2025-07-18T19:08:02.382+0000] {processor.py:914} INFO - Processing file /home/airflow/.local/lib/python3.11/site-packages/airflow/example_dags/subdags/subdag.py for tasks to queue
[2025-07-18T19:08:02.385+0000] {logging_mixin.py:190} INFO - [2025-07-18T19:08:02.384+0000] {dagbag.py:588} INFO - Filling up the DagBag from /home/airflow/.local/lib/python3.11/site-packages/airflow/example_dags/subdags/subdag.py
[2025-07-18T19:08:02.388+0000] {processor.py:927} WARNING - No viable dags retrieved from /home/airflow/.local/lib/python3.11/site-packages/airflow/example_dags/subdags/subdag.py
[2025-07-18T19:08:02.408+0000] {processor.py:208} INFO - Processing /home/airflow/.local/lib/python3.11/site-packages/airflow/example_dags/subdags/subdag.py took 0.083 seconds
[2025-07-18T19:08:33.757+0000] {processor.py:186} INFO - Started process (PID=1123) to work on /home/airflow/.local/lib/python3.11/site-packages/airflow/example_dags/subdags/subdag.py
[2025-07-18T19:08:33.763+0000] {processor.py:914} INFO - Processing file /home/airflow/.local/lib/python3.11/site-packages/airflow/example_dags/subdags/subdag.py for tasks to queue
[2025-07-18T19:08:33.774+0000] {logging_mixin.py:190} INFO - [2025-07-18T19:08:33.772+0000] {dagbag.py:588} INFO - Filling up the DagBag from /home/airflow/.local/lib/python3.11/site-packages/airflow/example_dags/subdags/subdag.py
[2025-07-18T19:08:33.789+0000] {processor.py:927} WARNING - No viable dags retrieved from /home/airflow/.local/lib/python3.11/site-packages/airflow/example_dags/subdags/subdag.py
[2025-07-18T19:08:33.826+0000] {processor.py:208} INFO - Processing /home/airflow/.local/lib/python3.11/site-packages/airflow/example_dags/subdags/subdag.py took 0.085 seconds
[2025-07-18T19:09:05.233+0000] {processor.py:186} INFO - Started process (PID=1187) to work on /home/airflow/.local/lib/python3.11/site-packages/airflow/example_dags/subdags/subdag.py
[2025-07-18T19:09:05.235+0000] {processor.py:914} INFO - Processing file /home/airflow/.local/lib/python3.11/site-packages/airflow/example_dags/subdags/subdag.py for tasks to queue
[2025-07-18T19:09:05.239+0000] {logging_mixin.py:190} INFO - [2025-07-18T19:09:05.238+0000] {dagbag.py:588} INFO - Filling up the DagBag from /home/airflow/.local/lib/python3.11/site-packages/airflow/example_dags/subdags/subdag.py
[2025-07-18T19:09:05.248+0000] {processor.py:927} WARNING - No viable dags retrieved from /home/airflow/.local/lib/python3.11/site-packages/airflow/example_dags/subdags/subdag.py
[2025-07-18T19:09:05.281+0000] {processor.py:208} INFO - Processing /home/airflow/.local/lib/python3.11/site-packages/airflow/example_dags/subdags/subdag.py took 0.065 seconds
[2025-07-18T19:09:35.891+0000] {processor.py:186} INFO - Started process (PID=1253) to work on /home/airflow/.local/lib/python3.11/site-packages/airflow/example_dags/subdags/subdag.py
[2025-07-18T19:09:35.892+0000] {processor.py:914} INFO - Processing file /home/airflow/.local/lib/python3.11/site-packages/airflow/example_dags/subdags/subdag.py for tasks to queue
[2025-07-18T19:09:35.894+0000] {logging_mixin.py:190} INFO - [2025-07-18T19:09:35.894+0000] {dagbag.py:588} INFO - Filling up the DagBag from /home/airflow/.local/lib/python3.11/site-packages/airflow/example_dags/subdags/subdag.py
[2025-07-18T19:09:35.898+0000] {processor.py:927} WARNING - No viable dags retrieved from /home/airflow/.local/lib/python3.11/site-packages/airflow/example_dags/subdags/subdag.py
[2025-07-18T19:09:35.918+0000] {processor.py:208} INFO - Processing /home/airflow/.local/lib/python3.11/site-packages/airflow/example_dags/subdags/subdag.py took 0.039 seconds
[2025-07-18T19:10:07.059+0000] {processor.py:186} INFO - Started process (PID=1318) to work on /home/airflow/.local/lib/python3.11/site-packages/airflow/example_dags/subdags/subdag.py
[2025-07-18T19:10:07.060+0000] {processor.py:914} INFO - Processing file /home/airflow/.local/lib/python3.11/site-packages/airflow/example_dags/subdags/subdag.py for tasks to queue
[2025-07-18T19:10:07.063+0000] {logging_mixin.py:190} INFO - [2025-07-18T19:10:07.062+0000] {dagbag.py:588} INFO - Filling up the DagBag from /home/airflow/.local/lib/python3.11/site-packages/airflow/example_dags/subdags/subdag.py
[2025-07-18T19:10:07.069+0000] {processor.py:927} WARNING - No viable dags retrieved from /home/airflow/.local/lib/python3.11/site-packages/airflow/example_dags/subdags/subdag.py
[2025-07-18T19:10:07.099+0000] {processor.py:208} INFO - Processing /home/airflow/.local/lib/python3.11/site-packages/airflow/example_dags/subdags/subdag.py took 0.054 seconds
[2025-07-18T19:10:38.107+0000] {processor.py:186} INFO - Started process (PID=1382) to work on /home/airflow/.local/lib/python3.11/site-packages/airflow/example_dags/subdags/subdag.py
[2025-07-18T19:10:38.108+0000] {processor.py:914} INFO - Processing file /home/airflow/.local/lib/python3.11/site-packages/airflow/example_dags/subdags/subdag.py for tasks to queue
[2025-07-18T19:10:38.110+0000] {logging_mixin.py:190} INFO - [2025-07-18T19:10:38.110+0000] {dagbag.py:588} INFO - Filling up the DagBag from /home/airflow/.local/lib/python3.11/site-packages/airflow/example_dags/subdags/subdag.py
[2025-07-18T19:10:38.114+0000] {processor.py:927} WARNING - No viable dags retrieved from /home/airflow/.local/lib/python3.11/site-packages/airflow/example_dags/subdags/subdag.py
[2025-07-18T19:10:38.140+0000] {processor.py:208} INFO - Processing /home/airflow/.local/lib/python3.11/site-packages/airflow/example_dags/subdags/subdag.py took 0.043 seconds
[2025-07-18T19:11:09.130+0000] {processor.py:186} INFO - Started process (PID=1447) to work on /home/airflow/.local/lib/python3.11/site-packages/airflow/example_dags/subdags/subdag.py
[2025-07-18T19:11:09.131+0000] {processor.py:914} INFO - Processing file /home/airflow/.local/lib/python3.11/site-packages/airflow/example_dags/subdags/subdag.py for tasks to queue
[2025-07-18T19:11:09.133+0000] {logging_mixin.py:190} INFO - [2025-07-18T19:11:09.133+0000] {dagbag.py:588} INFO - Filling up the DagBag from /home/airflow/.local/lib/python3.11/site-packages/airflow/example_dags/subdags/subdag.py
[2025-07-18T19:11:09.137+0000] {processor.py:927} WARNING - No viable dags retrieved from /home/airflow/.local/lib/python3.11/site-packages/airflow/example_dags/subdags/subdag.py
[2025-07-18T19:11:09.157+0000] {processor.py:208} INFO - Processing /home/airflow/.local/lib/python3.11/site-packages/airflow/example_dags/subdags/subdag.py took 0.038 seconds
[2025-07-18T19:11:40.252+0000] {processor.py:186} INFO - Started process (PID=1511) to work on /home/airflow/.local/lib/python3.11/site-packages/airflow/example_dags/subdags/subdag.py
[2025-07-18T19:11:40.253+0000] {processor.py:914} INFO - Processing file /home/airflow/.local/lib/python3.11/site-packages/airflow/example_dags/subdags/subdag.py for tasks to queue
[2025-07-18T19:11:40.255+0000] {logging_mixin.py:190} INFO - [2025-07-18T19:11:40.254+0000] {dagbag.py:588} INFO - Filling up the DagBag from /home/airflow/.local/lib/python3.11/site-packages/airflow/example_dags/subdags/subdag.py
[2025-07-18T19:11:40.258+0000] {processor.py:927} WARNING - No viable dags retrieved from /home/airflow/.local/lib/python3.11/site-packages/airflow/example_dags/subdags/subdag.py
[2025-07-18T19:11:40.279+0000] {processor.py:208} INFO - Processing /home/airflow/.local/lib/python3.11/site-packages/airflow/example_dags/subdags/subdag.py took 0.038 seconds
[2025-07-18T19:12:13.427+0000] {processor.py:186} INFO - Started process (PID=1581) to work on /home/airflow/.local/lib/python3.11/site-packages/airflow/example_dags/subdags/subdag.py
[2025-07-18T19:12:13.429+0000] {processor.py:914} INFO - Processing file /home/airflow/.local/lib/python3.11/site-packages/airflow/example_dags/subdags/subdag.py for tasks to queue
[2025-07-18T19:12:13.433+0000] {logging_mixin.py:190} INFO - [2025-07-18T19:12:13.432+0000] {dagbag.py:588} INFO - Filling up the DagBag from /home/airflow/.local/lib/python3.11/site-packages/airflow/example_dags/subdags/subdag.py
[2025-07-18T19:12:13.439+0000] {processor.py:927} WARNING - No viable dags retrieved from /home/airflow/.local/lib/python3.11/site-packages/airflow/example_dags/subdags/subdag.py
[2025-07-18T19:12:13.470+0000] {processor.py:208} INFO - Processing /home/airflow/.local/lib/python3.11/site-packages/airflow/example_dags/subdags/subdag.py took 0.059 seconds
[2025-07-18T19:12:43.878+0000] {processor.py:186} INFO - Started process (PID=1646) to work on /home/airflow/.local/lib/python3.11/site-packages/airflow/example_dags/subdags/subdag.py
[2025-07-18T19:12:43.884+0000] {processor.py:914} INFO - Processing file /home/airflow/.local/lib/python3.11/site-packages/airflow/example_dags/subdags/subdag.py for tasks to queue
[2025-07-18T19:12:43.888+0000] {logging_mixin.py:190} INFO - [2025-07-18T19:12:43.887+0000] {dagbag.py:588} INFO - Filling up the DagBag from /home/airflow/.local/lib/python3.11/site-packages/airflow/example_dags/subdags/subdag.py
[2025-07-18T19:12:43.893+0000] {processor.py:927} WARNING - No viable dags retrieved from /home/airflow/.local/lib/python3.11/site-packages/airflow/example_dags/subdags/subdag.py
[2025-07-18T19:12:43.916+0000] {processor.py:208} INFO - Processing /home/airflow/.local/lib/python3.11/site-packages/airflow/example_dags/subdags/subdag.py took 0.060 seconds
[2025-07-18T19:13:15.372+0000] {processor.py:186} INFO - Started process (PID=1713) to work on /home/airflow/.local/lib/python3.11/site-packages/airflow/example_dags/subdags/subdag.py
[2025-07-18T19:13:15.373+0000] {processor.py:914} INFO - Processing file /home/airflow/.local/lib/python3.11/site-packages/airflow/example_dags/subdags/subdag.py for tasks to queue
[2025-07-18T19:13:15.376+0000] {logging_mixin.py:190} INFO - [2025-07-18T19:13:15.376+0000] {dagbag.py:588} INFO - Filling up the DagBag from /home/airflow/.local/lib/python3.11/site-packages/airflow/example_dags/subdags/subdag.py
[2025-07-18T19:13:15.381+0000] {processor.py:927} WARNING - No viable dags retrieved from /home/airflow/.local/lib/python3.11/site-packages/airflow/example_dags/subdags/subdag.py
[2025-07-18T19:13:15.408+0000] {processor.py:208} INFO - Processing /home/airflow/.local/lib/python3.11/site-packages/airflow/example_dags/subdags/subdag.py took 0.049 seconds
[2025-07-18T19:13:46.672+0000] {processor.py:186} INFO - Started process (PID=1778) to work on /home/airflow/.local/lib/python3.11/site-packages/airflow/example_dags/subdags/subdag.py
[2025-07-18T19:13:46.674+0000] {processor.py:914} INFO - Processing file /home/airflow/.local/lib/python3.11/site-packages/airflow/example_dags/subdags/subdag.py for tasks to queue
[2025-07-18T19:13:46.677+0000] {logging_mixin.py:190} INFO - [2025-07-18T19:13:46.676+0000] {dagbag.py:588} INFO - Filling up the DagBag from /home/airflow/.local/lib/python3.11/site-packages/airflow/example_dags/subdags/subdag.py
[2025-07-18T19:13:46.682+0000] {processor.py:927} WARNING - No viable dags retrieved from /home/airflow/.local/lib/python3.11/site-packages/airflow/example_dags/subdags/subdag.py
[2025-07-18T19:13:46.709+0000] {processor.py:208} INFO - Processing /home/airflow/.local/lib/python3.11/site-packages/airflow/example_dags/subdags/subdag.py took 0.048 seconds
[2025-07-18T19:14:18.389+0000] {processor.py:186} INFO - Started process (PID=1846) to work on /home/airflow/.local/lib/python3.11/site-packages/airflow/example_dags/subdags/subdag.py
[2025-07-18T19:14:18.390+0000] {processor.py:914} INFO - Processing file /home/airflow/.local/lib/python3.11/site-packages/airflow/example_dags/subdags/subdag.py for tasks to queue
[2025-07-18T19:14:18.393+0000] {logging_mixin.py:190} INFO - [2025-07-18T19:14:18.392+0000] {dagbag.py:588} INFO - Filling up the DagBag from /home/airflow/.local/lib/python3.11/site-packages/airflow/example_dags/subdags/subdag.py
[2025-07-18T19:14:18.398+0000] {processor.py:927} WARNING - No viable dags retrieved from /home/airflow/.local/lib/python3.11/site-packages/airflow/example_dags/subdags/subdag.py
[2025-07-18T19:14:18.428+0000] {processor.py:208} INFO - Processing /home/airflow/.local/lib/python3.11/site-packages/airflow/example_dags/subdags/subdag.py took 0.052 seconds
[2025-07-18T19:14:49.178+0000] {processor.py:186} INFO - Started process (PID=1910) to work on /home/airflow/.local/lib/python3.11/site-packages/airflow/example_dags/subdags/subdag.py
[2025-07-18T19:14:49.179+0000] {processor.py:914} INFO - Processing file /home/airflow/.local/lib/python3.11/site-packages/airflow/example_dags/subdags/subdag.py for tasks to queue
[2025-07-18T19:14:49.182+0000] {logging_mixin.py:190} INFO - [2025-07-18T19:14:49.181+0000] {dagbag.py:588} INFO - Filling up the DagBag from /home/airflow/.local/lib/python3.11/site-packages/airflow/example_dags/subdags/subdag.py
[2025-07-18T19:14:49.186+0000] {processor.py:927} WARNING - No viable dags retrieved from /home/airflow/.local/lib/python3.11/site-packages/airflow/example_dags/subdags/subdag.py
[2025-07-18T19:14:49.210+0000] {processor.py:208} INFO - Processing /home/airflow/.local/lib/python3.11/site-packages/airflow/example_dags/subdags/subdag.py took 0.049 seconds
[2025-07-18T19:15:19.857+0000] {processor.py:186} INFO - Started process (PID=1974) to work on /home/airflow/.local/lib/python3.11/site-packages/airflow/example_dags/subdags/subdag.py
[2025-07-18T19:15:19.858+0000] {processor.py:914} INFO - Processing file /home/airflow/.local/lib/python3.11/site-packages/airflow/example_dags/subdags/subdag.py for tasks to queue
[2025-07-18T19:15:19.860+0000] {logging_mixin.py:190} INFO - [2025-07-18T19:15:19.860+0000] {dagbag.py:588} INFO - Filling up the DagBag from /home/airflow/.local/lib/python3.11/site-packages/airflow/example_dags/subdags/subdag.py
[2025-07-18T19:15:19.864+0000] {processor.py:927} WARNING - No viable dags retrieved from /home/airflow/.local/lib/python3.11/site-packages/airflow/example_dags/subdags/subdag.py
[2025-07-18T19:15:19.886+0000] {processor.py:208} INFO - Processing /home/airflow/.local/lib/python3.11/site-packages/airflow/example_dags/subdags/subdag.py took 0.038 seconds
[2025-07-18T19:15:50.997+0000] {processor.py:186} INFO - Started process (PID=2039) to work on /home/airflow/.local/lib/python3.11/site-packages/airflow/example_dags/subdags/subdag.py
[2025-07-18T19:15:50.999+0000] {processor.py:914} INFO - Processing file /home/airflow/.local/lib/python3.11/site-packages/airflow/example_dags/subdags/subdag.py for tasks to queue
[2025-07-18T19:15:51.001+0000] {logging_mixin.py:190} INFO - [2025-07-18T19:15:51.000+0000] {dagbag.py:588} INFO - Filling up the DagBag from /home/airflow/.local/lib/python3.11/site-packages/airflow/example_dags/subdags/subdag.py
[2025-07-18T19:15:51.004+0000] {processor.py:927} WARNING - No viable dags retrieved from /home/airflow/.local/lib/python3.11/site-packages/airflow/example_dags/subdags/subdag.py
[2025-07-18T19:15:51.021+0000] {processor.py:208} INFO - Processing /home/airflow/.local/lib/python3.11/site-packages/airflow/example_dags/subdags/subdag.py took 0.033 seconds
[2025-07-18T19:16:22.419+0000] {processor.py:186} INFO - Started process (PID=2103) to work on /home/airflow/.local/lib/python3.11/site-packages/airflow/example_dags/subdags/subdag.py
[2025-07-18T19:16:22.423+0000] {processor.py:914} INFO - Processing file /home/airflow/.local/lib/python3.11/site-packages/airflow/example_dags/subdags/subdag.py for tasks to queue
[2025-07-18T19:16:22.429+0000] {logging_mixin.py:190} INFO - [2025-07-18T19:16:22.428+0000] {dagbag.py:588} INFO - Filling up the DagBag from /home/airflow/.local/lib/python3.11/site-packages/airflow/example_dags/subdags/subdag.py
[2025-07-18T19:16:22.442+0000] {processor.py:927} WARNING - No viable dags retrieved from /home/airflow/.local/lib/python3.11/site-packages/airflow/example_dags/subdags/subdag.py
[2025-07-18T19:16:22.486+0000] {processor.py:208} INFO - Processing /home/airflow/.local/lib/python3.11/site-packages/airflow/example_dags/subdags/subdag.py took 0.095 seconds
[2025-07-18T19:16:52.993+0000] {processor.py:186} INFO - Started process (PID=2167) to work on /home/airflow/.local/lib/python3.11/site-packages/airflow/example_dags/subdags/subdag.py
[2025-07-18T19:16:52.995+0000] {processor.py:914} INFO - Processing file /home/airflow/.local/lib/python3.11/site-packages/airflow/example_dags/subdags/subdag.py for tasks to queue
[2025-07-18T19:16:52.997+0000] {logging_mixin.py:190} INFO - [2025-07-18T19:16:52.997+0000] {dagbag.py:588} INFO - Filling up the DagBag from /home/airflow/.local/lib/python3.11/site-packages/airflow/example_dags/subdags/subdag.py
[2025-07-18T19:16:53.002+0000] {processor.py:927} WARNING - No viable dags retrieved from /home/airflow/.local/lib/python3.11/site-packages/airflow/example_dags/subdags/subdag.py
[2025-07-18T19:16:53.022+0000] {processor.py:208} INFO - Processing /home/airflow/.local/lib/python3.11/site-packages/airflow/example_dags/subdags/subdag.py took 0.043 seconds
[2025-07-18T19:17:23.256+0000] {processor.py:186} INFO - Started process (PID=2231) to work on /home/airflow/.local/lib/python3.11/site-packages/airflow/example_dags/subdags/subdag.py
[2025-07-18T19:17:23.258+0000] {processor.py:914} INFO - Processing file /home/airflow/.local/lib/python3.11/site-packages/airflow/example_dags/subdags/subdag.py for tasks to queue
[2025-07-18T19:17:23.260+0000] {logging_mixin.py:190} INFO - [2025-07-18T19:17:23.259+0000] {dagbag.py:588} INFO - Filling up the DagBag from /home/airflow/.local/lib/python3.11/site-packages/airflow/example_dags/subdags/subdag.py
[2025-07-18T19:17:23.264+0000] {processor.py:927} WARNING - No viable dags retrieved from /home/airflow/.local/lib/python3.11/site-packages/airflow/example_dags/subdags/subdag.py
[2025-07-18T19:17:23.291+0000] {processor.py:208} INFO - Processing /home/airflow/.local/lib/python3.11/site-packages/airflow/example_dags/subdags/subdag.py took 0.045 seconds
[2025-07-18T19:17:53.784+0000] {processor.py:186} INFO - Started process (PID=2295) to work on /home/airflow/.local/lib/python3.11/site-packages/airflow/example_dags/subdags/subdag.py
[2025-07-18T19:17:53.785+0000] {processor.py:914} INFO - Processing file /home/airflow/.local/lib/python3.11/site-packages/airflow/example_dags/subdags/subdag.py for tasks to queue
[2025-07-18T19:17:53.788+0000] {logging_mixin.py:190} INFO - [2025-07-18T19:17:53.787+0000] {dagbag.py:588} INFO - Filling up the DagBag from /home/airflow/.local/lib/python3.11/site-packages/airflow/example_dags/subdags/subdag.py
[2025-07-18T19:17:53.792+0000] {processor.py:927} WARNING - No viable dags retrieved from /home/airflow/.local/lib/python3.11/site-packages/airflow/example_dags/subdags/subdag.py
[2025-07-18T19:17:53.820+0000] {processor.py:208} INFO - Processing /home/airflow/.local/lib/python3.11/site-packages/airflow/example_dags/subdags/subdag.py took 0.050 seconds
[2025-07-18T19:18:24.349+0000] {processor.py:186} INFO - Started process (PID=2359) to work on /home/airflow/.local/lib/python3.11/site-packages/airflow/example_dags/subdags/subdag.py
[2025-07-18T19:18:24.350+0000] {processor.py:914} INFO - Processing file /home/airflow/.local/lib/python3.11/site-packages/airflow/example_dags/subdags/subdag.py for tasks to queue
[2025-07-18T19:18:24.352+0000] {logging_mixin.py:190} INFO - [2025-07-18T19:18:24.352+0000] {dagbag.py:588} INFO - Filling up the DagBag from /home/airflow/.local/lib/python3.11/site-packages/airflow/example_dags/subdags/subdag.py
[2025-07-18T19:18:24.356+0000] {processor.py:927} WARNING - No viable dags retrieved from /home/airflow/.local/lib/python3.11/site-packages/airflow/example_dags/subdags/subdag.py
[2025-07-18T19:18:24.379+0000] {processor.py:208} INFO - Processing /home/airflow/.local/lib/python3.11/site-packages/airflow/example_dags/subdags/subdag.py took 0.041 seconds
[2025-07-18T19:27:42.110+0000] {processor.py:186} INFO - Started process (PID=2454) to work on /home/airflow/.local/lib/python3.11/site-packages/airflow/example_dags/subdags/subdag.py
[2025-07-18T19:27:42.114+0000] {processor.py:914} INFO - Processing file /home/airflow/.local/lib/python3.11/site-packages/airflow/example_dags/subdags/subdag.py for tasks to queue
[2025-07-18T19:27:42.120+0000] {logging_mixin.py:190} INFO - [2025-07-18T19:27:42.118+0000] {dagbag.py:588} INFO - Filling up the DagBag from /home/airflow/.local/lib/python3.11/site-packages/airflow/example_dags/subdags/subdag.py
[2025-07-18T19:27:42.127+0000] {processor.py:927} WARNING - No viable dags retrieved from /home/airflow/.local/lib/python3.11/site-packages/airflow/example_dags/subdags/subdag.py
[2025-07-18T19:27:42.175+0000] {processor.py:208} INFO - Processing /home/airflow/.local/lib/python3.11/site-packages/airflow/example_dags/subdags/subdag.py took 0.095 seconds
[2025-07-18T19:28:13.126+0000] {processor.py:186} INFO - Started process (PID=2518) to work on /home/airflow/.local/lib/python3.11/site-packages/airflow/example_dags/subdags/subdag.py
[2025-07-18T19:28:13.182+0000] {processor.py:914} INFO - Processing file /home/airflow/.local/lib/python3.11/site-packages/airflow/example_dags/subdags/subdag.py for tasks to queue
[2025-07-18T19:28:13.185+0000] {logging_mixin.py:190} INFO - [2025-07-18T19:28:13.184+0000] {dagbag.py:588} INFO - Filling up the DagBag from /home/airflow/.local/lib/python3.11/site-packages/airflow/example_dags/subdags/subdag.py
[2025-07-18T19:28:13.189+0000] {processor.py:927} WARNING - No viable dags retrieved from /home/airflow/.local/lib/python3.11/site-packages/airflow/example_dags/subdags/subdag.py
[2025-07-18T19:28:13.214+0000] {processor.py:208} INFO - Processing /home/airflow/.local/lib/python3.11/site-packages/airflow/example_dags/subdags/subdag.py took 0.100 seconds
[2025-07-18T19:28:44.372+0000] {processor.py:186} INFO - Started process (PID=2583) to work on /home/airflow/.local/lib/python3.11/site-packages/airflow/example_dags/subdags/subdag.py
[2025-07-18T19:28:44.374+0000] {processor.py:914} INFO - Processing file /home/airflow/.local/lib/python3.11/site-packages/airflow/example_dags/subdags/subdag.py for tasks to queue
[2025-07-18T19:28:44.381+0000] {logging_mixin.py:190} INFO - [2025-07-18T19:28:44.379+0000] {dagbag.py:588} INFO - Filling up the DagBag from /home/airflow/.local/lib/python3.11/site-packages/airflow/example_dags/subdags/subdag.py
[2025-07-18T19:28:44.389+0000] {processor.py:927} WARNING - No viable dags retrieved from /home/airflow/.local/lib/python3.11/site-packages/airflow/example_dags/subdags/subdag.py
[2025-07-18T19:28:44.425+0000] {processor.py:208} INFO - Processing /home/airflow/.local/lib/python3.11/site-packages/airflow/example_dags/subdags/subdag.py took 0.071 seconds
[2025-07-18T19:29:15.421+0000] {processor.py:186} INFO - Started process (PID=2647) to work on /home/airflow/.local/lib/python3.11/site-packages/airflow/example_dags/subdags/subdag.py
[2025-07-18T19:29:15.423+0000] {processor.py:914} INFO - Processing file /home/airflow/.local/lib/python3.11/site-packages/airflow/example_dags/subdags/subdag.py for tasks to queue
[2025-07-18T19:29:15.428+0000] {logging_mixin.py:190} INFO - [2025-07-18T19:29:15.426+0000] {dagbag.py:588} INFO - Filling up the DagBag from /home/airflow/.local/lib/python3.11/site-packages/airflow/example_dags/subdags/subdag.py
[2025-07-18T19:29:15.434+0000] {processor.py:927} WARNING - No viable dags retrieved from /home/airflow/.local/lib/python3.11/site-packages/airflow/example_dags/subdags/subdag.py
[2025-07-18T19:29:15.467+0000] {processor.py:208} INFO - Processing /home/airflow/.local/lib/python3.11/site-packages/airflow/example_dags/subdags/subdag.py took 0.061 seconds
[2025-07-18T19:29:51.412+0000] {processor.py:186} INFO - Started process (PID=2711) to work on /home/airflow/.local/lib/python3.11/site-packages/airflow/example_dags/subdags/subdag.py
[2025-07-18T19:29:51.426+0000] {processor.py:914} INFO - Processing file /home/airflow/.local/lib/python3.11/site-packages/airflow/example_dags/subdags/subdag.py for tasks to queue
[2025-07-18T19:29:51.429+0000] {logging_mixin.py:190} INFO - [2025-07-18T19:29:51.428+0000] {dagbag.py:588} INFO - Filling up the DagBag from /home/airflow/.local/lib/python3.11/site-packages/airflow/example_dags/subdags/subdag.py
[2025-07-18T19:29:51.457+0000] {processor.py:927} WARNING - No viable dags retrieved from /home/airflow/.local/lib/python3.11/site-packages/airflow/example_dags/subdags/subdag.py
[2025-07-18T19:29:51.618+0000] {processor.py:208} INFO - Processing /home/airflow/.local/lib/python3.11/site-packages/airflow/example_dags/subdags/subdag.py took 0.231 seconds
[2025-07-18T19:30:46.128+0000] {processor.py:186} INFO - Started process (PID=2787) to work on /home/airflow/.local/lib/python3.11/site-packages/airflow/example_dags/subdags/subdag.py
[2025-07-18T19:30:46.130+0000] {processor.py:914} INFO - Processing file /home/airflow/.local/lib/python3.11/site-packages/airflow/example_dags/subdags/subdag.py for tasks to queue
[2025-07-18T19:30:46.134+0000] {logging_mixin.py:190} INFO - [2025-07-18T19:30:46.133+0000] {dagbag.py:588} INFO - Filling up the DagBag from /home/airflow/.local/lib/python3.11/site-packages/airflow/example_dags/subdags/subdag.py
[2025-07-18T19:30:46.140+0000] {processor.py:927} WARNING - No viable dags retrieved from /home/airflow/.local/lib/python3.11/site-packages/airflow/example_dags/subdags/subdag.py
[2025-07-18T19:30:46.168+0000] {processor.py:208} INFO - Processing /home/airflow/.local/lib/python3.11/site-packages/airflow/example_dags/subdags/subdag.py took 0.056 seconds
[2025-07-18T19:31:33.912+0000] {processor.py:186} INFO - Started process (PID=2858) to work on /home/airflow/.local/lib/python3.11/site-packages/airflow/example_dags/subdags/subdag.py
[2025-07-18T19:31:33.914+0000] {processor.py:914} INFO - Processing file /home/airflow/.local/lib/python3.11/site-packages/airflow/example_dags/subdags/subdag.py for tasks to queue
[2025-07-18T19:31:33.917+0000] {logging_mixin.py:190} INFO - [2025-07-18T19:31:33.917+0000] {dagbag.py:588} INFO - Filling up the DagBag from /home/airflow/.local/lib/python3.11/site-packages/airflow/example_dags/subdags/subdag.py
[2025-07-18T19:31:33.927+0000] {processor.py:927} WARNING - No viable dags retrieved from /home/airflow/.local/lib/python3.11/site-packages/airflow/example_dags/subdags/subdag.py
[2025-07-18T19:31:33.959+0000] {processor.py:208} INFO - Processing /home/airflow/.local/lib/python3.11/site-packages/airflow/example_dags/subdags/subdag.py took 0.060 seconds
[2025-07-18T19:32:54.552+0000] {processor.py:186} INFO - Started process (PID=2946) to work on /home/airflow/.local/lib/python3.11/site-packages/airflow/example_dags/subdags/subdag.py
[2025-07-18T19:32:54.554+0000] {processor.py:914} INFO - Processing file /home/airflow/.local/lib/python3.11/site-packages/airflow/example_dags/subdags/subdag.py for tasks to queue
[2025-07-18T19:32:54.559+0000] {logging_mixin.py:190} INFO - [2025-07-18T19:32:54.558+0000] {dagbag.py:588} INFO - Filling up the DagBag from /home/airflow/.local/lib/python3.11/site-packages/airflow/example_dags/subdags/subdag.py
[2025-07-18T19:32:54.568+0000] {processor.py:927} WARNING - No viable dags retrieved from /home/airflow/.local/lib/python3.11/site-packages/airflow/example_dags/subdags/subdag.py
[2025-07-18T19:32:54.595+0000] {processor.py:208} INFO - Processing /home/airflow/.local/lib/python3.11/site-packages/airflow/example_dags/subdags/subdag.py took 0.064 seconds
