[2025-03-18T18:11:32.127+0000] {local_task_job_runner.py:123} INFO - ::group::Pre task execution logs
[2025-03-18T18:11:32.500+0000] {taskinstance.py:2614} INFO - Dependencies all met for dep_context=non-requeueable deps ti=<TaskInstance: load_dbt_clean_reviews_pipeline.dbt_run scheduled__2024-04-29T00:00:00+00:00 [queued]>
[2025-03-18T18:11:32.613+0000] {taskinstance.py:2614} INFO - Dependencies all met for dep_context=requeueable deps ti=<TaskInstance: load_dbt_clean_reviews_pipeline.dbt_run scheduled__2024-04-29T00:00:00+00:00 [queued]>
[2025-03-18T18:11:32.615+0000] {taskinstance.py:2867} INFO - Starting attempt 2 of 2
[2025-03-18T18:11:32.743+0000] {taskinstance.py:2890} INFO - Executing <Task(BashOperator): dbt_run> on 2024-04-29 00:00:00+00:00
[2025-03-18T18:11:32.864+0000] {standard_task_runner.py:72} INFO - Started process 968 to run task
[2025-03-18T18:11:32.923+0000] {standard_task_runner.py:104} INFO - Running: ['airflow', 'tasks', 'run', 'load_dbt_clean_reviews_pipeline', 'dbt_run', 'scheduled__2024-04-29T00:00:00+00:00', '--job-id', '864', '--raw', '--subdir', 'DAGS_FOLDER/dag_load_reviews.py', '--cfg-path', '/tmp/tmpkdwg4z8o']
[2025-03-18T18:11:32.982+0000] {standard_task_runner.py:105} INFO - Job 864: Subtask dbt_run
[2025-03-18T18:11:34.119+0000] {task_command.py:467} INFO - Running <TaskInstance: load_dbt_clean_reviews_pipeline.dbt_run scheduled__2024-04-29T00:00:00+00:00 [running]> on host DESKTOP-IM7V4RI.
[2025-03-18T18:11:36.229+0000] {taskinstance.py:3134} INFO - Exporting env vars: AIRFLOW_CTX_DAG_OWNER='mohammed' AIRFLOW_CTX_DAG_ID='load_dbt_clean_reviews_pipeline' AIRFLOW_CTX_TASK_ID='dbt_run' AIRFLOW_CTX_EXECUTION_DATE='2024-04-29T00:00:00+00:00' AIRFLOW_CTX_TRY_NUMBER='2' AIRFLOW_CTX_DAG_RUN_ID='scheduled__2024-04-29T00:00:00+00:00'
[2025-03-18T18:11:36.262+0000] {logging_mixin.py:190} INFO - Task instance is in running state
[2025-03-18T18:11:36.264+0000] {logging_mixin.py:190} INFO -  Previous state of the Task instance: queued
[2025-03-18T18:11:36.265+0000] {logging_mixin.py:190} INFO - Current task name:dbt_run state:running start_date:2025-03-18 18:11:32.501577+00:00
[2025-03-18T18:11:36.265+0000] {logging_mixin.py:190} INFO - Dag name:load_dbt_clean_reviews_pipeline and current dag run status:running
[2025-03-18T18:11:36.267+0000] {taskinstance.py:732} INFO - ::endgroup::
[2025-03-18T18:11:36.364+0000] {subprocess.py:78} INFO - Tmp dir root location: /tmp
[2025-03-18T18:11:36.386+0000] {subprocess.py:88} INFO - Running command: ['/usr/bin/bash', '-c', 'cd /home/mohammed/.dbt/dbt_projects/bank_reviews_transactional && dbt run']
[2025-03-18T18:11:36.590+0000] {subprocess.py:99} INFO - Output:
[2025-03-18T18:11:56.896+0000] {subprocess.py:106} INFO - [0m18:11:56  Running with dbt=1.9.3
[2025-03-18T18:12:01.516+0000] {subprocess.py:106} INFO - [0m18:12:01  Registered adapter: postgres=1.9.0
[2025-03-18T18:12:05.090+0000] {subprocess.py:106} INFO - [0m18:12:05  [[33mWARNING[0m]: Configuration paths exist in your dbt_project.yml file which do not apply to any resources.
[2025-03-18T18:12:05.091+0000] {subprocess.py:106} INFO - There are 1 unused configuration paths:
[2025-03-18T18:12:05.092+0000] {subprocess.py:106} INFO - - models.bank_reviews_transactional.transactional
[2025-03-18T18:12:06.709+0000] {subprocess.py:106} INFO - [0m18:12:06  Found 3 models, 4 data tests, 1 source, 433 macros
[2025-03-18T18:12:06.718+0000] {subprocess.py:106} INFO - [0m18:12:06
[2025-03-18T18:12:06.720+0000] {subprocess.py:106} INFO - [0m18:12:06  Concurrency: 4 threads (target='dev')
[2025-03-18T18:12:06.723+0000] {subprocess.py:106} INFO - [0m18:12:06
[2025-03-18T18:12:08.223+0000] {subprocess.py:106} INFO - [0m18:12:08  1 of 3 START sql table model transactional.clean_reviews ....................... [RUN]
[2025-03-18T18:12:08.233+0000] {subprocess.py:106} INFO - [0m18:12:08  2 of 3 START sql table model transactional.my_first_dbt_model .................. [RUN]
[2025-03-18T18:12:09.516+0000] {subprocess.py:106} INFO - [0m18:12:09  2 of 3 OK created sql table model transactional.my_first_dbt_model ............. [[32mSELECT 2[0m in 1.27s]
[2025-03-18T18:12:09.537+0000] {subprocess.py:106} INFO - [0m18:12:09  3 of 3 START sql view model transactional.my_second_dbt_model .................. [RUN]
[2025-03-18T18:12:09.801+0000] {subprocess.py:106} INFO - [0m18:12:09  3 of 3 OK created sql view model transactional.my_second_dbt_model ............. [[32mCREATE VIEW[0m in 0.26s]
[2025-03-18T18:12:15.270+0000] {subprocess.py:106} INFO - [0m18:12:15  1 of 3 OK created sql table model transactional.clean_reviews .................. [[32mSELECT 549[0m in 7.05s]
[2025-03-18T18:12:15.387+0000] {subprocess.py:106} INFO - [0m18:12:15
[2025-03-18T18:12:15.401+0000] {subprocess.py:106} INFO - [0m18:12:15  Finished running 2 table models, 1 view model in 0 hours 0 minutes and 8.65 seconds (8.65s).
[2025-03-18T18:12:15.765+0000] {subprocess.py:106} INFO - [0m18:12:15
[2025-03-18T18:12:15.770+0000] {subprocess.py:106} INFO - [0m18:12:15  [32mCompleted successfully[0m
[2025-03-18T18:12:15.780+0000] {subprocess.py:106} INFO - [0m18:12:15
[2025-03-18T18:12:15.783+0000] {subprocess.py:106} INFO - [0m18:12:15  Done. PASS=3 WARN=0 ERROR=0 SKIP=0 TOTAL=3
[2025-03-18T18:12:19.404+0000] {subprocess.py:110} INFO - Command exited with return code 0
[2025-03-18T18:12:19.844+0000] {taskinstance.py:341} INFO - ::group::Post task execution logs
[2025-03-18T18:12:19.845+0000] {taskinstance.py:353} INFO - Marking task as SUCCESS. dag_id=load_dbt_clean_reviews_pipeline, task_id=dbt_run, run_id=scheduled__2024-04-29T00:00:00+00:00, execution_date=20240429T000000, start_date=20250318T181132, end_date=20250318T181219
[2025-03-18T18:12:20.152+0000] {logging_mixin.py:190} INFO - Task instance in success state
[2025-03-18T18:12:20.153+0000] {logging_mixin.py:190} INFO -  Previous state of the Task instance: running
[2025-03-18T18:12:20.154+0000] {logging_mixin.py:190} INFO - Dag name:load_dbt_clean_reviews_pipeline queued_at:2025-03-18 17:12:01.459327+00:00
[2025-03-18T18:12:20.155+0000] {logging_mixin.py:190} INFO - Task hostname:DESKTOP-IM7V4RI. operator:BashOperator
[2025-03-18T18:12:20.245+0000] {local_task_job_runner.py:266} INFO - Task exited with return code 0
[2025-03-18T18:12:20.569+0000] {taskinstance.py:3901} INFO - 0 downstream tasks scheduled from follow-on schedule check
[2025-03-18T18:12:20.576+0000] {local_task_job_runner.py:245} INFO - ::endgroup::
