[2025-03-18T18:18:08.929+0000] {local_task_job_runner.py:123} INFO - ::group::Pre task execution logs
[2025-03-18T18:18:08.998+0000] {taskinstance.py:2614} INFO - Dependencies all met for dep_context=non-requeueable deps ti=<TaskInstance: load_dbt_clean_reviews_pipeline.dbt_run scheduled__2024-05-29T00:00:00+00:00 [queued]>
[2025-03-18T18:18:09.030+0000] {taskinstance.py:2614} INFO - Dependencies all met for dep_context=requeueable deps ti=<TaskInstance: load_dbt_clean_reviews_pipeline.dbt_run scheduled__2024-05-29T00:00:00+00:00 [queued]>
[2025-03-18T18:18:09.030+0000] {taskinstance.py:2867} INFO - Starting attempt 2 of 2
[2025-03-18T18:18:09.467+0000] {taskinstance.py:2890} INFO - Executing <Task(BashOperator): dbt_run> on 2024-05-29 00:00:00+00:00
[2025-03-18T18:18:09.602+0000] {standard_task_runner.py:72} INFO - Started process 8623 to run task
[2025-03-18T18:18:09.703+0000] {standard_task_runner.py:104} INFO - Running: ['airflow', 'tasks', 'run', 'load_dbt_clean_reviews_pipeline', 'dbt_run', 'scheduled__2024-05-29T00:00:00+00:00', '--job-id', '918', '--raw', '--subdir', 'DAGS_FOLDER/dag_load_reviews.py', '--cfg-path', '/tmp/tmpwhi1fjkc']
[2025-03-18T18:18:09.706+0000] {standard_task_runner.py:105} INFO - Job 918: Subtask dbt_run
[2025-03-18T18:18:10.352+0000] {task_command.py:467} INFO - Running <TaskInstance: load_dbt_clean_reviews_pipeline.dbt_run scheduled__2024-05-29T00:00:00+00:00 [running]> on host DESKTOP-IM7V4RI.
[2025-03-18T18:18:11.266+0000] {taskinstance.py:3134} INFO - Exporting env vars: AIRFLOW_CTX_DAG_OWNER='mohammed' AIRFLOW_CTX_DAG_ID='load_dbt_clean_reviews_pipeline' AIRFLOW_CTX_TASK_ID='dbt_run' AIRFLOW_CTX_EXECUTION_DATE='2024-05-29T00:00:00+00:00' AIRFLOW_CTX_TRY_NUMBER='2' AIRFLOW_CTX_DAG_RUN_ID='scheduled__2024-05-29T00:00:00+00:00'
[2025-03-18T18:18:11.273+0000] {logging_mixin.py:190} INFO - Task instance is in running state
[2025-03-18T18:18:11.276+0000] {logging_mixin.py:190} INFO -  Previous state of the Task instance: queued
[2025-03-18T18:18:11.277+0000] {logging_mixin.py:190} INFO - Current task name:dbt_run state:running start_date:2025-03-18 18:18:08.998728+00:00
[2025-03-18T18:18:11.278+0000] {logging_mixin.py:190} INFO - Dag name:load_dbt_clean_reviews_pipeline and current dag run status:running
[2025-03-18T18:18:11.311+0000] {taskinstance.py:732} INFO - ::endgroup::
[2025-03-18T18:18:11.313+0000] {subprocess.py:78} INFO - Tmp dir root location: /tmp
[2025-03-18T18:18:11.316+0000] {subprocess.py:88} INFO - Running command: ['/usr/bin/bash', '-c', 'cd /home/mohammed/.dbt/dbt_projects/bank_reviews_transactional && dbt run']
[2025-03-18T18:18:11.469+0000] {subprocess.py:99} INFO - Output:
[2025-03-18T18:18:27.056+0000] {subprocess.py:106} INFO - [0m18:18:27  Running with dbt=1.9.3
[2025-03-18T18:18:29.939+0000] {subprocess.py:106} INFO - [0m18:18:29  Registered adapter: postgres=1.9.0
[2025-03-18T18:18:33.801+0000] {subprocess.py:106} INFO - [0m18:18:33  [[33mWARNING[0m]: Configuration paths exist in your dbt_project.yml file which do not apply to any resources.
[2025-03-18T18:18:33.802+0000] {subprocess.py:106} INFO - There are 1 unused configuration paths:
[2025-03-18T18:18:33.803+0000] {subprocess.py:106} INFO - - models.bank_reviews_transactional.transactional
[2025-03-18T18:18:36.307+0000] {subprocess.py:106} INFO - [0m18:18:36  Found 3 models, 4 data tests, 1 source, 433 macros
[2025-03-18T18:18:36.333+0000] {subprocess.py:106} INFO - [0m18:18:36
[2025-03-18T18:18:36.352+0000] {subprocess.py:106} INFO - [0m18:18:36  Concurrency: 4 threads (target='dev')
[2025-03-18T18:18:36.354+0000] {subprocess.py:106} INFO - [0m18:18:36
[2025-03-18T18:18:37.498+0000] {subprocess.py:106} INFO - [0m18:18:37  1 of 3 START sql table model transactional.clean_reviews ....................... [RUN]
[2025-03-18T18:18:37.507+0000] {subprocess.py:106} INFO - [0m18:18:37  2 of 3 START sql table model transactional.my_first_dbt_model .................. [RUN]
[2025-03-18T18:18:39.953+0000] {subprocess.py:106} INFO - [0m18:18:39  1 of 3 OK created sql table model transactional.clean_reviews .................. [[32mSELECT 549[0m in 2.42s]
[2025-03-18T18:18:40.068+0000] {subprocess.py:106} INFO - [0m18:18:40  2 of 3 OK created sql table model transactional.my_first_dbt_model ............. [[32mSELECT 2[0m in 2.56s]
[2025-03-18T18:18:40.120+0000] {subprocess.py:106} INFO - [0m18:18:40  3 of 3 START sql view model transactional.my_second_dbt_model .................. [RUN]
[2025-03-18T18:18:42.065+0000] {subprocess.py:106} INFO - [0m18:18:42  3 of 3 OK created sql view model transactional.my_second_dbt_model ............. [[32mCREATE VIEW[0m in 1.83s]
[2025-03-18T18:18:42.259+0000] {subprocess.py:106} INFO - [0m18:18:42
[2025-03-18T18:18:42.273+0000] {subprocess.py:106} INFO - [0m18:18:42  Finished running 2 table models, 1 view model in 0 hours 0 minutes and 5.90 seconds (5.90s).
[2025-03-18T18:18:43.132+0000] {subprocess.py:106} INFO - [0m18:18:43
[2025-03-18T18:18:43.136+0000] {subprocess.py:106} INFO - [0m18:18:43  [32mCompleted successfully[0m
[2025-03-18T18:18:43.139+0000] {subprocess.py:106} INFO - [0m18:18:43
[2025-03-18T18:18:43.142+0000] {subprocess.py:106} INFO - [0m18:18:43  Done. PASS=3 WARN=0 ERROR=0 SKIP=0 TOTAL=3
[2025-03-18T18:18:50.464+0000] {subprocess.py:110} INFO - Command exited with return code 0
[2025-03-18T18:18:51.090+0000] {taskinstance.py:341} INFO - ::group::Post task execution logs
[2025-03-18T18:18:51.092+0000] {taskinstance.py:353} INFO - Marking task as SUCCESS. dag_id=load_dbt_clean_reviews_pipeline, task_id=dbt_run, run_id=scheduled__2024-05-29T00:00:00+00:00, execution_date=20240529T000000, start_date=20250318T181808, end_date=20250318T181851
[2025-03-18T18:18:51.412+0000] {logging_mixin.py:190} INFO - Task instance in success state
[2025-03-18T18:18:51.413+0000] {logging_mixin.py:190} INFO -  Previous state of the Task instance: running
[2025-03-18T18:18:51.414+0000] {logging_mixin.py:190} INFO - Dag name:load_dbt_clean_reviews_pipeline queued_at:2025-03-18 18:12:30.146010+00:00
[2025-03-18T18:18:51.415+0000] {logging_mixin.py:190} INFO - Task hostname:DESKTOP-IM7V4RI. operator:BashOperator
[2025-03-18T18:18:51.472+0000] {local_task_job_runner.py:266} INFO - Task exited with return code 0
[2025-03-18T18:18:51.740+0000] {standard_task_runner.py:217} INFO - Process not found (most likely exited), stop collecting metrics
[2025-03-18T18:18:51.772+0000] {taskinstance.py:3901} INFO - 0 downstream tasks scheduled from follow-on schedule check
[2025-03-18T18:18:51.817+0000] {local_task_job_runner.py:245} INFO - ::endgroup::
