[2025-03-20T00:47:14.202+0000] {local_task_job_runner.py:123} INFO - ::group::Pre task execution logs
[2025-03-20T00:47:14.295+0000] {taskinstance.py:2614} INFO - Dependencies all met for dep_context=non-requeueable deps ti=<TaskInstance: automate_emploi_extraction.extract_data scheduled__2024-05-19T00:00:00+00:00 [queued]>
[2025-03-20T00:47:14.346+0000] {taskinstance.py:2614} INFO - Dependencies all met for dep_context=requeueable deps ti=<TaskInstance: automate_emploi_extraction.extract_data scheduled__2024-05-19T00:00:00+00:00 [queued]>
[2025-03-20T00:47:14.346+0000] {taskinstance.py:2867} INFO - Starting attempt 1 of 2
[2025-03-20T00:47:14.459+0000] {taskinstance.py:2890} INFO - Executing <Task(PythonOperator): extract_data> on 2024-05-19 00:00:00+00:00
[2025-03-20T00:47:14.480+0000] {standard_task_runner.py:72} INFO - Started process 77883 to run task
[2025-03-20T00:47:14.495+0000] {standard_task_runner.py:104} INFO - Running: ['airflow', 'tasks', 'run', 'automate_emploi_extraction', 'extract_data', 'scheduled__2024-05-19T00:00:00+00:00', '--job-id', '1543', '--raw', '--subdir', 'DAGS_FOLDER/dag_scraper_offres_emploi.py', '--cfg-path', '/tmp/tmpdauzw_wr']
[2025-03-20T00:47:14.497+0000] {standard_task_runner.py:105} INFO - Job 1543: Subtask extract_data
[2025-03-20T00:47:14.997+0000] {task_command.py:467} INFO - Running <TaskInstance: automate_emploi_extraction.extract_data scheduled__2024-05-19T00:00:00+00:00 [running]> on host DESKTOP-IM7V4RI.
[2025-03-20T00:47:15.592+0000] {taskinstance.py:3134} INFO - Exporting env vars: AIRFLOW_CTX_DAG_OWNER='airflow' AIRFLOW_CTX_DAG_ID='automate_emploi_extraction' AIRFLOW_CTX_TASK_ID='extract_data' AIRFLOW_CTX_EXECUTION_DATE='2024-05-19T00:00:00+00:00' AIRFLOW_CTX_TRY_NUMBER='1' AIRFLOW_CTX_DAG_RUN_ID='scheduled__2024-05-19T00:00:00+00:00'
[2025-03-20T00:47:15.594+0000] {logging_mixin.py:190} INFO - Task instance is in running state
[2025-03-20T00:47:15.594+0000] {logging_mixin.py:190} INFO -  Previous state of the Task instance: queued
[2025-03-20T00:47:15.595+0000] {logging_mixin.py:190} INFO - Current task name:extract_data state:running start_date:2025-03-20 00:47:14.296355+00:00
[2025-03-20T00:47:15.595+0000] {logging_mixin.py:190} INFO - Dag name:automate_emploi_extraction and current dag run status:running
[2025-03-20T00:47:15.596+0000] {taskinstance.py:732} INFO - ::endgroup::
[2025-03-20T00:47:16.023+0000] {logging_mixin.py:190} INFO - Erreur de requête pour la première page : 403
[2025-03-20T00:47:16.037+0000] {logging_mixin.py:190} INFO - Fichier JSON enregistré avec succès.
[2025-03-20T00:47:16.040+0000] {python.py:240} INFO - Done. Returned value was: None
[2025-03-20T00:47:16.088+0000] {taskinstance.py:341} INFO - ::group::Post task execution logs
[2025-03-20T00:47:16.095+0000] {taskinstance.py:353} INFO - Marking task as SUCCESS. dag_id=automate_emploi_extraction, task_id=extract_data, run_id=scheduled__2024-05-19T00:00:00+00:00, execution_date=20240519T000000, start_date=20250320T004714, end_date=20250320T004716
[2025-03-20T00:47:16.234+0000] {logging_mixin.py:190} INFO - Task instance in success state
[2025-03-20T00:47:16.235+0000] {logging_mixin.py:190} INFO -  Previous state of the Task instance: running
[2025-03-20T00:47:16.236+0000] {logging_mixin.py:190} INFO - Dag name:automate_emploi_extraction queued_at:2025-03-20 00:46:52.627616+00:00
[2025-03-20T00:47:16.236+0000] {logging_mixin.py:190} INFO - Task hostname:DESKTOP-IM7V4RI. operator:PythonOperator
[2025-03-20T00:47:16.280+0000] {local_task_job_runner.py:266} INFO - Task exited with return code 0
[2025-03-20T00:47:16.363+0000] {taskinstance.py:3901} INFO - 0 downstream tasks scheduled from follow-on schedule check
[2025-03-20T00:47:16.369+0000] {local_task_job_runner.py:245} INFO - ::endgroup::
