[2025-03-18T18:35:51.228+0000] {local_task_job_runner.py:123} INFO - ::group::Pre task execution logs
[2025-03-18T18:35:51.357+0000] {taskinstance.py:2614} INFO - Dependencies all met for dep_context=non-requeueable deps ti=<TaskInstance: load_dbt_clean_reviews_pipeline.dbt_run scheduled__2025-02-28T00:00:00+00:00 [queued]>
[2025-03-18T18:35:51.431+0000] {taskinstance.py:2614} INFO - Dependencies all met for dep_context=requeueable deps ti=<TaskInstance: load_dbt_clean_reviews_pipeline.dbt_run scheduled__2025-02-28T00:00:00+00:00 [queued]>
[2025-03-18T18:35:51.431+0000] {taskinstance.py:2867} INFO - Starting attempt 1 of 2
[2025-03-18T18:35:51.646+0000] {taskinstance.py:2890} INFO - Executing <Task(BashOperator): dbt_run> on 2025-02-28 00:00:00+00:00
[2025-03-18T18:35:51.667+0000] {standard_task_runner.py:72} INFO - Started process 32631 to run task
[2025-03-18T18:35:51.724+0000] {standard_task_runner.py:104} INFO - Running: ['airflow', 'tasks', 'run', 'load_dbt_clean_reviews_pipeline', 'dbt_run', 'scheduled__2025-02-28T00:00:00+00:00', '--job-id', '1180', '--raw', '--subdir', 'DAGS_FOLDER/dag_load_reviews.py', '--cfg-path', '/tmp/tmphbqp1ljv']
[2025-03-18T18:35:51.726+0000] {standard_task_runner.py:105} INFO - Job 1180: Subtask dbt_run
[2025-03-18T18:35:52.255+0000] {task_command.py:467} INFO - Running <TaskInstance: load_dbt_clean_reviews_pipeline.dbt_run scheduled__2025-02-28T00:00:00+00:00 [running]> on host DESKTOP-IM7V4RI.
[2025-03-18T18:35:53.238+0000] {taskinstance.py:3134} INFO - Exporting env vars: AIRFLOW_CTX_DAG_OWNER='mohammed' AIRFLOW_CTX_DAG_ID='load_dbt_clean_reviews_pipeline' AIRFLOW_CTX_TASK_ID='dbt_run' AIRFLOW_CTX_EXECUTION_DATE='2025-02-28T00:00:00+00:00' AIRFLOW_CTX_TRY_NUMBER='1' AIRFLOW_CTX_DAG_RUN_ID='scheduled__2025-02-28T00:00:00+00:00'
[2025-03-18T18:35:53.240+0000] {logging_mixin.py:190} INFO - Task instance is in running state
[2025-03-18T18:35:53.241+0000] {logging_mixin.py:190} INFO -  Previous state of the Task instance: queued
[2025-03-18T18:35:53.242+0000] {logging_mixin.py:190} INFO - Current task name:dbt_run state:running start_date:2025-03-18 18:35:51.358397+00:00
[2025-03-18T18:35:53.242+0000] {logging_mixin.py:190} INFO - Dag name:load_dbt_clean_reviews_pipeline and current dag run status:running
[2025-03-18T18:35:53.243+0000] {taskinstance.py:732} INFO - ::endgroup::
[2025-03-18T18:35:53.245+0000] {subprocess.py:78} INFO - Tmp dir root location: /tmp
[2025-03-18T18:35:53.248+0000] {subprocess.py:88} INFO - Running command: ['/usr/bin/bash', '-c', 'cd /home/mohammed/.dbt/dbt_projects/bank_reviews_transactional && dbt run']
[2025-03-18T18:35:53.367+0000] {subprocess.py:99} INFO - Output:
[2025-03-18T18:36:09.197+0000] {subprocess.py:106} INFO - [0m18:36:09  Running with dbt=1.9.3
[2025-03-18T18:36:11.686+0000] {subprocess.py:106} INFO - [0m18:36:11  Registered adapter: postgres=1.9.0
[2025-03-18T18:36:13.847+0000] {subprocess.py:106} INFO - [0m18:36:13  [[33mWARNING[0m]: Configuration paths exist in your dbt_project.yml file which do not apply to any resources.
[2025-03-18T18:36:13.848+0000] {subprocess.py:106} INFO - There are 1 unused configuration paths:
[2025-03-18T18:36:13.848+0000] {subprocess.py:106} INFO - - models.bank_reviews_transactional.transactional
[2025-03-18T18:36:15.526+0000] {subprocess.py:106} INFO - [0m18:36:15  Found 1 model, 1 source, 433 macros
[2025-03-18T18:36:15.560+0000] {subprocess.py:106} INFO - [0m18:36:15
[2025-03-18T18:36:15.564+0000] {subprocess.py:106} INFO - [0m18:36:15  Concurrency: 4 threads (target='dev')
[2025-03-18T18:36:15.566+0000] {subprocess.py:106} INFO - [0m18:36:15
[2025-03-18T18:36:16.507+0000] {subprocess.py:106} INFO - [0m18:36:16  1 of 1 START sql table model transactional.clean_reviews ....................... [RUN]
[2025-03-18T18:36:18.788+0000] {subprocess.py:106} INFO - [0m18:36:18  1 of 1 OK created sql table model transactional.clean_reviews .................. [[32mSELECT 549[0m in 2.26s]
[2025-03-18T18:36:18.898+0000] {subprocess.py:106} INFO - [0m18:36:18
[2025-03-18T18:36:18.904+0000] {subprocess.py:106} INFO - [0m18:36:18  Finished running 1 table model in 0 hours 0 minutes and 3.31 seconds (3.31s).
[2025-03-18T18:36:19.264+0000] {subprocess.py:106} INFO - [0m18:36:19
[2025-03-18T18:36:19.267+0000] {subprocess.py:106} INFO - [0m18:36:19  [32mCompleted successfully[0m
[2025-03-18T18:36:19.271+0000] {subprocess.py:106} INFO - [0m18:36:19
[2025-03-18T18:36:19.278+0000] {subprocess.py:106} INFO - [0m18:36:19  Done. PASS=1 WARN=0 ERROR=0 SKIP=0 TOTAL=1
[2025-03-18T18:36:22.284+0000] {subprocess.py:110} INFO - Command exited with return code 0
[2025-03-18T18:36:22.418+0000] {taskinstance.py:341} INFO - ::group::Post task execution logs
[2025-03-18T18:36:22.420+0000] {taskinstance.py:353} INFO - Marking task as SUCCESS. dag_id=load_dbt_clean_reviews_pipeline, task_id=dbt_run, run_id=scheduled__2025-02-28T00:00:00+00:00, execution_date=20250228T000000, start_date=20250318T183551, end_date=20250318T183622
[2025-03-18T18:36:22.605+0000] {logging_mixin.py:190} INFO - Task instance in success state
[2025-03-18T18:36:22.606+0000] {logging_mixin.py:190} INFO -  Previous state of the Task instance: running
[2025-03-18T18:36:22.607+0000] {logging_mixin.py:190} INFO - Dag name:load_dbt_clean_reviews_pipeline queued_at:2025-03-18 18:35:46.889196+00:00
[2025-03-18T18:36:22.607+0000] {logging_mixin.py:190} INFO - Task hostname:DESKTOP-IM7V4RI. operator:BashOperator
[2025-03-18T18:36:22.637+0000] {local_task_job_runner.py:266} INFO - Task exited with return code 0
[2025-03-18T18:36:22.707+0000] {taskinstance.py:3901} INFO - 0 downstream tasks scheduled from follow-on schedule check
[2025-03-18T18:36:22.717+0000] {local_task_job_runner.py:245} INFO - ::endgroup::
