[2025-03-18T18:23:26.764+0000] {local_task_job_runner.py:123} INFO - ::group::Pre task execution logs
[2025-03-18T18:23:26.982+0000] {taskinstance.py:2614} INFO - Dependencies all met for dep_context=non-requeueable deps ti=<TaskInstance: load_dbt_clean_reviews_pipeline.dbt_run scheduled__2024-09-01T00:00:00+00:00 [queued]>
[2025-03-18T18:23:27.034+0000] {taskinstance.py:2614} INFO - Dependencies all met for dep_context=requeueable deps ti=<TaskInstance: load_dbt_clean_reviews_pipeline.dbt_run scheduled__2024-09-01T00:00:00+00:00 [queued]>
[2025-03-18T18:23:27.034+0000] {taskinstance.py:2867} INFO - Starting attempt 1 of 2
[2025-03-18T18:23:27.708+0000] {taskinstance.py:2890} INFO - Executing <Task(BashOperator): dbt_run> on 2024-09-01 00:00:00+00:00
[2025-03-18T18:23:27.718+0000] {standard_task_runner.py:72} INFO - Started process 15715 to run task
[2025-03-18T18:23:27.762+0000] {standard_task_runner.py:104} INFO - Running: ['airflow', 'tasks', 'run', 'load_dbt_clean_reviews_pipeline', 'dbt_run', 'scheduled__2024-09-01T00:00:00+00:00', '--job-id', '994', '--raw', '--subdir', 'DAGS_FOLDER/dag_load_reviews.py', '--cfg-path', '/tmp/tmp2kdd5apt']
[2025-03-18T18:23:27.769+0000] {standard_task_runner.py:105} INFO - Job 994: Subtask dbt_run
[2025-03-18T18:23:28.128+0000] {task_command.py:467} INFO - Running <TaskInstance: load_dbt_clean_reviews_pipeline.dbt_run scheduled__2024-09-01T00:00:00+00:00 [running]> on host DESKTOP-IM7V4RI.
[2025-03-18T18:23:28.880+0000] {taskinstance.py:3134} INFO - Exporting env vars: AIRFLOW_CTX_DAG_OWNER='mohammed' AIRFLOW_CTX_DAG_ID='load_dbt_clean_reviews_pipeline' AIRFLOW_CTX_TASK_ID='dbt_run' AIRFLOW_CTX_EXECUTION_DATE='2024-09-01T00:00:00+00:00' AIRFLOW_CTX_TRY_NUMBER='1' AIRFLOW_CTX_DAG_RUN_ID='scheduled__2024-09-01T00:00:00+00:00'
[2025-03-18T18:23:28.882+0000] {logging_mixin.py:190} INFO - Task instance is in running state
[2025-03-18T18:23:28.883+0000] {logging_mixin.py:190} INFO -  Previous state of the Task instance: queued
[2025-03-18T18:23:28.883+0000] {logging_mixin.py:190} INFO - Current task name:dbt_run state:running start_date:2025-03-18 18:23:26.982916+00:00
[2025-03-18T18:23:28.884+0000] {logging_mixin.py:190} INFO - Dag name:load_dbt_clean_reviews_pipeline and current dag run status:running
[2025-03-18T18:23:28.885+0000] {taskinstance.py:732} INFO - ::endgroup::
[2025-03-18T18:23:28.888+0000] {subprocess.py:78} INFO - Tmp dir root location: /tmp
[2025-03-18T18:23:28.890+0000] {subprocess.py:88} INFO - Running command: ['/usr/bin/bash', '-c', 'cd /home/mohammed/.dbt/dbt_projects/bank_reviews_transactional && dbt run']
[2025-03-18T18:23:28.986+0000] {subprocess.py:99} INFO - Output:
[2025-03-18T18:23:40.395+0000] {subprocess.py:106} INFO - [0m18:23:40  Running with dbt=1.9.3
[2025-03-18T18:23:42.524+0000] {subprocess.py:106} INFO - [0m18:23:42  Registered adapter: postgres=1.9.0
[2025-03-18T18:23:43.546+0000] {subprocess.py:106} INFO - [0m18:23:43  [[33mWARNING[0m]: Configuration paths exist in your dbt_project.yml file which do not apply to any resources.
[2025-03-18T18:23:43.547+0000] {subprocess.py:106} INFO - There are 1 unused configuration paths:
[2025-03-18T18:23:43.547+0000] {subprocess.py:106} INFO - - models.bank_reviews_transactional.transactional
[2025-03-18T18:23:44.416+0000] {subprocess.py:106} INFO - [0m18:23:44  Found 1 model, 1 source, 433 macros
[2025-03-18T18:23:44.425+0000] {subprocess.py:106} INFO - [0m18:23:44
[2025-03-18T18:23:44.427+0000] {subprocess.py:106} INFO - [0m18:23:44  Concurrency: 4 threads (target='dev')
[2025-03-18T18:23:44.430+0000] {subprocess.py:106} INFO - [0m18:23:44
[2025-03-18T18:23:45.466+0000] {subprocess.py:106} INFO - [0m18:23:45  1 of 1 START sql table model transactional.clean_reviews ....................... [RUN]
[2025-03-18T18:23:46.716+0000] {subprocess.py:106} INFO - [0m18:23:46  1 of 1 OK created sql table model transactional.clean_reviews .................. [[32mSELECT 549[0m in 1.25s]
[2025-03-18T18:23:46.912+0000] {subprocess.py:106} INFO - [0m18:23:46
[2025-03-18T18:23:46.916+0000] {subprocess.py:106} INFO - [0m18:23:46  Finished running 1 table model in 0 hours 0 minutes and 2.48 seconds (2.48s).
[2025-03-18T18:23:48.541+0000] {subprocess.py:106} INFO - [0m18:23:48
[2025-03-18T18:23:48.558+0000] {subprocess.py:106} INFO - [0m18:23:48  [32mCompleted successfully[0m
[2025-03-18T18:23:48.563+0000] {subprocess.py:106} INFO - [0m18:23:48
[2025-03-18T18:23:48.568+0000] {subprocess.py:106} INFO - [0m18:23:48  Done. PASS=1 WARN=0 ERROR=0 SKIP=0 TOTAL=1
[2025-03-18T18:23:51.713+0000] {subprocess.py:110} INFO - Command exited with return code 0
[2025-03-18T18:23:51.875+0000] {taskinstance.py:341} INFO - ::group::Post task execution logs
[2025-03-18T18:23:51.877+0000] {taskinstance.py:353} INFO - Marking task as SUCCESS. dag_id=load_dbt_clean_reviews_pipeline, task_id=dbt_run, run_id=scheduled__2024-09-01T00:00:00+00:00, execution_date=20240901T000000, start_date=20250318T182326, end_date=20250318T182351
[2025-03-18T18:23:52.042+0000] {logging_mixin.py:190} INFO - Task instance in success state
[2025-03-18T18:23:52.044+0000] {logging_mixin.py:190} INFO -  Previous state of the Task instance: running
[2025-03-18T18:23:52.044+0000] {logging_mixin.py:190} INFO - Dag name:load_dbt_clean_reviews_pipeline queued_at:2025-03-18 18:23:23.443922+00:00
[2025-03-18T18:23:52.045+0000] {logging_mixin.py:190} INFO - Task hostname:DESKTOP-IM7V4RI. operator:BashOperator
[2025-03-18T18:23:52.127+0000] {local_task_job_runner.py:266} INFO - Task exited with return code 0
[2025-03-18T18:23:52.288+0000] {local_task_job_runner.py:245} INFO - ::endgroup::
