[2025-03-18T18:12:28.760+0000] {local_task_job_runner.py:123} INFO - ::group::Pre task execution logs
[2025-03-18T18:12:28.851+0000] {taskinstance.py:2614} INFO - Dependencies all met for dep_context=non-requeueable deps ti=<TaskInstance: load_dbt_clean_reviews_pipeline.dbt_run scheduled__2024-05-20T00:00:00+00:00 [queued]>
[2025-03-18T18:12:28.877+0000] {taskinstance.py:2614} INFO - Dependencies all met for dep_context=requeueable deps ti=<TaskInstance: load_dbt_clean_reviews_pipeline.dbt_run scheduled__2024-05-20T00:00:00+00:00 [queued]>
[2025-03-18T18:12:28.878+0000] {taskinstance.py:2867} INFO - Starting attempt 1 of 2
[2025-03-18T18:12:29.197+0000] {taskinstance.py:2890} INFO - Executing <Task(BashOperator): dbt_run> on 2024-05-20 00:00:00+00:00
[2025-03-18T18:12:29.215+0000] {standard_task_runner.py:72} INFO - Started process 2357 to run task
[2025-03-18T18:12:29.231+0000] {standard_task_runner.py:104} INFO - Running: ['airflow', 'tasks', 'run', 'load_dbt_clean_reviews_pipeline', 'dbt_run', 'scheduled__2024-05-20T00:00:00+00:00', '--job-id', '874', '--raw', '--subdir', 'DAGS_FOLDER/dag_load_reviews.py', '--cfg-path', '/tmp/tmphkkayhts']
[2025-03-18T18:12:29.234+0000] {standard_task_runner.py:105} INFO - Job 874: Subtask dbt_run
[2025-03-18T18:12:29.482+0000] {task_command.py:467} INFO - Running <TaskInstance: load_dbt_clean_reviews_pipeline.dbt_run scheduled__2024-05-20T00:00:00+00:00 [running]> on host DESKTOP-IM7V4RI.
[2025-03-18T18:12:30.272+0000] {taskinstance.py:3134} INFO - Exporting env vars: AIRFLOW_CTX_DAG_OWNER='mohammed' AIRFLOW_CTX_DAG_ID='load_dbt_clean_reviews_pipeline' AIRFLOW_CTX_TASK_ID='dbt_run' AIRFLOW_CTX_EXECUTION_DATE='2024-05-20T00:00:00+00:00' AIRFLOW_CTX_TRY_NUMBER='1' AIRFLOW_CTX_DAG_RUN_ID='scheduled__2024-05-20T00:00:00+00:00'
[2025-03-18T18:12:30.275+0000] {logging_mixin.py:190} INFO - Task instance is in running state
[2025-03-18T18:12:30.277+0000] {logging_mixin.py:190} INFO -  Previous state of the Task instance: queued
[2025-03-18T18:12:30.277+0000] {logging_mixin.py:190} INFO - Current task name:dbt_run state:running start_date:2025-03-18 18:12:28.852606+00:00
[2025-03-18T18:12:30.279+0000] {logging_mixin.py:190} INFO - Dag name:load_dbt_clean_reviews_pipeline and current dag run status:running
[2025-03-18T18:12:30.280+0000] {taskinstance.py:732} INFO - ::endgroup::
[2025-03-18T18:12:30.282+0000] {subprocess.py:78} INFO - Tmp dir root location: /tmp
[2025-03-18T18:12:30.299+0000] {subprocess.py:88} INFO - Running command: ['/usr/bin/bash', '-c', 'cd /home/mohammed/.dbt/dbt_projects/bank_reviews_transactional && dbt run']
[2025-03-18T18:12:30.405+0000] {subprocess.py:99} INFO - Output:
[2025-03-18T18:12:46.260+0000] {subprocess.py:106} INFO - [0m18:12:46  Running with dbt=1.9.3
[2025-03-18T18:12:49.221+0000] {subprocess.py:106} INFO - [0m18:12:49  Registered adapter: postgres=1.9.0
[2025-03-18T18:12:52.859+0000] {subprocess.py:106} INFO - [0m18:12:52  [[33mWARNING[0m]: Configuration paths exist in your dbt_project.yml file which do not apply to any resources.
[2025-03-18T18:12:52.860+0000] {subprocess.py:106} INFO - There are 1 unused configuration paths:
[2025-03-18T18:12:52.861+0000] {subprocess.py:106} INFO - - models.bank_reviews_transactional.transactional
[2025-03-18T18:12:54.781+0000] {subprocess.py:106} INFO - [0m18:12:54  Found 3 models, 4 data tests, 1 source, 433 macros
[2025-03-18T18:12:54.805+0000] {subprocess.py:106} INFO - [0m18:12:54
[2025-03-18T18:12:54.806+0000] {subprocess.py:106} INFO - [0m18:12:54  Concurrency: 4 threads (target='dev')
[2025-03-18T18:12:54.808+0000] {subprocess.py:106} INFO - [0m18:12:54
[2025-03-18T18:12:55.843+0000] {subprocess.py:106} INFO - [0m18:12:55  1 of 3 START sql table model transactional.clean_reviews ....................... [RUN]
[2025-03-18T18:12:55.868+0000] {subprocess.py:106} INFO - [0m18:12:55  2 of 3 START sql table model transactional.my_first_dbt_model .................. [RUN]
[2025-03-18T18:12:57.599+0000] {subprocess.py:106} INFO - [0m18:12:57  2 of 3 OK created sql table model transactional.my_first_dbt_model ............. [[32mSELECT 2[0m in 1.72s]
[2025-03-18T18:12:57.614+0000] {subprocess.py:106} INFO - [0m18:12:57  3 of 3 START sql view model transactional.my_second_dbt_model .................. [RUN]
[2025-03-18T18:12:58.205+0000] {subprocess.py:106} INFO - [0m18:12:58  3 of 3 OK created sql view model transactional.my_second_dbt_model ............. [[32mCREATE VIEW[0m in 0.59s]
[2025-03-18T18:13:00.267+0000] {subprocess.py:106} INFO - [0m18:13:00  1 of 3 OK created sql table model transactional.clean_reviews .................. [[32mSELECT 549[0m in 4.42s]
[2025-03-18T18:13:00.402+0000] {subprocess.py:106} INFO - [0m18:13:00
[2025-03-18T18:13:00.410+0000] {subprocess.py:106} INFO - [0m18:13:00  Finished running 2 table models, 1 view model in 0 hours 0 minutes and 5.59 seconds (5.59s).
[2025-03-18T18:13:00.845+0000] {subprocess.py:106} INFO - [0m18:13:00
[2025-03-18T18:13:00.848+0000] {subprocess.py:106} INFO - [0m18:13:00  [32mCompleted successfully[0m
[2025-03-18T18:13:00.850+0000] {subprocess.py:106} INFO - [0m18:13:00
[2025-03-18T18:13:00.853+0000] {subprocess.py:106} INFO - [0m18:13:00  Done. PASS=3 WARN=0 ERROR=0 SKIP=0 TOTAL=3
[2025-03-18T18:13:03.671+0000] {subprocess.py:110} INFO - Command exited with return code 0
[2025-03-18T18:13:03.977+0000] {taskinstance.py:341} INFO - ::group::Post task execution logs
[2025-03-18T18:13:03.978+0000] {taskinstance.py:353} INFO - Marking task as SUCCESS. dag_id=load_dbt_clean_reviews_pipeline, task_id=dbt_run, run_id=scheduled__2024-05-20T00:00:00+00:00, execution_date=20240520T000000, start_date=20250318T181228, end_date=20250318T181303
[2025-03-18T18:13:04.231+0000] {logging_mixin.py:190} INFO - Task instance in success state
[2025-03-18T18:13:04.235+0000] {logging_mixin.py:190} INFO -  Previous state of the Task instance: running
[2025-03-18T18:13:04.237+0000] {logging_mixin.py:190} INFO - Dag name:load_dbt_clean_reviews_pipeline queued_at:2025-03-18 18:12:25.610925+00:00
[2025-03-18T18:13:04.238+0000] {logging_mixin.py:190} INFO - Task hostname:DESKTOP-IM7V4RI. operator:BashOperator
[2025-03-18T18:13:04.299+0000] {local_task_job_runner.py:266} INFO - Task exited with return code 0
[2025-03-18T18:13:04.426+0000] {taskinstance.py:3901} INFO - 0 downstream tasks scheduled from follow-on schedule check
[2025-03-18T18:13:04.459+0000] {local_task_job_runner.py:245} INFO - ::endgroup::
