[2025-03-17T00:47:27.127+0000] {local_task_job_runner.py:123} INFO - ::group::Pre task execution logs
[2025-03-17T00:47:27.664+0000] {taskinstance.py:2614} INFO - Dependencies all met for dep_context=non-requeueable deps ti=<TaskInstance: load_reviews_pipeline.dbt_run scheduled__2024-07-28T00:00:00+00:00 [queued]>
[2025-03-17T00:47:27.759+0000] {taskinstance.py:2614} INFO - Dependencies all met for dep_context=requeueable deps ti=<TaskInstance: load_reviews_pipeline.dbt_run scheduled__2024-07-28T00:00:00+00:00 [queued]>
[2025-03-17T00:47:27.760+0000] {taskinstance.py:2867} INFO - Starting attempt 1 of 2
[2025-03-17T00:47:29.225+0000] {taskinstance.py:2890} INFO - Executing <Task(BashOperator): dbt_run> on 2024-07-28 00:00:00+00:00
[2025-03-17T00:47:29.287+0000] {standard_task_runner.py:72} INFO - Started process 283646 to run task
[2025-03-17T00:47:29.407+0000] {standard_task_runner.py:104} INFO - Running: ['airflow', 'tasks', 'run', 'load_reviews_pipeline', 'dbt_run', 'scheduled__2024-07-28T00:00:00+00:00', '--job-id', '350', '--raw', '--subdir', 'DAGS_FOLDER/dag_load_reviews.py', '--cfg-path', '/tmp/tmp8h0vqx_q']
[2025-03-17T00:47:29.409+0000] {standard_task_runner.py:105} INFO - Job 350: Subtask dbt_run
[2025-03-17T00:47:30.260+0000] {task_command.py:467} INFO - Running <TaskInstance: load_reviews_pipeline.dbt_run scheduled__2024-07-28T00:00:00+00:00 [running]> on host DESKTOP-IM7V4RI.
[2025-03-17T00:47:32.307+0000] {taskinstance.py:3134} INFO - Exporting env vars: AIRFLOW_CTX_DAG_OWNER='mohammed' AIRFLOW_CTX_DAG_ID='load_reviews_pipeline' AIRFLOW_CTX_TASK_ID='dbt_run' AIRFLOW_CTX_EXECUTION_DATE='2024-07-28T00:00:00+00:00' AIRFLOW_CTX_TRY_NUMBER='1' AIRFLOW_CTX_DAG_RUN_ID='scheduled__2024-07-28T00:00:00+00:00'
[2025-03-17T00:47:32.321+0000] {logging_mixin.py:190} INFO - Task instance is in running state
[2025-03-17T00:47:32.322+0000] {logging_mixin.py:190} INFO -  Previous state of the Task instance: queued
[2025-03-17T00:47:32.323+0000] {logging_mixin.py:190} INFO - Current task name:dbt_run state:running start_date:2025-03-17 00:47:27.665554+00:00
[2025-03-17T00:47:32.325+0000] {logging_mixin.py:190} INFO - Dag name:load_reviews_pipeline and current dag run status:running
[2025-03-17T00:47:32.356+0000] {taskinstance.py:732} INFO - ::endgroup::
[2025-03-17T00:47:32.363+0000] {subprocess.py:78} INFO - Tmp dir root location: /tmp
[2025-03-17T00:47:32.366+0000] {subprocess.py:88} INFO - Running command: ['/usr/bin/bash', '-c', 'cd /home/mohammed/.dbt/bank_reviews_project && dbt run']
[2025-03-17T00:47:32.561+0000] {subprocess.py:99} INFO - Output:
[2025-03-17T00:48:05.548+0000] {subprocess.py:106} INFO - [0m00:48:05  Running with dbt=1.9.3
[2025-03-17T00:48:13.098+0000] {subprocess.py:106} INFO - [0m00:48:13  Registered adapter: postgres=1.9.0
[2025-03-17T00:48:22.727+0000] {subprocess.py:106} INFO - [0m00:48:22  Found 11 models, 4 data tests, 2 sources, 433 macros
[2025-03-17T00:48:22.749+0000] {subprocess.py:106} INFO - [0m00:48:22
[2025-03-17T00:48:22.751+0000] {subprocess.py:106} INFO - [0m00:48:22  Concurrency: 4 threads (target='dev')
[2025-03-17T00:48:22.756+0000] {subprocess.py:106} INFO - [0m00:48:22
[2025-03-17T00:48:23.871+0000] {subprocess.py:106} INFO - [0m00:48:23  1 of 10 START sql view model public.clean_reviews .............................. [RUN]
[2025-03-17T00:48:23.911+0000] {subprocess.py:106} INFO - [0m00:48:23  2 of 10 START sql table model public.my_first_dbt_model ........................ [RUN]
[2025-03-17T00:48:23.943+0000] {subprocess.py:106} INFO - [0m00:48:23  4 of 10 START sql view model public.stg_clean_reviews .......................... [RUN]
[2025-03-17T00:48:23.963+0000] {subprocess.py:106} INFO - [0m00:48:23  3 of 10 START sql view model public.remove_duplicates .......................... [RUN]
[2025-03-17T00:48:27.102+0000] {subprocess.py:106} INFO - [0m00:48:27  4 of 10 ERROR creating sql view model public.stg_clean_reviews ................. [[31mERROR[0m in 3.13s]
[2025-03-17T00:48:27.236+0000] {subprocess.py:106} INFO - [0m00:48:27  5 of 10 SKIP relation public.dim_bank .......................................... [[33mSKIP[0m]
[2025-03-17T00:48:27.369+0000] {subprocess.py:106} INFO - [0m00:48:27  6 of 10 SKIP relation public.dim_location ...................................... [[33mSKIP[0m]
[2025-03-17T00:48:27.405+0000] {subprocess.py:106} INFO - [0m00:48:27  1 of 10 ERROR creating sql view model public.clean_reviews ..................... [[31mERROR[0m in 3.46s]
[2025-03-17T00:48:27.427+0000] {subprocess.py:106} INFO - [0m00:48:27  2 of 10 ERROR creating sql table model public.my_first_dbt_model ............... [[31mERROR[0m in 3.50s]
[2025-03-17T00:48:27.468+0000] {subprocess.py:106} INFO - [0m00:48:27  8 of 10 SKIP relation public.dwh_model ......................................... [[33mSKIP[0m]
[2025-03-17T00:48:27.483+0000] {subprocess.py:106} INFO - [0m00:48:27  7 of 10 SKIP relation public.dim_sentiment ..................................... [[33mSKIP[0m]
[2025-03-17T00:48:27.508+0000] {subprocess.py:106} INFO - [0m00:48:27  9 of 10 SKIP relation public.my_second_dbt_model ............................... [[33mSKIP[0m]
[2025-03-17T00:48:27.629+0000] {subprocess.py:106} INFO - [0m00:48:27  10 of 10 SKIP relation public.fact_reviews ..................................... [[33mSKIP[0m]
[2025-03-17T00:48:28.172+0000] {subprocess.py:106} INFO - [0m00:48:28  3 of 10 OK created sql view model public.remove_duplicates ..................... [[32mCREATE VIEW[0m in 4.17s]
[2025-03-17T00:48:28.520+0000] {subprocess.py:106} INFO - [0m00:48:28
[2025-03-17T00:48:28.551+0000] {subprocess.py:106} INFO - [0m00:48:28  Finished running 1 table model, 9 view models in 0 hours 0 minutes and 5.76 seconds (5.76s).
[2025-03-17T00:48:29.221+0000] {subprocess.py:106} INFO - [0m00:48:29
[2025-03-17T00:48:29.224+0000] {subprocess.py:106} INFO - [0m00:48:29  [31mCompleted with 3 errors, 0 partial successes, and 0 warnings:[0m
[2025-03-17T00:48:29.237+0000] {subprocess.py:106} INFO - [0m00:48:29
[2025-03-17T00:48:29.240+0000] {subprocess.py:106} INFO - [0m00:48:29    Database Error in model stg_clean_reviews (models/stg_clean_reviews.sql)
[2025-03-17T00:48:29.269+0000] {subprocess.py:106} INFO -   relation "stg_clean_reviews__dbt_backup" already exists
[2025-03-17T00:48:29.270+0000] {subprocess.py:106} INFO -   compiled code at target/run/bank_reviews_project/models/stg_clean_reviews.sql
[2025-03-17T00:48:29.271+0000] {subprocess.py:106} INFO - [0m00:48:29
[2025-03-17T00:48:29.282+0000] {subprocess.py:106} INFO - [0m00:48:29    Database Error in model clean_reviews (models/clean_reviews.sql)
[2025-03-17T00:48:29.283+0000] {subprocess.py:106} INFO -   relation "clean_reviews__dbt_backup" already exists
[2025-03-17T00:48:29.283+0000] {subprocess.py:106} INFO -   compiled code at target/run/bank_reviews_project/models/clean_reviews.sql
[2025-03-17T00:48:29.284+0000] {subprocess.py:106} INFO - [0m00:48:29
[2025-03-17T00:48:29.302+0000] {subprocess.py:106} INFO - [0m00:48:29    Database Error in model my_first_dbt_model (models/example/my_first_dbt_model.sql)
[2025-03-17T00:48:29.303+0000] {subprocess.py:106} INFO -   relation "my_first_dbt_model__dbt_backup" already exists
[2025-03-17T00:48:29.303+0000] {subprocess.py:106} INFO -   compiled code at target/run/bank_reviews_project/models/example/my_first_dbt_model.sql
[2025-03-17T00:48:29.304+0000] {subprocess.py:106} INFO - [0m00:48:29
[2025-03-17T00:48:29.304+0000] {subprocess.py:106} INFO - [0m00:48:29  Done. PASS=1 WARN=0 ERROR=3 SKIP=6 TOTAL=10
[2025-03-17T00:48:34.120+0000] {subprocess.py:110} INFO - Command exited with return code 1
[2025-03-17T00:48:34.893+0000] {taskinstance.py:3313} ERROR - Task failed with exception
Traceback (most recent call last):
  File "/home/mohammed/venv/lib/python3.11/site-packages/airflow/models/taskinstance.py", line 768, in _execute_task
    result = _execute_callable(context=context, **execute_callable_kwargs)
             ^^^^^^^^^^^^^^^^^^^^^^^^^^^^^^^^^^^^^^^^^^^^^^^^^^^^^^^^^^^^^
  File "/home/mohammed/venv/lib/python3.11/site-packages/airflow/models/taskinstance.py", line 734, in _execute_callable
    return ExecutionCallableRunner(
           ^^^^^^^^^^^^^^^^^^^^^^^^
  File "/home/mohammed/venv/lib/python3.11/site-packages/airflow/utils/operator_helpers.py", line 252, in run
    return self.func(*args, **kwargs)
           ^^^^^^^^^^^^^^^^^^^^^^^^^^
  File "/home/mohammed/venv/lib/python3.11/site-packages/airflow/models/baseoperator.py", line 424, in wrapper
    return func(self, *args, **kwargs)
           ^^^^^^^^^^^^^^^^^^^^^^^^^^^
  File "/home/mohammed/venv/lib/python3.11/site-packages/airflow/operators/bash.py", line 276, in execute
    raise AirflowException(
airflow.exceptions.AirflowException: Bash command failed. The command returned a non-zero exit code 1.
[2025-03-17T00:48:35.120+0000] {logging_mixin.py:190} INFO - Task instance in failure state
[2025-03-17T00:48:35.121+0000] {logging_mixin.py:190} INFO - Task start:2025-03-17 00:47:27.665554+00:00 end:2025-03-17 00:48:35.060659+00:00 duration:67.395105
[2025-03-17T00:48:35.126+0000] {logging_mixin.py:190} INFO - Task:<Task(BashOperator): dbt_run> dag:<DAG: load_reviews_pipeline> dagrun:<DagRun load_reviews_pipeline @ 2024-07-28 00:00:00+00:00: scheduled__2024-07-28T00:00:00+00:00, state:running, queued_at: 2025-03-17 00:47:14.012841+00:00. externally triggered: False>
[2025-03-17T00:48:35.127+0000] {logging_mixin.py:190} INFO - Failure caused by Bash command failed. The command returned a non-zero exit code 1.
[2025-03-17T00:48:35.129+0000] {taskinstance.py:1226} INFO - Marking task as UP_FOR_RETRY. dag_id=load_reviews_pipeline, task_id=dbt_run, run_id=scheduled__2024-07-28T00:00:00+00:00, execution_date=20240728T000000, start_date=20250317T004727, end_date=20250317T004835
[2025-03-17T00:48:35.947+0000] {taskinstance.py:341} INFO - ::group::Post task execution logs
[2025-03-17T00:48:35.994+0000] {standard_task_runner.py:124} ERROR - Failed to execute job 350 for task dbt_run (Bash command failed. The command returned a non-zero exit code 1.; 283646)
Traceback (most recent call last):
  File "/home/mohammed/venv/lib/python3.11/site-packages/airflow/task/task_runner/standard_task_runner.py", line 117, in _start_by_fork
    ret = args.func(args, dag=self.dag)
          ^^^^^^^^^^^^^^^^^^^^^^^^^^^^^
  File "/home/mohammed/venv/lib/python3.11/site-packages/airflow/cli/cli_config.py", line 49, in command
    return func(*args, **kwargs)
           ^^^^^^^^^^^^^^^^^^^^^
  File "/home/mohammed/venv/lib/python3.11/site-packages/airflow/utils/cli.py", line 116, in wrapper
    return f(*args, **kwargs)
           ^^^^^^^^^^^^^^^^^^
  File "/home/mohammed/venv/lib/python3.11/site-packages/airflow/cli/commands/task_command.py", line 483, in task_run
    task_return_code = _run_task_by_selected_method(args, _dag, ti)
                       ^^^^^^^^^^^^^^^^^^^^^^^^^^^^^^^^^^^^^^^^^^^^
  File "/home/mohammed/venv/lib/python3.11/site-packages/airflow/cli/commands/task_command.py", line 256, in _run_task_by_selected_method
    return _run_raw_task(args, ti)
           ^^^^^^^^^^^^^^^^^^^^^^^
  File "/home/mohammed/venv/lib/python3.11/site-packages/airflow/cli/commands/task_command.py", line 341, in _run_raw_task
    return ti._run_raw_task(
           ^^^^^^^^^^^^^^^^^
  File "/home/mohammed/venv/lib/python3.11/site-packages/airflow/utils/session.py", line 97, in wrapper
    return func(*args, session=session, **kwargs)
           ^^^^^^^^^^^^^^^^^^^^^^^^^^^^^^^^^^^^^^
  File "/home/mohammed/venv/lib/python3.11/site-packages/airflow/models/taskinstance.py", line 3006, in _run_raw_task
    return _run_raw_task(
           ^^^^^^^^^^^^^^
  File "/home/mohammed/venv/lib/python3.11/site-packages/airflow/models/taskinstance.py", line 274, in _run_raw_task
    TaskInstance._execute_task_with_callbacks(
  File "/home/mohammed/venv/lib/python3.11/site-packages/airflow/models/taskinstance.py", line 3161, in _execute_task_with_callbacks
    result = self._execute_task(context, task_orig)
             ^^^^^^^^^^^^^^^^^^^^^^^^^^^^^^^^^^^^^^
  File "/home/mohammed/venv/lib/python3.11/site-packages/airflow/models/taskinstance.py", line 3185, in _execute_task
    return _execute_task(self, context, task_orig)
           ^^^^^^^^^^^^^^^^^^^^^^^^^^^^^^^^^^^^^^^
  File "/home/mohammed/venv/lib/python3.11/site-packages/airflow/models/taskinstance.py", line 768, in _execute_task
    result = _execute_callable(context=context, **execute_callable_kwargs)
             ^^^^^^^^^^^^^^^^^^^^^^^^^^^^^^^^^^^^^^^^^^^^^^^^^^^^^^^^^^^^^
  File "/home/mohammed/venv/lib/python3.11/site-packages/airflow/models/taskinstance.py", line 734, in _execute_callable
    return ExecutionCallableRunner(
           ^^^^^^^^^^^^^^^^^^^^^^^^
  File "/home/mohammed/venv/lib/python3.11/site-packages/airflow/utils/operator_helpers.py", line 252, in run
    return self.func(*args, **kwargs)
           ^^^^^^^^^^^^^^^^^^^^^^^^^^
  File "/home/mohammed/venv/lib/python3.11/site-packages/airflow/models/baseoperator.py", line 424, in wrapper
    return func(self, *args, **kwargs)
           ^^^^^^^^^^^^^^^^^^^^^^^^^^^
  File "/home/mohammed/venv/lib/python3.11/site-packages/airflow/operators/bash.py", line 276, in execute
    raise AirflowException(
airflow.exceptions.AirflowException: Bash command failed. The command returned a non-zero exit code 1.
[2025-03-17T00:48:36.198+0000] {local_task_job_runner.py:266} INFO - Task exited with return code 1
[2025-03-17T00:48:36.632+0000] {local_task_job_runner.py:245} INFO - ::endgroup::
