[2025-03-13T21:53:53.412+0000] {local_task_job_runner.py:123} INFO - ::group::Pre task execution logs
[2025-03-13T21:53:53.583+0000] {taskinstance.py:2614} INFO - Dependencies all met for dep_context=non-requeueable deps ti=<TaskInstance: dag_load_data_dec_.generate_sales_commands scheduled__2025-03-13T20:01:00+00:00 [queued]>
[2025-03-13T21:53:53.644+0000] {taskinstance.py:2614} INFO - Dependencies all met for dep_context=requeueable deps ti=<TaskInstance: dag_load_data_dec_.generate_sales_commands scheduled__2025-03-13T20:01:00+00:00 [queued]>
[2025-03-13T21:53:53.644+0000] {taskinstance.py:2867} INFO - Starting attempt 1 of 1
[2025-03-13T21:53:53.793+0000] {taskinstance.py:2890} INFO - Executing <Task(PythonOperator): generate_sales_commands> on 2025-03-13 20:01:00+00:00
[2025-03-13T21:53:53.820+0000] {standard_task_runner.py:72} INFO - Started process 177903 to run task
[2025-03-13T21:53:53.848+0000] {standard_task_runner.py:104} INFO - Running: ['airflow', 'tasks', 'run', 'dag_load_data_dec_', 'generate_sales_commands', 'scheduled__2025-03-13T20:01:00+00:00', '--job-id', '153', '--raw', '--subdir', 'DAGS_FOLDER/dag_load_data_decesional.py', '--cfg-path', '/tmp/tmpd4xuw7qy']
[2025-03-13T21:53:53.851+0000] {standard_task_runner.py:105} INFO - Job 153: Subtask generate_sales_commands
[2025-03-13T21:53:54.165+0000] {task_command.py:467} INFO - Running <TaskInstance: dag_load_data_dec_.generate_sales_commands scheduled__2025-03-13T20:01:00+00:00 [running]> on host DESKTOP-IM7V4RI.
[2025-03-13T21:53:54.929+0000] {taskinstance.py:3134} INFO - Exporting env vars: AIRFLOW_CTX_DAG_OWNER='airflow' AIRFLOW_CTX_DAG_ID='dag_load_data_dec_' AIRFLOW_CTX_TASK_ID='generate_sales_commands' AIRFLOW_CTX_EXECUTION_DATE='2025-03-13T20:01:00+00:00' AIRFLOW_CTX_TRY_NUMBER='1' AIRFLOW_CTX_DAG_RUN_ID='scheduled__2025-03-13T20:01:00+00:00'
[2025-03-13T21:53:54.932+0000] {logging_mixin.py:190} INFO - Task instance is in running state
[2025-03-13T21:53:54.933+0000] {logging_mixin.py:190} INFO -  Previous state of the Task instance: queued
[2025-03-13T21:53:54.933+0000] {logging_mixin.py:190} INFO - Current task name:generate_sales_commands state:running start_date:2025-03-13 21:53:53.584821+00:00
[2025-03-13T21:53:54.934+0000] {logging_mixin.py:190} INFO - Dag name:dag_load_data_dec_ and current dag run status:running
[2025-03-13T21:53:54.934+0000] {taskinstance.py:732} INFO - ::endgroup::
[2025-03-13T21:53:54.937+0000] {logging_mixin.py:190} INFO - ++++ Inserting num_sales=4 new records ++++
[2025-03-13T21:53:54.980+0000] {base.py:84} INFO - Retrieving connection 'transactional_db_conn'
[2025-03-13T21:53:55.045+0000] {sql.py:624} INFO - Running statement: INSERT INTO sales (customer_id, product_id, employee_id, quantity, sale_date, discount, total_amount) VALUES (%s, %s, %s, %s, %s, %s, %s), parameters: (244, 39, 2, 2, datetime.datetime(2025, 3, 13, 21, 53, 47, 937682), 0.16, 168.0)
[2025-03-13T21:53:57.976+0000] {sql.py:633} INFO - Rows affected: 1
[2025-03-13T21:53:58.067+0000] {sql.py:624} INFO - Running statement: INSERT INTO sales (customer_id, product_id, employee_id, quantity, sale_date, discount, total_amount) VALUES (%s, %s, %s, %s, %s, %s, %s), parameters: (232, 36, 1, 3, datetime.datetime(2025, 3, 13, 21, 53, 54, 986547), 0.04, 288.0)
[2025-03-13T21:53:58.092+0000] {sql.py:633} INFO - Rows affected: 1
[2025-03-13T21:53:58.217+0000] {sql.py:624} INFO - Running statement: INSERT INTO sales (customer_id, product_id, employee_id, quantity, sale_date, discount, total_amount) VALUES (%s, %s, %s, %s, %s, %s, %s), parameters: (291, 37, 2, 5, datetime.datetime(2025, 3, 13, 21, 53, 55, 127065), 0.2, 400.0)
[2025-03-13T21:53:58.228+0000] {sql.py:633} INFO - Rows affected: 1
[2025-03-13T21:53:58.291+0000] {sql.py:624} INFO - Running statement: INSERT INTO sales (customer_id, product_id, employee_id, quantity, sale_date, discount, total_amount) VALUES (%s, %s, %s, %s, %s, %s, %s), parameters: (132, 20, 1, 2, datetime.datetime(2025, 3, 13, 21, 53, 54, 245383), 0.08, 184.0)
[2025-03-13T21:53:58.323+0000] {sql.py:633} INFO - Rows affected: 1
[2025-03-13T21:53:58.353+0000] {python.py:240} INFO - Done. Returned value was: None
[2025-03-13T21:53:58.417+0000] {taskinstance.py:341} INFO - ::group::Post task execution logs
[2025-03-13T21:53:58.419+0000] {taskinstance.py:353} INFO - Marking task as SUCCESS. dag_id=dag_load_data_dec_, task_id=generate_sales_commands, run_id=scheduled__2025-03-13T20:01:00+00:00, execution_date=20250313T200100, start_date=20250313T215353, end_date=20250313T215358
[2025-03-13T21:53:58.628+0000] {logging_mixin.py:190} INFO - Task instance in success state
[2025-03-13T21:53:58.630+0000] {logging_mixin.py:190} INFO -  Previous state of the Task instance: running
[2025-03-13T21:53:58.631+0000] {logging_mixin.py:190} INFO - Dag name:dag_load_data_dec_ queued_at:2025-03-13 21:53:48.751743+00:00
[2025-03-13T21:53:58.632+0000] {logging_mixin.py:190} INFO - Task hostname:DESKTOP-IM7V4RI. operator:PythonOperator
[2025-03-13T21:53:58.677+0000] {local_task_job_runner.py:266} INFO - Task exited with return code 0
[2025-03-13T21:53:58.778+0000] {taskinstance.py:3901} INFO - 0 downstream tasks scheduled from follow-on schedule check
[2025-03-13T21:53:58.791+0000] {local_task_job_runner.py:245} INFO - ::endgroup::
