[2025-06-19T14:13:10.730+0000] {processor.py:186} INFO - Started process (PID=114) to work on /home/airflow/.local/lib/python3.12/site-packages/airflow/example_dags/example_inlet_event_extra.py
[2025-06-19T14:13:10.732+0000] {processor.py:914} INFO - Processing file /home/airflow/.local/lib/python3.12/site-packages/airflow/example_dags/example_inlet_event_extra.py for tasks to queue
[2025-06-19T14:13:10.736+0000] {logging_mixin.py:190} INFO - [2025-06-19T14:13:10.735+0000] {dagbag.py:588} INFO - Filling up the DagBag from /home/airflow/.local/lib/python3.12/site-packages/airflow/example_dags/example_inlet_event_extra.py
[2025-06-19T14:13:15.225+0000] {processor.py:925} INFO - DAG(s) 'read_dataset_event', 'read_dataset_event_from_classic' retrieved from /home/airflow/.local/lib/python3.12/site-packages/airflow/example_dags/example_inlet_event_extra.py
[2025-06-19T14:13:15.310+0000] {logging_mixin.py:190} INFO - [2025-06-19T14:13:15.309+0000] {dag.py:3239} INFO - Sync 2 DAGs
[2025-06-19T14:13:15.392+0000] {logging_mixin.py:190} INFO - [2025-06-19T14:13:15.391+0000] {dag.py:4180} INFO - Setting next_dagrun for read_dataset_event to 2025-06-18 00:00:00+00:00, run_after=2025-06-19 00:00:00+00:00
[2025-06-19T14:13:15.418+0000] {logging_mixin.py:190} INFO - [2025-06-19T14:13:15.417+0000] {dag.py:4180} INFO - Setting next_dagrun for read_dataset_event_from_classic to 2025-06-18 00:00:00+00:00, run_after=2025-06-19 00:00:00+00:00
[2025-06-19T14:13:15.479+0000] {processor.py:208} INFO - Processing /home/airflow/.local/lib/python3.12/site-packages/airflow/example_dags/example_inlet_event_extra.py took 4.771 seconds
[2025-06-19T14:13:45.708+0000] {processor.py:186} INFO - Started process (PID=180) to work on /home/airflow/.local/lib/python3.12/site-packages/airflow/example_dags/example_inlet_event_extra.py
[2025-06-19T14:13:45.710+0000] {processor.py:914} INFO - Processing file /home/airflow/.local/lib/python3.12/site-packages/airflow/example_dags/example_inlet_event_extra.py for tasks to queue
[2025-06-19T14:13:45.712+0000] {logging_mixin.py:190} INFO - [2025-06-19T14:13:45.712+0000] {dagbag.py:588} INFO - Filling up the DagBag from /home/airflow/.local/lib/python3.12/site-packages/airflow/example_dags/example_inlet_event_extra.py
[2025-06-19T14:13:46.876+0000] {processor.py:925} INFO - DAG(s) 'read_dataset_event_from_classic', 'read_dataset_event' retrieved from /home/airflow/.local/lib/python3.12/site-packages/airflow/example_dags/example_inlet_event_extra.py
[2025-06-19T14:13:46.915+0000] {logging_mixin.py:190} INFO - [2025-06-19T14:13:46.914+0000] {dag.py:3239} INFO - Sync 2 DAGs
[2025-06-19T14:13:46.965+0000] {logging_mixin.py:190} INFO - [2025-06-19T14:13:46.964+0000] {dag.py:4180} INFO - Setting next_dagrun for read_dataset_event to 2025-06-18 00:00:00+00:00, run_after=2025-06-19 00:00:00+00:00
[2025-06-19T14:13:46.977+0000] {logging_mixin.py:190} INFO - [2025-06-19T14:13:46.977+0000] {dag.py:4180} INFO - Setting next_dagrun for read_dataset_event_from_classic to 2025-06-18 00:00:00+00:00, run_after=2025-06-19 00:00:00+00:00
[2025-06-19T14:13:47.018+0000] {processor.py:208} INFO - Processing /home/airflow/.local/lib/python3.12/site-packages/airflow/example_dags/example_inlet_event_extra.py took 1.319 seconds
[2025-06-19T14:14:18.650+0000] {processor.py:186} INFO - Started process (PID=243) to work on /home/airflow/.local/lib/python3.12/site-packages/airflow/example_dags/example_inlet_event_extra.py
[2025-06-19T14:14:18.652+0000] {processor.py:914} INFO - Processing file /home/airflow/.local/lib/python3.12/site-packages/airflow/example_dags/example_inlet_event_extra.py for tasks to queue
[2025-06-19T14:14:18.657+0000] {logging_mixin.py:190} INFO - [2025-06-19T14:14:18.656+0000] {dagbag.py:588} INFO - Filling up the DagBag from /home/airflow/.local/lib/python3.12/site-packages/airflow/example_dags/example_inlet_event_extra.py
[2025-06-19T14:14:20.385+0000] {processor.py:925} INFO - DAG(s) 'read_dataset_event', 'read_dataset_event_from_classic' retrieved from /home/airflow/.local/lib/python3.12/site-packages/airflow/example_dags/example_inlet_event_extra.py
[2025-06-19T14:14:20.453+0000] {logging_mixin.py:190} INFO - [2025-06-19T14:14:20.453+0000] {dag.py:3239} INFO - Sync 2 DAGs
[2025-06-19T14:14:20.531+0000] {logging_mixin.py:190} INFO - [2025-06-19T14:14:20.531+0000] {dag.py:4180} INFO - Setting next_dagrun for read_dataset_event to 2025-06-18 00:00:00+00:00, run_after=2025-06-19 00:00:00+00:00
[2025-06-19T14:14:20.546+0000] {logging_mixin.py:190} INFO - [2025-06-19T14:14:20.545+0000] {dag.py:4180} INFO - Setting next_dagrun for read_dataset_event_from_classic to 2025-06-18 00:00:00+00:00, run_after=2025-06-19 00:00:00+00:00
[2025-06-19T14:14:20.777+0000] {processor.py:208} INFO - Processing /home/airflow/.local/lib/python3.12/site-packages/airflow/example_dags/example_inlet_event_extra.py took 2.142 seconds
[2025-06-19T14:14:51.992+0000] {processor.py:186} INFO - Started process (PID=309) to work on /home/airflow/.local/lib/python3.12/site-packages/airflow/example_dags/example_inlet_event_extra.py
[2025-06-19T14:14:52.040+0000] {processor.py:914} INFO - Processing file /home/airflow/.local/lib/python3.12/site-packages/airflow/example_dags/example_inlet_event_extra.py for tasks to queue
[2025-06-19T14:14:52.043+0000] {logging_mixin.py:190} INFO - [2025-06-19T14:14:52.042+0000] {dagbag.py:588} INFO - Filling up the DagBag from /home/airflow/.local/lib/python3.12/site-packages/airflow/example_dags/example_inlet_event_extra.py
[2025-06-19T14:14:52.957+0000] {processor.py:925} INFO - DAG(s) 'read_dataset_event', 'read_dataset_event_from_classic' retrieved from /home/airflow/.local/lib/python3.12/site-packages/airflow/example_dags/example_inlet_event_extra.py
[2025-06-19T14:14:52.987+0000] {logging_mixin.py:190} INFO - [2025-06-19T14:14:52.987+0000] {dag.py:3239} INFO - Sync 2 DAGs
[2025-06-19T14:14:53.021+0000] {logging_mixin.py:190} INFO - [2025-06-19T14:14:53.020+0000] {dag.py:4180} INFO - Setting next_dagrun for read_dataset_event to 2025-06-18 00:00:00+00:00, run_after=2025-06-19 00:00:00+00:00
[2025-06-19T14:14:53.029+0000] {logging_mixin.py:190} INFO - [2025-06-19T14:14:53.029+0000] {dag.py:4180} INFO - Setting next_dagrun for read_dataset_event_from_classic to 2025-06-18 00:00:00+00:00, run_after=2025-06-19 00:00:00+00:00
[2025-06-19T14:14:53.211+0000] {processor.py:208} INFO - Processing /home/airflow/.local/lib/python3.12/site-packages/airflow/example_dags/example_inlet_event_extra.py took 1.231 seconds
[2025-06-19T14:15:23.576+0000] {processor.py:186} INFO - Started process (PID=373) to work on /home/airflow/.local/lib/python3.12/site-packages/airflow/example_dags/example_inlet_event_extra.py
[2025-06-19T14:15:23.577+0000] {processor.py:914} INFO - Processing file /home/airflow/.local/lib/python3.12/site-packages/airflow/example_dags/example_inlet_event_extra.py for tasks to queue
[2025-06-19T14:15:23.581+0000] {logging_mixin.py:190} INFO - [2025-06-19T14:15:23.580+0000] {dagbag.py:588} INFO - Filling up the DagBag from /home/airflow/.local/lib/python3.12/site-packages/airflow/example_dags/example_inlet_event_extra.py
[2025-06-19T14:15:24.732+0000] {processor.py:925} INFO - DAG(s) 'read_dataset_event', 'read_dataset_event_from_classic' retrieved from /home/airflow/.local/lib/python3.12/site-packages/airflow/example_dags/example_inlet_event_extra.py
[2025-06-19T14:15:24.769+0000] {logging_mixin.py:190} INFO - [2025-06-19T14:15:24.768+0000] {dag.py:3239} INFO - Sync 2 DAGs
[2025-06-19T14:15:24.817+0000] {logging_mixin.py:190} INFO - [2025-06-19T14:15:24.817+0000] {dag.py:4180} INFO - Setting next_dagrun for read_dataset_event to 2025-06-18 00:00:00+00:00, run_after=2025-06-19 00:00:00+00:00
[2025-06-19T14:15:24.829+0000] {logging_mixin.py:190} INFO - [2025-06-19T14:15:24.829+0000] {dag.py:4180} INFO - Setting next_dagrun for read_dataset_event_from_classic to 2025-06-18 00:00:00+00:00, run_after=2025-06-19 00:00:00+00:00
[2025-06-19T14:15:24.874+0000] {processor.py:208} INFO - Processing /home/airflow/.local/lib/python3.12/site-packages/airflow/example_dags/example_inlet_event_extra.py took 1.311 seconds
[2025-06-19T14:15:55.526+0000] {processor.py:186} INFO - Started process (PID=437) to work on /home/airflow/.local/lib/python3.12/site-packages/airflow/example_dags/example_inlet_event_extra.py
[2025-06-19T14:15:55.527+0000] {processor.py:914} INFO - Processing file /home/airflow/.local/lib/python3.12/site-packages/airflow/example_dags/example_inlet_event_extra.py for tasks to queue
[2025-06-19T14:15:55.530+0000] {logging_mixin.py:190} INFO - [2025-06-19T14:15:55.529+0000] {dagbag.py:588} INFO - Filling up the DagBag from /home/airflow/.local/lib/python3.12/site-packages/airflow/example_dags/example_inlet_event_extra.py
[2025-06-19T14:15:57.330+0000] {processor.py:925} INFO - DAG(s) 'read_dataset_event_from_classic', 'read_dataset_event' retrieved from /home/airflow/.local/lib/python3.12/site-packages/airflow/example_dags/example_inlet_event_extra.py
[2025-06-19T14:15:57.380+0000] {logging_mixin.py:190} INFO - [2025-06-19T14:15:57.380+0000] {dag.py:3239} INFO - Sync 2 DAGs
[2025-06-19T14:15:57.443+0000] {logging_mixin.py:190} INFO - [2025-06-19T14:15:57.443+0000] {dag.py:4180} INFO - Setting next_dagrun for read_dataset_event to 2025-06-18 00:00:00+00:00, run_after=2025-06-19 00:00:00+00:00
[2025-06-19T14:15:57.458+0000] {logging_mixin.py:190} INFO - [2025-06-19T14:15:57.458+0000] {dag.py:4180} INFO - Setting next_dagrun for read_dataset_event_from_classic to 2025-06-18 00:00:00+00:00, run_after=2025-06-19 00:00:00+00:00
[2025-06-19T14:15:57.501+0000] {processor.py:208} INFO - Processing /home/airflow/.local/lib/python3.12/site-packages/airflow/example_dags/example_inlet_event_extra.py took 1.991 seconds
[2025-06-19T14:19:09.007+0000] {processor.py:186} INFO - Started process (PID=105) to work on /home/airflow/.local/lib/python3.12/site-packages/airflow/example_dags/example_inlet_event_extra.py
[2025-06-19T14:19:09.009+0000] {processor.py:914} INFO - Processing file /home/airflow/.local/lib/python3.12/site-packages/airflow/example_dags/example_inlet_event_extra.py for tasks to queue
[2025-06-19T14:19:09.012+0000] {logging_mixin.py:190} INFO - [2025-06-19T14:19:09.011+0000] {dagbag.py:588} INFO - Filling up the DagBag from /home/airflow/.local/lib/python3.12/site-packages/airflow/example_dags/example_inlet_event_extra.py
[2025-06-19T14:19:11.162+0000] {processor.py:925} INFO - DAG(s) 'read_dataset_event_from_classic', 'read_dataset_event' retrieved from /home/airflow/.local/lib/python3.12/site-packages/airflow/example_dags/example_inlet_event_extra.py
[2025-06-19T14:19:11.519+0000] {logging_mixin.py:190} INFO - [2025-06-19T14:19:11.519+0000] {dag.py:3239} INFO - Sync 2 DAGs
[2025-06-19T14:19:11.719+0000] {logging_mixin.py:190} INFO - [2025-06-19T14:19:11.718+0000] {dag.py:4180} INFO - Setting next_dagrun for read_dataset_event to 2025-06-18 00:00:00+00:00, run_after=2025-06-19 00:00:00+00:00
[2025-06-19T14:19:11.740+0000] {logging_mixin.py:190} INFO - [2025-06-19T14:19:11.740+0000] {dag.py:4180} INFO - Setting next_dagrun for read_dataset_event_from_classic to 2025-06-18 00:00:00+00:00, run_after=2025-06-19 00:00:00+00:00
[2025-06-19T14:19:11.857+0000] {processor.py:208} INFO - Processing /home/airflow/.local/lib/python3.12/site-packages/airflow/example_dags/example_inlet_event_extra.py took 2.860 seconds
[2025-06-19T14:19:42.101+0000] {processor.py:186} INFO - Started process (PID=176) to work on /home/airflow/.local/lib/python3.12/site-packages/airflow/example_dags/example_inlet_event_extra.py
[2025-06-19T14:19:42.102+0000] {processor.py:914} INFO - Processing file /home/airflow/.local/lib/python3.12/site-packages/airflow/example_dags/example_inlet_event_extra.py for tasks to queue
[2025-06-19T14:19:42.107+0000] {logging_mixin.py:190} INFO - [2025-06-19T14:19:42.105+0000] {dagbag.py:588} INFO - Filling up the DagBag from /home/airflow/.local/lib/python3.12/site-packages/airflow/example_dags/example_inlet_event_extra.py
[2025-06-19T14:19:43.636+0000] {processor.py:925} INFO - DAG(s) 'read_dataset_event', 'read_dataset_event_from_classic' retrieved from /home/airflow/.local/lib/python3.12/site-packages/airflow/example_dags/example_inlet_event_extra.py
[2025-06-19T14:19:43.667+0000] {logging_mixin.py:190} INFO - [2025-06-19T14:19:43.667+0000] {dag.py:3239} INFO - Sync 2 DAGs
[2025-06-19T14:19:43.716+0000] {logging_mixin.py:190} INFO - [2025-06-19T14:19:43.715+0000] {dag.py:4180} INFO - Setting next_dagrun for read_dataset_event to 2025-06-18 00:00:00+00:00, run_after=2025-06-19 00:00:00+00:00
[2025-06-19T14:19:43.727+0000] {logging_mixin.py:190} INFO - [2025-06-19T14:19:43.726+0000] {dag.py:4180} INFO - Setting next_dagrun for read_dataset_event_from_classic to 2025-06-18 00:00:00+00:00, run_after=2025-06-19 00:00:00+00:00
[2025-06-19T14:19:43.759+0000] {processor.py:208} INFO - Processing /home/airflow/.local/lib/python3.12/site-packages/airflow/example_dags/example_inlet_event_extra.py took 1.673 seconds
[2025-06-19T14:20:13.905+0000] {processor.py:186} INFO - Started process (PID=248) to work on /home/airflow/.local/lib/python3.12/site-packages/airflow/example_dags/example_inlet_event_extra.py
[2025-06-19T14:20:13.908+0000] {processor.py:914} INFO - Processing file /home/airflow/.local/lib/python3.12/site-packages/airflow/example_dags/example_inlet_event_extra.py for tasks to queue
[2025-06-19T14:20:13.911+0000] {logging_mixin.py:190} INFO - [2025-06-19T14:20:13.910+0000] {dagbag.py:588} INFO - Filling up the DagBag from /home/airflow/.local/lib/python3.12/site-packages/airflow/example_dags/example_inlet_event_extra.py
[2025-06-19T14:20:15.980+0000] {processor.py:925} INFO - DAG(s) 'read_dataset_event_from_classic', 'read_dataset_event' retrieved from /home/airflow/.local/lib/python3.12/site-packages/airflow/example_dags/example_inlet_event_extra.py
[2025-06-19T14:20:16.082+0000] {logging_mixin.py:190} INFO - [2025-06-19T14:20:16.072+0000] {dag.py:3239} INFO - Sync 2 DAGs
[2025-06-19T14:20:16.185+0000] {logging_mixin.py:190} INFO - [2025-06-19T14:20:16.184+0000] {dag.py:4180} INFO - Setting next_dagrun for read_dataset_event to 2025-06-18 00:00:00+00:00, run_after=2025-06-19 00:00:00+00:00
[2025-06-19T14:20:16.209+0000] {logging_mixin.py:190} INFO - [2025-06-19T14:20:16.208+0000] {dag.py:4180} INFO - Setting next_dagrun for read_dataset_event_from_classic to 2025-06-18 00:00:00+00:00, run_after=2025-06-19 00:00:00+00:00
[2025-06-19T14:20:16.272+0000] {processor.py:208} INFO - Processing /home/airflow/.local/lib/python3.12/site-packages/airflow/example_dags/example_inlet_event_extra.py took 2.386 seconds
[2025-06-19T14:20:46.852+0000] {processor.py:186} INFO - Started process (PID=317) to work on /home/airflow/.local/lib/python3.12/site-packages/airflow/example_dags/example_inlet_event_extra.py
[2025-06-19T14:20:46.866+0000] {processor.py:914} INFO - Processing file /home/airflow/.local/lib/python3.12/site-packages/airflow/example_dags/example_inlet_event_extra.py for tasks to queue
[2025-06-19T14:20:46.868+0000] {logging_mixin.py:190} INFO - [2025-06-19T14:20:46.868+0000] {dagbag.py:588} INFO - Filling up the DagBag from /home/airflow/.local/lib/python3.12/site-packages/airflow/example_dags/example_inlet_event_extra.py
[2025-06-19T14:20:47.943+0000] {processor.py:925} INFO - DAG(s) 'read_dataset_event_from_classic', 'read_dataset_event' retrieved from /home/airflow/.local/lib/python3.12/site-packages/airflow/example_dags/example_inlet_event_extra.py
[2025-06-19T14:20:47.993+0000] {logging_mixin.py:190} INFO - [2025-06-19T14:20:47.993+0000] {dag.py:3239} INFO - Sync 2 DAGs
[2025-06-19T14:20:48.042+0000] {logging_mixin.py:190} INFO - [2025-06-19T14:20:48.042+0000] {dag.py:4180} INFO - Setting next_dagrun for read_dataset_event to 2025-06-18 00:00:00+00:00, run_after=2025-06-19 00:00:00+00:00
[2025-06-19T14:20:48.061+0000] {logging_mixin.py:190} INFO - [2025-06-19T14:20:48.060+0000] {dag.py:4180} INFO - Setting next_dagrun for read_dataset_event_from_classic to 2025-06-18 00:00:00+00:00, run_after=2025-06-19 00:00:00+00:00
[2025-06-19T14:20:48.094+0000] {processor.py:208} INFO - Processing /home/airflow/.local/lib/python3.12/site-packages/airflow/example_dags/example_inlet_event_extra.py took 1.250 seconds
[2025-06-19T14:21:34.845+0000] {processor.py:186} INFO - Started process (PID=379) to work on /home/airflow/.local/lib/python3.12/site-packages/airflow/example_dags/example_inlet_event_extra.py
[2025-06-19T14:21:34.849+0000] {processor.py:914} INFO - Processing file /home/airflow/.local/lib/python3.12/site-packages/airflow/example_dags/example_inlet_event_extra.py for tasks to queue
[2025-06-19T14:21:34.853+0000] {logging_mixin.py:190} INFO - [2025-06-19T14:21:34.852+0000] {dagbag.py:588} INFO - Filling up the DagBag from /home/airflow/.local/lib/python3.12/site-packages/airflow/example_dags/example_inlet_event_extra.py
[2025-06-19T14:21:37.167+0000] {processor.py:925} INFO - DAG(s) 'read_dataset_event_from_classic', 'read_dataset_event' retrieved from /home/airflow/.local/lib/python3.12/site-packages/airflow/example_dags/example_inlet_event_extra.py
[2025-06-19T14:21:37.207+0000] {logging_mixin.py:190} INFO - [2025-06-19T14:21:37.206+0000] {dag.py:3239} INFO - Sync 2 DAGs
[2025-06-19T14:21:37.252+0000] {logging_mixin.py:190} INFO - [2025-06-19T14:21:37.251+0000] {dag.py:4180} INFO - Setting next_dagrun for read_dataset_event to 2025-06-18 00:00:00+00:00, run_after=2025-06-19 00:00:00+00:00
[2025-06-19T14:21:37.263+0000] {logging_mixin.py:190} INFO - [2025-06-19T14:21:37.262+0000] {dag.py:4180} INFO - Setting next_dagrun for read_dataset_event_from_classic to 2025-06-18 00:00:00+00:00, run_after=2025-06-19 00:00:00+00:00
[2025-06-19T14:21:37.299+0000] {processor.py:208} INFO - Processing /home/airflow/.local/lib/python3.12/site-packages/airflow/example_dags/example_inlet_event_extra.py took 2.477 seconds
[2025-06-19T14:22:07.991+0000] {processor.py:186} INFO - Started process (PID=445) to work on /home/airflow/.local/lib/python3.12/site-packages/airflow/example_dags/example_inlet_event_extra.py
[2025-06-19T14:22:07.992+0000] {processor.py:914} INFO - Processing file /home/airflow/.local/lib/python3.12/site-packages/airflow/example_dags/example_inlet_event_extra.py for tasks to queue
[2025-06-19T14:22:07.994+0000] {logging_mixin.py:190} INFO - [2025-06-19T14:22:07.994+0000] {dagbag.py:588} INFO - Filling up the DagBag from /home/airflow/.local/lib/python3.12/site-packages/airflow/example_dags/example_inlet_event_extra.py
[2025-06-19T14:22:09.756+0000] {processor.py:925} INFO - DAG(s) 'read_dataset_event', 'read_dataset_event_from_classic' retrieved from /home/airflow/.local/lib/python3.12/site-packages/airflow/example_dags/example_inlet_event_extra.py
[2025-06-19T14:22:09.806+0000] {logging_mixin.py:190} INFO - [2025-06-19T14:22:09.806+0000] {dag.py:3239} INFO - Sync 2 DAGs
[2025-06-19T14:22:09.854+0000] {logging_mixin.py:190} INFO - [2025-06-19T14:22:09.854+0000] {dag.py:4180} INFO - Setting next_dagrun for read_dataset_event to 2025-06-18 00:00:00+00:00, run_after=2025-06-19 00:00:00+00:00
[2025-06-19T14:22:09.863+0000] {logging_mixin.py:190} INFO - [2025-06-19T14:22:09.863+0000] {dag.py:4180} INFO - Setting next_dagrun for read_dataset_event_from_classic to 2025-06-18 00:00:00+00:00, run_after=2025-06-19 00:00:00+00:00
[2025-06-19T14:22:09.900+0000] {processor.py:208} INFO - Processing /home/airflow/.local/lib/python3.12/site-packages/airflow/example_dags/example_inlet_event_extra.py took 1.940 seconds
[2025-06-19T14:22:40.816+0000] {processor.py:186} INFO - Started process (PID=527) to work on /home/airflow/.local/lib/python3.12/site-packages/airflow/example_dags/example_inlet_event_extra.py
[2025-06-19T14:22:40.818+0000] {processor.py:914} INFO - Processing file /home/airflow/.local/lib/python3.12/site-packages/airflow/example_dags/example_inlet_event_extra.py for tasks to queue
[2025-06-19T14:22:40.820+0000] {logging_mixin.py:190} INFO - [2025-06-19T14:22:40.820+0000] {dagbag.py:588} INFO - Filling up the DagBag from /home/airflow/.local/lib/python3.12/site-packages/airflow/example_dags/example_inlet_event_extra.py
[2025-06-19T14:22:41.857+0000] {processor.py:925} INFO - DAG(s) 'read_dataset_event', 'read_dataset_event_from_classic' retrieved from /home/airflow/.local/lib/python3.12/site-packages/airflow/example_dags/example_inlet_event_extra.py
[2025-06-19T14:22:41.913+0000] {logging_mixin.py:190} INFO - [2025-06-19T14:22:41.913+0000] {dag.py:3239} INFO - Sync 2 DAGs
[2025-06-19T14:22:41.994+0000] {logging_mixin.py:190} INFO - [2025-06-19T14:22:41.994+0000] {dag.py:4180} INFO - Setting next_dagrun for read_dataset_event to 2025-06-18 00:00:00+00:00, run_after=2025-06-19 00:00:00+00:00
[2025-06-19T14:22:42.016+0000] {logging_mixin.py:190} INFO - [2025-06-19T14:22:42.016+0000] {dag.py:4180} INFO - Setting next_dagrun for read_dataset_event_from_classic to 2025-06-18 00:00:00+00:00, run_after=2025-06-19 00:00:00+00:00
[2025-06-19T14:22:42.089+0000] {processor.py:208} INFO - Processing /home/airflow/.local/lib/python3.12/site-packages/airflow/example_dags/example_inlet_event_extra.py took 1.293 seconds
[2025-06-19T14:23:12.768+0000] {processor.py:186} INFO - Started process (PID=627) to work on /home/airflow/.local/lib/python3.12/site-packages/airflow/example_dags/example_inlet_event_extra.py
[2025-06-19T14:23:12.778+0000] {processor.py:914} INFO - Processing file /home/airflow/.local/lib/python3.12/site-packages/airflow/example_dags/example_inlet_event_extra.py for tasks to queue
[2025-06-19T14:23:12.783+0000] {logging_mixin.py:190} INFO - [2025-06-19T14:23:12.782+0000] {dagbag.py:588} INFO - Filling up the DagBag from /home/airflow/.local/lib/python3.12/site-packages/airflow/example_dags/example_inlet_event_extra.py
[2025-06-19T14:23:14.640+0000] {processor.py:925} INFO - DAG(s) 'read_dataset_event_from_classic', 'read_dataset_event' retrieved from /home/airflow/.local/lib/python3.12/site-packages/airflow/example_dags/example_inlet_event_extra.py
[2025-06-19T14:23:14.686+0000] {logging_mixin.py:190} INFO - [2025-06-19T14:23:14.686+0000] {dag.py:3239} INFO - Sync 2 DAGs
[2025-06-19T14:23:14.731+0000] {logging_mixin.py:190} INFO - [2025-06-19T14:23:14.731+0000] {dag.py:4180} INFO - Setting next_dagrun for read_dataset_event to 2025-06-18 00:00:00+00:00, run_after=2025-06-19 00:00:00+00:00
[2025-06-19T14:23:14.744+0000] {logging_mixin.py:190} INFO - [2025-06-19T14:23:14.743+0000] {dag.py:4180} INFO - Setting next_dagrun for read_dataset_event_from_classic to 2025-06-18 00:00:00+00:00, run_after=2025-06-19 00:00:00+00:00
[2025-06-19T14:23:14.836+0000] {processor.py:208} INFO - Processing /home/airflow/.local/lib/python3.12/site-packages/airflow/example_dags/example_inlet_event_extra.py took 2.104 seconds
[2025-06-19T14:23:50.269+0000] {processor.py:186} INFO - Started process (PID=699) to work on /home/airflow/.local/lib/python3.12/site-packages/airflow/example_dags/example_inlet_event_extra.py
[2025-06-19T14:23:50.271+0000] {processor.py:914} INFO - Processing file /home/airflow/.local/lib/python3.12/site-packages/airflow/example_dags/example_inlet_event_extra.py for tasks to queue
[2025-06-19T14:23:50.274+0000] {logging_mixin.py:190} INFO - [2025-06-19T14:23:50.273+0000] {dagbag.py:588} INFO - Filling up the DagBag from /home/airflow/.local/lib/python3.12/site-packages/airflow/example_dags/example_inlet_event_extra.py
[2025-06-19T14:23:52.232+0000] {processor.py:925} INFO - DAG(s) 'read_dataset_event_from_classic', 'read_dataset_event' retrieved from /home/airflow/.local/lib/python3.12/site-packages/airflow/example_dags/example_inlet_event_extra.py
[2025-06-19T14:23:52.277+0000] {logging_mixin.py:190} INFO - [2025-06-19T14:23:52.276+0000] {dag.py:3239} INFO - Sync 2 DAGs
[2025-06-19T14:23:52.334+0000] {logging_mixin.py:190} INFO - [2025-06-19T14:23:52.333+0000] {dag.py:4180} INFO - Setting next_dagrun for read_dataset_event to 2025-06-18 00:00:00+00:00, run_after=2025-06-19 00:00:00+00:00
[2025-06-19T14:23:52.343+0000] {logging_mixin.py:190} INFO - [2025-06-19T14:23:52.343+0000] {dag.py:4180} INFO - Setting next_dagrun for read_dataset_event_from_classic to 2025-06-18 00:00:00+00:00, run_after=2025-06-19 00:00:00+00:00
[2025-06-19T14:23:52.392+0000] {processor.py:208} INFO - Processing /home/airflow/.local/lib/python3.12/site-packages/airflow/example_dags/example_inlet_event_extra.py took 2.148 seconds
[2025-06-19T14:24:23.714+0000] {processor.py:186} INFO - Started process (PID=781) to work on /home/airflow/.local/lib/python3.12/site-packages/airflow/example_dags/example_inlet_event_extra.py
[2025-06-19T14:24:23.715+0000] {processor.py:914} INFO - Processing file /home/airflow/.local/lib/python3.12/site-packages/airflow/example_dags/example_inlet_event_extra.py for tasks to queue
[2025-06-19T14:24:23.718+0000] {logging_mixin.py:190} INFO - [2025-06-19T14:24:23.717+0000] {dagbag.py:588} INFO - Filling up the DagBag from /home/airflow/.local/lib/python3.12/site-packages/airflow/example_dags/example_inlet_event_extra.py
[2025-06-19T14:24:25.595+0000] {processor.py:925} INFO - DAG(s) 'read_dataset_event', 'read_dataset_event_from_classic' retrieved from /home/airflow/.local/lib/python3.12/site-packages/airflow/example_dags/example_inlet_event_extra.py
[2025-06-19T14:24:25.668+0000] {logging_mixin.py:190} INFO - [2025-06-19T14:24:25.668+0000] {dag.py:3239} INFO - Sync 2 DAGs
[2025-06-19T14:24:25.796+0000] {logging_mixin.py:190} INFO - [2025-06-19T14:24:25.795+0000] {dag.py:4180} INFO - Setting next_dagrun for read_dataset_event to 2025-06-18 00:00:00+00:00, run_after=2025-06-19 00:00:00+00:00
[2025-06-19T14:24:25.822+0000] {logging_mixin.py:190} INFO - [2025-06-19T14:24:25.821+0000] {dag.py:4180} INFO - Setting next_dagrun for read_dataset_event_from_classic to 2025-06-18 00:00:00+00:00, run_after=2025-06-19 00:00:00+00:00
[2025-06-19T14:24:25.919+0000] {processor.py:208} INFO - Processing /home/airflow/.local/lib/python3.12/site-packages/airflow/example_dags/example_inlet_event_extra.py took 2.225 seconds
[2025-06-19T14:24:56.447+0000] {processor.py:186} INFO - Started process (PID=851) to work on /home/airflow/.local/lib/python3.12/site-packages/airflow/example_dags/example_inlet_event_extra.py
[2025-06-19T14:24:56.461+0000] {processor.py:914} INFO - Processing file /home/airflow/.local/lib/python3.12/site-packages/airflow/example_dags/example_inlet_event_extra.py for tasks to queue
[2025-06-19T14:24:56.465+0000] {logging_mixin.py:190} INFO - [2025-06-19T14:24:56.464+0000] {dagbag.py:588} INFO - Filling up the DagBag from /home/airflow/.local/lib/python3.12/site-packages/airflow/example_dags/example_inlet_event_extra.py
[2025-06-19T14:24:59.584+0000] {processor.py:925} INFO - DAG(s) 'read_dataset_event_from_classic', 'read_dataset_event' retrieved from /home/airflow/.local/lib/python3.12/site-packages/airflow/example_dags/example_inlet_event_extra.py
[2025-06-19T14:24:59.929+0000] {logging_mixin.py:190} INFO - [2025-06-19T14:24:59.925+0000] {dag.py:3239} INFO - Sync 2 DAGs
[2025-06-19T14:25:00.322+0000] {logging_mixin.py:190} INFO - [2025-06-19T14:25:00.322+0000] {dag.py:4180} INFO - Setting next_dagrun for read_dataset_event to 2025-06-18 00:00:00+00:00, run_after=2025-06-19 00:00:00+00:00
[2025-06-19T14:25:00.351+0000] {logging_mixin.py:190} INFO - [2025-06-19T14:25:00.350+0000] {dag.py:4180} INFO - Setting next_dagrun for read_dataset_event_from_classic to 2025-06-18 00:00:00+00:00, run_after=2025-06-19 00:00:00+00:00
[2025-06-19T14:25:00.485+0000] {processor.py:208} INFO - Processing /home/airflow/.local/lib/python3.12/site-packages/airflow/example_dags/example_inlet_event_extra.py took 4.152 seconds
[2025-06-19T14:25:31.220+0000] {processor.py:186} INFO - Started process (PID=920) to work on /home/airflow/.local/lib/python3.12/site-packages/airflow/example_dags/example_inlet_event_extra.py
[2025-06-19T14:25:31.223+0000] {processor.py:914} INFO - Processing file /home/airflow/.local/lib/python3.12/site-packages/airflow/example_dags/example_inlet_event_extra.py for tasks to queue
[2025-06-19T14:25:31.226+0000] {logging_mixin.py:190} INFO - [2025-06-19T14:25:31.225+0000] {dagbag.py:588} INFO - Filling up the DagBag from /home/airflow/.local/lib/python3.12/site-packages/airflow/example_dags/example_inlet_event_extra.py
[2025-06-19T14:25:32.166+0000] {processor.py:925} INFO - DAG(s) 'read_dataset_event_from_classic', 'read_dataset_event' retrieved from /home/airflow/.local/lib/python3.12/site-packages/airflow/example_dags/example_inlet_event_extra.py
[2025-06-19T14:25:32.225+0000] {logging_mixin.py:190} INFO - [2025-06-19T14:25:32.225+0000] {dag.py:3239} INFO - Sync 2 DAGs
[2025-06-19T14:25:32.315+0000] {logging_mixin.py:190} INFO - [2025-06-19T14:25:32.314+0000] {dag.py:4180} INFO - Setting next_dagrun for read_dataset_event to 2025-06-18 00:00:00+00:00, run_after=2025-06-19 00:00:00+00:00
[2025-06-19T14:25:32.343+0000] {logging_mixin.py:190} INFO - [2025-06-19T14:25:32.343+0000] {dag.py:4180} INFO - Setting next_dagrun for read_dataset_event_from_classic to 2025-06-18 00:00:00+00:00, run_after=2025-06-19 00:00:00+00:00
[2025-06-19T14:25:32.431+0000] {processor.py:208} INFO - Processing /home/airflow/.local/lib/python3.12/site-packages/airflow/example_dags/example_inlet_event_extra.py took 1.228 seconds
[2025-06-19T14:26:03.391+0000] {processor.py:186} INFO - Started process (PID=986) to work on /home/airflow/.local/lib/python3.12/site-packages/airflow/example_dags/example_inlet_event_extra.py
[2025-06-19T14:26:03.452+0000] {processor.py:914} INFO - Processing file /home/airflow/.local/lib/python3.12/site-packages/airflow/example_dags/example_inlet_event_extra.py for tasks to queue
[2025-06-19T14:26:03.472+0000] {logging_mixin.py:190} INFO - [2025-06-19T14:26:03.470+0000] {dagbag.py:588} INFO - Filling up the DagBag from /home/airflow/.local/lib/python3.12/site-packages/airflow/example_dags/example_inlet_event_extra.py
[2025-06-19T14:26:05.783+0000] {processor.py:925} INFO - DAG(s) 'read_dataset_event_from_classic', 'read_dataset_event' retrieved from /home/airflow/.local/lib/python3.12/site-packages/airflow/example_dags/example_inlet_event_extra.py
[2025-06-19T14:26:05.857+0000] {logging_mixin.py:190} INFO - [2025-06-19T14:26:05.856+0000] {dag.py:3239} INFO - Sync 2 DAGs
[2025-06-19T14:26:05.967+0000] {logging_mixin.py:190} INFO - [2025-06-19T14:26:05.967+0000] {dag.py:4180} INFO - Setting next_dagrun for read_dataset_event to 2025-06-18 00:00:00+00:00, run_after=2025-06-19 00:00:00+00:00
[2025-06-19T14:26:05.992+0000] {logging_mixin.py:190} INFO - [2025-06-19T14:26:05.991+0000] {dag.py:4180} INFO - Setting next_dagrun for read_dataset_event_from_classic to 2025-06-18 00:00:00+00:00, run_after=2025-06-19 00:00:00+00:00
[2025-06-19T14:26:06.059+0000] {processor.py:208} INFO - Processing /home/airflow/.local/lib/python3.12/site-packages/airflow/example_dags/example_inlet_event_extra.py took 2.716 seconds
[2025-06-19T14:26:36.938+0000] {processor.py:186} INFO - Started process (PID=1053) to work on /home/airflow/.local/lib/python3.12/site-packages/airflow/example_dags/example_inlet_event_extra.py
[2025-06-19T14:26:36.939+0000] {processor.py:914} INFO - Processing file /home/airflow/.local/lib/python3.12/site-packages/airflow/example_dags/example_inlet_event_extra.py for tasks to queue
[2025-06-19T14:26:36.941+0000] {logging_mixin.py:190} INFO - [2025-06-19T14:26:36.941+0000] {dagbag.py:588} INFO - Filling up the DagBag from /home/airflow/.local/lib/python3.12/site-packages/airflow/example_dags/example_inlet_event_extra.py
[2025-06-19T14:26:37.726+0000] {processor.py:925} INFO - DAG(s) 'read_dataset_event_from_classic', 'read_dataset_event' retrieved from /home/airflow/.local/lib/python3.12/site-packages/airflow/example_dags/example_inlet_event_extra.py
[2025-06-19T14:26:37.754+0000] {logging_mixin.py:190} INFO - [2025-06-19T14:26:37.753+0000] {dag.py:3239} INFO - Sync 2 DAGs
[2025-06-19T14:26:37.786+0000] {logging_mixin.py:190} INFO - [2025-06-19T14:26:37.786+0000] {dag.py:4180} INFO - Setting next_dagrun for read_dataset_event to 2025-06-18 00:00:00+00:00, run_after=2025-06-19 00:00:00+00:00
[2025-06-19T14:26:37.793+0000] {logging_mixin.py:190} INFO - [2025-06-19T14:26:37.792+0000] {dag.py:4180} INFO - Setting next_dagrun for read_dataset_event_from_classic to 2025-06-18 00:00:00+00:00, run_after=2025-06-19 00:00:00+00:00
[2025-06-19T14:26:37.824+0000] {processor.py:208} INFO - Processing /home/airflow/.local/lib/python3.12/site-packages/airflow/example_dags/example_inlet_event_extra.py took 0.898 seconds
