[2025-06-19T14:12:18.358+0000] {processor.py:186} INFO - Started process (PID=92) to work on /home/airflow/.local/lib/python3.12/site-packages/airflow/example_dags/tutorial_objectstorage.py
[2025-06-19T14:12:18.435+0000] {processor.py:914} INFO - Processing file /home/airflow/.local/lib/python3.12/site-packages/airflow/example_dags/tutorial_objectstorage.py for tasks to queue
[2025-06-19T14:12:18.479+0000] {logging_mixin.py:190} INFO - [2025-06-19T14:12:18.478+0000] {dagbag.py:588} INFO - Filling up the DagBag from /home/airflow/.local/lib/python3.12/site-packages/airflow/example_dags/tutorial_objectstorage.py
[2025-06-19T14:12:18.768+0000] {processor.py:925} INFO - DAG(s) 'tutorial_objectstorage' retrieved from /home/airflow/.local/lib/python3.12/site-packages/airflow/example_dags/tutorial_objectstorage.py
[2025-06-19T14:12:20.302+0000] {logging_mixin.py:190} INFO - [2025-06-19T14:12:20.300+0000] {dag.py:3239} INFO - Sync 1 DAGs
[2025-06-19T14:12:21.641+0000] {logging_mixin.py:190} INFO - [2025-06-19T14:12:21.641+0000] {dag.py:4180} INFO - Setting next_dagrun for tutorial_objectstorage to None, run_after=None
[2025-06-19T14:12:21.852+0000] {processor.py:208} INFO - Processing /home/airflow/.local/lib/python3.12/site-packages/airflow/example_dags/tutorial_objectstorage.py took 3.583 seconds
[2025-06-19T14:13:26.486+0000] {processor.py:186} INFO - Started process (PID=156) to work on /home/airflow/.local/lib/python3.12/site-packages/airflow/example_dags/tutorial_objectstorage.py
[2025-06-19T14:13:26.487+0000] {processor.py:914} INFO - Processing file /home/airflow/.local/lib/python3.12/site-packages/airflow/example_dags/tutorial_objectstorage.py for tasks to queue
[2025-06-19T14:13:26.490+0000] {logging_mixin.py:190} INFO - [2025-06-19T14:13:26.490+0000] {dagbag.py:588} INFO - Filling up the DagBag from /home/airflow/.local/lib/python3.12/site-packages/airflow/example_dags/tutorial_objectstorage.py
[2025-06-19T14:13:26.518+0000] {processor.py:925} INFO - DAG(s) 'tutorial_objectstorage' retrieved from /home/airflow/.local/lib/python3.12/site-packages/airflow/example_dags/tutorial_objectstorage.py
[2025-06-19T14:13:26.572+0000] {logging_mixin.py:190} INFO - [2025-06-19T14:13:26.571+0000] {dag.py:3239} INFO - Sync 1 DAGs
[2025-06-19T14:13:26.610+0000] {logging_mixin.py:190} INFO - [2025-06-19T14:13:26.609+0000] {dag.py:4180} INFO - Setting next_dagrun for tutorial_objectstorage to None, run_after=None
[2025-06-19T14:13:26.659+0000] {processor.py:208} INFO - Processing /home/airflow/.local/lib/python3.12/site-packages/airflow/example_dags/tutorial_objectstorage.py took 0.189 seconds
[2025-06-19T14:13:56.915+0000] {processor.py:186} INFO - Started process (PID=221) to work on /home/airflow/.local/lib/python3.12/site-packages/airflow/example_dags/tutorial_objectstorage.py
[2025-06-19T14:13:56.917+0000] {processor.py:914} INFO - Processing file /home/airflow/.local/lib/python3.12/site-packages/airflow/example_dags/tutorial_objectstorage.py for tasks to queue
[2025-06-19T14:13:56.920+0000] {logging_mixin.py:190} INFO - [2025-06-19T14:13:56.919+0000] {dagbag.py:588} INFO - Filling up the DagBag from /home/airflow/.local/lib/python3.12/site-packages/airflow/example_dags/tutorial_objectstorage.py
[2025-06-19T14:13:56.944+0000] {processor.py:925} INFO - DAG(s) 'tutorial_objectstorage' retrieved from /home/airflow/.local/lib/python3.12/site-packages/airflow/example_dags/tutorial_objectstorage.py
[2025-06-19T14:13:56.987+0000] {logging_mixin.py:190} INFO - [2025-06-19T14:13:56.986+0000] {dag.py:3239} INFO - Sync 1 DAGs
[2025-06-19T14:13:57.017+0000] {logging_mixin.py:190} INFO - [2025-06-19T14:13:57.017+0000] {dag.py:4180} INFO - Setting next_dagrun for tutorial_objectstorage to None, run_after=None
[2025-06-19T14:13:57.059+0000] {processor.py:208} INFO - Processing /home/airflow/.local/lib/python3.12/site-packages/airflow/example_dags/tutorial_objectstorage.py took 0.158 seconds
[2025-06-19T14:14:39.972+0000] {processor.py:186} INFO - Started process (PID=289) to work on /home/airflow/.local/lib/python3.12/site-packages/airflow/example_dags/tutorial_objectstorage.py
[2025-06-19T14:14:39.974+0000] {processor.py:914} INFO - Processing file /home/airflow/.local/lib/python3.12/site-packages/airflow/example_dags/tutorial_objectstorage.py for tasks to queue
[2025-06-19T14:14:39.977+0000] {logging_mixin.py:190} INFO - [2025-06-19T14:14:39.976+0000] {dagbag.py:588} INFO - Filling up the DagBag from /home/airflow/.local/lib/python3.12/site-packages/airflow/example_dags/tutorial_objectstorage.py
[2025-06-19T14:14:40.024+0000] {processor.py:925} INFO - DAG(s) 'tutorial_objectstorage' retrieved from /home/airflow/.local/lib/python3.12/site-packages/airflow/example_dags/tutorial_objectstorage.py
[2025-06-19T14:14:40.184+0000] {logging_mixin.py:190} INFO - [2025-06-19T14:14:40.183+0000] {dag.py:3239} INFO - Sync 1 DAGs
[2025-06-19T14:14:40.304+0000] {logging_mixin.py:190} INFO - [2025-06-19T14:14:40.297+0000] {dag.py:4180} INFO - Setting next_dagrun for tutorial_objectstorage to None, run_after=None
[2025-06-19T14:14:40.412+0000] {processor.py:208} INFO - Processing /home/airflow/.local/lib/python3.12/site-packages/airflow/example_dags/tutorial_objectstorage.py took 0.456 seconds
[2025-06-19T14:15:12.496+0000] {processor.py:186} INFO - Started process (PID=353) to work on /home/airflow/.local/lib/python3.12/site-packages/airflow/example_dags/tutorial_objectstorage.py
[2025-06-19T14:15:12.498+0000] {processor.py:914} INFO - Processing file /home/airflow/.local/lib/python3.12/site-packages/airflow/example_dags/tutorial_objectstorage.py for tasks to queue
[2025-06-19T14:15:12.502+0000] {logging_mixin.py:190} INFO - [2025-06-19T14:15:12.501+0000] {dagbag.py:588} INFO - Filling up the DagBag from /home/airflow/.local/lib/python3.12/site-packages/airflow/example_dags/tutorial_objectstorage.py
[2025-06-19T14:15:12.539+0000] {processor.py:925} INFO - DAG(s) 'tutorial_objectstorage' retrieved from /home/airflow/.local/lib/python3.12/site-packages/airflow/example_dags/tutorial_objectstorage.py
[2025-06-19T14:15:12.592+0000] {logging_mixin.py:190} INFO - [2025-06-19T14:15:12.591+0000] {dag.py:3239} INFO - Sync 1 DAGs
[2025-06-19T14:15:12.635+0000] {logging_mixin.py:190} INFO - [2025-06-19T14:15:12.634+0000] {dag.py:4180} INFO - Setting next_dagrun for tutorial_objectstorage to None, run_after=None
[2025-06-19T14:15:12.703+0000] {processor.py:208} INFO - Processing /home/airflow/.local/lib/python3.12/site-packages/airflow/example_dags/tutorial_objectstorage.py took 0.228 seconds
[2025-06-19T14:15:42.848+0000] {processor.py:186} INFO - Started process (PID=416) to work on /home/airflow/.local/lib/python3.12/site-packages/airflow/example_dags/tutorial_objectstorage.py
[2025-06-19T14:15:42.849+0000] {processor.py:914} INFO - Processing file /home/airflow/.local/lib/python3.12/site-packages/airflow/example_dags/tutorial_objectstorage.py for tasks to queue
[2025-06-19T14:15:42.851+0000] {logging_mixin.py:190} INFO - [2025-06-19T14:15:42.850+0000] {dagbag.py:588} INFO - Filling up the DagBag from /home/airflow/.local/lib/python3.12/site-packages/airflow/example_dags/tutorial_objectstorage.py
[2025-06-19T14:15:42.866+0000] {processor.py:925} INFO - DAG(s) 'tutorial_objectstorage' retrieved from /home/airflow/.local/lib/python3.12/site-packages/airflow/example_dags/tutorial_objectstorage.py
[2025-06-19T14:15:42.894+0000] {logging_mixin.py:190} INFO - [2025-06-19T14:15:42.894+0000] {dag.py:3239} INFO - Sync 1 DAGs
[2025-06-19T14:15:42.914+0000] {logging_mixin.py:190} INFO - [2025-06-19T14:15:42.914+0000] {dag.py:4180} INFO - Setting next_dagrun for tutorial_objectstorage to None, run_after=None
[2025-06-19T14:15:42.941+0000] {processor.py:208} INFO - Processing /home/airflow/.local/lib/python3.12/site-packages/airflow/example_dags/tutorial_objectstorage.py took 0.104 seconds
[2025-06-19T14:16:13.237+0000] {processor.py:186} INFO - Started process (PID=480) to work on /home/airflow/.local/lib/python3.12/site-packages/airflow/example_dags/tutorial_objectstorage.py
[2025-06-19T14:16:13.247+0000] {processor.py:914} INFO - Processing file /home/airflow/.local/lib/python3.12/site-packages/airflow/example_dags/tutorial_objectstorage.py for tasks to queue
[2025-06-19T14:16:13.252+0000] {logging_mixin.py:190} INFO - [2025-06-19T14:16:13.251+0000] {dagbag.py:588} INFO - Filling up the DagBag from /home/airflow/.local/lib/python3.12/site-packages/airflow/example_dags/tutorial_objectstorage.py
[2025-06-19T14:16:13.330+0000] {processor.py:925} INFO - DAG(s) 'tutorial_objectstorage' retrieved from /home/airflow/.local/lib/python3.12/site-packages/airflow/example_dags/tutorial_objectstorage.py
[2025-06-19T14:16:13.406+0000] {logging_mixin.py:190} INFO - [2025-06-19T14:16:13.405+0000] {dag.py:3239} INFO - Sync 1 DAGs
[2025-06-19T14:16:13.497+0000] {logging_mixin.py:190} INFO - [2025-06-19T14:16:13.496+0000] {dag.py:4180} INFO - Setting next_dagrun for tutorial_objectstorage to None, run_after=None
[2025-06-19T14:16:13.564+0000] {processor.py:208} INFO - Processing /home/airflow/.local/lib/python3.12/site-packages/airflow/example_dags/tutorial_objectstorage.py took 0.360 seconds
[2025-06-19T14:19:00.259+0000] {processor.py:186} INFO - Started process (PID=89) to work on /home/airflow/.local/lib/python3.12/site-packages/airflow/example_dags/tutorial_objectstorage.py
[2025-06-19T14:19:00.263+0000] {processor.py:914} INFO - Processing file /home/airflow/.local/lib/python3.12/site-packages/airflow/example_dags/tutorial_objectstorage.py for tasks to queue
[2025-06-19T14:19:00.270+0000] {logging_mixin.py:190} INFO - [2025-06-19T14:19:00.268+0000] {dagbag.py:588} INFO - Filling up the DagBag from /home/airflow/.local/lib/python3.12/site-packages/airflow/example_dags/tutorial_objectstorage.py
[2025-06-19T14:19:00.383+0000] {processor.py:925} INFO - DAG(s) 'tutorial_objectstorage' retrieved from /home/airflow/.local/lib/python3.12/site-packages/airflow/example_dags/tutorial_objectstorage.py
[2025-06-19T14:19:00.693+0000] {logging_mixin.py:190} INFO - [2025-06-19T14:19:00.692+0000] {dag.py:3239} INFO - Sync 1 DAGs
[2025-06-19T14:19:00.939+0000] {logging_mixin.py:190} INFO - [2025-06-19T14:19:00.938+0000] {dag.py:4180} INFO - Setting next_dagrun for tutorial_objectstorage to None, run_after=None
[2025-06-19T14:19:00.992+0000] {processor.py:208} INFO - Processing /home/airflow/.local/lib/python3.12/site-packages/airflow/example_dags/tutorial_objectstorage.py took 0.932 seconds
[2025-06-19T14:19:31.511+0000] {processor.py:186} INFO - Started process (PID=155) to work on /home/airflow/.local/lib/python3.12/site-packages/airflow/example_dags/tutorial_objectstorage.py
[2025-06-19T14:19:31.580+0000] {processor.py:914} INFO - Processing file /home/airflow/.local/lib/python3.12/site-packages/airflow/example_dags/tutorial_objectstorage.py for tasks to queue
[2025-06-19T14:19:31.582+0000] {logging_mixin.py:190} INFO - [2025-06-19T14:19:31.582+0000] {dagbag.py:588} INFO - Filling up the DagBag from /home/airflow/.local/lib/python3.12/site-packages/airflow/example_dags/tutorial_objectstorage.py
[2025-06-19T14:19:31.594+0000] {processor.py:925} INFO - DAG(s) 'tutorial_objectstorage' retrieved from /home/airflow/.local/lib/python3.12/site-packages/airflow/example_dags/tutorial_objectstorage.py
[2025-06-19T14:19:31.620+0000] {logging_mixin.py:190} INFO - [2025-06-19T14:19:31.620+0000] {dag.py:3239} INFO - Sync 1 DAGs
[2025-06-19T14:19:31.636+0000] {logging_mixin.py:190} INFO - [2025-06-19T14:19:31.636+0000] {dag.py:4180} INFO - Setting next_dagrun for tutorial_objectstorage to None, run_after=None
[2025-06-19T14:19:31.752+0000] {processor.py:208} INFO - Processing /home/airflow/.local/lib/python3.12/site-packages/airflow/example_dags/tutorial_objectstorage.py took 0.247 seconds
[2025-06-19T14:20:02.715+0000] {processor.py:186} INFO - Started process (PID=224) to work on /home/airflow/.local/lib/python3.12/site-packages/airflow/example_dags/tutorial_objectstorage.py
[2025-06-19T14:20:02.717+0000] {processor.py:914} INFO - Processing file /home/airflow/.local/lib/python3.12/site-packages/airflow/example_dags/tutorial_objectstorage.py for tasks to queue
[2025-06-19T14:20:02.719+0000] {logging_mixin.py:190} INFO - [2025-06-19T14:20:02.718+0000] {dagbag.py:588} INFO - Filling up the DagBag from /home/airflow/.local/lib/python3.12/site-packages/airflow/example_dags/tutorial_objectstorage.py
[2025-06-19T14:20:02.730+0000] {processor.py:925} INFO - DAG(s) 'tutorial_objectstorage' retrieved from /home/airflow/.local/lib/python3.12/site-packages/airflow/example_dags/tutorial_objectstorage.py
[2025-06-19T14:20:02.755+0000] {logging_mixin.py:190} INFO - [2025-06-19T14:20:02.754+0000] {dag.py:3239} INFO - Sync 1 DAGs
[2025-06-19T14:20:02.771+0000] {logging_mixin.py:190} INFO - [2025-06-19T14:20:02.771+0000] {dag.py:4180} INFO - Setting next_dagrun for tutorial_objectstorage to None, run_after=None
[2025-06-19T14:20:02.796+0000] {processor.py:208} INFO - Processing /home/airflow/.local/lib/python3.12/site-packages/airflow/example_dags/tutorial_objectstorage.py took 0.088 seconds
[2025-06-19T14:20:33.779+0000] {processor.py:186} INFO - Started process (PID=290) to work on /home/airflow/.local/lib/python3.12/site-packages/airflow/example_dags/tutorial_objectstorage.py
[2025-06-19T14:20:33.781+0000] {processor.py:914} INFO - Processing file /home/airflow/.local/lib/python3.12/site-packages/airflow/example_dags/tutorial_objectstorage.py for tasks to queue
[2025-06-19T14:20:33.783+0000] {logging_mixin.py:190} INFO - [2025-06-19T14:20:33.783+0000] {dagbag.py:588} INFO - Filling up the DagBag from /home/airflow/.local/lib/python3.12/site-packages/airflow/example_dags/tutorial_objectstorage.py
[2025-06-19T14:20:33.811+0000] {processor.py:925} INFO - DAG(s) 'tutorial_objectstorage' retrieved from /home/airflow/.local/lib/python3.12/site-packages/airflow/example_dags/tutorial_objectstorage.py
[2025-06-19T14:20:33.889+0000] {logging_mixin.py:190} INFO - [2025-06-19T14:20:33.888+0000] {dag.py:3239} INFO - Sync 1 DAGs
[2025-06-19T14:20:33.930+0000] {logging_mixin.py:190} INFO - [2025-06-19T14:20:33.929+0000] {dag.py:4180} INFO - Setting next_dagrun for tutorial_objectstorage to None, run_after=None
[2025-06-19T14:20:33.969+0000] {processor.py:208} INFO - Processing /home/airflow/.local/lib/python3.12/site-packages/airflow/example_dags/tutorial_objectstorage.py took 0.207 seconds
[2025-06-19T14:21:07.578+0000] {processor.py:186} INFO - Started process (PID=355) to work on /home/airflow/.local/lib/python3.12/site-packages/airflow/example_dags/tutorial_objectstorage.py
[2025-06-19T14:21:07.598+0000] {processor.py:914} INFO - Processing file /home/airflow/.local/lib/python3.12/site-packages/airflow/example_dags/tutorial_objectstorage.py for tasks to queue
[2025-06-19T14:21:07.675+0000] {logging_mixin.py:190} INFO - [2025-06-19T14:21:07.666+0000] {dagbag.py:588} INFO - Filling up the DagBag from /home/airflow/.local/lib/python3.12/site-packages/airflow/example_dags/tutorial_objectstorage.py
[2025-06-19T14:21:07.731+0000] {processor.py:925} INFO - DAG(s) 'tutorial_objectstorage' retrieved from /home/airflow/.local/lib/python3.12/site-packages/airflow/example_dags/tutorial_objectstorage.py
[2025-06-19T14:21:07.871+0000] {logging_mixin.py:190} INFO - [2025-06-19T14:21:07.870+0000] {dag.py:3239} INFO - Sync 1 DAGs
[2025-06-19T14:21:08.047+0000] {logging_mixin.py:190} INFO - [2025-06-19T14:21:08.035+0000] {dag.py:4180} INFO - Setting next_dagrun for tutorial_objectstorage to None, run_after=None
[2025-06-19T14:21:08.238+0000] {processor.py:208} INFO - Processing /home/airflow/.local/lib/python3.12/site-packages/airflow/example_dags/tutorial_objectstorage.py took 0.685 seconds
[2025-06-19T14:21:42.039+0000] {processor.py:186} INFO - Started process (PID=416) to work on /home/airflow/.local/lib/python3.12/site-packages/airflow/example_dags/tutorial_objectstorage.py
[2025-06-19T14:21:42.062+0000] {processor.py:914} INFO - Processing file /home/airflow/.local/lib/python3.12/site-packages/airflow/example_dags/tutorial_objectstorage.py for tasks to queue
[2025-06-19T14:21:42.066+0000] {logging_mixin.py:190} INFO - [2025-06-19T14:21:42.065+0000] {dagbag.py:588} INFO - Filling up the DagBag from /home/airflow/.local/lib/python3.12/site-packages/airflow/example_dags/tutorial_objectstorage.py
[2025-06-19T14:21:42.090+0000] {processor.py:925} INFO - DAG(s) 'tutorial_objectstorage' retrieved from /home/airflow/.local/lib/python3.12/site-packages/airflow/example_dags/tutorial_objectstorage.py
[2025-06-19T14:21:42.146+0000] {logging_mixin.py:190} INFO - [2025-06-19T14:21:42.145+0000] {dag.py:3239} INFO - Sync 1 DAGs
[2025-06-19T14:21:42.193+0000] {logging_mixin.py:190} INFO - [2025-06-19T14:21:42.192+0000] {dag.py:4180} INFO - Setting next_dagrun for tutorial_objectstorage to None, run_after=None
[2025-06-19T14:21:42.293+0000] {processor.py:208} INFO - Processing /home/airflow/.local/lib/python3.12/site-packages/airflow/example_dags/tutorial_objectstorage.py took 0.264 seconds
[2025-06-19T14:22:13.404+0000] {processor.py:186} INFO - Started process (PID=491) to work on /home/airflow/.local/lib/python3.12/site-packages/airflow/example_dags/tutorial_objectstorage.py
[2025-06-19T14:22:13.405+0000] {processor.py:914} INFO - Processing file /home/airflow/.local/lib/python3.12/site-packages/airflow/example_dags/tutorial_objectstorage.py for tasks to queue
[2025-06-19T14:22:13.409+0000] {logging_mixin.py:190} INFO - [2025-06-19T14:22:13.408+0000] {dagbag.py:588} INFO - Filling up the DagBag from /home/airflow/.local/lib/python3.12/site-packages/airflow/example_dags/tutorial_objectstorage.py
[2025-06-19T14:22:13.434+0000] {processor.py:925} INFO - DAG(s) 'tutorial_objectstorage' retrieved from /home/airflow/.local/lib/python3.12/site-packages/airflow/example_dags/tutorial_objectstorage.py
[2025-06-19T14:22:13.475+0000] {logging_mixin.py:190} INFO - [2025-06-19T14:22:13.475+0000] {dag.py:3239} INFO - Sync 1 DAGs
[2025-06-19T14:22:13.511+0000] {logging_mixin.py:190} INFO - [2025-06-19T14:22:13.511+0000] {dag.py:4180} INFO - Setting next_dagrun for tutorial_objectstorage to None, run_after=None
[2025-06-19T14:22:13.548+0000] {processor.py:208} INFO - Processing /home/airflow/.local/lib/python3.12/site-packages/airflow/example_dags/tutorial_objectstorage.py took 0.162 seconds
[2025-06-19T14:22:45.983+0000] {processor.py:186} INFO - Started process (PID=563) to work on /home/airflow/.local/lib/python3.12/site-packages/airflow/example_dags/tutorial_objectstorage.py
[2025-06-19T14:22:45.986+0000] {processor.py:914} INFO - Processing file /home/airflow/.local/lib/python3.12/site-packages/airflow/example_dags/tutorial_objectstorage.py for tasks to queue
[2025-06-19T14:22:45.988+0000] {logging_mixin.py:190} INFO - [2025-06-19T14:22:45.987+0000] {dagbag.py:588} INFO - Filling up the DagBag from /home/airflow/.local/lib/python3.12/site-packages/airflow/example_dags/tutorial_objectstorage.py
[2025-06-19T14:22:46.020+0000] {processor.py:925} INFO - DAG(s) 'tutorial_objectstorage' retrieved from /home/airflow/.local/lib/python3.12/site-packages/airflow/example_dags/tutorial_objectstorage.py
[2025-06-19T14:22:46.080+0000] {logging_mixin.py:190} INFO - [2025-06-19T14:22:46.079+0000] {dag.py:3239} INFO - Sync 1 DAGs
[2025-06-19T14:22:46.134+0000] {logging_mixin.py:190} INFO - [2025-06-19T14:22:46.134+0000] {dag.py:4180} INFO - Setting next_dagrun for tutorial_objectstorage to None, run_after=None
[2025-06-19T14:22:46.190+0000] {processor.py:208} INFO - Processing /home/airflow/.local/lib/python3.12/site-packages/airflow/example_dags/tutorial_objectstorage.py took 0.230 seconds
[2025-06-19T14:23:20.233+0000] {processor.py:186} INFO - Started process (PID=662) to work on /home/airflow/.local/lib/python3.12/site-packages/airflow/example_dags/tutorial_objectstorage.py
[2025-06-19T14:23:20.236+0000] {processor.py:914} INFO - Processing file /home/airflow/.local/lib/python3.12/site-packages/airflow/example_dags/tutorial_objectstorage.py for tasks to queue
[2025-06-19T14:23:20.240+0000] {logging_mixin.py:190} INFO - [2025-06-19T14:23:20.239+0000] {dagbag.py:588} INFO - Filling up the DagBag from /home/airflow/.local/lib/python3.12/site-packages/airflow/example_dags/tutorial_objectstorage.py
[2025-06-19T14:23:20.267+0000] {processor.py:925} INFO - DAG(s) 'tutorial_objectstorage' retrieved from /home/airflow/.local/lib/python3.12/site-packages/airflow/example_dags/tutorial_objectstorage.py
[2025-06-19T14:23:20.324+0000] {logging_mixin.py:190} INFO - [2025-06-19T14:23:20.324+0000] {dag.py:3239} INFO - Sync 1 DAGs
[2025-06-19T14:23:20.363+0000] {logging_mixin.py:190} INFO - [2025-06-19T14:23:20.363+0000] {dag.py:4180} INFO - Setting next_dagrun for tutorial_objectstorage to None, run_after=None
[2025-06-19T14:23:20.416+0000] {processor.py:208} INFO - Processing /home/airflow/.local/lib/python3.12/site-packages/airflow/example_dags/tutorial_objectstorage.py took 0.206 seconds
[2025-06-19T14:23:55.768+0000] {processor.py:186} INFO - Started process (PID=742) to work on /home/airflow/.local/lib/python3.12/site-packages/airflow/example_dags/tutorial_objectstorage.py
[2025-06-19T14:23:55.770+0000] {processor.py:914} INFO - Processing file /home/airflow/.local/lib/python3.12/site-packages/airflow/example_dags/tutorial_objectstorage.py for tasks to queue
[2025-06-19T14:23:55.773+0000] {logging_mixin.py:190} INFO - [2025-06-19T14:23:55.772+0000] {dagbag.py:588} INFO - Filling up the DagBag from /home/airflow/.local/lib/python3.12/site-packages/airflow/example_dags/tutorial_objectstorage.py
[2025-06-19T14:23:55.790+0000] {processor.py:925} INFO - DAG(s) 'tutorial_objectstorage' retrieved from /home/airflow/.local/lib/python3.12/site-packages/airflow/example_dags/tutorial_objectstorage.py
[2025-06-19T14:23:55.829+0000] {logging_mixin.py:190} INFO - [2025-06-19T14:23:55.828+0000] {dag.py:3239} INFO - Sync 1 DAGs
[2025-06-19T14:23:55.859+0000] {logging_mixin.py:190} INFO - [2025-06-19T14:23:55.859+0000] {dag.py:4180} INFO - Setting next_dagrun for tutorial_objectstorage to None, run_after=None
[2025-06-19T14:23:55.901+0000] {processor.py:208} INFO - Processing /home/airflow/.local/lib/python3.12/site-packages/airflow/example_dags/tutorial_objectstorage.py took 0.151 seconds
[2025-06-19T14:24:27.881+0000] {processor.py:186} INFO - Started process (PID=790) to work on /home/airflow/.local/lib/python3.12/site-packages/airflow/example_dags/tutorial_objectstorage.py
[2025-06-19T14:24:27.882+0000] {processor.py:914} INFO - Processing file /home/airflow/.local/lib/python3.12/site-packages/airflow/example_dags/tutorial_objectstorage.py for tasks to queue
[2025-06-19T14:24:27.885+0000] {logging_mixin.py:190} INFO - [2025-06-19T14:24:27.884+0000] {dagbag.py:588} INFO - Filling up the DagBag from /home/airflow/.local/lib/python3.12/site-packages/airflow/example_dags/tutorial_objectstorage.py
[2025-06-19T14:24:27.905+0000] {processor.py:925} INFO - DAG(s) 'tutorial_objectstorage' retrieved from /home/airflow/.local/lib/python3.12/site-packages/airflow/example_dags/tutorial_objectstorage.py
[2025-06-19T14:24:27.967+0000] {logging_mixin.py:190} INFO - [2025-06-19T14:24:27.967+0000] {dag.py:3239} INFO - Sync 1 DAGs
[2025-06-19T14:24:28.008+0000] {logging_mixin.py:190} INFO - [2025-06-19T14:24:28.007+0000] {dag.py:4180} INFO - Setting next_dagrun for tutorial_objectstorage to None, run_after=None
[2025-06-19T14:24:28.053+0000] {processor.py:208} INFO - Processing /home/airflow/.local/lib/python3.12/site-packages/airflow/example_dags/tutorial_objectstorage.py took 0.194 seconds
[2025-06-19T14:25:05.797+0000] {processor.py:186} INFO - Started process (PID=860) to work on /home/airflow/.local/lib/python3.12/site-packages/airflow/example_dags/tutorial_objectstorage.py
[2025-06-19T14:25:05.813+0000] {processor.py:914} INFO - Processing file /home/airflow/.local/lib/python3.12/site-packages/airflow/example_dags/tutorial_objectstorage.py for tasks to queue
[2025-06-19T14:25:05.816+0000] {logging_mixin.py:190} INFO - [2025-06-19T14:25:05.815+0000] {dagbag.py:588} INFO - Filling up the DagBag from /home/airflow/.local/lib/python3.12/site-packages/airflow/example_dags/tutorial_objectstorage.py
[2025-06-19T14:25:05.857+0000] {processor.py:925} INFO - DAG(s) 'tutorial_objectstorage' retrieved from /home/airflow/.local/lib/python3.12/site-packages/airflow/example_dags/tutorial_objectstorage.py
[2025-06-19T14:25:05.953+0000] {logging_mixin.py:190} INFO - [2025-06-19T14:25:05.952+0000] {dag.py:3239} INFO - Sync 1 DAGs
[2025-06-19T14:25:06.040+0000] {logging_mixin.py:190} INFO - [2025-06-19T14:25:06.040+0000] {dag.py:4180} INFO - Setting next_dagrun for tutorial_objectstorage to None, run_after=None
[2025-06-19T14:25:06.127+0000] {processor.py:208} INFO - Processing /home/airflow/.local/lib/python3.12/site-packages/airflow/example_dags/tutorial_objectstorage.py took 0.406 seconds
[2025-06-19T14:25:37.369+0000] {processor.py:186} INFO - Started process (PID=927) to work on /home/airflow/.local/lib/python3.12/site-packages/airflow/example_dags/tutorial_objectstorage.py
[2025-06-19T14:25:37.371+0000] {processor.py:914} INFO - Processing file /home/airflow/.local/lib/python3.12/site-packages/airflow/example_dags/tutorial_objectstorage.py for tasks to queue
[2025-06-19T14:25:37.375+0000] {logging_mixin.py:190} INFO - [2025-06-19T14:25:37.373+0000] {dagbag.py:588} INFO - Filling up the DagBag from /home/airflow/.local/lib/python3.12/site-packages/airflow/example_dags/tutorial_objectstorage.py
[2025-06-19T14:25:37.397+0000] {processor.py:925} INFO - DAG(s) 'tutorial_objectstorage' retrieved from /home/airflow/.local/lib/python3.12/site-packages/airflow/example_dags/tutorial_objectstorage.py
[2025-06-19T14:25:37.435+0000] {logging_mixin.py:190} INFO - [2025-06-19T14:25:37.434+0000] {dag.py:3239} INFO - Sync 1 DAGs
[2025-06-19T14:25:37.464+0000] {logging_mixin.py:190} INFO - [2025-06-19T14:25:37.464+0000] {dag.py:4180} INFO - Setting next_dagrun for tutorial_objectstorage to None, run_after=None
[2025-06-19T14:25:37.585+0000] {processor.py:208} INFO - Processing /home/airflow/.local/lib/python3.12/site-packages/airflow/example_dags/tutorial_objectstorage.py took 0.238 seconds
[2025-06-19T14:26:07.744+0000] {processor.py:186} INFO - Started process (PID=991) to work on /home/airflow/.local/lib/python3.12/site-packages/airflow/example_dags/tutorial_objectstorage.py
[2025-06-19T14:26:07.768+0000] {processor.py:914} INFO - Processing file /home/airflow/.local/lib/python3.12/site-packages/airflow/example_dags/tutorial_objectstorage.py for tasks to queue
[2025-06-19T14:26:07.771+0000] {logging_mixin.py:190} INFO - [2025-06-19T14:26:07.770+0000] {dagbag.py:588} INFO - Filling up the DagBag from /home/airflow/.local/lib/python3.12/site-packages/airflow/example_dags/tutorial_objectstorage.py
[2025-06-19T14:26:07.791+0000] {processor.py:925} INFO - DAG(s) 'tutorial_objectstorage' retrieved from /home/airflow/.local/lib/python3.12/site-packages/airflow/example_dags/tutorial_objectstorage.py
[2025-06-19T14:26:07.851+0000] {logging_mixin.py:190} INFO - [2025-06-19T14:26:07.850+0000] {dag.py:3239} INFO - Sync 1 DAGs
[2025-06-19T14:26:07.882+0000] {logging_mixin.py:190} INFO - [2025-06-19T14:26:07.882+0000] {dag.py:4180} INFO - Setting next_dagrun for tutorial_objectstorage to None, run_after=None
[2025-06-19T14:26:08.036+0000] {processor.py:208} INFO - Processing /home/airflow/.local/lib/python3.12/site-packages/airflow/example_dags/tutorial_objectstorage.py took 0.310 seconds
[2025-06-19T14:26:38.133+0000] {processor.py:186} INFO - Started process (PID=1055) to work on /home/airflow/.local/lib/python3.12/site-packages/airflow/example_dags/tutorial_objectstorage.py
[2025-06-19T14:26:38.137+0000] {processor.py:914} INFO - Processing file /home/airflow/.local/lib/python3.12/site-packages/airflow/example_dags/tutorial_objectstorage.py for tasks to queue
[2025-06-19T14:26:38.139+0000] {logging_mixin.py:190} INFO - [2025-06-19T14:26:38.138+0000] {dagbag.py:588} INFO - Filling up the DagBag from /home/airflow/.local/lib/python3.12/site-packages/airflow/example_dags/tutorial_objectstorage.py
[2025-06-19T14:26:38.155+0000] {processor.py:925} INFO - DAG(s) 'tutorial_objectstorage' retrieved from /home/airflow/.local/lib/python3.12/site-packages/airflow/example_dags/tutorial_objectstorage.py
[2025-06-19T14:26:38.185+0000] {logging_mixin.py:190} INFO - [2025-06-19T14:26:38.185+0000] {dag.py:3239} INFO - Sync 1 DAGs
[2025-06-19T14:26:38.205+0000] {logging_mixin.py:190} INFO - [2025-06-19T14:26:38.205+0000] {dag.py:4180} INFO - Setting next_dagrun for tutorial_objectstorage to None, run_after=None
[2025-06-19T14:26:38.238+0000] {processor.py:208} INFO - Processing /home/airflow/.local/lib/python3.12/site-packages/airflow/example_dags/tutorial_objectstorage.py took 0.131 seconds
