[2025-03-17T01:01:32.995+0000] {local_task_job_runner.py:123} INFO - ::group::Pre task execution logs
[2025-03-17T01:01:33.033+0000] {taskinstance.py:2614} INFO - Dependencies all met for dep_context=non-requeueable deps ti=<TaskInstance: load_reviews_pipeline.dbt_run scheduled__2024-08-29T00:00:00+00:00 [queued]>
[2025-03-17T01:01:33.045+0000] {taskinstance.py:2614} INFO - Dependencies all met for dep_context=requeueable deps ti=<TaskInstance: load_reviews_pipeline.dbt_run scheduled__2024-08-29T00:00:00+00:00 [queued]>
[2025-03-17T01:01:33.045+0000] {taskinstance.py:2867} INFO - Starting attempt 2 of 2
[2025-03-17T01:01:33.069+0000] {taskinstance.py:2890} INFO - Executing <Task(BashOperator): dbt_run> on 2024-08-29 00:00:00+00:00
[2025-03-17T01:01:33.076+0000] {standard_task_runner.py:72} INFO - Started process 303469 to run task
[2025-03-17T01:01:33.083+0000] {standard_task_runner.py:104} INFO - Running: ['airflow', 'tasks', 'run', 'load_reviews_pipeline', 'dbt_run', 'scheduled__2024-08-29T00:00:00+00:00', '--job-id', '457', '--raw', '--subdir', 'DAGS_FOLDER/dag_load_reviews.py', '--cfg-path', '/tmp/tmp9jg4c2zu']
[2025-03-17T01:01:33.085+0000] {standard_task_runner.py:105} INFO - Job 457: Subtask dbt_run
[2025-03-17T01:01:33.216+0000] {task_command.py:467} INFO - Running <TaskInstance: load_reviews_pipeline.dbt_run scheduled__2024-08-29T00:00:00+00:00 [running]> on host DESKTOP-IM7V4RI.
[2025-03-17T01:01:33.418+0000] {taskinstance.py:3134} INFO - Exporting env vars: AIRFLOW_CTX_DAG_OWNER='mohammed' AIRFLOW_CTX_DAG_ID='load_reviews_pipeline' AIRFLOW_CTX_TASK_ID='dbt_run' AIRFLOW_CTX_EXECUTION_DATE='2024-08-29T00:00:00+00:00' AIRFLOW_CTX_TRY_NUMBER='2' AIRFLOW_CTX_DAG_RUN_ID='scheduled__2024-08-29T00:00:00+00:00'
[2025-03-17T01:01:33.419+0000] {logging_mixin.py:190} INFO - Task instance is in running state
[2025-03-17T01:01:33.420+0000] {logging_mixin.py:190} INFO -  Previous state of the Task instance: queued
[2025-03-17T01:01:33.420+0000] {logging_mixin.py:190} INFO - Current task name:dbt_run state:running start_date:2025-03-17 01:01:33.034257+00:00
[2025-03-17T01:01:33.420+0000] {logging_mixin.py:190} INFO - Dag name:load_reviews_pipeline and current dag run status:running
[2025-03-17T01:01:33.421+0000] {taskinstance.py:732} INFO - ::endgroup::
[2025-03-17T01:01:33.422+0000] {subprocess.py:78} INFO - Tmp dir root location: /tmp
[2025-03-17T01:01:33.423+0000] {subprocess.py:88} INFO - Running command: ['/usr/bin/bash', '-c', 'cd /home/mohammed/.dbt/bank_reviews_project && dbt run']
[2025-03-17T01:01:33.441+0000] {subprocess.py:99} INFO - Output:
[2025-03-17T01:01:36.207+0000] {subprocess.py:106} INFO - [0m01:01:36  Running with dbt=1.9.3
[2025-03-17T01:01:36.959+0000] {subprocess.py:106} INFO - [0m01:01:36  Registered adapter: postgres=1.9.0
[2025-03-17T01:01:37.791+0000] {subprocess.py:106} INFO - [0m01:01:37  Found 10 models, 4 data tests, 2 sources, 433 macros
[2025-03-17T01:01:37.799+0000] {subprocess.py:106} INFO - [0m01:01:37
[2025-03-17T01:01:37.800+0000] {subprocess.py:106} INFO - [0m01:01:37  Concurrency: 4 threads (target='dev')
[2025-03-17T01:01:37.801+0000] {subprocess.py:106} INFO - [0m01:01:37
[2025-03-17T01:01:38.066+0000] {subprocess.py:106} INFO - [0m01:01:38  1 of 10 START sql view model public.clean_reviews .............................. [RUN]
[2025-03-17T01:01:38.069+0000] {subprocess.py:106} INFO - [0m01:01:38  2 of 10 START sql table model public.my_first_dbt_model ........................ [RUN]
[2025-03-17T01:01:38.072+0000] {subprocess.py:106} INFO - [0m01:01:38  3 of 10 START sql view model public.remove_duplicates .......................... [RUN]
[2025-03-17T01:01:38.074+0000] {subprocess.py:106} INFO - [0m01:01:38  4 of 10 START sql view model public.stg_clean_reviews .......................... [RUN]
[2025-03-17T01:01:38.747+0000] {subprocess.py:106} INFO - [0m01:01:38  1 of 10 OK created sql view model public.clean_reviews ......................... [[32mCREATE VIEW[0m in 0.67s]
[2025-03-17T01:01:38.764+0000] {subprocess.py:106} INFO - [0m01:01:38  3 of 10 OK created sql view model public.remove_duplicates ..................... [[32mCREATE VIEW[0m in 0.68s]
[2025-03-17T01:01:38.776+0000] {subprocess.py:106} INFO - [0m01:01:38  4 of 10 OK created sql view model public.stg_clean_reviews ..................... [[32mCREATE VIEW[0m in 0.69s]
[2025-03-17T01:01:38.781+0000] {subprocess.py:106} INFO - [0m01:01:38  2 of 10 OK created sql table model public.my_first_dbt_model ................... [[32mSELECT 2[0m in 0.70s]
[2025-03-17T01:01:38.786+0000] {subprocess.py:106} INFO - [0m01:01:38  5 of 10 START sql view model public.dim_bank ................................... [RUN]
[2025-03-17T01:01:38.788+0000] {subprocess.py:106} INFO - [0m01:01:38  6 of 10 START sql view model public.dim_branch ................................. [RUN]
[2025-03-17T01:01:38.790+0000] {subprocess.py:106} INFO - [0m01:01:38  7 of 10 START sql view model public.dim_location ............................... [RUN]
[2025-03-17T01:01:38.807+0000] {subprocess.py:106} INFO - [0m01:01:38  8 of 10 START sql view model public.dim_sentiment .............................. [RUN]
[2025-03-17T01:01:39.170+0000] {subprocess.py:106} INFO - [0m01:01:39  6 of 10 OK created sql view model public.dim_branch ............................ [[32mCREATE VIEW[0m in 0.37s]
[2025-03-17T01:01:39.172+0000] {subprocess.py:106} INFO - [0m01:01:39  5 of 10 OK created sql view model public.dim_bank .............................. [[32mCREATE VIEW[0m in 0.37s]
[2025-03-17T01:01:39.194+0000] {subprocess.py:106} INFO - [0m01:01:39  7 of 10 OK created sql view model public.dim_location .......................... [[32mCREATE VIEW[0m in 0.39s]
[2025-03-17T01:01:39.196+0000] {subprocess.py:106} INFO - [0m01:01:39  9 of 10 START sql view model public.my_second_dbt_model ........................ [RUN]
[2025-03-17T01:01:39.231+0000] {subprocess.py:106} INFO - [0m01:01:39  8 of 10 OK created sql view model public.dim_sentiment ......................... [[32mCREATE VIEW[0m in 0.40s]
[2025-03-17T01:01:39.240+0000] {subprocess.py:106} INFO - [0m01:01:39  10 of 10 START sql view model public.fact_reviews .............................. [RUN]
[2025-03-17T01:01:39.322+0000] {subprocess.py:106} INFO - [0m01:01:39  9 of 10 OK created sql view model public.my_second_dbt_model ................... [[32mCREATE VIEW[0m in 0.12s]
[2025-03-17T01:01:39.348+0000] {subprocess.py:106} INFO - [0m01:01:39  10 of 10 OK created sql view model public.fact_reviews ......................... [[32mCREATE VIEW[0m in 0.10s]
[2025-03-17T01:01:39.388+0000] {subprocess.py:106} INFO - [0m01:01:39
[2025-03-17T01:01:39.389+0000] {subprocess.py:106} INFO - [0m01:01:39  Finished running 1 table model, 9 view models in 0 hours 0 minutes and 1.59 seconds (1.59s).
[2025-03-17T01:01:39.467+0000] {subprocess.py:106} INFO - [0m01:01:39
[2025-03-17T01:01:39.469+0000] {subprocess.py:106} INFO - [0m01:01:39  [32mCompleted successfully[0m
[2025-03-17T01:01:39.470+0000] {subprocess.py:106} INFO - [0m01:01:39
[2025-03-17T01:01:39.471+0000] {subprocess.py:106} INFO - [0m01:01:39  Done. PASS=10 WARN=0 ERROR=0 SKIP=0 TOTAL=10
[2025-03-17T01:01:42.317+0000] {subprocess.py:110} INFO - Command exited with return code 0
[2025-03-17T01:01:42.395+0000] {taskinstance.py:341} INFO - ::group::Post task execution logs
[2025-03-17T01:01:42.396+0000] {taskinstance.py:353} INFO - Marking task as SUCCESS. dag_id=load_reviews_pipeline, task_id=dbt_run, run_id=scheduled__2024-08-29T00:00:00+00:00, execution_date=20240829T000000, start_date=20250317T010133, end_date=20250317T010142
[2025-03-17T01:01:42.727+0000] {logging_mixin.py:190} INFO - Task instance in success state
[2025-03-17T01:01:42.728+0000] {logging_mixin.py:190} INFO -  Previous state of the Task instance: running
[2025-03-17T01:01:42.728+0000] {logging_mixin.py:190} INFO - Dag name:load_reviews_pipeline queued_at:2025-03-17 00:55:50.905114+00:00
[2025-03-17T01:01:42.729+0000] {logging_mixin.py:190} INFO - Task hostname:DESKTOP-IM7V4RI. operator:BashOperator
[2025-03-17T01:01:42.743+0000] {local_task_job_runner.py:266} INFO - Task exited with return code 0
[2025-03-17T01:01:42.784+0000] {taskinstance.py:3901} INFO - 0 downstream tasks scheduled from follow-on schedule check
[2025-03-17T01:01:42.792+0000] {local_task_job_runner.py:245} INFO - ::endgroup::
