[2025-02-17T17:05:43.591+0100] {processor.py:186} INFO - Started process (PID=2401) to work on /mnt/c/Users/hp/venv/lib/python3.11/site-packages/airflow/example_dags/plugins/decreasing_priority_weight_strategy.py
[2025-02-17T17:05:43.594+0100] {processor.py:914} INFO - Processing file /mnt/c/Users/hp/venv/lib/python3.11/site-packages/airflow/example_dags/plugins/decreasing_priority_weight_strategy.py for tasks to queue
[2025-02-17T17:05:43.602+0100] {logging_mixin.py:190} INFO - [2025-02-17T17:05:43.600+0100] {dagbag.py:588} INFO - Filling up the DagBag from /mnt/c/Users/hp/venv/lib/python3.11/site-packages/airflow/example_dags/plugins/decreasing_priority_weight_strategy.py
[2025-02-17T17:05:43.669+0100] {processor.py:927} WARNING - No viable dags retrieved from /mnt/c/Users/hp/venv/lib/python3.11/site-packages/airflow/example_dags/plugins/decreasing_priority_weight_strategy.py
[2025-02-17T17:05:43.689+0100] {processor.py:208} INFO - Processing /mnt/c/Users/hp/venv/lib/python3.11/site-packages/airflow/example_dags/plugins/decreasing_priority_weight_strategy.py took 0.123 seconds
[2025-02-17T17:10:37.409+0100] {processor.py:186} INFO - Started process (PID=2499) to work on /mnt/c/Users/hp/venv/lib/python3.11/site-packages/airflow/example_dags/plugins/decreasing_priority_weight_strategy.py
[2025-02-17T17:10:37.417+0100] {processor.py:914} INFO - Processing file /mnt/c/Users/hp/venv/lib/python3.11/site-packages/airflow/example_dags/plugins/decreasing_priority_weight_strategy.py for tasks to queue
[2025-02-17T17:10:37.424+0100] {logging_mixin.py:190} INFO - [2025-02-17T17:10:37.422+0100] {dagbag.py:588} INFO - Filling up the DagBag from /mnt/c/Users/hp/venv/lib/python3.11/site-packages/airflow/example_dags/plugins/decreasing_priority_weight_strategy.py
[2025-02-17T17:10:37.482+0100] {processor.py:927} WARNING - No viable dags retrieved from /mnt/c/Users/hp/venv/lib/python3.11/site-packages/airflow/example_dags/plugins/decreasing_priority_weight_strategy.py
[2025-02-17T17:10:37.504+0100] {processor.py:208} INFO - Processing /mnt/c/Users/hp/venv/lib/python3.11/site-packages/airflow/example_dags/plugins/decreasing_priority_weight_strategy.py took 0.148 seconds
[2025-02-17T17:11:54.819+0100] {processor.py:186} INFO - Started process (PID=2551) to work on /mnt/c/Users/hp/venv/lib/python3.11/site-packages/airflow/example_dags/plugins/decreasing_priority_weight_strategy.py
[2025-02-17T17:11:54.825+0100] {processor.py:914} INFO - Processing file /mnt/c/Users/hp/venv/lib/python3.11/site-packages/airflow/example_dags/plugins/decreasing_priority_weight_strategy.py for tasks to queue
[2025-02-17T17:11:54.835+0100] {logging_mixin.py:190} INFO - [2025-02-17T17:11:54.832+0100] {dagbag.py:588} INFO - Filling up the DagBag from /mnt/c/Users/hp/venv/lib/python3.11/site-packages/airflow/example_dags/plugins/decreasing_priority_weight_strategy.py
[2025-02-17T17:11:54.916+0100] {processor.py:927} WARNING - No viable dags retrieved from /mnt/c/Users/hp/venv/lib/python3.11/site-packages/airflow/example_dags/plugins/decreasing_priority_weight_strategy.py
[2025-02-17T17:11:54.948+0100] {processor.py:208} INFO - Processing /mnt/c/Users/hp/venv/lib/python3.11/site-packages/airflow/example_dags/plugins/decreasing_priority_weight_strategy.py took 0.166 seconds
[2025-02-17T17:12:54.754+0100] {processor.py:186} INFO - Started process (PID=2602) to work on /mnt/c/Users/hp/venv/lib/python3.11/site-packages/airflow/example_dags/plugins/decreasing_priority_weight_strategy.py
[2025-02-17T17:12:54.766+0100] {processor.py:914} INFO - Processing file /mnt/c/Users/hp/venv/lib/python3.11/site-packages/airflow/example_dags/plugins/decreasing_priority_weight_strategy.py for tasks to queue
[2025-02-17T17:12:54.792+0100] {logging_mixin.py:190} INFO - [2025-02-17T17:12:54.784+0100] {dagbag.py:588} INFO - Filling up the DagBag from /mnt/c/Users/hp/venv/lib/python3.11/site-packages/airflow/example_dags/plugins/decreasing_priority_weight_strategy.py
[2025-02-17T17:12:54.882+0100] {processor.py:927} WARNING - No viable dags retrieved from /mnt/c/Users/hp/venv/lib/python3.11/site-packages/airflow/example_dags/plugins/decreasing_priority_weight_strategy.py
[2025-02-17T17:12:54.919+0100] {processor.py:208} INFO - Processing /mnt/c/Users/hp/venv/lib/python3.11/site-packages/airflow/example_dags/plugins/decreasing_priority_weight_strategy.py took 0.249 seconds
[2025-02-17T17:14:00.112+0100] {processor.py:186} INFO - Started process (PID=2642) to work on /mnt/c/Users/hp/venv/lib/python3.11/site-packages/airflow/example_dags/plugins/decreasing_priority_weight_strategy.py
[2025-02-17T17:14:00.116+0100] {processor.py:914} INFO - Processing file /mnt/c/Users/hp/venv/lib/python3.11/site-packages/airflow/example_dags/plugins/decreasing_priority_weight_strategy.py for tasks to queue
[2025-02-17T17:14:00.125+0100] {logging_mixin.py:190} INFO - [2025-02-17T17:14:00.122+0100] {dagbag.py:588} INFO - Filling up the DagBag from /mnt/c/Users/hp/venv/lib/python3.11/site-packages/airflow/example_dags/plugins/decreasing_priority_weight_strategy.py
[2025-02-17T17:14:00.186+0100] {processor.py:927} WARNING - No viable dags retrieved from /mnt/c/Users/hp/venv/lib/python3.11/site-packages/airflow/example_dags/plugins/decreasing_priority_weight_strategy.py
[2025-02-17T17:14:00.210+0100] {processor.py:208} INFO - Processing /mnt/c/Users/hp/venv/lib/python3.11/site-packages/airflow/example_dags/plugins/decreasing_priority_weight_strategy.py took 0.127 seconds
[2025-02-17T17:15:03.126+0100] {processor.py:186} INFO - Started process (PID=2685) to work on /mnt/c/Users/hp/venv/lib/python3.11/site-packages/airflow/example_dags/plugins/decreasing_priority_weight_strategy.py
[2025-02-17T17:15:03.132+0100] {processor.py:914} INFO - Processing file /mnt/c/Users/hp/venv/lib/python3.11/site-packages/airflow/example_dags/plugins/decreasing_priority_weight_strategy.py for tasks to queue
[2025-02-17T17:15:03.145+0100] {logging_mixin.py:190} INFO - [2025-02-17T17:15:03.142+0100] {dagbag.py:588} INFO - Filling up the DagBag from /mnt/c/Users/hp/venv/lib/python3.11/site-packages/airflow/example_dags/plugins/decreasing_priority_weight_strategy.py
[2025-02-17T17:15:03.208+0100] {processor.py:927} WARNING - No viable dags retrieved from /mnt/c/Users/hp/venv/lib/python3.11/site-packages/airflow/example_dags/plugins/decreasing_priority_weight_strategy.py
[2025-02-17T17:15:03.227+0100] {processor.py:208} INFO - Processing /mnt/c/Users/hp/venv/lib/python3.11/site-packages/airflow/example_dags/plugins/decreasing_priority_weight_strategy.py took 0.147 seconds
[2025-02-17T17:16:07.483+0100] {processor.py:186} INFO - Started process (PID=2722) to work on /mnt/c/Users/hp/venv/lib/python3.11/site-packages/airflow/example_dags/plugins/decreasing_priority_weight_strategy.py
[2025-02-17T17:16:07.486+0100] {processor.py:914} INFO - Processing file /mnt/c/Users/hp/venv/lib/python3.11/site-packages/airflow/example_dags/plugins/decreasing_priority_weight_strategy.py for tasks to queue
[2025-02-17T17:16:07.493+0100] {logging_mixin.py:190} INFO - [2025-02-17T17:16:07.491+0100] {dagbag.py:588} INFO - Filling up the DagBag from /mnt/c/Users/hp/venv/lib/python3.11/site-packages/airflow/example_dags/plugins/decreasing_priority_weight_strategy.py
[2025-02-17T17:16:07.544+0100] {processor.py:927} WARNING - No viable dags retrieved from /mnt/c/Users/hp/venv/lib/python3.11/site-packages/airflow/example_dags/plugins/decreasing_priority_weight_strategy.py
[2025-02-17T17:16:07.566+0100] {processor.py:208} INFO - Processing /mnt/c/Users/hp/venv/lib/python3.11/site-packages/airflow/example_dags/plugins/decreasing_priority_weight_strategy.py took 0.133 seconds
[2025-02-17T17:17:05.430+0100] {processor.py:186} INFO - Started process (PID=2770) to work on /mnt/c/Users/hp/venv/lib/python3.11/site-packages/airflow/example_dags/plugins/decreasing_priority_weight_strategy.py
[2025-02-17T17:17:05.435+0100] {processor.py:914} INFO - Processing file /mnt/c/Users/hp/venv/lib/python3.11/site-packages/airflow/example_dags/plugins/decreasing_priority_weight_strategy.py for tasks to queue
[2025-02-17T17:17:05.458+0100] {logging_mixin.py:190} INFO - [2025-02-17T17:17:05.454+0100] {dagbag.py:588} INFO - Filling up the DagBag from /mnt/c/Users/hp/venv/lib/python3.11/site-packages/airflow/example_dags/plugins/decreasing_priority_weight_strategy.py
[2025-02-17T17:17:05.542+0100] {processor.py:927} WARNING - No viable dags retrieved from /mnt/c/Users/hp/venv/lib/python3.11/site-packages/airflow/example_dags/plugins/decreasing_priority_weight_strategy.py
[2025-02-17T17:17:05.570+0100] {processor.py:208} INFO - Processing /mnt/c/Users/hp/venv/lib/python3.11/site-packages/airflow/example_dags/plugins/decreasing_priority_weight_strategy.py took 0.178 seconds
[2025-02-17T17:17:54.015+0100] {processor.py:186} INFO - Started process (PID=2804) to work on /mnt/c/Users/hp/venv/lib/python3.11/site-packages/airflow/example_dags/plugins/decreasing_priority_weight_strategy.py
[2025-02-17T17:17:54.022+0100] {processor.py:914} INFO - Processing file /mnt/c/Users/hp/venv/lib/python3.11/site-packages/airflow/example_dags/plugins/decreasing_priority_weight_strategy.py for tasks to queue
[2025-02-17T17:17:54.029+0100] {logging_mixin.py:190} INFO - [2025-02-17T17:17:54.027+0100] {dagbag.py:588} INFO - Filling up the DagBag from /mnt/c/Users/hp/venv/lib/python3.11/site-packages/airflow/example_dags/plugins/decreasing_priority_weight_strategy.py
[2025-02-17T17:17:54.076+0100] {processor.py:927} WARNING - No viable dags retrieved from /mnt/c/Users/hp/venv/lib/python3.11/site-packages/airflow/example_dags/plugins/decreasing_priority_weight_strategy.py
[2025-02-17T17:17:54.092+0100] {processor.py:208} INFO - Processing /mnt/c/Users/hp/venv/lib/python3.11/site-packages/airflow/example_dags/plugins/decreasing_priority_weight_strategy.py took 0.099 seconds
[2025-02-17T17:18:43.257+0100] {processor.py:186} INFO - Started process (PID=2842) to work on /mnt/c/Users/hp/venv/lib/python3.11/site-packages/airflow/example_dags/plugins/decreasing_priority_weight_strategy.py
[2025-02-17T17:18:43.264+0100] {processor.py:914} INFO - Processing file /mnt/c/Users/hp/venv/lib/python3.11/site-packages/airflow/example_dags/plugins/decreasing_priority_weight_strategy.py for tasks to queue
[2025-02-17T17:18:43.272+0100] {logging_mixin.py:190} INFO - [2025-02-17T17:18:43.269+0100] {dagbag.py:588} INFO - Filling up the DagBag from /mnt/c/Users/hp/venv/lib/python3.11/site-packages/airflow/example_dags/plugins/decreasing_priority_weight_strategy.py
[2025-02-17T17:18:43.322+0100] {processor.py:927} WARNING - No viable dags retrieved from /mnt/c/Users/hp/venv/lib/python3.11/site-packages/airflow/example_dags/plugins/decreasing_priority_weight_strategy.py
[2025-02-17T17:18:43.351+0100] {processor.py:208} INFO - Processing /mnt/c/Users/hp/venv/lib/python3.11/site-packages/airflow/example_dags/plugins/decreasing_priority_weight_strategy.py took 0.121 seconds
[2025-02-17T17:19:30.827+0100] {processor.py:186} INFO - Started process (PID=2879) to work on /mnt/c/Users/hp/venv/lib/python3.11/site-packages/airflow/example_dags/plugins/decreasing_priority_weight_strategy.py
[2025-02-17T17:19:30.834+0100] {processor.py:914} INFO - Processing file /mnt/c/Users/hp/venv/lib/python3.11/site-packages/airflow/example_dags/plugins/decreasing_priority_weight_strategy.py for tasks to queue
[2025-02-17T17:19:30.841+0100] {logging_mixin.py:190} INFO - [2025-02-17T17:19:30.839+0100] {dagbag.py:588} INFO - Filling up the DagBag from /mnt/c/Users/hp/venv/lib/python3.11/site-packages/airflow/example_dags/plugins/decreasing_priority_weight_strategy.py
[2025-02-17T17:19:30.895+0100] {processor.py:927} WARNING - No viable dags retrieved from /mnt/c/Users/hp/venv/lib/python3.11/site-packages/airflow/example_dags/plugins/decreasing_priority_weight_strategy.py
[2025-02-17T17:19:30.914+0100] {processor.py:208} INFO - Processing /mnt/c/Users/hp/venv/lib/python3.11/site-packages/airflow/example_dags/plugins/decreasing_priority_weight_strategy.py took 0.114 seconds
[2025-02-17T17:20:17.396+0100] {processor.py:186} INFO - Started process (PID=2917) to work on /mnt/c/Users/hp/venv/lib/python3.11/site-packages/airflow/example_dags/plugins/decreasing_priority_weight_strategy.py
[2025-02-17T17:20:17.403+0100] {processor.py:914} INFO - Processing file /mnt/c/Users/hp/venv/lib/python3.11/site-packages/airflow/example_dags/plugins/decreasing_priority_weight_strategy.py for tasks to queue
[2025-02-17T17:20:17.411+0100] {logging_mixin.py:190} INFO - [2025-02-17T17:20:17.408+0100] {dagbag.py:588} INFO - Filling up the DagBag from /mnt/c/Users/hp/venv/lib/python3.11/site-packages/airflow/example_dags/plugins/decreasing_priority_weight_strategy.py
[2025-02-17T17:20:17.474+0100] {processor.py:927} WARNING - No viable dags retrieved from /mnt/c/Users/hp/venv/lib/python3.11/site-packages/airflow/example_dags/plugins/decreasing_priority_weight_strategy.py
[2025-02-17T17:20:17.492+0100] {processor.py:208} INFO - Processing /mnt/c/Users/hp/venv/lib/python3.11/site-packages/airflow/example_dags/plugins/decreasing_priority_weight_strategy.py took 0.125 seconds
[2025-02-17T17:21:06.050+0100] {processor.py:186} INFO - Started process (PID=2951) to work on /mnt/c/Users/hp/venv/lib/python3.11/site-packages/airflow/example_dags/plugins/decreasing_priority_weight_strategy.py
[2025-02-17T17:21:06.057+0100] {processor.py:914} INFO - Processing file /mnt/c/Users/hp/venv/lib/python3.11/site-packages/airflow/example_dags/plugins/decreasing_priority_weight_strategy.py for tasks to queue
[2025-02-17T17:21:06.065+0100] {logging_mixin.py:190} INFO - [2025-02-17T17:21:06.062+0100] {dagbag.py:588} INFO - Filling up the DagBag from /mnt/c/Users/hp/venv/lib/python3.11/site-packages/airflow/example_dags/plugins/decreasing_priority_weight_strategy.py
[2025-02-17T17:21:06.119+0100] {processor.py:927} WARNING - No viable dags retrieved from /mnt/c/Users/hp/venv/lib/python3.11/site-packages/airflow/example_dags/plugins/decreasing_priority_weight_strategy.py
[2025-02-17T17:21:06.141+0100] {processor.py:208} INFO - Processing /mnt/c/Users/hp/venv/lib/python3.11/site-packages/airflow/example_dags/plugins/decreasing_priority_weight_strategy.py took 0.116 seconds
[2025-02-17T17:21:59.503+0100] {processor.py:186} INFO - Started process (PID=2993) to work on /mnt/c/Users/hp/venv/lib/python3.11/site-packages/airflow/example_dags/plugins/decreasing_priority_weight_strategy.py
[2025-02-17T17:21:59.510+0100] {processor.py:914} INFO - Processing file /mnt/c/Users/hp/venv/lib/python3.11/site-packages/airflow/example_dags/plugins/decreasing_priority_weight_strategy.py for tasks to queue
[2025-02-17T17:21:59.517+0100] {logging_mixin.py:190} INFO - [2025-02-17T17:21:59.515+0100] {dagbag.py:588} INFO - Filling up the DagBag from /mnt/c/Users/hp/venv/lib/python3.11/site-packages/airflow/example_dags/plugins/decreasing_priority_weight_strategy.py
[2025-02-17T17:21:59.573+0100] {processor.py:927} WARNING - No viable dags retrieved from /mnt/c/Users/hp/venv/lib/python3.11/site-packages/airflow/example_dags/plugins/decreasing_priority_weight_strategy.py
[2025-02-17T17:21:59.589+0100] {processor.py:208} INFO - Processing /mnt/c/Users/hp/venv/lib/python3.11/site-packages/airflow/example_dags/plugins/decreasing_priority_weight_strategy.py took 0.113 seconds
[2025-02-17T17:35:01.217+0100] {processor.py:186} INFO - Started process (PID=443) to work on /mnt/c/Users/hp/venv/lib/python3.11/site-packages/airflow/example_dags/plugins/decreasing_priority_weight_strategy.py
[2025-02-17T17:35:01.232+0100] {processor.py:914} INFO - Processing file /mnt/c/Users/hp/venv/lib/python3.11/site-packages/airflow/example_dags/plugins/decreasing_priority_weight_strategy.py for tasks to queue
[2025-02-17T17:35:01.256+0100] {logging_mixin.py:190} INFO - [2025-02-17T17:35:01.249+0100] {dagbag.py:588} INFO - Filling up the DagBag from /mnt/c/Users/hp/venv/lib/python3.11/site-packages/airflow/example_dags/plugins/decreasing_priority_weight_strategy.py
[2025-02-17T17:35:01.404+0100] {processor.py:927} WARNING - No viable dags retrieved from /mnt/c/Users/hp/venv/lib/python3.11/site-packages/airflow/example_dags/plugins/decreasing_priority_weight_strategy.py
[2025-02-17T17:35:01.476+0100] {processor.py:208} INFO - Processing /mnt/c/Users/hp/venv/lib/python3.11/site-packages/airflow/example_dags/plugins/decreasing_priority_weight_strategy.py took 0.329 seconds
[2025-02-17T17:37:09.386+0100] {processor.py:186} INFO - Started process (PID=522) to work on /mnt/c/Users/hp/venv/lib/python3.11/site-packages/airflow/example_dags/plugins/decreasing_priority_weight_strategy.py
[2025-02-17T17:37:09.397+0100] {processor.py:914} INFO - Processing file /mnt/c/Users/hp/venv/lib/python3.11/site-packages/airflow/example_dags/plugins/decreasing_priority_weight_strategy.py for tasks to queue
[2025-02-17T17:37:09.413+0100] {logging_mixin.py:190} INFO - [2025-02-17T17:37:09.408+0100] {dagbag.py:588} INFO - Filling up the DagBag from /mnt/c/Users/hp/venv/lib/python3.11/site-packages/airflow/example_dags/plugins/decreasing_priority_weight_strategy.py
[2025-02-17T17:37:09.539+0100] {processor.py:927} WARNING - No viable dags retrieved from /mnt/c/Users/hp/venv/lib/python3.11/site-packages/airflow/example_dags/plugins/decreasing_priority_weight_strategy.py
[2025-02-17T17:37:09.579+0100] {processor.py:208} INFO - Processing /mnt/c/Users/hp/venv/lib/python3.11/site-packages/airflow/example_dags/plugins/decreasing_priority_weight_strategy.py took 0.248 seconds
[2025-02-17T17:38:38.149+0100] {processor.py:186} INFO - Started process (PID=597) to work on /mnt/c/Users/hp/venv/lib/python3.11/site-packages/airflow/example_dags/plugins/decreasing_priority_weight_strategy.py
[2025-02-17T17:38:38.165+0100] {processor.py:914} INFO - Processing file /mnt/c/Users/hp/venv/lib/python3.11/site-packages/airflow/example_dags/plugins/decreasing_priority_weight_strategy.py for tasks to queue
[2025-02-17T17:38:38.188+0100] {logging_mixin.py:190} INFO - [2025-02-17T17:38:38.181+0100] {dagbag.py:588} INFO - Filling up the DagBag from /mnt/c/Users/hp/venv/lib/python3.11/site-packages/airflow/example_dags/plugins/decreasing_priority_weight_strategy.py
[2025-02-17T17:38:38.333+0100] {processor.py:927} WARNING - No viable dags retrieved from /mnt/c/Users/hp/venv/lib/python3.11/site-packages/airflow/example_dags/plugins/decreasing_priority_weight_strategy.py
[2025-02-17T17:38:38.394+0100] {processor.py:208} INFO - Processing /mnt/c/Users/hp/venv/lib/python3.11/site-packages/airflow/example_dags/plugins/decreasing_priority_weight_strategy.py took 0.319 seconds
[2025-02-17T17:40:15.353+0100] {processor.py:186} INFO - Started process (PID=656) to work on /mnt/c/Users/hp/venv/lib/python3.11/site-packages/airflow/example_dags/plugins/decreasing_priority_weight_strategy.py
[2025-02-17T17:40:15.366+0100] {processor.py:914} INFO - Processing file /mnt/c/Users/hp/venv/lib/python3.11/site-packages/airflow/example_dags/plugins/decreasing_priority_weight_strategy.py for tasks to queue
[2025-02-17T17:40:15.386+0100] {logging_mixin.py:190} INFO - [2025-02-17T17:40:15.380+0100] {dagbag.py:588} INFO - Filling up the DagBag from /mnt/c/Users/hp/venv/lib/python3.11/site-packages/airflow/example_dags/plugins/decreasing_priority_weight_strategy.py
[2025-02-17T17:40:15.521+0100] {processor.py:927} WARNING - No viable dags retrieved from /mnt/c/Users/hp/venv/lib/python3.11/site-packages/airflow/example_dags/plugins/decreasing_priority_weight_strategy.py
[2025-02-17T17:40:15.570+0100] {processor.py:208} INFO - Processing /mnt/c/Users/hp/venv/lib/python3.11/site-packages/airflow/example_dags/plugins/decreasing_priority_weight_strategy.py took 0.286 seconds
[2025-02-17T17:48:44.210+0100] {processor.py:186} INFO - Started process (PID=935) to work on /mnt/c/Users/hp/venv/lib/python3.11/site-packages/airflow/example_dags/plugins/decreasing_priority_weight_strategy.py
[2025-02-17T17:48:44.221+0100] {processor.py:914} INFO - Processing file /mnt/c/Users/hp/venv/lib/python3.11/site-packages/airflow/example_dags/plugins/decreasing_priority_weight_strategy.py for tasks to queue
[2025-02-17T17:48:44.232+0100] {logging_mixin.py:190} INFO - [2025-02-17T17:48:44.226+0100] {dagbag.py:588} INFO - Filling up the DagBag from /mnt/c/Users/hp/venv/lib/python3.11/site-packages/airflow/example_dags/plugins/decreasing_priority_weight_strategy.py
[2025-02-17T17:48:44.337+0100] {processor.py:927} WARNING - No viable dags retrieved from /mnt/c/Users/hp/venv/lib/python3.11/site-packages/airflow/example_dags/plugins/decreasing_priority_weight_strategy.py
[2025-02-17T17:48:44.369+0100] {processor.py:208} INFO - Processing /mnt/c/Users/hp/venv/lib/python3.11/site-packages/airflow/example_dags/plugins/decreasing_priority_weight_strategy.py took 0.209 seconds
