[2025-05-29T17:38:45.873+0100] {local_task_job_runner.py:123} INFO - ::group::Pre task execution logs
[2025-05-29T17:38:46.033+0100] {taskinstance.py:2614} INFO - Dependencies all met for dep_context=non-requeueable deps ti=<TaskInstance: bank_reviews_etl_and_analysis_pipeline.convertir_date_relative manual__2025-05-29T16:38:37.173838+00:00 [queued]>
[2025-05-29T17:38:46.098+0100] {taskinstance.py:2614} INFO - Dependencies all met for dep_context=requeueable deps ti=<TaskInstance: bank_reviews_etl_and_analysis_pipeline.convertir_date_relative manual__2025-05-29T16:38:37.173838+00:00 [queued]>
[2025-05-29T17:38:46.099+0100] {taskinstance.py:2867} INFO - Starting attempt 1 of 2
[2025-05-29T17:38:46.204+0100] {taskinstance.py:2890} INFO - Executing <Task(BashOperator): convertir_date_relative> on 2025-05-29 16:38:37.173838+00:00
[2025-05-29T17:38:46.268+0100] {standard_task_runner.py:104} INFO - Running: ['airflow', 'tasks', 'run', 'bank_reviews_etl_and_analysis_pipeline', 'convertir_date_relative', 'manual__2025-05-29T16:38:37.173838+00:00', '--job-id', '2552', '--raw', '--subdir', 'DAGS_FOLDER/dag_load_reviews.py', '--cfg-path', '/tmp/tmp9_dh74sq']
[2025-05-29T17:38:46.272+0100] {standard_task_runner.py:105} INFO - Job 2552: Subtask convertir_date_relative
[2025-05-29T17:38:46.274+0100] {standard_task_runner.py:72} INFO - Started process 322928 to run task
[2025-05-29T17:38:46.499+0100] {task_command.py:467} INFO - Running <TaskInstance: bank_reviews_etl_and_analysis_pipeline.convertir_date_relative manual__2025-05-29T16:38:37.173838+00:00 [running]> on host DESKTOP-IM7V4RI.
[2025-05-29T17:38:46.970+0100] {taskinstance.py:3134} INFO - Exporting env vars: AIRFLOW_CTX_DAG_OWNER='mohammed' AIRFLOW_CTX_DAG_ID='bank_reviews_etl_and_analysis_pipeline' AIRFLOW_CTX_TASK_ID='convertir_date_relative' AIRFLOW_CTX_EXECUTION_DATE='2025-05-29T16:38:37.173838+00:00' AIRFLOW_CTX_TRY_NUMBER='1' AIRFLOW_CTX_DAG_RUN_ID='manual__2025-05-29T16:38:37.173838+00:00'
[2025-05-29T17:38:46.976+0100] {logging_mixin.py:190} INFO - Task instance is in running state
[2025-05-29T17:38:46.977+0100] {logging_mixin.py:190} INFO -  Previous state of the Task instance: queued
[2025-05-29T17:38:46.977+0100] {logging_mixin.py:190} INFO - Current task name:convertir_date_relative state:running start_date:2025-05-29 16:38:46.034674+00:00
[2025-05-29T17:38:46.977+0100] {logging_mixin.py:190} INFO - Dag name:bank_reviews_etl_and_analysis_pipeline and current dag run status:running
[2025-05-29T17:38:46.978+0100] {taskinstance.py:732} INFO - ::endgroup::
[2025-05-29T17:38:46.983+0100] {subprocess.py:78} INFO - Tmp dir root location: /tmp
[2025-05-29T17:38:46.991+0100] {subprocess.py:88} INFO - Running command: ['/usr/bin/bash', '-c', 'python3 /home/mohammed/airflow/scripts/convertir_date_relative.py']
[2025-05-29T17:38:47.022+0100] {subprocess.py:99} INFO - Output:
[2025-05-29T17:39:33.453+0100] {subprocess.py:106} INFO - ❌ Erreur : invalid input syntax for type date: "Date inconnue"
[2025-05-29T17:39:33.455+0100] {subprocess.py:106} INFO - LINE 3:                 SET review_date_absolute = 'Date inconnue'
[2025-05-29T17:39:33.456+0100] {subprocess.py:106} INFO -                                                    ^
[2025-05-29T17:39:33.457+0100] {subprocess.py:106} INFO - 
[2025-05-29T17:39:33.485+0100] {subprocess.py:110} INFO - Command exited with return code 0
[2025-05-29T17:39:33.559+0100] {taskinstance.py:341} INFO - ::group::Post task execution logs
[2025-05-29T17:39:33.560+0100] {taskinstance.py:353} INFO - Marking task as SUCCESS. dag_id=bank_reviews_etl_and_analysis_pipeline, task_id=convertir_date_relative, run_id=manual__2025-05-29T16:38:37.173838+00:00, execution_date=20250529T163837, start_date=20250529T163846, end_date=20250529T163933
[2025-05-29T17:39:33.618+0100] {logging_mixin.py:190} INFO - Task instance in success state
[2025-05-29T17:39:33.618+0100] {logging_mixin.py:190} INFO -  Previous state of the Task instance: running
[2025-05-29T17:39:33.618+0100] {logging_mixin.py:190} INFO - Dag name:bank_reviews_etl_and_analysis_pipeline queued_at:2025-05-29 16:38:37.836407+00:00
[2025-05-29T17:39:33.618+0100] {logging_mixin.py:190} INFO - Task hostname:DESKTOP-IM7V4RI. operator:BashOperator
[2025-05-29T17:39:33.668+0100] {local_task_job_runner.py:266} INFO - Task exited with return code 0
[2025-05-29T17:39:33.718+0100] {taskinstance.py:3901} INFO - 1 downstream tasks scheduled from follow-on schedule check
[2025-05-29T17:39:33.726+0100] {local_task_job_runner.py:245} INFO - ::endgroup::
