[2025-03-13T17:25:25.268+0000] {local_task_job_runner.py:123} INFO - ::group::Pre task execution logs
[2025-03-13T17:25:25.361+0000] {taskinstance.py:2614} INFO - Dependencies all met for dep_context=non-requeueable deps ti=<TaskInstance: dag3.extract_mad_task manual__2025-03-13T17:25:21.709069+00:00 [queued]>
[2025-03-13T17:25:25.390+0000] {taskinstance.py:2614} INFO - Dependencies all met for dep_context=requeueable deps ti=<TaskInstance: dag3.extract_mad_task manual__2025-03-13T17:25:21.709069+00:00 [queued]>
[2025-03-13T17:25:25.391+0000] {taskinstance.py:2867} INFO - Starting attempt 1 of 1
[2025-03-13T17:25:27.419+0000] {taskinstance.py:2890} INFO - Executing <Task(PythonOperator): extract_mad_task> on 2025-03-13 17:25:21.709069+00:00
[2025-03-13T17:25:27.434+0000] {standard_task_runner.py:72} INFO - Started process 96270 to run task
[2025-03-13T17:25:27.446+0000] {standard_task_runner.py:104} INFO - Running: ['airflow', 'tasks', 'run', 'dag3', 'extract_mad_task', 'manual__2025-03-13T17:25:21.709069+00:00', '--job-id', '134', '--raw', '--subdir', 'DAGS_FOLDER/dag3.py', '--cfg-path', '/tmp/tmp_etqgjc1']
[2025-03-13T17:25:27.452+0000] {standard_task_runner.py:105} INFO - Job 134: Subtask extract_mad_task
[2025-03-13T17:25:27.811+0000] {task_command.py:467} INFO - Running <TaskInstance: dag3.extract_mad_task manual__2025-03-13T17:25:21.709069+00:00 [running]> on host DESKTOP-IM7V4RI.
[2025-03-13T17:25:28.390+0000] {taskinstance.py:3134} INFO - Exporting env vars: AIRFLOW_CTX_DAG_EMAIL='test@insea.ac.ma' AIRFLOW_CTX_DAG_OWNER='airflow' AIRFLOW_CTX_DAG_ID='dag3' AIRFLOW_CTX_TASK_ID='extract_mad_task' AIRFLOW_CTX_EXECUTION_DATE='2025-03-13T17:25:21.709069+00:00' AIRFLOW_CTX_TRY_NUMBER='1' AIRFLOW_CTX_DAG_RUN_ID='manual__2025-03-13T17:25:21.709069+00:00'
[2025-03-13T17:25:28.396+0000] {logging_mixin.py:190} INFO - Task instance is in running state
[2025-03-13T17:25:28.397+0000] {logging_mixin.py:190} INFO -  Previous state of the Task instance: queued
[2025-03-13T17:25:28.398+0000] {logging_mixin.py:190} INFO - Current task name:extract_mad_task state:running start_date:2025-03-13 17:25:25.363857+00:00
[2025-03-13T17:25:28.398+0000] {logging_mixin.py:190} INFO - Dag name:dag3 and current dag run status:running
[2025-03-13T17:25:28.399+0000] {taskinstance.py:732} INFO - ::endgroup::
[2025-03-13T17:25:28.540+0000] {python.py:240} INFO - Done. Returned value was: {"bpi":{"MAD":{"code":"MAD","description":"Moroccan Dirham","rate":"523,836.986","rate_float":523836.9855,"symbol":"MAD"},"USD":{"code":"USD","description":"United States Dollar","rate":"52,169.107","rate_float":52169.1068,"symbol":"&#36;"}},"disclaimer":"This data was produced from the CoinDesk Bitcoin Price Index (USD). Non-USD currency data converted using hourly conversion rate from openexchangerates.org","time":{"updated":"Mar 13, 2025 17:25:28 UTC","updatedISO":"2025-03-13T17:25:28.483465Z","updateduk":"Mar 13, 2025 at 17:25 GMT"}}

[2025-03-13T17:25:28.745+0000] {taskinstance.py:341} INFO - ::group::Post task execution logs
[2025-03-13T17:25:28.746+0000] {taskinstance.py:353} INFO - Marking task as SUCCESS. dag_id=dag3, task_id=extract_mad_task, run_id=manual__2025-03-13T17:25:21.709069+00:00, execution_date=20250313T172521, start_date=20250313T172525, end_date=20250313T172528
[2025-03-13T17:25:28.863+0000] {logging_mixin.py:190} INFO - Task instance in success state
[2025-03-13T17:25:28.864+0000] {logging_mixin.py:190} INFO -  Previous state of the Task instance: running
[2025-03-13T17:25:28.865+0000] {logging_mixin.py:190} INFO - Dag name:dag3 queued_at:2025-03-13 17:25:22.122957+00:00
[2025-03-13T17:25:28.865+0000] {logging_mixin.py:190} INFO - Task hostname:DESKTOP-IM7V4RI. operator:PythonOperator
[2025-03-13T17:25:28.918+0000] {local_task_job_runner.py:266} INFO - Task exited with return code 0
[2025-03-13T17:25:28.961+0000] {local_task_job_runner.py:245} INFO - ::endgroup::
