[2025-03-28T02:25:51.978+0000] {local_task_job_runner.py:123} INFO - ::group::Pre task execution logs
[2025-03-28T02:25:52.147+0000] {taskinstance.py:2614} INFO - Dependencies all met for dep_context=non-requeueable deps ti=<TaskInstance: load_dbt_clean_reviews_pipeline.dbt_run_transactional scheduled__2024-07-30T00:00:00+00:00 [queued]>
[2025-03-28T02:25:52.169+0000] {taskinstance.py:2614} INFO - Dependencies all met for dep_context=requeueable deps ti=<TaskInstance: load_dbt_clean_reviews_pipeline.dbt_run_transactional scheduled__2024-07-30T00:00:00+00:00 [queued]>
[2025-03-28T02:25:52.174+0000] {taskinstance.py:2867} INFO - Starting attempt 1 of 2
[2025-03-28T02:25:52.377+0000] {taskinstance.py:2890} INFO - Executing <Task(BashOperator): dbt_run_transactional> on 2024-07-30 00:00:00+00:00
[2025-03-28T02:25:52.425+0000] {standard_task_runner.py:72} INFO - Started process 201607 to run task
[2025-03-28T02:25:52.450+0000] {standard_task_runner.py:104} INFO - Running: ['airflow', 'tasks', 'run', 'load_dbt_clean_reviews_pipeline', 'dbt_run_transactional', 'scheduled__2024-07-30T00:00:00+00:00', '--job-id', '2129', '--raw', '--subdir', 'DAGS_FOLDER/dag_load_reviews.py', '--cfg-path', '/tmp/tmprufglcv8']
[2025-03-28T02:25:52.452+0000] {standard_task_runner.py:105} INFO - Job 2129: Subtask dbt_run_transactional
[2025-03-28T02:25:52.839+0000] {task_command.py:467} INFO - Running <TaskInstance: load_dbt_clean_reviews_pipeline.dbt_run_transactional scheduled__2024-07-30T00:00:00+00:00 [running]> on host DESKTOP-IM7V4RI.
[2025-03-28T02:25:53.502+0000] {taskinstance.py:3134} INFO - Exporting env vars: AIRFLOW_CTX_DAG_OWNER='mohammed' AIRFLOW_CTX_DAG_ID='load_dbt_clean_reviews_pipeline' AIRFLOW_CTX_TASK_ID='dbt_run_transactional' AIRFLOW_CTX_EXECUTION_DATE='2024-07-30T00:00:00+00:00' AIRFLOW_CTX_TRY_NUMBER='1' AIRFLOW_CTX_DAG_RUN_ID='scheduled__2024-07-30T00:00:00+00:00'
[2025-03-28T02:25:53.506+0000] {logging_mixin.py:190} INFO - Task instance is in running state
[2025-03-28T02:25:53.507+0000] {logging_mixin.py:190} INFO -  Previous state of the Task instance: queued
[2025-03-28T02:25:53.508+0000] {logging_mixin.py:190} INFO - Current task name:dbt_run_transactional state:running start_date:2025-03-28 02:25:52.148496+00:00
[2025-03-28T02:25:53.508+0000] {logging_mixin.py:190} INFO - Dag name:load_dbt_clean_reviews_pipeline and current dag run status:running
[2025-03-28T02:25:53.510+0000] {taskinstance.py:732} INFO - ::endgroup::
[2025-03-28T02:25:53.514+0000] {subprocess.py:78} INFO - Tmp dir root location: /tmp
[2025-03-28T02:25:53.547+0000] {subprocess.py:88} INFO - Running command: ['/usr/bin/bash', '-c', 'cd /home/mohammed/.dbt/dbt_projects/bank_reviews_transactional && dbt run']
[2025-03-28T02:25:53.608+0000] {subprocess.py:99} INFO - Output:
[2025-03-28T02:26:08.025+0000] {subprocess.py:106} INFO - [0m02:26:08  Running with dbt=1.9.3
[2025-03-28T02:26:09.738+0000] {subprocess.py:106} INFO - [0m02:26:09  Registered adapter: postgres=1.9.0
[2025-03-28T02:26:11.381+0000] {subprocess.py:106} INFO - [0m02:26:11  [[33mWARNING[0m]: Configuration paths exist in your dbt_project.yml file which do not apply to any resources.
[2025-03-28T02:26:11.382+0000] {subprocess.py:106} INFO - There are 1 unused configuration paths:
[2025-03-28T02:26:11.382+0000] {subprocess.py:106} INFO - - models.bank_reviews_transactional.transactional
[2025-03-28T02:26:12.560+0000] {subprocess.py:106} INFO - [0m02:26:12  Found 1 model, 1 source, 433 macros
[2025-03-28T02:26:12.595+0000] {subprocess.py:106} INFO - [0m02:26:12
[2025-03-28T02:26:12.598+0000] {subprocess.py:106} INFO - [0m02:26:12  Concurrency: 4 threads (target='dev')
[2025-03-28T02:26:12.599+0000] {subprocess.py:106} INFO - [0m02:26:12
[2025-03-28T02:26:13.865+0000] {subprocess.py:106} INFO - [0m02:26:13  1 of 1 START sql table model transactional.clean_reviews ....................... [RUN]
[2025-03-28T02:26:15.686+0000] {subprocess.py:106} INFO - [0m02:26:15  1 of 1 OK created sql table model transactional.clean_reviews .................. [[32mSELECT 153[0m in 1.79s]
[2025-03-28T02:26:15.839+0000] {subprocess.py:106} INFO - [0m02:26:15
[2025-03-28T02:26:15.850+0000] {subprocess.py:106} INFO - [0m02:26:15  Finished running 1 table model in 0 hours 0 minutes and 3.24 seconds (3.24s).
[2025-03-28T02:26:16.013+0000] {subprocess.py:106} INFO - [0m02:26:16
[2025-03-28T02:26:16.015+0000] {subprocess.py:106} INFO - [0m02:26:16  [32mCompleted successfully[0m
[2025-03-28T02:26:16.017+0000] {subprocess.py:106} INFO - [0m02:26:16
[2025-03-28T02:26:16.019+0000] {subprocess.py:106} INFO - [0m02:26:16  Done. PASS=1 WARN=0 ERROR=0 SKIP=0 TOTAL=1
[2025-03-28T02:26:19.060+0000] {subprocess.py:110} INFO - Command exited with return code 0
[2025-03-28T02:26:19.297+0000] {taskinstance.py:341} INFO - ::group::Post task execution logs
[2025-03-28T02:26:19.298+0000] {taskinstance.py:353} INFO - Marking task as SUCCESS. dag_id=load_dbt_clean_reviews_pipeline, task_id=dbt_run_transactional, run_id=scheduled__2024-07-30T00:00:00+00:00, execution_date=20240730T000000, start_date=20250328T022552, end_date=20250328T022619
[2025-03-28T02:26:19.572+0000] {logging_mixin.py:190} INFO - Task instance in success state
[2025-03-28T02:26:19.573+0000] {logging_mixin.py:190} INFO -  Previous state of the Task instance: running
[2025-03-28T02:26:19.574+0000] {logging_mixin.py:190} INFO - Dag name:load_dbt_clean_reviews_pipeline queued_at:2025-03-28 02:25:46.490985+00:00
[2025-03-28T02:26:19.574+0000] {logging_mixin.py:190} INFO - Task hostname:DESKTOP-IM7V4RI. operator:BashOperator
[2025-03-28T02:26:19.643+0000] {local_task_job_runner.py:266} INFO - Task exited with return code 0
[2025-03-28T02:26:19.884+0000] {taskinstance.py:3901} INFO - 0 downstream tasks scheduled from follow-on schedule check
[2025-03-28T02:26:19.890+0000] {local_task_job_runner.py:245} INFO - ::endgroup::
