[2025-03-17T00:59:41.155+0000] {local_task_job_runner.py:123} INFO - ::group::Pre task execution logs
[2025-03-17T00:59:41.187+0000] {taskinstance.py:2614} INFO - Dependencies all met for dep_context=non-requeueable deps ti=<TaskInstance: load_reviews_pipeline.dbt_run scheduled__2024-09-21T00:00:00+00:00 [queued]>
[2025-03-17T00:59:41.196+0000] {taskinstance.py:2614} INFO - Dependencies all met for dep_context=requeueable deps ti=<TaskInstance: load_reviews_pipeline.dbt_run scheduled__2024-09-21T00:00:00+00:00 [queued]>
[2025-03-17T00:59:41.196+0000] {taskinstance.py:2867} INFO - Starting attempt 1 of 2
[2025-03-17T00:59:41.211+0000] {taskinstance.py:2890} INFO - Executing <Task(BashOperator): dbt_run> on 2024-09-21 00:00:00+00:00
[2025-03-17T00:59:41.216+0000] {standard_task_runner.py:72} INFO - Started process 300110 to run task
[2025-03-17T00:59:41.220+0000] {standard_task_runner.py:104} INFO - Running: ['airflow', 'tasks', 'run', 'load_reviews_pipeline', 'dbt_run', 'scheduled__2024-09-21T00:00:00+00:00', '--job-id', '424', '--raw', '--subdir', 'DAGS_FOLDER/dag_load_reviews.py', '--cfg-path', '/tmp/tmpicc9s0o5']
[2025-03-17T00:59:41.221+0000] {standard_task_runner.py:105} INFO - Job 424: Subtask dbt_run
[2025-03-17T00:59:41.314+0000] {task_command.py:467} INFO - Running <TaskInstance: load_reviews_pipeline.dbt_run scheduled__2024-09-21T00:00:00+00:00 [running]> on host DESKTOP-IM7V4RI.
[2025-03-17T00:59:41.485+0000] {taskinstance.py:3134} INFO - Exporting env vars: AIRFLOW_CTX_DAG_OWNER='mohammed' AIRFLOW_CTX_DAG_ID='load_reviews_pipeline' AIRFLOW_CTX_TASK_ID='dbt_run' AIRFLOW_CTX_EXECUTION_DATE='2024-09-21T00:00:00+00:00' AIRFLOW_CTX_TRY_NUMBER='1' AIRFLOW_CTX_DAG_RUN_ID='scheduled__2024-09-21T00:00:00+00:00'
[2025-03-17T00:59:41.486+0000] {logging_mixin.py:190} INFO - Task instance is in running state
[2025-03-17T00:59:41.487+0000] {logging_mixin.py:190} INFO -  Previous state of the Task instance: queued
[2025-03-17T00:59:41.487+0000] {logging_mixin.py:190} INFO - Current task name:dbt_run state:running start_date:2025-03-17 00:59:41.187725+00:00
[2025-03-17T00:59:41.487+0000] {logging_mixin.py:190} INFO - Dag name:load_reviews_pipeline and current dag run status:running
[2025-03-17T00:59:41.487+0000] {taskinstance.py:732} INFO - ::endgroup::
[2025-03-17T00:59:41.488+0000] {subprocess.py:78} INFO - Tmp dir root location: /tmp
[2025-03-17T00:59:41.489+0000] {subprocess.py:88} INFO - Running command: ['/usr/bin/bash', '-c', 'cd /home/mohammed/.dbt/bank_reviews_project && dbt run']
[2025-03-17T00:59:41.499+0000] {subprocess.py:99} INFO - Output:
[2025-03-17T00:59:43.084+0000] {subprocess.py:106} INFO - [0m00:59:43  Running with dbt=1.9.3
[2025-03-17T00:59:43.329+0000] {subprocess.py:106} INFO - [0m00:59:43  Registered adapter: postgres=1.9.0
[2025-03-17T00:59:43.722+0000] {subprocess.py:106} INFO - [0m00:59:43  Found 10 models, 4 data tests, 2 sources, 433 macros
[2025-03-17T00:59:43.725+0000] {subprocess.py:106} INFO - [0m00:59:43
[2025-03-17T00:59:43.725+0000] {subprocess.py:106} INFO - [0m00:59:43  Concurrency: 4 threads (target='dev')
[2025-03-17T00:59:43.726+0000] {subprocess.py:106} INFO - [0m00:59:43
[2025-03-17T00:59:43.871+0000] {subprocess.py:106} INFO - [0m00:59:43  1 of 10 START sql view model public.clean_reviews .............................. [RUN]
[2025-03-17T00:59:43.872+0000] {subprocess.py:106} INFO - [0m00:59:43  2 of 10 START sql table model public.my_first_dbt_model ........................ [RUN]
[2025-03-17T00:59:43.876+0000] {subprocess.py:106} INFO - [0m00:59:43  3 of 10 START sql view model public.remove_duplicates .......................... [RUN]
[2025-03-17T00:59:43.877+0000] {subprocess.py:106} INFO - [0m00:59:43  4 of 10 START sql view model public.stg_clean_reviews .......................... [RUN]
[2025-03-17T00:59:44.183+0000] {subprocess.py:106} INFO - [0m00:59:44  3 of 10 OK created sql view model public.remove_duplicates ..................... [[32mCREATE VIEW[0m in 0.30s]
[2025-03-17T00:59:44.195+0000] {subprocess.py:106} INFO - [0m00:59:44  4 of 10 OK created sql view model public.stg_clean_reviews ..................... [[32mCREATE VIEW[0m in 0.30s]
[2025-03-17T00:59:44.196+0000] {subprocess.py:106} INFO - [0m00:59:44  1 of 10 OK created sql view model public.clean_reviews ......................... [[32mCREATE VIEW[0m in 0.32s]
[2025-03-17T00:59:44.197+0000] {subprocess.py:106} INFO - [0m00:59:44  2 of 10 OK created sql table model public.my_first_dbt_model ................... [[32mSELECT 2[0m in 0.32s]
[2025-03-17T00:59:44.203+0000] {subprocess.py:106} INFO - [0m00:59:44  5 of 10 START sql view model public.dim_bank ................................... [RUN]
[2025-03-17T00:59:44.204+0000] {subprocess.py:106} INFO - [0m00:59:44  6 of 10 START sql view model public.dim_branch ................................. [RUN]
[2025-03-17T00:59:44.205+0000] {subprocess.py:106} INFO - [0m00:59:44  7 of 10 START sql view model public.dim_location ............................... [RUN]
[2025-03-17T00:59:44.205+0000] {subprocess.py:106} INFO - [0m00:59:44  8 of 10 START sql view model public.dim_sentiment .............................. [RUN]
[2025-03-17T00:59:43.322+0000] {subprocess.py:106} INFO - [0m00:59:43  5 of 10 OK created sql view model public.dim_bank .............................. [[32mCREATE VIEW[0m in -0.89s]
[2025-03-17T00:59:43.332+0000] {subprocess.py:106} INFO - [0m00:59:43  7 of 10 OK created sql view model public.dim_location .......................... [[32mCREATE VIEW[0m in -0.88s]
[2025-03-17T00:59:43.334+0000] {subprocess.py:106} INFO - [0m00:59:43  9 of 10 START sql view model public.my_second_dbt_model ........................ [RUN]
[2025-03-17T00:59:43.335+0000] {subprocess.py:106} INFO - [0m00:59:43  8 of 10 OK created sql view model public.dim_sentiment ......................... [[32mCREATE VIEW[0m in -0.88s]
[2025-03-17T00:59:43.337+0000] {subprocess.py:106} INFO - [0m00:59:43  6 of 10 OK created sql view model public.dim_branch ............................ [[32mCREATE VIEW[0m in -0.87s]
[2025-03-17T00:59:43.345+0000] {subprocess.py:106} INFO - [0m00:59:43  10 of 10 START sql view model public.fact_reviews .............................. [RUN]
[2025-03-17T00:59:43.399+0000] {subprocess.py:106} INFO - [0m00:59:43  9 of 10 OK created sql view model public.my_second_dbt_model ................... [[32mCREATE VIEW[0m in 0.06s]
[2025-03-17T00:59:43.409+0000] {subprocess.py:106} INFO - [0m00:59:43  10 of 10 OK created sql view model public.fact_reviews ......................... [[32mCREATE VIEW[0m in 0.06s]
[2025-03-17T00:59:43.430+0000] {subprocess.py:106} INFO - [0m00:59:43
[2025-03-17T00:59:43.430+0000] {subprocess.py:106} INFO - [0m00:59:43  Finished running 1 table model, 9 view models in -1 hours 59 minutes and 59.70 seconds (-0.30s).
[2025-03-17T00:59:43.465+0000] {subprocess.py:106} INFO - [0m00:59:43
[2025-03-17T00:59:43.465+0000] {subprocess.py:106} INFO - [0m00:59:43  [32mCompleted successfully[0m
[2025-03-17T00:59:43.466+0000] {subprocess.py:106} INFO - [0m00:59:43
[2025-03-17T00:59:43.466+0000] {subprocess.py:106} INFO - [0m00:59:43  Done. PASS=10 WARN=0 ERROR=0 SKIP=0 TOTAL=10
[2025-03-17T00:59:50.055+0000] {subprocess.py:110} INFO - Command exited with return code 0
[2025-03-17T00:59:50.104+0000] {taskinstance.py:341} INFO - ::group::Post task execution logs
[2025-03-17T00:59:50.105+0000] {taskinstance.py:353} INFO - Marking task as SUCCESS. dag_id=load_reviews_pipeline, task_id=dbt_run, run_id=scheduled__2024-09-21T00:00:00+00:00, execution_date=20240921T000000, start_date=20250317T005941, end_date=20250317T005950
[2025-03-17T00:59:50.154+0000] {logging_mixin.py:190} INFO - Task instance in success state
[2025-03-17T00:59:50.154+0000] {logging_mixin.py:190} INFO -  Previous state of the Task instance: running
[2025-03-17T00:59:50.154+0000] {logging_mixin.py:190} INFO - Dag name:load_reviews_pipeline queued_at:2025-03-17 00:59:40.341494+00:00
[2025-03-17T00:59:50.155+0000] {logging_mixin.py:190} INFO - Task hostname:DESKTOP-IM7V4RI. operator:BashOperator
[2025-03-17T00:59:50.167+0000] {local_task_job_runner.py:266} INFO - Task exited with return code 0
[2025-03-17T00:59:50.189+0000] {taskinstance.py:3901} INFO - 0 downstream tasks scheduled from follow-on schedule check
[2025-03-17T00:59:50.198+0000] {local_task_job_runner.py:245} INFO - ::endgroup::
[2025-03-17T00:59:50.216+0000] {standard_task_runner.py:217} INFO - Process not found (most likely exited), stop collecting metrics
