[2025-03-17T00:54:15.021+0000] {local_task_job_runner.py:123} INFO - ::group::Pre task execution logs
[2025-03-17T00:54:15.126+0000] {taskinstance.py:2614} INFO - Dependencies all met for dep_context=non-requeueable deps ti=<TaskInstance: load_reviews_pipeline.dbt_run scheduled__2024-08-01T00:00:00+00:00 [queued]>
[2025-03-17T00:54:15.161+0000] {taskinstance.py:2614} INFO - Dependencies all met for dep_context=requeueable deps ti=<TaskInstance: load_reviews_pipeline.dbt_run scheduled__2024-08-01T00:00:00+00:00 [queued]>
[2025-03-17T00:54:15.162+0000] {taskinstance.py:2867} INFO - Starting attempt 2 of 2
[2025-03-17T00:54:15.224+0000] {taskinstance.py:2890} INFO - Executing <Task(BashOperator): dbt_run> on 2024-08-01 00:00:00+00:00
[2025-03-17T00:54:15.249+0000] {standard_task_runner.py:72} INFO - Started process 292659 to run task
[2025-03-17T00:54:15.265+0000] {standard_task_runner.py:104} INFO - Running: ['airflow', 'tasks', 'run', 'load_reviews_pipeline', 'dbt_run', 'scheduled__2024-08-01T00:00:00+00:00', '--job-id', '378', '--raw', '--subdir', 'DAGS_FOLDER/dag_load_reviews.py', '--cfg-path', '/tmp/tmpbwel8zxe']
[2025-03-17T00:54:15.268+0000] {standard_task_runner.py:105} INFO - Job 378: Subtask dbt_run
[2025-03-17T00:54:15.567+0000] {task_command.py:467} INFO - Running <TaskInstance: load_reviews_pipeline.dbt_run scheduled__2024-08-01T00:00:00+00:00 [running]> on host DESKTOP-IM7V4RI.
[2025-03-17T00:54:15.965+0000] {taskinstance.py:3134} INFO - Exporting env vars: AIRFLOW_CTX_DAG_OWNER='mohammed' AIRFLOW_CTX_DAG_ID='load_reviews_pipeline' AIRFLOW_CTX_TASK_ID='dbt_run' AIRFLOW_CTX_EXECUTION_DATE='2024-08-01T00:00:00+00:00' AIRFLOW_CTX_TRY_NUMBER='2' AIRFLOW_CTX_DAG_RUN_ID='scheduled__2024-08-01T00:00:00+00:00'
[2025-03-17T00:54:15.970+0000] {logging_mixin.py:190} INFO - Task instance is in running state
[2025-03-17T00:54:15.971+0000] {logging_mixin.py:190} INFO -  Previous state of the Task instance: queued
[2025-03-17T00:54:15.972+0000] {logging_mixin.py:190} INFO - Current task name:dbt_run state:running start_date:2025-03-17 00:54:15.127509+00:00
[2025-03-17T00:54:15.973+0000] {logging_mixin.py:190} INFO - Dag name:load_reviews_pipeline and current dag run status:running
[2025-03-17T00:54:15.974+0000] {taskinstance.py:732} INFO - ::endgroup::
[2025-03-17T00:54:15.977+0000] {subprocess.py:78} INFO - Tmp dir root location: /tmp
[2025-03-17T00:54:15.984+0000] {subprocess.py:88} INFO - Running command: ['/usr/bin/bash', '-c', 'cd /home/mohammed/.dbt/bank_reviews_project && dbt run']
[2025-03-17T00:54:16.020+0000] {subprocess.py:99} INFO - Output:
[2025-03-17T00:54:30.258+0000] {subprocess.py:106} INFO - [0m00:54:30  Running with dbt=1.9.3
[2025-03-17T00:54:33.065+0000] {subprocess.py:106} INFO - [0m00:54:33  Registered adapter: postgres=1.9.0
[2025-03-17T00:54:41.957+0000] {subprocess.py:106} INFO - [0m00:54:41  Found 10 models, 4 data tests, 2 sources, 433 macros
[2025-03-17T00:54:42.019+0000] {subprocess.py:106} INFO - [0m00:54:42
[2025-03-17T00:54:42.030+0000] {subprocess.py:106} INFO - [0m00:54:42  Concurrency: 4 threads (target='dev')
[2025-03-17T00:54:42.045+0000] {subprocess.py:106} INFO - [0m00:54:42
[2025-03-17T00:54:46.001+0000] {subprocess.py:106} INFO - [0m00:54:45  2 of 10 START sql table model public.my_first_dbt_model ........................ [RUN]
[2025-03-17T00:54:46.042+0000] {subprocess.py:106} INFO - [0m00:54:46  4 of 10 START sql view model public.stg_clean_reviews .......................... [RUN]
[2025-03-17T00:54:46.058+0000] {subprocess.py:106} INFO - [0m00:54:46  1 of 10 START sql view model public.clean_reviews .............................. [RUN]
[2025-03-17T00:54:46.061+0000] {subprocess.py:106} INFO - [0m00:54:46  3 of 10 START sql view model public.remove_duplicates .......................... [RUN]
[2025-03-17T00:54:50.667+0000] {subprocess.py:106} INFO - [0m00:54:50  3 of 10 OK created sql view model public.remove_duplicates ..................... [[32mCREATE VIEW[0m in 4.56s]
[2025-03-17T00:54:50.677+0000] {subprocess.py:106} INFO - [0m00:54:50  1 of 10 OK created sql view model public.clean_reviews ......................... [[32mCREATE VIEW[0m in 4.55s]
[2025-03-17T00:54:50.678+0000] {subprocess.py:106} INFO - [0m00:54:50  4 of 10 OK created sql view model public.stg_clean_reviews ..................... [[32mCREATE VIEW[0m in 4.63s]
[2025-03-17T00:54:50.711+0000] {subprocess.py:106} INFO - [0m00:54:50  2 of 10 OK created sql table model public.my_first_dbt_model ................... [[32mSELECT 2[0m in 4.69s]
[2025-03-17T00:54:50.754+0000] {subprocess.py:106} INFO - [0m00:54:50  5 of 10 START sql view model public.dim_bank ................................... [RUN]
[2025-03-17T00:54:50.758+0000] {subprocess.py:106} INFO - [0m00:54:50  7 of 10 START sql view model public.dim_location ............................... [RUN]
[2025-03-17T00:54:50.760+0000] {subprocess.py:106} INFO - [0m00:54:50  6 of 10 START sql view model public.dim_branch ................................. [RUN]
[2025-03-17T00:54:50.765+0000] {subprocess.py:106} INFO - [0m00:54:50  8 of 10 START sql view model public.dim_sentiment .............................. [RUN]
[2025-03-17T00:54:51.476+0000] {subprocess.py:106} INFO - [0m00:54:51  8 of 10 OK created sql view model public.dim_sentiment ......................... [[32mCREATE VIEW[0m in 0.69s]
[2025-03-17T00:54:51.662+0000] {subprocess.py:106} INFO - [0m00:54:51  9 of 10 START sql view model public.my_second_dbt_model ........................ [RUN]
[2025-03-17T00:54:51.876+0000] {subprocess.py:106} INFO - [0m00:54:51  5 of 10 OK created sql view model public.dim_bank .............................. [[32mCREATE VIEW[0m in 1.09s]
[2025-03-17T00:54:51.884+0000] {subprocess.py:106} INFO - [0m00:54:51  7 of 10 OK created sql view model public.dim_location .......................... [[32mCREATE VIEW[0m in 0.98s]
[2025-03-17T00:54:51.935+0000] {subprocess.py:106} INFO - [0m00:54:51  6 of 10 OK created sql view model public.dim_branch ............................ [[32mCREATE VIEW[0m in 1.11s]
[2025-03-17T00:54:51.971+0000] {subprocess.py:106} INFO - [0m00:54:51  10 of 10 START sql view model public.fact_reviews .............................. [RUN]
[2025-03-17T00:54:52.695+0000] {subprocess.py:106} INFO - [0m00:54:52  9 of 10 OK created sql view model public.my_second_dbt_model ................... [[32mCREATE VIEW[0m in 0.98s]
[2025-03-17T00:54:52.784+0000] {subprocess.py:106} INFO - [0m00:54:52  10 of 10 OK created sql view model public.fact_reviews ......................... [[32mCREATE VIEW[0m in 0.80s]
[2025-03-17T00:54:52.986+0000] {subprocess.py:106} INFO - [0m00:54:52
[2025-03-17T00:54:52.988+0000] {subprocess.py:106} INFO - [0m00:54:52  Finished running 1 table model, 9 view models in 0 hours 0 minutes and 10.92 seconds (10.92s).
[2025-03-17T00:54:53.656+0000] {subprocess.py:106} INFO - [0m00:54:53
[2025-03-17T00:54:53.659+0000] {subprocess.py:106} INFO - [0m00:54:53  [32mCompleted successfully[0m
[2025-03-17T00:54:53.662+0000] {subprocess.py:106} INFO - [0m00:54:53
[2025-03-17T00:54:53.665+0000] {subprocess.py:106} INFO - [0m00:54:53  Done. PASS=10 WARN=0 ERROR=0 SKIP=0 TOTAL=10
[2025-03-17T00:54:58.744+0000] {subprocess.py:110} INFO - Command exited with return code 0
[2025-03-17T00:55:00.042+0000] {taskinstance.py:341} INFO - ::group::Post task execution logs
[2025-03-17T00:55:00.068+0000] {taskinstance.py:353} INFO - Marking task as SUCCESS. dag_id=load_reviews_pipeline, task_id=dbt_run, run_id=scheduled__2024-08-01T00:00:00+00:00, execution_date=20240801T000000, start_date=20250317T005415, end_date=20250317T005500
[2025-03-17T00:55:01.297+0000] {logging_mixin.py:190} INFO - Task instance in success state
[2025-03-17T00:55:01.298+0000] {logging_mixin.py:190} INFO -  Previous state of the Task instance: running
[2025-03-17T00:55:01.300+0000] {logging_mixin.py:190} INFO - Dag name:load_reviews_pipeline queued_at:2025-03-17 00:48:35.369275+00:00
[2025-03-17T00:55:01.300+0000] {logging_mixin.py:190} INFO - Task hostname:DESKTOP-IM7V4RI. operator:BashOperator
[2025-03-17T00:55:01.587+0000] {local_task_job_runner.py:266} INFO - Task exited with return code 0
[2025-03-17T00:55:02.101+0000] {taskinstance.py:3901} INFO - 0 downstream tasks scheduled from follow-on schedule check
[2025-03-17T00:55:02.118+0000] {local_task_job_runner.py:245} INFO - ::endgroup::
