[2025-03-17T00:48:41.556+0000] {local_task_job_runner.py:123} INFO - ::group::Pre task execution logs
[2025-03-17T00:48:41.670+0000] {taskinstance.py:2614} INFO - Dependencies all met for dep_context=non-requeueable deps ti=<TaskInstance: load_reviews_pipeline.dbt_run scheduled__2024-08-01T00:00:00+00:00 [queued]>
[2025-03-17T00:48:41.750+0000] {taskinstance.py:2614} INFO - Dependencies all met for dep_context=requeueable deps ti=<TaskInstance: load_reviews_pipeline.dbt_run scheduled__2024-08-01T00:00:00+00:00 [queued]>
[2025-03-17T00:48:41.751+0000] {taskinstance.py:2867} INFO - Starting attempt 1 of 2
[2025-03-17T00:48:41.817+0000] {taskinstance.py:2890} INFO - Executing <Task(BashOperator): dbt_run> on 2024-08-01 00:00:00+00:00
[2025-03-17T00:48:41.834+0000] {standard_task_runner.py:72} INFO - Started process 286146 to run task
[2025-03-17T00:48:41.870+0000] {standard_task_runner.py:104} INFO - Running: ['airflow', 'tasks', 'run', 'load_reviews_pipeline', 'dbt_run', 'scheduled__2024-08-01T00:00:00+00:00', '--job-id', '356', '--raw', '--subdir', 'DAGS_FOLDER/dag_load_reviews.py', '--cfg-path', '/tmp/tmpzksklkt6']
[2025-03-17T00:48:41.878+0000] {standard_task_runner.py:105} INFO - Job 356: Subtask dbt_run
[2025-03-17T00:48:42.310+0000] {task_command.py:467} INFO - Running <TaskInstance: load_reviews_pipeline.dbt_run scheduled__2024-08-01T00:00:00+00:00 [running]> on host DESKTOP-IM7V4RI.
[2025-03-17T00:48:43.785+0000] {taskinstance.py:3134} INFO - Exporting env vars: AIRFLOW_CTX_DAG_OWNER='mohammed' AIRFLOW_CTX_DAG_ID='load_reviews_pipeline' AIRFLOW_CTX_TASK_ID='dbt_run' AIRFLOW_CTX_EXECUTION_DATE='2024-08-01T00:00:00+00:00' AIRFLOW_CTX_TRY_NUMBER='1' AIRFLOW_CTX_DAG_RUN_ID='scheduled__2024-08-01T00:00:00+00:00'
[2025-03-17T00:48:43.796+0000] {logging_mixin.py:190} INFO - Task instance is in running state
[2025-03-17T00:48:43.797+0000] {logging_mixin.py:190} INFO -  Previous state of the Task instance: queued
[2025-03-17T00:48:43.800+0000] {logging_mixin.py:190} INFO - Current task name:dbt_run state:running start_date:2025-03-17 00:48:41.670669+00:00
[2025-03-17T00:48:43.801+0000] {logging_mixin.py:190} INFO - Dag name:load_reviews_pipeline and current dag run status:running
[2025-03-17T00:48:43.801+0000] {taskinstance.py:732} INFO - ::endgroup::
[2025-03-17T00:48:43.823+0000] {subprocess.py:78} INFO - Tmp dir root location: /tmp
[2025-03-17T00:48:43.833+0000] {subprocess.py:88} INFO - Running command: ['/usr/bin/bash', '-c', 'cd /home/mohammed/.dbt/bank_reviews_project && dbt run']
[2025-03-17T00:48:43.880+0000] {subprocess.py:99} INFO - Output:
[2025-03-17T00:48:57.347+0000] {subprocess.py:106} INFO - [0m00:48:57  Running with dbt=1.9.3
[2025-03-17T00:48:58.770+0000] {subprocess.py:106} INFO - [0m00:48:58  Registered adapter: postgres=1.9.0
[2025-03-17T00:49:01.762+0000] {subprocess.py:106} INFO - [0m00:49:01  Found 11 models, 4 data tests, 2 sources, 433 macros
[2025-03-17T00:49:01.786+0000] {subprocess.py:106} INFO - [0m00:49:01
[2025-03-17T00:49:01.793+0000] {subprocess.py:106} INFO - [0m00:49:01  Concurrency: 4 threads (target='dev')
[2025-03-17T00:49:01.796+0000] {subprocess.py:106} INFO - [0m00:49:01
[2025-03-17T00:49:03.054+0000] {subprocess.py:106} INFO - [0m00:49:03  1 of 11 START sql view model public.clean_reviews .............................. [RUN]
[2025-03-17T00:49:03.081+0000] {subprocess.py:106} INFO - [0m00:49:03  2 of 11 START sql table model public.my_first_dbt_model ........................ [RUN]
[2025-03-17T00:49:03.102+0000] {subprocess.py:106} INFO - [0m00:49:03  3 of 11 START sql view model public.remove_duplicates .......................... [RUN]
[2025-03-17T00:49:03.113+0000] {subprocess.py:106} INFO - [0m00:49:03  4 of 11 START sql view model public.stg_clean_reviews .......................... [RUN]
[2025-03-17T00:49:05.219+0000] {subprocess.py:106} INFO - [0m00:49:05  4 of 11 ERROR creating sql view model public.stg_clean_reviews ................. [[31mERROR[0m in 2.01s]
[2025-03-17T00:49:05.331+0000] {subprocess.py:106} INFO - [0m00:49:05  5 of 11 SKIP relation public.dim_bank .......................................... [[33mSKIP[0m]
[2025-03-17T00:49:05.464+0000] {subprocess.py:106} INFO - [0m00:49:05  6 of 11 SKIP relation public.dim_branch ........................................ [[33mSKIP[0m]
[2025-03-17T00:49:05.531+0000] {subprocess.py:106} INFO - [0m00:49:05  1 of 11 ERROR creating sql view model public.clean_reviews ..................... [[31mERROR[0m in 2.47s]
[2025-03-17T00:49:05.561+0000] {subprocess.py:106} INFO - [0m00:49:05  7 of 11 SKIP relation public.dim_location ...................................... [[33mSKIP[0m]
[2025-03-17T00:49:05.584+0000] {subprocess.py:106} INFO - [0m00:49:05  9 of 11 SKIP relation public.dwh_model ......................................... [[33mSKIP[0m]
[2025-03-17T00:49:05.597+0000] {subprocess.py:106} INFO - [0m00:49:05  3 of 11 ERROR creating sql view model public.remove_duplicates ................. [[31mERROR[0m in 2.47s]
[2025-03-17T00:49:05.601+0000] {subprocess.py:106} INFO - [0m00:49:05  8 of 11 SKIP relation public.dim_sentiment ..................................... [[33mSKIP[0m]
[2025-03-17T00:49:05.647+0000] {subprocess.py:106} INFO - [0m00:49:05  10 of 11 SKIP relation public.fact_reviews ..................................... [[33mSKIP[0m]
[2025-03-17T00:49:05.692+0000] {subprocess.py:106} INFO - [0m00:49:05  2 of 11 OK created sql table model public.my_first_dbt_model ................... [[32mSELECT 2[0m in 2.61s]
[2025-03-17T00:49:05.707+0000] {subprocess.py:106} INFO - [0m00:49:05  11 of 11 START sql view model public.my_second_dbt_model ....................... [RUN]
[2025-03-17T00:49:06.241+0000] {subprocess.py:106} INFO - [0m00:49:06  11 of 11 OK created sql view model public.my_second_dbt_model .................. [[32mCREATE VIEW[0m in 0.52s]
[2025-03-17T00:49:06.435+0000] {subprocess.py:106} INFO - [0m00:49:06
[2025-03-17T00:49:06.445+0000] {subprocess.py:106} INFO - [0m00:49:06  Finished running 1 table model, 10 view models in 0 hours 0 minutes and 4.63 seconds (4.63s).
[2025-03-17T00:49:06.849+0000] {subprocess.py:106} INFO - [0m00:49:06
[2025-03-17T00:49:06.868+0000] {subprocess.py:106} INFO - [0m00:49:06  [31mCompleted with 3 errors, 0 partial successes, and 0 warnings:[0m
[2025-03-17T00:49:06.882+0000] {subprocess.py:106} INFO - [0m00:49:06
[2025-03-17T00:49:06.899+0000] {subprocess.py:106} INFO - [0m00:49:06    Database Error in model stg_clean_reviews (models/stg_clean_reviews.sql)
[2025-03-17T00:49:06.904+0000] {subprocess.py:106} INFO -   syntax error at or near "external"
[2025-03-17T00:49:06.905+0000] {subprocess.py:106} INFO -   LINE 2: drop external if exists "project_data_wherhouse"."public"."s...
[2025-03-17T00:49:06.905+0000] {subprocess.py:106} INFO -                ^
[2025-03-17T00:49:06.921+0000] {subprocess.py:106} INFO - [0m00:49:06
[2025-03-17T00:49:06.923+0000] {subprocess.py:106} INFO - [0m00:49:06    Database Error in model clean_reviews (models/clean_reviews.sql)
[2025-03-17T00:49:06.925+0000] {subprocess.py:106} INFO -   relation "clean_reviews__dbt_backup" already exists
[2025-03-17T00:49:06.926+0000] {subprocess.py:106} INFO -   compiled code at target/run/bank_reviews_project/models/clean_reviews.sql
[2025-03-17T00:49:06.926+0000] {subprocess.py:106} INFO - [0m00:49:06
[2025-03-17T00:49:06.927+0000] {subprocess.py:106} INFO - [0m00:49:06    Database Error in model remove_duplicates (models/remove_duplicates.sql)
[2025-03-17T00:49:06.928+0000] {subprocess.py:106} INFO -   relation "remove_duplicates__dbt_backup" already exists
[2025-03-17T00:49:06.928+0000] {subprocess.py:106} INFO -   compiled code at target/run/bank_reviews_project/models/remove_duplicates.sql
[2025-03-17T00:49:06.929+0000] {subprocess.py:106} INFO - [0m00:49:06
[2025-03-17T00:49:06.930+0000] {subprocess.py:106} INFO - [0m00:49:06  Done. PASS=2 WARN=0 ERROR=3 SKIP=6 TOTAL=11
[2025-03-17T00:49:11.240+0000] {subprocess.py:110} INFO - Command exited with return code 1
[2025-03-17T00:49:11.464+0000] {taskinstance.py:3313} ERROR - Task failed with exception
Traceback (most recent call last):
  File "/home/mohammed/venv/lib/python3.11/site-packages/airflow/models/taskinstance.py", line 768, in _execute_task
    result = _execute_callable(context=context, **execute_callable_kwargs)
             ^^^^^^^^^^^^^^^^^^^^^^^^^^^^^^^^^^^^^^^^^^^^^^^^^^^^^^^^^^^^^
  File "/home/mohammed/venv/lib/python3.11/site-packages/airflow/models/taskinstance.py", line 734, in _execute_callable
    return ExecutionCallableRunner(
           ^^^^^^^^^^^^^^^^^^^^^^^^
  File "/home/mohammed/venv/lib/python3.11/site-packages/airflow/utils/operator_helpers.py", line 252, in run
    return self.func(*args, **kwargs)
           ^^^^^^^^^^^^^^^^^^^^^^^^^^
  File "/home/mohammed/venv/lib/python3.11/site-packages/airflow/models/baseoperator.py", line 424, in wrapper
    return func(self, *args, **kwargs)
           ^^^^^^^^^^^^^^^^^^^^^^^^^^^
  File "/home/mohammed/venv/lib/python3.11/site-packages/airflow/operators/bash.py", line 276, in execute
    raise AirflowException(
airflow.exceptions.AirflowException: Bash command failed. The command returned a non-zero exit code 1.
[2025-03-17T00:49:11.535+0000] {logging_mixin.py:190} INFO - Task instance in failure state
[2025-03-17T00:49:11.537+0000] {logging_mixin.py:190} INFO - Task start:2025-03-17 00:48:41.670669+00:00 end:2025-03-17 00:49:11.531123+00:00 duration:29.860454
[2025-03-17T00:49:11.538+0000] {logging_mixin.py:190} INFO - Task:<Task(BashOperator): dbt_run> dag:<DAG: load_reviews_pipeline> dagrun:<DagRun load_reviews_pipeline @ 2024-08-01 00:00:00+00:00: scheduled__2024-08-01T00:00:00+00:00, state:running, queued_at: 2025-03-17 00:48:35.369275+00:00. externally triggered: False>
[2025-03-17T00:49:11.539+0000] {logging_mixin.py:190} INFO - Failure caused by Bash command failed. The command returned a non-zero exit code 1.
[2025-03-17T00:49:11.540+0000] {taskinstance.py:1226} INFO - Marking task as UP_FOR_RETRY. dag_id=load_reviews_pipeline, task_id=dbt_run, run_id=scheduled__2024-08-01T00:00:00+00:00, execution_date=20240801T000000, start_date=20250317T004841, end_date=20250317T004911
[2025-03-17T00:49:12.120+0000] {taskinstance.py:341} INFO - ::group::Post task execution logs
[2025-03-17T00:49:12.134+0000] {standard_task_runner.py:124} ERROR - Failed to execute job 356 for task dbt_run (Bash command failed. The command returned a non-zero exit code 1.; 286146)
Traceback (most recent call last):
  File "/home/mohammed/venv/lib/python3.11/site-packages/airflow/task/task_runner/standard_task_runner.py", line 117, in _start_by_fork
    ret = args.func(args, dag=self.dag)
          ^^^^^^^^^^^^^^^^^^^^^^^^^^^^^
  File "/home/mohammed/venv/lib/python3.11/site-packages/airflow/cli/cli_config.py", line 49, in command
    return func(*args, **kwargs)
           ^^^^^^^^^^^^^^^^^^^^^
  File "/home/mohammed/venv/lib/python3.11/site-packages/airflow/utils/cli.py", line 116, in wrapper
    return f(*args, **kwargs)
           ^^^^^^^^^^^^^^^^^^
  File "/home/mohammed/venv/lib/python3.11/site-packages/airflow/cli/commands/task_command.py", line 483, in task_run
    task_return_code = _run_task_by_selected_method(args, _dag, ti)
                       ^^^^^^^^^^^^^^^^^^^^^^^^^^^^^^^^^^^^^^^^^^^^
  File "/home/mohammed/venv/lib/python3.11/site-packages/airflow/cli/commands/task_command.py", line 256, in _run_task_by_selected_method
    return _run_raw_task(args, ti)
           ^^^^^^^^^^^^^^^^^^^^^^^
  File "/home/mohammed/venv/lib/python3.11/site-packages/airflow/cli/commands/task_command.py", line 341, in _run_raw_task
    return ti._run_raw_task(
           ^^^^^^^^^^^^^^^^^
  File "/home/mohammed/venv/lib/python3.11/site-packages/airflow/utils/session.py", line 97, in wrapper
    return func(*args, session=session, **kwargs)
           ^^^^^^^^^^^^^^^^^^^^^^^^^^^^^^^^^^^^^^
  File "/home/mohammed/venv/lib/python3.11/site-packages/airflow/models/taskinstance.py", line 3006, in _run_raw_task
    return _run_raw_task(
           ^^^^^^^^^^^^^^
  File "/home/mohammed/venv/lib/python3.11/site-packages/airflow/models/taskinstance.py", line 274, in _run_raw_task
    TaskInstance._execute_task_with_callbacks(
  File "/home/mohammed/venv/lib/python3.11/site-packages/airflow/models/taskinstance.py", line 3161, in _execute_task_with_callbacks
    result = self._execute_task(context, task_orig)
             ^^^^^^^^^^^^^^^^^^^^^^^^^^^^^^^^^^^^^^
  File "/home/mohammed/venv/lib/python3.11/site-packages/airflow/models/taskinstance.py", line 3185, in _execute_task
    return _execute_task(self, context, task_orig)
           ^^^^^^^^^^^^^^^^^^^^^^^^^^^^^^^^^^^^^^^
  File "/home/mohammed/venv/lib/python3.11/site-packages/airflow/models/taskinstance.py", line 768, in _execute_task
    result = _execute_callable(context=context, **execute_callable_kwargs)
             ^^^^^^^^^^^^^^^^^^^^^^^^^^^^^^^^^^^^^^^^^^^^^^^^^^^^^^^^^^^^^
  File "/home/mohammed/venv/lib/python3.11/site-packages/airflow/models/taskinstance.py", line 734, in _execute_callable
    return ExecutionCallableRunner(
           ^^^^^^^^^^^^^^^^^^^^^^^^
  File "/home/mohammed/venv/lib/python3.11/site-packages/airflow/utils/operator_helpers.py", line 252, in run
    return self.func(*args, **kwargs)
           ^^^^^^^^^^^^^^^^^^^^^^^^^^
  File "/home/mohammed/venv/lib/python3.11/site-packages/airflow/models/baseoperator.py", line 424, in wrapper
    return func(self, *args, **kwargs)
           ^^^^^^^^^^^^^^^^^^^^^^^^^^^
  File "/home/mohammed/venv/lib/python3.11/site-packages/airflow/operators/bash.py", line 276, in execute
    raise AirflowException(
airflow.exceptions.AirflowException: Bash command failed. The command returned a non-zero exit code 1.
[2025-03-17T00:49:12.271+0000] {local_task_job_runner.py:266} INFO - Task exited with return code 1
[2025-03-17T00:49:12.461+0000] {taskinstance.py:3901} INFO - 0 downstream tasks scheduled from follow-on schedule check
[2025-03-17T00:49:12.474+0000] {local_task_job_runner.py:245} INFO - ::endgroup::
