[2025-03-18T18:28:21.113+0000] {local_task_job_runner.py:123} INFO - ::group::Pre task execution logs
[2025-03-18T18:28:21.293+0000] {taskinstance.py:2614} INFO - Dependencies all met for dep_context=non-requeueable deps ti=<TaskInstance: load_dbt_clean_reviews_pipeline.dbt_run scheduled__2024-08-16T00:00:00+00:00 [queued]>
[2025-03-18T18:28:21.442+0000] {taskinstance.py:2614} INFO - Dependencies all met for dep_context=requeueable deps ti=<TaskInstance: load_dbt_clean_reviews_pipeline.dbt_run scheduled__2024-08-16T00:00:00+00:00 [queued]>
[2025-03-18T18:28:21.443+0000] {taskinstance.py:2867} INFO - Starting attempt 2 of 2
[2025-03-18T18:28:21.634+0000] {taskinstance.py:2890} INFO - Executing <Task(BashOperator): dbt_run> on 2024-08-16 00:00:00+00:00
[2025-03-18T18:28:21.667+0000] {standard_task_runner.py:72} INFO - Started process 23229 to run task
[2025-03-18T18:28:21.704+0000] {standard_task_runner.py:104} INFO - Running: ['airflow', 'tasks', 'run', 'load_dbt_clean_reviews_pipeline', 'dbt_run', 'scheduled__2024-08-16T00:00:00+00:00', '--job-id', '1083', '--raw', '--subdir', 'DAGS_FOLDER/dag_load_reviews.py', '--cfg-path', '/tmp/tmpmhauwkog']
[2025-03-18T18:28:21.721+0000] {standard_task_runner.py:105} INFO - Job 1083: Subtask dbt_run
[2025-03-18T18:28:22.323+0000] {task_command.py:467} INFO - Running <TaskInstance: load_dbt_clean_reviews_pipeline.dbt_run scheduled__2024-08-16T00:00:00+00:00 [running]> on host DESKTOP-IM7V4RI.
[2025-03-18T18:28:23.173+0000] {taskinstance.py:3134} INFO - Exporting env vars: AIRFLOW_CTX_DAG_OWNER='mohammed' AIRFLOW_CTX_DAG_ID='load_dbt_clean_reviews_pipeline' AIRFLOW_CTX_TASK_ID='dbt_run' AIRFLOW_CTX_EXECUTION_DATE='2024-08-16T00:00:00+00:00' AIRFLOW_CTX_TRY_NUMBER='2' AIRFLOW_CTX_DAG_RUN_ID='scheduled__2024-08-16T00:00:00+00:00'
[2025-03-18T18:28:23.176+0000] {logging_mixin.py:190} INFO - Task instance is in running state
[2025-03-18T18:28:23.177+0000] {logging_mixin.py:190} INFO -  Previous state of the Task instance: queued
[2025-03-18T18:28:23.178+0000] {logging_mixin.py:190} INFO - Current task name:dbt_run state:running start_date:2025-03-18 18:28:21.296517+00:00
[2025-03-18T18:28:23.178+0000] {logging_mixin.py:190} INFO - Dag name:load_dbt_clean_reviews_pipeline and current dag run status:running
[2025-03-18T18:28:23.179+0000] {taskinstance.py:732} INFO - ::endgroup::
[2025-03-18T18:28:23.181+0000] {subprocess.py:78} INFO - Tmp dir root location: /tmp
[2025-03-18T18:28:23.184+0000] {subprocess.py:88} INFO - Running command: ['/usr/bin/bash', '-c', 'cd /home/mohammed/.dbt/dbt_projects/bank_reviews_transactional && dbt run']
[2025-03-18T18:28:23.265+0000] {subprocess.py:99} INFO - Output:
[2025-03-18T18:28:42.640+0000] {subprocess.py:106} INFO - [0m18:28:42  Running with dbt=1.9.3
[2025-03-18T18:28:44.918+0000] {subprocess.py:106} INFO - [0m18:28:44  Registered adapter: postgres=1.9.0
[2025-03-18T18:28:46.525+0000] {subprocess.py:106} INFO - [0m18:28:46  [[33mWARNING[0m]: Configuration paths exist in your dbt_project.yml file which do not apply to any resources.
[2025-03-18T18:28:46.526+0000] {subprocess.py:106} INFO - There are 1 unused configuration paths:
[2025-03-18T18:28:46.528+0000] {subprocess.py:106} INFO - - models.bank_reviews_transactional.transactional
[2025-03-18T18:28:47.250+0000] {subprocess.py:106} INFO - [0m18:28:47  Found 1 model, 1 source, 433 macros
[2025-03-18T18:28:47.271+0000] {subprocess.py:106} INFO - [0m18:28:47
[2025-03-18T18:28:47.279+0000] {subprocess.py:106} INFO - [0m18:28:47  Concurrency: 4 threads (target='dev')
[2025-03-18T18:28:47.284+0000] {subprocess.py:106} INFO - [0m18:28:47
[2025-03-18T18:28:48.382+0000] {subprocess.py:106} INFO - [0m18:28:48  1 of 1 START sql table model transactional.clean_reviews ....................... [RUN]
[2025-03-18T18:28:51.396+0000] {subprocess.py:106} INFO - [0m18:28:51  1 of 1 OK created sql table model transactional.clean_reviews .................. [[32mSELECT 549[0m in 2.97s]
[2025-03-18T18:28:51.582+0000] {subprocess.py:106} INFO - [0m18:28:51
[2025-03-18T18:28:51.605+0000] {subprocess.py:106} INFO - [0m18:28:51  Finished running 1 table model in 0 hours 0 minutes and 4.28 seconds (4.28s).
[2025-03-18T18:28:51.915+0000] {subprocess.py:106} INFO - [0m18:28:51
[2025-03-18T18:28:51.922+0000] {subprocess.py:106} INFO - [0m18:28:51  [32mCompleted successfully[0m
[2025-03-18T18:28:51.930+0000] {subprocess.py:106} INFO - [0m18:28:51
[2025-03-18T18:28:51.935+0000] {subprocess.py:106} INFO - [0m18:28:51  Done. PASS=1 WARN=0 ERROR=0 SKIP=0 TOTAL=1
[2025-03-18T18:28:56.804+0000] {subprocess.py:110} INFO - Command exited with return code 0
[2025-03-18T18:28:57.399+0000] {taskinstance.py:341} INFO - ::group::Post task execution logs
[2025-03-18T18:28:57.400+0000] {taskinstance.py:353} INFO - Marking task as SUCCESS. dag_id=load_dbt_clean_reviews_pipeline, task_id=dbt_run, run_id=scheduled__2024-08-16T00:00:00+00:00, execution_date=20240816T000000, start_date=20250318T182821, end_date=20250318T182857
[2025-03-18T18:28:57.714+0000] {logging_mixin.py:190} INFO - Task instance in success state
[2025-03-18T18:28:57.715+0000] {logging_mixin.py:190} INFO -  Previous state of the Task instance: running
[2025-03-18T18:28:57.716+0000] {logging_mixin.py:190} INFO - Dag name:load_dbt_clean_reviews_pipeline queued_at:2025-03-18 18:22:36.665350+00:00
[2025-03-18T18:28:57.716+0000] {logging_mixin.py:190} INFO - Task hostname:DESKTOP-IM7V4RI. operator:BashOperator
[2025-03-18T18:28:57.785+0000] {local_task_job_runner.py:266} INFO - Task exited with return code 0
[2025-03-18T18:28:57.887+0000] {taskinstance.py:3901} INFO - 0 downstream tasks scheduled from follow-on schedule check
[2025-03-18T18:28:58.142+0000] {local_task_job_runner.py:245} INFO - ::endgroup::
[2025-03-18T18:28:58.181+0000] {standard_task_runner.py:217} INFO - Process not found (most likely exited), stop collecting metrics
