[2025-03-18T18:29:19.487+0000] {local_task_job_runner.py:123} INFO - ::group::Pre task execution logs
[2025-03-18T18:29:19.687+0000] {taskinstance.py:2614} INFO - Dependencies all met for dep_context=non-requeueable deps ti=<TaskInstance: load_dbt_clean_reviews_pipeline.dbt_run scheduled__2024-12-02T00:00:00+00:00 [queued]>
[2025-03-18T18:29:19.733+0000] {taskinstance.py:2614} INFO - Dependencies all met for dep_context=requeueable deps ti=<TaskInstance: load_dbt_clean_reviews_pipeline.dbt_run scheduled__2024-12-02T00:00:00+00:00 [queued]>
[2025-03-18T18:29:19.734+0000] {taskinstance.py:2867} INFO - Starting attempt 1 of 2
[2025-03-18T18:29:19.841+0000] {taskinstance.py:2890} INFO - Executing <Task(BashOperator): dbt_run> on 2024-12-02 00:00:00+00:00
[2025-03-18T18:29:19.862+0000] {standard_task_runner.py:72} INFO - Started process 24451 to run task
[2025-03-18T18:29:19.906+0000] {standard_task_runner.py:104} INFO - Running: ['airflow', 'tasks', 'run', 'load_dbt_clean_reviews_pipeline', 'dbt_run', 'scheduled__2024-12-02T00:00:00+00:00', '--job-id', '1089', '--raw', '--subdir', 'DAGS_FOLDER/dag_load_reviews.py', '--cfg-path', '/tmp/tmpjou_zsgf']
[2025-03-18T18:29:19.917+0000] {standard_task_runner.py:105} INFO - Job 1089: Subtask dbt_run
[2025-03-18T18:29:20.470+0000] {task_command.py:467} INFO - Running <TaskInstance: load_dbt_clean_reviews_pipeline.dbt_run scheduled__2024-12-02T00:00:00+00:00 [running]> on host DESKTOP-IM7V4RI.
[2025-03-18T18:29:21.400+0000] {taskinstance.py:3134} INFO - Exporting env vars: AIRFLOW_CTX_DAG_OWNER='mohammed' AIRFLOW_CTX_DAG_ID='load_dbt_clean_reviews_pipeline' AIRFLOW_CTX_TASK_ID='dbt_run' AIRFLOW_CTX_EXECUTION_DATE='2024-12-02T00:00:00+00:00' AIRFLOW_CTX_TRY_NUMBER='1' AIRFLOW_CTX_DAG_RUN_ID='scheduled__2024-12-02T00:00:00+00:00'
[2025-03-18T18:29:21.403+0000] {logging_mixin.py:190} INFO - Task instance is in running state
[2025-03-18T18:29:21.404+0000] {logging_mixin.py:190} INFO -  Previous state of the Task instance: queued
[2025-03-18T18:29:21.405+0000] {logging_mixin.py:190} INFO - Current task name:dbt_run state:running start_date:2025-03-18 18:29:19.688777+00:00
[2025-03-18T18:29:21.406+0000] {logging_mixin.py:190} INFO - Dag name:load_dbt_clean_reviews_pipeline and current dag run status:running
[2025-03-18T18:29:21.406+0000] {taskinstance.py:732} INFO - ::endgroup::
[2025-03-18T18:29:21.408+0000] {subprocess.py:78} INFO - Tmp dir root location: /tmp
[2025-03-18T18:29:21.422+0000] {subprocess.py:88} INFO - Running command: ['/usr/bin/bash', '-c', 'cd /home/mohammed/.dbt/dbt_projects/bank_reviews_transactional && dbt run']
[2025-03-18T18:29:21.497+0000] {subprocess.py:99} INFO - Output:
[2025-03-18T18:29:57.906+0000] {subprocess.py:106} INFO - [0m18:29:57  Running with dbt=1.9.3
[2025-03-18T18:30:06.386+0000] {subprocess.py:106} INFO - [0m18:30:06  Registered adapter: postgres=1.9.0
[2025-03-18T18:30:12.356+0000] {subprocess.py:106} INFO - [0m18:30:12  [[33mWARNING[0m]: Configuration paths exist in your dbt_project.yml file which do not apply to any resources.
[2025-03-18T18:30:12.848+0000] {subprocess.py:106} INFO - There are 1 unused configuration paths:
[2025-03-18T18:30:12.849+0000] {subprocess.py:106} INFO - - models.bank_reviews_transactional.transactional
[2025-03-18T18:30:17.635+0000] {subprocess.py:106} INFO - [0m18:30:17  Found 1 model, 1 source, 433 macros
[2025-03-18T18:30:17.765+0000] {subprocess.py:106} INFO - [0m18:30:17
[2025-03-18T18:30:18.388+0000] {subprocess.py:106} INFO - [0m18:30:18  Concurrency: 4 threads (target='dev')
[2025-03-18T18:30:18.389+0000] {subprocess.py:106} INFO - [0m18:30:18
[2025-03-18T18:30:20.394+0000] {subprocess.py:106} INFO - [0m18:30:20  1 of 1 START sql table model transactional.clean_reviews ....................... [RUN]
[2025-03-18T18:30:25.025+0000] {subprocess.py:106} INFO - [0m18:30:25  1 of 1 ERROR creating sql table model transactional.clean_reviews .............. [[31mERROR[0m in 4.62s]
[2025-03-18T18:30:25.143+0000] {subprocess.py:106} INFO - [0m18:30:25
[2025-03-18T18:30:25.146+0000] {subprocess.py:106} INFO - [0m18:30:25  Finished running 1 table model in 0 hours 0 minutes and 6.75 seconds (6.75s).
[2025-03-18T18:30:25.384+0000] {subprocess.py:106} INFO - [0m18:30:25
[2025-03-18T18:30:25.387+0000] {subprocess.py:106} INFO - [0m18:30:25  [31mCompleted with 1 error, 0 partial successes, and 0 warnings:[0m
[2025-03-18T18:30:25.394+0000] {subprocess.py:106} INFO - [0m18:30:25
[2025-03-18T18:30:25.399+0000] {subprocess.py:106} INFO - [0m18:30:25    Database Error in model clean_reviews (models/clean_reviews.sql)
[2025-03-18T18:30:25.400+0000] {subprocess.py:106} INFO -   relation "clean_reviews__dbt_backup" already exists
[2025-03-18T18:30:25.401+0000] {subprocess.py:106} INFO -   compiled code at target/run/bank_reviews_transactional/models/clean_reviews.sql
[2025-03-18T18:30:25.402+0000] {subprocess.py:106} INFO - [0m18:30:25
[2025-03-18T18:30:25.408+0000] {subprocess.py:106} INFO - [0m18:30:25  Done. PASS=0 WARN=0 ERROR=1 SKIP=0 TOTAL=1
[2025-03-18T18:30:30.107+0000] {subprocess.py:110} INFO - Command exited with return code 1
[2025-03-18T18:30:30.621+0000] {taskinstance.py:3313} ERROR - Task failed with exception
Traceback (most recent call last):
  File "/home/mohammed/venv/lib/python3.11/site-packages/airflow/models/taskinstance.py", line 768, in _execute_task
    result = _execute_callable(context=context, **execute_callable_kwargs)
             ^^^^^^^^^^^^^^^^^^^^^^^^^^^^^^^^^^^^^^^^^^^^^^^^^^^^^^^^^^^^^
  File "/home/mohammed/venv/lib/python3.11/site-packages/airflow/models/taskinstance.py", line 734, in _execute_callable
    return ExecutionCallableRunner(
           ^^^^^^^^^^^^^^^^^^^^^^^^
  File "/home/mohammed/venv/lib/python3.11/site-packages/airflow/utils/operator_helpers.py", line 252, in run
    return self.func(*args, **kwargs)
           ^^^^^^^^^^^^^^^^^^^^^^^^^^
  File "/home/mohammed/venv/lib/python3.11/site-packages/airflow/models/baseoperator.py", line 424, in wrapper
    return func(self, *args, **kwargs)
           ^^^^^^^^^^^^^^^^^^^^^^^^^^^
  File "/home/mohammed/venv/lib/python3.11/site-packages/airflow/operators/bash.py", line 276, in execute
    raise AirflowException(
airflow.exceptions.AirflowException: Bash command failed. The command returned a non-zero exit code 1.
[2025-03-18T18:30:30.860+0000] {logging_mixin.py:190} INFO - Task instance in failure state
[2025-03-18T18:30:30.861+0000] {logging_mixin.py:190} INFO - Task start:2025-03-18 18:29:19.688777+00:00 end:2025-03-18 18:30:30.828257+00:00 duration:71.13948
[2025-03-18T18:30:30.866+0000] {logging_mixin.py:190} INFO - Task:<Task(BashOperator): dbt_run> dag:<DAG: load_dbt_clean_reviews_pipeline> dagrun:<DagRun load_dbt_clean_reviews_pipeline @ 2024-12-02 00:00:00+00:00: scheduled__2024-12-02T00:00:00+00:00, state:running, queued_at: 2025-03-18 18:29:15.806658+00:00. externally triggered: False>
[2025-03-18T18:30:30.867+0000] {logging_mixin.py:190} INFO - Failure caused by Bash command failed. The command returned a non-zero exit code 1.
[2025-03-18T18:30:30.871+0000] {taskinstance.py:1226} INFO - Marking task as UP_FOR_RETRY. dag_id=load_dbt_clean_reviews_pipeline, task_id=dbt_run, run_id=scheduled__2024-12-02T00:00:00+00:00, execution_date=20241202T000000, start_date=20250318T182919, end_date=20250318T183030
[2025-03-18T18:30:31.745+0000] {taskinstance.py:341} INFO - ::group::Post task execution logs
[2025-03-18T18:30:31.750+0000] {standard_task_runner.py:124} ERROR - Failed to execute job 1089 for task dbt_run (Bash command failed. The command returned a non-zero exit code 1.; 24451)
Traceback (most recent call last):
  File "/home/mohammed/venv/lib/python3.11/site-packages/airflow/task/task_runner/standard_task_runner.py", line 117, in _start_by_fork
    ret = args.func(args, dag=self.dag)
          ^^^^^^^^^^^^^^^^^^^^^^^^^^^^^
  File "/home/mohammed/venv/lib/python3.11/site-packages/airflow/cli/cli_config.py", line 49, in command
    return func(*args, **kwargs)
           ^^^^^^^^^^^^^^^^^^^^^
  File "/home/mohammed/venv/lib/python3.11/site-packages/airflow/utils/cli.py", line 116, in wrapper
    return f(*args, **kwargs)
           ^^^^^^^^^^^^^^^^^^
  File "/home/mohammed/venv/lib/python3.11/site-packages/airflow/cli/commands/task_command.py", line 483, in task_run
    task_return_code = _run_task_by_selected_method(args, _dag, ti)
                       ^^^^^^^^^^^^^^^^^^^^^^^^^^^^^^^^^^^^^^^^^^^^
  File "/home/mohammed/venv/lib/python3.11/site-packages/airflow/cli/commands/task_command.py", line 256, in _run_task_by_selected_method
    return _run_raw_task(args, ti)
           ^^^^^^^^^^^^^^^^^^^^^^^
  File "/home/mohammed/venv/lib/python3.11/site-packages/airflow/cli/commands/task_command.py", line 341, in _run_raw_task
    return ti._run_raw_task(
           ^^^^^^^^^^^^^^^^^
  File "/home/mohammed/venv/lib/python3.11/site-packages/airflow/utils/session.py", line 97, in wrapper
    return func(*args, session=session, **kwargs)
           ^^^^^^^^^^^^^^^^^^^^^^^^^^^^^^^^^^^^^^
  File "/home/mohammed/venv/lib/python3.11/site-packages/airflow/models/taskinstance.py", line 3006, in _run_raw_task
    return _run_raw_task(
           ^^^^^^^^^^^^^^
  File "/home/mohammed/venv/lib/python3.11/site-packages/airflow/models/taskinstance.py", line 274, in _run_raw_task
    TaskInstance._execute_task_with_callbacks(
  File "/home/mohammed/venv/lib/python3.11/site-packages/airflow/models/taskinstance.py", line 3161, in _execute_task_with_callbacks
    result = self._execute_task(context, task_orig)
             ^^^^^^^^^^^^^^^^^^^^^^^^^^^^^^^^^^^^^^
  File "/home/mohammed/venv/lib/python3.11/site-packages/airflow/models/taskinstance.py", line 3185, in _execute_task
    return _execute_task(self, context, task_orig)
           ^^^^^^^^^^^^^^^^^^^^^^^^^^^^^^^^^^^^^^^
  File "/home/mohammed/venv/lib/python3.11/site-packages/airflow/models/taskinstance.py", line 768, in _execute_task
    result = _execute_callable(context=context, **execute_callable_kwargs)
             ^^^^^^^^^^^^^^^^^^^^^^^^^^^^^^^^^^^^^^^^^^^^^^^^^^^^^^^^^^^^^
  File "/home/mohammed/venv/lib/python3.11/site-packages/airflow/models/taskinstance.py", line 734, in _execute_callable
    return ExecutionCallableRunner(
           ^^^^^^^^^^^^^^^^^^^^^^^^
  File "/home/mohammed/venv/lib/python3.11/site-packages/airflow/utils/operator_helpers.py", line 252, in run
    return self.func(*args, **kwargs)
           ^^^^^^^^^^^^^^^^^^^^^^^^^^
  File "/home/mohammed/venv/lib/python3.11/site-packages/airflow/models/baseoperator.py", line 424, in wrapper
    return func(self, *args, **kwargs)
           ^^^^^^^^^^^^^^^^^^^^^^^^^^^
  File "/home/mohammed/venv/lib/python3.11/site-packages/airflow/operators/bash.py", line 276, in execute
    raise AirflowException(
airflow.exceptions.AirflowException: Bash command failed. The command returned a non-zero exit code 1.
[2025-03-18T18:30:31.873+0000] {local_task_job_runner.py:266} INFO - Task exited with return code 1
[2025-03-18T18:30:32.170+0000] {taskinstance.py:3901} INFO - 0 downstream tasks scheduled from follow-on schedule check
[2025-03-18T18:30:32.185+0000] {local_task_job_runner.py:245} INFO - ::endgroup::
