[2025-03-18T18:36:30.445+0000] {local_task_job_runner.py:123} INFO - ::group::Pre task execution logs
[2025-03-18T18:36:30.572+0000] {taskinstance.py:2614} INFO - Dependencies all met for dep_context=non-requeueable deps ti=<TaskInstance: load_dbt_clean_reviews_pipeline.dbt_run scheduled__2025-03-08T00:00:00+00:00 [queued]>
[2025-03-18T18:36:30.622+0000] {taskinstance.py:2614} INFO - Dependencies all met for dep_context=requeueable deps ti=<TaskInstance: load_dbt_clean_reviews_pipeline.dbt_run scheduled__2025-03-08T00:00:00+00:00 [queued]>
[2025-03-18T18:36:30.623+0000] {taskinstance.py:2867} INFO - Starting attempt 1 of 2
[2025-03-18T18:36:30.790+0000] {taskinstance.py:2890} INFO - Executing <Task(BashOperator): dbt_run> on 2025-03-08 00:00:00+00:00
[2025-03-18T18:36:30.857+0000] {standard_task_runner.py:72} INFO - Started process 33718 to run task
[2025-03-18T18:36:30.877+0000] {standard_task_runner.py:104} INFO - Running: ['airflow', 'tasks', 'run', 'load_dbt_clean_reviews_pipeline', 'dbt_run', 'scheduled__2025-03-08T00:00:00+00:00', '--job-id', '1188', '--raw', '--subdir', 'DAGS_FOLDER/dag_load_reviews.py', '--cfg-path', '/tmp/tmp7aaxj1e0']
[2025-03-18T18:36:30.879+0000] {standard_task_runner.py:105} INFO - Job 1188: Subtask dbt_run
[2025-03-18T18:36:31.222+0000] {task_command.py:467} INFO - Running <TaskInstance: load_dbt_clean_reviews_pipeline.dbt_run scheduled__2025-03-08T00:00:00+00:00 [running]> on host DESKTOP-IM7V4RI.
[2025-03-18T18:36:31.678+0000] {taskinstance.py:3134} INFO - Exporting env vars: AIRFLOW_CTX_DAG_OWNER='mohammed' AIRFLOW_CTX_DAG_ID='load_dbt_clean_reviews_pipeline' AIRFLOW_CTX_TASK_ID='dbt_run' AIRFLOW_CTX_EXECUTION_DATE='2025-03-08T00:00:00+00:00' AIRFLOW_CTX_TRY_NUMBER='1' AIRFLOW_CTX_DAG_RUN_ID='scheduled__2025-03-08T00:00:00+00:00'
[2025-03-18T18:36:31.681+0000] {logging_mixin.py:190} INFO - Task instance is in running state
[2025-03-18T18:36:31.681+0000] {logging_mixin.py:190} INFO -  Previous state of the Task instance: queued
[2025-03-18T18:36:31.682+0000] {logging_mixin.py:190} INFO - Current task name:dbt_run state:running start_date:2025-03-18 18:36:30.578539+00:00
[2025-03-18T18:36:31.682+0000] {logging_mixin.py:190} INFO - Dag name:load_dbt_clean_reviews_pipeline and current dag run status:running
[2025-03-18T18:36:31.683+0000] {taskinstance.py:732} INFO - ::endgroup::
[2025-03-18T18:36:31.685+0000] {subprocess.py:78} INFO - Tmp dir root location: /tmp
[2025-03-18T18:36:31.687+0000] {subprocess.py:88} INFO - Running command: ['/usr/bin/bash', '-c', 'cd /home/mohammed/.dbt/dbt_projects/bank_reviews_transactional && dbt run']
[2025-03-18T18:36:31.775+0000] {subprocess.py:99} INFO - Output:
[2025-03-18T18:36:40.058+0000] {subprocess.py:106} INFO - [0m18:36:40  Running with dbt=1.9.3
[2025-03-18T18:36:41.847+0000] {subprocess.py:106} INFO - [0m18:36:41  Registered adapter: postgres=1.9.0
[2025-03-18T18:36:42.879+0000] {subprocess.py:106} INFO - [0m18:36:42  [[33mWARNING[0m]: Configuration paths exist in your dbt_project.yml file which do not apply to any resources.
[2025-03-18T18:36:42.880+0000] {subprocess.py:106} INFO - There are 1 unused configuration paths:
[2025-03-18T18:36:42.881+0000] {subprocess.py:106} INFO - - models.bank_reviews_transactional.transactional
[2025-03-18T18:36:43.713+0000] {subprocess.py:106} INFO - [0m18:36:43  Found 1 model, 1 source, 433 macros
[2025-03-18T18:36:43.733+0000] {subprocess.py:106} INFO - [0m18:36:43
[2025-03-18T18:36:43.748+0000] {subprocess.py:106} INFO - [0m18:36:43  Concurrency: 4 threads (target='dev')
[2025-03-18T18:36:43.750+0000] {subprocess.py:106} INFO - [0m18:36:43
[2025-03-18T18:36:44.671+0000] {subprocess.py:106} INFO - [0m18:36:44  1 of 1 START sql table model transactional.clean_reviews ....................... [RUN]
[2025-03-18T18:36:46.111+0000] {subprocess.py:106} INFO - [0m18:36:46  1 of 1 OK created sql table model transactional.clean_reviews .................. [[32mSELECT 549[0m in 1.43s]
[2025-03-18T18:36:46.216+0000] {subprocess.py:106} INFO - [0m18:36:46
[2025-03-18T18:36:46.218+0000] {subprocess.py:106} INFO - [0m18:36:46  Finished running 1 table model in 0 hours 0 minutes and 2.46 seconds (2.46s).
[2025-03-18T18:36:46.384+0000] {subprocess.py:106} INFO - [0m18:36:46
[2025-03-18T18:36:46.393+0000] {subprocess.py:106} INFO - [0m18:36:46  [32mCompleted successfully[0m
[2025-03-18T18:36:46.397+0000] {subprocess.py:106} INFO - [0m18:36:46
[2025-03-18T18:36:46.400+0000] {subprocess.py:106} INFO - [0m18:36:46  Done. PASS=1 WARN=0 ERROR=0 SKIP=0 TOTAL=1
[2025-03-18T18:36:50.080+0000] {subprocess.py:110} INFO - Command exited with return code 0
[2025-03-18T18:36:50.644+0000] {taskinstance.py:341} INFO - ::group::Post task execution logs
[2025-03-18T18:36:50.648+0000] {taskinstance.py:353} INFO - Marking task as SUCCESS. dag_id=load_dbt_clean_reviews_pipeline, task_id=dbt_run, run_id=scheduled__2025-03-08T00:00:00+00:00, execution_date=20250308T000000, start_date=20250318T183630, end_date=20250318T183650
[2025-03-18T18:36:50.839+0000] {logging_mixin.py:190} INFO - Task instance in success state
[2025-03-18T18:36:50.841+0000] {logging_mixin.py:190} INFO -  Previous state of the Task instance: running
[2025-03-18T18:36:50.842+0000] {logging_mixin.py:190} INFO - Dag name:load_dbt_clean_reviews_pipeline queued_at:2025-03-18 18:36:28.150750+00:00
[2025-03-18T18:36:50.843+0000] {logging_mixin.py:190} INFO - Task hostname:DESKTOP-IM7V4RI. operator:BashOperator
[2025-03-18T18:36:50.942+0000] {local_task_job_runner.py:266} INFO - Task exited with return code 0
[2025-03-18T18:36:51.144+0000] {taskinstance.py:3901} INFO - 0 downstream tasks scheduled from follow-on schedule check
[2025-03-18T18:36:51.168+0000] {local_task_job_runner.py:245} INFO - ::endgroup::
