[2025-03-14T13:48:13.725+0000] {local_task_job_runner.py:123} INFO - ::group::Pre task execution logs
[2025-03-14T13:48:13.764+0000] {taskinstance.py:2614} INFO - Dependencies all met for dep_context=non-requeueable deps ti=<TaskInstance: dag_load_data_dec_.generate_sales_commands scheduled__2025-03-14T12:01:00+00:00 [queued]>
[2025-03-14T13:48:13.776+0000] {taskinstance.py:2614} INFO - Dependencies all met for dep_context=requeueable deps ti=<TaskInstance: dag_load_data_dec_.generate_sales_commands scheduled__2025-03-14T12:01:00+00:00 [queued]>
[2025-03-14T13:48:13.776+0000] {taskinstance.py:2867} INFO - Starting attempt 1 of 1
[2025-03-14T13:48:13.795+0000] {taskinstance.py:2890} INFO - Executing <Task(PythonOperator): generate_sales_commands> on 2025-03-14 12:01:00+00:00
[2025-03-14T13:48:13.801+0000] {standard_task_runner.py:72} INFO - Started process 718 to run task
[2025-03-14T13:48:13.806+0000] {standard_task_runner.py:104} INFO - Running: ['airflow', 'tasks', 'run', 'dag_load_data_dec_', 'generate_sales_commands', 'scheduled__2025-03-14T12:01:00+00:00', '--job-id', '173', '--raw', '--subdir', 'DAGS_FOLDER/dag_load_data_decesional.py', '--cfg-path', '/tmp/tmp_svw8vyw']
[2025-03-14T13:48:13.807+0000] {standard_task_runner.py:105} INFO - Job 173: Subtask generate_sales_commands
[2025-03-14T13:48:13.936+0000] {task_command.py:467} INFO - Running <TaskInstance: dag_load_data_dec_.generate_sales_commands scheduled__2025-03-14T12:01:00+00:00 [running]> on host DESKTOP-IM7V4RI.
[2025-03-14T13:48:14.125+0000] {taskinstance.py:3134} INFO - Exporting env vars: AIRFLOW_CTX_DAG_OWNER='airflow' AIRFLOW_CTX_DAG_ID='dag_load_data_dec_' AIRFLOW_CTX_TASK_ID='generate_sales_commands' AIRFLOW_CTX_EXECUTION_DATE='2025-03-14T12:01:00+00:00' AIRFLOW_CTX_TRY_NUMBER='1' AIRFLOW_CTX_DAG_RUN_ID='scheduled__2025-03-14T12:01:00+00:00'
[2025-03-14T13:48:14.126+0000] {logging_mixin.py:190} INFO - Task instance is in running state
[2025-03-14T13:48:14.127+0000] {logging_mixin.py:190} INFO -  Previous state of the Task instance: queued
[2025-03-14T13:48:14.127+0000] {logging_mixin.py:190} INFO - Current task name:generate_sales_commands state:running start_date:2025-03-14 13:48:13.764986+00:00
[2025-03-14T13:48:14.127+0000] {logging_mixin.py:190} INFO - Dag name:dag_load_data_dec_ and current dag run status:running
[2025-03-14T13:48:14.128+0000] {taskinstance.py:732} INFO - ::endgroup::
[2025-03-14T13:48:14.129+0000] {logging_mixin.py:190} INFO - ++++ Inserting num_sales=3 new records ++++
[2025-03-14T13:48:14.154+0000] {base.py:84} INFO - Retrieving connection 'transactional_db_conn'
[2025-03-14T13:48:14.171+0000] {sql.py:624} INFO - Running statement: INSERT INTO sales (customer_id, product_id, employee_id, quantity, sale_date, discount, total_amount) VALUES (%s, %s, %s, %s, %s, %s, %s), parameters: (174, 32, 5, 5, datetime.datetime(2025, 3, 14, 13, 48, 11, 129376), 0.06, 470.0)
[2025-03-14T13:48:14.205+0000] {sql.py:633} INFO - Rows affected: 1
[2025-03-14T13:48:14.227+0000] {sql.py:624} INFO - Running statement: INSERT INTO sales (customer_id, product_id, employee_id, quantity, sale_date, discount, total_amount) VALUES (%s, %s, %s, %s, %s, %s, %s), parameters: (304, 28, 1, 1, datetime.datetime(2025, 3, 14, 13, 48, 12, 208916), 0.19, 81.0)
[2025-03-14T13:48:14.233+0000] {sql.py:633} INFO - Rows affected: 1
[2025-03-14T13:48:14.255+0000] {sql.py:624} INFO - Running statement: INSERT INTO sales (customer_id, product_id, employee_id, quantity, sale_date, discount, total_amount) VALUES (%s, %s, %s, %s, %s, %s, %s), parameters: (464, 8, 3, 2, datetime.datetime(2025, 3, 14, 13, 48, 9, 236242), 0.19, 162.0)
[2025-03-14T13:48:14.260+0000] {sql.py:633} INFO - Rows affected: 1
[2025-03-14T13:48:14.263+0000] {python.py:240} INFO - Done. Returned value was: None
[2025-03-14T13:48:14.292+0000] {taskinstance.py:341} INFO - ::group::Post task execution logs
[2025-03-14T13:48:14.292+0000] {taskinstance.py:353} INFO - Marking task as SUCCESS. dag_id=dag_load_data_dec_, task_id=generate_sales_commands, run_id=scheduled__2025-03-14T12:01:00+00:00, execution_date=20250314T120100, start_date=20250314T134813, end_date=20250314T134814
[2025-03-14T13:48:14.357+0000] {logging_mixin.py:190} INFO - Task instance in success state
[2025-03-14T13:48:14.358+0000] {logging_mixin.py:190} INFO -  Previous state of the Task instance: running
[2025-03-14T13:48:14.358+0000] {logging_mixin.py:190} INFO - Dag name:dag_load_data_dec_ queued_at:2025-03-14 13:48:12.604243+00:00
[2025-03-14T13:48:14.359+0000] {logging_mixin.py:190} INFO - Task hostname:DESKTOP-IM7V4RI. operator:PythonOperator
[2025-03-14T13:48:14.382+0000] {local_task_job_runner.py:266} INFO - Task exited with return code 0
[2025-03-14T13:48:14.418+0000] {taskinstance.py:3901} INFO - 0 downstream tasks scheduled from follow-on schedule check
[2025-03-14T13:48:14.423+0000] {local_task_job_runner.py:245} INFO - ::endgroup::
