[2025-03-18T18:21:42.613+0000] {local_task_job_runner.py:123} INFO - ::group::Pre task execution logs
[2025-03-18T18:21:42.883+0000] {taskinstance.py:2614} INFO - Dependencies all met for dep_context=non-requeueable deps ti=<TaskInstance: load_dbt_clean_reviews_pipeline.dbt_run scheduled__2024-07-27T00:00:00+00:00 [queued]>
[2025-03-18T18:21:42.943+0000] {taskinstance.py:2614} INFO - Dependencies all met for dep_context=requeueable deps ti=<TaskInstance: load_dbt_clean_reviews_pipeline.dbt_run scheduled__2024-07-27T00:00:00+00:00 [queued]>
[2025-03-18T18:21:42.944+0000] {taskinstance.py:2867} INFO - Starting attempt 1 of 2
[2025-03-18T18:21:43.227+0000] {taskinstance.py:2890} INFO - Executing <Task(BashOperator): dbt_run> on 2024-07-27 00:00:00+00:00
[2025-03-18T18:21:43.270+0000] {standard_task_runner.py:72} INFO - Started process 13044 to run task
[2025-03-18T18:21:43.290+0000] {standard_task_runner.py:104} INFO - Running: ['airflow', 'tasks', 'run', 'load_dbt_clean_reviews_pipeline', 'dbt_run', 'scheduled__2024-07-27T00:00:00+00:00', '--job-id', '958', '--raw', '--subdir', 'DAGS_FOLDER/dag_load_reviews.py', '--cfg-path', '/tmp/tmpho0vcw9k']
[2025-03-18T18:21:43.305+0000] {standard_task_runner.py:105} INFO - Job 958: Subtask dbt_run
[2025-03-18T18:21:43.805+0000] {task_command.py:467} INFO - Running <TaskInstance: load_dbt_clean_reviews_pipeline.dbt_run scheduled__2024-07-27T00:00:00+00:00 [running]> on host DESKTOP-IM7V4RI.
[2025-03-18T18:21:44.896+0000] {taskinstance.py:3134} INFO - Exporting env vars: AIRFLOW_CTX_DAG_OWNER='mohammed' AIRFLOW_CTX_DAG_ID='load_dbt_clean_reviews_pipeline' AIRFLOW_CTX_TASK_ID='dbt_run' AIRFLOW_CTX_EXECUTION_DATE='2024-07-27T00:00:00+00:00' AIRFLOW_CTX_TRY_NUMBER='1' AIRFLOW_CTX_DAG_RUN_ID='scheduled__2024-07-27T00:00:00+00:00'
[2025-03-18T18:21:44.906+0000] {logging_mixin.py:190} INFO - Task instance is in running state
[2025-03-18T18:21:44.907+0000] {logging_mixin.py:190} INFO -  Previous state of the Task instance: queued
[2025-03-18T18:21:44.907+0000] {logging_mixin.py:190} INFO - Current task name:dbt_run state:running start_date:2025-03-18 18:21:42.884602+00:00
[2025-03-18T18:21:44.908+0000] {logging_mixin.py:190} INFO - Dag name:load_dbt_clean_reviews_pipeline and current dag run status:running
[2025-03-18T18:21:44.908+0000] {taskinstance.py:732} INFO - ::endgroup::
[2025-03-18T18:21:44.910+0000] {subprocess.py:78} INFO - Tmp dir root location: /tmp
[2025-03-18T18:21:44.944+0000] {subprocess.py:88} INFO - Running command: ['/usr/bin/bash', '-c', 'cd /home/mohammed/.dbt/dbt_projects/bank_reviews_transactional && dbt run']
[2025-03-18T18:21:44.991+0000] {subprocess.py:99} INFO - Output:
[2025-03-18T18:22:06.756+0000] {subprocess.py:106} INFO - [0m18:22:06  Running with dbt=1.9.3
[2025-03-18T18:22:11.232+0000] {subprocess.py:106} INFO - [0m18:22:11  Registered adapter: postgres=1.9.0
[2025-03-18T18:22:13.373+0000] {subprocess.py:106} INFO - [0m18:22:13  [[33mWARNING[0m]: Configuration paths exist in your dbt_project.yml file which do not apply to any resources.
[2025-03-18T18:22:13.374+0000] {subprocess.py:106} INFO - There are 1 unused configuration paths:
[2025-03-18T18:22:13.375+0000] {subprocess.py:106} INFO - - models.bank_reviews_transactional.transactional
[2025-03-18T18:22:14.784+0000] {subprocess.py:106} INFO - [0m18:22:14  Found 1 model, 1 source, 433 macros
[2025-03-18T18:22:14.815+0000] {subprocess.py:106} INFO - [0m18:22:14
[2025-03-18T18:22:14.822+0000] {subprocess.py:106} INFO - [0m18:22:14  Concurrency: 4 threads (target='dev')
[2025-03-18T18:22:14.835+0000] {subprocess.py:106} INFO - [0m18:22:14
[2025-03-18T18:22:16.767+0000] {subprocess.py:106} INFO - [0m18:22:16  1 of 1 START sql table model transactional.clean_reviews ....................... [RUN]
[2025-03-18T18:22:18.962+0000] {subprocess.py:106} INFO - [0m18:22:18  1 of 1 OK created sql table model transactional.clean_reviews .................. [[32mSELECT 549[0m in 2.17s]
[2025-03-18T18:22:19.064+0000] {subprocess.py:106} INFO - [0m18:22:19
[2025-03-18T18:22:19.067+0000] {subprocess.py:106} INFO - [0m18:22:19  Finished running 1 table model in 0 hours 0 minutes and 4.23 seconds (4.23s).
[2025-03-18T18:22:19.277+0000] {subprocess.py:106} INFO - [0m18:22:19
[2025-03-18T18:22:19.283+0000] {subprocess.py:106} INFO - [0m18:22:19  [32mCompleted successfully[0m
[2025-03-18T18:22:19.292+0000] {subprocess.py:106} INFO - [0m18:22:19
[2025-03-18T18:22:19.296+0000] {subprocess.py:106} INFO - [0m18:22:19  Done. PASS=1 WARN=0 ERROR=0 SKIP=0 TOTAL=1
[2025-03-18T18:22:22.875+0000] {subprocess.py:110} INFO - Command exited with return code 0
[2025-03-18T18:22:23.194+0000] {taskinstance.py:341} INFO - ::group::Post task execution logs
[2025-03-18T18:22:23.204+0000] {taskinstance.py:353} INFO - Marking task as SUCCESS. dag_id=load_dbt_clean_reviews_pipeline, task_id=dbt_run, run_id=scheduled__2024-07-27T00:00:00+00:00, execution_date=20240727T000000, start_date=20250318T182142, end_date=20250318T182223
[2025-03-18T18:22:23.425+0000] {logging_mixin.py:190} INFO - Task instance in success state
[2025-03-18T18:22:23.427+0000] {logging_mixin.py:190} INFO -  Previous state of the Task instance: running
[2025-03-18T18:22:23.428+0000] {logging_mixin.py:190} INFO - Dag name:load_dbt_clean_reviews_pipeline queued_at:2025-03-18 18:21:37.445793+00:00
[2025-03-18T18:22:23.429+0000] {logging_mixin.py:190} INFO - Task hostname:DESKTOP-IM7V4RI. operator:BashOperator
[2025-03-18T18:22:23.527+0000] {local_task_job_runner.py:266} INFO - Task exited with return code 0
[2025-03-18T18:22:23.617+0000] {local_task_job_runner.py:245} INFO - ::endgroup::
