[2025-03-28T13:36:51.950+0000] {local_task_job_runner.py:123} INFO - ::group::Pre task execution logs
[2025-03-28T13:36:52.103+0000] {taskinstance.py:2614} INFO - Dependencies all met for dep_context=non-requeueable deps ti=<TaskInstance: load_dbt_clean_reviews_pipeline.dbt_run_transactional scheduled__2025-01-16T00:00:00+00:00 [queued]>
[2025-03-28T13:36:52.142+0000] {taskinstance.py:2614} INFO - Dependencies all met for dep_context=requeueable deps ti=<TaskInstance: load_dbt_clean_reviews_pipeline.dbt_run_transactional scheduled__2025-01-16T00:00:00+00:00 [queued]>
[2025-03-28T13:36:52.143+0000] {taskinstance.py:2867} INFO - Starting attempt 1 of 2
[2025-03-28T13:36:52.342+0000] {taskinstance.py:2890} INFO - Executing <Task(BashOperator): dbt_run_transactional> on 2025-01-16 00:00:00+00:00
[2025-03-28T13:36:52.363+0000] {standard_task_runner.py:72} INFO - Started process 7971 to run task
[2025-03-28T13:36:52.408+0000] {standard_task_runner.py:104} INFO - Running: ['airflow', 'tasks', 'run', 'load_dbt_clean_reviews_pipeline', 'dbt_run_transactional', 'scheduled__2025-01-16T00:00:00+00:00', '--job-id', '2308', '--raw', '--subdir', 'DAGS_FOLDER/dag_load_reviews.py', '--cfg-path', '/tmp/tmp04kuc0vm']
[2025-03-28T13:36:52.410+0000] {standard_task_runner.py:105} INFO - Job 2308: Subtask dbt_run_transactional
[2025-03-28T13:36:52.922+0000] {task_command.py:467} INFO - Running <TaskInstance: load_dbt_clean_reviews_pipeline.dbt_run_transactional scheduled__2025-01-16T00:00:00+00:00 [running]> on host DESKTOP-IM7V4RI.
[2025-03-28T13:36:53.610+0000] {taskinstance.py:3134} INFO - Exporting env vars: AIRFLOW_CTX_DAG_OWNER='mohammed' AIRFLOW_CTX_DAG_ID='load_dbt_clean_reviews_pipeline' AIRFLOW_CTX_TASK_ID='dbt_run_transactional' AIRFLOW_CTX_EXECUTION_DATE='2025-01-16T00:00:00+00:00' AIRFLOW_CTX_TRY_NUMBER='1' AIRFLOW_CTX_DAG_RUN_ID='scheduled__2025-01-16T00:00:00+00:00'
[2025-03-28T13:36:53.613+0000] {logging_mixin.py:190} INFO - Task instance is in running state
[2025-03-28T13:36:53.613+0000] {logging_mixin.py:190} INFO -  Previous state of the Task instance: queued
[2025-03-28T13:36:53.614+0000] {logging_mixin.py:190} INFO - Current task name:dbt_run_transactional state:running start_date:2025-03-28 13:36:52.105108+00:00
[2025-03-28T13:36:53.615+0000] {logging_mixin.py:190} INFO - Dag name:load_dbt_clean_reviews_pipeline and current dag run status:running
[2025-03-28T13:36:53.619+0000] {taskinstance.py:732} INFO - ::endgroup::
[2025-03-28T13:36:53.639+0000] {subprocess.py:78} INFO - Tmp dir root location: /tmp
[2025-03-28T13:36:53.642+0000] {subprocess.py:88} INFO - Running command: ['/usr/bin/bash', '-c', 'cd /home/mohammed/.dbt/dbt_projects/bank_reviews_transactional && dbt run']
[2025-03-28T13:36:53.739+0000] {subprocess.py:99} INFO - Output:
[2025-03-28T13:37:16.271+0000] {subprocess.py:106} INFO - [0m13:37:16  Running with dbt=1.9.3
[2025-03-28T13:37:19.798+0000] {subprocess.py:106} INFO - [0m13:37:19  Registered adapter: postgres=1.9.0
[2025-03-28T13:37:21.424+0000] {subprocess.py:106} INFO - [0m13:37:21  [[33mWARNING[0m]: Configuration paths exist in your dbt_project.yml file which do not apply to any resources.
[2025-03-28T13:37:21.425+0000] {subprocess.py:106} INFO - There are 1 unused configuration paths:
[2025-03-28T13:37:21.426+0000] {subprocess.py:106} INFO - - models.bank_reviews_transactional.transactional
[2025-03-28T13:37:22.899+0000] {subprocess.py:106} INFO - [0m13:37:22  Found 1 model, 1 source, 433 macros
[2025-03-28T13:37:22.910+0000] {subprocess.py:106} INFO - [0m13:37:22
[2025-03-28T13:37:22.912+0000] {subprocess.py:106} INFO - [0m13:37:22  Concurrency: 4 threads (target='dev')
[2025-03-28T13:37:22.915+0000] {subprocess.py:106} INFO - [0m13:37:22
[2025-03-28T13:37:24.630+0000] {subprocess.py:106} INFO - [0m13:37:24  1 of 1 START sql table model transactional.clean_reviews ....................... [RUN]
[2025-03-28T13:37:27.697+0000] {subprocess.py:106} INFO - [0m13:37:27  1 of 1 OK created sql table model transactional.clean_reviews .................. [[32mSELECT 281[0m in 3.05s]
[2025-03-28T13:37:27.912+0000] {subprocess.py:106} INFO - [0m13:37:27
[2025-03-28T13:37:27.926+0000] {subprocess.py:106} INFO - [0m13:37:27  Finished running 1 table model in 0 hours 0 minutes and 5.00 seconds (5.00s).
[2025-03-28T13:37:28.796+0000] {subprocess.py:106} INFO - [0m13:37:28
[2025-03-28T13:37:28.811+0000] {subprocess.py:106} INFO - [0m13:37:28  [32mCompleted successfully[0m
[2025-03-28T13:37:28.817+0000] {subprocess.py:106} INFO - [0m13:37:28
[2025-03-28T13:37:28.837+0000] {subprocess.py:106} INFO - [0m13:37:28  Done. PASS=1 WARN=0 ERROR=0 SKIP=0 TOTAL=1
[2025-03-28T13:37:33.155+0000] {subprocess.py:110} INFO - Command exited with return code 0
[2025-03-28T13:37:33.725+0000] {taskinstance.py:341} INFO - ::group::Post task execution logs
[2025-03-28T13:37:33.729+0000] {taskinstance.py:353} INFO - Marking task as SUCCESS. dag_id=load_dbt_clean_reviews_pipeline, task_id=dbt_run_transactional, run_id=scheduled__2025-01-16T00:00:00+00:00, execution_date=20250116T000000, start_date=20250328T133652, end_date=20250328T133733
[2025-03-28T13:37:34.969+0000] {logging_mixin.py:190} INFO - Task instance in success state
[2025-03-28T13:37:34.974+0000] {logging_mixin.py:190} INFO -  Previous state of the Task instance: running
[2025-03-28T13:37:34.981+0000] {logging_mixin.py:190} INFO - Dag name:load_dbt_clean_reviews_pipeline queued_at:2025-03-28 13:36:48.603446+00:00
[2025-03-28T13:37:34.982+0000] {logging_mixin.py:190} INFO - Task hostname:DESKTOP-IM7V4RI. operator:BashOperator
[2025-03-28T13:37:35.164+0000] {local_task_job_runner.py:266} INFO - Task exited with return code 0
[2025-03-28T13:37:35.368+0000] {taskinstance.py:3901} INFO - 0 downstream tasks scheduled from follow-on schedule check
[2025-03-28T13:37:35.381+0000] {local_task_job_runner.py:245} INFO - ::endgroup::
