[2025-03-20T00:49:31.342+0000] {local_task_job_runner.py:123} INFO - ::group::Pre task execution logs
[2025-03-20T00:49:31.409+0000] {taskinstance.py:2614} INFO - Dependencies all met for dep_context=non-requeueable deps ti=<TaskInstance: automate_emploi_extraction.extract_data scheduled__2024-10-25T00:00:00+00:00 [queued]>
[2025-03-20T00:49:31.428+0000] {taskinstance.py:2614} INFO - Dependencies all met for dep_context=requeueable deps ti=<TaskInstance: automate_emploi_extraction.extract_data scheduled__2024-10-25T00:00:00+00:00 [queued]>
[2025-03-20T00:49:31.428+0000] {taskinstance.py:2867} INFO - Starting attempt 1 of 2
[2025-03-20T00:49:31.514+0000] {taskinstance.py:2890} INFO - Executing <Task(PythonOperator): extract_data> on 2024-10-25 00:00:00+00:00
[2025-03-20T00:49:31.535+0000] {standard_task_runner.py:72} INFO - Started process 83477 to run task
[2025-03-20T00:49:31.554+0000] {standard_task_runner.py:104} INFO - Running: ['airflow', 'tasks', 'run', 'automate_emploi_extraction', 'extract_data', 'scheduled__2024-10-25T00:00:00+00:00', '--job-id', '1700', '--raw', '--subdir', 'DAGS_FOLDER/dag_scraper_offres_emploi.py', '--cfg-path', '/tmp/tmp2ff39q3q']
[2025-03-20T00:49:31.556+0000] {standard_task_runner.py:105} INFO - Job 1700: Subtask extract_data
[2025-03-20T00:49:31.820+0000] {task_command.py:467} INFO - Running <TaskInstance: automate_emploi_extraction.extract_data scheduled__2024-10-25T00:00:00+00:00 [running]> on host DESKTOP-IM7V4RI.
[2025-03-20T00:49:32.268+0000] {taskinstance.py:3134} INFO - Exporting env vars: AIRFLOW_CTX_DAG_OWNER='airflow' AIRFLOW_CTX_DAG_ID='automate_emploi_extraction' AIRFLOW_CTX_TASK_ID='extract_data' AIRFLOW_CTX_EXECUTION_DATE='2024-10-25T00:00:00+00:00' AIRFLOW_CTX_TRY_NUMBER='1' AIRFLOW_CTX_DAG_RUN_ID='scheduled__2024-10-25T00:00:00+00:00'
[2025-03-20T00:49:32.272+0000] {logging_mixin.py:190} INFO - Task instance is in running state
[2025-03-20T00:49:32.272+0000] {logging_mixin.py:190} INFO -  Previous state of the Task instance: queued
[2025-03-20T00:49:32.273+0000] {logging_mixin.py:190} INFO - Current task name:extract_data state:running start_date:2025-03-20 00:49:31.409705+00:00
[2025-03-20T00:49:32.274+0000] {logging_mixin.py:190} INFO - Dag name:automate_emploi_extraction and current dag run status:running
[2025-03-20T00:49:32.274+0000] {taskinstance.py:732} INFO - ::endgroup::
[2025-03-20T00:49:32.584+0000] {logging_mixin.py:190} INFO - Erreur de requête pour la première page : 403
[2025-03-20T00:49:32.585+0000] {logging_mixin.py:190} INFO - Fichier JSON enregistré avec succès.
[2025-03-20T00:49:32.587+0000] {python.py:240} INFO - Done. Returned value was: None
[2025-03-20T00:49:32.623+0000] {taskinstance.py:341} INFO - ::group::Post task execution logs
[2025-03-20T00:49:32.624+0000] {taskinstance.py:353} INFO - Marking task as SUCCESS. dag_id=automate_emploi_extraction, task_id=extract_data, run_id=scheduled__2024-10-25T00:00:00+00:00, execution_date=20241025T000000, start_date=20250320T004931, end_date=20250320T004932
[2025-03-20T00:49:32.985+0000] {logging_mixin.py:190} INFO - Task instance in success state
[2025-03-20T00:49:32.987+0000] {logging_mixin.py:190} INFO -  Previous state of the Task instance: running
[2025-03-20T00:49:32.987+0000] {logging_mixin.py:190} INFO - Dag name:automate_emploi_extraction queued_at:2025-03-20 00:49:29.210345+00:00
[2025-03-20T00:49:32.988+0000] {logging_mixin.py:190} INFO - Task hostname:DESKTOP-IM7V4RI. operator:PythonOperator
[2025-03-20T00:49:33.056+0000] {local_task_job_runner.py:266} INFO - Task exited with return code 0
[2025-03-20T00:49:33.191+0000] {taskinstance.py:3901} INFO - 0 downstream tasks scheduled from follow-on schedule check
[2025-03-20T00:49:33.205+0000] {local_task_job_runner.py:245} INFO - ::endgroup::
