[2025-03-28T13:38:09.410+0000] {local_task_job_runner.py:123} INFO - ::group::Pre task execution logs
[2025-03-28T13:38:09.515+0000] {taskinstance.py:2614} INFO - Dependencies all met for dep_context=non-requeueable deps ti=<TaskInstance: load_dbt_clean_reviews_pipeline.dbt_run_transactional scheduled__2025-02-02T00:00:00+00:00 [queued]>
[2025-03-28T13:38:09.562+0000] {taskinstance.py:2614} INFO - Dependencies all met for dep_context=requeueable deps ti=<TaskInstance: load_dbt_clean_reviews_pipeline.dbt_run_transactional scheduled__2025-02-02T00:00:00+00:00 [queued]>
[2025-03-28T13:38:09.563+0000] {taskinstance.py:2867} INFO - Starting attempt 1 of 2
[2025-03-28T13:38:09.736+0000] {taskinstance.py:2890} INFO - Executing <Task(BashOperator): dbt_run_transactional> on 2025-02-02 00:00:00+00:00
[2025-03-28T13:38:09.765+0000] {standard_task_runner.py:72} INFO - Started process 10698 to run task
[2025-03-28T13:38:09.792+0000] {standard_task_runner.py:104} INFO - Running: ['airflow', 'tasks', 'run', 'load_dbt_clean_reviews_pipeline', 'dbt_run_transactional', 'scheduled__2025-02-02T00:00:00+00:00', '--job-id', '2325', '--raw', '--subdir', 'DAGS_FOLDER/dag_load_reviews.py', '--cfg-path', '/tmp/tmpoalfwyh3']
[2025-03-28T13:38:09.795+0000] {standard_task_runner.py:105} INFO - Job 2325: Subtask dbt_run_transactional
[2025-03-28T13:38:10.339+0000] {task_command.py:467} INFO - Running <TaskInstance: load_dbt_clean_reviews_pipeline.dbt_run_transactional scheduled__2025-02-02T00:00:00+00:00 [running]> on host DESKTOP-IM7V4RI.
[2025-03-28T13:38:11.335+0000] {taskinstance.py:3134} INFO - Exporting env vars: AIRFLOW_CTX_DAG_OWNER='mohammed' AIRFLOW_CTX_DAG_ID='load_dbt_clean_reviews_pipeline' AIRFLOW_CTX_TASK_ID='dbt_run_transactional' AIRFLOW_CTX_EXECUTION_DATE='2025-02-02T00:00:00+00:00' AIRFLOW_CTX_TRY_NUMBER='1' AIRFLOW_CTX_DAG_RUN_ID='scheduled__2025-02-02T00:00:00+00:00'
[2025-03-28T13:38:11.339+0000] {logging_mixin.py:190} INFO - Task instance is in running state
[2025-03-28T13:38:11.351+0000] {logging_mixin.py:190} INFO -  Previous state of the Task instance: queued
[2025-03-28T13:38:11.352+0000] {logging_mixin.py:190} INFO - Current task name:dbt_run_transactional state:running start_date:2025-03-28 13:38:09.516941+00:00
[2025-03-28T13:38:11.353+0000] {logging_mixin.py:190} INFO - Dag name:load_dbt_clean_reviews_pipeline and current dag run status:running
[2025-03-28T13:38:11.353+0000] {taskinstance.py:732} INFO - ::endgroup::
[2025-03-28T13:38:11.371+0000] {subprocess.py:78} INFO - Tmp dir root location: /tmp
[2025-03-28T13:38:11.381+0000] {subprocess.py:88} INFO - Running command: ['/usr/bin/bash', '-c', 'cd /home/mohammed/.dbt/dbt_projects/bank_reviews_transactional && dbt run']
[2025-03-28T13:38:11.430+0000] {subprocess.py:99} INFO - Output:
[2025-03-28T13:38:30.732+0000] {subprocess.py:106} INFO - [0m13:38:30  Running with dbt=1.9.3
[2025-03-28T13:38:34.172+0000] {subprocess.py:106} INFO - [0m13:38:34  Registered adapter: postgres=1.9.0
[2025-03-28T13:38:37.836+0000] {subprocess.py:106} INFO - [0m13:38:37  [[33mWARNING[0m]: Configuration paths exist in your dbt_project.yml file which do not apply to any resources.
[2025-03-28T13:38:37.837+0000] {subprocess.py:106} INFO - There are 1 unused configuration paths:
[2025-03-28T13:38:37.838+0000] {subprocess.py:106} INFO - - models.bank_reviews_transactional.transactional
[2025-03-28T13:38:40.691+0000] {subprocess.py:106} INFO - [0m13:38:40  Found 1 model, 1 source, 433 macros
[2025-03-28T13:38:40.720+0000] {subprocess.py:106} INFO - [0m13:38:40
[2025-03-28T13:38:40.754+0000] {subprocess.py:106} INFO - [0m13:38:40  Concurrency: 4 threads (target='dev')
[2025-03-28T13:38:40.755+0000] {subprocess.py:106} INFO - [0m13:38:40
[2025-03-28T13:38:43.180+0000] {subprocess.py:106} INFO - [0m13:38:43  1 of 1 START sql table model transactional.clean_reviews ....................... [RUN]
[2025-03-28T13:38:46.599+0000] {subprocess.py:106} INFO - [0m13:38:46  1 of 1 OK created sql table model transactional.clean_reviews .................. [[32mSELECT 281[0m in 3.39s]
[2025-03-28T13:38:46.772+0000] {subprocess.py:106} INFO - [0m13:38:46
[2025-03-28T13:38:46.774+0000] {subprocess.py:106} INFO - [0m13:38:46  Finished running 1 table model in 0 hours 0 minutes and 6.03 seconds (6.03s).
[2025-03-28T13:38:47.048+0000] {subprocess.py:106} INFO - [0m13:38:47
[2025-03-28T13:38:47.066+0000] {subprocess.py:106} INFO - [0m13:38:47  [32mCompleted successfully[0m
[2025-03-28T13:38:47.068+0000] {subprocess.py:106} INFO - [0m13:38:47
[2025-03-28T13:38:47.070+0000] {subprocess.py:106} INFO - [0m13:38:47  Done. PASS=1 WARN=0 ERROR=0 SKIP=0 TOTAL=1
[2025-03-28T13:38:50.612+0000] {subprocess.py:110} INFO - Command exited with return code 0
[2025-03-28T13:38:51.342+0000] {taskinstance.py:341} INFO - ::group::Post task execution logs
[2025-03-28T13:38:51.351+0000] {taskinstance.py:353} INFO - Marking task as SUCCESS. dag_id=load_dbt_clean_reviews_pipeline, task_id=dbt_run_transactional, run_id=scheduled__2025-02-02T00:00:00+00:00, execution_date=20250202T000000, start_date=20250328T133809, end_date=20250328T133851
[2025-03-28T13:38:51.927+0000] {logging_mixin.py:190} INFO - Task instance in success state
[2025-03-28T13:38:51.933+0000] {logging_mixin.py:190} INFO -  Previous state of the Task instance: running
[2025-03-28T13:38:51.934+0000] {logging_mixin.py:190} INFO - Dag name:load_dbt_clean_reviews_pipeline queued_at:2025-03-28 13:38:04.073457+00:00
[2025-03-28T13:38:51.965+0000] {logging_mixin.py:190} INFO - Task hostname:DESKTOP-IM7V4RI. operator:BashOperator
[2025-03-28T13:38:52.075+0000] {local_task_job_runner.py:266} INFO - Task exited with return code 0
[2025-03-28T13:38:52.232+0000] {standard_task_runner.py:217} INFO - Process not found (most likely exited), stop collecting metrics
[2025-03-28T13:38:52.289+0000] {local_task_job_runner.py:245} INFO - ::endgroup::
