[2025-03-28T02:20:36.607+0000] {local_task_job_runner.py:123} INFO - ::group::Pre task execution logs
[2025-03-28T02:20:36.736+0000] {taskinstance.py:2614} INFO - Dependencies all met for dep_context=non-requeueable deps ti=<TaskInstance: load_dbt_clean_reviews_pipeline.dbt_run_transactional scheduled__2024-05-19T00:00:00+00:00 [queued]>
[2025-03-28T02:20:36.802+0000] {taskinstance.py:2614} INFO - Dependencies all met for dep_context=requeueable deps ti=<TaskInstance: load_dbt_clean_reviews_pipeline.dbt_run_transactional scheduled__2024-05-19T00:00:00+00:00 [queued]>
[2025-03-28T02:20:36.803+0000] {taskinstance.py:2867} INFO - Starting attempt 1 of 2
[2025-03-28T02:20:36.987+0000] {taskinstance.py:2890} INFO - Executing <Task(BashOperator): dbt_run_transactional> on 2024-05-19 00:00:00+00:00
[2025-03-28T02:20:37.069+0000] {standard_task_runner.py:72} INFO - Started process 193374 to run task
[2025-03-28T02:20:37.097+0000] {standard_task_runner.py:104} INFO - Running: ['airflow', 'tasks', 'run', 'load_dbt_clean_reviews_pipeline', 'dbt_run_transactional', 'scheduled__2024-05-19T00:00:00+00:00', '--job-id', '2053', '--raw', '--subdir', 'DAGS_FOLDER/dag_load_reviews.py', '--cfg-path', '/tmp/tmpr0d2fh87']
[2025-03-28T02:20:37.120+0000] {standard_task_runner.py:105} INFO - Job 2053: Subtask dbt_run_transactional
[2025-03-28T02:20:37.728+0000] {task_command.py:467} INFO - Running <TaskInstance: load_dbt_clean_reviews_pipeline.dbt_run_transactional scheduled__2024-05-19T00:00:00+00:00 [running]> on host DESKTOP-IM7V4RI.
[2025-03-28T02:20:38.461+0000] {taskinstance.py:3134} INFO - Exporting env vars: AIRFLOW_CTX_DAG_OWNER='mohammed' AIRFLOW_CTX_DAG_ID='load_dbt_clean_reviews_pipeline' AIRFLOW_CTX_TASK_ID='dbt_run_transactional' AIRFLOW_CTX_EXECUTION_DATE='2024-05-19T00:00:00+00:00' AIRFLOW_CTX_TRY_NUMBER='1' AIRFLOW_CTX_DAG_RUN_ID='scheduled__2024-05-19T00:00:00+00:00'
[2025-03-28T02:20:38.464+0000] {logging_mixin.py:190} INFO - Task instance is in running state
[2025-03-28T02:20:38.465+0000] {logging_mixin.py:190} INFO -  Previous state of the Task instance: queued
[2025-03-28T02:20:38.466+0000] {logging_mixin.py:190} INFO - Current task name:dbt_run_transactional state:running start_date:2025-03-28 02:20:36.736988+00:00
[2025-03-28T02:20:38.467+0000] {logging_mixin.py:190} INFO - Dag name:load_dbt_clean_reviews_pipeline and current dag run status:running
[2025-03-28T02:20:38.467+0000] {taskinstance.py:732} INFO - ::endgroup::
[2025-03-28T02:20:38.490+0000] {subprocess.py:78} INFO - Tmp dir root location: /tmp
[2025-03-28T02:20:38.492+0000] {subprocess.py:88} INFO - Running command: ['/usr/bin/bash', '-c', 'cd /home/mohammed/.dbt/dbt_projects/bank_reviews_transactional && dbt run']
[2025-03-28T02:20:38.545+0000] {subprocess.py:99} INFO - Output:
[2025-03-28T02:20:51.349+0000] {subprocess.py:106} INFO - [0m02:20:51  Running with dbt=1.9.3
[2025-03-28T02:20:53.381+0000] {subprocess.py:106} INFO - [0m02:20:53  Registered adapter: postgres=1.9.0
[2025-03-28T02:20:55.385+0000] {subprocess.py:106} INFO - [0m02:20:55  [[33mWARNING[0m]: Configuration paths exist in your dbt_project.yml file which do not apply to any resources.
[2025-03-28T02:20:55.386+0000] {subprocess.py:106} INFO - There are 1 unused configuration paths:
[2025-03-28T02:20:55.387+0000] {subprocess.py:106} INFO - - models.bank_reviews_transactional.transactional
[2025-03-28T02:20:56.525+0000] {subprocess.py:106} INFO - [0m02:20:56  Found 1 model, 1 source, 433 macros
[2025-03-28T02:20:56.540+0000] {subprocess.py:106} INFO - [0m02:20:56
[2025-03-28T02:20:56.551+0000] {subprocess.py:106} INFO - [0m02:20:56  Concurrency: 4 threads (target='dev')
[2025-03-28T02:20:56.554+0000] {subprocess.py:106} INFO - [0m02:20:56
[2025-03-28T02:20:57.674+0000] {subprocess.py:106} INFO - [0m02:20:57  1 of 1 START sql table model transactional.clean_reviews ....................... [RUN]
[2025-03-28T02:20:59.756+0000] {subprocess.py:106} INFO - [0m02:20:59  1 of 1 OK created sql table model transactional.clean_reviews .................. [[32mSELECT 153[0m in 2.07s]
[2025-03-28T02:20:59.887+0000] {subprocess.py:106} INFO - [0m02:20:59
[2025-03-28T02:20:59.892+0000] {subprocess.py:106} INFO - [0m02:20:59  Finished running 1 table model in 0 hours 0 minutes and 3.33 seconds (3.33s).
[2025-03-28T02:21:00.085+0000] {subprocess.py:106} INFO - [0m02:21:00
[2025-03-28T02:21:00.088+0000] {subprocess.py:106} INFO - [0m02:21:00  [32mCompleted successfully[0m
[2025-03-28T02:21:00.090+0000] {subprocess.py:106} INFO - [0m02:21:00
[2025-03-28T02:21:00.093+0000] {subprocess.py:106} INFO - [0m02:21:00  Done. PASS=1 WARN=0 ERROR=0 SKIP=0 TOTAL=1
[2025-03-28T02:21:01.970+0000] {subprocess.py:110} INFO - Command exited with return code 0
[2025-03-28T02:21:02.108+0000] {taskinstance.py:341} INFO - ::group::Post task execution logs
[2025-03-28T02:21:02.110+0000] {taskinstance.py:353} INFO - Marking task as SUCCESS. dag_id=load_dbt_clean_reviews_pipeline, task_id=dbt_run_transactional, run_id=scheduled__2024-05-19T00:00:00+00:00, execution_date=20240519T000000, start_date=20250328T022036, end_date=20250328T022102
[2025-03-28T02:21:02.317+0000] {logging_mixin.py:190} INFO - Task instance in success state
[2025-03-28T02:21:02.318+0000] {logging_mixin.py:190} INFO -  Previous state of the Task instance: running
[2025-03-28T02:21:02.318+0000] {logging_mixin.py:190} INFO - Dag name:load_dbt_clean_reviews_pipeline queued_at:2025-03-28 02:20:30.616427+00:00
[2025-03-28T02:21:02.320+0000] {logging_mixin.py:190} INFO - Task hostname:DESKTOP-IM7V4RI. operator:BashOperator
[2025-03-28T02:21:02.369+0000] {local_task_job_runner.py:266} INFO - Task exited with return code 0
[2025-03-28T02:21:02.471+0000] {taskinstance.py:3901} INFO - 0 downstream tasks scheduled from follow-on schedule check
[2025-03-28T02:21:02.485+0000] {local_task_job_runner.py:245} INFO - ::endgroup::
