[2025-03-28T22:55:12.358+0000] {local_task_job_runner.py:123} INFO - ::group::Pre task execution logs
[2025-03-28T22:55:12.489+0000] {taskinstance.py:2614} INFO - Dependencies all met for dep_context=non-requeueable deps ti=<TaskInstance: bank_reviews_etl_and_analysis_pipeline.dbt_run_decisionnal scheduled__2024-09-29T00:00:00+00:00 [queued]>
[2025-03-28T22:55:12.534+0000] {taskinstance.py:2614} INFO - Dependencies all met for dep_context=requeueable deps ti=<TaskInstance: bank_reviews_etl_and_analysis_pipeline.dbt_run_decisionnal scheduled__2024-09-29T00:00:00+00:00 [queued]>
[2025-03-28T22:55:12.535+0000] {taskinstance.py:2867} INFO - Starting attempt 2 of 2
[2025-03-28T22:55:12.629+0000] {taskinstance.py:2890} INFO - Executing <Task(BashOperator): dbt_run_decisionnal> on 2024-09-29 00:00:00+00:00
[2025-03-28T22:55:12.656+0000] {standard_task_runner.py:72} INFO - Started process 587317 to run task
[2025-03-28T22:55:12.708+0000] {standard_task_runner.py:104} INFO - Running: ['airflow', 'tasks', 'run', 'bank_reviews_etl_and_analysis_pipeline', 'dbt_run_decisionnal', 'scheduled__2024-09-29T00:00:00+00:00', '--job-id', '2443', '--raw', '--subdir', 'DAGS_FOLDER/dag_load_reviews.py', '--cfg-path', '/tmp/tmpatl43p6n']
[2025-03-28T22:55:12.710+0000] {standard_task_runner.py:105} INFO - Job 2443: Subtask dbt_run_decisionnal
[2025-03-28T22:55:13.258+0000] {task_command.py:467} INFO - Running <TaskInstance: bank_reviews_etl_and_analysis_pipeline.dbt_run_decisionnal scheduled__2024-09-29T00:00:00+00:00 [running]> on host DESKTOP-IM7V4RI.
[2025-03-28T22:55:14.491+0000] {taskinstance.py:3134} INFO - Exporting env vars: AIRFLOW_CTX_DAG_OWNER='mohammed' AIRFLOW_CTX_DAG_ID='bank_reviews_etl_and_analysis_pipeline' AIRFLOW_CTX_TASK_ID='dbt_run_decisionnal' AIRFLOW_CTX_EXECUTION_DATE='2024-09-29T00:00:00+00:00' AIRFLOW_CTX_TRY_NUMBER='2' AIRFLOW_CTX_DAG_RUN_ID='scheduled__2024-09-29T00:00:00+00:00'
[2025-03-28T22:55:14.493+0000] {logging_mixin.py:190} INFO - Task instance is in running state
[2025-03-28T22:55:14.494+0000] {logging_mixin.py:190} INFO -  Previous state of the Task instance: queued
[2025-03-28T22:55:14.494+0000] {logging_mixin.py:190} INFO - Current task name:dbt_run_decisionnal state:running start_date:2025-03-28 22:55:12.490513+00:00
[2025-03-28T22:55:14.495+0000] {logging_mixin.py:190} INFO - Dag name:bank_reviews_etl_and_analysis_pipeline and current dag run status:running
[2025-03-28T22:55:14.495+0000] {taskinstance.py:732} INFO - ::endgroup::
[2025-03-28T22:55:14.497+0000] {subprocess.py:78} INFO - Tmp dir root location: /tmp
[2025-03-28T22:55:14.520+0000] {subprocess.py:88} INFO - Running command: ['/usr/bin/bash', '-c', 'cd /home/mohammed/.dbt/dbt_projects/bank_reviews_decisionnal && dbt run']
[2025-03-28T22:55:14.579+0000] {subprocess.py:99} INFO - Output:
[2025-03-28T22:55:28.224+0000] {subprocess.py:106} INFO - [0m22:55:28  Running with dbt=1.9.3
[2025-03-28T22:55:31.548+0000] {subprocess.py:106} INFO - [0m22:55:31  Registered adapter: postgres=1.9.0
[2025-03-28T22:55:32.818+0000] {subprocess.py:106} INFO - [0m22:55:32  [[33mWARNING[0m]: Configuration paths exist in your dbt_project.yml file which do not apply to any resources.
[2025-03-28T22:55:32.820+0000] {subprocess.py:106} INFO - There are 1 unused configuration paths:
[2025-03-28T22:55:32.821+0000] {subprocess.py:106} INFO - - models.bank_reviews_decisionnal.decisionnal
[2025-03-28T22:55:34.158+0000] {subprocess.py:106} INFO - [0m22:55:34  Found 5 models, 2 sources, 547 macros
[2025-03-28T22:55:34.176+0000] {subprocess.py:106} INFO - [0m22:55:34
[2025-03-28T22:55:34.187+0000] {subprocess.py:106} INFO - [0m22:55:34  Concurrency: 4 threads (target='dev')
[2025-03-28T22:55:34.210+0000] {subprocess.py:106} INFO - [0m22:55:34
[2025-03-28T22:55:38.142+0000] {subprocess.py:106} INFO - [0m22:55:38  1 of 5 START sql table model decisionnal.dim_bank .............................. [RUN]
[2025-03-28T22:55:38.156+0000] {subprocess.py:106} INFO - [0m22:55:38  2 of 5 START sql table model decisionnal.dim_branch ............................ [RUN]
[2025-03-28T22:55:38.169+0000] {subprocess.py:106} INFO - [0m22:55:38  3 of 5 START sql table model decisionnal.dim_location .......................... [RUN]
[2025-03-28T22:55:38.173+0000] {subprocess.py:106} INFO - [0m22:55:38  4 of 5 START sql table model decisionnal.dim_sentiment ......................... [RUN]
[2025-03-28T22:55:40.111+0000] {subprocess.py:106} INFO - [0m22:55:40  3 of 5 OK created sql table model decisionnal.dim_location ..................... [[32mSELECT 298[0m in 1.91s]
[2025-03-28T22:55:41.679+0000] {subprocess.py:106} INFO - [0m22:55:41  4 of 5 OK created sql table model decisionnal.dim_sentiment .................... [[32mSELECT 2591[0m in 3.50s]
[2025-03-28T22:55:41.782+0000] {subprocess.py:106} INFO - [0m22:55:41  1 of 5 OK created sql table model decisionnal.dim_bank ......................... [[32mSELECT 299[0m in 3.62s]
[2025-03-28T22:55:41.785+0000] {subprocess.py:106} INFO - [0m22:55:41  2 of 5 OK created sql table model decisionnal.dim_branch ....................... [[32mSELECT 298[0m in 3.60s]
[2025-03-28T22:55:41.792+0000] {subprocess.py:106} INFO - [0m22:55:41  5 of 5 START sql table model decisionnal.fact_reviews .......................... [RUN]
[2025-03-28T22:55:42.097+0000] {subprocess.py:106} INFO - [0m22:55:42  5 of 5 ERROR creating sql table model decisionnal.fact_reviews ................. [[31mERROR[0m in 0.30s]
[2025-03-28T22:55:42.159+0000] {subprocess.py:106} INFO - [0m22:55:42
[2025-03-28T22:55:42.164+0000] {subprocess.py:106} INFO - [0m22:55:42  Finished running 5 table models in 0 hours 0 minutes and 7.94 seconds (7.94s).
[2025-03-28T22:55:42.421+0000] {subprocess.py:106} INFO - [0m22:55:42
[2025-03-28T22:55:42.423+0000] {subprocess.py:106} INFO - [0m22:55:42  [31mCompleted with 1 error, 0 partial successes, and 0 warnings:[0m
[2025-03-28T22:55:42.425+0000] {subprocess.py:106} INFO - [0m22:55:42
[2025-03-28T22:55:42.430+0000] {subprocess.py:106} INFO - [0m22:55:42    Database Error in model fact_reviews (models/fact_reviews.sql)
[2025-03-28T22:55:42.431+0000] {subprocess.py:106} INFO -   column cr.topics does not exist
[2025-03-28T22:55:42.431+0000] {subprocess.py:106} INFO -   LINE 24:     cr.topics,
[2025-03-28T22:55:42.432+0000] {subprocess.py:106} INFO -                ^
[2025-03-28T22:55:42.434+0000] {subprocess.py:106} INFO -   HINT:  Perhaps you meant to reference the column "cr.topic".
[2025-03-28T22:55:42.437+0000] {subprocess.py:106} INFO -   compiled code at target/run/bank_reviews_decisionnal/models/fact_reviews.sql
[2025-03-28T22:55:42.439+0000] {subprocess.py:106} INFO - [0m22:55:42
[2025-03-28T22:55:42.441+0000] {subprocess.py:106} INFO - [0m22:55:42  Done. PASS=4 WARN=0 ERROR=1 SKIP=0 TOTAL=5
[2025-03-28T22:55:44.429+0000] {subprocess.py:110} INFO - Command exited with return code 1
[2025-03-28T22:55:44.505+0000] {taskinstance.py:3313} ERROR - Task failed with exception
Traceback (most recent call last):
  File "/home/mohammed/venv/lib/python3.11/site-packages/airflow/models/taskinstance.py", line 768, in _execute_task
    result = _execute_callable(context=context, **execute_callable_kwargs)
             ^^^^^^^^^^^^^^^^^^^^^^^^^^^^^^^^^^^^^^^^^^^^^^^^^^^^^^^^^^^^^
  File "/home/mohammed/venv/lib/python3.11/site-packages/airflow/models/taskinstance.py", line 734, in _execute_callable
    return ExecutionCallableRunner(
           ^^^^^^^^^^^^^^^^^^^^^^^^
  File "/home/mohammed/venv/lib/python3.11/site-packages/airflow/utils/operator_helpers.py", line 252, in run
    return self.func(*args, **kwargs)
           ^^^^^^^^^^^^^^^^^^^^^^^^^^
  File "/home/mohammed/venv/lib/python3.11/site-packages/airflow/models/baseoperator.py", line 424, in wrapper
    return func(self, *args, **kwargs)
           ^^^^^^^^^^^^^^^^^^^^^^^^^^^
  File "/home/mohammed/venv/lib/python3.11/site-packages/airflow/operators/bash.py", line 276, in execute
    raise AirflowException(
airflow.exceptions.AirflowException: Bash command failed. The command returned a non-zero exit code 1.
[2025-03-28T22:55:44.528+0000] {logging_mixin.py:190} INFO - Task instance in failure state
[2025-03-28T22:55:44.529+0000] {logging_mixin.py:190} INFO - Task start:2025-03-28 22:55:12.490513+00:00 end:2025-03-28 22:55:44.523623+00:00 duration:32.03311
[2025-03-28T22:55:44.530+0000] {logging_mixin.py:190} INFO - Task:<Task(BashOperator): dbt_run_decisionnal> dag:<DAG: bank_reviews_etl_and_analysis_pipeline> dagrun:<DagRun bank_reviews_etl_and_analysis_pipeline @ 2024-09-29 00:00:00+00:00: scheduled__2024-09-29T00:00:00+00:00, state:running, queued_at: 2025-03-28 22:49:32.822379+00:00. externally triggered: False>
[2025-03-28T22:55:44.530+0000] {logging_mixin.py:190} INFO - Failure caused by Bash command failed. The command returned a non-zero exit code 1.
[2025-03-28T22:55:44.531+0000] {taskinstance.py:1226} INFO - Marking task as FAILED. dag_id=bank_reviews_etl_and_analysis_pipeline, task_id=dbt_run_decisionnal, run_id=scheduled__2024-09-29T00:00:00+00:00, execution_date=20240929T000000, start_date=20250328T225512, end_date=20250328T225544
[2025-03-28T22:55:44.816+0000] {taskinstance.py:341} INFO - ::group::Post task execution logs
[2025-03-28T22:55:44.818+0000] {standard_task_runner.py:124} ERROR - Failed to execute job 2443 for task dbt_run_decisionnal (Bash command failed. The command returned a non-zero exit code 1.; 587317)
Traceback (most recent call last):
  File "/home/mohammed/venv/lib/python3.11/site-packages/airflow/task/task_runner/standard_task_runner.py", line 117, in _start_by_fork
    ret = args.func(args, dag=self.dag)
          ^^^^^^^^^^^^^^^^^^^^^^^^^^^^^
  File "/home/mohammed/venv/lib/python3.11/site-packages/airflow/cli/cli_config.py", line 49, in command
    return func(*args, **kwargs)
           ^^^^^^^^^^^^^^^^^^^^^
  File "/home/mohammed/venv/lib/python3.11/site-packages/airflow/utils/cli.py", line 116, in wrapper
    return f(*args, **kwargs)
           ^^^^^^^^^^^^^^^^^^
  File "/home/mohammed/venv/lib/python3.11/site-packages/airflow/cli/commands/task_command.py", line 483, in task_run
    task_return_code = _run_task_by_selected_method(args, _dag, ti)
                       ^^^^^^^^^^^^^^^^^^^^^^^^^^^^^^^^^^^^^^^^^^^^
  File "/home/mohammed/venv/lib/python3.11/site-packages/airflow/cli/commands/task_command.py", line 256, in _run_task_by_selected_method
    return _run_raw_task(args, ti)
           ^^^^^^^^^^^^^^^^^^^^^^^
  File "/home/mohammed/venv/lib/python3.11/site-packages/airflow/cli/commands/task_command.py", line 341, in _run_raw_task
    return ti._run_raw_task(
           ^^^^^^^^^^^^^^^^^
  File "/home/mohammed/venv/lib/python3.11/site-packages/airflow/utils/session.py", line 97, in wrapper
    return func(*args, session=session, **kwargs)
           ^^^^^^^^^^^^^^^^^^^^^^^^^^^^^^^^^^^^^^
  File "/home/mohammed/venv/lib/python3.11/site-packages/airflow/models/taskinstance.py", line 3006, in _run_raw_task
    return _run_raw_task(
           ^^^^^^^^^^^^^^
  File "/home/mohammed/venv/lib/python3.11/site-packages/airflow/models/taskinstance.py", line 274, in _run_raw_task
    TaskInstance._execute_task_with_callbacks(
  File "/home/mohammed/venv/lib/python3.11/site-packages/airflow/models/taskinstance.py", line 3161, in _execute_task_with_callbacks
    result = self._execute_task(context, task_orig)
             ^^^^^^^^^^^^^^^^^^^^^^^^^^^^^^^^^^^^^^
  File "/home/mohammed/venv/lib/python3.11/site-packages/airflow/models/taskinstance.py", line 3185, in _execute_task
    return _execute_task(self, context, task_orig)
           ^^^^^^^^^^^^^^^^^^^^^^^^^^^^^^^^^^^^^^^
  File "/home/mohammed/venv/lib/python3.11/site-packages/airflow/models/taskinstance.py", line 768, in _execute_task
    result = _execute_callable(context=context, **execute_callable_kwargs)
             ^^^^^^^^^^^^^^^^^^^^^^^^^^^^^^^^^^^^^^^^^^^^^^^^^^^^^^^^^^^^^
  File "/home/mohammed/venv/lib/python3.11/site-packages/airflow/models/taskinstance.py", line 734, in _execute_callable
    return ExecutionCallableRunner(
           ^^^^^^^^^^^^^^^^^^^^^^^^
  File "/home/mohammed/venv/lib/python3.11/site-packages/airflow/utils/operator_helpers.py", line 252, in run
    return self.func(*args, **kwargs)
           ^^^^^^^^^^^^^^^^^^^^^^^^^^
  File "/home/mohammed/venv/lib/python3.11/site-packages/airflow/models/baseoperator.py", line 424, in wrapper
    return func(self, *args, **kwargs)
           ^^^^^^^^^^^^^^^^^^^^^^^^^^^
  File "/home/mohammed/venv/lib/python3.11/site-packages/airflow/operators/bash.py", line 276, in execute
    raise AirflowException(
airflow.exceptions.AirflowException: Bash command failed. The command returned a non-zero exit code 1.
[2025-03-28T22:55:44.879+0000] {local_task_job_runner.py:266} INFO - Task exited with return code 1
[2025-03-28T22:55:44.938+0000] {taskinstance.py:3901} INFO - 0 downstream tasks scheduled from follow-on schedule check
[2025-03-28T22:55:44.943+0000] {local_task_job_runner.py:245} INFO - ::endgroup::
