[2025-03-18T18:12:38.986+0000] {local_task_job_runner.py:123} INFO - ::group::Pre task execution logs
[2025-03-18T18:12:39.174+0000] {taskinstance.py:2614} INFO - Dependencies all met for dep_context=non-requeueable deps ti=<TaskInstance: load_dbt_clean_reviews_pipeline.dbt_run scheduled__2024-05-31T00:00:00+00:00 [queued]>
[2025-03-18T18:12:39.225+0000] {taskinstance.py:2614} INFO - Dependencies all met for dep_context=requeueable deps ti=<TaskInstance: load_dbt_clean_reviews_pipeline.dbt_run scheduled__2024-05-31T00:00:00+00:00 [queued]>
[2025-03-18T18:12:39.226+0000] {taskinstance.py:2867} INFO - Starting attempt 1 of 2
[2025-03-18T18:12:39.680+0000] {taskinstance.py:2890} INFO - Executing <Task(BashOperator): dbt_run> on 2024-05-31 00:00:00+00:00
[2025-03-18T18:12:39.714+0000] {standard_task_runner.py:72} INFO - Started process 2585 to run task
[2025-03-18T18:12:39.770+0000] {standard_task_runner.py:104} INFO - Running: ['airflow', 'tasks', 'run', 'load_dbt_clean_reviews_pipeline', 'dbt_run', 'scheduled__2024-05-31T00:00:00+00:00', '--job-id', '885', '--raw', '--subdir', 'DAGS_FOLDER/dag_load_reviews.py', '--cfg-path', '/tmp/tmpluda67_p']
[2025-03-18T18:12:39.772+0000] {standard_task_runner.py:105} INFO - Job 885: Subtask dbt_run
[2025-03-18T18:12:40.185+0000] {task_command.py:467} INFO - Running <TaskInstance: load_dbt_clean_reviews_pipeline.dbt_run scheduled__2024-05-31T00:00:00+00:00 [running]> on host DESKTOP-IM7V4RI.
[2025-03-18T18:12:40.821+0000] {taskinstance.py:3134} INFO - Exporting env vars: AIRFLOW_CTX_DAG_OWNER='mohammed' AIRFLOW_CTX_DAG_ID='load_dbt_clean_reviews_pipeline' AIRFLOW_CTX_TASK_ID='dbt_run' AIRFLOW_CTX_EXECUTION_DATE='2024-05-31T00:00:00+00:00' AIRFLOW_CTX_TRY_NUMBER='1' AIRFLOW_CTX_DAG_RUN_ID='scheduled__2024-05-31T00:00:00+00:00'
[2025-03-18T18:12:40.823+0000] {logging_mixin.py:190} INFO - Task instance is in running state
[2025-03-18T18:12:40.824+0000] {logging_mixin.py:190} INFO -  Previous state of the Task instance: queued
[2025-03-18T18:12:40.824+0000] {logging_mixin.py:190} INFO - Current task name:dbt_run state:running start_date:2025-03-18 18:12:39.175554+00:00
[2025-03-18T18:12:40.825+0000] {logging_mixin.py:190} INFO - Dag name:load_dbt_clean_reviews_pipeline and current dag run status:running
[2025-03-18T18:12:40.825+0000] {taskinstance.py:732} INFO - ::endgroup::
[2025-03-18T18:12:40.827+0000] {subprocess.py:78} INFO - Tmp dir root location: /tmp
[2025-03-18T18:12:40.832+0000] {subprocess.py:88} INFO - Running command: ['/usr/bin/bash', '-c', 'cd /home/mohammed/.dbt/dbt_projects/bank_reviews_transactional && dbt run']
[2025-03-18T18:12:40.919+0000] {subprocess.py:99} INFO - Output:
[2025-03-18T18:13:00.410+0000] {subprocess.py:106} INFO - [0m18:13:00  Running with dbt=1.9.3
[2025-03-18T18:13:02.082+0000] {subprocess.py:106} INFO - [0m18:13:02  Registered adapter: postgres=1.9.0
[2025-03-18T18:13:04.076+0000] {subprocess.py:106} INFO - [0m18:13:04  [[33mWARNING[0m]: Configuration paths exist in your dbt_project.yml file which do not apply to any resources.
[2025-03-18T18:13:04.077+0000] {subprocess.py:106} INFO - There are 1 unused configuration paths:
[2025-03-18T18:13:04.078+0000] {subprocess.py:106} INFO - - models.bank_reviews_transactional.transactional
[2025-03-18T18:13:05.201+0000] {subprocess.py:106} INFO - [0m18:13:05  Found 3 models, 4 data tests, 1 source, 433 macros
[2025-03-18T18:13:05.206+0000] {subprocess.py:106} INFO - [0m18:13:05
[2025-03-18T18:13:05.207+0000] {subprocess.py:106} INFO - [0m18:13:05  Concurrency: 4 threads (target='dev')
[2025-03-18T18:13:05.209+0000] {subprocess.py:106} INFO - [0m18:13:05
[2025-03-18T18:13:05.757+0000] {subprocess.py:106} INFO - [0m18:13:05  1 of 3 START sql table model transactional.clean_reviews ....................... [RUN]
[2025-03-18T18:13:05.760+0000] {subprocess.py:106} INFO - [0m18:13:05  2 of 3 START sql table model transactional.my_first_dbt_model .................. [RUN]
[2025-03-18T18:13:06.522+0000] {subprocess.py:106} INFO - [0m18:13:06  2 of 3 OK created sql table model transactional.my_first_dbt_model ............. [[32mSELECT 2[0m in 0.73s]
[2025-03-18T18:13:06.544+0000] {subprocess.py:106} INFO - [0m18:13:06  3 of 3 START sql view model transactional.my_second_dbt_model .................. [RUN]
[2025-03-18T18:13:06.641+0000] {subprocess.py:106} INFO - [0m18:13:06  1 of 3 OK created sql table model transactional.clean_reviews .................. [[32mSELECT 549[0m in 0.86s]
[2025-03-18T18:13:06.869+0000] {subprocess.py:106} INFO - [0m18:13:06  3 of 3 OK created sql view model transactional.my_second_dbt_model ............. [[32mCREATE VIEW[0m in 0.32s]
[2025-03-18T18:13:07.011+0000] {subprocess.py:106} INFO - [0m18:13:07
[2025-03-18T18:13:07.013+0000] {subprocess.py:106} INFO - [0m18:13:07  Finished running 2 table models, 1 view model in 0 hours 0 minutes and 1.80 seconds (1.80s).
[2025-03-18T18:13:07.411+0000] {subprocess.py:106} INFO - [0m18:13:07
[2025-03-18T18:13:07.413+0000] {subprocess.py:106} INFO - [0m18:13:07  [32mCompleted successfully[0m
[2025-03-18T18:13:07.415+0000] {subprocess.py:106} INFO - [0m18:13:07
[2025-03-18T18:13:07.417+0000] {subprocess.py:106} INFO - [0m18:13:07  Done. PASS=3 WARN=0 ERROR=0 SKIP=0 TOTAL=3
[2025-03-18T18:13:09.400+0000] {subprocess.py:110} INFO - Command exited with return code 0
[2025-03-18T18:13:09.503+0000] {taskinstance.py:341} INFO - ::group::Post task execution logs
[2025-03-18T18:13:09.504+0000] {taskinstance.py:353} INFO - Marking task as SUCCESS. dag_id=load_dbt_clean_reviews_pipeline, task_id=dbt_run, run_id=scheduled__2024-05-31T00:00:00+00:00, execution_date=20240531T000000, start_date=20250318T181239, end_date=20250318T181309
[2025-03-18T18:13:09.603+0000] {logging_mixin.py:190} INFO - Task instance in success state
[2025-03-18T18:13:09.604+0000] {logging_mixin.py:190} INFO -  Previous state of the Task instance: running
[2025-03-18T18:13:09.605+0000] {logging_mixin.py:190} INFO - Dag name:load_dbt_clean_reviews_pipeline queued_at:2025-03-18 18:12:32.045347+00:00
[2025-03-18T18:13:09.606+0000] {logging_mixin.py:190} INFO - Task hostname:DESKTOP-IM7V4RI. operator:BashOperator
[2025-03-18T18:13:09.624+0000] {local_task_job_runner.py:266} INFO - Task exited with return code 0
[2025-03-18T18:13:09.670+0000] {taskinstance.py:3901} INFO - 0 downstream tasks scheduled from follow-on schedule check
[2025-03-18T18:13:09.674+0000] {local_task_job_runner.py:245} INFO - ::endgroup::
