[2025-03-18T18:27:12.664+0000] {local_task_job_runner.py:123} INFO - ::group::Pre task execution logs
[2025-03-18T18:27:12.807+0000] {taskinstance.py:2614} INFO - Dependencies all met for dep_context=non-requeueable deps ti=<TaskInstance: load_dbt_clean_reviews_pipeline.dbt_run scheduled__2024-11-01T00:00:00+00:00 [queued]>
[2025-03-18T18:27:12.860+0000] {taskinstance.py:2614} INFO - Dependencies all met for dep_context=requeueable deps ti=<TaskInstance: load_dbt_clean_reviews_pipeline.dbt_run scheduled__2024-11-01T00:00:00+00:00 [queued]>
[2025-03-18T18:27:12.861+0000] {taskinstance.py:2867} INFO - Starting attempt 1 of 2
[2025-03-18T18:27:13.250+0000] {taskinstance.py:2890} INFO - Executing <Task(BashOperator): dbt_run> on 2024-11-01 00:00:00+00:00
[2025-03-18T18:27:13.344+0000] {standard_task_runner.py:104} INFO - Running: ['airflow', 'tasks', 'run', 'load_dbt_clean_reviews_pipeline', 'dbt_run', 'scheduled__2024-11-01T00:00:00+00:00', '--job-id', '1056', '--raw', '--subdir', 'DAGS_FOLDER/dag_load_reviews.py', '--cfg-path', '/tmp/tmpckn531xp']
[2025-03-18T18:27:13.349+0000] {standard_task_runner.py:105} INFO - Job 1056: Subtask dbt_run
[2025-03-18T18:27:13.312+0000] {standard_task_runner.py:72} INFO - Started process 21596 to run task
[2025-03-18T18:27:14.045+0000] {task_command.py:467} INFO - Running <TaskInstance: load_dbt_clean_reviews_pipeline.dbt_run scheduled__2024-11-01T00:00:00+00:00 [running]> on host DESKTOP-IM7V4RI.
[2025-03-18T18:27:15.221+0000] {taskinstance.py:3134} INFO - Exporting env vars: AIRFLOW_CTX_DAG_OWNER='mohammed' AIRFLOW_CTX_DAG_ID='load_dbt_clean_reviews_pipeline' AIRFLOW_CTX_TASK_ID='dbt_run' AIRFLOW_CTX_EXECUTION_DATE='2024-11-01T00:00:00+00:00' AIRFLOW_CTX_TRY_NUMBER='1' AIRFLOW_CTX_DAG_RUN_ID='scheduled__2024-11-01T00:00:00+00:00'
[2025-03-18T18:27:15.228+0000] {logging_mixin.py:190} INFO - Task instance is in running state
[2025-03-18T18:27:15.229+0000] {logging_mixin.py:190} INFO -  Previous state of the Task instance: queued
[2025-03-18T18:27:15.230+0000] {logging_mixin.py:190} INFO - Current task name:dbt_run state:running start_date:2025-03-18 18:27:12.810392+00:00
[2025-03-18T18:27:15.230+0000] {logging_mixin.py:190} INFO - Dag name:load_dbt_clean_reviews_pipeline and current dag run status:running
[2025-03-18T18:27:15.231+0000] {taskinstance.py:732} INFO - ::endgroup::
[2025-03-18T18:27:15.255+0000] {subprocess.py:78} INFO - Tmp dir root location: /tmp
[2025-03-18T18:27:15.261+0000] {subprocess.py:88} INFO - Running command: ['/usr/bin/bash', '-c', 'cd /home/mohammed/.dbt/dbt_projects/bank_reviews_transactional && dbt run']
[2025-03-18T18:27:15.352+0000] {subprocess.py:99} INFO - Output:
[2025-03-18T18:27:29.648+0000] {subprocess.py:106} INFO - [0m18:27:29  Running with dbt=1.9.3
[2025-03-18T18:27:31.853+0000] {subprocess.py:106} INFO - [0m18:27:31  Registered adapter: postgres=1.9.0
[2025-03-18T18:27:33.497+0000] {subprocess.py:106} INFO - [0m18:27:33  [[33mWARNING[0m]: Configuration paths exist in your dbt_project.yml file which do not apply to any resources.
[2025-03-18T18:27:33.497+0000] {subprocess.py:106} INFO - There are 1 unused configuration paths:
[2025-03-18T18:27:33.498+0000] {subprocess.py:106} INFO - - models.bank_reviews_transactional.transactional
[2025-03-18T18:27:34.422+0000] {subprocess.py:106} INFO - [0m18:27:34  Found 1 model, 1 source, 433 macros
[2025-03-18T18:27:34.440+0000] {subprocess.py:106} INFO - [0m18:27:34
[2025-03-18T18:27:34.441+0000] {subprocess.py:106} INFO - [0m18:27:34  Concurrency: 4 threads (target='dev')
[2025-03-18T18:27:34.443+0000] {subprocess.py:106} INFO - [0m18:27:34
[2025-03-18T18:27:35.349+0000] {subprocess.py:106} INFO - [0m18:27:35  1 of 1 START sql table model transactional.clean_reviews ....................... [RUN]
[2025-03-18T18:27:37.795+0000] {subprocess.py:106} INFO - [0m18:27:37  1 of 1 OK created sql table model transactional.clean_reviews .................. [[32mSELECT 549[0m in 2.38s]
[2025-03-18T18:27:37.971+0000] {subprocess.py:106} INFO - [0m18:27:37
[2025-03-18T18:27:37.992+0000] {subprocess.py:106} INFO - [0m18:27:37  Finished running 1 table model in 0 hours 0 minutes and 3.52 seconds (3.52s).
[2025-03-18T18:27:38.672+0000] {subprocess.py:106} INFO - [0m18:27:38
[2025-03-18T18:27:38.686+0000] {subprocess.py:106} INFO - [0m18:27:38  [32mCompleted successfully[0m
[2025-03-18T18:27:38.688+0000] {subprocess.py:106} INFO - [0m18:27:38
[2025-03-18T18:27:38.718+0000] {subprocess.py:106} INFO - [0m18:27:38  Done. PASS=1 WARN=0 ERROR=0 SKIP=0 TOTAL=1
[2025-03-18T18:27:43.505+0000] {subprocess.py:110} INFO - Command exited with return code 0
[2025-03-18T18:27:43.716+0000] {taskinstance.py:341} INFO - ::group::Post task execution logs
[2025-03-18T18:27:43.718+0000] {taskinstance.py:353} INFO - Marking task as SUCCESS. dag_id=load_dbt_clean_reviews_pipeline, task_id=dbt_run, run_id=scheduled__2024-11-01T00:00:00+00:00, execution_date=20241101T000000, start_date=20250318T182712, end_date=20250318T182743
[2025-03-18T18:27:43.949+0000] {logging_mixin.py:190} INFO - Task instance in success state
[2025-03-18T18:27:43.950+0000] {logging_mixin.py:190} INFO -  Previous state of the Task instance: running
[2025-03-18T18:27:43.951+0000] {logging_mixin.py:190} INFO - Dag name:load_dbt_clean_reviews_pipeline queued_at:2025-03-18 18:27:09.681864+00:00
[2025-03-18T18:27:43.951+0000] {logging_mixin.py:190} INFO - Task hostname:DESKTOP-IM7V4RI. operator:BashOperator
[2025-03-18T18:27:43.990+0000] {local_task_job_runner.py:266} INFO - Task exited with return code 0
[2025-03-18T18:27:44.139+0000] {taskinstance.py:3901} INFO - 0 downstream tasks scheduled from follow-on schedule check
[2025-03-18T18:27:44.149+0000] {local_task_job_runner.py:245} INFO - ::endgroup::
