[2025-03-28T02:18:23.775+0000] {local_task_job_runner.py:123} INFO - ::group::Pre task execution logs
[2025-03-28T02:18:23.986+0000] {taskinstance.py:2614} INFO - Dependencies all met for dep_context=non-requeueable deps ti=<TaskInstance: load_dbt_clean_reviews_pipeline.dbt_run_transactional scheduled__2024-04-13T00:00:00+00:00 [queued]>
[2025-03-28T02:18:24.062+0000] {taskinstance.py:2614} INFO - Dependencies all met for dep_context=requeueable deps ti=<TaskInstance: load_dbt_clean_reviews_pipeline.dbt_run_transactional scheduled__2024-04-13T00:00:00+00:00 [queued]>
[2025-03-28T02:18:24.063+0000] {taskinstance.py:2867} INFO - Starting attempt 1 of 2
[2025-03-28T02:18:24.173+0000] {taskinstance.py:2890} INFO - Executing <Task(BashOperator): dbt_run_transactional> on 2024-04-13 00:00:00+00:00
[2025-03-28T02:18:24.217+0000] {standard_task_runner.py:72} INFO - Started process 189670 to run task
[2025-03-28T02:18:24.250+0000] {standard_task_runner.py:104} INFO - Running: ['airflow', 'tasks', 'run', 'load_dbt_clean_reviews_pipeline', 'dbt_run_transactional', 'scheduled__2024-04-13T00:00:00+00:00', '--job-id', '2017', '--raw', '--subdir', 'DAGS_FOLDER/dag_load_reviews.py', '--cfg-path', '/tmp/tmp4mhu830j']
[2025-03-28T02:18:24.255+0000] {standard_task_runner.py:105} INFO - Job 2017: Subtask dbt_run_transactional
[2025-03-28T02:18:24.896+0000] {task_command.py:467} INFO - Running <TaskInstance: load_dbt_clean_reviews_pipeline.dbt_run_transactional scheduled__2024-04-13T00:00:00+00:00 [running]> on host DESKTOP-IM7V4RI.
[2025-03-28T02:18:25.761+0000] {taskinstance.py:3134} INFO - Exporting env vars: AIRFLOW_CTX_DAG_OWNER='mohammed' AIRFLOW_CTX_DAG_ID='load_dbt_clean_reviews_pipeline' AIRFLOW_CTX_TASK_ID='dbt_run_transactional' AIRFLOW_CTX_EXECUTION_DATE='2024-04-13T00:00:00+00:00' AIRFLOW_CTX_TRY_NUMBER='1' AIRFLOW_CTX_DAG_RUN_ID='scheduled__2024-04-13T00:00:00+00:00'
[2025-03-28T02:18:25.764+0000] {logging_mixin.py:190} INFO - Task instance is in running state
[2025-03-28T02:18:25.765+0000] {logging_mixin.py:190} INFO -  Previous state of the Task instance: queued
[2025-03-28T02:18:25.766+0000] {logging_mixin.py:190} INFO - Current task name:dbt_run_transactional state:running start_date:2025-03-28 02:18:23.987213+00:00
[2025-03-28T02:18:25.766+0000] {logging_mixin.py:190} INFO - Dag name:load_dbt_clean_reviews_pipeline and current dag run status:running
[2025-03-28T02:18:25.768+0000] {taskinstance.py:732} INFO - ::endgroup::
[2025-03-28T02:18:25.793+0000] {subprocess.py:78} INFO - Tmp dir root location: /tmp
[2025-03-28T02:18:25.797+0000] {subprocess.py:88} INFO - Running command: ['/usr/bin/bash', '-c', 'cd /home/mohammed/.dbt/dbt_projects/bank_reviews_transactional && dbt run']
[2025-03-28T02:18:27.417+0000] {subprocess.py:99} INFO - Output:
[2025-03-28T02:18:38.369+0000] {subprocess.py:106} INFO - [0m02:18:38  Running with dbt=1.9.3
[2025-03-28T02:18:39.732+0000] {subprocess.py:106} INFO - [0m02:18:39  Registered adapter: postgres=1.9.0
[2025-03-28T02:18:40.797+0000] {subprocess.py:106} INFO - [0m02:18:40  [[33mWARNING[0m]: Configuration paths exist in your dbt_project.yml file which do not apply to any resources.
[2025-03-28T02:18:40.798+0000] {subprocess.py:106} INFO - There are 1 unused configuration paths:
[2025-03-28T02:18:40.798+0000] {subprocess.py:106} INFO - - models.bank_reviews_transactional.transactional
[2025-03-28T02:18:41.199+0000] {subprocess.py:106} INFO - [0m02:18:41  Found 1 model, 1 source, 433 macros
[2025-03-28T02:18:41.206+0000] {subprocess.py:106} INFO - [0m02:18:41
[2025-03-28T02:18:41.209+0000] {subprocess.py:106} INFO - [0m02:18:41  Concurrency: 4 threads (target='dev')
[2025-03-28T02:18:41.212+0000] {subprocess.py:106} INFO - [0m02:18:41
[2025-03-28T02:18:41.642+0000] {subprocess.py:106} INFO - [0m02:18:41  1 of 1 START sql table model transactional.clean_reviews ....................... [RUN]
[2025-03-28T02:18:43.615+0000] {subprocess.py:106} INFO - [0m02:18:43  1 of 1 OK created sql table model transactional.clean_reviews .................. [[32mSELECT 153[0m in 1.96s]
[2025-03-28T02:18:43.680+0000] {subprocess.py:106} INFO - [0m02:18:43
[2025-03-28T02:18:43.681+0000] {subprocess.py:106} INFO - [0m02:18:43  Finished running 1 table model in 0 hours 0 minutes and 2.47 seconds (2.47s).
[2025-03-28T02:18:43.869+0000] {subprocess.py:106} INFO - [0m02:18:43
[2025-03-28T02:18:43.871+0000] {subprocess.py:106} INFO - [0m02:18:43  [32mCompleted successfully[0m
[2025-03-28T02:18:43.874+0000] {subprocess.py:106} INFO - [0m02:18:43
[2025-03-28T02:18:43.875+0000] {subprocess.py:106} INFO - [0m02:18:43  Done. PASS=1 WARN=0 ERROR=0 SKIP=0 TOTAL=1
[2025-03-28T02:18:45.460+0000] {subprocess.py:110} INFO - Command exited with return code 0
[2025-03-28T02:18:45.608+0000] {taskinstance.py:341} INFO - ::group::Post task execution logs
[2025-03-28T02:18:45.609+0000] {taskinstance.py:353} INFO - Marking task as SUCCESS. dag_id=load_dbt_clean_reviews_pipeline, task_id=dbt_run_transactional, run_id=scheduled__2024-04-13T00:00:00+00:00, execution_date=20240413T000000, start_date=20250328T021823, end_date=20250328T021845
[2025-03-28T02:18:45.694+0000] {logging_mixin.py:190} INFO - Task instance in success state
[2025-03-28T02:18:45.694+0000] {logging_mixin.py:190} INFO -  Previous state of the Task instance: running
[2025-03-28T02:18:45.695+0000] {logging_mixin.py:190} INFO - Dag name:load_dbt_clean_reviews_pipeline queued_at:2025-03-28 02:18:17.673591+00:00
[2025-03-28T02:18:45.695+0000] {logging_mixin.py:190} INFO - Task hostname:DESKTOP-IM7V4RI. operator:BashOperator
[2025-03-28T02:18:45.718+0000] {local_task_job_runner.py:266} INFO - Task exited with return code 0
[2025-03-28T02:18:45.757+0000] {taskinstance.py:3901} INFO - 0 downstream tasks scheduled from follow-on schedule check
[2025-03-28T02:18:45.761+0000] {local_task_job_runner.py:245} INFO - ::endgroup::
[2025-03-28T02:18:45.799+0000] {standard_task_runner.py:217} INFO - Process not found (most likely exited), stop collecting metrics
