[2025-03-17T00:33:49.065+0000] {local_task_job_runner.py:123} INFO - ::group::Pre task execution logs
[2025-03-17T00:33:49.321+0000] {taskinstance.py:2614} INFO - Dependencies all met for dep_context=non-requeueable deps ti=<TaskInstance: load_reviews_pipeline.dbt_run scheduled__2024-05-21T00:00:00+00:00 [queued]>
[2025-03-17T00:33:49.381+0000] {taskinstance.py:2614} INFO - Dependencies all met for dep_context=requeueable deps ti=<TaskInstance: load_reviews_pipeline.dbt_run scheduled__2024-05-21T00:00:00+00:00 [queued]>
[2025-03-17T00:33:49.384+0000] {taskinstance.py:2867} INFO - Starting attempt 1 of 2
[2025-03-17T00:33:49.990+0000] {taskinstance.py:2890} INFO - Executing <Task(BashOperator): dbt_run> on 2024-05-21 00:00:00+00:00
[2025-03-17T00:33:50.094+0000] {standard_task_runner.py:72} INFO - Started process 266635 to run task
[2025-03-17T00:33:50.148+0000] {standard_task_runner.py:104} INFO - Running: ['airflow', 'tasks', 'run', 'load_reviews_pipeline', 'dbt_run', 'scheduled__2024-05-21T00:00:00+00:00', '--job-id', '251', '--raw', '--subdir', 'DAGS_FOLDER/dag_load_reviews.py', '--cfg-path', '/tmp/tmprhwpwlur']
[2025-03-17T00:33:50.176+0000] {standard_task_runner.py:105} INFO - Job 251: Subtask dbt_run
[2025-03-17T00:33:51.530+0000] {task_command.py:467} INFO - Running <TaskInstance: load_reviews_pipeline.dbt_run scheduled__2024-05-21T00:00:00+00:00 [running]> on host DESKTOP-IM7V4RI.
[2025-03-17T00:33:53.996+0000] {taskinstance.py:3134} INFO - Exporting env vars: AIRFLOW_CTX_DAG_OWNER='mohammed' AIRFLOW_CTX_DAG_ID='load_reviews_pipeline' AIRFLOW_CTX_TASK_ID='dbt_run' AIRFLOW_CTX_EXECUTION_DATE='2024-05-21T00:00:00+00:00' AIRFLOW_CTX_TRY_NUMBER='1' AIRFLOW_CTX_DAG_RUN_ID='scheduled__2024-05-21T00:00:00+00:00'
[2025-03-17T00:33:54.054+0000] {logging_mixin.py:190} INFO - Task instance is in running state
[2025-03-17T00:33:54.057+0000] {logging_mixin.py:190} INFO -  Previous state of the Task instance: queued
[2025-03-17T00:33:54.061+0000] {logging_mixin.py:190} INFO - Current task name:dbt_run state:running start_date:2025-03-17 00:33:49.322596+00:00
[2025-03-17T00:33:54.062+0000] {logging_mixin.py:190} INFO - Dag name:load_reviews_pipeline and current dag run status:running
[2025-03-17T00:33:54.063+0000] {taskinstance.py:732} INFO - ::endgroup::
[2025-03-17T00:33:54.066+0000] {subprocess.py:78} INFO - Tmp dir root location: /tmp
[2025-03-17T00:33:54.070+0000] {subprocess.py:88} INFO - Running command: ['/usr/bin/bash', '-c', 'cd /home/mohammed/.dbt/bank_reviews_project && dbt run']
[2025-03-17T00:33:54.209+0000] {subprocess.py:99} INFO - Output:
[2025-03-17T00:34:12.649+0000] {subprocess.py:106} INFO - [0m00:34:12  Running with dbt=1.9.3
[2025-03-17T00:34:15.369+0000] {subprocess.py:106} INFO - [0m00:34:15  Registered adapter: postgres=1.9.0
[2025-03-17T00:34:19.944+0000] {subprocess.py:106} INFO - [0m00:34:19  Found 6 models, 4 data tests, 2 sources, 433 macros
[2025-03-17T00:34:19.974+0000] {subprocess.py:106} INFO - [0m00:34:19
[2025-03-17T00:34:19.981+0000] {subprocess.py:106} INFO - [0m00:34:19  Concurrency: 4 threads (target='dev')
[2025-03-17T00:34:19.986+0000] {subprocess.py:106} INFO - [0m00:34:19
[2025-03-17T00:34:20.387+0000] {subprocess.py:106} INFO - [0m00:34:20  1 of 6 START sql view model public.clean_reviews ............................... [RUN]
[2025-03-17T00:34:20.397+0000] {subprocess.py:106} INFO - [0m00:34:20  2 of 6 START sql table model public.my_first_dbt_model ......................... [RUN]
[2025-03-17T00:34:20.403+0000] {subprocess.py:106} INFO - [0m00:34:20  3 of 6 START sql view model public.remove_duplicates ........................... [RUN]
[2025-03-17T00:34:20.405+0000] {subprocess.py:106} INFO - [0m00:34:20  4 of 6 START sql view model public.stg_clean_reviews ........................... [RUN]
[2025-03-17T00:34:23.188+0000] {subprocess.py:106} INFO - [0m00:34:23  4 of 6 OK created sql view model public.stg_clean_reviews ...................... [[32mCREATE VIEW[0m in 2.62s]
[2025-03-17T00:34:23.242+0000] {subprocess.py:106} INFO - [0m00:34:23  2 of 6 OK created sql table model public.my_first_dbt_model .................... [[32mSELECT 2[0m in 2.67s]
[2025-03-17T00:34:23.247+0000] {subprocess.py:106} INFO - [0m00:34:23  3 of 6 OK created sql view model public.remove_duplicates ...................... [[32mCREATE VIEW[0m in 2.77s]
[2025-03-17T00:34:23.264+0000] {subprocess.py:106} INFO - [0m00:34:23  1 of 6 OK created sql view model public.clean_reviews .......................... [[32mCREATE VIEW[0m in 2.75s]
[2025-03-17T00:34:23.291+0000] {subprocess.py:106} INFO - [0m00:34:23  5 of 6 START sql view model public.dwh_model ................................... [RUN]
[2025-03-17T00:34:23.314+0000] {subprocess.py:106} INFO - [0m00:34:23  6 of 6 START sql view model public.my_second_dbt_model ......................... [RUN]
[2025-03-17T00:34:24.126+0000] {subprocess.py:106} INFO - [0m00:34:24  6 of 6 OK created sql view model public.my_second_dbt_model .................... [[32mCREATE VIEW[0m in 0.78s]
[2025-03-17T00:34:24.185+0000] {subprocess.py:106} INFO - [0m00:34:24  5 of 6 OK created sql view model public.dwh_model .............................. [[32mCREATE VIEW[0m in 0.88s]
[2025-03-17T00:34:24.585+0000] {subprocess.py:106} INFO - [0m00:34:24
[2025-03-17T00:34:24.603+0000] {subprocess.py:106} INFO - [0m00:34:24  Finished running 1 table model, 5 view models in 0 hours 0 minutes and 4.55 seconds (4.55s).
[2025-03-17T00:34:25.975+0000] {subprocess.py:106} INFO - [0m00:34:25
[2025-03-17T00:34:25.989+0000] {subprocess.py:106} INFO - [0m00:34:25  [32mCompleted successfully[0m
[2025-03-17T00:34:26.006+0000] {subprocess.py:106} INFO - [0m00:34:26
[2025-03-17T00:34:26.023+0000] {subprocess.py:106} INFO - [0m00:34:26  Done. PASS=6 WARN=0 ERROR=0 SKIP=0 TOTAL=6
[2025-03-17T00:34:33.448+0000] {subprocess.py:110} INFO - Command exited with return code 0
[2025-03-17T00:34:37.588+0000] {taskinstance.py:341} INFO - ::group::Post task execution logs
[2025-03-17T00:34:37.718+0000] {taskinstance.py:353} INFO - Marking task as SUCCESS. dag_id=load_reviews_pipeline, task_id=dbt_run, run_id=scheduled__2024-05-21T00:00:00+00:00, execution_date=20240521T000000, start_date=20250317T003349, end_date=20250317T003437
[2025-03-17T00:34:39.695+0000] {logging_mixin.py:190} INFO - Task instance in success state
[2025-03-17T00:34:39.697+0000] {logging_mixin.py:190} INFO -  Previous state of the Task instance: running
[2025-03-17T00:34:39.702+0000] {logging_mixin.py:190} INFO - Dag name:load_reviews_pipeline queued_at:2025-03-17 00:33:44.606109+00:00
[2025-03-17T00:34:39.724+0000] {logging_mixin.py:190} INFO - Task hostname:DESKTOP-IM7V4RI. operator:BashOperator
[2025-03-17T00:34:40.085+0000] {local_task_job_runner.py:266} INFO - Task exited with return code 0
[2025-03-17T00:34:41.399+0000] {local_task_job_runner.py:245} INFO - ::endgroup::
