[2025-07-16T18:07:15.659+0000] {local_task_job_runner.py:123} INFO - ::group::Pre task execution logs
[2025-07-16T18:07:15.719+0000] {taskinstance.py:2614} INFO - Dependencies all met for dep_context=non-requeueable deps ti=<TaskInstance: bank_reviews_etl_and_analysis_pipeline.dbt_run_transactional scheduled__2025-06-22T00:00:00+00:00 [queued]>
[2025-07-16T18:07:15.754+0000] {taskinstance.py:2614} INFO - Dependencies all met for dep_context=requeueable deps ti=<TaskInstance: bank_reviews_etl_and_analysis_pipeline.dbt_run_transactional scheduled__2025-06-22T00:00:00+00:00 [queued]>
[2025-07-16T18:07:15.756+0000] {taskinstance.py:2867} INFO - Starting attempt 1 of 2
[2025-07-16T18:07:15.792+0000] {taskinstance.py:2890} INFO - Executing <Task(BashOperator): dbt_run_transactional> on 2025-06-22 00:00:00+00:00
[2025-07-16T18:07:15.808+0000] {standard_task_runner.py:72} INFO - Started process 986 to run task
[2025-07-16T18:07:15.816+0000] {standard_task_runner.py:104} INFO - Running: ['***', 'tasks', 'run', 'bank_reviews_etl_and_analysis_pipeline', 'dbt_run_transactional', 'scheduled__2025-06-22T00:00:00+00:00', '--job-id', '28', '--raw', '--subdir', 'DAGS_FOLDER/dag_load_reviews.py', '--cfg-path', '/tmp/tmpkm8cnqe_']
[2025-07-16T18:07:15.820+0000] {standard_task_runner.py:105} INFO - Job 28: Subtask dbt_run_transactional
[2025-07-16T18:07:15.965+0000] {task_command.py:467} INFO - Running <TaskInstance: bank_reviews_etl_and_analysis_pipeline.dbt_run_transactional scheduled__2025-06-22T00:00:00+00:00 [running]> on host 569ba507bc01
[2025-07-16T18:07:16.198+0000] {taskinstance.py:3134} INFO - Exporting env vars: AIRFLOW_CTX_DAG_OWNER='mohammed' AIRFLOW_CTX_DAG_ID='bank_reviews_etl_and_analysis_pipeline' AIRFLOW_CTX_TASK_ID='dbt_run_transactional' AIRFLOW_CTX_EXECUTION_DATE='2025-06-22T00:00:00+00:00' AIRFLOW_CTX_TRY_NUMBER='1' AIRFLOW_CTX_DAG_RUN_ID='scheduled__2025-06-22T00:00:00+00:00'
[2025-07-16T18:07:16.202+0000] {logging_mixin.py:190} INFO - Task instance is in running state
[2025-07-16T18:07:16.204+0000] {logging_mixin.py:190} INFO -  Previous state of the Task instance: queued
[2025-07-16T18:07:16.206+0000] {logging_mixin.py:190} INFO - Current task name:dbt_run_transactional state:running start_date:2025-07-16 18:07:15.722187+00:00
[2025-07-16T18:07:16.208+0000] {logging_mixin.py:190} INFO - Dag name:bank_reviews_etl_and_analysis_pipeline and current dag run status:running
[2025-07-16T18:07:16.209+0000] {taskinstance.py:732} INFO - ::endgroup::
[2025-07-16T18:07:16.212+0000] {subprocess.py:78} INFO - Tmp dir root location: /tmp
[2025-07-16T18:07:16.216+0000] {subprocess.py:88} INFO - Running command: ['/usr/bin/bash', '-c', 'cd /opt/.dbt/dbt_projects/bank_reviews_transactional && dbt run']
[2025-07-16T18:07:16.256+0000] {subprocess.py:99} INFO - Output:
[2025-07-16T18:07:22.637+0000] {subprocess.py:106} INFO - [0m18:07:22  Running with dbt=1.10.4
[2025-07-16T18:07:23.739+0000] {subprocess.py:106} INFO - [0m18:07:23  Registered adapter: postgres=1.9.0
[2025-07-16T18:07:24.638+0000] {subprocess.py:106} INFO - [0m18:07:24  Unable to do partial parsing because of a version mismatch
[2025-07-16T18:07:29.474+0000] {subprocess.py:106} INFO - [0m18:07:29  [[33mWARNING[0m]: Configuration paths exist in your dbt_project.yml file which do not apply to any resources.
[2025-07-16T18:07:29.489+0000] {subprocess.py:106} INFO - There are 1 unused configuration paths:
[2025-07-16T18:07:29.491+0000] {subprocess.py:106} INFO - - models.bank_reviews_transactional.transactional
[2025-07-16T18:07:30.172+0000] {subprocess.py:106} INFO - [0m18:07:30  Found 1 model, 1 source, 433 macros
[2025-07-16T18:07:30.195+0000] {subprocess.py:106} INFO - [0m18:07:30
[2025-07-16T18:07:30.198+0000] {subprocess.py:106} INFO - [0m18:07:30  Concurrency: 4 threads (target='dev')
[2025-07-16T18:07:30.201+0000] {subprocess.py:106} INFO - [0m18:07:30
[2025-07-16T18:08:12.543+0000] {job.py:229} INFO - Heartbeat recovered after 46.51 seconds
[2025-07-16T18:08:17.626+0000] {subprocess.py:106} INFO - [0m18:08:17  1 of 1 START sql table model transactional.clean_reviews ....................... [RUN]
[2025-07-16T18:08:21.427+0000] {subprocess.py:106} INFO - [0m18:08:21  1 of 1 OK created sql table model transactional.clean_reviews .................. [[32mSELECT 10613[0m in 3.72s]
[2025-07-16T18:08:23.067+0000] {subprocess.py:106} INFO - [0m18:08:23
[2025-07-16T18:08:23.076+0000] {subprocess.py:106} INFO - [0m18:08:23  Finished running 1 table model in 0 hours 0 minutes and 52.87 seconds (52.87s).
[2025-07-16T18:08:23.363+0000] {subprocess.py:106} INFO - [0m18:08:23
[2025-07-16T18:08:23.375+0000] {subprocess.py:106} INFO - [0m18:08:23  [32mCompleted successfully[0m
[2025-07-16T18:08:23.381+0000] {subprocess.py:106} INFO - [0m18:08:23
[2025-07-16T18:08:23.390+0000] {subprocess.py:106} INFO - [0m18:08:23  Done. PASS=1 WARN=0 ERROR=0 SKIP=0 NO-OP=0 TOTAL=1
[2025-07-16T18:08:26.140+0000] {subprocess.py:110} INFO - Command exited with return code 0
[2025-07-16T18:08:26.321+0000] {taskinstance.py:341} INFO - ::group::Post task execution logs
[2025-07-16T18:08:26.341+0000] {taskinstance.py:353} INFO - Marking task as SUCCESS. dag_id=bank_reviews_etl_and_analysis_pipeline, task_id=dbt_run_transactional, run_id=scheduled__2025-06-22T00:00:00+00:00, execution_date=20250622T000000, start_date=20250716T180715, end_date=20250716T180826
[2025-07-16T18:08:26.462+0000] {logging_mixin.py:190} INFO - Task instance in success state
[2025-07-16T18:08:26.467+0000] {logging_mixin.py:190} INFO -  Previous state of the Task instance: running
[2025-07-16T18:08:26.472+0000] {logging_mixin.py:190} INFO - Dag name:bank_reviews_etl_and_analysis_pipeline queued_at:2025-07-16 17:28:10.915427+00:00
[2025-07-16T18:08:26.477+0000] {logging_mixin.py:190} INFO - Task hostname:569ba507bc01 operator:BashOperator
[2025-07-16T18:08:26.558+0000] {local_task_job_runner.py:266} INFO - Task exited with return code 0
[2025-07-16T18:08:26.694+0000] {taskinstance.py:3901} INFO - 1 downstream tasks scheduled from follow-on schedule check
[2025-07-16T18:08:26.701+0000] {local_task_job_runner.py:245} INFO - ::endgroup::
