[2025-03-16T22:35:37.338+0000] {local_task_job_runner.py:123} INFO - ::group::Pre task execution logs
[2025-03-16T22:35:37.364+0000] {taskinstance.py:2614} INFO - Dependencies all met for dep_context=non-requeueable deps ti=<TaskInstance: process_clean_reviews.sentiment_analysis manual__2025-03-16T22:35:30.606081+00:00 [queued]>
[2025-03-16T22:35:37.374+0000] {taskinstance.py:2614} INFO - Dependencies all met for dep_context=requeueable deps ti=<TaskInstance: process_clean_reviews.sentiment_analysis manual__2025-03-16T22:35:30.606081+00:00 [queued]>
[2025-03-16T22:35:37.375+0000] {taskinstance.py:2867} INFO - Starting attempt 1 of 2
[2025-03-16T22:35:37.387+0000] {taskinstance.py:2890} INFO - Executing <Task(BashOperator): sentiment_analysis> on 2025-03-16 22:35:30.606081+00:00
[2025-03-16T22:35:37.392+0000] {standard_task_runner.py:72} INFO - Started process 158401 to run task
[2025-03-16T22:35:37.396+0000] {standard_task_runner.py:104} INFO - Running: ['airflow', 'tasks', 'run', 'process_clean_reviews', 'sentiment_analysis', 'manual__2025-03-16T22:35:30.606081+00:00', '--job-id', '75', '--raw', '--subdir', 'DAGS_FOLDER/dag_Enrich_Data.py', '--cfg-path', '/tmp/tmp_lv5rsf6']
[2025-03-16T22:35:37.397+0000] {standard_task_runner.py:105} INFO - Job 75: Subtask sentiment_analysis
[2025-03-16T22:35:37.476+0000] {task_command.py:467} INFO - Running <TaskInstance: process_clean_reviews.sentiment_analysis manual__2025-03-16T22:35:30.606081+00:00 [running]> on host DESKTOP-IM7V4RI.
[2025-03-16T22:35:37.577+0000] {taskinstance.py:3134} INFO - Exporting env vars: AIRFLOW_CTX_DAG_OWNER='airflow' AIRFLOW_CTX_DAG_ID='process_clean_reviews' AIRFLOW_CTX_TASK_ID='sentiment_analysis' AIRFLOW_CTX_EXECUTION_DATE='2025-03-16T22:35:30.606081+00:00' AIRFLOW_CTX_TRY_NUMBER='1' AIRFLOW_CTX_DAG_RUN_ID='manual__2025-03-16T22:35:30.606081+00:00'
[2025-03-16T22:35:37.579+0000] {logging_mixin.py:190} INFO - Task instance is in running state
[2025-03-16T22:35:37.579+0000] {logging_mixin.py:190} INFO -  Previous state of the Task instance: queued
[2025-03-16T22:35:37.579+0000] {logging_mixin.py:190} INFO - Current task name:sentiment_analysis state:running start_date:2025-03-16 22:35:37.364429+00:00
[2025-03-16T22:35:37.580+0000] {logging_mixin.py:190} INFO - Dag name:process_clean_reviews and current dag run status:running
[2025-03-16T22:35:37.580+0000] {taskinstance.py:732} INFO - ::endgroup::
[2025-03-16T22:35:37.580+0000] {subprocess.py:78} INFO - Tmp dir root location: /tmp
[2025-03-16T22:35:37.583+0000] {subprocess.py:88} INFO - Running command: ['/usr/bin/bash', '-c', 'python3 /home/mohammed/airflow/scripts/sentiment_analysis.py']
[2025-03-16T22:35:37.593+0000] {subprocess.py:99} INFO - Output:
[2025-03-16T22:35:39.709+0000] {subprocess.py:106} INFO - ✅ Analyse de sentiment appliquée avec succès.
[2025-03-16T22:35:40.038+0000] {subprocess.py:110} INFO - Command exited with return code 0
[2025-03-16T22:35:40.101+0000] {taskinstance.py:341} INFO - ::group::Post task execution logs
[2025-03-16T22:35:40.102+0000] {taskinstance.py:353} INFO - Marking task as SUCCESS. dag_id=process_clean_reviews, task_id=sentiment_analysis, run_id=manual__2025-03-16T22:35:30.606081+00:00, execution_date=20250316T223530, start_date=20250316T223537, end_date=20250316T223540
[2025-03-16T22:35:40.159+0000] {logging_mixin.py:190} INFO - Task instance in success state
[2025-03-16T22:35:40.160+0000] {logging_mixin.py:190} INFO -  Previous state of the Task instance: running
[2025-03-16T22:35:40.161+0000] {logging_mixin.py:190} INFO - Dag name:process_clean_reviews queued_at:2025-03-16 22:35:30.627227+00:00
[2025-03-16T22:35:40.161+0000] {logging_mixin.py:190} INFO - Task hostname:DESKTOP-IM7V4RI. operator:BashOperator
[2025-03-16T22:35:40.183+0000] {local_task_job_runner.py:266} INFO - Task exited with return code 0
[2025-03-16T22:35:40.232+0000] {taskinstance.py:3901} INFO - 1 downstream tasks scheduled from follow-on schedule check
[2025-03-16T22:35:40.235+0000] {local_task_job_runner.py:245} INFO - ::endgroup::
