[2025-03-28T02:34:57.481+0000] {local_task_job_runner.py:123} INFO - ::group::Pre task execution logs
[2025-03-28T02:34:57.731+0000] {taskinstance.py:2614} INFO - Dependencies all met for dep_context=non-requeueable deps ti=<TaskInstance: load_dbt_clean_reviews_pipeline.dbt_run_transactional scheduled__2024-10-25T00:00:00+00:00 [queued]>
[2025-03-28T02:34:57.804+0000] {taskinstance.py:2614} INFO - Dependencies all met for dep_context=requeueable deps ti=<TaskInstance: load_dbt_clean_reviews_pipeline.dbt_run_transactional scheduled__2024-10-25T00:00:00+00:00 [queued]>
[2025-03-28T02:34:57.804+0000] {taskinstance.py:2867} INFO - Starting attempt 1 of 2
[2025-03-28T02:34:58.083+0000] {taskinstance.py:2890} INFO - Executing <Task(BashOperator): dbt_run_transactional> on 2024-10-25 00:00:00+00:00
[2025-03-28T02:34:58.220+0000] {standard_task_runner.py:104} INFO - Running: ['airflow', 'tasks', 'run', 'load_dbt_clean_reviews_pipeline', 'dbt_run_transactional', 'scheduled__2024-10-25T00:00:00+00:00', '--job-id', '2222', '--raw', '--subdir', 'DAGS_FOLDER/dag_load_reviews.py', '--cfg-path', '/tmp/tmp56hmd7dj']
[2025-03-28T02:34:58.168+0000] {standard_task_runner.py:72} INFO - Started process 213077 to run task
[2025-03-28T02:34:58.224+0000] {standard_task_runner.py:105} INFO - Job 2222: Subtask dbt_run_transactional
[2025-03-28T02:34:59.427+0000] {task_command.py:467} INFO - Running <TaskInstance: load_dbt_clean_reviews_pipeline.dbt_run_transactional scheduled__2024-10-25T00:00:00+00:00 [running]> on host DESKTOP-IM7V4RI.
[2025-03-28T02:35:00.825+0000] {taskinstance.py:3134} INFO - Exporting env vars: AIRFLOW_CTX_DAG_OWNER='mohammed' AIRFLOW_CTX_DAG_ID='load_dbt_clean_reviews_pipeline' AIRFLOW_CTX_TASK_ID='dbt_run_transactional' AIRFLOW_CTX_EXECUTION_DATE='2024-10-25T00:00:00+00:00' AIRFLOW_CTX_TRY_NUMBER='1' AIRFLOW_CTX_DAG_RUN_ID='scheduled__2024-10-25T00:00:00+00:00'
[2025-03-28T02:35:00.834+0000] {logging_mixin.py:190} INFO - Task instance is in running state
[2025-03-28T02:35:00.834+0000] {logging_mixin.py:190} INFO -  Previous state of the Task instance: queued
[2025-03-28T02:35:00.835+0000] {logging_mixin.py:190} INFO - Current task name:dbt_run_transactional state:running start_date:2025-03-28 02:34:57.732370+00:00
[2025-03-28T02:35:00.836+0000] {logging_mixin.py:190} INFO - Dag name:load_dbt_clean_reviews_pipeline and current dag run status:running
[2025-03-28T02:35:00.837+0000] {taskinstance.py:732} INFO - ::endgroup::
[2025-03-28T02:35:00.850+0000] {subprocess.py:78} INFO - Tmp dir root location: /tmp
[2025-03-28T02:35:00.856+0000] {subprocess.py:88} INFO - Running command: ['/usr/bin/bash', '-c', 'cd /home/mohammed/.dbt/dbt_projects/bank_reviews_transactional && dbt run']
[2025-03-28T02:35:01.213+0000] {subprocess.py:99} INFO - Output:
[2025-03-28T02:35:37.177+0000] {subprocess.py:106} INFO - [0m02:35:37  Running with dbt=1.9.3
[2025-03-28T02:35:42.230+0000] {subprocess.py:106} INFO - [0m02:35:42  Registered adapter: postgres=1.9.0
[2025-03-28T02:35:46.149+0000] {subprocess.py:106} INFO - [0m02:35:46  [[33mWARNING[0m]: Configuration paths exist in your dbt_project.yml file which do not apply to any resources.
[2025-03-28T02:35:46.152+0000] {subprocess.py:106} INFO - There are 1 unused configuration paths:
[2025-03-28T02:35:46.154+0000] {subprocess.py:106} INFO - - models.bank_reviews_transactional.transactional
[2025-03-28T02:35:48.868+0000] {subprocess.py:106} INFO - [0m02:35:48  Found 1 model, 1 source, 433 macros
[2025-03-28T02:35:48.923+0000] {subprocess.py:106} INFO - [0m02:35:48
[2025-03-28T02:35:48.947+0000] {subprocess.py:106} INFO - [0m02:35:48  Concurrency: 4 threads (target='dev')
[2025-03-28T02:35:48.953+0000] {subprocess.py:106} INFO - [0m02:35:48
[2025-03-28T02:35:51.003+0000] {subprocess.py:106} INFO - [0m02:35:51  1 of 1 START sql table model transactional.clean_reviews ....................... [RUN]
[2025-03-28T02:36:46.516+0000] {job.py:229} INFO - Heartbeat recovered after 55.41 seconds
[2025-03-28T02:36:56.474+0000] {subprocess.py:106} INFO - [0m02:36:56  1 of 1 OK created sql table model transactional.clean_reviews .................. [[32mSELECT 281[0m in 65.45s]
[2025-03-28T02:36:56.566+0000] {subprocess.py:106} INFO - [0m02:36:56
[2025-03-28T02:36:56.574+0000] {subprocess.py:106} INFO - [0m02:36:56  Finished running 1 table model in 0 hours 1 minutes and 7.59 seconds (67.59s).
[2025-03-28T02:36:56.695+0000] {subprocess.py:106} INFO - [0m02:36:56
[2025-03-28T02:36:56.698+0000] {subprocess.py:106} INFO - [0m02:36:56  [32mCompleted successfully[0m
[2025-03-28T02:36:56.699+0000] {subprocess.py:106} INFO - [0m02:36:56
[2025-03-28T02:36:56.708+0000] {subprocess.py:106} INFO - [0m02:36:56  Done. PASS=1 WARN=0 ERROR=0 SKIP=0 TOTAL=1
[2025-03-28T02:37:00.825+0000] {subprocess.py:110} INFO - Command exited with return code 0
[2025-03-28T02:37:09.364+0000] {taskinstance.py:341} INFO - ::group::Post task execution logs
[2025-03-28T02:37:09.396+0000] {taskinstance.py:353} INFO - Marking task as SUCCESS. dag_id=load_dbt_clean_reviews_pipeline, task_id=dbt_run_transactional, run_id=scheduled__2024-10-25T00:00:00+00:00, execution_date=20241025T000000, start_date=20250328T023457, end_date=20250328T023709
[2025-03-28T02:37:09.901+0000] {logging_mixin.py:190} INFO - Task instance in success state
[2025-03-28T02:37:09.903+0000] {logging_mixin.py:190} INFO -  Previous state of the Task instance: running
[2025-03-28T02:37:09.904+0000] {logging_mixin.py:190} INFO - Dag name:load_dbt_clean_reviews_pipeline queued_at:2025-03-28 02:34:52.270531+00:00
[2025-03-28T02:37:09.905+0000] {logging_mixin.py:190} INFO - Task hostname:DESKTOP-IM7V4RI. operator:BashOperator
