[2025-03-17T01:03:02.823+0000] {local_task_job_runner.py:123} INFO - ::group::Pre task execution logs
[2025-03-17T01:03:02.856+0000] {taskinstance.py:2614} INFO - Dependencies all met for dep_context=non-requeueable deps ti=<TaskInstance: load_reviews_pipeline.dbt_run scheduled__2024-10-25T00:00:00+00:00 [queued]>
[2025-03-17T01:03:02.869+0000] {taskinstance.py:2614} INFO - Dependencies all met for dep_context=requeueable deps ti=<TaskInstance: load_reviews_pipeline.dbt_run scheduled__2024-10-25T00:00:00+00:00 [queued]>
[2025-03-17T01:03:02.869+0000] {taskinstance.py:2867} INFO - Starting attempt 1 of 2
[2025-03-17T01:03:02.889+0000] {taskinstance.py:2890} INFO - Executing <Task(BashOperator): dbt_run> on 2024-10-25 00:00:00+00:00
[2025-03-17T01:03:02.897+0000] {standard_task_runner.py:72} INFO - Started process 305757 to run task
[2025-03-17T01:03:02.901+0000] {standard_task_runner.py:104} INFO - Running: ['airflow', 'tasks', 'run', 'load_reviews_pipeline', 'dbt_run', 'scheduled__2024-10-25T00:00:00+00:00', '--job-id', '473', '--raw', '--subdir', 'DAGS_FOLDER/dag_load_reviews.py', '--cfg-path', '/tmp/tmpl9fe4dmt']
[2025-03-17T01:03:02.903+0000] {standard_task_runner.py:105} INFO - Job 473: Subtask dbt_run
[2025-03-17T01:03:03.015+0000] {task_command.py:467} INFO - Running <TaskInstance: load_reviews_pipeline.dbt_run scheduled__2024-10-25T00:00:00+00:00 [running]> on host DESKTOP-IM7V4RI.
[2025-03-17T01:03:03.288+0000] {taskinstance.py:3134} INFO - Exporting env vars: AIRFLOW_CTX_DAG_OWNER='mohammed' AIRFLOW_CTX_DAG_ID='load_reviews_pipeline' AIRFLOW_CTX_TASK_ID='dbt_run' AIRFLOW_CTX_EXECUTION_DATE='2024-10-25T00:00:00+00:00' AIRFLOW_CTX_TRY_NUMBER='1' AIRFLOW_CTX_DAG_RUN_ID='scheduled__2024-10-25T00:00:00+00:00'
[2025-03-17T01:03:03.291+0000] {logging_mixin.py:190} INFO - Task instance is in running state
[2025-03-17T01:03:03.292+0000] {logging_mixin.py:190} INFO -  Previous state of the Task instance: queued
[2025-03-17T01:03:03.292+0000] {logging_mixin.py:190} INFO - Current task name:dbt_run state:running start_date:2025-03-17 01:03:02.857087+00:00
[2025-03-17T01:03:03.292+0000] {logging_mixin.py:190} INFO - Dag name:load_reviews_pipeline and current dag run status:running
[2025-03-17T01:03:03.293+0000] {taskinstance.py:732} INFO - ::endgroup::
[2025-03-17T01:03:03.294+0000] {subprocess.py:78} INFO - Tmp dir root location: /tmp
[2025-03-17T01:03:03.296+0000] {subprocess.py:88} INFO - Running command: ['/usr/bin/bash', '-c', 'cd /home/mohammed/.dbt/bank_reviews_project && dbt run']
[2025-03-17T01:03:03.315+0000] {subprocess.py:99} INFO - Output:
[2025-03-17T01:03:05.907+0000] {subprocess.py:106} INFO - [0m01:03:05  Running with dbt=1.9.3
[2025-03-17T01:03:06.259+0000] {subprocess.py:106} INFO - [0m01:03:06  Registered adapter: postgres=1.9.0
[2025-03-17T01:03:06.801+0000] {subprocess.py:106} INFO - [0m01:03:06  Found 10 models, 4 data tests, 2 sources, 433 macros
[2025-03-17T01:03:06.806+0000] {subprocess.py:106} INFO - [0m01:03:06
[2025-03-17T01:03:06.807+0000] {subprocess.py:106} INFO - [0m01:03:06  Concurrency: 4 threads (target='dev')
[2025-03-17T01:03:06.807+0000] {subprocess.py:106} INFO - [0m01:03:06
[2025-03-17T01:03:06.992+0000] {subprocess.py:106} INFO - [0m01:03:06  1 of 10 START sql view model public.clean_reviews .............................. [RUN]
[2025-03-17T01:03:06.995+0000] {subprocess.py:106} INFO - [0m01:03:06  2 of 10 START sql table model public.my_first_dbt_model ........................ [RUN]
[2025-03-17T01:03:06.998+0000] {subprocess.py:106} INFO - [0m01:03:06  3 of 10 START sql view model public.remove_duplicates .......................... [RUN]
[2025-03-17T01:03:06.999+0000] {subprocess.py:106} INFO - [0m01:03:06  4 of 10 START sql view model public.stg_clean_reviews .......................... [RUN]
[2025-03-17T01:03:07.825+0000] {subprocess.py:106} INFO - [0m01:03:07  1 of 10 OK created sql view model public.clean_reviews ......................... [[32mCREATE VIEW[0m in 0.82s]
[2025-03-17T01:03:07.850+0000] {subprocess.py:106} INFO - [0m01:03:07  2 of 10 OK created sql table model public.my_first_dbt_model ................... [[32mSELECT 2[0m in 0.84s]
[2025-03-17T01:03:07.857+0000] {subprocess.py:106} INFO - [0m01:03:07  3 of 10 OK created sql view model public.remove_duplicates ..................... [[32mCREATE VIEW[0m in 0.85s]
[2025-03-17T01:03:07.863+0000] {subprocess.py:106} INFO - [0m01:03:07  4 of 10 OK created sql view model public.stg_clean_reviews ..................... [[32mCREATE VIEW[0m in 0.86s]
[2025-03-17T01:03:07.875+0000] {subprocess.py:106} INFO - [0m01:03:07  5 of 10 START sql view model public.my_second_dbt_model ........................ [RUN]
[2025-03-17T01:03:07.880+0000] {subprocess.py:106} INFO - [0m01:03:07  6 of 10 START sql view model public.dim_bank ................................... [RUN]
[2025-03-17T01:03:07.882+0000] {subprocess.py:106} INFO - [0m01:03:07  7 of 10 START sql view model public.dim_branch ................................. [RUN]
[2025-03-17T01:03:07.885+0000] {subprocess.py:106} INFO - [0m01:03:07  8 of 10 START sql view model public.dim_location ............................... [RUN]
[2025-03-17T01:03:08.085+0000] {subprocess.py:106} INFO - [0m01:03:08  5 of 10 OK created sql view model public.my_second_dbt_model ................... [[32mCREATE VIEW[0m in 0.21s]
[2025-03-17T01:03:08.098+0000] {subprocess.py:106} INFO - [0m01:03:08  9 of 10 START sql view model public.dim_sentiment .............................. [RUN]
[2025-03-17T01:03:08.148+0000] {subprocess.py:106} INFO - [0m01:03:08  6 of 10 OK created sql view model public.dim_bank .............................. [[32mCREATE VIEW[0m in 0.25s]
[2025-03-17T01:03:08.150+0000] {subprocess.py:106} INFO - [0m01:03:08  8 of 10 OK created sql view model public.dim_location .......................... [[32mCREATE VIEW[0m in 0.24s]
[2025-03-17T01:03:08.152+0000] {subprocess.py:106} INFO - [0m01:03:08  7 of 10 OK created sql view model public.dim_branch ............................ [[32mCREATE VIEW[0m in 0.25s]
[2025-03-17T01:03:08.206+0000] {subprocess.py:106} INFO - [0m01:03:08  9 of 10 OK created sql view model public.dim_sentiment ......................... [[32mCREATE VIEW[0m in 0.09s]
[2025-03-17T01:03:08.211+0000] {subprocess.py:106} INFO - [0m01:03:08  10 of 10 START sql view model public.fact_reviews .............................. [RUN]
[2025-03-17T01:03:08.275+0000] {subprocess.py:106} INFO - [0m01:03:08  10 of 10 OK created sql view model public.fact_reviews ......................... [[32mCREATE VIEW[0m in 0.06s]
[2025-03-17T01:03:08.301+0000] {subprocess.py:106} INFO - [0m01:03:08
[2025-03-17T01:03:08.301+0000] {subprocess.py:106} INFO - [0m01:03:08  Finished running 1 table model, 9 view models in 0 hours 0 minutes and 1.49 seconds (1.49s).
[2025-03-17T01:03:08.347+0000] {subprocess.py:106} INFO - [0m01:03:08
[2025-03-17T01:03:08.348+0000] {subprocess.py:106} INFO - [0m01:03:08  [32mCompleted successfully[0m
[2025-03-17T01:03:08.348+0000] {subprocess.py:106} INFO - [0m01:03:08
[2025-03-17T01:03:08.349+0000] {subprocess.py:106} INFO - [0m01:03:08  Done. PASS=10 WARN=0 ERROR=0 SKIP=0 TOTAL=10
[2025-03-17T01:03:09.670+0000] {subprocess.py:110} INFO - Command exited with return code 0
[2025-03-17T01:03:09.724+0000] {taskinstance.py:341} INFO - ::group::Post task execution logs
[2025-03-17T01:03:09.725+0000] {taskinstance.py:353} INFO - Marking task as SUCCESS. dag_id=load_reviews_pipeline, task_id=dbt_run, run_id=scheduled__2024-10-25T00:00:00+00:00, execution_date=20241025T000000, start_date=20250317T010302, end_date=20250317T010309
[2025-03-17T01:03:09.792+0000] {logging_mixin.py:190} INFO - Task instance in success state
[2025-03-17T01:03:09.793+0000] {logging_mixin.py:190} INFO -  Previous state of the Task instance: running
[2025-03-17T01:03:09.794+0000] {logging_mixin.py:190} INFO - Dag name:load_reviews_pipeline queued_at:2025-03-17 01:03:01.845976+00:00
[2025-03-17T01:03:09.794+0000] {logging_mixin.py:190} INFO - Task hostname:DESKTOP-IM7V4RI. operator:BashOperator
[2025-03-17T01:03:09.823+0000] {local_task_job_runner.py:266} INFO - Task exited with return code 0
[2025-03-17T01:03:09.863+0000] {taskinstance.py:3901} INFO - 0 downstream tasks scheduled from follow-on schedule check
[2025-03-17T01:03:09.871+0000] {local_task_job_runner.py:245} INFO - ::endgroup::
