[2025-03-13T15:22:39.013+0000] {local_task_job_runner.py:123} INFO - ::group::Pre task execution logs
[2025-03-13T15:22:39.291+0000] {taskinstance.py:2614} INFO - Dependencies all met for dep_context=non-requeueable deps ti=<TaskInstance: Simple_etl.file_sensor manual__2025-03-10T15:49:03.350379+00:00 [queued]>
[2025-03-13T15:22:39.334+0000] {taskinstance.py:2614} INFO - Dependencies all met for dep_context=requeueable deps ti=<TaskInstance: Simple_etl.file_sensor manual__2025-03-10T15:49:03.350379+00:00 [queued]>
[2025-03-13T15:22:39.334+0000] {taskinstance.py:2867} INFO - Starting attempt 2 of 1
[2025-03-13T15:22:39.375+0000] {taskinstance.py:2890} INFO - Executing <Task(FileSensor): file_sensor> on 2025-03-10 15:49:03.350379+00:00
[2025-03-13T15:22:39.385+0000] {standard_task_runner.py:72} INFO - Started process 1454 to run task
[2025-03-13T15:22:39.397+0000] {standard_task_runner.py:104} INFO - Running: ['airflow', 'tasks', 'run', 'Simple_etl', 'file_sensor', 'manual__2025-03-10T15:49:03.350379+00:00', '--job-id', '70', '--raw', '--subdir', 'DAGS_FOLDER/dag_etl.py', '--cfg-path', '/tmp/tmp377aqiua']
[2025-03-13T15:22:39.398+0000] {standard_task_runner.py:105} INFO - Job 70: Subtask file_sensor
[2025-03-13T15:22:39.812+0000] {task_command.py:467} INFO - Running <TaskInstance: Simple_etl.file_sensor manual__2025-03-10T15:49:03.350379+00:00 [running]> on host DESKTOP-IM7V4RI.
[2025-03-13T15:22:40.354+0000] {taskinstance.py:3134} INFO - Exporting env vars: AIRFLOW_CTX_DAG_EMAIL='airflow@example.com' AIRFLOW_CTX_DAG_OWNER='airflow' AIRFLOW_CTX_DAG_ID='Simple_etl' AIRFLOW_CTX_TASK_ID='file_sensor' AIRFLOW_CTX_EXECUTION_DATE='2025-03-10T15:49:03.350379+00:00' AIRFLOW_CTX_TRY_NUMBER='2' AIRFLOW_CTX_DAG_RUN_ID='manual__2025-03-10T15:49:03.350379+00:00'
[2025-03-13T15:22:40.356+0000] {logging_mixin.py:190} INFO - Task instance is in running state
[2025-03-13T15:22:40.356+0000] {logging_mixin.py:190} INFO -  Previous state of the Task instance: queued
[2025-03-13T15:22:40.357+0000] {logging_mixin.py:190} INFO - Current task name:file_sensor state:running start_date:2025-03-13 15:22:39.297105+00:00
[2025-03-13T15:22:40.369+0000] {logging_mixin.py:190} INFO - Dag name:Simple_etl and current dag run status:running
[2025-03-13T15:22:40.369+0000] {taskinstance.py:732} INFO - ::endgroup::
[2025-03-13T15:22:40.370+0000] {baseoperator.py:423} WARNING - FileSensor.execute cannot be called outside TaskInstance!
[2025-03-13T15:22:40.530+0000] {base.py:84} INFO - Retrieving connection 'fs_default'
[2025-03-13T15:22:40.531+0000] {filesystem.py:109} INFO - Poking for file /home/mohammed/input/*.csv
[2025-03-13T15:22:50.541+0000] {filesystem.py:109} INFO - Poking for file /home/mohammed/input/*.csv
[2025-03-13T15:23:02.947+0000] {filesystem.py:109} INFO - Poking for file /home/mohammed/input/*.csv
[2025-03-13T15:23:12.949+0000] {filesystem.py:109} INFO - Poking for file /home/mohammed/input/*.csv
[2025-03-13T15:23:22.950+0000] {filesystem.py:109} INFO - Poking for file /home/mohammed/input/*.csv
[2025-03-13T15:23:35.718+0000] {filesystem.py:109} INFO - Poking for file /home/mohammed/input/*.csv
[2025-03-13T15:23:45.720+0000] {filesystem.py:109} INFO - Poking for file /home/mohammed/input/*.csv
[2025-03-13T15:23:55.721+0000] {filesystem.py:109} INFO - Poking for file /home/mohammed/input/*.csv
[2025-03-13T15:24:08.166+0000] {filesystem.py:109} INFO - Poking for file /home/mohammed/input/*.csv
[2025-03-13T15:24:18.167+0000] {filesystem.py:109} INFO - Poking for file /home/mohammed/input/*.csv
[2025-03-13T15:24:28.167+0000] {filesystem.py:109} INFO - Poking for file /home/mohammed/input/*.csv
[2025-03-13T15:24:40.899+0000] {filesystem.py:109} INFO - Poking for file /home/mohammed/input/*.csv
[2025-03-13T15:24:50.900+0000] {filesystem.py:109} INFO - Poking for file /home/mohammed/input/*.csv
[2025-03-13T15:25:00.901+0000] {filesystem.py:109} INFO - Poking for file /home/mohammed/input/*.csv
[2025-03-13T15:25:13.422+0000] {filesystem.py:109} INFO - Poking for file /home/mohammed/input/*.csv
[2025-03-13T15:25:23.423+0000] {filesystem.py:109} INFO - Poking for file /home/mohammed/input/*.csv
[2025-03-13T15:25:33.426+0000] {filesystem.py:109} INFO - Poking for file /home/mohammed/input/*.csv
[2025-03-13T15:25:43.427+0000] {filesystem.py:109} INFO - Poking for file /home/mohammed/input/*.csv
[2025-03-13T15:25:55.855+0000] {filesystem.py:109} INFO - Poking for file /home/mohammed/input/*.csv
[2025-03-13T15:26:05.866+0000] {filesystem.py:109} INFO - Poking for file /home/mohammed/input/*.csv
[2025-03-13T15:26:15.927+0000] {filesystem.py:109} INFO - Poking for file /home/mohammed/input/*.csv
[2025-03-13T15:26:28.396+0000] {filesystem.py:109} INFO - Poking for file /home/mohammed/input/*.csv
[2025-03-13T15:26:38.400+0000] {filesystem.py:109} INFO - Poking for file /home/mohammed/input/*.csv
[2025-03-13T15:26:48.413+0000] {filesystem.py:109} INFO - Poking for file /home/mohammed/input/*.csv
[2025-03-13T15:26:58.435+0000] {filesystem.py:109} INFO - Poking for file /home/mohammed/input/*.csv
[2025-03-13T15:27:08.443+0000] {filesystem.py:109} INFO - Poking for file /home/mohammed/input/*.csv
[2025-03-13T15:27:22.124+0000] {filesystem.py:109} INFO - Poking for file /home/mohammed/input/*.csv
[2025-03-13T15:27:32.130+0000] {filesystem.py:109} INFO - Poking for file /home/mohammed/input/*.csv
[2025-03-13T15:27:42.131+0000] {filesystem.py:109} INFO - Poking for file /home/mohammed/input/*.csv
[2025-03-13T15:27:54.599+0000] {filesystem.py:109} INFO - Poking for file /home/mohammed/input/*.csv
[2025-03-13T15:28:04.604+0000] {filesystem.py:109} INFO - Poking for file /home/mohammed/input/*.csv
[2025-03-13T15:28:14.607+0000] {filesystem.py:109} INFO - Poking for file /home/mohammed/input/*.csv
[2025-03-13T15:28:24.609+0000] {filesystem.py:109} INFO - Poking for file /home/mohammed/input/*.csv
[2025-03-13T15:28:34.619+0000] {filesystem.py:109} INFO - Poking for file /home/mohammed/input/*.csv
[2025-03-13T15:28:48.322+0000] {filesystem.py:109} INFO - Poking for file /home/mohammed/input/*.csv
[2025-03-13T15:28:58.325+0000] {filesystem.py:109} INFO - Poking for file /home/mohammed/input/*.csv
[2025-03-13T15:29:08.328+0000] {filesystem.py:109} INFO - Poking for file /home/mohammed/input/*.csv
[2025-03-13T15:29:18.331+0000] {filesystem.py:109} INFO - Poking for file /home/mohammed/input/*.csv
[2025-03-13T15:29:32.050+0000] {filesystem.py:109} INFO - Poking for file /home/mohammed/input/*.csv
[2025-03-13T15:29:42.052+0000] {filesystem.py:109} INFO - Poking for file /home/mohammed/input/*.csv
[2025-03-13T15:29:52.053+0000] {filesystem.py:109} INFO - Poking for file /home/mohammed/input/*.csv
[2025-03-13T15:30:02.054+0000] {filesystem.py:109} INFO - Poking for file /home/mohammed/input/*.csv
[2025-03-13T15:30:14.575+0000] {filesystem.py:109} INFO - Poking for file /home/mohammed/input/*.csv
[2025-03-13T15:30:24.576+0000] {filesystem.py:109} INFO - Poking for file /home/mohammed/input/*.csv
[2025-03-13T15:30:34.577+0000] {filesystem.py:109} INFO - Poking for file /home/mohammed/input/*.csv
[2025-03-13T15:30:47.148+0000] {filesystem.py:109} INFO - Poking for file /home/mohammed/input/*.csv
[2025-03-13T15:30:57.149+0000] {filesystem.py:109} INFO - Poking for file /home/mohammed/input/*.csv
[2025-03-13T15:31:07.150+0000] {filesystem.py:109} INFO - Poking for file /home/mohammed/input/*.csv
[2025-03-13T15:31:19.749+0000] {filesystem.py:109} INFO - Poking for file /home/mohammed/input/*.csv
[2025-03-13T15:31:29.752+0000] {filesystem.py:109} INFO - Poking for file /home/mohammed/input/*.csv
[2025-03-13T15:31:39.752+0000] {filesystem.py:109} INFO - Poking for file /home/mohammed/input/*.csv
[2025-03-13T15:31:51.709+0000] {filesystem.py:109} INFO - Poking for file /home/mohammed/input/*.csv
[2025-03-13T15:32:01.711+0000] {filesystem.py:109} INFO - Poking for file /home/mohammed/input/*.csv
[2025-03-13T15:32:11.711+0000] {filesystem.py:109} INFO - Poking for file /home/mohammed/input/*.csv
[2025-03-13T15:32:23.842+0000] {filesystem.py:109} INFO - Poking for file /home/mohammed/input/*.csv
[2025-03-13T15:32:33.844+0000] {filesystem.py:109} INFO - Poking for file /home/mohammed/input/*.csv
[2025-03-13T15:32:43.866+0000] {filesystem.py:109} INFO - Poking for file /home/mohammed/input/*.csv
[2025-03-13T15:32:53.867+0000] {filesystem.py:109} INFO - Poking for file /home/mohammed/input/*.csv
[2025-03-13T15:33:07.226+0000] {filesystem.py:109} INFO - Poking for file /home/mohammed/input/*.csv
[2025-03-13T15:33:17.229+0000] {filesystem.py:109} INFO - Poking for file /home/mohammed/input/*.csv
[2025-03-13T15:33:27.230+0000] {filesystem.py:109} INFO - Poking for file /home/mohammed/input/*.csv
[2025-03-13T15:33:40.478+0000] {filesystem.py:109} INFO - Poking for file /home/mohammed/input/*.csv
[2025-03-13T15:33:50.479+0000] {filesystem.py:109} INFO - Poking for file /home/mohammed/input/*.csv
[2025-03-13T15:34:00.480+0000] {filesystem.py:109} INFO - Poking for file /home/mohammed/input/*.csv
[2025-03-13T15:34:13.071+0000] {filesystem.py:109} INFO - Poking for file /home/mohammed/input/*.csv
[2025-03-13T15:34:23.073+0000] {filesystem.py:109} INFO - Poking for file /home/mohammed/input/*.csv
[2025-03-13T15:34:33.074+0000] {filesystem.py:109} INFO - Poking for file /home/mohammed/input/*.csv
[2025-03-13T15:34:45.646+0000] {filesystem.py:109} INFO - Poking for file /home/mohammed/input/*.csv
[2025-03-13T15:34:55.647+0000] {filesystem.py:109} INFO - Poking for file /home/mohammed/input/*.csv
[2025-03-13T15:35:05.647+0000] {filesystem.py:109} INFO - Poking for file /home/mohammed/input/*.csv
[2025-03-13T15:35:15.648+0000] {filesystem.py:109} INFO - Poking for file /home/mohammed/input/*.csv
[2025-03-13T15:35:28.512+0000] {filesystem.py:109} INFO - Poking for file /home/mohammed/input/*.csv
[2025-03-13T15:35:38.513+0000] {filesystem.py:109} INFO - Poking for file /home/mohammed/input/*.csv
[2025-03-13T15:35:48.513+0000] {filesystem.py:109} INFO - Poking for file /home/mohammed/input/*.csv
[2025-03-13T15:36:01.811+0000] {filesystem.py:109} INFO - Poking for file /home/mohammed/input/*.csv
[2025-03-13T15:36:11.811+0000] {filesystem.py:109} INFO - Poking for file /home/mohammed/input/*.csv
[2025-03-13T15:36:21.812+0000] {filesystem.py:109} INFO - Poking for file /home/mohammed/input/*.csv
[2025-03-13T15:36:34.897+0000] {filesystem.py:109} INFO - Poking for file /home/mohammed/input/*.csv
[2025-03-13T15:36:44.898+0000] {filesystem.py:109} INFO - Poking for file /home/mohammed/input/*.csv
[2025-03-13T15:36:54.899+0000] {filesystem.py:109} INFO - Poking for file /home/mohammed/input/*.csv
[2025-03-13T15:37:08.074+0000] {filesystem.py:109} INFO - Poking for file /home/mohammed/input/*.csv
[2025-03-13T15:37:18.075+0000] {filesystem.py:109} INFO - Poking for file /home/mohammed/input/*.csv
[2025-03-13T15:37:28.078+0000] {filesystem.py:109} INFO - Poking for file /home/mohammed/input/*.csv
[2025-03-13T15:37:38.087+0000] {filesystem.py:109} INFO - Poking for file /home/mohammed/input/*.csv
[2025-03-13T15:37:48.088+0000] {filesystem.py:109} INFO - Poking for file /home/mohammed/input/*.csv
[2025-03-13T15:38:02.224+0000] {filesystem.py:109} INFO - Poking for file /home/mohammed/input/*.csv
[2025-03-13T15:38:02.240+0000] {filesystem.py:113} INFO - Found File /home/mohammed/input/bank-additional.csv last modified: 20250224160741
[2025-03-13T15:38:02.261+0000] {base.py:339} INFO - Success criteria met. Exiting.
[2025-03-13T15:38:02.291+0000] {filesystem.py:109} INFO - Poking for file /home/mohammed/input/*.csv
[2025-03-13T15:38:02.292+0000] {filesystem.py:113} INFO - Found File /home/mohammed/input/bank-additional.csv last modified: 20250224160741
[2025-03-13T15:38:07.913+0000] {taskinstance.py:341} INFO - ::group::Post task execution logs
[2025-03-13T15:38:08.019+0000] {taskinstance.py:353} INFO - Marking task as SUCCESS. dag_id=Simple_etl, task_id=file_sensor, run_id=manual__2025-03-10T15:49:03.350379+00:00, execution_date=20250310T154903, start_date=20250313T153131, end_date=20250313T153807
[2025-03-13T15:38:10.011+0000] {logging_mixin.py:190} INFO - Task instance in success state
[2025-03-13T15:38:10.027+0000] {logging_mixin.py:190} INFO -  Previous state of the Task instance: running
[2025-03-13T15:38:10.034+0000] {logging_mixin.py:190} INFO - Dag name:Simple_etl queued_at:2025-03-10 15:49:03.677493+00:00
[2025-03-13T15:38:10.035+0000] {logging_mixin.py:190} INFO - Task hostname:DESKTOP-IM7V4RI. operator:FileSensor
