[2025-03-28T13:32:50.781+0000] {local_task_job_runner.py:123} INFO - ::group::Pre task execution logs
[2025-03-28T13:32:51.009+0000] {taskinstance.py:2614} INFO - Dependencies all met for dep_context=non-requeueable deps ti=<TaskInstance: load_dbt_clean_reviews_pipeline.dbt_run_transactional scheduled__2024-12-05T00:00:00+00:00 [queued]>
[2025-03-28T13:32:51.070+0000] {taskinstance.py:2614} INFO - Dependencies all met for dep_context=requeueable deps ti=<TaskInstance: load_dbt_clean_reviews_pipeline.dbt_run_transactional scheduled__2024-12-05T00:00:00+00:00 [queued]>
[2025-03-28T13:32:51.083+0000] {taskinstance.py:2867} INFO - Starting attempt 1 of 2
[2025-03-28T13:32:51.197+0000] {taskinstance.py:2890} INFO - Executing <Task(BashOperator): dbt_run_transactional> on 2024-12-05 00:00:00+00:00
[2025-03-28T13:32:51.209+0000] {standard_task_runner.py:72} INFO - Started process 2873 to run task
[2025-03-28T13:32:51.246+0000] {standard_task_runner.py:104} INFO - Running: ['airflow', 'tasks', 'run', 'load_dbt_clean_reviews_pipeline', 'dbt_run_transactional', 'scheduled__2024-12-05T00:00:00+00:00', '--job-id', '2266', '--raw', '--subdir', 'DAGS_FOLDER/dag_load_reviews.py', '--cfg-path', '/tmp/tmp8c7muj_s']
[2025-03-28T13:32:51.248+0000] {standard_task_runner.py:105} INFO - Job 2266: Subtask dbt_run_transactional
[2025-03-28T13:32:51.713+0000] {task_command.py:467} INFO - Running <TaskInstance: load_dbt_clean_reviews_pipeline.dbt_run_transactional scheduled__2024-12-05T00:00:00+00:00 [running]> on host DESKTOP-IM7V4RI.
[2025-03-28T13:32:53.146+0000] {taskinstance.py:3134} INFO - Exporting env vars: AIRFLOW_CTX_DAG_OWNER='mohammed' AIRFLOW_CTX_DAG_ID='load_dbt_clean_reviews_pipeline' AIRFLOW_CTX_TASK_ID='dbt_run_transactional' AIRFLOW_CTX_EXECUTION_DATE='2024-12-05T00:00:00+00:00' AIRFLOW_CTX_TRY_NUMBER='1' AIRFLOW_CTX_DAG_RUN_ID='scheduled__2024-12-05T00:00:00+00:00'
[2025-03-28T13:32:53.152+0000] {logging_mixin.py:190} INFO - Task instance is in running state
[2025-03-28T13:32:53.172+0000] {logging_mixin.py:190} INFO -  Previous state of the Task instance: queued
[2025-03-28T13:32:53.174+0000] {logging_mixin.py:190} INFO - Current task name:dbt_run_transactional state:running start_date:2025-03-28 13:32:51.023116+00:00
[2025-03-28T13:32:53.176+0000] {logging_mixin.py:190} INFO - Dag name:load_dbt_clean_reviews_pipeline and current dag run status:running
[2025-03-28T13:32:53.180+0000] {taskinstance.py:732} INFO - ::endgroup::
[2025-03-28T13:32:53.222+0000] {subprocess.py:78} INFO - Tmp dir root location: /tmp
[2025-03-28T13:32:53.267+0000] {subprocess.py:88} INFO - Running command: ['/usr/bin/bash', '-c', 'cd /home/mohammed/.dbt/dbt_projects/bank_reviews_transactional && dbt run']
[2025-03-28T13:32:53.390+0000] {subprocess.py:99} INFO - Output:
[2025-03-28T13:33:18.903+0000] {subprocess.py:106} INFO - [0m13:33:18  Running with dbt=1.9.3
[2025-03-28T13:33:21.708+0000] {subprocess.py:106} INFO - [0m13:33:21  Registered adapter: postgres=1.9.0
[2025-03-28T13:33:23.303+0000] {subprocess.py:106} INFO - [0m13:33:23  [[33mWARNING[0m]: Configuration paths exist in your dbt_project.yml file which do not apply to any resources.
[2025-03-28T13:33:23.303+0000] {subprocess.py:106} INFO - There are 1 unused configuration paths:
[2025-03-28T13:33:23.304+0000] {subprocess.py:106} INFO - - models.bank_reviews_transactional.transactional
[2025-03-28T13:33:24.095+0000] {subprocess.py:106} INFO - [0m13:33:24  Found 1 model, 1 source, 433 macros
[2025-03-28T13:33:24.125+0000] {subprocess.py:106} INFO - [0m13:33:24
[2025-03-28T13:33:24.128+0000] {subprocess.py:106} INFO - [0m13:33:24  Concurrency: 4 threads (target='dev')
[2025-03-28T13:33:24.130+0000] {subprocess.py:106} INFO - [0m13:33:24
[2025-03-28T13:33:24.903+0000] {subprocess.py:106} INFO - [0m13:33:24  1 of 1 START sql table model transactional.clean_reviews ....................... [RUN]
[2025-03-28T13:33:26.819+0000] {subprocess.py:106} INFO - [0m13:33:26  1 of 1 OK created sql table model transactional.clean_reviews .................. [[32mSELECT 281[0m in 1.89s]
[2025-03-28T13:33:27.031+0000] {subprocess.py:106} INFO - [0m13:33:27
[2025-03-28T13:33:27.035+0000] {subprocess.py:106} INFO - [0m13:33:27  Finished running 1 table model in 0 hours 0 minutes and 2.90 seconds (2.90s).
[2025-03-28T13:33:27.292+0000] {subprocess.py:106} INFO - [0m13:33:27
[2025-03-28T13:33:27.295+0000] {subprocess.py:106} INFO - [0m13:33:27  [32mCompleted successfully[0m
[2025-03-28T13:33:27.299+0000] {subprocess.py:106} INFO - [0m13:33:27
[2025-03-28T13:33:27.302+0000] {subprocess.py:106} INFO - [0m13:33:27  Done. PASS=1 WARN=0 ERROR=0 SKIP=0 TOTAL=1
[2025-03-28T13:33:29.752+0000] {subprocess.py:110} INFO - Command exited with return code 0
[2025-03-28T13:33:30.117+0000] {taskinstance.py:341} INFO - ::group::Post task execution logs
[2025-03-28T13:33:30.118+0000] {taskinstance.py:353} INFO - Marking task as SUCCESS. dag_id=load_dbt_clean_reviews_pipeline, task_id=dbt_run_transactional, run_id=scheduled__2024-12-05T00:00:00+00:00, execution_date=20241205T000000, start_date=20250328T133251, end_date=20250328T133330
[2025-03-28T13:33:30.508+0000] {logging_mixin.py:190} INFO - Task instance in success state
[2025-03-28T13:33:30.509+0000] {logging_mixin.py:190} INFO -  Previous state of the Task instance: running
[2025-03-28T13:33:30.509+0000] {logging_mixin.py:190} INFO - Dag name:load_dbt_clean_reviews_pipeline queued_at:2025-03-28 13:32:43.028152+00:00
[2025-03-28T13:33:30.510+0000] {logging_mixin.py:190} INFO - Task hostname:DESKTOP-IM7V4RI. operator:BashOperator
[2025-03-28T13:33:30.593+0000] {local_task_job_runner.py:266} INFO - Task exited with return code 0
[2025-03-28T13:33:30.805+0000] {taskinstance.py:3901} INFO - 0 downstream tasks scheduled from follow-on schedule check
[2025-03-28T13:33:30.879+0000] {local_task_job_runner.py:245} INFO - ::endgroup::
