[2025-03-17T01:21:06.176+0000] {local_task_job_runner.py:123} INFO - ::group::Pre task execution logs
[2025-03-17T01:21:06.201+0000] {taskinstance.py:2614} INFO - Dependencies all met for dep_context=non-requeueable deps ti=<TaskInstance: load_reviews_pipeline.dbt_run scheduled__2025-03-16T00:00:00+00:00 [queued]>
[2025-03-17T01:21:06.209+0000] {taskinstance.py:2614} INFO - Dependencies all met for dep_context=requeueable deps ti=<TaskInstance: load_reviews_pipeline.dbt_run scheduled__2025-03-16T00:00:00+00:00 [queued]>
[2025-03-17T01:21:06.210+0000] {taskinstance.py:2867} INFO - Starting attempt 1 of 2
[2025-03-17T01:21:06.227+0000] {taskinstance.py:2890} INFO - Executing <Task(BashOperator): dbt_run> on 2025-03-16 00:00:00+00:00
[2025-03-17T01:21:06.232+0000] {standard_task_runner.py:72} INFO - Started process 332743 to run task
[2025-03-17T01:21:06.236+0000] {standard_task_runner.py:104} INFO - Running: ['airflow', 'tasks', 'run', 'load_reviews_pipeline', 'dbt_run', 'scheduled__2025-03-16T00:00:00+00:00', '--job-id', '660', '--raw', '--subdir', 'DAGS_FOLDER/dag_load_reviews.py', '--cfg-path', '/tmp/tmp4xnvgcn4']
[2025-03-17T01:21:06.237+0000] {standard_task_runner.py:105} INFO - Job 660: Subtask dbt_run
[2025-03-17T01:21:06.316+0000] {task_command.py:467} INFO - Running <TaskInstance: load_reviews_pipeline.dbt_run scheduled__2025-03-16T00:00:00+00:00 [running]> on host DESKTOP-IM7V4RI.
[2025-03-17T01:21:06.439+0000] {taskinstance.py:3134} INFO - Exporting env vars: AIRFLOW_CTX_DAG_OWNER='mohammed' AIRFLOW_CTX_DAG_ID='load_reviews_pipeline' AIRFLOW_CTX_TASK_ID='dbt_run' AIRFLOW_CTX_EXECUTION_DATE='2025-03-16T00:00:00+00:00' AIRFLOW_CTX_TRY_NUMBER='1' AIRFLOW_CTX_DAG_RUN_ID='scheduled__2025-03-16T00:00:00+00:00'
[2025-03-17T01:21:06.440+0000] {logging_mixin.py:190} INFO - Task instance is in running state
[2025-03-17T01:21:06.441+0000] {logging_mixin.py:190} INFO -  Previous state of the Task instance: queued
[2025-03-17T01:21:06.441+0000] {logging_mixin.py:190} INFO - Current task name:dbt_run state:running start_date:2025-03-17 01:21:06.201649+00:00
[2025-03-17T01:21:06.441+0000] {logging_mixin.py:190} INFO - Dag name:load_reviews_pipeline and current dag run status:running
[2025-03-17T01:21:06.441+0000] {taskinstance.py:732} INFO - ::endgroup::
[2025-03-17T01:21:06.442+0000] {subprocess.py:78} INFO - Tmp dir root location: /tmp
[2025-03-17T01:21:06.443+0000] {subprocess.py:88} INFO - Running command: ['/usr/bin/bash', '-c', 'cd /home/mohammed/.dbt/bank_reviews_project && dbt run']
[2025-03-17T01:21:06.453+0000] {subprocess.py:99} INFO - Output:
[2025-03-17T01:21:08.140+0000] {subprocess.py:106} INFO - [0m01:21:08  Running with dbt=1.9.3
[2025-03-17T01:21:08.406+0000] {subprocess.py:106} INFO - [0m01:21:08  Registered adapter: postgres=1.9.0
[2025-03-17T01:21:08.856+0000] {subprocess.py:106} INFO - [0m01:21:08  Found 10 models, 4 data tests, 2 sources, 433 macros
[2025-03-17T01:21:08.859+0000] {subprocess.py:106} INFO - [0m01:21:08
[2025-03-17T01:21:08.860+0000] {subprocess.py:106} INFO - [0m01:21:08  Concurrency: 4 threads (target='dev')
[2025-03-17T01:21:08.860+0000] {subprocess.py:106} INFO - [0m01:21:08
[2025-03-17T01:21:09.012+0000] {subprocess.py:106} INFO - [0m01:21:09  1 of 10 START sql view model public.clean_reviews .............................. [RUN]
[2025-03-17T01:21:09.014+0000] {subprocess.py:106} INFO - [0m01:21:09  2 of 10 START sql table model public.my_first_dbt_model ........................ [RUN]
[2025-03-17T01:21:09.017+0000] {subprocess.py:106} INFO - [0m01:21:09  3 of 10 START sql view model public.remove_duplicates .......................... [RUN]
[2025-03-17T01:21:09.018+0000] {subprocess.py:106} INFO - [0m01:21:09  4 of 10 START sql view model public.stg_clean_reviews .......................... [RUN]
[2025-03-17T01:21:09.408+0000] {subprocess.py:106} INFO - [0m01:21:09  3 of 10 OK created sql view model public.remove_duplicates ..................... [[32mCREATE VIEW[0m in 0.38s]
[2025-03-17T01:21:09.417+0000] {subprocess.py:106} INFO - [0m01:21:09  1 of 10 OK created sql view model public.clean_reviews ......................... [[32mCREATE VIEW[0m in 0.39s]
[2025-03-17T01:21:09.418+0000] {subprocess.py:106} INFO - [0m01:21:09  2 of 10 OK created sql table model public.my_first_dbt_model ................... [[32mSELECT 2[0m in 0.39s]
[2025-03-17T01:21:09.420+0000] {subprocess.py:106} INFO - [0m01:21:09  4 of 10 OK created sql view model public.stg_clean_reviews ..................... [[32mCREATE VIEW[0m in 0.39s]
[2025-03-17T01:21:09.428+0000] {subprocess.py:106} INFO - [0m01:21:09  5 of 10 START sql view model public.my_second_dbt_model ........................ [RUN]
[2025-03-17T01:21:09.429+0000] {subprocess.py:106} INFO - [0m01:21:09  6 of 10 START sql view model public.dim_bank ................................... [RUN]
[2025-03-17T01:21:09.433+0000] {subprocess.py:106} INFO - [0m01:21:09  7 of 10 START sql view model public.dim_branch ................................. [RUN]
[2025-03-17T01:21:09.435+0000] {subprocess.py:106} INFO - [0m01:21:09  8 of 10 START sql view model public.dim_location ............................... [RUN]
[2025-03-17T01:21:09.607+0000] {subprocess.py:106} INFO - [0m01:21:09  5 of 10 OK created sql view model public.my_second_dbt_model ................... [[32mCREATE VIEW[0m in 0.17s]
[2025-03-17T01:21:09.618+0000] {subprocess.py:106} INFO - [0m01:21:09  9 of 10 START sql view model public.dim_sentiment .............................. [RUN]
[2025-03-17T01:21:09.631+0000] {subprocess.py:106} INFO - [0m01:21:09  7 of 10 OK created sql view model public.dim_branch ............................ [[32mCREATE VIEW[0m in 0.19s]
[2025-03-17T01:21:09.633+0000] {subprocess.py:106} INFO - [0m01:21:09  6 of 10 OK created sql view model public.dim_bank .............................. [[32mCREATE VIEW[0m in 0.19s]
[2025-03-17T01:21:09.634+0000] {subprocess.py:106} INFO - [0m01:21:09  8 of 10 OK created sql view model public.dim_location .......................... [[32mCREATE VIEW[0m in 0.19s]
[2025-03-17T01:21:09.706+0000] {subprocess.py:106} INFO - [0m01:21:09  9 of 10 OK created sql view model public.dim_sentiment ......................... [[32mCREATE VIEW[0m in 0.08s]
[2025-03-17T01:21:09.710+0000] {subprocess.py:106} INFO - [0m01:21:09  10 of 10 START sql view model public.fact_reviews .............................. [RUN]
[2025-03-17T01:21:09.783+0000] {subprocess.py:106} INFO - [0m01:21:09  10 of 10 OK created sql view model public.fact_reviews ......................... [[32mCREATE VIEW[0m in 0.07s]
[2025-03-17T01:21:09.827+0000] {subprocess.py:106} INFO - [0m01:21:09
[2025-03-17T01:21:09.828+0000] {subprocess.py:106} INFO - [0m01:21:09  Finished running 1 table model, 9 view models in 0 hours 0 minutes and 0.97 seconds (0.97s).
[2025-03-17T01:21:09.918+0000] {subprocess.py:106} INFO - [0m01:21:09
[2025-03-17T01:21:09.920+0000] {subprocess.py:106} INFO - [0m01:21:09  [32mCompleted successfully[0m
[2025-03-17T01:21:09.921+0000] {subprocess.py:106} INFO - [0m01:21:09
[2025-03-17T01:21:09.922+0000] {subprocess.py:106} INFO - [0m01:21:09  Done. PASS=10 WARN=0 ERROR=0 SKIP=0 TOTAL=10
[2025-03-17T01:21:11.575+0000] {subprocess.py:110} INFO - Command exited with return code 0
[2025-03-17T01:21:11.625+0000] {taskinstance.py:341} INFO - ::group::Post task execution logs
[2025-03-17T01:21:11.626+0000] {taskinstance.py:353} INFO - Marking task as SUCCESS. dag_id=load_reviews_pipeline, task_id=dbt_run, run_id=scheduled__2025-03-16T00:00:00+00:00, execution_date=20250316T000000, start_date=20250317T012106, end_date=20250317T012111
[2025-03-17T01:21:11.681+0000] {logging_mixin.py:190} INFO - Task instance in success state
[2025-03-17T01:21:11.681+0000] {logging_mixin.py:190} INFO -  Previous state of the Task instance: running
[2025-03-17T01:21:11.681+0000] {logging_mixin.py:190} INFO - Dag name:load_reviews_pipeline queued_at:2025-03-17 01:21:05.491918+00:00
[2025-03-17T01:21:11.681+0000] {logging_mixin.py:190} INFO - Task hostname:DESKTOP-IM7V4RI. operator:BashOperator
[2025-03-17T01:21:11.715+0000] {local_task_job_runner.py:266} INFO - Task exited with return code 0
[2025-03-17T01:21:11.744+0000] {local_task_job_runner.py:245} INFO - ::endgroup::
