[2025-05-28T18:09:17.302+0100] {processor.py:186} INFO - Started process (PID=1259) to work on /home/mohammed/venv/lib/python3.11/site-packages/airflow/example_dags/example_dataset_alias.py
[2025-05-28T18:09:17.305+0100] {processor.py:914} INFO - Processing file /home/mohammed/venv/lib/python3.11/site-packages/airflow/example_dags/example_dataset_alias.py for tasks to queue
[2025-05-28T18:09:17.318+0100] {logging_mixin.py:190} INFO - [2025-05-28T18:09:17.317+0100] {dagbag.py:588} INFO - Filling up the DagBag from /home/mohammed/venv/lib/python3.11/site-packages/airflow/example_dags/example_dataset_alias.py
[2025-05-28T18:09:17.534+0100] {processor.py:925} INFO - DAG(s) 'dataset_s3_bucket_consumer', 'dataset_s3_bucket_producer', 'dataset_alias_example_alias_producer', 'dataset_alias_example_alias_consumer' retrieved from /home/mohammed/venv/lib/python3.11/site-packages/airflow/example_dags/example_dataset_alias.py
[2025-05-28T18:09:17.704+0100] {logging_mixin.py:190} INFO - [2025-05-28T18:09:17.702+0100] {dag.py:3239} INFO - Sync 4 DAGs
[2025-05-28T18:09:17.876+0100] {logging_mixin.py:190} INFO - [2025-05-28T18:09:17.876+0100] {dag.py:4180} INFO - Setting next_dagrun for dataset_alias_example_alias_consumer to None, run_after=None
[2025-05-28T18:09:17.884+0100] {logging_mixin.py:190} INFO - [2025-05-28T18:09:17.883+0100] {dag.py:4180} INFO - Setting next_dagrun for dataset_alias_example_alias_producer to None, run_after=None
[2025-05-28T18:09:17.889+0100] {logging_mixin.py:190} INFO - [2025-05-28T18:09:17.889+0100] {dag.py:4180} INFO - Setting next_dagrun for dataset_s3_bucket_consumer to None, run_after=None
[2025-05-28T18:09:17.895+0100] {logging_mixin.py:190} INFO - [2025-05-28T18:09:17.895+0100] {dag.py:4180} INFO - Setting next_dagrun for dataset_s3_bucket_producer to None, run_after=None
[2025-05-28T18:09:18.084+0100] {processor.py:208} INFO - Processing /home/mohammed/venv/lib/python3.11/site-packages/airflow/example_dags/example_dataset_alias.py took 0.809 seconds
[2025-05-28T18:09:54.647+0100] {processor.py:186} INFO - Started process (PID=2250) to work on /home/mohammed/venv/lib/python3.11/site-packages/airflow/example_dags/example_dataset_alias.py
[2025-05-28T18:09:54.650+0100] {processor.py:914} INFO - Processing file /home/mohammed/venv/lib/python3.11/site-packages/airflow/example_dags/example_dataset_alias.py for tasks to queue
[2025-05-28T18:09:54.655+0100] {logging_mixin.py:190} INFO - [2025-05-28T18:09:54.654+0100] {dagbag.py:588} INFO - Filling up the DagBag from /home/mohammed/venv/lib/python3.11/site-packages/airflow/example_dags/example_dataset_alias.py
[2025-05-28T18:09:55.131+0100] {processor.py:925} INFO - DAG(s) 'dataset_alias_example_alias_consumer', 'dataset_s3_bucket_producer', 'dataset_alias_example_alias_producer', 'dataset_s3_bucket_consumer' retrieved from /home/mohammed/venv/lib/python3.11/site-packages/airflow/example_dags/example_dataset_alias.py
[2025-05-28T18:09:55.397+0100] {logging_mixin.py:190} INFO - [2025-05-28T18:09:55.397+0100] {dag.py:3239} INFO - Sync 4 DAGs
[2025-05-28T18:09:55.556+0100] {logging_mixin.py:190} INFO - [2025-05-28T18:09:55.555+0100] {dag.py:4180} INFO - Setting next_dagrun for dataset_alias_example_alias_consumer to None, run_after=None
[2025-05-28T18:09:55.566+0100] {logging_mixin.py:190} INFO - [2025-05-28T18:09:55.566+0100] {dag.py:4180} INFO - Setting next_dagrun for dataset_alias_example_alias_producer to None, run_after=None
[2025-05-28T18:09:55.578+0100] {logging_mixin.py:190} INFO - [2025-05-28T18:09:55.577+0100] {dag.py:4180} INFO - Setting next_dagrun for dataset_s3_bucket_consumer to None, run_after=None
[2025-05-28T18:09:55.591+0100] {logging_mixin.py:190} INFO - [2025-05-28T18:09:55.589+0100] {dag.py:4180} INFO - Setting next_dagrun for dataset_s3_bucket_producer to None, run_after=None
[2025-05-28T18:09:55.733+0100] {processor.py:208} INFO - Processing /home/mohammed/venv/lib/python3.11/site-packages/airflow/example_dags/example_dataset_alias.py took 1.130 seconds
[2025-05-28T18:10:25.944+0100] {processor.py:186} INFO - Started process (PID=2811) to work on /home/mohammed/venv/lib/python3.11/site-packages/airflow/example_dags/example_dataset_alias.py
[2025-05-28T18:10:25.952+0100] {processor.py:914} INFO - Processing file /home/mohammed/venv/lib/python3.11/site-packages/airflow/example_dags/example_dataset_alias.py for tasks to queue
[2025-05-28T18:10:25.968+0100] {logging_mixin.py:190} INFO - [2025-05-28T18:10:25.966+0100] {dagbag.py:588} INFO - Filling up the DagBag from /home/mohammed/venv/lib/python3.11/site-packages/airflow/example_dags/example_dataset_alias.py
[2025-05-28T18:10:26.146+0100] {processor.py:925} INFO - DAG(s) 'dataset_s3_bucket_consumer', 'dataset_s3_bucket_producer', 'dataset_alias_example_alias_consumer', 'dataset_alias_example_alias_producer' retrieved from /home/mohammed/venv/lib/python3.11/site-packages/airflow/example_dags/example_dataset_alias.py
[2025-05-28T18:10:26.284+0100] {logging_mixin.py:190} INFO - [2025-05-28T18:10:26.283+0100] {dag.py:3239} INFO - Sync 4 DAGs
[2025-05-28T18:10:26.404+0100] {logging_mixin.py:190} INFO - [2025-05-28T18:10:26.404+0100] {dag.py:4180} INFO - Setting next_dagrun for dataset_alias_example_alias_consumer to None, run_after=None
[2025-05-28T18:10:26.422+0100] {logging_mixin.py:190} INFO - [2025-05-28T18:10:26.421+0100] {dag.py:4180} INFO - Setting next_dagrun for dataset_alias_example_alias_producer to None, run_after=None
[2025-05-28T18:10:26.426+0100] {logging_mixin.py:190} INFO - [2025-05-28T18:10:26.425+0100] {dag.py:4180} INFO - Setting next_dagrun for dataset_s3_bucket_consumer to None, run_after=None
[2025-05-28T18:10:26.435+0100] {logging_mixin.py:190} INFO - [2025-05-28T18:10:26.430+0100] {dag.py:4180} INFO - Setting next_dagrun for dataset_s3_bucket_producer to None, run_after=None
[2025-05-28T18:10:26.529+0100] {processor.py:208} INFO - Processing /home/mohammed/venv/lib/python3.11/site-packages/airflow/example_dags/example_dataset_alias.py took 0.624 seconds
[2025-05-28T18:10:56.842+0100] {processor.py:186} INFO - Started process (PID=3597) to work on /home/mohammed/venv/lib/python3.11/site-packages/airflow/example_dags/example_dataset_alias.py
[2025-05-28T18:10:56.844+0100] {processor.py:914} INFO - Processing file /home/mohammed/venv/lib/python3.11/site-packages/airflow/example_dags/example_dataset_alias.py for tasks to queue
[2025-05-28T18:10:56.847+0100] {logging_mixin.py:190} INFO - [2025-05-28T18:10:56.846+0100] {dagbag.py:588} INFO - Filling up the DagBag from /home/mohammed/venv/lib/python3.11/site-packages/airflow/example_dags/example_dataset_alias.py
[2025-05-28T18:10:56.903+0100] {processor.py:925} INFO - DAG(s) 'dataset_alias_example_alias_producer', 'dataset_s3_bucket_consumer', 'dataset_s3_bucket_producer', 'dataset_alias_example_alias_consumer' retrieved from /home/mohammed/venv/lib/python3.11/site-packages/airflow/example_dags/example_dataset_alias.py
[2025-05-28T18:10:56.933+0100] {logging_mixin.py:190} INFO - [2025-05-28T18:10:56.933+0100] {dag.py:3239} INFO - Sync 4 DAGs
[2025-05-28T18:10:56.973+0100] {logging_mixin.py:190} INFO - [2025-05-28T18:10:56.972+0100] {dag.py:4180} INFO - Setting next_dagrun for dataset_alias_example_alias_consumer to None, run_after=None
[2025-05-28T18:10:56.979+0100] {logging_mixin.py:190} INFO - [2025-05-28T18:10:56.978+0100] {dag.py:4180} INFO - Setting next_dagrun for dataset_alias_example_alias_producer to None, run_after=None
[2025-05-28T18:10:56.981+0100] {logging_mixin.py:190} INFO - [2025-05-28T18:10:56.981+0100] {dag.py:4180} INFO - Setting next_dagrun for dataset_s3_bucket_consumer to None, run_after=None
[2025-05-28T18:10:56.984+0100] {logging_mixin.py:190} INFO - [2025-05-28T18:10:56.983+0100] {dag.py:4180} INFO - Setting next_dagrun for dataset_s3_bucket_producer to None, run_after=None
[2025-05-28T18:10:57.025+0100] {processor.py:208} INFO - Processing /home/mohammed/venv/lib/python3.11/site-packages/airflow/example_dags/example_dataset_alias.py took 0.192 seconds
[2025-05-28T18:11:27.652+0100] {processor.py:186} INFO - Started process (PID=4360) to work on /home/mohammed/venv/lib/python3.11/site-packages/airflow/example_dags/example_dataset_alias.py
[2025-05-28T18:11:27.654+0100] {processor.py:914} INFO - Processing file /home/mohammed/venv/lib/python3.11/site-packages/airflow/example_dags/example_dataset_alias.py for tasks to queue
[2025-05-28T18:11:27.657+0100] {logging_mixin.py:190} INFO - [2025-05-28T18:11:27.657+0100] {dagbag.py:588} INFO - Filling up the DagBag from /home/mohammed/venv/lib/python3.11/site-packages/airflow/example_dags/example_dataset_alias.py
[2025-05-28T18:11:27.709+0100] {processor.py:925} INFO - DAG(s) 'dataset_s3_bucket_consumer', 'dataset_alias_example_alias_consumer', 'dataset_alias_example_alias_producer', 'dataset_s3_bucket_producer' retrieved from /home/mohammed/venv/lib/python3.11/site-packages/airflow/example_dags/example_dataset_alias.py
[2025-05-28T18:11:27.737+0100] {logging_mixin.py:190} INFO - [2025-05-28T18:11:27.736+0100] {dag.py:3239} INFO - Sync 4 DAGs
[2025-05-28T18:11:27.767+0100] {logging_mixin.py:190} INFO - [2025-05-28T18:11:27.766+0100] {dag.py:4180} INFO - Setting next_dagrun for dataset_alias_example_alias_consumer to None, run_after=None
[2025-05-28T18:11:27.771+0100] {logging_mixin.py:190} INFO - [2025-05-28T18:11:27.771+0100] {dag.py:4180} INFO - Setting next_dagrun for dataset_alias_example_alias_producer to None, run_after=None
[2025-05-28T18:11:27.773+0100] {logging_mixin.py:190} INFO - [2025-05-28T18:11:27.773+0100] {dag.py:4180} INFO - Setting next_dagrun for dataset_s3_bucket_consumer to None, run_after=None
[2025-05-28T18:11:27.775+0100] {logging_mixin.py:190} INFO - [2025-05-28T18:11:27.774+0100] {dag.py:4180} INFO - Setting next_dagrun for dataset_s3_bucket_producer to None, run_after=None
[2025-05-28T18:11:27.805+0100] {processor.py:208} INFO - Processing /home/mohammed/venv/lib/python3.11/site-packages/airflow/example_dags/example_dataset_alias.py took 0.161 seconds
[2025-05-28T18:11:58.134+0100] {processor.py:186} INFO - Started process (PID=5162) to work on /home/mohammed/venv/lib/python3.11/site-packages/airflow/example_dags/example_dataset_alias.py
[2025-05-28T18:11:58.136+0100] {processor.py:914} INFO - Processing file /home/mohammed/venv/lib/python3.11/site-packages/airflow/example_dags/example_dataset_alias.py for tasks to queue
[2025-05-28T18:11:58.140+0100] {logging_mixin.py:190} INFO - [2025-05-28T18:11:58.139+0100] {dagbag.py:588} INFO - Filling up the DagBag from /home/mohammed/venv/lib/python3.11/site-packages/airflow/example_dags/example_dataset_alias.py
[2025-05-28T18:11:58.212+0100] {processor.py:925} INFO - DAG(s) 'dataset_s3_bucket_consumer', 'dataset_alias_example_alias_producer', 'dataset_alias_example_alias_consumer', 'dataset_s3_bucket_producer' retrieved from /home/mohammed/venv/lib/python3.11/site-packages/airflow/example_dags/example_dataset_alias.py
[2025-05-28T18:11:58.258+0100] {logging_mixin.py:190} INFO - [2025-05-28T18:11:58.258+0100] {dag.py:3239} INFO - Sync 4 DAGs
[2025-05-28T18:11:58.312+0100] {logging_mixin.py:190} INFO - [2025-05-28T18:11:58.311+0100] {dag.py:4180} INFO - Setting next_dagrun for dataset_alias_example_alias_consumer to None, run_after=None
[2025-05-28T18:11:58.317+0100] {logging_mixin.py:190} INFO - [2025-05-28T18:11:58.317+0100] {dag.py:4180} INFO - Setting next_dagrun for dataset_alias_example_alias_producer to None, run_after=None
[2025-05-28T18:11:58.319+0100] {logging_mixin.py:190} INFO - [2025-05-28T18:11:58.319+0100] {dag.py:4180} INFO - Setting next_dagrun for dataset_s3_bucket_consumer to None, run_after=None
[2025-05-28T18:11:58.322+0100] {logging_mixin.py:190} INFO - [2025-05-28T18:11:58.321+0100] {dag.py:4180} INFO - Setting next_dagrun for dataset_s3_bucket_producer to None, run_after=None
[2025-05-28T18:11:58.364+0100] {processor.py:208} INFO - Processing /home/mohammed/venv/lib/python3.11/site-packages/airflow/example_dags/example_dataset_alias.py took 0.243 seconds
[2025-05-28T18:12:28.619+0100] {processor.py:186} INFO - Started process (PID=5721) to work on /home/mohammed/venv/lib/python3.11/site-packages/airflow/example_dags/example_dataset_alias.py
[2025-05-28T18:12:28.622+0100] {processor.py:914} INFO - Processing file /home/mohammed/venv/lib/python3.11/site-packages/airflow/example_dags/example_dataset_alias.py for tasks to queue
[2025-05-28T18:12:28.626+0100] {logging_mixin.py:190} INFO - [2025-05-28T18:12:28.625+0100] {dagbag.py:588} INFO - Filling up the DagBag from /home/mohammed/venv/lib/python3.11/site-packages/airflow/example_dags/example_dataset_alias.py
[2025-05-28T18:12:28.700+0100] {processor.py:925} INFO - DAG(s) 'dataset_s3_bucket_consumer', 'dataset_alias_example_alias_consumer', 'dataset_s3_bucket_producer', 'dataset_alias_example_alias_producer' retrieved from /home/mohammed/venv/lib/python3.11/site-packages/airflow/example_dags/example_dataset_alias.py
[2025-05-28T18:12:28.748+0100] {logging_mixin.py:190} INFO - [2025-05-28T18:12:28.747+0100] {dag.py:3239} INFO - Sync 4 DAGs
[2025-05-28T18:12:28.803+0100] {logging_mixin.py:190} INFO - [2025-05-28T18:12:28.803+0100] {dag.py:4180} INFO - Setting next_dagrun for dataset_alias_example_alias_consumer to None, run_after=None
[2025-05-28T18:12:28.809+0100] {logging_mixin.py:190} INFO - [2025-05-28T18:12:28.808+0100] {dag.py:4180} INFO - Setting next_dagrun for dataset_alias_example_alias_producer to None, run_after=None
[2025-05-28T18:12:28.812+0100] {logging_mixin.py:190} INFO - [2025-05-28T18:12:28.811+0100] {dag.py:4180} INFO - Setting next_dagrun for dataset_s3_bucket_consumer to None, run_after=None
[2025-05-28T18:12:28.814+0100] {logging_mixin.py:190} INFO - [2025-05-28T18:12:28.814+0100] {dag.py:4180} INFO - Setting next_dagrun for dataset_s3_bucket_producer to None, run_after=None
[2025-05-28T18:12:28.858+0100] {processor.py:208} INFO - Processing /home/mohammed/venv/lib/python3.11/site-packages/airflow/example_dags/example_dataset_alias.py took 0.253 seconds
[2025-05-28T18:12:58.899+0100] {processor.py:186} INFO - Started process (PID=6501) to work on /home/mohammed/venv/lib/python3.11/site-packages/airflow/example_dags/example_dataset_alias.py
[2025-05-28T18:12:58.900+0100] {processor.py:914} INFO - Processing file /home/mohammed/venv/lib/python3.11/site-packages/airflow/example_dags/example_dataset_alias.py for tasks to queue
[2025-05-28T18:12:58.904+0100] {logging_mixin.py:190} INFO - [2025-05-28T18:12:58.903+0100] {dagbag.py:588} INFO - Filling up the DagBag from /home/mohammed/venv/lib/python3.11/site-packages/airflow/example_dags/example_dataset_alias.py
[2025-05-28T18:12:58.966+0100] {processor.py:925} INFO - DAG(s) 'dataset_alias_example_alias_producer', 'dataset_s3_bucket_producer', 'dataset_s3_bucket_consumer', 'dataset_alias_example_alias_consumer' retrieved from /home/mohammed/venv/lib/python3.11/site-packages/airflow/example_dags/example_dataset_alias.py
[2025-05-28T18:12:59.012+0100] {logging_mixin.py:190} INFO - [2025-05-28T18:12:59.012+0100] {dag.py:3239} INFO - Sync 4 DAGs
[2025-05-28T18:12:59.087+0100] {logging_mixin.py:190} INFO - [2025-05-28T18:12:59.086+0100] {dag.py:4180} INFO - Setting next_dagrun for dataset_alias_example_alias_consumer to None, run_after=None
[2025-05-28T18:12:59.093+0100] {logging_mixin.py:190} INFO - [2025-05-28T18:12:59.093+0100] {dag.py:4180} INFO - Setting next_dagrun for dataset_alias_example_alias_producer to None, run_after=None
[2025-05-28T18:12:59.096+0100] {logging_mixin.py:190} INFO - [2025-05-28T18:12:59.096+0100] {dag.py:4180} INFO - Setting next_dagrun for dataset_s3_bucket_consumer to None, run_after=None
[2025-05-28T18:12:59.098+0100] {logging_mixin.py:190} INFO - [2025-05-28T18:12:59.098+0100] {dag.py:4180} INFO - Setting next_dagrun for dataset_s3_bucket_producer to None, run_after=None
[2025-05-28T18:12:59.133+0100] {processor.py:208} INFO - Processing /home/mohammed/venv/lib/python3.11/site-packages/airflow/example_dags/example_dataset_alias.py took 0.242 seconds
[2025-05-28T18:13:29.490+0100] {processor.py:186} INFO - Started process (PID=7336) to work on /home/mohammed/venv/lib/python3.11/site-packages/airflow/example_dags/example_dataset_alias.py
[2025-05-28T18:13:29.492+0100] {processor.py:914} INFO - Processing file /home/mohammed/venv/lib/python3.11/site-packages/airflow/example_dags/example_dataset_alias.py for tasks to queue
[2025-05-28T18:13:29.495+0100] {logging_mixin.py:190} INFO - [2025-05-28T18:13:29.494+0100] {dagbag.py:588} INFO - Filling up the DagBag from /home/mohammed/venv/lib/python3.11/site-packages/airflow/example_dags/example_dataset_alias.py
[2025-05-28T18:13:29.544+0100] {processor.py:925} INFO - DAG(s) 'dataset_s3_bucket_producer', 'dataset_alias_example_alias_producer', 'dataset_s3_bucket_consumer', 'dataset_alias_example_alias_consumer' retrieved from /home/mohammed/venv/lib/python3.11/site-packages/airflow/example_dags/example_dataset_alias.py
[2025-05-28T18:13:29.573+0100] {logging_mixin.py:190} INFO - [2025-05-28T18:13:29.572+0100] {dag.py:3239} INFO - Sync 4 DAGs
[2025-05-28T18:13:29.604+0100] {logging_mixin.py:190} INFO - [2025-05-28T18:13:29.604+0100] {dag.py:4180} INFO - Setting next_dagrun for dataset_alias_example_alias_consumer to None, run_after=None
[2025-05-28T18:13:29.608+0100] {logging_mixin.py:190} INFO - [2025-05-28T18:13:29.608+0100] {dag.py:4180} INFO - Setting next_dagrun for dataset_alias_example_alias_producer to None, run_after=None
[2025-05-28T18:13:29.610+0100] {logging_mixin.py:190} INFO - [2025-05-28T18:13:29.610+0100] {dag.py:4180} INFO - Setting next_dagrun for dataset_s3_bucket_consumer to None, run_after=None
[2025-05-28T18:13:29.612+0100] {logging_mixin.py:190} INFO - [2025-05-28T18:13:29.612+0100] {dag.py:4180} INFO - Setting next_dagrun for dataset_s3_bucket_producer to None, run_after=None
[2025-05-28T18:13:29.649+0100] {processor.py:208} INFO - Processing /home/mohammed/venv/lib/python3.11/site-packages/airflow/example_dags/example_dataset_alias.py took 0.167 seconds
[2025-05-28T18:13:59.994+0100] {processor.py:186} INFO - Started process (PID=8111) to work on /home/mohammed/venv/lib/python3.11/site-packages/airflow/example_dags/example_dataset_alias.py
[2025-05-28T18:13:59.995+0100] {processor.py:914} INFO - Processing file /home/mohammed/venv/lib/python3.11/site-packages/airflow/example_dags/example_dataset_alias.py for tasks to queue
[2025-05-28T18:14:00.000+0100] {logging_mixin.py:190} INFO - [2025-05-28T18:13:59.999+0100] {dagbag.py:588} INFO - Filling up the DagBag from /home/mohammed/venv/lib/python3.11/site-packages/airflow/example_dags/example_dataset_alias.py
[2025-05-28T18:14:00.121+0100] {processor.py:925} INFO - DAG(s) 'dataset_alias_example_alias_producer', 'dataset_s3_bucket_consumer', 'dataset_s3_bucket_producer', 'dataset_alias_example_alias_consumer' retrieved from /home/mohammed/venv/lib/python3.11/site-packages/airflow/example_dags/example_dataset_alias.py
[2025-05-28T18:14:00.163+0100] {logging_mixin.py:190} INFO - [2025-05-28T18:14:00.163+0100] {dag.py:3239} INFO - Sync 4 DAGs
[2025-05-28T18:14:00.210+0100] {logging_mixin.py:190} INFO - [2025-05-28T18:14:00.210+0100] {dag.py:4180} INFO - Setting next_dagrun for dataset_alias_example_alias_consumer to None, run_after=None
[2025-05-28T18:14:00.216+0100] {logging_mixin.py:190} INFO - [2025-05-28T18:14:00.216+0100] {dag.py:4180} INFO - Setting next_dagrun for dataset_alias_example_alias_producer to None, run_after=None
[2025-05-28T18:14:00.219+0100] {logging_mixin.py:190} INFO - [2025-05-28T18:14:00.218+0100] {dag.py:4180} INFO - Setting next_dagrun for dataset_s3_bucket_consumer to None, run_after=None
[2025-05-28T18:14:00.221+0100] {logging_mixin.py:190} INFO - [2025-05-28T18:14:00.221+0100] {dag.py:4180} INFO - Setting next_dagrun for dataset_s3_bucket_producer to None, run_after=None
[2025-05-28T18:14:00.265+0100] {processor.py:208} INFO - Processing /home/mohammed/venv/lib/python3.11/site-packages/airflow/example_dags/example_dataset_alias.py took 0.285 seconds
[2025-05-28T18:14:30.418+0100] {processor.py:186} INFO - Started process (PID=8748) to work on /home/mohammed/venv/lib/python3.11/site-packages/airflow/example_dags/example_dataset_alias.py
[2025-05-28T18:14:30.421+0100] {processor.py:914} INFO - Processing file /home/mohammed/venv/lib/python3.11/site-packages/airflow/example_dags/example_dataset_alias.py for tasks to queue
[2025-05-28T18:14:30.431+0100] {logging_mixin.py:190} INFO - [2025-05-28T18:14:30.430+0100] {dagbag.py:588} INFO - Filling up the DagBag from /home/mohammed/venv/lib/python3.11/site-packages/airflow/example_dags/example_dataset_alias.py
[2025-05-28T18:14:30.508+0100] {processor.py:925} INFO - DAG(s) 'dataset_alias_example_alias_consumer', 'dataset_s3_bucket_consumer', 'dataset_alias_example_alias_producer', 'dataset_s3_bucket_producer' retrieved from /home/mohammed/venv/lib/python3.11/site-packages/airflow/example_dags/example_dataset_alias.py
[2025-05-28T18:14:30.547+0100] {logging_mixin.py:190} INFO - [2025-05-28T18:14:30.546+0100] {dag.py:3239} INFO - Sync 4 DAGs
[2025-05-28T18:14:30.586+0100] {logging_mixin.py:190} INFO - [2025-05-28T18:14:30.585+0100] {dag.py:4180} INFO - Setting next_dagrun for dataset_alias_example_alias_consumer to None, run_after=None
[2025-05-28T18:14:30.592+0100] {logging_mixin.py:190} INFO - [2025-05-28T18:14:30.592+0100] {dag.py:4180} INFO - Setting next_dagrun for dataset_alias_example_alias_producer to None, run_after=None
[2025-05-28T18:14:30.594+0100] {logging_mixin.py:190} INFO - [2025-05-28T18:14:30.594+0100] {dag.py:4180} INFO - Setting next_dagrun for dataset_s3_bucket_consumer to None, run_after=None
[2025-05-28T18:14:30.597+0100] {logging_mixin.py:190} INFO - [2025-05-28T18:14:30.596+0100] {dag.py:4180} INFO - Setting next_dagrun for dataset_s3_bucket_producer to None, run_after=None
[2025-05-28T18:14:30.634+0100] {processor.py:208} INFO - Processing /home/mohammed/venv/lib/python3.11/site-packages/airflow/example_dags/example_dataset_alias.py took 0.229 seconds
[2025-05-28T18:15:05.946+0100] {processor.py:186} INFO - Started process (PID=9516) to work on /home/mohammed/venv/lib/python3.11/site-packages/airflow/example_dags/example_dataset_alias.py
[2025-05-28T18:15:05.950+0100] {processor.py:914} INFO - Processing file /home/mohammed/venv/lib/python3.11/site-packages/airflow/example_dags/example_dataset_alias.py for tasks to queue
[2025-05-28T18:15:05.955+0100] {logging_mixin.py:190} INFO - [2025-05-28T18:15:05.954+0100] {dagbag.py:588} INFO - Filling up the DagBag from /home/mohammed/venv/lib/python3.11/site-packages/airflow/example_dags/example_dataset_alias.py
[2025-05-28T18:15:06.449+0100] {processor.py:925} INFO - DAG(s) 'dataset_s3_bucket_producer', 'dataset_s3_bucket_consumer', 'dataset_alias_example_alias_producer', 'dataset_alias_example_alias_consumer' retrieved from /home/mohammed/venv/lib/python3.11/site-packages/airflow/example_dags/example_dataset_alias.py
[2025-05-28T18:15:06.638+0100] {logging_mixin.py:190} INFO - [2025-05-28T18:15:06.638+0100] {dag.py:3239} INFO - Sync 4 DAGs
[2025-05-28T18:15:06.845+0100] {logging_mixin.py:190} INFO - [2025-05-28T18:15:06.844+0100] {dag.py:4180} INFO - Setting next_dagrun for dataset_alias_example_alias_consumer to None, run_after=None
[2025-05-28T18:15:06.880+0100] {logging_mixin.py:190} INFO - [2025-05-28T18:15:06.879+0100] {dag.py:4180} INFO - Setting next_dagrun for dataset_alias_example_alias_producer to None, run_after=None
[2025-05-28T18:15:06.884+0100] {logging_mixin.py:190} INFO - [2025-05-28T18:15:06.884+0100] {dag.py:4180} INFO - Setting next_dagrun for dataset_s3_bucket_consumer to None, run_after=None
[2025-05-28T18:15:06.888+0100] {logging_mixin.py:190} INFO - [2025-05-28T18:15:06.888+0100] {dag.py:4180} INFO - Setting next_dagrun for dataset_s3_bucket_producer to None, run_after=None
[2025-05-28T18:15:07.035+0100] {processor.py:208} INFO - Processing /home/mohammed/venv/lib/python3.11/site-packages/airflow/example_dags/example_dataset_alias.py took 1.128 seconds
[2025-05-28T18:15:37.256+0100] {processor.py:186} INFO - Started process (PID=10394) to work on /home/mohammed/venv/lib/python3.11/site-packages/airflow/example_dags/example_dataset_alias.py
[2025-05-28T18:15:37.258+0100] {processor.py:914} INFO - Processing file /home/mohammed/venv/lib/python3.11/site-packages/airflow/example_dags/example_dataset_alias.py for tasks to queue
[2025-05-28T18:15:37.260+0100] {logging_mixin.py:190} INFO - [2025-05-28T18:15:37.259+0100] {dagbag.py:588} INFO - Filling up the DagBag from /home/mohammed/venv/lib/python3.11/site-packages/airflow/example_dags/example_dataset_alias.py
[2025-05-28T18:15:37.308+0100] {processor.py:925} INFO - DAG(s) 'dataset_alias_example_alias_producer', 'dataset_s3_bucket_consumer', 'dataset_alias_example_alias_consumer', 'dataset_s3_bucket_producer' retrieved from /home/mohammed/venv/lib/python3.11/site-packages/airflow/example_dags/example_dataset_alias.py
[2025-05-28T18:15:37.335+0100] {logging_mixin.py:190} INFO - [2025-05-28T18:15:37.335+0100] {dag.py:3239} INFO - Sync 4 DAGs
[2025-05-28T18:15:37.360+0100] {logging_mixin.py:190} INFO - [2025-05-28T18:15:37.360+0100] {dag.py:4180} INFO - Setting next_dagrun for dataset_alias_example_alias_consumer to None, run_after=None
[2025-05-28T18:15:37.363+0100] {logging_mixin.py:190} INFO - [2025-05-28T18:15:37.363+0100] {dag.py:4180} INFO - Setting next_dagrun for dataset_alias_example_alias_producer to None, run_after=None
[2025-05-28T18:15:37.365+0100] {logging_mixin.py:190} INFO - [2025-05-28T18:15:37.365+0100] {dag.py:4180} INFO - Setting next_dagrun for dataset_s3_bucket_consumer to None, run_after=None
[2025-05-28T18:15:37.367+0100] {logging_mixin.py:190} INFO - [2025-05-28T18:15:37.367+0100] {dag.py:4180} INFO - Setting next_dagrun for dataset_s3_bucket_producer to None, run_after=None
[2025-05-28T18:15:37.398+0100] {processor.py:208} INFO - Processing /home/mohammed/venv/lib/python3.11/site-packages/airflow/example_dags/example_dataset_alias.py took 0.151 seconds
[2025-05-28T18:16:07.466+0100] {processor.py:186} INFO - Started process (PID=10891) to work on /home/mohammed/venv/lib/python3.11/site-packages/airflow/example_dags/example_dataset_alias.py
[2025-05-28T18:16:07.467+0100] {processor.py:914} INFO - Processing file /home/mohammed/venv/lib/python3.11/site-packages/airflow/example_dags/example_dataset_alias.py for tasks to queue
[2025-05-28T18:16:07.469+0100] {logging_mixin.py:190} INFO - [2025-05-28T18:16:07.469+0100] {dagbag.py:588} INFO - Filling up the DagBag from /home/mohammed/venv/lib/python3.11/site-packages/airflow/example_dags/example_dataset_alias.py
[2025-05-28T18:16:07.516+0100] {processor.py:925} INFO - DAG(s) 'dataset_alias_example_alias_consumer', 'dataset_alias_example_alias_producer', 'dataset_s3_bucket_producer', 'dataset_s3_bucket_consumer' retrieved from /home/mohammed/venv/lib/python3.11/site-packages/airflow/example_dags/example_dataset_alias.py
[2025-05-28T18:16:07.541+0100] {logging_mixin.py:190} INFO - [2025-05-28T18:16:07.541+0100] {dag.py:3239} INFO - Sync 4 DAGs
[2025-05-28T18:16:07.568+0100] {logging_mixin.py:190} INFO - [2025-05-28T18:16:07.568+0100] {dag.py:4180} INFO - Setting next_dagrun for dataset_alias_example_alias_consumer to None, run_after=None
[2025-05-28T18:16:07.571+0100] {logging_mixin.py:190} INFO - [2025-05-28T18:16:07.571+0100] {dag.py:4180} INFO - Setting next_dagrun for dataset_alias_example_alias_producer to None, run_after=None
[2025-05-28T18:16:07.573+0100] {logging_mixin.py:190} INFO - [2025-05-28T18:16:07.572+0100] {dag.py:4180} INFO - Setting next_dagrun for dataset_s3_bucket_consumer to None, run_after=None
[2025-05-28T18:16:07.574+0100] {logging_mixin.py:190} INFO - [2025-05-28T18:16:07.574+0100] {dag.py:4180} INFO - Setting next_dagrun for dataset_s3_bucket_producer to None, run_after=None
[2025-05-28T18:16:07.606+0100] {processor.py:208} INFO - Processing /home/mohammed/venv/lib/python3.11/site-packages/airflow/example_dags/example_dataset_alias.py took 0.148 seconds
[2025-05-28T18:16:38.231+0100] {processor.py:186} INFO - Started process (PID=11517) to work on /home/mohammed/venv/lib/python3.11/site-packages/airflow/example_dags/example_dataset_alias.py
[2025-05-28T18:16:38.236+0100] {processor.py:914} INFO - Processing file /home/mohammed/venv/lib/python3.11/site-packages/airflow/example_dags/example_dataset_alias.py for tasks to queue
[2025-05-28T18:16:38.245+0100] {logging_mixin.py:190} INFO - [2025-05-28T18:16:38.244+0100] {dagbag.py:588} INFO - Filling up the DagBag from /home/mohammed/venv/lib/python3.11/site-packages/airflow/example_dags/example_dataset_alias.py
[2025-05-28T18:16:38.331+0100] {processor.py:925} INFO - DAG(s) 'dataset_alias_example_alias_producer', 'dataset_alias_example_alias_consumer', 'dataset_s3_bucket_consumer', 'dataset_s3_bucket_producer' retrieved from /home/mohammed/venv/lib/python3.11/site-packages/airflow/example_dags/example_dataset_alias.py
[2025-05-28T18:16:38.371+0100] {logging_mixin.py:190} INFO - [2025-05-28T18:16:38.371+0100] {dag.py:3239} INFO - Sync 4 DAGs
[2025-05-28T18:16:38.405+0100] {logging_mixin.py:190} INFO - [2025-05-28T18:16:38.404+0100] {dag.py:4180} INFO - Setting next_dagrun for dataset_alias_example_alias_consumer to None, run_after=None
[2025-05-28T18:16:38.410+0100] {logging_mixin.py:190} INFO - [2025-05-28T18:16:38.410+0100] {dag.py:4180} INFO - Setting next_dagrun for dataset_alias_example_alias_producer to None, run_after=None
[2025-05-28T18:16:38.412+0100] {logging_mixin.py:190} INFO - [2025-05-28T18:16:38.412+0100] {dag.py:4180} INFO - Setting next_dagrun for dataset_s3_bucket_consumer to None, run_after=None
[2025-05-28T18:16:38.414+0100] {logging_mixin.py:190} INFO - [2025-05-28T18:16:38.414+0100] {dag.py:4180} INFO - Setting next_dagrun for dataset_s3_bucket_producer to None, run_after=None
[2025-05-28T18:16:38.454+0100] {processor.py:208} INFO - Processing /home/mohammed/venv/lib/python3.11/site-packages/airflow/example_dags/example_dataset_alias.py took 0.255 seconds
[2025-05-28T18:17:08.571+0100] {processor.py:186} INFO - Started process (PID=12128) to work on /home/mohammed/venv/lib/python3.11/site-packages/airflow/example_dags/example_dataset_alias.py
[2025-05-28T18:17:08.572+0100] {processor.py:914} INFO - Processing file /home/mohammed/venv/lib/python3.11/site-packages/airflow/example_dags/example_dataset_alias.py for tasks to queue
[2025-05-28T18:17:08.578+0100] {logging_mixin.py:190} INFO - [2025-05-28T18:17:08.577+0100] {dagbag.py:588} INFO - Filling up the DagBag from /home/mohammed/venv/lib/python3.11/site-packages/airflow/example_dags/example_dataset_alias.py
[2025-05-28T18:17:08.650+0100] {processor.py:925} INFO - DAG(s) 'dataset_s3_bucket_consumer', 'dataset_alias_example_alias_consumer', 'dataset_s3_bucket_producer', 'dataset_alias_example_alias_producer' retrieved from /home/mohammed/venv/lib/python3.11/site-packages/airflow/example_dags/example_dataset_alias.py
[2025-05-28T18:17:08.695+0100] {logging_mixin.py:190} INFO - [2025-05-28T18:17:08.694+0100] {dag.py:3239} INFO - Sync 4 DAGs
[2025-05-28T18:17:08.744+0100] {logging_mixin.py:190} INFO - [2025-05-28T18:17:08.743+0100] {dag.py:4180} INFO - Setting next_dagrun for dataset_alias_example_alias_consumer to None, run_after=None
[2025-05-28T18:17:08.751+0100] {logging_mixin.py:190} INFO - [2025-05-28T18:17:08.750+0100] {dag.py:4180} INFO - Setting next_dagrun for dataset_alias_example_alias_producer to None, run_after=None
[2025-05-28T18:17:08.754+0100] {logging_mixin.py:190} INFO - [2025-05-28T18:17:08.753+0100] {dag.py:4180} INFO - Setting next_dagrun for dataset_s3_bucket_consumer to None, run_after=None
[2025-05-28T18:17:08.756+0100] {logging_mixin.py:190} INFO - [2025-05-28T18:17:08.756+0100] {dag.py:4180} INFO - Setting next_dagrun for dataset_s3_bucket_producer to None, run_after=None
[2025-05-28T18:17:08.806+0100] {processor.py:208} INFO - Processing /home/mohammed/venv/lib/python3.11/site-packages/airflow/example_dags/example_dataset_alias.py took 0.247 seconds
