[2025-05-28T18:09:19.087+0100] {processor.py:186} INFO - Started process (PID=1296) to work on /home/mohammed/venv/lib/python3.11/site-packages/airflow/example_dags/example_time_delta_sensor_async.py
[2025-05-28T18:09:19.090+0100] {processor.py:914} INFO - Processing file /home/mohammed/venv/lib/python3.11/site-packages/airflow/example_dags/example_time_delta_sensor_async.py for tasks to queue
[2025-05-28T18:09:19.095+0100] {logging_mixin.py:190} INFO - [2025-05-28T18:09:19.094+0100] {dagbag.py:588} INFO - Filling up the DagBag from /home/mohammed/venv/lib/python3.11/site-packages/airflow/example_dags/example_time_delta_sensor_async.py
[2025-05-28T18:09:19.109+0100] {processor.py:925} INFO - DAG(s) 'example_time_delta_sensor_async' retrieved from /home/mohammed/venv/lib/python3.11/site-packages/airflow/example_dags/example_time_delta_sensor_async.py
[2025-05-28T18:09:19.197+0100] {logging_mixin.py:190} INFO - [2025-05-28T18:09:19.197+0100] {dag.py:3239} INFO - Sync 1 DAGs
[2025-05-28T18:09:19.229+0100] {logging_mixin.py:190} INFO - [2025-05-28T18:09:19.229+0100] {dag.py:4180} INFO - Setting next_dagrun for example_time_delta_sensor_async to None, run_after=None
[2025-05-28T18:09:19.324+0100] {processor.py:208} INFO - Processing /home/mohammed/venv/lib/python3.11/site-packages/airflow/example_dags/example_time_delta_sensor_async.py took 0.252 seconds
[2025-05-28T18:09:56.979+0100] {processor.py:186} INFO - Started process (PID=2287) to work on /home/mohammed/venv/lib/python3.11/site-packages/airflow/example_dags/example_time_delta_sensor_async.py
[2025-05-28T18:09:56.988+0100] {processor.py:914} INFO - Processing file /home/mohammed/venv/lib/python3.11/site-packages/airflow/example_dags/example_time_delta_sensor_async.py for tasks to queue
[2025-05-28T18:09:56.994+0100] {logging_mixin.py:190} INFO - [2025-05-28T18:09:56.994+0100] {dagbag.py:588} INFO - Filling up the DagBag from /home/mohammed/venv/lib/python3.11/site-packages/airflow/example_dags/example_time_delta_sensor_async.py
[2025-05-28T18:09:57.019+0100] {processor.py:925} INFO - DAG(s) 'example_time_delta_sensor_async' retrieved from /home/mohammed/venv/lib/python3.11/site-packages/airflow/example_dags/example_time_delta_sensor_async.py
[2025-05-28T18:09:57.107+0100] {logging_mixin.py:190} INFO - [2025-05-28T18:09:57.105+0100] {dag.py:3239} INFO - Sync 1 DAGs
[2025-05-28T18:09:57.189+0100] {logging_mixin.py:190} INFO - [2025-05-28T18:09:57.188+0100] {dag.py:4180} INFO - Setting next_dagrun for example_time_delta_sensor_async to None, run_after=None
[2025-05-28T18:09:57.285+0100] {processor.py:208} INFO - Processing /home/mohammed/venv/lib/python3.11/site-packages/airflow/example_dags/example_time_delta_sensor_async.py took 0.326 seconds
[2025-05-28T18:10:28.079+0100] {processor.py:186} INFO - Started process (PID=2841) to work on /home/mohammed/venv/lib/python3.11/site-packages/airflow/example_dags/example_time_delta_sensor_async.py
[2025-05-28T18:10:28.082+0100] {processor.py:914} INFO - Processing file /home/mohammed/venv/lib/python3.11/site-packages/airflow/example_dags/example_time_delta_sensor_async.py for tasks to queue
[2025-05-28T18:10:28.087+0100] {logging_mixin.py:190} INFO - [2025-05-28T18:10:28.086+0100] {dagbag.py:588} INFO - Filling up the DagBag from /home/mohammed/venv/lib/python3.11/site-packages/airflow/example_dags/example_time_delta_sensor_async.py
[2025-05-28T18:10:28.111+0100] {processor.py:925} INFO - DAG(s) 'example_time_delta_sensor_async' retrieved from /home/mohammed/venv/lib/python3.11/site-packages/airflow/example_dags/example_time_delta_sensor_async.py
[2025-05-28T18:10:28.171+0100] {logging_mixin.py:190} INFO - [2025-05-28T18:10:28.171+0100] {dag.py:3239} INFO - Sync 1 DAGs
[2025-05-28T18:10:28.193+0100] {logging_mixin.py:190} INFO - [2025-05-28T18:10:28.192+0100] {dag.py:4180} INFO - Setting next_dagrun for example_time_delta_sensor_async to None, run_after=None
[2025-05-28T18:10:28.290+0100] {processor.py:208} INFO - Processing /home/mohammed/venv/lib/python3.11/site-packages/airflow/example_dags/example_time_delta_sensor_async.py took 0.253 seconds
[2025-05-28T18:10:58.525+0100] {processor.py:186} INFO - Started process (PID=3643) to work on /home/mohammed/venv/lib/python3.11/site-packages/airflow/example_dags/example_time_delta_sensor_async.py
[2025-05-28T18:10:58.528+0100] {processor.py:914} INFO - Processing file /home/mohammed/venv/lib/python3.11/site-packages/airflow/example_dags/example_time_delta_sensor_async.py for tasks to queue
[2025-05-28T18:10:58.535+0100] {logging_mixin.py:190} INFO - [2025-05-28T18:10:58.535+0100] {dagbag.py:588} INFO - Filling up the DagBag from /home/mohammed/venv/lib/python3.11/site-packages/airflow/example_dags/example_time_delta_sensor_async.py
[2025-05-28T18:10:58.574+0100] {processor.py:925} INFO - DAG(s) 'example_time_delta_sensor_async' retrieved from /home/mohammed/venv/lib/python3.11/site-packages/airflow/example_dags/example_time_delta_sensor_async.py
[2025-05-28T18:10:58.675+0100] {logging_mixin.py:190} INFO - [2025-05-28T18:10:58.674+0100] {dag.py:3239} INFO - Sync 1 DAGs
[2025-05-28T18:10:58.731+0100] {logging_mixin.py:190} INFO - [2025-05-28T18:10:58.731+0100] {dag.py:4180} INFO - Setting next_dagrun for example_time_delta_sensor_async to None, run_after=None
[2025-05-28T18:10:58.788+0100] {processor.py:208} INFO - Processing /home/mohammed/venv/lib/python3.11/site-packages/airflow/example_dags/example_time_delta_sensor_async.py took 0.277 seconds
[2025-05-28T18:11:29.012+0100] {processor.py:186} INFO - Started process (PID=4402) to work on /home/mohammed/venv/lib/python3.11/site-packages/airflow/example_dags/example_time_delta_sensor_async.py
[2025-05-28T18:11:29.013+0100] {processor.py:914} INFO - Processing file /home/mohammed/venv/lib/python3.11/site-packages/airflow/example_dags/example_time_delta_sensor_async.py for tasks to queue
[2025-05-28T18:11:29.016+0100] {logging_mixin.py:190} INFO - [2025-05-28T18:11:29.016+0100] {dagbag.py:588} INFO - Filling up the DagBag from /home/mohammed/venv/lib/python3.11/site-packages/airflow/example_dags/example_time_delta_sensor_async.py
[2025-05-28T18:11:29.026+0100] {processor.py:925} INFO - DAG(s) 'example_time_delta_sensor_async' retrieved from /home/mohammed/venv/lib/python3.11/site-packages/airflow/example_dags/example_time_delta_sensor_async.py
[2025-05-28T18:11:29.063+0100] {logging_mixin.py:190} INFO - [2025-05-28T18:11:29.062+0100] {dag.py:3239} INFO - Sync 1 DAGs
[2025-05-28T18:11:29.082+0100] {logging_mixin.py:190} INFO - [2025-05-28T18:11:29.082+0100] {dag.py:4180} INFO - Setting next_dagrun for example_time_delta_sensor_async to None, run_after=None
[2025-05-28T18:11:29.110+0100] {processor.py:208} INFO - Processing /home/mohammed/venv/lib/python3.11/site-packages/airflow/example_dags/example_time_delta_sensor_async.py took 0.105 seconds
[2025-05-28T18:11:59.605+0100] {processor.py:186} INFO - Started process (PID=5199) to work on /home/mohammed/venv/lib/python3.11/site-packages/airflow/example_dags/example_time_delta_sensor_async.py
[2025-05-28T18:11:59.606+0100] {processor.py:914} INFO - Processing file /home/mohammed/venv/lib/python3.11/site-packages/airflow/example_dags/example_time_delta_sensor_async.py for tasks to queue
[2025-05-28T18:11:59.608+0100] {logging_mixin.py:190} INFO - [2025-05-28T18:11:59.608+0100] {dagbag.py:588} INFO - Filling up the DagBag from /home/mohammed/venv/lib/python3.11/site-packages/airflow/example_dags/example_time_delta_sensor_async.py
[2025-05-28T18:11:59.616+0100] {processor.py:925} INFO - DAG(s) 'example_time_delta_sensor_async' retrieved from /home/mohammed/venv/lib/python3.11/site-packages/airflow/example_dags/example_time_delta_sensor_async.py
[2025-05-28T18:11:59.645+0100] {logging_mixin.py:190} INFO - [2025-05-28T18:11:59.645+0100] {dag.py:3239} INFO - Sync 1 DAGs
[2025-05-28T18:11:59.662+0100] {logging_mixin.py:190} INFO - [2025-05-28T18:11:59.662+0100] {dag.py:4180} INFO - Setting next_dagrun for example_time_delta_sensor_async to None, run_after=None
[2025-05-28T18:11:59.690+0100] {processor.py:208} INFO - Processing /home/mohammed/venv/lib/python3.11/site-packages/airflow/example_dags/example_time_delta_sensor_async.py took 0.092 seconds
[2025-05-28T18:12:30.095+0100] {processor.py:186} INFO - Started process (PID=5850) to work on /home/mohammed/venv/lib/python3.11/site-packages/airflow/example_dags/example_time_delta_sensor_async.py
[2025-05-28T18:12:30.097+0100] {processor.py:914} INFO - Processing file /home/mohammed/venv/lib/python3.11/site-packages/airflow/example_dags/example_time_delta_sensor_async.py for tasks to queue
[2025-05-28T18:12:30.103+0100] {logging_mixin.py:190} INFO - [2025-05-28T18:12:30.102+0100] {dagbag.py:588} INFO - Filling up the DagBag from /home/mohammed/venv/lib/python3.11/site-packages/airflow/example_dags/example_time_delta_sensor_async.py
[2025-05-28T18:12:30.126+0100] {processor.py:925} INFO - DAG(s) 'example_time_delta_sensor_async' retrieved from /home/mohammed/venv/lib/python3.11/site-packages/airflow/example_dags/example_time_delta_sensor_async.py
[2025-05-28T18:12:30.212+0100] {logging_mixin.py:190} INFO - [2025-05-28T18:12:30.212+0100] {dag.py:3239} INFO - Sync 1 DAGs
[2025-05-28T18:12:30.258+0100] {logging_mixin.py:190} INFO - [2025-05-28T18:12:30.257+0100] {dag.py:4180} INFO - Setting next_dagrun for example_time_delta_sensor_async to None, run_after=None
[2025-05-28T18:12:30.333+0100] {processor.py:208} INFO - Processing /home/mohammed/venv/lib/python3.11/site-packages/airflow/example_dags/example_time_delta_sensor_async.py took 0.253 seconds
[2025-05-28T18:13:01.130+0100] {processor.py:186} INFO - Started process (PID=6530) to work on /home/mohammed/venv/lib/python3.11/site-packages/airflow/example_dags/example_time_delta_sensor_async.py
[2025-05-28T18:13:01.131+0100] {processor.py:914} INFO - Processing file /home/mohammed/venv/lib/python3.11/site-packages/airflow/example_dags/example_time_delta_sensor_async.py for tasks to queue
[2025-05-28T18:13:01.134+0100] {logging_mixin.py:190} INFO - [2025-05-28T18:13:01.134+0100] {dagbag.py:588} INFO - Filling up the DagBag from /home/mohammed/venv/lib/python3.11/site-packages/airflow/example_dags/example_time_delta_sensor_async.py
[2025-05-28T18:13:01.145+0100] {processor.py:925} INFO - DAG(s) 'example_time_delta_sensor_async' retrieved from /home/mohammed/venv/lib/python3.11/site-packages/airflow/example_dags/example_time_delta_sensor_async.py
[2025-05-28T18:13:01.188+0100] {logging_mixin.py:190} INFO - [2025-05-28T18:13:01.188+0100] {dag.py:3239} INFO - Sync 1 DAGs
[2025-05-28T18:13:01.214+0100] {logging_mixin.py:190} INFO - [2025-05-28T18:13:01.213+0100] {dag.py:4180} INFO - Setting next_dagrun for example_time_delta_sensor_async to None, run_after=None
[2025-05-28T18:13:01.246+0100] {processor.py:208} INFO - Processing /home/mohammed/venv/lib/python3.11/site-packages/airflow/example_dags/example_time_delta_sensor_async.py took 0.125 seconds
[2025-05-28T18:13:31.885+0100] {processor.py:186} INFO - Started process (PID=7383) to work on /home/mohammed/venv/lib/python3.11/site-packages/airflow/example_dags/example_time_delta_sensor_async.py
[2025-05-28T18:13:31.886+0100] {processor.py:914} INFO - Processing file /home/mohammed/venv/lib/python3.11/site-packages/airflow/example_dags/example_time_delta_sensor_async.py for tasks to queue
[2025-05-28T18:13:31.890+0100] {logging_mixin.py:190} INFO - [2025-05-28T18:13:31.889+0100] {dagbag.py:588} INFO - Filling up the DagBag from /home/mohammed/venv/lib/python3.11/site-packages/airflow/example_dags/example_time_delta_sensor_async.py
[2025-05-28T18:13:31.899+0100] {processor.py:925} INFO - DAG(s) 'example_time_delta_sensor_async' retrieved from /home/mohammed/venv/lib/python3.11/site-packages/airflow/example_dags/example_time_delta_sensor_async.py
[2025-05-28T18:13:31.946+0100] {logging_mixin.py:190} INFO - [2025-05-28T18:13:31.946+0100] {dag.py:3239} INFO - Sync 1 DAGs
[2025-05-28T18:13:31.972+0100] {logging_mixin.py:190} INFO - [2025-05-28T18:13:31.971+0100] {dag.py:4180} INFO - Setting next_dagrun for example_time_delta_sensor_async to None, run_after=None
[2025-05-28T18:13:32.017+0100] {processor.py:208} INFO - Processing /home/mohammed/venv/lib/python3.11/site-packages/airflow/example_dags/example_time_delta_sensor_async.py took 0.145 seconds
[2025-05-28T18:14:02.507+0100] {processor.py:186} INFO - Started process (PID=8142) to work on /home/mohammed/venv/lib/python3.11/site-packages/airflow/example_dags/example_time_delta_sensor_async.py
[2025-05-28T18:14:02.509+0100] {processor.py:914} INFO - Processing file /home/mohammed/venv/lib/python3.11/site-packages/airflow/example_dags/example_time_delta_sensor_async.py for tasks to queue
[2025-05-28T18:14:02.514+0100] {logging_mixin.py:190} INFO - [2025-05-28T18:14:02.513+0100] {dagbag.py:588} INFO - Filling up the DagBag from /home/mohammed/venv/lib/python3.11/site-packages/airflow/example_dags/example_time_delta_sensor_async.py
[2025-05-28T18:14:02.534+0100] {processor.py:925} INFO - DAG(s) 'example_time_delta_sensor_async' retrieved from /home/mohammed/venv/lib/python3.11/site-packages/airflow/example_dags/example_time_delta_sensor_async.py
[2025-05-28T18:14:02.590+0100] {logging_mixin.py:190} INFO - [2025-05-28T18:14:02.590+0100] {dag.py:3239} INFO - Sync 1 DAGs
[2025-05-28T18:14:02.617+0100] {logging_mixin.py:190} INFO - [2025-05-28T18:14:02.617+0100] {dag.py:4180} INFO - Setting next_dagrun for example_time_delta_sensor_async to None, run_after=None
[2025-05-28T18:14:02.657+0100] {processor.py:208} INFO - Processing /home/mohammed/venv/lib/python3.11/site-packages/airflow/example_dags/example_time_delta_sensor_async.py took 0.161 seconds
[2025-05-28T18:14:32.847+0100] {processor.py:186} INFO - Started process (PID=8790) to work on /home/mohammed/venv/lib/python3.11/site-packages/airflow/example_dags/example_time_delta_sensor_async.py
[2025-05-28T18:14:32.848+0100] {processor.py:914} INFO - Processing file /home/mohammed/venv/lib/python3.11/site-packages/airflow/example_dags/example_time_delta_sensor_async.py for tasks to queue
[2025-05-28T18:14:32.851+0100] {logging_mixin.py:190} INFO - [2025-05-28T18:14:32.851+0100] {dagbag.py:588} INFO - Filling up the DagBag from /home/mohammed/venv/lib/python3.11/site-packages/airflow/example_dags/example_time_delta_sensor_async.py
[2025-05-28T18:14:32.868+0100] {processor.py:925} INFO - DAG(s) 'example_time_delta_sensor_async' retrieved from /home/mohammed/venv/lib/python3.11/site-packages/airflow/example_dags/example_time_delta_sensor_async.py
[2025-05-28T18:14:32.925+0100] {logging_mixin.py:190} INFO - [2025-05-28T18:14:32.925+0100] {dag.py:3239} INFO - Sync 1 DAGs
[2025-05-28T18:14:32.951+0100] {logging_mixin.py:190} INFO - [2025-05-28T18:14:32.950+0100] {dag.py:4180} INFO - Setting next_dagrun for example_time_delta_sensor_async to None, run_after=None
[2025-05-28T18:14:32.988+0100] {processor.py:208} INFO - Processing /home/mohammed/venv/lib/python3.11/site-packages/airflow/example_dags/example_time_delta_sensor_async.py took 0.154 seconds
[2025-05-28T18:15:08.436+0100] {processor.py:186} INFO - Started process (PID=9570) to work on /home/mohammed/venv/lib/python3.11/site-packages/airflow/example_dags/example_time_delta_sensor_async.py
[2025-05-28T18:15:08.461+0100] {processor.py:914} INFO - Processing file /home/mohammed/venv/lib/python3.11/site-packages/airflow/example_dags/example_time_delta_sensor_async.py for tasks to queue
[2025-05-28T18:15:08.469+0100] {logging_mixin.py:190} INFO - [2025-05-28T18:15:08.467+0100] {dagbag.py:588} INFO - Filling up the DagBag from /home/mohammed/venv/lib/python3.11/site-packages/airflow/example_dags/example_time_delta_sensor_async.py
[2025-05-28T18:15:08.644+0100] {processor.py:925} INFO - DAG(s) 'example_time_delta_sensor_async' retrieved from /home/mohammed/venv/lib/python3.11/site-packages/airflow/example_dags/example_time_delta_sensor_async.py
[2025-05-28T18:15:08.829+0100] {logging_mixin.py:190} INFO - [2025-05-28T18:15:08.828+0100] {dag.py:3239} INFO - Sync 1 DAGs
[2025-05-28T18:15:08.882+0100] {logging_mixin.py:190} INFO - [2025-05-28T18:15:08.882+0100] {dag.py:4180} INFO - Setting next_dagrun for example_time_delta_sensor_async to None, run_after=None
[2025-05-28T18:15:09.009+0100] {processor.py:208} INFO - Processing /home/mohammed/venv/lib/python3.11/site-packages/airflow/example_dags/example_time_delta_sensor_async.py took 0.609 seconds
[2025-05-28T18:15:39.496+0100] {processor.py:186} INFO - Started process (PID=10429) to work on /home/mohammed/venv/lib/python3.11/site-packages/airflow/example_dags/example_time_delta_sensor_async.py
[2025-05-28T18:15:39.498+0100] {processor.py:914} INFO - Processing file /home/mohammed/venv/lib/python3.11/site-packages/airflow/example_dags/example_time_delta_sensor_async.py for tasks to queue
[2025-05-28T18:15:39.501+0100] {logging_mixin.py:190} INFO - [2025-05-28T18:15:39.500+0100] {dagbag.py:588} INFO - Filling up the DagBag from /home/mohammed/venv/lib/python3.11/site-packages/airflow/example_dags/example_time_delta_sensor_async.py
[2025-05-28T18:15:39.511+0100] {processor.py:925} INFO - DAG(s) 'example_time_delta_sensor_async' retrieved from /home/mohammed/venv/lib/python3.11/site-packages/airflow/example_dags/example_time_delta_sensor_async.py
[2025-05-28T18:15:39.545+0100] {logging_mixin.py:190} INFO - [2025-05-28T18:15:39.544+0100] {dag.py:3239} INFO - Sync 1 DAGs
[2025-05-28T18:15:39.561+0100] {logging_mixin.py:190} INFO - [2025-05-28T18:15:39.561+0100] {dag.py:4180} INFO - Setting next_dagrun for example_time_delta_sensor_async to None, run_after=None
[2025-05-28T18:15:39.587+0100] {processor.py:208} INFO - Processing /home/mohammed/venv/lib/python3.11/site-packages/airflow/example_dags/example_time_delta_sensor_async.py took 0.099 seconds
[2025-05-28T18:16:09.679+0100] {processor.py:186} INFO - Started process (PID=10912) to work on /home/mohammed/venv/lib/python3.11/site-packages/airflow/example_dags/example_time_delta_sensor_async.py
[2025-05-28T18:16:09.680+0100] {processor.py:914} INFO - Processing file /home/mohammed/venv/lib/python3.11/site-packages/airflow/example_dags/example_time_delta_sensor_async.py for tasks to queue
[2025-05-28T18:16:09.683+0100] {logging_mixin.py:190} INFO - [2025-05-28T18:16:09.682+0100] {dagbag.py:588} INFO - Filling up the DagBag from /home/mohammed/venv/lib/python3.11/site-packages/airflow/example_dags/example_time_delta_sensor_async.py
[2025-05-28T18:16:09.691+0100] {processor.py:925} INFO - DAG(s) 'example_time_delta_sensor_async' retrieved from /home/mohammed/venv/lib/python3.11/site-packages/airflow/example_dags/example_time_delta_sensor_async.py
[2025-05-28T18:16:09.728+0100] {logging_mixin.py:190} INFO - [2025-05-28T18:16:09.728+0100] {dag.py:3239} INFO - Sync 1 DAGs
[2025-05-28T18:16:09.747+0100] {logging_mixin.py:190} INFO - [2025-05-28T18:16:09.747+0100] {dag.py:4180} INFO - Setting next_dagrun for example_time_delta_sensor_async to None, run_after=None
[2025-05-28T18:16:09.890+0100] {processor.py:208} INFO - Processing /home/mohammed/venv/lib/python3.11/site-packages/airflow/example_dags/example_time_delta_sensor_async.py took 0.221 seconds
[2025-05-28T18:16:40.714+0100] {processor.py:186} INFO - Started process (PID=11549) to work on /home/mohammed/venv/lib/python3.11/site-packages/airflow/example_dags/example_time_delta_sensor_async.py
[2025-05-28T18:16:40.716+0100] {processor.py:914} INFO - Processing file /home/mohammed/venv/lib/python3.11/site-packages/airflow/example_dags/example_time_delta_sensor_async.py for tasks to queue
[2025-05-28T18:16:40.719+0100] {logging_mixin.py:190} INFO - [2025-05-28T18:16:40.718+0100] {dagbag.py:588} INFO - Filling up the DagBag from /home/mohammed/venv/lib/python3.11/site-packages/airflow/example_dags/example_time_delta_sensor_async.py
[2025-05-28T18:16:40.732+0100] {processor.py:925} INFO - DAG(s) 'example_time_delta_sensor_async' retrieved from /home/mohammed/venv/lib/python3.11/site-packages/airflow/example_dags/example_time_delta_sensor_async.py
[2025-05-28T18:16:40.784+0100] {logging_mixin.py:190} INFO - [2025-05-28T18:16:40.784+0100] {dag.py:3239} INFO - Sync 1 DAGs
[2025-05-28T18:16:40.814+0100] {logging_mixin.py:190} INFO - [2025-05-28T18:16:40.814+0100] {dag.py:4180} INFO - Setting next_dagrun for example_time_delta_sensor_async to None, run_after=None
[2025-05-28T18:16:40.845+0100] {processor.py:208} INFO - Processing /home/mohammed/venv/lib/python3.11/site-packages/airflow/example_dags/example_time_delta_sensor_async.py took 0.138 seconds
[2025-05-28T18:17:10.917+0100] {processor.py:186} INFO - Started process (PID=12175) to work on /home/mohammed/venv/lib/python3.11/site-packages/airflow/example_dags/example_time_delta_sensor_async.py
[2025-05-28T18:17:10.918+0100] {processor.py:914} INFO - Processing file /home/mohammed/venv/lib/python3.11/site-packages/airflow/example_dags/example_time_delta_sensor_async.py for tasks to queue
[2025-05-28T18:17:10.923+0100] {logging_mixin.py:190} INFO - [2025-05-28T18:17:10.923+0100] {dagbag.py:588} INFO - Filling up the DagBag from /home/mohammed/venv/lib/python3.11/site-packages/airflow/example_dags/example_time_delta_sensor_async.py
[2025-05-28T18:17:10.936+0100] {processor.py:925} INFO - DAG(s) 'example_time_delta_sensor_async' retrieved from /home/mohammed/venv/lib/python3.11/site-packages/airflow/example_dags/example_time_delta_sensor_async.py
[2025-05-28T18:17:10.985+0100] {logging_mixin.py:190} INFO - [2025-05-28T18:17:10.985+0100] {dag.py:3239} INFO - Sync 1 DAGs
[2025-05-28T18:17:11.021+0100] {logging_mixin.py:190} INFO - [2025-05-28T18:17:11.020+0100] {dag.py:4180} INFO - Setting next_dagrun for example_time_delta_sensor_async to None, run_after=None
[2025-05-28T18:17:11.061+0100] {processor.py:208} INFO - Processing /home/mohammed/venv/lib/python3.11/site-packages/airflow/example_dags/example_time_delta_sensor_async.py took 0.155 seconds
