[2025-05-28T18:09:30.518+0100] {processor.py:186} INFO - Started process (PID=1540) to work on /home/mohammed/venv/lib/python3.11/site-packages/airflow/example_dags/example_bash_decorator.py
[2025-05-28T18:09:30.519+0100] {processor.py:914} INFO - Processing file /home/mohammed/venv/lib/python3.11/site-packages/airflow/example_dags/example_bash_decorator.py for tasks to queue
[2025-05-28T18:09:30.527+0100] {logging_mixin.py:190} INFO - [2025-05-28T18:09:30.526+0100] {dagbag.py:588} INFO - Filling up the DagBag from /home/mohammed/venv/lib/python3.11/site-packages/airflow/example_dags/example_bash_decorator.py
[2025-05-28T18:09:30.614+0100] {processor.py:925} INFO - DAG(s) 'example_bash_decorator' retrieved from /home/mohammed/venv/lib/python3.11/site-packages/airflow/example_dags/example_bash_decorator.py
[2025-05-28T18:09:31.003+0100] {logging_mixin.py:190} INFO - [2025-05-28T18:09:31.003+0100] {dag.py:3239} INFO - Sync 1 DAGs
[2025-05-28T18:09:31.080+0100] {logging_mixin.py:190} INFO - [2025-05-28T18:09:31.070+0100] {dag.py:4180} INFO - Setting next_dagrun for example_bash_decorator to None, run_after=None
[2025-05-28T18:09:31.204+0100] {processor.py:208} INFO - Processing /home/mohammed/venv/lib/python3.11/site-packages/airflow/example_dags/example_bash_decorator.py took 0.708 seconds
[2025-05-28T18:10:08.420+0100] {processor.py:186} INFO - Started process (PID=2608) to work on /home/mohammed/venv/lib/python3.11/site-packages/airflow/example_dags/example_bash_decorator.py
[2025-05-28T18:10:08.430+0100] {processor.py:914} INFO - Processing file /home/mohammed/venv/lib/python3.11/site-packages/airflow/example_dags/example_bash_decorator.py for tasks to queue
[2025-05-28T18:10:08.436+0100] {logging_mixin.py:190} INFO - [2025-05-28T18:10:08.435+0100] {dagbag.py:588} INFO - Filling up the DagBag from /home/mohammed/venv/lib/python3.11/site-packages/airflow/example_dags/example_bash_decorator.py
[2025-05-28T18:10:08.523+0100] {processor.py:925} INFO - DAG(s) 'example_bash_decorator' retrieved from /home/mohammed/venv/lib/python3.11/site-packages/airflow/example_dags/example_bash_decorator.py
[2025-05-28T18:10:08.689+0100] {logging_mixin.py:190} INFO - [2025-05-28T18:10:08.688+0100] {dag.py:3239} INFO - Sync 1 DAGs
[2025-05-28T18:10:08.764+0100] {logging_mixin.py:190} INFO - [2025-05-28T18:10:08.763+0100] {dag.py:4180} INFO - Setting next_dagrun for example_bash_decorator to None, run_after=None
[2025-05-28T18:10:08.875+0100] {processor.py:208} INFO - Processing /home/mohammed/venv/lib/python3.11/site-packages/airflow/example_dags/example_bash_decorator.py took 0.478 seconds
[2025-05-28T18:10:39.671+0100] {processor.py:186} INFO - Started process (PID=3345) to work on /home/mohammed/venv/lib/python3.11/site-packages/airflow/example_dags/example_bash_decorator.py
[2025-05-28T18:10:39.672+0100] {processor.py:914} INFO - Processing file /home/mohammed/venv/lib/python3.11/site-packages/airflow/example_dags/example_bash_decorator.py for tasks to queue
[2025-05-28T18:10:39.677+0100] {logging_mixin.py:190} INFO - [2025-05-28T18:10:39.676+0100] {dagbag.py:588} INFO - Filling up the DagBag from /home/mohammed/venv/lib/python3.11/site-packages/airflow/example_dags/example_bash_decorator.py
[2025-05-28T18:10:39.703+0100] {processor.py:925} INFO - DAG(s) 'example_bash_decorator' retrieved from /home/mohammed/venv/lib/python3.11/site-packages/airflow/example_dags/example_bash_decorator.py
[2025-05-28T18:10:39.748+0100] {logging_mixin.py:190} INFO - [2025-05-28T18:10:39.748+0100] {dag.py:3239} INFO - Sync 1 DAGs
[2025-05-28T18:10:39.767+0100] {logging_mixin.py:190} INFO - [2025-05-28T18:10:39.766+0100] {dag.py:4180} INFO - Setting next_dagrun for example_bash_decorator to None, run_after=None
[2025-05-28T18:10:39.802+0100] {processor.py:208} INFO - Processing /home/mohammed/venv/lib/python3.11/site-packages/airflow/example_dags/example_bash_decorator.py took 0.141 seconds
[2025-05-28T18:11:09.899+0100] {processor.py:186} INFO - Started process (PID=3880) to work on /home/mohammed/venv/lib/python3.11/site-packages/airflow/example_dags/example_bash_decorator.py
[2025-05-28T18:11:09.901+0100] {processor.py:914} INFO - Processing file /home/mohammed/venv/lib/python3.11/site-packages/airflow/example_dags/example_bash_decorator.py for tasks to queue
[2025-05-28T18:11:09.905+0100] {logging_mixin.py:190} INFO - [2025-05-28T18:11:09.904+0100] {dagbag.py:588} INFO - Filling up the DagBag from /home/mohammed/venv/lib/python3.11/site-packages/airflow/example_dags/example_bash_decorator.py
[2025-05-28T18:11:09.940+0100] {processor.py:925} INFO - DAG(s) 'example_bash_decorator' retrieved from /home/mohammed/venv/lib/python3.11/site-packages/airflow/example_dags/example_bash_decorator.py
[2025-05-28T18:11:10.010+0100] {logging_mixin.py:190} INFO - [2025-05-28T18:11:10.010+0100] {dag.py:3239} INFO - Sync 1 DAGs
[2025-05-28T18:11:10.043+0100] {logging_mixin.py:190} INFO - [2025-05-28T18:11:10.042+0100] {dag.py:4180} INFO - Setting next_dagrun for example_bash_decorator to None, run_after=None
[2025-05-28T18:11:10.081+0100] {processor.py:208} INFO - Processing /home/mohammed/venv/lib/python3.11/site-packages/airflow/example_dags/example_bash_decorator.py took 0.194 seconds
[2025-05-28T18:11:42.090+0100] {processor.py:186} INFO - Started process (PID=4666) to work on /home/mohammed/venv/lib/python3.11/site-packages/airflow/example_dags/example_bash_decorator.py
[2025-05-28T18:11:42.091+0100] {processor.py:914} INFO - Processing file /home/mohammed/venv/lib/python3.11/site-packages/airflow/example_dags/example_bash_decorator.py for tasks to queue
[2025-05-28T18:11:42.095+0100] {logging_mixin.py:190} INFO - [2025-05-28T18:11:42.095+0100] {dagbag.py:588} INFO - Filling up the DagBag from /home/mohammed/venv/lib/python3.11/site-packages/airflow/example_dags/example_bash_decorator.py
[2025-05-28T18:11:42.131+0100] {processor.py:925} INFO - DAG(s) 'example_bash_decorator' retrieved from /home/mohammed/venv/lib/python3.11/site-packages/airflow/example_dags/example_bash_decorator.py
[2025-05-28T18:11:42.198+0100] {logging_mixin.py:190} INFO - [2025-05-28T18:11:42.198+0100] {dag.py:3239} INFO - Sync 1 DAGs
[2025-05-28T18:11:42.225+0100] {logging_mixin.py:190} INFO - [2025-05-28T18:11:42.225+0100] {dag.py:4180} INFO - Setting next_dagrun for example_bash_decorator to None, run_after=None
[2025-05-28T18:11:42.255+0100] {processor.py:208} INFO - Processing /home/mohammed/venv/lib/python3.11/site-packages/airflow/example_dags/example_bash_decorator.py took 0.176 seconds
[2025-05-28T18:12:12.605+0100] {processor.py:186} INFO - Started process (PID=5481) to work on /home/mohammed/venv/lib/python3.11/site-packages/airflow/example_dags/example_bash_decorator.py
[2025-05-28T18:12:12.628+0100] {processor.py:914} INFO - Processing file /home/mohammed/venv/lib/python3.11/site-packages/airflow/example_dags/example_bash_decorator.py for tasks to queue
[2025-05-28T18:12:12.631+0100] {logging_mixin.py:190} INFO - [2025-05-28T18:12:12.631+0100] {dagbag.py:588} INFO - Filling up the DagBag from /home/mohammed/venv/lib/python3.11/site-packages/airflow/example_dags/example_bash_decorator.py
[2025-05-28T18:12:12.658+0100] {processor.py:925} INFO - DAG(s) 'example_bash_decorator' retrieved from /home/mohammed/venv/lib/python3.11/site-packages/airflow/example_dags/example_bash_decorator.py
[2025-05-28T18:12:12.744+0100] {logging_mixin.py:190} INFO - [2025-05-28T18:12:12.744+0100] {dag.py:3239} INFO - Sync 1 DAGs
[2025-05-28T18:12:12.795+0100] {logging_mixin.py:190} INFO - [2025-05-28T18:12:12.794+0100] {dag.py:4180} INFO - Setting next_dagrun for example_bash_decorator to None, run_after=None
[2025-05-28T18:12:12.897+0100] {processor.py:208} INFO - Processing /home/mohammed/venv/lib/python3.11/site-packages/airflow/example_dags/example_bash_decorator.py took 0.301 seconds
[2025-05-28T18:12:43.643+0100] {processor.py:186} INFO - Started process (PID=6280) to work on /home/mohammed/venv/lib/python3.11/site-packages/airflow/example_dags/example_bash_decorator.py
[2025-05-28T18:12:43.645+0100] {processor.py:914} INFO - Processing file /home/mohammed/venv/lib/python3.11/site-packages/airflow/example_dags/example_bash_decorator.py for tasks to queue
[2025-05-28T18:12:43.647+0100] {logging_mixin.py:190} INFO - [2025-05-28T18:12:43.647+0100] {dagbag.py:588} INFO - Filling up the DagBag from /home/mohammed/venv/lib/python3.11/site-packages/airflow/example_dags/example_bash_decorator.py
[2025-05-28T18:12:43.672+0100] {processor.py:925} INFO - DAG(s) 'example_bash_decorator' retrieved from /home/mohammed/venv/lib/python3.11/site-packages/airflow/example_dags/example_bash_decorator.py
[2025-05-28T18:12:43.723+0100] {logging_mixin.py:190} INFO - [2025-05-28T18:12:43.722+0100] {dag.py:3239} INFO - Sync 1 DAGs
[2025-05-28T18:12:43.741+0100] {logging_mixin.py:190} INFO - [2025-05-28T18:12:43.741+0100] {dag.py:4180} INFO - Setting next_dagrun for example_bash_decorator to None, run_after=None
[2025-05-28T18:12:43.766+0100] {processor.py:208} INFO - Processing /home/mohammed/venv/lib/python3.11/site-packages/airflow/example_dags/example_bash_decorator.py took 0.132 seconds
[2025-05-28T18:13:14.041+0100] {processor.py:186} INFO - Started process (PID=7081) to work on /home/mohammed/venv/lib/python3.11/site-packages/airflow/example_dags/example_bash_decorator.py
[2025-05-28T18:13:14.042+0100] {processor.py:914} INFO - Processing file /home/mohammed/venv/lib/python3.11/site-packages/airflow/example_dags/example_bash_decorator.py for tasks to queue
[2025-05-28T18:13:14.045+0100] {logging_mixin.py:190} INFO - [2025-05-28T18:13:14.044+0100] {dagbag.py:588} INFO - Filling up the DagBag from /home/mohammed/venv/lib/python3.11/site-packages/airflow/example_dags/example_bash_decorator.py
[2025-05-28T18:13:14.064+0100] {processor.py:925} INFO - DAG(s) 'example_bash_decorator' retrieved from /home/mohammed/venv/lib/python3.11/site-packages/airflow/example_dags/example_bash_decorator.py
[2025-05-28T18:13:14.116+0100] {logging_mixin.py:190} INFO - [2025-05-28T18:13:14.115+0100] {dag.py:3239} INFO - Sync 1 DAGs
[2025-05-28T18:13:14.134+0100] {logging_mixin.py:190} INFO - [2025-05-28T18:13:14.134+0100] {dag.py:4180} INFO - Setting next_dagrun for example_bash_decorator to None, run_after=None
[2025-05-28T18:13:14.164+0100] {processor.py:208} INFO - Processing /home/mohammed/venv/lib/python3.11/site-packages/airflow/example_dags/example_bash_decorator.py took 0.132 seconds
[2025-05-28T18:13:44.422+0100] {processor.py:186} INFO - Started process (PID=7752) to work on /home/mohammed/venv/lib/python3.11/site-packages/airflow/example_dags/example_bash_decorator.py
[2025-05-28T18:13:44.423+0100] {processor.py:914} INFO - Processing file /home/mohammed/venv/lib/python3.11/site-packages/airflow/example_dags/example_bash_decorator.py for tasks to queue
[2025-05-28T18:13:44.428+0100] {logging_mixin.py:190} INFO - [2025-05-28T18:13:44.426+0100] {dagbag.py:588} INFO - Filling up the DagBag from /home/mohammed/venv/lib/python3.11/site-packages/airflow/example_dags/example_bash_decorator.py
[2025-05-28T18:13:44.473+0100] {processor.py:925} INFO - DAG(s) 'example_bash_decorator' retrieved from /home/mohammed/venv/lib/python3.11/site-packages/airflow/example_dags/example_bash_decorator.py
[2025-05-28T18:13:44.543+0100] {logging_mixin.py:190} INFO - [2025-05-28T18:13:44.542+0100] {dag.py:3239} INFO - Sync 1 DAGs
[2025-05-28T18:13:44.572+0100] {logging_mixin.py:190} INFO - [2025-05-28T18:13:44.571+0100] {dag.py:4180} INFO - Setting next_dagrun for example_bash_decorator to None, run_after=None
[2025-05-28T18:13:44.603+0100] {processor.py:208} INFO - Processing /home/mohammed/venv/lib/python3.11/site-packages/airflow/example_dags/example_bash_decorator.py took 0.195 seconds
[2025-05-28T18:14:15.106+0100] {processor.py:186} INFO - Started process (PID=8421) to work on /home/mohammed/venv/lib/python3.11/site-packages/airflow/example_dags/example_bash_decorator.py
[2025-05-28T18:14:15.107+0100] {processor.py:914} INFO - Processing file /home/mohammed/venv/lib/python3.11/site-packages/airflow/example_dags/example_bash_decorator.py for tasks to queue
[2025-05-28T18:14:15.111+0100] {logging_mixin.py:190} INFO - [2025-05-28T18:14:15.110+0100] {dagbag.py:588} INFO - Filling up the DagBag from /home/mohammed/venv/lib/python3.11/site-packages/airflow/example_dags/example_bash_decorator.py
[2025-05-28T18:14:15.138+0100] {processor.py:925} INFO - DAG(s) 'example_bash_decorator' retrieved from /home/mohammed/venv/lib/python3.11/site-packages/airflow/example_dags/example_bash_decorator.py
[2025-05-28T18:14:15.182+0100] {logging_mixin.py:190} INFO - [2025-05-28T18:14:15.182+0100] {dag.py:3239} INFO - Sync 1 DAGs
[2025-05-28T18:14:15.202+0100] {logging_mixin.py:190} INFO - [2025-05-28T18:14:15.202+0100] {dag.py:4180} INFO - Setting next_dagrun for example_bash_decorator to None, run_after=None
[2025-05-28T18:14:15.231+0100] {processor.py:208} INFO - Processing /home/mohammed/venv/lib/python3.11/site-packages/airflow/example_dags/example_bash_decorator.py took 0.133 seconds
[2025-05-28T18:14:45.442+0100] {processor.py:186} INFO - Started process (PID=9038) to work on /home/mohammed/venv/lib/python3.11/site-packages/airflow/example_dags/example_bash_decorator.py
[2025-05-28T18:14:45.443+0100] {processor.py:914} INFO - Processing file /home/mohammed/venv/lib/python3.11/site-packages/airflow/example_dags/example_bash_decorator.py for tasks to queue
[2025-05-28T18:14:45.446+0100] {logging_mixin.py:190} INFO - [2025-05-28T18:14:45.446+0100] {dagbag.py:588} INFO - Filling up the DagBag from /home/mohammed/venv/lib/python3.11/site-packages/airflow/example_dags/example_bash_decorator.py
[2025-05-28T18:14:45.468+0100] {processor.py:925} INFO - DAG(s) 'example_bash_decorator' retrieved from /home/mohammed/venv/lib/python3.11/site-packages/airflow/example_dags/example_bash_decorator.py
[2025-05-28T18:14:45.549+0100] {logging_mixin.py:190} INFO - [2025-05-28T18:14:45.549+0100] {dag.py:3239} INFO - Sync 1 DAGs
[2025-05-28T18:14:45.575+0100] {logging_mixin.py:190} INFO - [2025-05-28T18:14:45.574+0100] {dag.py:4180} INFO - Setting next_dagrun for example_bash_decorator to None, run_after=None
[2025-05-28T18:14:45.626+0100] {processor.py:208} INFO - Processing /home/mohammed/venv/lib/python3.11/site-packages/airflow/example_dags/example_bash_decorator.py took 0.192 seconds
[2025-05-28T18:15:24.364+0100] {processor.py:186} INFO - Started process (PID=10121) to work on /home/mohammed/venv/lib/python3.11/site-packages/airflow/example_dags/example_bash_decorator.py
[2025-05-28T18:15:24.366+0100] {processor.py:914} INFO - Processing file /home/mohammed/venv/lib/python3.11/site-packages/airflow/example_dags/example_bash_decorator.py for tasks to queue
[2025-05-28T18:15:24.375+0100] {logging_mixin.py:190} INFO - [2025-05-28T18:15:24.374+0100] {dagbag.py:588} INFO - Filling up the DagBag from /home/mohammed/venv/lib/python3.11/site-packages/airflow/example_dags/example_bash_decorator.py
[2025-05-28T18:15:24.416+0100] {processor.py:925} INFO - DAG(s) 'example_bash_decorator' retrieved from /home/mohammed/venv/lib/python3.11/site-packages/airflow/example_dags/example_bash_decorator.py
[2025-05-28T18:15:24.493+0100] {logging_mixin.py:190} INFO - [2025-05-28T18:15:24.492+0100] {dag.py:3239} INFO - Sync 1 DAGs
[2025-05-28T18:15:24.533+0100] {logging_mixin.py:190} INFO - [2025-05-28T18:15:24.533+0100] {dag.py:4180} INFO - Setting next_dagrun for example_bash_decorator to None, run_after=None
[2025-05-28T18:15:24.574+0100] {processor.py:208} INFO - Processing /home/mohammed/venv/lib/python3.11/site-packages/airflow/example_dags/example_bash_decorator.py took 0.222 seconds
[2025-05-28T18:15:55.040+0100] {processor.py:186} INFO - Started process (PID=10761) to work on /home/mohammed/venv/lib/python3.11/site-packages/airflow/example_dags/example_bash_decorator.py
[2025-05-28T18:15:55.041+0100] {processor.py:914} INFO - Processing file /home/mohammed/venv/lib/python3.11/site-packages/airflow/example_dags/example_bash_decorator.py for tasks to queue
[2025-05-28T18:15:55.044+0100] {logging_mixin.py:190} INFO - [2025-05-28T18:15:55.044+0100] {dagbag.py:588} INFO - Filling up the DagBag from /home/mohammed/venv/lib/python3.11/site-packages/airflow/example_dags/example_bash_decorator.py
[2025-05-28T18:15:55.073+0100] {processor.py:925} INFO - DAG(s) 'example_bash_decorator' retrieved from /home/mohammed/venv/lib/python3.11/site-packages/airflow/example_dags/example_bash_decorator.py
[2025-05-28T18:15:55.120+0100] {logging_mixin.py:190} INFO - [2025-05-28T18:15:55.120+0100] {dag.py:3239} INFO - Sync 1 DAGs
[2025-05-28T18:15:55.143+0100] {logging_mixin.py:190} INFO - [2025-05-28T18:15:55.143+0100] {dag.py:4180} INFO - Setting next_dagrun for example_bash_decorator to None, run_after=None
[2025-05-28T18:15:55.175+0100] {processor.py:208} INFO - Processing /home/mohammed/venv/lib/python3.11/site-packages/airflow/example_dags/example_bash_decorator.py took 0.149 seconds
[2025-05-28T18:16:25.350+0100] {processor.py:186} INFO - Started process (PID=11359) to work on /home/mohammed/venv/lib/python3.11/site-packages/airflow/example_dags/example_bash_decorator.py
[2025-05-28T18:16:25.351+0100] {processor.py:914} INFO - Processing file /home/mohammed/venv/lib/python3.11/site-packages/airflow/example_dags/example_bash_decorator.py for tasks to queue
[2025-05-28T18:16:25.354+0100] {logging_mixin.py:190} INFO - [2025-05-28T18:16:25.353+0100] {dagbag.py:588} INFO - Filling up the DagBag from /home/mohammed/venv/lib/python3.11/site-packages/airflow/example_dags/example_bash_decorator.py
[2025-05-28T18:16:25.375+0100] {processor.py:925} INFO - DAG(s) 'example_bash_decorator' retrieved from /home/mohammed/venv/lib/python3.11/site-packages/airflow/example_dags/example_bash_decorator.py
[2025-05-28T18:16:25.412+0100] {logging_mixin.py:190} INFO - [2025-05-28T18:16:25.412+0100] {dag.py:3239} INFO - Sync 1 DAGs
[2025-05-28T18:16:25.430+0100] {logging_mixin.py:190} INFO - [2025-05-28T18:16:25.430+0100] {dag.py:4180} INFO - Setting next_dagrun for example_bash_decorator to None, run_after=None
[2025-05-28T18:16:25.453+0100] {processor.py:208} INFO - Processing /home/mohammed/venv/lib/python3.11/site-packages/airflow/example_dags/example_bash_decorator.py took 0.114 seconds
[2025-05-28T18:16:55.790+0100] {processor.py:186} INFO - Started process (PID=11881) to work on /home/mohammed/venv/lib/python3.11/site-packages/airflow/example_dags/example_bash_decorator.py
[2025-05-28T18:16:55.792+0100] {processor.py:914} INFO - Processing file /home/mohammed/venv/lib/python3.11/site-packages/airflow/example_dags/example_bash_decorator.py for tasks to queue
[2025-05-28T18:16:55.796+0100] {logging_mixin.py:190} INFO - [2025-05-28T18:16:55.795+0100] {dagbag.py:588} INFO - Filling up the DagBag from /home/mohammed/venv/lib/python3.11/site-packages/airflow/example_dags/example_bash_decorator.py
[2025-05-28T18:16:55.823+0100] {processor.py:925} INFO - DAG(s) 'example_bash_decorator' retrieved from /home/mohammed/venv/lib/python3.11/site-packages/airflow/example_dags/example_bash_decorator.py
[2025-05-28T18:16:55.876+0100] {logging_mixin.py:190} INFO - [2025-05-28T18:16:55.876+0100] {dag.py:3239} INFO - Sync 1 DAGs
[2025-05-28T18:16:55.911+0100] {logging_mixin.py:190} INFO - [2025-05-28T18:16:55.911+0100] {dag.py:4180} INFO - Setting next_dagrun for example_bash_decorator to None, run_after=None
[2025-05-28T18:16:55.949+0100] {processor.py:208} INFO - Processing /home/mohammed/venv/lib/python3.11/site-packages/airflow/example_dags/example_bash_decorator.py took 0.171 seconds
