[2025-05-28T18:09:27.596+0100] {processor.py:186} INFO - Started process (PID=1468) to work on /home/mohammed/venv/lib/python3.11/site-packages/airflow/example_dags/example_branch_datetime_operator.py
[2025-05-28T18:09:27.601+0100] {processor.py:914} INFO - Processing file /home/mohammed/venv/lib/python3.11/site-packages/airflow/example_dags/example_branch_datetime_operator.py for tasks to queue
[2025-05-28T18:09:27.618+0100] {logging_mixin.py:190} INFO - [2025-05-28T18:09:27.605+0100] {dagbag.py:588} INFO - Filling up the DagBag from /home/mohammed/venv/lib/python3.11/site-packages/airflow/example_dags/example_branch_datetime_operator.py
[2025-05-28T18:09:27.658+0100] {processor.py:925} INFO - DAG(s) 'example_branch_datetime_operator', 'example_branch_datetime_operator_2', 'example_branch_datetime_operator_3' retrieved from /home/mohammed/venv/lib/python3.11/site-packages/airflow/example_dags/example_branch_datetime_operator.py
[2025-05-28T18:09:27.780+0100] {logging_mixin.py:190} INFO - [2025-05-28T18:09:27.779+0100] {dag.py:3239} INFO - Sync 3 DAGs
[2025-05-28T18:09:27.891+0100] {logging_mixin.py:190} INFO - [2025-05-28T18:09:27.890+0100] {dag.py:4180} INFO - Setting next_dagrun for example_branch_datetime_operator to 2025-05-27 00:00:00+00:00, run_after=2025-05-28 00:00:00+00:00
[2025-05-28T18:09:27.918+0100] {logging_mixin.py:190} INFO - [2025-05-28T18:09:27.917+0100] {dag.py:4180} INFO - Setting next_dagrun for example_branch_datetime_operator_2 to 2025-05-27 00:00:00+00:00, run_after=2025-05-28 00:00:00+00:00
[2025-05-28T18:09:27.926+0100] {logging_mixin.py:190} INFO - [2025-05-28T18:09:27.924+0100] {dag.py:4180} INFO - Setting next_dagrun for example_branch_datetime_operator_3 to 2025-05-27 00:00:00+00:00, run_after=2025-05-28 00:00:00+00:00
[2025-05-28T18:09:27.996+0100] {processor.py:208} INFO - Processing /home/mohammed/venv/lib/python3.11/site-packages/airflow/example_dags/example_branch_datetime_operator.py took 0.424 seconds
[2025-05-28T18:10:04.937+0100] {processor.py:186} INFO - Started process (PID=2504) to work on /home/mohammed/venv/lib/python3.11/site-packages/airflow/example_dags/example_branch_datetime_operator.py
[2025-05-28T18:10:04.959+0100] {processor.py:914} INFO - Processing file /home/mohammed/venv/lib/python3.11/site-packages/airflow/example_dags/example_branch_datetime_operator.py for tasks to queue
[2025-05-28T18:10:04.963+0100] {logging_mixin.py:190} INFO - [2025-05-28T18:10:04.963+0100] {dagbag.py:588} INFO - Filling up the DagBag from /home/mohammed/venv/lib/python3.11/site-packages/airflow/example_dags/example_branch_datetime_operator.py
[2025-05-28T18:10:04.981+0100] {processor.py:925} INFO - DAG(s) 'example_branch_datetime_operator_3', 'example_branch_datetime_operator', 'example_branch_datetime_operator_2' retrieved from /home/mohammed/venv/lib/python3.11/site-packages/airflow/example_dags/example_branch_datetime_operator.py
[2025-05-28T18:10:05.148+0100] {logging_mixin.py:190} INFO - [2025-05-28T18:10:05.148+0100] {dag.py:3239} INFO - Sync 3 DAGs
[2025-05-28T18:10:05.213+0100] {logging_mixin.py:190} INFO - [2025-05-28T18:10:05.213+0100] {dag.py:4180} INFO - Setting next_dagrun for example_branch_datetime_operator to 2025-05-27 00:00:00+00:00, run_after=2025-05-28 00:00:00+00:00
[2025-05-28T18:10:05.221+0100] {logging_mixin.py:190} INFO - [2025-05-28T18:10:05.221+0100] {dag.py:4180} INFO - Setting next_dagrun for example_branch_datetime_operator_2 to 2025-05-27 00:00:00+00:00, run_after=2025-05-28 00:00:00+00:00
[2025-05-28T18:10:05.227+0100] {logging_mixin.py:190} INFO - [2025-05-28T18:10:05.227+0100] {dag.py:4180} INFO - Setting next_dagrun for example_branch_datetime_operator_3 to 2025-05-27 00:00:00+00:00, run_after=2025-05-28 00:00:00+00:00
[2025-05-28T18:10:05.327+0100] {processor.py:208} INFO - Processing /home/mohammed/venv/lib/python3.11/site-packages/airflow/example_dags/example_branch_datetime_operator.py took 0.399 seconds
[2025-05-28T18:10:37.373+0100] {processor.py:186} INFO - Started process (PID=3056) to work on /home/mohammed/venv/lib/python3.11/site-packages/airflow/example_dags/example_branch_datetime_operator.py
[2025-05-28T18:10:37.375+0100] {processor.py:914} INFO - Processing file /home/mohammed/venv/lib/python3.11/site-packages/airflow/example_dags/example_branch_datetime_operator.py for tasks to queue
[2025-05-28T18:10:37.378+0100] {logging_mixin.py:190} INFO - [2025-05-28T18:10:37.378+0100] {dagbag.py:588} INFO - Filling up the DagBag from /home/mohammed/venv/lib/python3.11/site-packages/airflow/example_dags/example_branch_datetime_operator.py
[2025-05-28T18:10:37.394+0100] {processor.py:925} INFO - DAG(s) 'example_branch_datetime_operator_2', 'example_branch_datetime_operator_3', 'example_branch_datetime_operator' retrieved from /home/mohammed/venv/lib/python3.11/site-packages/airflow/example_dags/example_branch_datetime_operator.py
[2025-05-28T18:10:37.462+0100] {logging_mixin.py:190} INFO - [2025-05-28T18:10:37.462+0100] {dag.py:3239} INFO - Sync 3 DAGs
[2025-05-28T18:10:37.516+0100] {logging_mixin.py:190} INFO - [2025-05-28T18:10:37.516+0100] {dag.py:4180} INFO - Setting next_dagrun for example_branch_datetime_operator to 2025-05-27 00:00:00+00:00, run_after=2025-05-28 00:00:00+00:00
[2025-05-28T18:10:37.522+0100] {logging_mixin.py:190} INFO - [2025-05-28T18:10:37.522+0100] {dag.py:4180} INFO - Setting next_dagrun for example_branch_datetime_operator_2 to 2025-05-27 00:00:00+00:00, run_after=2025-05-28 00:00:00+00:00
[2025-05-28T18:10:37.527+0100] {logging_mixin.py:190} INFO - [2025-05-28T18:10:37.527+0100] {dag.py:4180} INFO - Setting next_dagrun for example_branch_datetime_operator_3 to 2025-05-27 00:00:00+00:00, run_after=2025-05-28 00:00:00+00:00
[2025-05-28T18:10:37.556+0100] {processor.py:208} INFO - Processing /home/mohammed/venv/lib/python3.11/site-packages/airflow/example_dags/example_branch_datetime_operator.py took 0.196 seconds
[2025-05-28T18:11:07.661+0100] {processor.py:186} INFO - Started process (PID=3835) to work on /home/mohammed/venv/lib/python3.11/site-packages/airflow/example_dags/example_branch_datetime_operator.py
[2025-05-28T18:11:07.662+0100] {processor.py:914} INFO - Processing file /home/mohammed/venv/lib/python3.11/site-packages/airflow/example_dags/example_branch_datetime_operator.py for tasks to queue
[2025-05-28T18:11:07.665+0100] {logging_mixin.py:190} INFO - [2025-05-28T18:11:07.664+0100] {dagbag.py:588} INFO - Filling up the DagBag from /home/mohammed/venv/lib/python3.11/site-packages/airflow/example_dags/example_branch_datetime_operator.py
[2025-05-28T18:11:07.683+0100] {processor.py:925} INFO - DAG(s) 'example_branch_datetime_operator', 'example_branch_datetime_operator_2', 'example_branch_datetime_operator_3' retrieved from /home/mohammed/venv/lib/python3.11/site-packages/airflow/example_dags/example_branch_datetime_operator.py
[2025-05-28T18:11:07.730+0100] {logging_mixin.py:190} INFO - [2025-05-28T18:11:07.730+0100] {dag.py:3239} INFO - Sync 3 DAGs
[2025-05-28T18:11:07.769+0100] {logging_mixin.py:190} INFO - [2025-05-28T18:11:07.769+0100] {dag.py:4180} INFO - Setting next_dagrun for example_branch_datetime_operator to 2025-05-27 00:00:00+00:00, run_after=2025-05-28 00:00:00+00:00
[2025-05-28T18:11:07.775+0100] {logging_mixin.py:190} INFO - [2025-05-28T18:11:07.775+0100] {dag.py:4180} INFO - Setting next_dagrun for example_branch_datetime_operator_2 to 2025-05-27 00:00:00+00:00, run_after=2025-05-28 00:00:00+00:00
[2025-05-28T18:11:07.780+0100] {logging_mixin.py:190} INFO - [2025-05-28T18:11:07.780+0100] {dag.py:4180} INFO - Setting next_dagrun for example_branch_datetime_operator_3 to 2025-05-27 00:00:00+00:00, run_after=2025-05-28 00:00:00+00:00
[2025-05-28T18:11:07.812+0100] {processor.py:208} INFO - Processing /home/mohammed/venv/lib/python3.11/site-packages/airflow/example_dags/example_branch_datetime_operator.py took 0.159 seconds
[2025-05-28T18:11:37.938+0100] {processor.py:186} INFO - Started process (PID=4604) to work on /home/mohammed/venv/lib/python3.11/site-packages/airflow/example_dags/example_branch_datetime_operator.py
[2025-05-28T18:11:37.940+0100] {processor.py:914} INFO - Processing file /home/mohammed/venv/lib/python3.11/site-packages/airflow/example_dags/example_branch_datetime_operator.py for tasks to queue
[2025-05-28T18:11:37.943+0100] {logging_mixin.py:190} INFO - [2025-05-28T18:11:37.943+0100] {dagbag.py:588} INFO - Filling up the DagBag from /home/mohammed/venv/lib/python3.11/site-packages/airflow/example_dags/example_branch_datetime_operator.py
[2025-05-28T18:11:37.969+0100] {processor.py:925} INFO - DAG(s) 'example_branch_datetime_operator_3', 'example_branch_datetime_operator_2', 'example_branch_datetime_operator' retrieved from /home/mohammed/venv/lib/python3.11/site-packages/airflow/example_dags/example_branch_datetime_operator.py
[2025-05-28T18:11:38.022+0100] {logging_mixin.py:190} INFO - [2025-05-28T18:11:38.021+0100] {dag.py:3239} INFO - Sync 3 DAGs
[2025-05-28T18:11:38.064+0100] {logging_mixin.py:190} INFO - [2025-05-28T18:11:38.063+0100] {dag.py:4180} INFO - Setting next_dagrun for example_branch_datetime_operator to 2025-05-27 00:00:00+00:00, run_after=2025-05-28 00:00:00+00:00
[2025-05-28T18:11:38.070+0100] {logging_mixin.py:190} INFO - [2025-05-28T18:11:38.070+0100] {dag.py:4180} INFO - Setting next_dagrun for example_branch_datetime_operator_2 to 2025-05-27 00:00:00+00:00, run_after=2025-05-28 00:00:00+00:00
[2025-05-28T18:11:38.074+0100] {logging_mixin.py:190} INFO - [2025-05-28T18:11:38.074+0100] {dag.py:4180} INFO - Setting next_dagrun for example_branch_datetime_operator_3 to 2025-05-27 00:00:00+00:00, run_after=2025-05-28 00:00:00+00:00
[2025-05-28T18:11:38.099+0100] {processor.py:208} INFO - Processing /home/mohammed/venv/lib/python3.11/site-packages/airflow/example_dags/example_branch_datetime_operator.py took 0.174 seconds
[2025-05-28T18:12:08.568+0100] {processor.py:186} INFO - Started process (PID=5407) to work on /home/mohammed/venv/lib/python3.11/site-packages/airflow/example_dags/example_branch_datetime_operator.py
[2025-05-28T18:12:08.569+0100] {processor.py:914} INFO - Processing file /home/mohammed/venv/lib/python3.11/site-packages/airflow/example_dags/example_branch_datetime_operator.py for tasks to queue
[2025-05-28T18:12:08.572+0100] {logging_mixin.py:190} INFO - [2025-05-28T18:12:08.571+0100] {dagbag.py:588} INFO - Filling up the DagBag from /home/mohammed/venv/lib/python3.11/site-packages/airflow/example_dags/example_branch_datetime_operator.py
[2025-05-28T18:12:08.591+0100] {processor.py:925} INFO - DAG(s) 'example_branch_datetime_operator', 'example_branch_datetime_operator_2', 'example_branch_datetime_operator_3' retrieved from /home/mohammed/venv/lib/python3.11/site-packages/airflow/example_dags/example_branch_datetime_operator.py
[2025-05-28T18:12:08.647+0100] {logging_mixin.py:190} INFO - [2025-05-28T18:12:08.646+0100] {dag.py:3239} INFO - Sync 3 DAGs
[2025-05-28T18:12:08.690+0100] {logging_mixin.py:190} INFO - [2025-05-28T18:12:08.689+0100] {dag.py:4180} INFO - Setting next_dagrun for example_branch_datetime_operator to 2025-05-27 00:00:00+00:00, run_after=2025-05-28 00:00:00+00:00
[2025-05-28T18:12:08.698+0100] {logging_mixin.py:190} INFO - [2025-05-28T18:12:08.697+0100] {dag.py:4180} INFO - Setting next_dagrun for example_branch_datetime_operator_2 to 2025-05-27 00:00:00+00:00, run_after=2025-05-28 00:00:00+00:00
[2025-05-28T18:12:08.701+0100] {logging_mixin.py:190} INFO - [2025-05-28T18:12:08.700+0100] {dag.py:4180} INFO - Setting next_dagrun for example_branch_datetime_operator_3 to 2025-05-27 00:00:00+00:00, run_after=2025-05-28 00:00:00+00:00
[2025-05-28T18:12:08.733+0100] {processor.py:208} INFO - Processing /home/mohammed/venv/lib/python3.11/site-packages/airflow/example_dags/example_branch_datetime_operator.py took 0.174 seconds
[2025-05-28T18:12:38.949+0100] {processor.py:186} INFO - Started process (PID=6200) to work on /home/mohammed/venv/lib/python3.11/site-packages/airflow/example_dags/example_branch_datetime_operator.py
[2025-05-28T18:12:38.951+0100] {processor.py:914} INFO - Processing file /home/mohammed/venv/lib/python3.11/site-packages/airflow/example_dags/example_branch_datetime_operator.py for tasks to queue
[2025-05-28T18:12:38.955+0100] {logging_mixin.py:190} INFO - [2025-05-28T18:12:38.955+0100] {dagbag.py:588} INFO - Filling up the DagBag from /home/mohammed/venv/lib/python3.11/site-packages/airflow/example_dags/example_branch_datetime_operator.py
[2025-05-28T18:12:38.987+0100] {processor.py:925} INFO - DAG(s) 'example_branch_datetime_operator', 'example_branch_datetime_operator_3', 'example_branch_datetime_operator_2' retrieved from /home/mohammed/venv/lib/python3.11/site-packages/airflow/example_dags/example_branch_datetime_operator.py
[2025-05-28T18:12:39.058+0100] {logging_mixin.py:190} INFO - [2025-05-28T18:12:39.057+0100] {dag.py:3239} INFO - Sync 3 DAGs
[2025-05-28T18:12:39.099+0100] {logging_mixin.py:190} INFO - [2025-05-28T18:12:39.098+0100] {dag.py:4180} INFO - Setting next_dagrun for example_branch_datetime_operator to 2025-05-27 00:00:00+00:00, run_after=2025-05-28 00:00:00+00:00
[2025-05-28T18:12:39.105+0100] {logging_mixin.py:190} INFO - [2025-05-28T18:12:39.105+0100] {dag.py:4180} INFO - Setting next_dagrun for example_branch_datetime_operator_2 to 2025-05-27 00:00:00+00:00, run_after=2025-05-28 00:00:00+00:00
[2025-05-28T18:12:39.109+0100] {logging_mixin.py:190} INFO - [2025-05-28T18:12:39.109+0100] {dag.py:4180} INFO - Setting next_dagrun for example_branch_datetime_operator_3 to 2025-05-27 00:00:00+00:00, run_after=2025-05-28 00:00:00+00:00
[2025-05-28T18:12:39.147+0100] {processor.py:208} INFO - Processing /home/mohammed/venv/lib/python3.11/site-packages/airflow/example_dags/example_branch_datetime_operator.py took 0.208 seconds
[2025-05-28T18:13:10.393+0100] {processor.py:186} INFO - Started process (PID=6890) to work on /home/mohammed/venv/lib/python3.11/site-packages/airflow/example_dags/example_branch_datetime_operator.py
[2025-05-28T18:13:10.395+0100] {processor.py:914} INFO - Processing file /home/mohammed/venv/lib/python3.11/site-packages/airflow/example_dags/example_branch_datetime_operator.py for tasks to queue
[2025-05-28T18:13:10.398+0100] {logging_mixin.py:190} INFO - [2025-05-28T18:13:10.397+0100] {dagbag.py:588} INFO - Filling up the DagBag from /home/mohammed/venv/lib/python3.11/site-packages/airflow/example_dags/example_branch_datetime_operator.py
[2025-05-28T18:13:10.418+0100] {processor.py:925} INFO - DAG(s) 'example_branch_datetime_operator_3', 'example_branch_datetime_operator_2', 'example_branch_datetime_operator' retrieved from /home/mohammed/venv/lib/python3.11/site-packages/airflow/example_dags/example_branch_datetime_operator.py
[2025-05-28T18:13:10.475+0100] {logging_mixin.py:190} INFO - [2025-05-28T18:13:10.475+0100] {dag.py:3239} INFO - Sync 3 DAGs
[2025-05-28T18:13:10.533+0100] {logging_mixin.py:190} INFO - [2025-05-28T18:13:10.533+0100] {dag.py:4180} INFO - Setting next_dagrun for example_branch_datetime_operator to 2025-05-27 00:00:00+00:00, run_after=2025-05-28 00:00:00+00:00
[2025-05-28T18:13:10.544+0100] {logging_mixin.py:190} INFO - [2025-05-28T18:13:10.544+0100] {dag.py:4180} INFO - Setting next_dagrun for example_branch_datetime_operator_2 to 2025-05-27 00:00:00+00:00, run_after=2025-05-28 00:00:00+00:00
[2025-05-28T18:13:10.550+0100] {logging_mixin.py:190} INFO - [2025-05-28T18:13:10.550+0100] {dag.py:4180} INFO - Setting next_dagrun for example_branch_datetime_operator_3 to 2025-05-27 00:00:00+00:00, run_after=2025-05-28 00:00:00+00:00
[2025-05-28T18:13:10.577+0100] {processor.py:208} INFO - Processing /home/mohammed/venv/lib/python3.11/site-packages/airflow/example_dags/example_branch_datetime_operator.py took 0.197 seconds
[2025-05-28T18:13:40.749+0100] {processor.py:186} INFO - Started process (PID=7594) to work on /home/mohammed/venv/lib/python3.11/site-packages/airflow/example_dags/example_branch_datetime_operator.py
[2025-05-28T18:13:40.751+0100] {processor.py:914} INFO - Processing file /home/mohammed/venv/lib/python3.11/site-packages/airflow/example_dags/example_branch_datetime_operator.py for tasks to queue
[2025-05-28T18:13:40.754+0100] {logging_mixin.py:190} INFO - [2025-05-28T18:13:40.754+0100] {dagbag.py:588} INFO - Filling up the DagBag from /home/mohammed/venv/lib/python3.11/site-packages/airflow/example_dags/example_branch_datetime_operator.py
[2025-05-28T18:13:40.773+0100] {processor.py:925} INFO - DAG(s) 'example_branch_datetime_operator_3', 'example_branch_datetime_operator_2', 'example_branch_datetime_operator' retrieved from /home/mohammed/venv/lib/python3.11/site-packages/airflow/example_dags/example_branch_datetime_operator.py
[2025-05-28T18:13:40.826+0100] {logging_mixin.py:190} INFO - [2025-05-28T18:13:40.825+0100] {dag.py:3239} INFO - Sync 3 DAGs
[2025-05-28T18:13:40.859+0100] {logging_mixin.py:190} INFO - [2025-05-28T18:13:40.859+0100] {dag.py:4180} INFO - Setting next_dagrun for example_branch_datetime_operator to 2025-05-27 00:00:00+00:00, run_after=2025-05-28 00:00:00+00:00
[2025-05-28T18:13:40.867+0100] {logging_mixin.py:190} INFO - [2025-05-28T18:13:40.866+0100] {dag.py:4180} INFO - Setting next_dagrun for example_branch_datetime_operator_2 to 2025-05-27 00:00:00+00:00, run_after=2025-05-28 00:00:00+00:00
[2025-05-28T18:13:40.871+0100] {logging_mixin.py:190} INFO - [2025-05-28T18:13:40.871+0100] {dag.py:4180} INFO - Setting next_dagrun for example_branch_datetime_operator_3 to 2025-05-27 00:00:00+00:00, run_after=2025-05-28 00:00:00+00:00
[2025-05-28T18:13:40.902+0100] {processor.py:208} INFO - Processing /home/mohammed/venv/lib/python3.11/site-packages/airflow/example_dags/example_branch_datetime_operator.py took 0.165 seconds
[2025-05-28T18:14:11.471+0100] {processor.py:186} INFO - Started process (PID=8378) to work on /home/mohammed/venv/lib/python3.11/site-packages/airflow/example_dags/example_branch_datetime_operator.py
[2025-05-28T18:14:11.472+0100] {processor.py:914} INFO - Processing file /home/mohammed/venv/lib/python3.11/site-packages/airflow/example_dags/example_branch_datetime_operator.py for tasks to queue
[2025-05-28T18:14:11.475+0100] {logging_mixin.py:190} INFO - [2025-05-28T18:14:11.475+0100] {dagbag.py:588} INFO - Filling up the DagBag from /home/mohammed/venv/lib/python3.11/site-packages/airflow/example_dags/example_branch_datetime_operator.py
[2025-05-28T18:14:11.492+0100] {processor.py:925} INFO - DAG(s) 'example_branch_datetime_operator_3', 'example_branch_datetime_operator', 'example_branch_datetime_operator_2' retrieved from /home/mohammed/venv/lib/python3.11/site-packages/airflow/example_dags/example_branch_datetime_operator.py
[2025-05-28T18:14:11.556+0100] {logging_mixin.py:190} INFO - [2025-05-28T18:14:11.556+0100] {dag.py:3239} INFO - Sync 3 DAGs
[2025-05-28T18:14:11.604+0100] {logging_mixin.py:190} INFO - [2025-05-28T18:14:11.604+0100] {dag.py:4180} INFO - Setting next_dagrun for example_branch_datetime_operator to 2025-05-27 00:00:00+00:00, run_after=2025-05-28 00:00:00+00:00
[2025-05-28T18:14:11.613+0100] {logging_mixin.py:190} INFO - [2025-05-28T18:14:11.613+0100] {dag.py:4180} INFO - Setting next_dagrun for example_branch_datetime_operator_2 to 2025-05-27 00:00:00+00:00, run_after=2025-05-28 00:00:00+00:00
[2025-05-28T18:14:11.618+0100] {logging_mixin.py:190} INFO - [2025-05-28T18:14:11.617+0100] {dag.py:4180} INFO - Setting next_dagrun for example_branch_datetime_operator_3 to 2025-05-27 00:00:00+00:00, run_after=2025-05-28 00:00:00+00:00
[2025-05-28T18:14:11.663+0100] {processor.py:208} INFO - Processing /home/mohammed/venv/lib/python3.11/site-packages/airflow/example_dags/example_branch_datetime_operator.py took 0.201 seconds
[2025-05-28T18:14:42.759+0100] {processor.py:186} INFO - Started process (PID=8996) to work on /home/mohammed/venv/lib/python3.11/site-packages/airflow/example_dags/example_branch_datetime_operator.py
[2025-05-28T18:14:42.762+0100] {processor.py:914} INFO - Processing file /home/mohammed/venv/lib/python3.11/site-packages/airflow/example_dags/example_branch_datetime_operator.py for tasks to queue
[2025-05-28T18:14:42.766+0100] {logging_mixin.py:190} INFO - [2025-05-28T18:14:42.765+0100] {dagbag.py:588} INFO - Filling up the DagBag from /home/mohammed/venv/lib/python3.11/site-packages/airflow/example_dags/example_branch_datetime_operator.py
[2025-05-28T18:14:42.801+0100] {processor.py:925} INFO - DAG(s) 'example_branch_datetime_operator', 'example_branch_datetime_operator_2', 'example_branch_datetime_operator_3' retrieved from /home/mohammed/venv/lib/python3.11/site-packages/airflow/example_dags/example_branch_datetime_operator.py
[2025-05-28T18:14:42.883+0100] {logging_mixin.py:190} INFO - [2025-05-28T18:14:42.883+0100] {dag.py:3239} INFO - Sync 3 DAGs
[2025-05-28T18:14:42.950+0100] {logging_mixin.py:190} INFO - [2025-05-28T18:14:42.949+0100] {dag.py:4180} INFO - Setting next_dagrun for example_branch_datetime_operator to 2025-05-27 00:00:00+00:00, run_after=2025-05-28 00:00:00+00:00
[2025-05-28T18:14:42.961+0100] {logging_mixin.py:190} INFO - [2025-05-28T18:14:42.961+0100] {dag.py:4180} INFO - Setting next_dagrun for example_branch_datetime_operator_2 to 2025-05-27 00:00:00+00:00, run_after=2025-05-28 00:00:00+00:00
[2025-05-28T18:14:42.966+0100] {logging_mixin.py:190} INFO - [2025-05-28T18:14:42.966+0100] {dag.py:4180} INFO - Setting next_dagrun for example_branch_datetime_operator_3 to 2025-05-27 00:00:00+00:00, run_after=2025-05-28 00:00:00+00:00
[2025-05-28T18:14:43.006+0100] {processor.py:208} INFO - Processing /home/mohammed/venv/lib/python3.11/site-packages/airflow/example_dags/example_branch_datetime_operator.py took 0.262 seconds
[2025-05-28T18:15:21.358+0100] {processor.py:186} INFO - Started process (PID=9976) to work on /home/mohammed/venv/lib/python3.11/site-packages/airflow/example_dags/example_branch_datetime_operator.py
[2025-05-28T18:15:21.363+0100] {processor.py:914} INFO - Processing file /home/mohammed/venv/lib/python3.11/site-packages/airflow/example_dags/example_branch_datetime_operator.py for tasks to queue
[2025-05-28T18:15:21.384+0100] {logging_mixin.py:190} INFO - [2025-05-28T18:15:21.382+0100] {dagbag.py:588} INFO - Filling up the DagBag from /home/mohammed/venv/lib/python3.11/site-packages/airflow/example_dags/example_branch_datetime_operator.py
[2025-05-28T18:15:21.434+0100] {processor.py:925} INFO - DAG(s) 'example_branch_datetime_operator_3', 'example_branch_datetime_operator', 'example_branch_datetime_operator_2' retrieved from /home/mohammed/venv/lib/python3.11/site-packages/airflow/example_dags/example_branch_datetime_operator.py
[2025-05-28T18:15:21.568+0100] {logging_mixin.py:190} INFO - [2025-05-28T18:15:21.568+0100] {dag.py:3239} INFO - Sync 3 DAGs
[2025-05-28T18:15:21.730+0100] {logging_mixin.py:190} INFO - [2025-05-28T18:15:21.729+0100] {dag.py:4180} INFO - Setting next_dagrun for example_branch_datetime_operator to 2025-05-27 00:00:00+00:00, run_after=2025-05-28 00:00:00+00:00
[2025-05-28T18:15:21.742+0100] {logging_mixin.py:190} INFO - [2025-05-28T18:15:21.742+0100] {dag.py:4180} INFO - Setting next_dagrun for example_branch_datetime_operator_2 to 2025-05-27 00:00:00+00:00, run_after=2025-05-28 00:00:00+00:00
[2025-05-28T18:15:21.752+0100] {logging_mixin.py:190} INFO - [2025-05-28T18:15:21.751+0100] {dag.py:4180} INFO - Setting next_dagrun for example_branch_datetime_operator_3 to 2025-05-27 00:00:00+00:00, run_after=2025-05-28 00:00:00+00:00
[2025-05-28T18:15:21.841+0100] {processor.py:208} INFO - Processing /home/mohammed/venv/lib/python3.11/site-packages/airflow/example_dags/example_branch_datetime_operator.py took 0.505 seconds
[2025-05-28T18:15:52.452+0100] {processor.py:186} INFO - Started process (PID=10653) to work on /home/mohammed/venv/lib/python3.11/site-packages/airflow/example_dags/example_branch_datetime_operator.py
[2025-05-28T18:15:52.454+0100] {processor.py:914} INFO - Processing file /home/mohammed/venv/lib/python3.11/site-packages/airflow/example_dags/example_branch_datetime_operator.py for tasks to queue
[2025-05-28T18:15:52.458+0100] {logging_mixin.py:190} INFO - [2025-05-28T18:15:52.457+0100] {dagbag.py:588} INFO - Filling up the DagBag from /home/mohammed/venv/lib/python3.11/site-packages/airflow/example_dags/example_branch_datetime_operator.py
[2025-05-28T18:15:52.478+0100] {processor.py:925} INFO - DAG(s) 'example_branch_datetime_operator', 'example_branch_datetime_operator_2', 'example_branch_datetime_operator_3' retrieved from /home/mohammed/venv/lib/python3.11/site-packages/airflow/example_dags/example_branch_datetime_operator.py
[2025-05-28T18:15:52.524+0100] {logging_mixin.py:190} INFO - [2025-05-28T18:15:52.524+0100] {dag.py:3239} INFO - Sync 3 DAGs
[2025-05-28T18:15:52.561+0100] {logging_mixin.py:190} INFO - [2025-05-28T18:15:52.561+0100] {dag.py:4180} INFO - Setting next_dagrun for example_branch_datetime_operator to 2025-05-27 00:00:00+00:00, run_after=2025-05-28 00:00:00+00:00
[2025-05-28T18:15:52.569+0100] {logging_mixin.py:190} INFO - [2025-05-28T18:15:52.569+0100] {dag.py:4180} INFO - Setting next_dagrun for example_branch_datetime_operator_2 to 2025-05-27 00:00:00+00:00, run_after=2025-05-28 00:00:00+00:00
[2025-05-28T18:15:52.572+0100] {logging_mixin.py:190} INFO - [2025-05-28T18:15:52.572+0100] {dag.py:4180} INFO - Setting next_dagrun for example_branch_datetime_operator_3 to 2025-05-27 00:00:00+00:00, run_after=2025-05-28 00:00:00+00:00
[2025-05-28T18:15:52.604+0100] {processor.py:208} INFO - Processing /home/mohammed/venv/lib/python3.11/site-packages/airflow/example_dags/example_branch_datetime_operator.py took 0.161 seconds
[2025-05-28T18:16:22.747+0100] {processor.py:186} INFO - Started process (PID=11257) to work on /home/mohammed/venv/lib/python3.11/site-packages/airflow/example_dags/example_branch_datetime_operator.py
[2025-05-28T18:16:22.748+0100] {processor.py:914} INFO - Processing file /home/mohammed/venv/lib/python3.11/site-packages/airflow/example_dags/example_branch_datetime_operator.py for tasks to queue
[2025-05-28T18:16:22.751+0100] {logging_mixin.py:190} INFO - [2025-05-28T18:16:22.751+0100] {dagbag.py:588} INFO - Filling up the DagBag from /home/mohammed/venv/lib/python3.11/site-packages/airflow/example_dags/example_branch_datetime_operator.py
[2025-05-28T18:16:22.766+0100] {processor.py:925} INFO - DAG(s) 'example_branch_datetime_operator_2', 'example_branch_datetime_operator_3', 'example_branch_datetime_operator' retrieved from /home/mohammed/venv/lib/python3.11/site-packages/airflow/example_dags/example_branch_datetime_operator.py
[2025-05-28T18:16:22.812+0100] {logging_mixin.py:190} INFO - [2025-05-28T18:16:22.812+0100] {dag.py:3239} INFO - Sync 3 DAGs
[2025-05-28T18:16:22.847+0100] {logging_mixin.py:190} INFO - [2025-05-28T18:16:22.847+0100] {dag.py:4180} INFO - Setting next_dagrun for example_branch_datetime_operator to 2025-05-27 00:00:00+00:00, run_after=2025-05-28 00:00:00+00:00
[2025-05-28T18:16:22.853+0100] {logging_mixin.py:190} INFO - [2025-05-28T18:16:22.853+0100] {dag.py:4180} INFO - Setting next_dagrun for example_branch_datetime_operator_2 to 2025-05-27 00:00:00+00:00, run_after=2025-05-28 00:00:00+00:00
[2025-05-28T18:16:22.858+0100] {logging_mixin.py:190} INFO - [2025-05-28T18:16:22.858+0100] {dag.py:4180} INFO - Setting next_dagrun for example_branch_datetime_operator_3 to 2025-05-27 00:00:00+00:00, run_after=2025-05-28 00:00:00+00:00
[2025-05-28T18:16:22.882+0100] {processor.py:208} INFO - Processing /home/mohammed/venv/lib/python3.11/site-packages/airflow/example_dags/example_branch_datetime_operator.py took 0.142 seconds
[2025-05-28T18:16:54.579+0100] {processor.py:186} INFO - Started process (PID=11783) to work on /home/mohammed/venv/lib/python3.11/site-packages/airflow/example_dags/example_branch_datetime_operator.py
[2025-05-28T18:16:54.581+0100] {processor.py:914} INFO - Processing file /home/mohammed/venv/lib/python3.11/site-packages/airflow/example_dags/example_branch_datetime_operator.py for tasks to queue
[2025-05-28T18:16:54.584+0100] {logging_mixin.py:190} INFO - [2025-05-28T18:16:54.583+0100] {dagbag.py:588} INFO - Filling up the DagBag from /home/mohammed/venv/lib/python3.11/site-packages/airflow/example_dags/example_branch_datetime_operator.py
[2025-05-28T18:16:54.611+0100] {processor.py:925} INFO - DAG(s) 'example_branch_datetime_operator', 'example_branch_datetime_operator_2', 'example_branch_datetime_operator_3' retrieved from /home/mohammed/venv/lib/python3.11/site-packages/airflow/example_dags/example_branch_datetime_operator.py
[2025-05-28T18:16:54.661+0100] {logging_mixin.py:190} INFO - [2025-05-28T18:16:54.661+0100] {dag.py:3239} INFO - Sync 3 DAGs
[2025-05-28T18:16:54.698+0100] {logging_mixin.py:190} INFO - [2025-05-28T18:16:54.698+0100] {dag.py:4180} INFO - Setting next_dagrun for example_branch_datetime_operator to 2025-05-27 00:00:00+00:00, run_after=2025-05-28 00:00:00+00:00
[2025-05-28T18:16:54.705+0100] {logging_mixin.py:190} INFO - [2025-05-28T18:16:54.704+0100] {dag.py:4180} INFO - Setting next_dagrun for example_branch_datetime_operator_2 to 2025-05-27 00:00:00+00:00, run_after=2025-05-28 00:00:00+00:00
[2025-05-28T18:16:54.708+0100] {logging_mixin.py:190} INFO - [2025-05-28T18:16:54.708+0100] {dag.py:4180} INFO - Setting next_dagrun for example_branch_datetime_operator_3 to 2025-05-27 00:00:00+00:00, run_after=2025-05-28 00:00:00+00:00
[2025-05-28T18:16:54.733+0100] {processor.py:208} INFO - Processing /home/mohammed/venv/lib/python3.11/site-packages/airflow/example_dags/example_branch_datetime_operator.py took 0.166 seconds
[2025-05-28T18:17:27.334+0100] {processor.py:186} INFO - Started process (PID=12461) to work on /home/mohammed/venv/lib/python3.11/site-packages/airflow/example_dags/example_branch_datetime_operator.py
[2025-05-28T18:17:27.336+0100] {processor.py:914} INFO - Processing file /home/mohammed/venv/lib/python3.11/site-packages/airflow/example_dags/example_branch_datetime_operator.py for tasks to queue
[2025-05-28T18:17:27.340+0100] {logging_mixin.py:190} INFO - [2025-05-28T18:17:27.339+0100] {dagbag.py:588} INFO - Filling up the DagBag from /home/mohammed/venv/lib/python3.11/site-packages/airflow/example_dags/example_branch_datetime_operator.py
[2025-05-28T18:17:27.360+0100] {processor.py:925} INFO - DAG(s) 'example_branch_datetime_operator', 'example_branch_datetime_operator_3', 'example_branch_datetime_operator_2' retrieved from /home/mohammed/venv/lib/python3.11/site-packages/airflow/example_dags/example_branch_datetime_operator.py
[2025-05-28T18:17:27.419+0100] {logging_mixin.py:190} INFO - [2025-05-28T18:17:27.418+0100] {dag.py:3239} INFO - Sync 3 DAGs
[2025-05-28T18:17:27.475+0100] {logging_mixin.py:190} INFO - [2025-05-28T18:17:27.474+0100] {dag.py:4180} INFO - Setting next_dagrun for example_branch_datetime_operator to 2025-05-27 00:00:00+00:00, run_after=2025-05-28 00:00:00+00:00
[2025-05-28T18:17:27.483+0100] {logging_mixin.py:190} INFO - [2025-05-28T18:17:27.483+0100] {dag.py:4180} INFO - Setting next_dagrun for example_branch_datetime_operator_2 to 2025-05-27 00:00:00+00:00, run_after=2025-05-28 00:00:00+00:00
[2025-05-28T18:17:28.588+0100] {logging_mixin.py:190} INFO - [2025-05-28T18:17:28.588+0100] {process_utils.py:266} INFO - Waiting up to 5 seconds for processes to exit...
