[2025-05-28T18:09:25.514+0100] {processor.py:186} INFO - Started process (PID=1435) to work on /home/mohammed/venv/lib/python3.11/site-packages/airflow/example_dags/example_branch_operator_decorator.py
[2025-05-28T18:09:25.516+0100] {processor.py:914} INFO - Processing file /home/mohammed/venv/lib/python3.11/site-packages/airflow/example_dags/example_branch_operator_decorator.py for tasks to queue
[2025-05-28T18:09:25.521+0100] {logging_mixin.py:190} INFO - [2025-05-28T18:09:25.520+0100] {dagbag.py:588} INFO - Filling up the DagBag from /home/mohammed/venv/lib/python3.11/site-packages/airflow/example_dags/example_branch_operator_decorator.py
[2025-05-28T18:09:25.753+0100] {processor.py:925} INFO - DAG(s) 'example_branch_python_operator_decorator' retrieved from /home/mohammed/venv/lib/python3.11/site-packages/airflow/example_dags/example_branch_operator_decorator.py
[2025-05-28T18:09:27.089+0100] {logging_mixin.py:190} INFO - [2025-05-28T18:09:27.088+0100] {dag.py:3239} INFO - Sync 1 DAGs
[2025-05-28T18:09:27.302+0100] {logging_mixin.py:190} INFO - [2025-05-28T18:09:27.302+0100] {dag.py:4180} INFO - Setting next_dagrun for example_branch_python_operator_decorator to 2025-05-27 00:00:00+00:00, run_after=2025-05-28 00:00:00+00:00
[2025-05-28T18:09:27.447+0100] {processor.py:208} INFO - Processing /home/mohammed/venv/lib/python3.11/site-packages/airflow/example_dags/example_branch_operator_decorator.py took 1.954 seconds
[2025-05-28T18:10:04.587+0100] {processor.py:186} INFO - Started process (PID=2485) to work on /home/mohammed/venv/lib/python3.11/site-packages/airflow/example_dags/example_branch_operator_decorator.py
[2025-05-28T18:10:04.621+0100] {processor.py:914} INFO - Processing file /home/mohammed/venv/lib/python3.11/site-packages/airflow/example_dags/example_branch_operator_decorator.py for tasks to queue
[2025-05-28T18:10:04.625+0100] {logging_mixin.py:190} INFO - [2025-05-28T18:10:04.624+0100] {dagbag.py:588} INFO - Filling up the DagBag from /home/mohammed/venv/lib/python3.11/site-packages/airflow/example_dags/example_branch_operator_decorator.py
[2025-05-28T18:10:04.677+0100] {processor.py:925} INFO - DAG(s) 'example_branch_python_operator_decorator' retrieved from /home/mohammed/venv/lib/python3.11/site-packages/airflow/example_dags/example_branch_operator_decorator.py
[2025-05-28T18:10:04.737+0100] {logging_mixin.py:190} INFO - [2025-05-28T18:10:04.737+0100] {dag.py:3239} INFO - Sync 1 DAGs
[2025-05-28T18:10:04.831+0100] {logging_mixin.py:190} INFO - [2025-05-28T18:10:04.831+0100] {dag.py:4180} INFO - Setting next_dagrun for example_branch_python_operator_decorator to 2025-05-27 00:00:00+00:00, run_after=2025-05-28 00:00:00+00:00
[2025-05-28T18:10:04.894+0100] {processor.py:208} INFO - Processing /home/mohammed/venv/lib/python3.11/site-packages/airflow/example_dags/example_branch_operator_decorator.py took 0.321 seconds
[2025-05-28T18:10:35.612+0100] {processor.py:186} INFO - Started process (PID=2967) to work on /home/mohammed/venv/lib/python3.11/site-packages/airflow/example_dags/example_branch_operator_decorator.py
[2025-05-28T18:10:35.614+0100] {processor.py:914} INFO - Processing file /home/mohammed/venv/lib/python3.11/site-packages/airflow/example_dags/example_branch_operator_decorator.py for tasks to queue
[2025-05-28T18:10:35.619+0100] {logging_mixin.py:190} INFO - [2025-05-28T18:10:35.618+0100] {dagbag.py:588} INFO - Filling up the DagBag from /home/mohammed/venv/lib/python3.11/site-packages/airflow/example_dags/example_branch_operator_decorator.py
[2025-05-28T18:10:35.716+0100] {processor.py:925} INFO - DAG(s) 'example_branch_python_operator_decorator' retrieved from /home/mohammed/venv/lib/python3.11/site-packages/airflow/example_dags/example_branch_operator_decorator.py
[2025-05-28T18:10:35.894+0100] {logging_mixin.py:190} INFO - [2025-05-28T18:10:35.894+0100] {dag.py:3239} INFO - Sync 1 DAGs
[2025-05-28T18:10:36.011+0100] {logging_mixin.py:190} INFO - [2025-05-28T18:10:36.009+0100] {dag.py:4180} INFO - Setting next_dagrun for example_branch_python_operator_decorator to 2025-05-27 00:00:00+00:00, run_after=2025-05-28 00:00:00+00:00
[2025-05-28T18:10:36.129+0100] {processor.py:208} INFO - Processing /home/mohammed/venv/lib/python3.11/site-packages/airflow/example_dags/example_branch_operator_decorator.py took 0.533 seconds
[2025-05-28T18:11:07.016+0100] {processor.py:186} INFO - Started process (PID=3803) to work on /home/mohammed/venv/lib/python3.11/site-packages/airflow/example_dags/example_branch_operator_decorator.py
[2025-05-28T18:11:07.018+0100] {processor.py:914} INFO - Processing file /home/mohammed/venv/lib/python3.11/site-packages/airflow/example_dags/example_branch_operator_decorator.py for tasks to queue
[2025-05-28T18:11:07.022+0100] {logging_mixin.py:190} INFO - [2025-05-28T18:11:07.022+0100] {dagbag.py:588} INFO - Filling up the DagBag from /home/mohammed/venv/lib/python3.11/site-packages/airflow/example_dags/example_branch_operator_decorator.py
[2025-05-28T18:11:07.062+0100] {processor.py:925} INFO - DAG(s) 'example_branch_python_operator_decorator' retrieved from /home/mohammed/venv/lib/python3.11/site-packages/airflow/example_dags/example_branch_operator_decorator.py
[2025-05-28T18:11:07.121+0100] {logging_mixin.py:190} INFO - [2025-05-28T18:11:07.121+0100] {dag.py:3239} INFO - Sync 1 DAGs
[2025-05-28T18:11:07.160+0100] {logging_mixin.py:190} INFO - [2025-05-28T18:11:07.160+0100] {dag.py:4180} INFO - Setting next_dagrun for example_branch_python_operator_decorator to 2025-05-27 00:00:00+00:00, run_after=2025-05-28 00:00:00+00:00
[2025-05-28T18:11:07.193+0100] {processor.py:208} INFO - Processing /home/mohammed/venv/lib/python3.11/site-packages/airflow/example_dags/example_branch_operator_decorator.py took 0.189 seconds
[2025-05-28T18:11:37.418+0100] {processor.py:186} INFO - Started process (PID=4579) to work on /home/mohammed/venv/lib/python3.11/site-packages/airflow/example_dags/example_branch_operator_decorator.py
[2025-05-28T18:11:37.420+0100] {processor.py:914} INFO - Processing file /home/mohammed/venv/lib/python3.11/site-packages/airflow/example_dags/example_branch_operator_decorator.py for tasks to queue
[2025-05-28T18:11:37.424+0100] {logging_mixin.py:190} INFO - [2025-05-28T18:11:37.423+0100] {dagbag.py:588} INFO - Filling up the DagBag from /home/mohammed/venv/lib/python3.11/site-packages/airflow/example_dags/example_branch_operator_decorator.py
[2025-05-28T18:11:37.483+0100] {processor.py:925} INFO - DAG(s) 'example_branch_python_operator_decorator' retrieved from /home/mohammed/venv/lib/python3.11/site-packages/airflow/example_dags/example_branch_operator_decorator.py
[2025-05-28T18:11:37.545+0100] {logging_mixin.py:190} INFO - [2025-05-28T18:11:37.544+0100] {dag.py:3239} INFO - Sync 1 DAGs
[2025-05-28T18:11:37.581+0100] {logging_mixin.py:190} INFO - [2025-05-28T18:11:37.581+0100] {dag.py:4180} INFO - Setting next_dagrun for example_branch_python_operator_decorator to 2025-05-27 00:00:00+00:00, run_after=2025-05-28 00:00:00+00:00
[2025-05-28T18:11:37.614+0100] {processor.py:208} INFO - Processing /home/mohammed/venv/lib/python3.11/site-packages/airflow/example_dags/example_branch_operator_decorator.py took 0.210 seconds
[2025-05-28T18:12:07.759+0100] {processor.py:186} INFO - Started process (PID=5362) to work on /home/mohammed/venv/lib/python3.11/site-packages/airflow/example_dags/example_branch_operator_decorator.py
[2025-05-28T18:12:07.760+0100] {processor.py:914} INFO - Processing file /home/mohammed/venv/lib/python3.11/site-packages/airflow/example_dags/example_branch_operator_decorator.py for tasks to queue
[2025-05-28T18:12:07.766+0100] {logging_mixin.py:190} INFO - [2025-05-28T18:12:07.765+0100] {dagbag.py:588} INFO - Filling up the DagBag from /home/mohammed/venv/lib/python3.11/site-packages/airflow/example_dags/example_branch_operator_decorator.py
[2025-05-28T18:12:07.810+0100] {processor.py:925} INFO - DAG(s) 'example_branch_python_operator_decorator' retrieved from /home/mohammed/venv/lib/python3.11/site-packages/airflow/example_dags/example_branch_operator_decorator.py
[2025-05-28T18:12:07.861+0100] {logging_mixin.py:190} INFO - [2025-05-28T18:12:07.861+0100] {dag.py:3239} INFO - Sync 1 DAGs
[2025-05-28T18:12:07.900+0100] {logging_mixin.py:190} INFO - [2025-05-28T18:12:07.900+0100] {dag.py:4180} INFO - Setting next_dagrun for example_branch_python_operator_decorator to 2025-05-27 00:00:00+00:00, run_after=2025-05-28 00:00:00+00:00
[2025-05-28T18:12:07.936+0100] {processor.py:208} INFO - Processing /home/mohammed/venv/lib/python3.11/site-packages/airflow/example_dags/example_branch_operator_decorator.py took 0.188 seconds
[2025-05-28T18:12:38.405+0100] {processor.py:186} INFO - Started process (PID=6170) to work on /home/mohammed/venv/lib/python3.11/site-packages/airflow/example_dags/example_branch_operator_decorator.py
[2025-05-28T18:12:38.407+0100] {processor.py:914} INFO - Processing file /home/mohammed/venv/lib/python3.11/site-packages/airflow/example_dags/example_branch_operator_decorator.py for tasks to queue
[2025-05-28T18:12:38.409+0100] {logging_mixin.py:190} INFO - [2025-05-28T18:12:38.409+0100] {dagbag.py:588} INFO - Filling up the DagBag from /home/mohammed/venv/lib/python3.11/site-packages/airflow/example_dags/example_branch_operator_decorator.py
[2025-05-28T18:12:38.444+0100] {processor.py:925} INFO - DAG(s) 'example_branch_python_operator_decorator' retrieved from /home/mohammed/venv/lib/python3.11/site-packages/airflow/example_dags/example_branch_operator_decorator.py
[2025-05-28T18:12:38.512+0100] {logging_mixin.py:190} INFO - [2025-05-28T18:12:38.512+0100] {dag.py:3239} INFO - Sync 1 DAGs
[2025-05-28T18:12:38.557+0100] {logging_mixin.py:190} INFO - [2025-05-28T18:12:38.556+0100] {dag.py:4180} INFO - Setting next_dagrun for example_branch_python_operator_decorator to 2025-05-27 00:00:00+00:00, run_after=2025-05-28 00:00:00+00:00
[2025-05-28T18:12:38.597+0100] {processor.py:208} INFO - Processing /home/mohammed/venv/lib/python3.11/site-packages/airflow/example_dags/example_branch_operator_decorator.py took 0.200 seconds
[2025-05-28T18:13:10.046+0100] {processor.py:186} INFO - Started process (PID=6868) to work on /home/mohammed/venv/lib/python3.11/site-packages/airflow/example_dags/example_branch_operator_decorator.py
[2025-05-28T18:13:10.048+0100] {processor.py:914} INFO - Processing file /home/mohammed/venv/lib/python3.11/site-packages/airflow/example_dags/example_branch_operator_decorator.py for tasks to queue
[2025-05-28T18:13:10.051+0100] {logging_mixin.py:190} INFO - [2025-05-28T18:13:10.051+0100] {dagbag.py:588} INFO - Filling up the DagBag from /home/mohammed/venv/lib/python3.11/site-packages/airflow/example_dags/example_branch_operator_decorator.py
[2025-05-28T18:13:10.098+0100] {processor.py:925} INFO - DAG(s) 'example_branch_python_operator_decorator' retrieved from /home/mohammed/venv/lib/python3.11/site-packages/airflow/example_dags/example_branch_operator_decorator.py
[2025-05-28T18:13:10.152+0100] {logging_mixin.py:190} INFO - [2025-05-28T18:13:10.151+0100] {dag.py:3239} INFO - Sync 1 DAGs
[2025-05-28T18:13:10.191+0100] {logging_mixin.py:190} INFO - [2025-05-28T18:13:10.191+0100] {dag.py:4180} INFO - Setting next_dagrun for example_branch_python_operator_decorator to 2025-05-27 00:00:00+00:00, run_after=2025-05-28 00:00:00+00:00
[2025-05-28T18:13:10.230+0100] {processor.py:208} INFO - Processing /home/mohammed/venv/lib/python3.11/site-packages/airflow/example_dags/example_branch_operator_decorator.py took 0.196 seconds
[2025-05-28T18:13:40.337+0100] {processor.py:186} INFO - Started process (PID=7567) to work on /home/mohammed/venv/lib/python3.11/site-packages/airflow/example_dags/example_branch_operator_decorator.py
[2025-05-28T18:13:40.338+0100] {processor.py:914} INFO - Processing file /home/mohammed/venv/lib/python3.11/site-packages/airflow/example_dags/example_branch_operator_decorator.py for tasks to queue
[2025-05-28T18:13:40.342+0100] {logging_mixin.py:190} INFO - [2025-05-28T18:13:40.341+0100] {dagbag.py:588} INFO - Filling up the DagBag from /home/mohammed/venv/lib/python3.11/site-packages/airflow/example_dags/example_branch_operator_decorator.py
[2025-05-28T18:13:40.389+0100] {processor.py:925} INFO - DAG(s) 'example_branch_python_operator_decorator' retrieved from /home/mohammed/venv/lib/python3.11/site-packages/airflow/example_dags/example_branch_operator_decorator.py
[2025-05-28T18:13:40.462+0100] {logging_mixin.py:190} INFO - [2025-05-28T18:13:40.462+0100] {dag.py:3239} INFO - Sync 1 DAGs
[2025-05-28T18:13:40.520+0100] {logging_mixin.py:190} INFO - [2025-05-28T18:13:40.520+0100] {dag.py:4180} INFO - Setting next_dagrun for example_branch_python_operator_decorator to 2025-05-27 00:00:00+00:00, run_after=2025-05-28 00:00:00+00:00
[2025-05-28T18:13:40.562+0100] {processor.py:208} INFO - Processing /home/mohammed/venv/lib/python3.11/site-packages/airflow/example_dags/example_branch_operator_decorator.py took 0.237 seconds
[2025-05-28T18:14:11.205+0100] {processor.py:186} INFO - Started process (PID=8358) to work on /home/mohammed/venv/lib/python3.11/site-packages/airflow/example_dags/example_branch_operator_decorator.py
[2025-05-28T18:14:11.222+0100] {processor.py:914} INFO - Processing file /home/mohammed/venv/lib/python3.11/site-packages/airflow/example_dags/example_branch_operator_decorator.py for tasks to queue
[2025-05-28T18:14:11.227+0100] {logging_mixin.py:190} INFO - [2025-05-28T18:14:11.226+0100] {dagbag.py:588} INFO - Filling up the DagBag from /home/mohammed/venv/lib/python3.11/site-packages/airflow/example_dags/example_branch_operator_decorator.py
[2025-05-28T18:14:11.257+0100] {processor.py:925} INFO - DAG(s) 'example_branch_python_operator_decorator' retrieved from /home/mohammed/venv/lib/python3.11/site-packages/airflow/example_dags/example_branch_operator_decorator.py
[2025-05-28T18:14:11.313+0100] {logging_mixin.py:190} INFO - [2025-05-28T18:14:11.313+0100] {dag.py:3239} INFO - Sync 1 DAGs
[2025-05-28T18:14:11.389+0100] {logging_mixin.py:190} INFO - [2025-05-28T18:14:11.389+0100] {dag.py:4180} INFO - Setting next_dagrun for example_branch_python_operator_decorator to 2025-05-27 00:00:00+00:00, run_after=2025-05-28 00:00:00+00:00
[2025-05-28T18:14:11.429+0100] {processor.py:208} INFO - Processing /home/mohammed/venv/lib/python3.11/site-packages/airflow/example_dags/example_branch_operator_decorator.py took 0.232 seconds
[2025-05-28T18:14:42.455+0100] {processor.py:186} INFO - Started process (PID=8984) to work on /home/mohammed/venv/lib/python3.11/site-packages/airflow/example_dags/example_branch_operator_decorator.py
[2025-05-28T18:14:42.457+0100] {processor.py:914} INFO - Processing file /home/mohammed/venv/lib/python3.11/site-packages/airflow/example_dags/example_branch_operator_decorator.py for tasks to queue
[2025-05-28T18:14:42.461+0100] {logging_mixin.py:190} INFO - [2025-05-28T18:14:42.461+0100] {dagbag.py:588} INFO - Filling up the DagBag from /home/mohammed/venv/lib/python3.11/site-packages/airflow/example_dags/example_branch_operator_decorator.py
[2025-05-28T18:14:42.513+0100] {processor.py:925} INFO - DAG(s) 'example_branch_python_operator_decorator' retrieved from /home/mohammed/venv/lib/python3.11/site-packages/airflow/example_dags/example_branch_operator_decorator.py
[2025-05-28T18:14:42.594+0100] {logging_mixin.py:190} INFO - [2025-05-28T18:14:42.594+0100] {dag.py:3239} INFO - Sync 1 DAGs
[2025-05-28T18:14:42.645+0100] {logging_mixin.py:190} INFO - [2025-05-28T18:14:42.645+0100] {dag.py:4180} INFO - Setting next_dagrun for example_branch_python_operator_decorator to 2025-05-27 00:00:00+00:00, run_after=2025-05-28 00:00:00+00:00
[2025-05-28T18:14:42.691+0100] {processor.py:208} INFO - Processing /home/mohammed/venv/lib/python3.11/site-packages/airflow/example_dags/example_branch_operator_decorator.py took 0.254 seconds
[2025-05-28T18:15:20.769+0100] {processor.py:186} INFO - Started process (PID=9964) to work on /home/mohammed/venv/lib/python3.11/site-packages/airflow/example_dags/example_branch_operator_decorator.py
[2025-05-28T18:15:20.773+0100] {processor.py:914} INFO - Processing file /home/mohammed/venv/lib/python3.11/site-packages/airflow/example_dags/example_branch_operator_decorator.py for tasks to queue
[2025-05-28T18:15:20.778+0100] {logging_mixin.py:190} INFO - [2025-05-28T18:15:20.777+0100] {dagbag.py:588} INFO - Filling up the DagBag from /home/mohammed/venv/lib/python3.11/site-packages/airflow/example_dags/example_branch_operator_decorator.py
[2025-05-28T18:15:20.867+0100] {processor.py:925} INFO - DAG(s) 'example_branch_python_operator_decorator' retrieved from /home/mohammed/venv/lib/python3.11/site-packages/airflow/example_dags/example_branch_operator_decorator.py
[2025-05-28T18:15:20.997+0100] {logging_mixin.py:190} INFO - [2025-05-28T18:15:20.997+0100] {dag.py:3239} INFO - Sync 1 DAGs
[2025-05-28T18:15:21.127+0100] {logging_mixin.py:190} INFO - [2025-05-28T18:15:21.127+0100] {dag.py:4180} INFO - Setting next_dagrun for example_branch_python_operator_decorator to 2025-05-27 00:00:00+00:00, run_after=2025-05-28 00:00:00+00:00
[2025-05-28T18:15:21.221+0100] {processor.py:208} INFO - Processing /home/mohammed/venv/lib/python3.11/site-packages/airflow/example_dags/example_branch_operator_decorator.py took 0.469 seconds
[2025-05-28T18:15:51.902+0100] {processor.py:186} INFO - Started process (PID=10638) to work on /home/mohammed/venv/lib/python3.11/site-packages/airflow/example_dags/example_branch_operator_decorator.py
[2025-05-28T18:15:51.904+0100] {processor.py:914} INFO - Processing file /home/mohammed/venv/lib/python3.11/site-packages/airflow/example_dags/example_branch_operator_decorator.py for tasks to queue
[2025-05-28T18:15:51.910+0100] {logging_mixin.py:190} INFO - [2025-05-28T18:15:51.909+0100] {dagbag.py:588} INFO - Filling up the DagBag from /home/mohammed/venv/lib/python3.11/site-packages/airflow/example_dags/example_branch_operator_decorator.py
[2025-05-28T18:15:51.972+0100] {processor.py:925} INFO - DAG(s) 'example_branch_python_operator_decorator' retrieved from /home/mohammed/venv/lib/python3.11/site-packages/airflow/example_dags/example_branch_operator_decorator.py
[2025-05-28T18:15:52.055+0100] {logging_mixin.py:190} INFO - [2025-05-28T18:15:52.054+0100] {dag.py:3239} INFO - Sync 1 DAGs
[2025-05-28T18:15:52.108+0100] {logging_mixin.py:190} INFO - [2025-05-28T18:15:52.107+0100] {dag.py:4180} INFO - Setting next_dagrun for example_branch_python_operator_decorator to 2025-05-27 00:00:00+00:00, run_after=2025-05-28 00:00:00+00:00
[2025-05-28T18:15:52.256+0100] {processor.py:208} INFO - Processing /home/mohammed/venv/lib/python3.11/site-packages/airflow/example_dags/example_branch_operator_decorator.py took 0.372 seconds
[2025-05-28T18:16:22.397+0100] {processor.py:186} INFO - Started process (PID=11242) to work on /home/mohammed/venv/lib/python3.11/site-packages/airflow/example_dags/example_branch_operator_decorator.py
[2025-05-28T18:16:22.398+0100] {processor.py:914} INFO - Processing file /home/mohammed/venv/lib/python3.11/site-packages/airflow/example_dags/example_branch_operator_decorator.py for tasks to queue
[2025-05-28T18:16:22.402+0100] {logging_mixin.py:190} INFO - [2025-05-28T18:16:22.402+0100] {dagbag.py:588} INFO - Filling up the DagBag from /home/mohammed/venv/lib/python3.11/site-packages/airflow/example_dags/example_branch_operator_decorator.py
[2025-05-28T18:16:22.437+0100] {processor.py:925} INFO - DAG(s) 'example_branch_python_operator_decorator' retrieved from /home/mohammed/venv/lib/python3.11/site-packages/airflow/example_dags/example_branch_operator_decorator.py
[2025-05-28T18:16:22.493+0100] {logging_mixin.py:190} INFO - [2025-05-28T18:16:22.493+0100] {dag.py:3239} INFO - Sync 1 DAGs
[2025-05-28T18:16:22.532+0100] {logging_mixin.py:190} INFO - [2025-05-28T18:16:22.532+0100] {dag.py:4180} INFO - Setting next_dagrun for example_branch_python_operator_decorator to 2025-05-27 00:00:00+00:00, run_after=2025-05-28 00:00:00+00:00
[2025-05-28T18:16:22.563+0100] {processor.py:208} INFO - Processing /home/mohammed/venv/lib/python3.11/site-packages/airflow/example_dags/example_branch_operator_decorator.py took 0.179 seconds
[2025-05-28T18:16:54.325+0100] {processor.py:186} INFO - Started process (PID=11756) to work on /home/mohammed/venv/lib/python3.11/site-packages/airflow/example_dags/example_branch_operator_decorator.py
[2025-05-28T18:16:54.327+0100] {processor.py:914} INFO - Processing file /home/mohammed/venv/lib/python3.11/site-packages/airflow/example_dags/example_branch_operator_decorator.py for tasks to queue
[2025-05-28T18:16:54.332+0100] {logging_mixin.py:190} INFO - [2025-05-28T18:16:54.331+0100] {dagbag.py:588} INFO - Filling up the DagBag from /home/mohammed/venv/lib/python3.11/site-packages/airflow/example_dags/example_branch_operator_decorator.py
[2025-05-28T18:16:54.387+0100] {processor.py:925} INFO - DAG(s) 'example_branch_python_operator_decorator' retrieved from /home/mohammed/venv/lib/python3.11/site-packages/airflow/example_dags/example_branch_operator_decorator.py
[2025-05-28T18:16:54.444+0100] {logging_mixin.py:190} INFO - [2025-05-28T18:16:54.443+0100] {dag.py:3239} INFO - Sync 1 DAGs
[2025-05-28T18:16:54.482+0100] {logging_mixin.py:190} INFO - [2025-05-28T18:16:54.482+0100] {dag.py:4180} INFO - Setting next_dagrun for example_branch_python_operator_decorator to 2025-05-27 00:00:00+00:00, run_after=2025-05-28 00:00:00+00:00
[2025-05-28T18:16:54.515+0100] {processor.py:208} INFO - Processing /home/mohammed/venv/lib/python3.11/site-packages/airflow/example_dags/example_branch_operator_decorator.py took 0.204 seconds
[2025-05-28T18:17:27.066+0100] {processor.py:186} INFO - Started process (PID=12448) to work on /home/mohammed/venv/lib/python3.11/site-packages/airflow/example_dags/example_branch_operator_decorator.py
[2025-05-28T18:17:27.068+0100] {processor.py:914} INFO - Processing file /home/mohammed/venv/lib/python3.11/site-packages/airflow/example_dags/example_branch_operator_decorator.py for tasks to queue
[2025-05-28T18:17:27.071+0100] {logging_mixin.py:190} INFO - [2025-05-28T18:17:27.070+0100] {dagbag.py:588} INFO - Filling up the DagBag from /home/mohammed/venv/lib/python3.11/site-packages/airflow/example_dags/example_branch_operator_decorator.py
[2025-05-28T18:17:27.125+0100] {processor.py:925} INFO - DAG(s) 'example_branch_python_operator_decorator' retrieved from /home/mohammed/venv/lib/python3.11/site-packages/airflow/example_dags/example_branch_operator_decorator.py
[2025-05-28T18:17:27.196+0100] {logging_mixin.py:190} INFO - [2025-05-28T18:17:27.195+0100] {dag.py:3239} INFO - Sync 1 DAGs
[2025-05-28T18:17:27.241+0100] {logging_mixin.py:190} INFO - [2025-05-28T18:17:27.240+0100] {dag.py:4180} INFO - Setting next_dagrun for example_branch_python_operator_decorator to 2025-05-27 00:00:00+00:00, run_after=2025-05-28 00:00:00+00:00
[2025-05-28T18:17:27.273+0100] {processor.py:208} INFO - Processing /home/mohammed/venv/lib/python3.11/site-packages/airflow/example_dags/example_branch_operator_decorator.py took 0.217 seconds
