[2025-05-28T18:09:05.263+0100] {processor.py:186} INFO - Started process (PID=999) to work on /home/mohammed/venv/lib/python3.11/site-packages/airflow/example_dags/tutorial.py
[2025-05-28T18:09:05.293+0100] {processor.py:914} INFO - Processing file /home/mohammed/venv/lib/python3.11/site-packages/airflow/example_dags/tutorial.py for tasks to queue
[2025-05-28T18:09:05.470+0100] {logging_mixin.py:190} INFO - [2025-05-28T18:09:05.460+0100] {dagbag.py:588} INFO - Filling up the DagBag from /home/mohammed/venv/lib/python3.11/site-packages/airflow/example_dags/tutorial.py
[2025-05-28T18:09:05.700+0100] {processor.py:925} INFO - DAG(s) 'tutorial' retrieved from /home/mohammed/venv/lib/python3.11/site-packages/airflow/example_dags/tutorial.py
[2025-05-28T18:09:05.953+0100] {logging_mixin.py:190} INFO - [2025-05-28T18:09:05.952+0100] {dag.py:3239} INFO - Sync 1 DAGs
[2025-05-28T18:09:06.091+0100] {logging_mixin.py:190} INFO - [2025-05-28T18:09:06.090+0100] {dag.py:4180} INFO - Setting next_dagrun for tutorial to 2025-05-27 00:00:00+00:00, run_after=2025-05-28 00:00:00+00:00
[2025-05-28T18:09:06.355+0100] {processor.py:208} INFO - Processing /home/mohammed/venv/lib/python3.11/site-packages/airflow/example_dags/tutorial.py took 1.169 seconds
[2025-05-28T18:09:37.581+0100] {processor.py:186} INFO - Started process (PID=1920) to work on /home/mohammed/venv/lib/python3.11/site-packages/airflow/example_dags/tutorial.py
[2025-05-28T18:09:37.583+0100] {processor.py:914} INFO - Processing file /home/mohammed/venv/lib/python3.11/site-packages/airflow/example_dags/tutorial.py for tasks to queue
[2025-05-28T18:09:37.595+0100] {logging_mixin.py:190} INFO - [2025-05-28T18:09:37.593+0100] {dagbag.py:588} INFO - Filling up the DagBag from /home/mohammed/venv/lib/python3.11/site-packages/airflow/example_dags/tutorial.py
[2025-05-28T18:09:37.644+0100] {processor.py:925} INFO - DAG(s) 'tutorial' retrieved from /home/mohammed/venv/lib/python3.11/site-packages/airflow/example_dags/tutorial.py
[2025-05-28T18:09:37.760+0100] {logging_mixin.py:190} INFO - [2025-05-28T18:09:37.759+0100] {dag.py:3239} INFO - Sync 1 DAGs
[2025-05-28T18:09:37.895+0100] {logging_mixin.py:190} INFO - [2025-05-28T18:09:37.895+0100] {dag.py:4180} INFO - Setting next_dagrun for tutorial to 2025-05-27 00:00:00+00:00, run_after=2025-05-28 00:00:00+00:00
[2025-05-28T18:09:37.992+0100] {processor.py:208} INFO - Processing /home/mohammed/venv/lib/python3.11/site-packages/airflow/example_dags/tutorial.py took 0.458 seconds
[2025-05-28T18:10:10.344+0100] {processor.py:186} INFO - Started process (PID=2660) to work on /home/mohammed/venv/lib/python3.11/site-packages/airflow/example_dags/tutorial.py
[2025-05-28T18:10:10.361+0100] {processor.py:914} INFO - Processing file /home/mohammed/venv/lib/python3.11/site-packages/airflow/example_dags/tutorial.py for tasks to queue
[2025-05-28T18:10:10.367+0100] {logging_mixin.py:190} INFO - [2025-05-28T18:10:10.366+0100] {dagbag.py:588} INFO - Filling up the DagBag from /home/mohammed/venv/lib/python3.11/site-packages/airflow/example_dags/tutorial.py
[2025-05-28T18:10:10.422+0100] {processor.py:925} INFO - DAG(s) 'tutorial' retrieved from /home/mohammed/venv/lib/python3.11/site-packages/airflow/example_dags/tutorial.py
[2025-05-28T18:10:10.510+0100] {logging_mixin.py:190} INFO - [2025-05-28T18:10:10.510+0100] {dag.py:3239} INFO - Sync 1 DAGs
[2025-05-28T18:10:10.610+0100] {logging_mixin.py:190} INFO - [2025-05-28T18:10:10.609+0100] {dag.py:4180} INFO - Setting next_dagrun for tutorial to 2025-05-27 00:00:00+00:00, run_after=2025-05-28 00:00:00+00:00
[2025-05-28T18:10:10.664+0100] {processor.py:208} INFO - Processing /home/mohammed/venv/lib/python3.11/site-packages/airflow/example_dags/tutorial.py took 0.349 seconds
[2025-05-28T18:10:41.352+0100] {processor.py:186} INFO - Started process (PID=3397) to work on /home/mohammed/venv/lib/python3.11/site-packages/airflow/example_dags/tutorial.py
[2025-05-28T18:10:41.354+0100] {processor.py:914} INFO - Processing file /home/mohammed/venv/lib/python3.11/site-packages/airflow/example_dags/tutorial.py for tasks to queue
[2025-05-28T18:10:41.358+0100] {logging_mixin.py:190} INFO - [2025-05-28T18:10:41.357+0100] {dagbag.py:588} INFO - Filling up the DagBag from /home/mohammed/venv/lib/python3.11/site-packages/airflow/example_dags/tutorial.py
[2025-05-28T18:10:41.382+0100] {processor.py:925} INFO - DAG(s) 'tutorial' retrieved from /home/mohammed/venv/lib/python3.11/site-packages/airflow/example_dags/tutorial.py
[2025-05-28T18:10:41.481+0100] {logging_mixin.py:190} INFO - [2025-05-28T18:10:41.481+0100] {dag.py:3239} INFO - Sync 1 DAGs
[2025-05-28T18:10:41.559+0100] {logging_mixin.py:190} INFO - [2025-05-28T18:10:41.557+0100] {dag.py:4180} INFO - Setting next_dagrun for tutorial to 2025-05-27 00:00:00+00:00, run_after=2025-05-28 00:00:00+00:00
[2025-05-28T18:10:41.657+0100] {processor.py:208} INFO - Processing /home/mohammed/venv/lib/python3.11/site-packages/airflow/example_dags/tutorial.py took 0.315 seconds
[2025-05-28T18:11:12.012+0100] {processor.py:186} INFO - Started process (PID=3929) to work on /home/mohammed/venv/lib/python3.11/site-packages/airflow/example_dags/tutorial.py
[2025-05-28T18:11:12.014+0100] {processor.py:914} INFO - Processing file /home/mohammed/venv/lib/python3.11/site-packages/airflow/example_dags/tutorial.py for tasks to queue
[2025-05-28T18:11:12.019+0100] {logging_mixin.py:190} INFO - [2025-05-28T18:11:12.018+0100] {dagbag.py:588} INFO - Filling up the DagBag from /home/mohammed/venv/lib/python3.11/site-packages/airflow/example_dags/tutorial.py
[2025-05-28T18:11:12.050+0100] {processor.py:925} INFO - DAG(s) 'tutorial' retrieved from /home/mohammed/venv/lib/python3.11/site-packages/airflow/example_dags/tutorial.py
[2025-05-28T18:11:12.111+0100] {logging_mixin.py:190} INFO - [2025-05-28T18:11:12.111+0100] {dag.py:3239} INFO - Sync 1 DAGs
[2025-05-28T18:11:12.163+0100] {logging_mixin.py:190} INFO - [2025-05-28T18:11:12.163+0100] {dag.py:4180} INFO - Setting next_dagrun for tutorial to 2025-05-27 00:00:00+00:00, run_after=2025-05-28 00:00:00+00:00
[2025-05-28T18:11:12.207+0100] {processor.py:208} INFO - Processing /home/mohammed/venv/lib/python3.11/site-packages/airflow/example_dags/tutorial.py took 0.208 seconds
[2025-05-28T18:11:43.548+0100] {processor.py:186} INFO - Started process (PID=4709) to work on /home/mohammed/venv/lib/python3.11/site-packages/airflow/example_dags/tutorial.py
[2025-05-28T18:11:43.549+0100] {processor.py:914} INFO - Processing file /home/mohammed/venv/lib/python3.11/site-packages/airflow/example_dags/tutorial.py for tasks to queue
[2025-05-28T18:11:43.554+0100] {logging_mixin.py:190} INFO - [2025-05-28T18:11:43.553+0100] {dagbag.py:588} INFO - Filling up the DagBag from /home/mohammed/venv/lib/python3.11/site-packages/airflow/example_dags/tutorial.py
[2025-05-28T18:11:43.571+0100] {processor.py:925} INFO - DAG(s) 'tutorial' retrieved from /home/mohammed/venv/lib/python3.11/site-packages/airflow/example_dags/tutorial.py
[2025-05-28T18:11:43.618+0100] {logging_mixin.py:190} INFO - [2025-05-28T18:11:43.618+0100] {dag.py:3239} INFO - Sync 1 DAGs
[2025-05-28T18:11:43.666+0100] {logging_mixin.py:190} INFO - [2025-05-28T18:11:43.665+0100] {dag.py:4180} INFO - Setting next_dagrun for tutorial to 2025-05-27 00:00:00+00:00, run_after=2025-05-28 00:00:00+00:00
[2025-05-28T18:11:43.713+0100] {processor.py:208} INFO - Processing /home/mohammed/venv/lib/python3.11/site-packages/airflow/example_dags/tutorial.py took 0.174 seconds
[2025-05-28T18:12:14.080+0100] {processor.py:186} INFO - Started process (PID=5515) to work on /home/mohammed/venv/lib/python3.11/site-packages/airflow/example_dags/tutorial.py
[2025-05-28T18:12:14.081+0100] {processor.py:914} INFO - Processing file /home/mohammed/venv/lib/python3.11/site-packages/airflow/example_dags/tutorial.py for tasks to queue
[2025-05-28T18:12:14.083+0100] {logging_mixin.py:190} INFO - [2025-05-28T18:12:14.083+0100] {dagbag.py:588} INFO - Filling up the DagBag from /home/mohammed/venv/lib/python3.11/site-packages/airflow/example_dags/tutorial.py
[2025-05-28T18:12:14.095+0100] {processor.py:925} INFO - DAG(s) 'tutorial' retrieved from /home/mohammed/venv/lib/python3.11/site-packages/airflow/example_dags/tutorial.py
[2025-05-28T18:12:14.131+0100] {logging_mixin.py:190} INFO - [2025-05-28T18:12:14.131+0100] {dag.py:3239} INFO - Sync 1 DAGs
[2025-05-28T18:12:14.164+0100] {logging_mixin.py:190} INFO - [2025-05-28T18:12:14.163+0100] {dag.py:4180} INFO - Setting next_dagrun for tutorial to 2025-05-27 00:00:00+00:00, run_after=2025-05-28 00:00:00+00:00
[2025-05-28T18:12:14.206+0100] {processor.py:208} INFO - Processing /home/mohammed/venv/lib/python3.11/site-packages/airflow/example_dags/tutorial.py took 0.134 seconds
[2025-05-28T18:12:44.945+0100] {processor.py:186} INFO - Started process (PID=6309) to work on /home/mohammed/venv/lib/python3.11/site-packages/airflow/example_dags/tutorial.py
[2025-05-28T18:12:44.946+0100] {processor.py:914} INFO - Processing file /home/mohammed/venv/lib/python3.11/site-packages/airflow/example_dags/tutorial.py for tasks to queue
[2025-05-28T18:12:44.949+0100] {logging_mixin.py:190} INFO - [2025-05-28T18:12:44.948+0100] {dagbag.py:588} INFO - Filling up the DagBag from /home/mohammed/venv/lib/python3.11/site-packages/airflow/example_dags/tutorial.py
[2025-05-28T18:12:44.958+0100] {processor.py:925} INFO - DAG(s) 'tutorial' retrieved from /home/mohammed/venv/lib/python3.11/site-packages/airflow/example_dags/tutorial.py
[2025-05-28T18:12:44.992+0100] {logging_mixin.py:190} INFO - [2025-05-28T18:12:44.992+0100] {dag.py:3239} INFO - Sync 1 DAGs
[2025-05-28T18:12:45.022+0100] {logging_mixin.py:190} INFO - [2025-05-28T18:12:45.022+0100] {dag.py:4180} INFO - Setting next_dagrun for tutorial to 2025-05-27 00:00:00+00:00, run_after=2025-05-28 00:00:00+00:00
[2025-05-28T18:12:45.052+0100] {processor.py:208} INFO - Processing /home/mohammed/venv/lib/python3.11/site-packages/airflow/example_dags/tutorial.py took 0.115 seconds
[2025-05-28T18:13:15.438+0100] {processor.py:186} INFO - Started process (PID=7106) to work on /home/mohammed/venv/lib/python3.11/site-packages/airflow/example_dags/tutorial.py
[2025-05-28T18:13:15.439+0100] {processor.py:914} INFO - Processing file /home/mohammed/venv/lib/python3.11/site-packages/airflow/example_dags/tutorial.py for tasks to queue
[2025-05-28T18:13:15.443+0100] {logging_mixin.py:190} INFO - [2025-05-28T18:13:15.443+0100] {dagbag.py:588} INFO - Filling up the DagBag from /home/mohammed/venv/lib/python3.11/site-packages/airflow/example_dags/tutorial.py
[2025-05-28T18:13:15.462+0100] {processor.py:925} INFO - DAG(s) 'tutorial' retrieved from /home/mohammed/venv/lib/python3.11/site-packages/airflow/example_dags/tutorial.py
[2025-05-28T18:13:15.522+0100] {logging_mixin.py:190} INFO - [2025-05-28T18:13:15.522+0100] {dag.py:3239} INFO - Sync 1 DAGs
[2025-05-28T18:13:15.567+0100] {logging_mixin.py:190} INFO - [2025-05-28T18:13:15.567+0100] {dag.py:4180} INFO - Setting next_dagrun for tutorial to 2025-05-27 00:00:00+00:00, run_after=2025-05-28 00:00:00+00:00
[2025-05-28T18:13:15.601+0100] {processor.py:208} INFO - Processing /home/mohammed/venv/lib/python3.11/site-packages/airflow/example_dags/tutorial.py took 0.180 seconds
[2025-05-28T18:13:45.867+0100] {processor.py:186} INFO - Started process (PID=7781) to work on /home/mohammed/venv/lib/python3.11/site-packages/airflow/example_dags/tutorial.py
[2025-05-28T18:13:45.869+0100] {processor.py:914} INFO - Processing file /home/mohammed/venv/lib/python3.11/site-packages/airflow/example_dags/tutorial.py for tasks to queue
[2025-05-28T18:13:45.872+0100] {logging_mixin.py:190} INFO - [2025-05-28T18:13:45.871+0100] {dagbag.py:588} INFO - Filling up the DagBag from /home/mohammed/venv/lib/python3.11/site-packages/airflow/example_dags/tutorial.py
[2025-05-28T18:13:45.884+0100] {processor.py:925} INFO - DAG(s) 'tutorial' retrieved from /home/mohammed/venv/lib/python3.11/site-packages/airflow/example_dags/tutorial.py
[2025-05-28T18:13:45.935+0100] {logging_mixin.py:190} INFO - [2025-05-28T18:13:45.935+0100] {dag.py:3239} INFO - Sync 1 DAGs
[2025-05-28T18:13:45.973+0100] {logging_mixin.py:190} INFO - [2025-05-28T18:13:45.973+0100] {dag.py:4180} INFO - Setting next_dagrun for tutorial to 2025-05-27 00:00:00+00:00, run_after=2025-05-28 00:00:00+00:00
[2025-05-28T18:13:46.007+0100] {processor.py:208} INFO - Processing /home/mohammed/venv/lib/python3.11/site-packages/airflow/example_dags/tutorial.py took 0.149 seconds
[2025-05-28T18:14:16.422+0100] {processor.py:186} INFO - Started process (PID=8442) to work on /home/mohammed/venv/lib/python3.11/site-packages/airflow/example_dags/tutorial.py
[2025-05-28T18:14:16.424+0100] {processor.py:914} INFO - Processing file /home/mohammed/venv/lib/python3.11/site-packages/airflow/example_dags/tutorial.py for tasks to queue
[2025-05-28T18:14:16.427+0100] {logging_mixin.py:190} INFO - [2025-05-28T18:14:16.426+0100] {dagbag.py:588} INFO - Filling up the DagBag from /home/mohammed/venv/lib/python3.11/site-packages/airflow/example_dags/tutorial.py
[2025-05-28T18:14:16.441+0100] {processor.py:925} INFO - DAG(s) 'tutorial' retrieved from /home/mohammed/venv/lib/python3.11/site-packages/airflow/example_dags/tutorial.py
[2025-05-28T18:14:16.490+0100] {logging_mixin.py:190} INFO - [2025-05-28T18:14:16.490+0100] {dag.py:3239} INFO - Sync 1 DAGs
[2025-05-28T18:14:16.532+0100] {logging_mixin.py:190} INFO - [2025-05-28T18:14:16.532+0100] {dag.py:4180} INFO - Setting next_dagrun for tutorial to 2025-05-27 00:00:00+00:00, run_after=2025-05-28 00:00:00+00:00
[2025-05-28T18:14:16.564+0100] {processor.py:208} INFO - Processing /home/mohammed/venv/lib/python3.11/site-packages/airflow/example_dags/tutorial.py took 0.158 seconds
[2025-05-28T18:14:46.910+0100] {processor.py:186} INFO - Started process (PID=9062) to work on /home/mohammed/venv/lib/python3.11/site-packages/airflow/example_dags/tutorial.py
[2025-05-28T18:14:46.912+0100] {processor.py:914} INFO - Processing file /home/mohammed/venv/lib/python3.11/site-packages/airflow/example_dags/tutorial.py for tasks to queue
[2025-05-28T18:14:46.914+0100] {logging_mixin.py:190} INFO - [2025-05-28T18:14:46.914+0100] {dagbag.py:588} INFO - Filling up the DagBag from /home/mohammed/venv/lib/python3.11/site-packages/airflow/example_dags/tutorial.py
[2025-05-28T18:14:46.928+0100] {processor.py:925} INFO - DAG(s) 'tutorial' retrieved from /home/mohammed/venv/lib/python3.11/site-packages/airflow/example_dags/tutorial.py
[2025-05-28T18:14:46.980+0100] {logging_mixin.py:190} INFO - [2025-05-28T18:14:46.980+0100] {dag.py:3239} INFO - Sync 1 DAGs
[2025-05-28T18:14:47.021+0100] {logging_mixin.py:190} INFO - [2025-05-28T18:14:47.020+0100] {dag.py:4180} INFO - Setting next_dagrun for tutorial to 2025-05-27 00:00:00+00:00, run_after=2025-05-28 00:00:00+00:00
[2025-05-28T18:14:47.052+0100] {processor.py:208} INFO - Processing /home/mohammed/venv/lib/python3.11/site-packages/airflow/example_dags/tutorial.py took 0.153 seconds
[2025-05-28T18:15:23.057+0100] {processor.py:186} INFO - Started process (PID=10052) to work on /home/mohammed/venv/lib/python3.11/site-packages/airflow/example_dags/tutorial.py
[2025-05-28T18:15:23.059+0100] {processor.py:914} INFO - Processing file /home/mohammed/venv/lib/python3.11/site-packages/airflow/example_dags/tutorial.py for tasks to queue
[2025-05-28T18:15:23.064+0100] {logging_mixin.py:190} INFO - [2025-05-28T18:15:23.063+0100] {dagbag.py:588} INFO - Filling up the DagBag from /home/mohammed/venv/lib/python3.11/site-packages/airflow/example_dags/tutorial.py
[2025-05-28T18:15:23.085+0100] {processor.py:925} INFO - DAG(s) 'tutorial' retrieved from /home/mohammed/venv/lib/python3.11/site-packages/airflow/example_dags/tutorial.py
[2025-05-28T18:15:23.139+0100] {logging_mixin.py:190} INFO - [2025-05-28T18:15:23.139+0100] {dag.py:3239} INFO - Sync 1 DAGs
[2025-05-28T18:15:23.185+0100] {logging_mixin.py:190} INFO - [2025-05-28T18:15:23.185+0100] {dag.py:4180} INFO - Setting next_dagrun for tutorial to 2025-05-27 00:00:00+00:00, run_after=2025-05-28 00:00:00+00:00
[2025-05-28T18:15:23.222+0100] {processor.py:208} INFO - Processing /home/mohammed/venv/lib/python3.11/site-packages/airflow/example_dags/tutorial.py took 0.182 seconds
[2025-05-28T18:15:53.276+0100] {processor.py:186} INFO - Started process (PID=10692) to work on /home/mohammed/venv/lib/python3.11/site-packages/airflow/example_dags/tutorial.py
[2025-05-28T18:15:53.277+0100] {processor.py:914} INFO - Processing file /home/mohammed/venv/lib/python3.11/site-packages/airflow/example_dags/tutorial.py for tasks to queue
[2025-05-28T18:15:53.280+0100] {logging_mixin.py:190} INFO - [2025-05-28T18:15:53.279+0100] {dagbag.py:588} INFO - Filling up the DagBag from /home/mohammed/venv/lib/python3.11/site-packages/airflow/example_dags/tutorial.py
[2025-05-28T18:15:53.291+0100] {processor.py:925} INFO - DAG(s) 'tutorial' retrieved from /home/mohammed/venv/lib/python3.11/site-packages/airflow/example_dags/tutorial.py
[2025-05-28T18:15:53.327+0100] {logging_mixin.py:190} INFO - [2025-05-28T18:15:53.326+0100] {dag.py:3239} INFO - Sync 1 DAGs
[2025-05-28T18:15:53.360+0100] {logging_mixin.py:190} INFO - [2025-05-28T18:15:53.359+0100] {dag.py:4180} INFO - Setting next_dagrun for tutorial to 2025-05-27 00:00:00+00:00, run_after=2025-05-28 00:00:00+00:00
[2025-05-28T18:15:53.392+0100] {processor.py:208} INFO - Processing /home/mohammed/venv/lib/python3.11/site-packages/airflow/example_dags/tutorial.py took 0.124 seconds
[2025-05-28T18:16:23.534+0100] {processor.py:186} INFO - Started process (PID=11298) to work on /home/mohammed/venv/lib/python3.11/site-packages/airflow/example_dags/tutorial.py
[2025-05-28T18:16:23.535+0100] {processor.py:914} INFO - Processing file /home/mohammed/venv/lib/python3.11/site-packages/airflow/example_dags/tutorial.py for tasks to queue
[2025-05-28T18:16:23.538+0100] {logging_mixin.py:190} INFO - [2025-05-28T18:16:23.538+0100] {dagbag.py:588} INFO - Filling up the DagBag from /home/mohammed/venv/lib/python3.11/site-packages/airflow/example_dags/tutorial.py
[2025-05-28T18:16:23.548+0100] {processor.py:925} INFO - DAG(s) 'tutorial' retrieved from /home/mohammed/venv/lib/python3.11/site-packages/airflow/example_dags/tutorial.py
[2025-05-28T18:16:23.583+0100] {logging_mixin.py:190} INFO - [2025-05-28T18:16:23.583+0100] {dag.py:3239} INFO - Sync 1 DAGs
[2025-05-28T18:16:23.617+0100] {logging_mixin.py:190} INFO - [2025-05-28T18:16:23.617+0100] {dag.py:4180} INFO - Setting next_dagrun for tutorial to 2025-05-27 00:00:00+00:00, run_after=2025-05-28 00:00:00+00:00
[2025-05-28T18:16:23.647+0100] {processor.py:208} INFO - Processing /home/mohammed/venv/lib/python3.11/site-packages/airflow/example_dags/tutorial.py took 0.121 seconds
[2025-05-28T18:16:55.039+0100] {processor.py:186} INFO - Started process (PID=11813) to work on /home/mohammed/venv/lib/python3.11/site-packages/airflow/example_dags/tutorial.py
[2025-05-28T18:16:55.041+0100] {processor.py:914} INFO - Processing file /home/mohammed/venv/lib/python3.11/site-packages/airflow/example_dags/tutorial.py for tasks to queue
[2025-05-28T18:16:55.044+0100] {logging_mixin.py:190} INFO - [2025-05-28T18:16:55.043+0100] {dagbag.py:588} INFO - Filling up the DagBag from /home/mohammed/venv/lib/python3.11/site-packages/airflow/example_dags/tutorial.py
[2025-05-28T18:16:55.055+0100] {processor.py:925} INFO - DAG(s) 'tutorial' retrieved from /home/mohammed/venv/lib/python3.11/site-packages/airflow/example_dags/tutorial.py
[2025-05-28T18:16:55.093+0100] {logging_mixin.py:190} INFO - [2025-05-28T18:16:55.093+0100] {dag.py:3239} INFO - Sync 1 DAGs
[2025-05-28T18:16:55.138+0100] {logging_mixin.py:190} INFO - [2025-05-28T18:16:55.137+0100] {dag.py:4180} INFO - Setting next_dagrun for tutorial to 2025-05-27 00:00:00+00:00, run_after=2025-05-28 00:00:00+00:00
[2025-05-28T18:16:55.176+0100] {processor.py:208} INFO - Processing /home/mohammed/venv/lib/python3.11/site-packages/airflow/example_dags/tutorial.py took 0.146 seconds
