[2025-05-28T18:09:04.233+0100] {processor.py:186} INFO - Started process (PID=949) to work on /home/mohammed/venv/lib/python3.11/site-packages/airflow/example_dags/tutorial_dag.py
[2025-05-28T18:09:04.245+0100] {processor.py:914} INFO - Processing file /home/mohammed/venv/lib/python3.11/site-packages/airflow/example_dags/tutorial_dag.py for tasks to queue
[2025-05-28T18:09:04.261+0100] {logging_mixin.py:190} INFO - [2025-05-28T18:09:04.261+0100] {dagbag.py:588} INFO - Filling up the DagBag from /home/mohammed/venv/lib/python3.11/site-packages/airflow/example_dags/tutorial_dag.py
[2025-05-28T18:09:04.338+0100] {processor.py:925} INFO - DAG(s) 'tutorial_dag' retrieved from /home/mohammed/venv/lib/python3.11/site-packages/airflow/example_dags/tutorial_dag.py
[2025-05-28T18:09:04.918+0100] {logging_mixin.py:190} INFO - [2025-05-28T18:09:04.918+0100] {dag.py:3239} INFO - Sync 1 DAGs
[2025-05-28T18:09:05.159+0100] {logging_mixin.py:190} INFO - [2025-05-28T18:09:05.158+0100] {dag.py:4180} INFO - Setting next_dagrun for tutorial_dag to None, run_after=None
[2025-05-28T18:09:05.630+0100] {processor.py:208} INFO - Processing /home/mohammed/venv/lib/python3.11/site-packages/airflow/example_dags/tutorial_dag.py took 1.476 seconds
[2025-05-28T18:09:36.331+0100] {processor.py:186} INFO - Started process (PID=1844) to work on /home/mohammed/venv/lib/python3.11/site-packages/airflow/example_dags/tutorial_dag.py
[2025-05-28T18:09:36.340+0100] {processor.py:914} INFO - Processing file /home/mohammed/venv/lib/python3.11/site-packages/airflow/example_dags/tutorial_dag.py for tasks to queue
[2025-05-28T18:09:36.399+0100] {logging_mixin.py:190} INFO - [2025-05-28T18:09:36.394+0100] {dagbag.py:588} INFO - Filling up the DagBag from /home/mohammed/venv/lib/python3.11/site-packages/airflow/example_dags/tutorial_dag.py
[2025-05-28T18:09:36.651+0100] {processor.py:925} INFO - DAG(s) 'tutorial_dag' retrieved from /home/mohammed/venv/lib/python3.11/site-packages/airflow/example_dags/tutorial_dag.py
[2025-05-28T18:09:37.082+0100] {logging_mixin.py:190} INFO - [2025-05-28T18:09:37.082+0100] {dag.py:3239} INFO - Sync 1 DAGs
[2025-05-28T18:09:37.278+0100] {logging_mixin.py:190} INFO - [2025-05-28T18:09:37.278+0100] {dag.py:4180} INFO - Setting next_dagrun for tutorial_dag to None, run_after=None
[2025-05-28T18:09:37.397+0100] {processor.py:208} INFO - Processing /home/mohammed/venv/lib/python3.11/site-packages/airflow/example_dags/tutorial_dag.py took 1.231 seconds
[2025-05-28T18:10:09.891+0100] {processor.py:186} INFO - Started process (PID=2648) to work on /home/mohammed/venv/lib/python3.11/site-packages/airflow/example_dags/tutorial_dag.py
[2025-05-28T18:10:09.895+0100] {processor.py:914} INFO - Processing file /home/mohammed/venv/lib/python3.11/site-packages/airflow/example_dags/tutorial_dag.py for tasks to queue
[2025-05-28T18:10:09.908+0100] {logging_mixin.py:190} INFO - [2025-05-28T18:10:09.907+0100] {dagbag.py:588} INFO - Filling up the DagBag from /home/mohammed/venv/lib/python3.11/site-packages/airflow/example_dags/tutorial_dag.py
[2025-05-28T18:10:09.951+0100] {processor.py:925} INFO - DAG(s) 'tutorial_dag' retrieved from /home/mohammed/venv/lib/python3.11/site-packages/airflow/example_dags/tutorial_dag.py
[2025-05-28T18:10:10.074+0100] {logging_mixin.py:190} INFO - [2025-05-28T18:10:10.073+0100] {dag.py:3239} INFO - Sync 1 DAGs
[2025-05-28T18:10:10.142+0100] {logging_mixin.py:190} INFO - [2025-05-28T18:10:10.142+0100] {dag.py:4180} INFO - Setting next_dagrun for tutorial_dag to None, run_after=None
[2025-05-28T18:10:10.245+0100] {processor.py:208} INFO - Processing /home/mohammed/venv/lib/python3.11/site-packages/airflow/example_dags/tutorial_dag.py took 0.378 seconds
[2025-05-28T18:10:41.117+0100] {processor.py:186} INFO - Started process (PID=3385) to work on /home/mohammed/venv/lib/python3.11/site-packages/airflow/example_dags/tutorial_dag.py
[2025-05-28T18:10:41.118+0100] {processor.py:914} INFO - Processing file /home/mohammed/venv/lib/python3.11/site-packages/airflow/example_dags/tutorial_dag.py for tasks to queue
[2025-05-28T18:10:41.121+0100] {logging_mixin.py:190} INFO - [2025-05-28T18:10:41.121+0100] {dagbag.py:588} INFO - Filling up the DagBag from /home/mohammed/venv/lib/python3.11/site-packages/airflow/example_dags/tutorial_dag.py
[2025-05-28T18:10:41.135+0100] {processor.py:925} INFO - DAG(s) 'tutorial_dag' retrieved from /home/mohammed/venv/lib/python3.11/site-packages/airflow/example_dags/tutorial_dag.py
[2025-05-28T18:10:41.181+0100] {logging_mixin.py:190} INFO - [2025-05-28T18:10:41.180+0100] {dag.py:3239} INFO - Sync 1 DAGs
[2025-05-28T18:10:41.219+0100] {logging_mixin.py:190} INFO - [2025-05-28T18:10:41.218+0100] {dag.py:4180} INFO - Setting next_dagrun for tutorial_dag to None, run_after=None
[2025-05-28T18:10:41.281+0100] {processor.py:208} INFO - Processing /home/mohammed/venv/lib/python3.11/site-packages/airflow/example_dags/tutorial_dag.py took 0.177 seconds
[2025-05-28T18:11:11.781+0100] {processor.py:186} INFO - Started process (PID=3917) to work on /home/mohammed/venv/lib/python3.11/site-packages/airflow/example_dags/tutorial_dag.py
[2025-05-28T18:11:11.785+0100] {processor.py:914} INFO - Processing file /home/mohammed/venv/lib/python3.11/site-packages/airflow/example_dags/tutorial_dag.py for tasks to queue
[2025-05-28T18:11:11.791+0100] {logging_mixin.py:190} INFO - [2025-05-28T18:11:11.790+0100] {dagbag.py:588} INFO - Filling up the DagBag from /home/mohammed/venv/lib/python3.11/site-packages/airflow/example_dags/tutorial_dag.py
[2025-05-28T18:11:11.812+0100] {processor.py:925} INFO - DAG(s) 'tutorial_dag' retrieved from /home/mohammed/venv/lib/python3.11/site-packages/airflow/example_dags/tutorial_dag.py
[2025-05-28T18:11:11.867+0100] {logging_mixin.py:190} INFO - [2025-05-28T18:11:11.867+0100] {dag.py:3239} INFO - Sync 1 DAGs
[2025-05-28T18:11:11.898+0100] {logging_mixin.py:190} INFO - [2025-05-28T18:11:11.897+0100] {dag.py:4180} INFO - Setting next_dagrun for tutorial_dag to None, run_after=None
[2025-05-28T18:11:11.940+0100] {processor.py:208} INFO - Processing /home/mohammed/venv/lib/python3.11/site-packages/airflow/example_dags/tutorial_dag.py took 0.175 seconds
[2025-05-28T18:11:43.360+0100] {processor.py:186} INFO - Started process (PID=4688) to work on /home/mohammed/venv/lib/python3.11/site-packages/airflow/example_dags/tutorial_dag.py
[2025-05-28T18:11:43.362+0100] {processor.py:914} INFO - Processing file /home/mohammed/venv/lib/python3.11/site-packages/airflow/example_dags/tutorial_dag.py for tasks to queue
[2025-05-28T18:11:43.366+0100] {logging_mixin.py:190} INFO - [2025-05-28T18:11:43.365+0100] {dagbag.py:588} INFO - Filling up the DagBag from /home/mohammed/venv/lib/python3.11/site-packages/airflow/example_dags/tutorial_dag.py
[2025-05-28T18:11:43.381+0100] {processor.py:925} INFO - DAG(s) 'tutorial_dag' retrieved from /home/mohammed/venv/lib/python3.11/site-packages/airflow/example_dags/tutorial_dag.py
[2025-05-28T18:11:43.433+0100] {logging_mixin.py:190} INFO - [2025-05-28T18:11:43.433+0100] {dag.py:3239} INFO - Sync 1 DAGs
[2025-05-28T18:11:43.460+0100] {logging_mixin.py:190} INFO - [2025-05-28T18:11:43.459+0100] {dag.py:4180} INFO - Setting next_dagrun for tutorial_dag to None, run_after=None
[2025-05-28T18:11:43.488+0100] {processor.py:208} INFO - Processing /home/mohammed/venv/lib/python3.11/site-packages/airflow/example_dags/tutorial_dag.py took 0.139 seconds
[2025-05-28T18:12:13.899+0100] {processor.py:186} INFO - Started process (PID=5503) to work on /home/mohammed/venv/lib/python3.11/site-packages/airflow/example_dags/tutorial_dag.py
[2025-05-28T18:12:13.916+0100] {processor.py:914} INFO - Processing file /home/mohammed/venv/lib/python3.11/site-packages/airflow/example_dags/tutorial_dag.py for tasks to queue
[2025-05-28T18:12:13.920+0100] {logging_mixin.py:190} INFO - [2025-05-28T18:12:13.919+0100] {dagbag.py:588} INFO - Filling up the DagBag from /home/mohammed/venv/lib/python3.11/site-packages/airflow/example_dags/tutorial_dag.py
[2025-05-28T18:12:13.932+0100] {processor.py:925} INFO - DAG(s) 'tutorial_dag' retrieved from /home/mohammed/venv/lib/python3.11/site-packages/airflow/example_dags/tutorial_dag.py
[2025-05-28T18:12:13.979+0100] {logging_mixin.py:190} INFO - [2025-05-28T18:12:13.979+0100] {dag.py:3239} INFO - Sync 1 DAGs
[2025-05-28T18:12:14.004+0100] {logging_mixin.py:190} INFO - [2025-05-28T18:12:14.003+0100] {dag.py:4180} INFO - Setting next_dagrun for tutorial_dag to None, run_after=None
[2025-05-28T18:12:14.034+0100] {processor.py:208} INFO - Processing /home/mohammed/venv/lib/python3.11/site-packages/airflow/example_dags/tutorial_dag.py took 0.144 seconds
[2025-05-28T18:12:44.810+0100] {processor.py:186} INFO - Started process (PID=6297) to work on /home/mohammed/venv/lib/python3.11/site-packages/airflow/example_dags/tutorial_dag.py
[2025-05-28T18:12:44.811+0100] {processor.py:914} INFO - Processing file /home/mohammed/venv/lib/python3.11/site-packages/airflow/example_dags/tutorial_dag.py for tasks to queue
[2025-05-28T18:12:44.814+0100] {logging_mixin.py:190} INFO - [2025-05-28T18:12:44.813+0100] {dagbag.py:588} INFO - Filling up the DagBag from /home/mohammed/venv/lib/python3.11/site-packages/airflow/example_dags/tutorial_dag.py
[2025-05-28T18:12:44.826+0100] {processor.py:925} INFO - DAG(s) 'tutorial_dag' retrieved from /home/mohammed/venv/lib/python3.11/site-packages/airflow/example_dags/tutorial_dag.py
[2025-05-28T18:12:44.861+0100] {logging_mixin.py:190} INFO - [2025-05-28T18:12:44.861+0100] {dag.py:3239} INFO - Sync 1 DAGs
[2025-05-28T18:12:44.877+0100] {logging_mixin.py:190} INFO - [2025-05-28T18:12:44.877+0100] {dag.py:4180} INFO - Setting next_dagrun for tutorial_dag to None, run_after=None
[2025-05-28T18:12:44.905+0100] {processor.py:208} INFO - Processing /home/mohammed/venv/lib/python3.11/site-packages/airflow/example_dags/tutorial_dag.py took 0.104 seconds
[2025-05-28T18:13:15.227+0100] {processor.py:186} INFO - Started process (PID=7093) to work on /home/mohammed/venv/lib/python3.11/site-packages/airflow/example_dags/tutorial_dag.py
[2025-05-28T18:13:15.228+0100] {processor.py:914} INFO - Processing file /home/mohammed/venv/lib/python3.11/site-packages/airflow/example_dags/tutorial_dag.py for tasks to queue
[2025-05-28T18:13:15.232+0100] {logging_mixin.py:190} INFO - [2025-05-28T18:13:15.232+0100] {dagbag.py:588} INFO - Filling up the DagBag from /home/mohammed/venv/lib/python3.11/site-packages/airflow/example_dags/tutorial_dag.py
[2025-05-28T18:13:15.247+0100] {processor.py:925} INFO - DAG(s) 'tutorial_dag' retrieved from /home/mohammed/venv/lib/python3.11/site-packages/airflow/example_dags/tutorial_dag.py
[2025-05-28T18:13:15.303+0100] {logging_mixin.py:190} INFO - [2025-05-28T18:13:15.303+0100] {dag.py:3239} INFO - Sync 1 DAGs
[2025-05-28T18:13:15.337+0100] {logging_mixin.py:190} INFO - [2025-05-28T18:13:15.337+0100] {dag.py:4180} INFO - Setting next_dagrun for tutorial_dag to None, run_after=None
[2025-05-28T18:13:15.377+0100] {processor.py:208} INFO - Processing /home/mohammed/venv/lib/python3.11/site-packages/airflow/example_dags/tutorial_dag.py took 0.164 seconds
[2025-05-28T18:13:45.661+0100] {processor.py:186} INFO - Started process (PID=7769) to work on /home/mohammed/venv/lib/python3.11/site-packages/airflow/example_dags/tutorial_dag.py
[2025-05-28T18:13:45.675+0100] {processor.py:914} INFO - Processing file /home/mohammed/venv/lib/python3.11/site-packages/airflow/example_dags/tutorial_dag.py for tasks to queue
[2025-05-28T18:13:45.678+0100] {logging_mixin.py:190} INFO - [2025-05-28T18:13:45.677+0100] {dagbag.py:588} INFO - Filling up the DagBag from /home/mohammed/venv/lib/python3.11/site-packages/airflow/example_dags/tutorial_dag.py
[2025-05-28T18:13:45.689+0100] {processor.py:925} INFO - DAG(s) 'tutorial_dag' retrieved from /home/mohammed/venv/lib/python3.11/site-packages/airflow/example_dags/tutorial_dag.py
[2025-05-28T18:13:45.744+0100] {logging_mixin.py:190} INFO - [2025-05-28T18:13:45.743+0100] {dag.py:3239} INFO - Sync 1 DAGs
[2025-05-28T18:13:45.777+0100] {logging_mixin.py:190} INFO - [2025-05-28T18:13:45.777+0100] {dag.py:4180} INFO - Setting next_dagrun for tutorial_dag to None, run_after=None
[2025-05-28T18:13:45.822+0100] {processor.py:208} INFO - Processing /home/mohammed/venv/lib/python3.11/site-packages/airflow/example_dags/tutorial_dag.py took 0.171 seconds
[2025-05-28T18:14:16.274+0100] {processor.py:186} INFO - Started process (PID=8432) to work on /home/mohammed/venv/lib/python3.11/site-packages/airflow/example_dags/tutorial_dag.py
[2025-05-28T18:14:16.275+0100] {processor.py:914} INFO - Processing file /home/mohammed/venv/lib/python3.11/site-packages/airflow/example_dags/tutorial_dag.py for tasks to queue
[2025-05-28T18:14:16.278+0100] {logging_mixin.py:190} INFO - [2025-05-28T18:14:16.278+0100] {dagbag.py:588} INFO - Filling up the DagBag from /home/mohammed/venv/lib/python3.11/site-packages/airflow/example_dags/tutorial_dag.py
[2025-05-28T18:14:16.288+0100] {processor.py:925} INFO - DAG(s) 'tutorial_dag' retrieved from /home/mohammed/venv/lib/python3.11/site-packages/airflow/example_dags/tutorial_dag.py
[2025-05-28T18:14:16.323+0100] {logging_mixin.py:190} INFO - [2025-05-28T18:14:16.322+0100] {dag.py:3239} INFO - Sync 1 DAGs
[2025-05-28T18:14:16.340+0100] {logging_mixin.py:190} INFO - [2025-05-28T18:14:16.340+0100] {dag.py:4180} INFO - Setting next_dagrun for tutorial_dag to None, run_after=None
[2025-05-28T18:14:16.365+0100] {processor.py:208} INFO - Processing /home/mohammed/venv/lib/python3.11/site-packages/airflow/example_dags/tutorial_dag.py took 0.099 seconds
[2025-05-28T18:14:46.692+0100] {processor.py:186} INFO - Started process (PID=9050) to work on /home/mohammed/venv/lib/python3.11/site-packages/airflow/example_dags/tutorial_dag.py
[2025-05-28T18:14:46.694+0100] {processor.py:914} INFO - Processing file /home/mohammed/venv/lib/python3.11/site-packages/airflow/example_dags/tutorial_dag.py for tasks to queue
[2025-05-28T18:14:46.697+0100] {logging_mixin.py:190} INFO - [2025-05-28T18:14:46.697+0100] {dagbag.py:588} INFO - Filling up the DagBag from /home/mohammed/venv/lib/python3.11/site-packages/airflow/example_dags/tutorial_dag.py
[2025-05-28T18:14:46.713+0100] {processor.py:925} INFO - DAG(s) 'tutorial_dag' retrieved from /home/mohammed/venv/lib/python3.11/site-packages/airflow/example_dags/tutorial_dag.py
[2025-05-28T18:14:46.774+0100] {logging_mixin.py:190} INFO - [2025-05-28T18:14:46.773+0100] {dag.py:3239} INFO - Sync 1 DAGs
[2025-05-28T18:14:46.798+0100] {logging_mixin.py:190} INFO - [2025-05-28T18:14:46.798+0100] {dag.py:4180} INFO - Setting next_dagrun for tutorial_dag to None, run_after=None
[2025-05-28T18:14:46.856+0100] {processor.py:208} INFO - Processing /home/mohammed/venv/lib/python3.11/site-packages/airflow/example_dags/tutorial_dag.py took 0.177 seconds
[2025-05-28T18:15:22.780+0100] {processor.py:186} INFO - Started process (PID=10033) to work on /home/mohammed/venv/lib/python3.11/site-packages/airflow/example_dags/tutorial_dag.py
[2025-05-28T18:15:22.784+0100] {processor.py:914} INFO - Processing file /home/mohammed/venv/lib/python3.11/site-packages/airflow/example_dags/tutorial_dag.py for tasks to queue
[2025-05-28T18:15:22.788+0100] {logging_mixin.py:190} INFO - [2025-05-28T18:15:22.788+0100] {dagbag.py:588} INFO - Filling up the DagBag from /home/mohammed/venv/lib/python3.11/site-packages/airflow/example_dags/tutorial_dag.py
[2025-05-28T18:15:22.810+0100] {processor.py:925} INFO - DAG(s) 'tutorial_dag' retrieved from /home/mohammed/venv/lib/python3.11/site-packages/airflow/example_dags/tutorial_dag.py
[2025-05-28T18:15:22.880+0100] {logging_mixin.py:190} INFO - [2025-05-28T18:15:22.879+0100] {dag.py:3239} INFO - Sync 1 DAGs
[2025-05-28T18:15:22.922+0100] {logging_mixin.py:190} INFO - [2025-05-28T18:15:22.922+0100] {dag.py:4180} INFO - Setting next_dagrun for tutorial_dag to None, run_after=None
[2025-05-28T18:15:22.974+0100] {processor.py:208} INFO - Processing /home/mohammed/venv/lib/python3.11/site-packages/airflow/example_dags/tutorial_dag.py took 0.209 seconds
[2025-05-28T18:15:53.131+0100] {processor.py:186} INFO - Started process (PID=10683) to work on /home/mohammed/venv/lib/python3.11/site-packages/airflow/example_dags/tutorial_dag.py
[2025-05-28T18:15:53.132+0100] {processor.py:914} INFO - Processing file /home/mohammed/venv/lib/python3.11/site-packages/airflow/example_dags/tutorial_dag.py for tasks to queue
[2025-05-28T18:15:53.135+0100] {logging_mixin.py:190} INFO - [2025-05-28T18:15:53.134+0100] {dagbag.py:588} INFO - Filling up the DagBag from /home/mohammed/venv/lib/python3.11/site-packages/airflow/example_dags/tutorial_dag.py
[2025-05-28T18:15:53.145+0100] {processor.py:925} INFO - DAG(s) 'tutorial_dag' retrieved from /home/mohammed/venv/lib/python3.11/site-packages/airflow/example_dags/tutorial_dag.py
[2025-05-28T18:15:53.179+0100] {logging_mixin.py:190} INFO - [2025-05-28T18:15:53.179+0100] {dag.py:3239} INFO - Sync 1 DAGs
[2025-05-28T18:15:53.199+0100] {logging_mixin.py:190} INFO - [2025-05-28T18:15:53.199+0100] {dag.py:4180} INFO - Setting next_dagrun for tutorial_dag to None, run_after=None
[2025-05-28T18:15:53.225+0100] {processor.py:208} INFO - Processing /home/mohammed/venv/lib/python3.11/site-packages/airflow/example_dags/tutorial_dag.py took 0.103 seconds
[2025-05-28T18:16:23.380+0100] {processor.py:186} INFO - Started process (PID=11289) to work on /home/mohammed/venv/lib/python3.11/site-packages/airflow/example_dags/tutorial_dag.py
[2025-05-28T18:16:23.393+0100] {processor.py:914} INFO - Processing file /home/mohammed/venv/lib/python3.11/site-packages/airflow/example_dags/tutorial_dag.py for tasks to queue
[2025-05-28T18:16:23.396+0100] {logging_mixin.py:190} INFO - [2025-05-28T18:16:23.396+0100] {dagbag.py:588} INFO - Filling up the DagBag from /home/mohammed/venv/lib/python3.11/site-packages/airflow/example_dags/tutorial_dag.py
[2025-05-28T18:16:23.407+0100] {processor.py:925} INFO - DAG(s) 'tutorial_dag' retrieved from /home/mohammed/venv/lib/python3.11/site-packages/airflow/example_dags/tutorial_dag.py
[2025-05-28T18:16:23.441+0100] {logging_mixin.py:190} INFO - [2025-05-28T18:16:23.440+0100] {dag.py:3239} INFO - Sync 1 DAGs
[2025-05-28T18:16:23.465+0100] {logging_mixin.py:190} INFO - [2025-05-28T18:16:23.464+0100] {dag.py:4180} INFO - Setting next_dagrun for tutorial_dag to None, run_after=None
[2025-05-28T18:16:23.488+0100] {processor.py:208} INFO - Processing /home/mohammed/venv/lib/python3.11/site-packages/airflow/example_dags/tutorial_dag.py took 0.116 seconds
[2025-05-28T18:16:54.888+0100] {processor.py:186} INFO - Started process (PID=11801) to work on /home/mohammed/venv/lib/python3.11/site-packages/airflow/example_dags/tutorial_dag.py
[2025-05-28T18:16:54.889+0100] {processor.py:914} INFO - Processing file /home/mohammed/venv/lib/python3.11/site-packages/airflow/example_dags/tutorial_dag.py for tasks to queue
[2025-05-28T18:16:54.892+0100] {logging_mixin.py:190} INFO - [2025-05-28T18:16:54.892+0100] {dagbag.py:588} INFO - Filling up the DagBag from /home/mohammed/venv/lib/python3.11/site-packages/airflow/example_dags/tutorial_dag.py
[2025-05-28T18:16:54.903+0100] {processor.py:925} INFO - DAG(s) 'tutorial_dag' retrieved from /home/mohammed/venv/lib/python3.11/site-packages/airflow/example_dags/tutorial_dag.py
[2025-05-28T18:16:54.940+0100] {logging_mixin.py:190} INFO - [2025-05-28T18:16:54.939+0100] {dag.py:3239} INFO - Sync 1 DAGs
[2025-05-28T18:16:54.960+0100] {logging_mixin.py:190} INFO - [2025-05-28T18:16:54.960+0100] {dag.py:4180} INFO - Setting next_dagrun for tutorial_dag to None, run_after=None
[2025-05-28T18:16:54.993+0100] {processor.py:208} INFO - Processing /home/mohammed/venv/lib/python3.11/site-packages/airflow/example_dags/tutorial_dag.py took 0.115 seconds
[2025-05-28T18:17:27.482+0100] {processor.py:186} INFO - Started process (PID=12467) to work on /home/mohammed/venv/lib/python3.11/site-packages/airflow/example_dags/tutorial_dag.py
[2025-05-28T18:17:28.630+0100] {logging_mixin.py:190} INFO - [2025-05-28T18:17:28.629+0100] {process_utils.py:266} INFO - Waiting up to 5 seconds for processes to exit...
