[2025-03-28T13:35:01.173+0000] {local_task_job_runner.py:123} INFO - ::group::Pre task execution logs
[2025-03-28T13:35:01.377+0000] {taskinstance.py:2614} INFO - Dependencies all met for dep_context=non-requeueable deps ti=<TaskInstance: load_dbt_clean_reviews_pipeline.dbt_run_transactional scheduled__2024-12-25T00:00:00+00:00 [queued]>
[2025-03-28T13:35:01.447+0000] {taskinstance.py:2614} INFO - Dependencies all met for dep_context=requeueable deps ti=<TaskInstance: load_dbt_clean_reviews_pipeline.dbt_run_transactional scheduled__2024-12-25T00:00:00+00:00 [queued]>
[2025-03-28T13:35:01.448+0000] {taskinstance.py:2867} INFO - Starting attempt 1 of 2
[2025-03-28T13:35:02.068+0000] {taskinstance.py:2890} INFO - Executing <Task(BashOperator): dbt_run_transactional> on 2024-12-25 00:00:00+00:00
[2025-03-28T13:35:02.121+0000] {standard_task_runner.py:72} INFO - Started process 5641 to run task
[2025-03-28T13:35:02.131+0000] {standard_task_runner.py:104} INFO - Running: ['airflow', 'tasks', 'run', 'load_dbt_clean_reviews_pipeline', 'dbt_run_transactional', 'scheduled__2024-12-25T00:00:00+00:00', '--job-id', '2286', '--raw', '--subdir', 'DAGS_FOLDER/dag_load_reviews.py', '--cfg-path', '/tmp/tmpspdu3s1b']
[2025-03-28T13:35:02.148+0000] {standard_task_runner.py:105} INFO - Job 2286: Subtask dbt_run_transactional
[2025-03-28T13:35:02.829+0000] {task_command.py:467} INFO - Running <TaskInstance: load_dbt_clean_reviews_pipeline.dbt_run_transactional scheduled__2024-12-25T00:00:00+00:00 [running]> on host DESKTOP-IM7V4RI.
[2025-03-28T13:35:03.661+0000] {taskinstance.py:3134} INFO - Exporting env vars: AIRFLOW_CTX_DAG_OWNER='mohammed' AIRFLOW_CTX_DAG_ID='load_dbt_clean_reviews_pipeline' AIRFLOW_CTX_TASK_ID='dbt_run_transactional' AIRFLOW_CTX_EXECUTION_DATE='2024-12-25T00:00:00+00:00' AIRFLOW_CTX_TRY_NUMBER='1' AIRFLOW_CTX_DAG_RUN_ID='scheduled__2024-12-25T00:00:00+00:00'
[2025-03-28T13:35:03.665+0000] {logging_mixin.py:190} INFO - Task instance is in running state
[2025-03-28T13:35:03.666+0000] {logging_mixin.py:190} INFO -  Previous state of the Task instance: queued
[2025-03-28T13:35:03.667+0000] {logging_mixin.py:190} INFO - Current task name:dbt_run_transactional state:running start_date:2025-03-28 13:35:01.377902+00:00
[2025-03-28T13:35:03.668+0000] {logging_mixin.py:190} INFO - Dag name:load_dbt_clean_reviews_pipeline and current dag run status:running
[2025-03-28T13:35:03.675+0000] {taskinstance.py:732} INFO - ::endgroup::
[2025-03-28T13:35:03.678+0000] {subprocess.py:78} INFO - Tmp dir root location: /tmp
[2025-03-28T13:35:03.708+0000] {subprocess.py:88} INFO - Running command: ['/usr/bin/bash', '-c', 'cd /home/mohammed/.dbt/dbt_projects/bank_reviews_transactional && dbt run']
[2025-03-28T13:35:03.812+0000] {subprocess.py:99} INFO - Output:
[2025-03-28T13:35:19.581+0000] {subprocess.py:106} INFO - [0m13:35:19  Running with dbt=1.9.3
[2025-03-28T13:35:22.562+0000] {subprocess.py:106} INFO - [0m13:35:22  Registered adapter: postgres=1.9.0
[2025-03-28T13:35:25.214+0000] {subprocess.py:106} INFO - [0m13:35:25  [[33mWARNING[0m]: Configuration paths exist in your dbt_project.yml file which do not apply to any resources.
[2025-03-28T13:35:25.217+0000] {subprocess.py:106} INFO - There are 1 unused configuration paths:
[2025-03-28T13:35:25.218+0000] {subprocess.py:106} INFO - - models.bank_reviews_transactional.transactional
[2025-03-28T13:35:26.382+0000] {subprocess.py:106} INFO - [0m13:35:26  Found 1 model, 1 source, 433 macros
[2025-03-28T13:35:26.405+0000] {subprocess.py:106} INFO - [0m13:35:26
[2025-03-28T13:35:26.410+0000] {subprocess.py:106} INFO - [0m13:35:26  Concurrency: 4 threads (target='dev')
[2025-03-28T13:35:26.411+0000] {subprocess.py:106} INFO - [0m13:35:26
[2025-03-28T13:35:27.525+0000] {subprocess.py:106} INFO - [0m13:35:27  1 of 1 START sql table model transactional.clean_reviews ....................... [RUN]
[2025-03-28T13:35:32.853+0000] {subprocess.py:106} INFO - [0m13:35:32  1 of 1 OK created sql table model transactional.clean_reviews .................. [[32mSELECT 281[0m in 5.32s]
[2025-03-28T13:35:32.959+0000] {subprocess.py:106} INFO - [0m13:35:32
[2025-03-28T13:35:32.963+0000] {subprocess.py:106} INFO - [0m13:35:32  Finished running 1 table model in 0 hours 0 minutes and 6.55 seconds (6.55s).
[2025-03-28T13:35:33.110+0000] {subprocess.py:106} INFO - [0m13:35:33
[2025-03-28T13:35:33.117+0000] {subprocess.py:106} INFO - [0m13:35:33  [32mCompleted successfully[0m
[2025-03-28T13:35:33.121+0000] {subprocess.py:106} INFO - [0m13:35:33
[2025-03-28T13:35:33.123+0000] {subprocess.py:106} INFO - [0m13:35:33  Done. PASS=1 WARN=0 ERROR=0 SKIP=0 TOTAL=1
[2025-03-28T13:35:35.494+0000] {subprocess.py:110} INFO - Command exited with return code 0
[2025-03-28T13:35:35.695+0000] {taskinstance.py:341} INFO - ::group::Post task execution logs
[2025-03-28T13:35:35.696+0000] {taskinstance.py:353} INFO - Marking task as SUCCESS. dag_id=load_dbt_clean_reviews_pipeline, task_id=dbt_run_transactional, run_id=scheduled__2024-12-25T00:00:00+00:00, execution_date=20241225T000000, start_date=20250328T133501, end_date=20250328T133535
[2025-03-28T13:35:35.960+0000] {logging_mixin.py:190} INFO - Task instance in success state
[2025-03-28T13:35:35.961+0000] {logging_mixin.py:190} INFO -  Previous state of the Task instance: running
[2025-03-28T13:35:35.962+0000] {logging_mixin.py:190} INFO - Dag name:load_dbt_clean_reviews_pipeline queued_at:2025-03-28 13:34:56.547944+00:00
[2025-03-28T13:35:35.962+0000] {logging_mixin.py:190} INFO - Task hostname:DESKTOP-IM7V4RI. operator:BashOperator
[2025-03-28T13:35:36.044+0000] {local_task_job_runner.py:266} INFO - Task exited with return code 0
[2025-03-28T13:35:36.168+0000] {taskinstance.py:3901} INFO - 0 downstream tasks scheduled from follow-on schedule check
[2025-03-28T13:35:36.175+0000] {local_task_job_runner.py:245} INFO - ::endgroup::
