[2025-03-28T02:21:57.639+0000] {local_task_job_runner.py:123} INFO - ::group::Pre task execution logs
[2025-03-28T02:21:57.753+0000] {taskinstance.py:2614} INFO - Dependencies all met for dep_context=non-requeueable deps ti=<TaskInstance: load_dbt_clean_reviews_pipeline.dbt_run_transactional scheduled__2024-06-04T00:00:00+00:00 [queued]>
[2025-03-28T02:21:57.837+0000] {taskinstance.py:2614} INFO - Dependencies all met for dep_context=requeueable deps ti=<TaskInstance: load_dbt_clean_reviews_pipeline.dbt_run_transactional scheduled__2024-06-04T00:00:00+00:00 [queued]>
[2025-03-28T02:21:57.838+0000] {taskinstance.py:2867} INFO - Starting attempt 1 of 2
[2025-03-28T02:21:57.907+0000] {taskinstance.py:2890} INFO - Executing <Task(BashOperator): dbt_run_transactional> on 2024-06-04 00:00:00+00:00
[2025-03-28T02:21:57.959+0000] {standard_task_runner.py:72} INFO - Started process 195615 to run task
[2025-03-28T02:21:57.990+0000] {standard_task_runner.py:104} INFO - Running: ['airflow', 'tasks', 'run', 'load_dbt_clean_reviews_pipeline', 'dbt_run_transactional', 'scheduled__2024-06-04T00:00:00+00:00', '--job-id', '2069', '--raw', '--subdir', 'DAGS_FOLDER/dag_load_reviews.py', '--cfg-path', '/tmp/tmpa74ol7rc']
[2025-03-28T02:21:58.009+0000] {standard_task_runner.py:105} INFO - Job 2069: Subtask dbt_run_transactional
[2025-03-28T02:21:58.310+0000] {task_command.py:467} INFO - Running <TaskInstance: load_dbt_clean_reviews_pipeline.dbt_run_transactional scheduled__2024-06-04T00:00:00+00:00 [running]> on host DESKTOP-IM7V4RI.
[2025-03-28T02:21:58.969+0000] {taskinstance.py:3134} INFO - Exporting env vars: AIRFLOW_CTX_DAG_OWNER='mohammed' AIRFLOW_CTX_DAG_ID='load_dbt_clean_reviews_pipeline' AIRFLOW_CTX_TASK_ID='dbt_run_transactional' AIRFLOW_CTX_EXECUTION_DATE='2024-06-04T00:00:00+00:00' AIRFLOW_CTX_TRY_NUMBER='1' AIRFLOW_CTX_DAG_RUN_ID='scheduled__2024-06-04T00:00:00+00:00'
[2025-03-28T02:21:58.971+0000] {logging_mixin.py:190} INFO - Task instance is in running state
[2025-03-28T02:21:58.972+0000] {logging_mixin.py:190} INFO -  Previous state of the Task instance: queued
[2025-03-28T02:21:58.973+0000] {logging_mixin.py:190} INFO - Current task name:dbt_run_transactional state:running start_date:2025-03-28 02:21:57.755194+00:00
[2025-03-28T02:21:58.974+0000] {logging_mixin.py:190} INFO - Dag name:load_dbt_clean_reviews_pipeline and current dag run status:running
[2025-03-28T02:21:58.974+0000] {taskinstance.py:732} INFO - ::endgroup::
[2025-03-28T02:21:58.989+0000] {subprocess.py:78} INFO - Tmp dir root location: /tmp
[2025-03-28T02:21:59.003+0000] {subprocess.py:88} INFO - Running command: ['/usr/bin/bash', '-c', 'cd /home/mohammed/.dbt/dbt_projects/bank_reviews_transactional && dbt run']
[2025-03-28T02:21:59.118+0000] {subprocess.py:99} INFO - Output:
[2025-03-28T02:22:17.748+0000] {subprocess.py:106} INFO - [0m02:22:17  Running with dbt=1.9.3
[2025-03-28T02:22:22.067+0000] {subprocess.py:106} INFO - [0m02:22:22  Registered adapter: postgres=1.9.0
[2025-03-28T02:22:26.416+0000] {subprocess.py:106} INFO - [0m02:22:26  [[33mWARNING[0m]: Configuration paths exist in your dbt_project.yml file which do not apply to any resources.
[2025-03-28T02:22:26.417+0000] {subprocess.py:106} INFO - There are 1 unused configuration paths:
[2025-03-28T02:22:26.418+0000] {subprocess.py:106} INFO - - models.bank_reviews_transactional.transactional
[2025-03-28T02:22:28.564+0000] {subprocess.py:106} INFO - [0m02:22:28  Found 1 model, 1 source, 433 macros
[2025-03-28T02:22:28.763+0000] {subprocess.py:106} INFO - [0m02:22:28
[2025-03-28T02:22:28.780+0000] {subprocess.py:106} INFO - [0m02:22:28  Concurrency: 4 threads (target='dev')
[2025-03-28T02:22:28.783+0000] {subprocess.py:106} INFO - [0m02:22:28
[2025-03-28T02:22:35.707+0000] {subprocess.py:106} INFO - [0m02:22:35  1 of 1 START sql table model transactional.clean_reviews ....................... [RUN]
[2025-03-28T02:22:39.007+0000] {subprocess.py:106} INFO - [0m02:22:39  1 of 1 OK created sql table model transactional.clean_reviews .................. [[32mSELECT 153[0m in 3.26s]
[2025-03-28T02:22:39.206+0000] {subprocess.py:106} INFO - [0m02:22:39
[2025-03-28T02:22:39.229+0000] {subprocess.py:106} INFO - [0m02:22:39  Finished running 1 table model in 0 hours 0 minutes and 10.41 seconds (10.41s).
[2025-03-28T02:22:40.279+0000] {subprocess.py:106} INFO - [0m02:22:40
[2025-03-28T02:22:40.281+0000] {subprocess.py:106} INFO - [0m02:22:40  [32mCompleted successfully[0m
[2025-03-28T02:22:40.310+0000] {subprocess.py:106} INFO - [0m02:22:40
[2025-03-28T02:22:40.316+0000] {subprocess.py:106} INFO - [0m02:22:40  Done. PASS=1 WARN=0 ERROR=0 SKIP=0 TOTAL=1
[2025-03-28T02:22:46.309+0000] {subprocess.py:110} INFO - Command exited with return code 0
[2025-03-28T02:22:47.759+0000] {taskinstance.py:341} INFO - ::group::Post task execution logs
[2025-03-28T02:22:47.764+0000] {taskinstance.py:353} INFO - Marking task as SUCCESS. dag_id=load_dbt_clean_reviews_pipeline, task_id=dbt_run_transactional, run_id=scheduled__2024-06-04T00:00:00+00:00, execution_date=20240604T000000, start_date=20250328T022157, end_date=20250328T022247
[2025-03-28T02:22:49.290+0000] {logging_mixin.py:190} INFO - Task instance in success state
[2025-03-28T02:22:49.311+0000] {logging_mixin.py:190} INFO -  Previous state of the Task instance: running
[2025-03-28T02:22:49.312+0000] {logging_mixin.py:190} INFO - Dag name:load_dbt_clean_reviews_pipeline queued_at:2025-03-28 02:21:54.819369+00:00
[2025-03-28T02:22:49.313+0000] {logging_mixin.py:190} INFO - Task hostname:DESKTOP-IM7V4RI. operator:BashOperator
[2025-03-28T02:22:49.483+0000] {local_task_job_runner.py:266} INFO - Task exited with return code 0
[2025-03-28T02:22:49.670+0000] {standard_task_runner.py:217} INFO - Process not found (most likely exited), stop collecting metrics
[2025-03-28T02:22:49.838+0000] {taskinstance.py:3901} INFO - 0 downstream tasks scheduled from follow-on schedule check
[2025-03-28T02:22:49.851+0000] {local_task_job_runner.py:245} INFO - ::endgroup::
