[2025-03-21T02:50:13.939+0000] {local_task_job_runner.py:123} INFO - ::group::Pre task execution logs
[2025-03-21T02:50:14.044+0000] {taskinstance.py:2614} INFO - Dependencies all met for dep_context=non-requeueable deps ti=<TaskInstance: scrape_all_jobs.extract_data manual__2025-03-21T02:50:08.340180+00:00 [queued]>
[2025-03-21T02:50:14.075+0000] {taskinstance.py:2614} INFO - Dependencies all met for dep_context=requeueable deps ti=<TaskInstance: scrape_all_jobs.extract_data manual__2025-03-21T02:50:08.340180+00:00 [queued]>
[2025-03-21T02:50:14.075+0000] {taskinstance.py:2867} INFO - Starting attempt 1 of 2
[2025-03-21T02:50:14.134+0000] {taskinstance.py:2890} INFO - Executing <Task(PythonOperator): extract_data> on 2025-03-21 02:50:08.340180+00:00
[2025-03-21T02:50:14.165+0000] {standard_task_runner.py:72} INFO - Started process 609582 to run task
[2025-03-21T02:50:14.205+0000] {standard_task_runner.py:104} INFO - Running: ['airflow', 'tasks', 'run', 'scrape_all_jobs', 'extract_data', 'manual__2025-03-21T02:50:08.340180+00:00', '--job-id', '1897', '--raw', '--subdir', 'DAGS_FOLDER/scrape_and_store_all_jobs.py', '--cfg-path', '/tmp/tmpwodt7zdo']
[2025-03-21T02:50:14.209+0000] {standard_task_runner.py:105} INFO - Job 1897: Subtask extract_data
[2025-03-21T02:50:14.610+0000] {task_command.py:467} INFO - Running <TaskInstance: scrape_all_jobs.extract_data manual__2025-03-21T02:50:08.340180+00:00 [running]> on host DESKTOP-IM7V4RI.
[2025-03-21T02:50:14.984+0000] {taskinstance.py:3134} INFO - Exporting env vars: AIRFLOW_CTX_DAG_OWNER='airflow' AIRFLOW_CTX_DAG_ID='scrape_all_jobs' AIRFLOW_CTX_TASK_ID='extract_data' AIRFLOW_CTX_EXECUTION_DATE='2025-03-21T02:50:08.340180+00:00' AIRFLOW_CTX_TRY_NUMBER='1' AIRFLOW_CTX_DAG_RUN_ID='manual__2025-03-21T02:50:08.340180+00:00'
[2025-03-21T02:50:14.988+0000] {logging_mixin.py:190} INFO - Task instance is in running state
[2025-03-21T02:50:14.989+0000] {logging_mixin.py:190} INFO -  Previous state of the Task instance: queued
[2025-03-21T02:50:14.990+0000] {logging_mixin.py:190} INFO - Current task name:extract_data state:running start_date:2025-03-21 02:50:14.045633+00:00
[2025-03-21T02:50:14.991+0000] {logging_mixin.py:190} INFO - Dag name:scrape_all_jobs and current dag run status:running
[2025-03-21T02:50:14.991+0000] {taskinstance.py:732} INFO - ::endgroup::
[2025-03-21T02:50:14.993+0000] {logging_mixin.py:190} INFO - Extraction des données depuis rekrute.com...
[2025-03-21T02:50:17.819+0000] {logging_mixin.py:190} INFO - (rekrute.com) Nombre total de pages : 172
[2025-03-21T02:50:17.819+0000] {logging_mixin.py:190} INFO - (rekrute.com) Traitement de la page 1...
[2025-03-21T02:50:22.277+0000] {logging_mixin.py:190} INFO - ✅ Offre ajoutée avec succès : RPA BLUEPRISM Developer
[2025-03-21T02:50:22.279+0000] {logging_mixin.py:190} INFO - (rekrute.com) Offre ajoutée : RPA BLUEPRISM Developer
[2025-03-21T02:50:23.929+0000] {logging_mixin.py:190} INFO - ✅ Offre ajoutée avec succès : Dessinateur Projeteur Installation Générale/Tuyauterie H/F
[2025-03-21T02:50:23.930+0000] {logging_mixin.py:190} INFO - (rekrute.com) Offre ajoutée : Dessinateur Projeteur Installation Générale/Tuyauterie H/F
[2025-03-21T02:50:26.111+0000] {logging_mixin.py:190} INFO - ✅ Offre ajoutée avec succès : Chargé(e) de Clientèle
[2025-03-21T02:50:26.113+0000] {logging_mixin.py:190} INFO - (rekrute.com) Offre ajoutée : Chargé(e) de Clientèle
[2025-03-21T02:50:30.302+0000] {logging_mixin.py:190} INFO - ✅ Offre ajoutée avec succès : Chef Comptable
[2025-03-21T02:50:30.303+0000] {logging_mixin.py:190} INFO - (rekrute.com) Offre ajoutée : Chef Comptable
[2025-03-21T02:50:31.117+0000] {logging_mixin.py:190} INFO - ✅ Offre ajoutée avec succès : Chargé de clientèle - Réception d'appel - Rabat
[2025-03-21T02:50:31.118+0000] {logging_mixin.py:190} INFO - (rekrute.com) Offre ajoutée : Chargé de clientèle - Réception d'appel - Rabat
[2025-03-21T02:50:32.150+0000] {logging_mixin.py:190} INFO - ✅ Offre ajoutée avec succès : Conseiller Digital
[2025-03-21T02:50:32.151+0000] {logging_mixin.py:190} INFO - (rekrute.com) Offre ajoutée : Conseiller Digital
[2025-03-21T02:50:32.874+0000] {logging_mixin.py:190} INFO - ✅ Offre ajoutée avec succès : Conseiller Commercial
[2025-03-21T02:50:32.875+0000] {logging_mixin.py:190} INFO - (rekrute.com) Offre ajoutée : Conseiller Commercial
[2025-03-21T02:50:33.650+0000] {logging_mixin.py:190} INFO - ✅ Offre ajoutée avec succès : Conseiller Commercial
[2025-03-21T02:50:33.651+0000] {logging_mixin.py:190} INFO - (rekrute.com) Offre ajoutée : Conseiller Commercial
[2025-03-21T02:50:34.704+0000] {logging_mixin.py:190} INFO - ✅ Offre ajoutée avec succès : Manager H/F
[2025-03-21T02:50:34.705+0000] {logging_mixin.py:190} INFO - (rekrute.com) Offre ajoutée : Manager H/F
[2025-03-21T02:50:35.923+0000] {logging_mixin.py:190} INFO - ✅ Offre ajoutée avec succès : Responsable Compensation and Benefits H/F
[2025-03-21T02:50:35.923+0000] {logging_mixin.py:190} INFO - (rekrute.com) Offre ajoutée : Responsable Compensation and Benefits H/F
[2025-03-21T02:50:38.848+0000] {logging_mixin.py:190} INFO - (rekrute.com) Traitement de la page 2...
[2025-03-21T02:50:41.948+0000] {logging_mixin.py:190} INFO - ✅ Offre ajoutée avec succès : Accountant
[2025-03-21T02:50:41.949+0000] {logging_mixin.py:190} INFO - (rekrute.com) Offre ajoutée : Accountant
[2025-03-21T02:50:42.700+0000] {logging_mixin.py:190} INFO - ✅ Offre ajoutée avec succès : Back Office
[2025-03-21T02:50:42.701+0000] {logging_mixin.py:190} INFO - (rekrute.com) Offre ajoutée : Back Office
[2025-03-21T02:50:44.264+0000] {logging_mixin.py:190} INFO - ✅ Offre ajoutée avec succès : Chargé(e) s de Conduite d'Activité francophones
[2025-03-21T02:50:44.265+0000] {logging_mixin.py:190} INFO - (rekrute.com) Offre ajoutée : Chargé(e) s de Conduite d'Activité francophones
[2025-03-21T02:50:46.308+0000] {logging_mixin.py:190} INFO - ✅ Offre ajoutée avec succès : HR Generalist
[2025-03-21T02:50:46.309+0000] {logging_mixin.py:190} INFO - (rekrute.com) Offre ajoutée : HR Generalist
[2025-03-21T02:50:47.151+0000] {logging_mixin.py:190} INFO - ✅ Offre ajoutée avec succès : Développeur Full Stack de Talent Expérimenté - PHP7 (H/F)
[2025-03-21T02:50:47.153+0000] {logging_mixin.py:190} INFO - (rekrute.com) Offre ajoutée : Développeur Full Stack de Talent Expérimenté - PHP7 (H/F)
[2025-03-21T02:50:48.231+0000] {logging_mixin.py:190} INFO - ✅ Offre ajoutée avec succès : Ingénieur Safety/Sécurité Incendie
[2025-03-21T02:50:48.232+0000] {logging_mixin.py:190} INFO - (rekrute.com) Offre ajoutée : Ingénieur Safety/Sécurité Incendie
[2025-03-21T02:50:49.835+0000] {logging_mixin.py:190} INFO - ✅ Offre ajoutée avec succès : Cadre Recouvrement
[2025-03-21T02:50:49.836+0000] {logging_mixin.py:190} INFO - (rekrute.com) Offre ajoutée : Cadre Recouvrement
[2025-03-21T02:50:50.599+0000] {logging_mixin.py:190} INFO - ✅ Offre ajoutée avec succès : Data Analyst - Contrôle de Gestion H/F
[2025-03-21T02:50:50.600+0000] {logging_mixin.py:190} INFO - (rekrute.com) Offre ajoutée : Data Analyst - Contrôle de Gestion H/F
[2025-03-21T02:50:53.536+0000] {logging_mixin.py:190} INFO - ✅ Offre ajoutée avec succès : Chargé(e) de support informatique N0 parfaitement francophones
[2025-03-21T02:50:53.537+0000] {logging_mixin.py:190} INFO - (rekrute.com) Offre ajoutée : Chargé(e) de support informatique N0 parfaitement francophones
[2025-03-21T02:50:54.373+0000] {logging_mixin.py:190} INFO - ✅ Offre ajoutée avec succès : Assistante RH
[2025-03-21T02:50:54.374+0000] {logging_mixin.py:190} INFO - (rekrute.com) Offre ajoutée : Assistante RH
[2025-03-21T02:50:56.379+0000] {logging_mixin.py:190} INFO - Extraction des données depuis marocemploi.net...
[2025-03-21T02:50:56.384+0000] {logging_mixin.py:190} INFO - (marocemploi.net) Traitement de la page 1...
[2025-03-21T02:51:01.089+0000] {logging_mixin.py:190} INFO - ✅ Offre ajoutée avec succès : Commerciale en Immobilier
[2025-03-21T02:51:01.092+0000] {logging_mixin.py:190} INFO - (rekrute.com) Offre ajoutée : Commerciale en Immobilier
[2025-03-21T02:51:03.470+0000] {logging_mixin.py:190} INFO - ✅ Offre ajoutée avec succès : COMPTABLE (H/F)
[2025-03-21T02:51:03.471+0000] {logging_mixin.py:190} INFO - (rekrute.com) Offre ajoutée : COMPTABLE (H/F)
[2025-03-21T02:51:04.947+0000] {logging_mixin.py:190} INFO - ✅ Offre ajoutée avec succès : Un(e) Pharmacien Assistant de Production
[2025-03-21T02:51:04.948+0000] {logging_mixin.py:190} INFO - (rekrute.com) Offre ajoutée : Un(e) Pharmacien Assistant de Production
[2025-03-21T02:51:06.056+0000] {logging_mixin.py:190} INFO - ✅ Offre ajoutée avec succès : Développeur Symfony Junior – API (CDI)
[2025-03-21T02:51:06.057+0000] {logging_mixin.py:190} INFO - (rekrute.com) Offre ajoutée : Développeur Symfony Junior – API (CDI)
[2025-03-21T02:51:14.717+0000] {logging_mixin.py:190} INFO - ✅ Offre ajoutée avec succès : Responsable Magasin MP
[2025-03-21T02:51:14.719+0000] {logging_mixin.py:190} INFO - (rekrute.com) Offre ajoutée : Responsable Magasin MP
[2025-03-21T02:51:15.332+0000] {logging_mixin.py:190} INFO - ✅ Offre ajoutée avec succès : Magasinier à Boulevard chefchaouni Ain Sebaa Casablanca
[2025-03-21T02:51:15.333+0000] {logging_mixin.py:190} INFO - (rekrute.com) Offre ajoutée : Magasinier à Boulevard chefchaouni Ain Sebaa Casablanca
[2025-03-21T02:51:15.925+0000] {logging_mixin.py:190} INFO - ✅ Offre ajoutée avec succès : Vendeurs à Val Fleuri Maarif Casablanca
[2025-03-21T02:51:15.926+0000] {logging_mixin.py:190} INFO - (rekrute.com) Offre ajoutée : Vendeurs à Val Fleuri Maarif Casablanca
[2025-03-21T02:51:16.989+0000] {logging_mixin.py:190} INFO - ✅ Offre ajoutée avec succès : Technicien réseau
[2025-03-21T02:51:16.990+0000] {logging_mixin.py:190} INFO - (rekrute.com) Offre ajoutée : Technicien réseau
[2025-03-21T02:51:17.707+0000] {logging_mixin.py:190} INFO - ✅ Offre ajoutée avec succès : Développeur Back-End
[2025-03-21T02:51:17.708+0000] {logging_mixin.py:190} INFO - (rekrute.com) Offre ajoutée : Développeur Back-End
[2025-03-21T02:51:18.362+0000] {logging_mixin.py:190} INFO - ✅ Offre ajoutée avec succès : Caissière
[2025-03-21T02:51:18.363+0000] {logging_mixin.py:190} INFO - (rekrute.com) Offre ajoutée : Caissière
[2025-03-21T02:51:19.003+0000] {logging_mixin.py:190} INFO - ✅ Offre ajoutée avec succès : Soudeur à Ain Sebaa
[2025-03-21T02:51:19.004+0000] {logging_mixin.py:190} INFO - (rekrute.com) Offre ajoutée : Soudeur à Ain Sebaa
[2025-03-21T02:51:19.839+0000] {logging_mixin.py:190} INFO - ✅ Offre ajoutée avec succès : Assistante digitale et e-commerce d’une parapharmacie
[2025-03-21T02:51:19.840+0000] {logging_mixin.py:190} INFO - (rekrute.com) Offre ajoutée : Assistante digitale et e-commerce d’une parapharmacie
[2025-03-21T02:51:20.351+0000] {logging_mixin.py:190} INFO - ✅ Offre ajoutée avec succès : Equipier polyvalent – restauration rapide
[2025-03-21T02:51:20.351+0000] {logging_mixin.py:190} INFO - (rekrute.com) Offre ajoutée : Equipier polyvalent – restauration rapide
[2025-03-21T02:51:21.259+0000] {logging_mixin.py:190} INFO - ✅ Offre ajoutée avec succès : Commis de cuisine – restauration rapide
[2025-03-21T02:51:21.260+0000] {logging_mixin.py:190} INFO - (rekrute.com) Offre ajoutée : Commis de cuisine – restauration rapide
[2025-03-21T02:51:21.992+0000] {logging_mixin.py:190} INFO - ✅ Offre ajoutée avec succès : Une assistante juridique
[2025-03-21T02:51:21.993+0000] {logging_mixin.py:190} INFO - (rekrute.com) Offre ajoutée : Une assistante juridique
[2025-03-21T02:51:22.601+0000] {logging_mixin.py:190} INFO - ✅ Offre ajoutée avec succès : Assistante Appels d’offres
[2025-03-21T02:51:22.601+0000] {logging_mixin.py:190} INFO - (rekrute.com) Offre ajoutée : Assistante Appels d’offres
[2025-03-21T02:51:23.170+0000] {logging_mixin.py:190} INFO - ✅ Offre ajoutée avec succès : Technico-commercial
[2025-03-21T02:51:23.171+0000] {logging_mixin.py:190} INFO - (rekrute.com) Offre ajoutée : Technico-commercial
[2025-03-21T02:51:23.592+0000] {logging_mixin.py:190} INFO - ✅ Offre ajoutée avec succès : Responsable de la Chaîne Logistique
[2025-03-21T02:51:23.592+0000] {logging_mixin.py:190} INFO - (rekrute.com) Offre ajoutée : Responsable de la Chaîne Logistique
[2025-03-21T02:51:24.252+0000] {logging_mixin.py:190} INFO - ✅ Offre ajoutée avec succès : Livreur
[2025-03-21T02:51:24.253+0000] {logging_mixin.py:190} INFO - (rekrute.com) Offre ajoutée : Livreur
[2025-03-21T02:51:24.909+0000] {logging_mixin.py:190} INFO - ✅ Offre ajoutée avec succès : Agent de nettoyage
[2025-03-21T02:51:24.910+0000] {logging_mixin.py:190} INFO - (rekrute.com) Offre ajoutée : Agent de nettoyage
[2025-03-21T02:51:25.473+0000] {logging_mixin.py:190} INFO - ✅ Offre ajoutée avec succès : Assistant Comptable
[2025-03-21T02:51:25.474+0000] {logging_mixin.py:190} INFO - (rekrute.com) Offre ajoutée : Assistant Comptable
[2025-03-21T02:51:29.415+0000] {logging_mixin.py:190} INFO - ✅ Offre ajoutée avec succès : Ingénieur chargé d’affaires
[2025-03-21T02:51:29.469+0000] {logging_mixin.py:190} INFO - (rekrute.com) Offre ajoutée : Ingénieur chargé d’affaires
[2025-03-21T02:51:30.129+0000] {logging_mixin.py:190} INFO - ✅ Offre ajoutée avec succès : ​Infirmière éducatrice
[2025-03-21T02:51:30.130+0000] {logging_mixin.py:190} INFO - (rekrute.com) Offre ajoutée : ​Infirmière éducatrice
[2025-03-21T02:51:30.772+0000] {logging_mixin.py:190} INFO - ✅ Offre ajoutée avec succès : Cuisinier – restauration rapide
[2025-03-21T02:51:30.773+0000] {logging_mixin.py:190} INFO - (rekrute.com) Offre ajoutée : Cuisinier – restauration rapide
[2025-03-21T02:51:31.361+0000] {logging_mixin.py:190} INFO - ✅ Offre ajoutée avec succès : Technicien de réseau
[2025-03-21T02:51:31.362+0000] {logging_mixin.py:190} INFO - (rekrute.com) Offre ajoutée : Technicien de réseau
[2025-03-21T02:51:31.856+0000] {logging_mixin.py:190} INFO - ✅ Offre ajoutée avec succès : Vendeurs à TEMARA HAY ENNASSR
[2025-03-21T02:51:31.857+0000] {logging_mixin.py:190} INFO - (rekrute.com) Offre ajoutée : Vendeurs à TEMARA HAY ENNASSR
[2025-03-21T02:51:32.467+0000] {logging_mixin.py:190} INFO - ✅ Offre ajoutée avec succès : Assistante administrative
[2025-03-21T02:51:32.468+0000] {logging_mixin.py:190} INFO - (rekrute.com) Offre ajoutée : Assistante administrative
[2025-03-21T02:51:33.030+0000] {logging_mixin.py:190} INFO - ✅ Offre ajoutée avec succès : Vendeurs à Casablanca Bourgogne
[2025-03-21T02:51:33.030+0000] {logging_mixin.py:190} INFO - (rekrute.com) Offre ajoutée : Vendeurs à Casablanca Bourgogne
[2025-03-21T02:51:33.624+0000] {logging_mixin.py:190} INFO - ✅ Offre ajoutée avec succès : Conseiller Commercial
[2025-03-21T02:51:33.625+0000] {logging_mixin.py:190} INFO - (rekrute.com) Offre ajoutée : Conseiller Commercial
[2025-03-21T02:51:34.045+0000] {logging_mixin.py:190} INFO - ✅ Offre ajoutée avec succès : Responsable injection
[2025-03-21T02:51:34.046+0000] {logging_mixin.py:190} INFO - (rekrute.com) Offre ajoutée : Responsable injection
[2025-03-21T02:51:35.384+0000] {logging_mixin.py:190} INFO - ✅ Offre ajoutée avec succès : Vendeur et Vendeuse Casablanca
[2025-03-21T02:51:35.385+0000] {logging_mixin.py:190} INFO - (rekrute.com) Offre ajoutée : Vendeur et Vendeuse Casablanca
[2025-03-21T02:51:35.833+0000] {logging_mixin.py:190} INFO - ✅ Offre ajoutée avec succès : Sales Analyste (H/F) – Casablanca
[2025-03-21T02:51:35.834+0000] {logging_mixin.py:190} INFO - (rekrute.com) Offre ajoutée : Sales Analyste (H/F) – Casablanca
[2025-03-21T02:51:36.411+0000] {logging_mixin.py:190} INFO - ✅ Offre ajoutée avec succès : Téléacteur en création de traffic
[2025-03-21T02:51:36.412+0000] {logging_mixin.py:190} INFO - (rekrute.com) Offre ajoutée : Téléacteur en création de traffic
[2025-03-21T02:51:36.865+0000] {logging_mixin.py:190} INFO - ✅ Offre ajoutée avec succès : Rejoignez Amazing Media en tant que Créateur TikTok
[2025-03-21T02:51:36.867+0000] {logging_mixin.py:190} INFO - (rekrute.com) Offre ajoutée : Rejoignez Amazing Media en tant que Créateur TikTok
[2025-03-21T02:51:37.265+0000] {logging_mixin.py:190} INFO - ✅ Offre ajoutée avec succès : Trade Marketing Manager
[2025-03-21T02:51:37.266+0000] {logging_mixin.py:190} INFO - (rekrute.com) Offre ajoutée : Trade Marketing Manager
[2025-03-21T02:51:39.267+0000] {logging_mixin.py:190} INFO - (marocemploi.net) Traitement de la page 2...
[2025-03-21T02:51:40.972+0000] {logging_mixin.py:190} INFO - ✅ Offre ajoutée avec succès : Stagiaire PFE Contrôle de Gestion – Rémunéré – Ain Sebaa – Casablanca
[2025-03-21T02:51:40.972+0000] {logging_mixin.py:190} INFO - (rekrute.com) Offre ajoutée : Stagiaire PFE Contrôle de Gestion – Rémunéré – Ain Sebaa – Casablanca
[2025-03-21T02:51:41.709+0000] {logging_mixin.py:190} INFO - ✅ Offre ajoutée avec succès : Superviseur Modern Trade / GMS – Rabat
[2025-03-21T02:51:41.710+0000] {logging_mixin.py:190} INFO - (rekrute.com) Offre ajoutée : Superviseur Modern Trade / GMS – Rabat
[2025-03-21T02:51:42.083+0000] {logging_mixin.py:190} INFO - ✅ Offre ajoutée avec succès : Un(e) Sales Capability
[2025-03-21T02:51:42.084+0000] {logging_mixin.py:190} INFO - (rekrute.com) Offre ajoutée : Un(e) Sales Capability
[2025-03-21T02:51:43.842+0000] {logging_mixin.py:190} INFO - ✅ Offre ajoutée avec succès : Vendeur Gros
[2025-03-21T02:51:43.843+0000] {logging_mixin.py:190} INFO - (rekrute.com) Offre ajoutée : Vendeur Gros
[2025-03-21T02:51:44.411+0000] {logging_mixin.py:190} INFO - ✅ Offre ajoutée avec succès : Offre de Stage : Assistante ADV – Département Logistique
[2025-03-21T02:51:44.412+0000] {logging_mixin.py:190} INFO - (rekrute.com) Offre ajoutée : Offre de Stage : Assistante ADV – Département Logistique
[2025-03-21T02:51:45.142+0000] {logging_mixin.py:190} INFO - ✅ Offre ajoutée avec succès : Merchandiser
[2025-03-21T02:51:45.144+0000] {logging_mixin.py:190} INFO - (rekrute.com) Offre ajoutée : Merchandiser
[2025-03-21T02:51:45.893+0000] {logging_mixin.py:190} INFO - ✅ Offre ajoutée avec succès : Aide Magasinier
[2025-03-21T02:51:45.895+0000] {logging_mixin.py:190} INFO - (rekrute.com) Offre ajoutée : Aide Magasinier
[2025-03-21T02:51:46.562+0000] {logging_mixin.py:190} INFO - ✅ Offre ajoutée avec succès : Vendeurs Détail et Gros – Maroc –
[2025-03-21T02:51:46.563+0000] {logging_mixin.py:190} INFO - (rekrute.com) Offre ajoutée : Vendeurs Détail et Gros – Maroc –
[2025-03-21T02:51:47.349+0000] {logging_mixin.py:190} INFO - ✅ Offre ajoutée avec succès : Superviseur Détail
[2025-03-21T02:51:47.349+0000] {logging_mixin.py:190} INFO - (rekrute.com) Offre ajoutée : Superviseur Détail
[2025-03-21T02:51:47.983+0000] {logging_mixin.py:190} INFO - ✅ Offre ajoutée avec succès : VENDEURS et LIVREURS MEKNES
[2025-03-21T02:51:47.984+0000] {logging_mixin.py:190} INFO - (rekrute.com) Offre ajoutée : VENDEURS et LIVREURS MEKNES
[2025-03-21T02:51:48.633+0000] {logging_mixin.py:190} INFO - ✅ Offre ajoutée avec succès : SUPERVISEUR DETAIL MOHAMMEDIA
[2025-03-21T02:51:48.634+0000] {logging_mixin.py:190} INFO - (rekrute.com) Offre ajoutée : SUPERVISEUR DETAIL MOHAMMEDIA
[2025-03-21T02:51:49.204+0000] {logging_mixin.py:190} INFO - ✅ Offre ajoutée avec succès : Vendeurs Casablanca, Rabat et Marrakech
[2025-03-21T02:51:49.205+0000] {logging_mixin.py:190} INFO - (rekrute.com) Offre ajoutée : Vendeurs Casablanca, Rabat et Marrakech
[2025-03-21T02:51:49.879+0000] {logging_mixin.py:190} INFO - ✅ Offre ajoutée avec succès : COMPTABLE
[2025-03-21T02:51:49.880+0000] {logging_mixin.py:190} INFO - (rekrute.com) Offre ajoutée : COMPTABLE
[2025-03-21T02:51:51.890+0000] {python.py:240} INFO - Done. Returned value was: [{'Source': 'rekrute.com', 'Poste': 'RPA BLUEPRISM Developer', 'Entreprise': 'AXA Group Operations Maroc', "URL de l'offre": 'https://www.rekrute.com//offre-emploi-rpa-blueprism-developer-recrutement-axa-group-operations-maroc-rabat-168619.html', "Chemin de l'image": '/images/168619.png', "Niveau d'études": 'Bac +4', "Niveau d'expérience": 'De 1 à 3 ans', 'Contrat': 'CDI - Télétravail : Hybride', 'Région': 'Rabat (Maroc)', 'Compétences clés': 'Informatique / Electronique', 'Date de publication': '20/03/2025'}, {'Source': 'rekrute.com', 'Poste': 'Dessinateur Projeteur Installation Générale/Tuyauterie H/F', 'Entreprise': 'PM Engineering by Parlym', "URL de l'offre": 'https://www.rekrute.com//offre-emploi-dessinateur-projeteur-installation-generaletuyauterie-hf-recrutement-pm-engineering-by-parlym-casablanca-169858.html', "Chemin de l'image": '/images/169858.png', "Niveau d'études": 'Bac +2', "Niveau d'expérience": 'De 10 à 20 ans', 'Contrat': 'CDI - Télétravail : Non', 'Région': 'Casablanca (Maroc)', 'Compétences clés': 'Méthodes / Process / Industrialisation', 'Date de publication': '20/03/2025'}, {'Source': 'rekrute.com', 'Poste': 'Chargé(e) de Clientèle', 'Entreprise': 'Foundever (ex Sitel Group)', "URL de l'offre": 'https://www.rekrute.com//offre-emploi-chargee-de-clientele-recrutement-foundever-ex-sitel-group-rabat-169857.html', "Chemin de l'image": '/images/169857.png', "Niveau d'études": 'Qualification avant Bac', "Niveau d'expérience": 'Débutant', 'Contrat': 'CDI - Télétravail : Non', 'Région': 'Rabat (Maroc)', 'Compétences clés': 'Call Centers (métiers de)', 'Date de publication': '20/03/2025'}, {'Source': 'rekrute.com', 'Poste': 'Chef Comptable', 'Entreprise': 'Oncorad Group', "URL de l'offre": 'https://www.rekrute.com//offre-emploi-chef-comptable-recrutement-oncorad-group-casablanca-169856.html', "Chemin de l'image": '/images/169856.png', "Niveau d'études": 'Bac +5 et plus', "Niveau d'expérience": 'De 3 à 5 ans - De 5 à 10 ans', 'Contrat': 'CDI - Télétravail : Non', 'Région': 'Casablanca (Maroc)', 'Compétences clés': 'Gestion / Comptabilité / Finance', 'Date de publication': '20/03/2025'}, {'Source': 'rekrute.com', 'Poste': "Chargé de clientèle - Réception d'appel - Rabat", 'Entreprise': 'Cnexia', "URL de l'offre": 'https://www.rekrute.com//offre-emploi-charge-de-clientele---reception-dappel---rabat-recrutement-cnexia-rabat-169855.html', "Chemin de l'image": '/images/169855.png', "Niveau d'études": 'Bac', "Niveau d'expérience": 'De 1 à 3 ans', 'Contrat': 'CDI - Télétravail : Non', 'Région': 'Rabat (Maroc)', 'Compétences clés': 'Call Centers (métiers de)', 'Date de publication': '20/03/2025'}, {'Source': 'rekrute.com', 'Poste': 'Conseiller Digital', 'Entreprise': 'Intelcia', "URL de l'offre": 'https://www.rekrute.com//offre-emploi-conseiller-digital-recrutement-intelcia-casablanca-169852.html', "Chemin de l'image": '/images/169852.png', "Niveau d'études": 'Bac', "Niveau d'expérience": 'De 3 à 5 ans', 'Contrat': 'CDD - Télétravail : Non', 'Région': 'Casablanca (Maroc)', 'Compétences clés': 'Call Centers (métiers de)', 'Date de publication': '20/03/2025'}, {'Source': 'rekrute.com', 'Poste': 'Conseiller Commercial', 'Entreprise': 'Intelcia', "URL de l'offre": 'https://www.rekrute.com//offre-emploi-conseiller-commercial-recrutement-intelcia-casablanca-169853.html', "Chemin de l'image": '/images/169853.png', "Niveau d'études": 'Bac +2', "Niveau d'expérience": 'De 3 à 5 ans', 'Contrat': 'CDI - Télétravail : Non', 'Région': 'Casablanca (Maroc)', 'Compétences clés': 'Call Centers (métiers de)', 'Date de publication': '20/03/2025'}, {'Source': 'rekrute.com', 'Poste': 'Conseiller Commercial', 'Entreprise': 'Intelcia', "URL de l'offre": 'https://www.rekrute.com//offre-emploi-conseiller-commercial-recrutement-intelcia-casablanca-169854.html', "Chemin de l'image": '/images/169854.png', "Niveau d'études": 'Bac', "Niveau d'expérience": 'De 3 à 5 ans', 'Contrat': 'CDI - Télétravail : Non', 'Région': 'Casablanca (Maroc)', 'Compétences clés': 'Call Centers (métiers de)', 'Date de publication': '20/03/2025'}, {'Source': 'rekrute.com', 'Poste': 'Manager H/F', 'Entreprise': "McDonald's Maroc", "URL de l'offre": 'https://www.rekrute.com//offre-emploi-manager-hf-recrutement-mcdonalds-maroc-casablanca-cfc-168514.html', "Chemin de l'image": '/images/168514.png', "Niveau d'études": 'Bac +2', "Niveau d'expérience": 'De 1 à 3 ans', 'Contrat': 'CDI - Télétravail : Non', 'Région': 'Casablanca CFC (Maroc)', 'Compétences clés': 'Call Centers (métiers de) , Hôtellerie / Restauration (métiers de)', 'Date de publication': '20/03/2025'}, {'Source': 'rekrute.com', 'Poste': 'Responsable Compensation and Benefits H/F', 'Entreprise': 'Non spécifié', "URL de l'offre": 'https://www.rekrute.com//offre-emploi-responsable-compensation-and-benefits-hf-recrutement-confidentiel-casablanca-169850.html', "Chemin de l'image": '/images/169850.jpg', "Niveau d'études": 'Bac +5 et plus', "Niveau d'expérience": 'De 3 à 5 ans', 'Contrat': 'CDI - Télétravail : Non', 'Région': 'Casablanca (Maroc)', 'Compétences clés': 'RH / Personnel / Formation', 'Date de publication': '20/03/2025'}, {'Source': 'rekrute.com', 'Poste': 'Accountant', 'Entreprise': 'Non spécifié', "URL de l'offre": 'https://www.rekrute.com//offre-emploi-accountant-recrutement-confidentiel-larache-169849.html', "Chemin de l'image": '/images/169849.jpg', "Niveau d'études": 'Bac +3', "Niveau d'expérience": 'De 1 à 3 ans - De 3 à 5 ans', 'Contrat': 'Autre - Télétravail : Non', 'Région': 'Larache (Maroc)', 'Compétences clés': 'Audit / Conseil , Gestion / Comptabilité / Finance', 'Date de publication': '20/03/2025'}, {'Source': 'rekrute.com', 'Poste': 'Back Office', 'Entreprise': 'SGS Maroc SA', "URL de l'offre": 'https://www.rekrute.com//offre-emploi-back-office-recrutement-sgs-maroc-sa-casablanca-169846.html', "Chemin de l'image": '/images/169846.png', "Niveau d'études": 'Bac +2', "Niveau d'expérience": 'Débutant - De 1 à 3 ans', 'Contrat': 'CDI - Télétravail : Non', 'Région': 'Casablanca (Maroc)', 'Compétences clés': 'Méthodes / Process / Industrialisation', 'Date de publication': '20/03/2025'}, {'Source': 'rekrute.com', 'Poste': "Chargé(e) s de Conduite d'Activité francophones", 'Entreprise': 'Genius Services', "URL de l'offre": 'https://www.rekrute.com//offre-emploi-chargee-s-de-conduite-dactivite-francophones-recrutement-genius-services-casablanca-169848.html', "Chemin de l'image": '/images/169848.png', "Niveau d'études": 'Bac +2', "Niveau d'expérience": 'Moins de 1 an', 'Contrat': 'CDI - Télétravail : Non', 'Région': 'Casablanca (Maroc)', 'Compétences clés': 'Multimédia / Internet , Télécoms / Réseaux', 'Date de publication': '20/03/2025'}, {'Source': 'rekrute.com', 'Poste': 'HR Generalist', 'Entreprise': 'Cnexia', "URL de l'offre": 'https://www.rekrute.com//offre-emploi-hr-generalist-recrutement-cnexia-rabat-169847.html', "Chemin de l'image": '/images/169847.png', "Niveau d'études": 'Bac +4', "Niveau d'expérience": 'De 3 à 5 ans', 'Contrat': 'CDI - Télétravail : Non', 'Région': 'Rabat (Maroc)', 'Compétences clés': 'RH / Personnel / Formation', 'Date de publication': '20/03/2025'}, {'Source': 'rekrute.com', 'Poste': 'Développeur Full Stack de Talent Expérimenté - PHP7 (H/F)', 'Entreprise': 'ReKrute', "URL de l'offre": 'https://www.rekrute.com//offre-emploi-developpeur-full-stack-de-talent-experimente---php7-hf-recrutement-rekrute-casablanca-169368.html', "Chemin de l'image": '/images/169368.png', "Niveau d'études": 'Bac +4', "Niveau d'expérience": 'De 3 à 5 ans', 'Contrat': 'CDI - Télétravail : Non', 'Région': 'Casablanca (Maroc)', 'Compétences clés': 'Informatique / Electronique , Multimédia / Internet', 'Date de publication': '20/03/2025'}, {'Source': 'rekrute.com', 'Poste': 'Ingénieur Safety/Sécurité Incendie', 'Entreprise': 'Non spécifié', "URL de l'offre": 'https://www.rekrute.com//offre-emploi-ingenieur-safetysecurite-incendie-recrutement-confidentiel-casablanca-169845.html', "Chemin de l'image": '/images/169845.jpg', "Niveau d'études": 'Bac +5 et plus', "Niveau d'expérience": 'De 5 à 10 ans', 'Contrat': 'CDI - Télétravail : Non', 'Région': 'Casablanca (Maroc)', 'Compétences clés': 'Gestion projet / Etudes / R&D', 'Date de publication': '20/03/2025'}, {'Source': 'rekrute.com', 'Poste': 'Cadre Recouvrement', 'Entreprise': 'CID', "URL de l'offre": 'https://www.rekrute.com//offre-emploi-cadre-recouvrement-recrutement-cid-sala-al-jadida-169843.html', "Chemin de l'image": '/images/169843.png', "Niveau d'études": 'Bac +5 et plus', "Niveau d'expérience": 'De 3 à 5 ans', 'Contrat': 'CDI - Télétravail : Non', 'Région': 'Sala al Jadida (Maroc)', 'Compétences clés': 'Gestion / Comptabilité / Finance', 'Date de publication': '20/03/2025'}, {'Source': 'rekrute.com', 'Poste': 'Data Analyst - Contrôle de Gestion H/F', 'Entreprise': 'Université Internationale de Rabat (UIR)', "URL de l'offre": 'https://www.rekrute.com//offre-emploi-data-analyst---controle-de-gestion-hf-recrutement-universite-internationale-de-rabat-uir-rabat-169196.html', "Chemin de l'image": '/images/169196.png', "Niveau d'études": 'Bac +5 et plus', "Niveau d'expérience": 'De 3 à 5 ans', 'Contrat': 'CDI - Télétravail : Non', 'Région': 'Rabat (Maroc)', 'Compétences clés': 'Gestion / Comptabilité / Finance , Informatique / Electronique', 'Date de publication': '20/03/2025'}, {'Source': 'rekrute.com', 'Poste': 'Chargé(e) de support informatique N0 parfaitement francophones', 'Entreprise': 'Genius Services', "URL de l'offre": 'https://www.rekrute.com//offre-emploi-chargee-de-support-informatique-n0-parfaitement-francophones-recrutement-genius-services-casablanca-169842.html', "Chemin de l'image": '/images/169842.png', "Niveau d'études": 'Bac +2', "Niveau d'expérience": 'Moins de 1 an', 'Contrat': 'CDI - Télétravail : Non', 'Région': 'Casablanca (Maroc)', 'Compétences clés': 'Informatique / Electronique , Multimédia / Internet', 'Date de publication': '20/03/2025'}, {'Source': 'rekrute.com', 'Poste': 'Assistante RH', 'Entreprise': 'Tersea', "URL de l'offre": 'https://www.rekrute.com//offre-emploi-assistante-rh-recrutement-tersea-casablanca-168920.html', "Chemin de l'image": '/images/168920.png', "Niveau d'études": 'Bac +5 et plus', "Niveau d'expérience": 'Moins de 1 an', 'Contrat': 'CDI - Télétravail : Non', 'Région': 'Casablanca (Maroc)', 'Compétences clés': 'RH / Personnel / Formation', 'Date de publication': '20/03/2025'}, {'Source': 'marocemploi.net', 'Poste': 'Commerciale en Immobilier', 'Entreprise': '@ Suitable4you', "URL de l'offre": 'https://marocemploi.net/offre/commerciale-en-immobilier/', "Chemin de l'image": '/images/928465.jpg', "Niveau d'études": 'Non spécifié', "Niveau d'expérience": 'Non spécifié', 'Contrat': 'Freelance', 'Région': 'Bd Anfa rue Lahcen El basri , 20330', 'Compétences clés': 'Finance / assurances / immobilier', 'Date de publication': 'Publié il y a 6 jours .'}, {'Source': 'marocemploi.net', 'Poste': 'COMPTABLE (H/F)', 'Entreprise': '@ GÉNÉRAL SERVICE MÉTALLURGIE', "URL de l'offre": 'https://marocemploi.net/offre/comptable-h-f/', "Chemin de l'image": '/images/928385.jpg', "Niveau d'études": 'Non spécifié', "Niveau d'expérience": 'Non spécifié', 'Contrat': 'CDI', 'Région': 'Boulevard Chefchaouni lot benomar 14 zone industrielle Bernoussi Casablanca, 20600', 'Compétences clés': 'Construction', 'Date de publication': 'Publié il y a 7 jours .'}, {'Source': 'marocemploi.net', 'Poste': 'Un(e) Pharmacien Assistant de Production', 'Entreprise': '@ DEVA PHARMACEUTIQUE', "URL de l'offre": 'https://marocemploi.net/offre/une-pharmacien-assisant-de-production/', "Chemin de l'image": '/images/925784.jpg', "Niveau d'études": 'Non spécifié', "Niveau d'expérience": 'Non spécifié', 'Contrat': 'CDI', 'Région': 'Casablanca, 20000', 'Compétences clés': 'Industrie', 'Date de publication': 'Publié il y a 2 semaines .'}, {'Source': 'marocemploi.net', 'Poste': 'Développeur Symfony Junior – API (CDI)', 'Entreprise': '@ OMNIPILOTE', "URL de l'offre": 'https://marocemploi.net/offre/developpeur-symfony-junior-api-cdi/', "Chemin de l'image": '/images/925440.jpg', "Niveau d'études": 'Non spécifié', "Niveau d'expérience": 'Non spécifié', 'Contrat': 'CDI', 'Région': 'Casablanca, 20490', 'Compétences clés': 'Programming', 'Date de publication': 'Publié il y a 2 semaines .'}, {'Source': 'marocemploi.net', 'Poste': 'Responsable Magasin MP', 'Entreprise': '@ ERUM MAROC', "URL de l'offre": 'https://marocemploi.net/offre/responsable-magasin-mp/', "Chemin de l'image": '/images/923730.jpg', "Niveau d'études": 'Non spécifié', "Niveau d'expérience": 'Non spécifié', 'Contrat': 'CDI', 'Région': 'Tanger, Tanger, 20000', 'Compétences clés': 'Industrie', 'Date de publication': 'Publié il y a 3 semaines .'}, {'Source': 'marocemploi.net', 'Poste': 'Magasinier à Boulevard chefchaouni Ain Sebaa Casablanca', 'Entreprise': '@ Amal', "URL de l'offre": 'https://marocemploi.net/offre/magasinier-a-boulevard-chefchaouni-ain-sebaa-casablanca/', "Chemin de l'image": '/images/931039.jpg', "Niveau d'études": 'Non spécifié', "Niveau d'expérience": 'Non spécifié', 'Contrat': 'Intérim', 'Région': 'Casablanca, 20000', 'Compétences clés': 'Commerces / distribution', 'Date de publication': 'Publié il y a 13 heures .'}, {'Source': 'marocemploi.net', 'Poste': 'Vendeurs à Val Fleuri Maarif Casablanca', 'Entreprise': '@ Amal', "URL de l'offre": 'https://marocemploi.net/offre/vendeurs-a-val-fleuri-maarif-casablanca/', "Chemin de l'image": '/images/931038.jpg', "Niveau d'études": 'Non spécifié', "Niveau d'expérience": 'Non spécifié', 'Contrat': 'Intérim', 'Région': 'Casablanca, 20000', 'Compétences clés': 'Marketing / vente', 'Date de publication': 'Publié il y a 14 heures .'}, {'Source': 'marocemploi.net', 'Poste': 'Technicien réseau', 'Entreprise': '@ Caisse Manager', "URL de l'offre": 'https://marocemploi.net/offre/technicien-reseau/', "Chemin de l'image": '/images/930266.png', "Niveau d'études": 'Non spécifié', "Niveau d'expérience": 'Non spécifié', 'Contrat': 'CDI', 'Région': 'Rabat, 20000', 'Compétences clés': 'Informatique / télécoms', 'Date de publication': 'Publié il y a 3 jours .'}, {'Source': 'marocemploi.net', 'Poste': 'Développeur Back-End', 'Entreprise': '@ Caisse Manager', "URL de l'offre": 'https://marocemploi.net/offre/developpeur-back-end/', "Chemin de l'image": '/images/929837.png', "Niveau d'études": 'Non spécifié', "Niveau d'expérience": 'Non spécifié', 'Contrat': 'CDI', 'Région': 'Rabat, 20000', 'Compétences clés': 'Informatique / télécoms', 'Date de publication': 'Publié il y a 4 jours .'}, {'Source': 'marocemploi.net', 'Poste': 'Caissière', 'Entreprise': '@ Caisse Manager', "URL de l'offre": 'https://marocemploi.net/offre/caissiere/', "Chemin de l'image": '/images/929831.png', "Niveau d'études": 'Non spécifié', "Niveau d'expérience": 'Non spécifié', 'Contrat': 'CDI', 'Région': 'Hay Riad, Rabat , 20000', 'Compétences clés': 'Restauration Rapide', 'Date de publication': 'Publié il y a 4 jours .'}, {'Source': 'marocemploi.net', 'Poste': 'Soudeur à Ain Sebaa', 'Entreprise': '@ Amal', "URL de l'offre": 'https://marocemploi.net/offre/soudeur-a-ain-sebaa/', "Chemin de l'image": '/images/929683.jpg', "Niveau d'études": 'Non spécifié', "Niveau d'expérience": 'Non spécifié', 'Contrat': 'CDI', 'Région': 'Casablanca, 20000', 'Compétences clés': 'Industrie', 'Date de publication': 'Publié il y a 4 jours .'}, {'Source': 'marocemploi.net', 'Poste': 'Assistante digitale et e-commerce d’une parapharmacie', 'Entreprise': '@ Pharmaceutique', "URL de l'offre": 'https://marocemploi.net/offre/assistante-digitale-et-e-commerce-dune-parapharmacie/', "Chemin de l'image": '/images/929205.jpg', "Niveau d'études": 'Non spécifié', "Niveau d'expérience": 'Non spécifié', 'Contrat': 'CDI', 'Région': 'Casablanca, 20000', 'Compétences clés': 'Beauté / bien-être', 'Date de publication': 'Publié il y a 5 jours .'}, {'Source': 'marocemploi.net', 'Poste': 'Equipier polyvalent – restauration rapide', 'Entreprise': '@ Caisse Manager', "URL de l'offre": 'https://marocemploi.net/offre/equipier-polyvalent-restauration-rapide/', "Chemin de l'image": '/images/928868.png', "Niveau d'études": 'Non spécifié', "Niveau d'expérience": 'Non spécifié', 'Contrat': 'CDI', 'Région': '2000, Agadir, 20000', 'Compétences clés': 'Restauration Rapide', 'Date de publication': 'Publié il y a 6 jours .'}, {'Source': 'marocemploi.net', 'Poste': 'Commis de cuisine – restauration rapide', 'Entreprise': '@ Caisse Manager', "URL de l'offre": 'https://marocemploi.net/offre/commis-de-cuisine-restauration-rapide/', "Chemin de l'image": '/images/928859.png', "Niveau d'études": 'Non spécifié', "Niveau d'expérience": 'Non spécifié', 'Contrat': 'CDI', 'Région': '2000, Agadir, 20000', 'Compétences clés': 'Restauration Rapide', 'Date de publication': 'Publié il y a 6 jours .'}, {'Source': 'marocemploi.net', 'Poste': 'Une assistante juridique', 'Entreprise': '@ aholding', "URL de l'offre": 'https://marocemploi.net/offre/une-assistante-juridique/', "Chemin de l'image": '/images/927355.png', "Niveau d'études": 'Non spécifié', "Niveau d'expérience": 'Non spécifié', 'Contrat': 'CDI', 'Région': 'Casablanca, 20000', 'Compétences clés': 'Secrétariat / administration', 'Date de publication': 'Publié il y a 1 semaine .'}, {'Source': 'marocemploi.net', 'Poste': 'Assistante Appels d’offres', 'Entreprise': '@ aholding', "URL de l'offre": 'https://marocemploi.net/offre/assistante-appels-doffres/', "Chemin de l'image": '/images/927341.png', "Niveau d'études": 'Non spécifié', "Niveau d'expérience": 'Non spécifié', 'Contrat': 'CDI', 'Région': 'Casablanca, 20000', 'Compétences clés': 'Industrie', 'Date de publication': 'Publié il y a 1 semaine .'}, {'Source': 'marocemploi.net', 'Poste': 'Technico-commercial', 'Entreprise': '@ aholding', "URL de l'offre": 'https://marocemploi.net/offre/technico-commercial-3/', "Chemin de l'image": '/images/927336.png', "Niveau d'études": 'Non spécifié', "Niveau d'expérience": 'Non spécifié', 'Contrat': 'CDI', 'Région': 'Casablanca, 20000', 'Compétences clés': 'Industrie', 'Date de publication': 'Publié il y a 1 semaine .'}, {'Source': 'marocemploi.net', 'Poste': 'Responsable de la Chaîne Logistique', 'Entreprise': '@ aholding', "URL de l'offre": 'https://marocemploi.net/offre/responsable-de-la-chaine-logistique/', "Chemin de l'image": '/images/927330.png', "Niveau d'études": 'Non spécifié', "Niveau d'expérience": 'Non spécifié', 'Contrat': 'CDI', 'Région': 'Casablanca, 20000', 'Compétences clés': 'Industrie', 'Date de publication': 'Publié il y a 1 semaine .'}, {'Source': 'marocemploi.net', 'Poste': 'Livreur', 'Entreprise': '@ Caisse Manager', "URL de l'offre": 'https://marocemploi.net/offre/livreur/', "Chemin de l'image": '/images/927328.png', "Niveau d'études": 'Non spécifié', "Niveau d'expérience": 'Non spécifié', 'Contrat': 'CDI', 'Région': 'Hay Riad, Rabat , 20000', 'Compétences clés': 'Restauration Rapide', 'Date de publication': 'Publié il y a 1 semaine .'}, {'Source': 'marocemploi.net', 'Poste': 'Agent de nettoyage', 'Entreprise': '@ Caisse Manager', "URL de l'offre": 'https://marocemploi.net/offre/agent-de-nettoyage/', "Chemin de l'image": '/images/927326.png', "Niveau d'études": 'Non spécifié', "Niveau d'expérience": 'Non spécifié', 'Contrat': 'CDI', 'Région': 'Hay Riad, Rabat , 20000', 'Compétences clés': 'Restauration Rapide', 'Date de publication': 'Publié il y a 1 semaine .'}, {'Source': 'marocemploi.net', 'Poste': 'Assistant Comptable', 'Entreprise': '@ aholding', "URL de l'offre": 'https://marocemploi.net/offre/assistant-comptable/', "Chemin de l'image": '/images/927324.png', "Niveau d'études": 'Non spécifié', "Niveau d'expérience": 'Non spécifié', 'Contrat': 'CDI', 'Région': 'Casablanca, 20000', 'Compétences clés': 'Industrie', 'Date de publication': 'Publié il y a 1 semaine .'}, {'Source': 'marocemploi.net', 'Poste': 'Ingénieur chargé d’affaires', 'Entreprise': '@ aholding', "URL de l'offre": 'https://marocemploi.net/offre/ingenieur-charge-daffaires/', "Chemin de l'image": '/images/927304.png', "Niveau d'études": 'Non spécifié', "Niveau d'expérience": 'Non spécifié', 'Contrat': 'CDI', 'Région': '2000, Casablanca, 20000', 'Compétences clés': 'Industrie', 'Date de publication': 'Publié il y a 1 semaine .'}, {'Source': 'marocemploi.net', 'Poste': '\u200bInfirmière éducatrice', 'Entreprise': '@ GAYA PHARMACEUTICALS', "URL de l'offre": 'https://marocemploi.net/offre/infirmiere-educatrice/', "Chemin de l'image": '/images/927035.png', "Niveau d'études": 'Non spécifié', "Niveau d'expérience": 'Non spécifié', 'Contrat': 'CDI', 'Région': 'Casablanca, 20000', 'Compétences clés': 'Santé / médical / social', 'Date de publication': 'Publié il y a 1 semaine .'}, {'Source': 'marocemploi.net', 'Poste': 'Cuisinier – restauration rapide', 'Entreprise': '@ Caisse Manager', "URL de l'offre": 'https://marocemploi.net/offre/cuisinier-restauration-rapide/', "Chemin de l'image": '/images/926957.png', "Niveau d'études": 'Non spécifié', "Niveau d'expérience": 'Non spécifié', 'Contrat': 'CDI', 'Région': 'Imm Rafina, Bourgogne, Casablanca , 10100', 'Compétences clés': 'Restauration Rapide', 'Date de publication': 'Publié il y a 1 semaine .'}, {'Source': 'marocemploi.net', 'Poste': 'Technicien de réseau', 'Entreprise': '@ Caisse Manager', "URL de l'offre": 'https://marocemploi.net/offre/technicien-de-reseau/', "Chemin de l'image": '/images/926015.png', "Niveau d'études": 'Non spécifié', "Niveau d'expérience": 'Non spécifié', 'Contrat': 'CDI', 'Région': 'Casablanca, 20000', 'Compétences clés': 'Informatique / télécoms', 'Date de publication': 'Publié il y a 2 semaines .'}, {'Source': 'marocemploi.net', 'Poste': 'Vendeurs à TEMARA HAY ENNASSR', 'Entreprise': '@ Amal', "URL de l'offre": 'https://marocemploi.net/offre/vendeurs-a-temara-hay-ennassr/', "Chemin de l'image": '/images/915514.jpg', "Niveau d'études": 'Non spécifié', "Niveau d'expérience": 'Non spécifié', 'Contrat': 'Intérim', 'Région': 'TEMARA HAY ENNASSR, 20000', 'Compétences clés': 'Marketing / vente', 'Date de publication': 'Publié il y a 2 semaines .'}, {'Source': 'marocemploi.net', 'Poste': 'Assistante administrative', 'Entreprise': '@ KTSYS', "URL de l'offre": 'https://marocemploi.net/offre/assistante-administrative-3/', "Chemin de l'image": '/images/925287.jpg', "Niveau d'études": 'Non spécifié', "Niveau d'expérience": 'Non spécifié', 'Contrat': 'CDI', 'Région': 'Zone Industrielle My Rachid, 20660', 'Compétences clés': 'Industrie', 'Date de publication': 'Publié il y a 2 semaines .'}, {'Source': 'marocemploi.net', 'Poste': 'Vendeurs à Casablanca Bourgogne', 'Entreprise': '@ Amal', "URL de l'offre": 'https://marocemploi.net/offre/vendeurs-a-casablanca-bourgogne/', "Chemin de l'image": '/images/924458.jpg', "Niveau d'études": 'Non spécifié', "Niveau d'expérience": 'Non spécifié', 'Contrat': 'Intérim', 'Région': 'Casablanca, 20000', 'Compétences clés': 'Marketing / vente', 'Date de publication': 'Publié il y a 2 semaines .'}, {'Source': 'marocemploi.net', 'Poste': 'Conseiller Commercial', 'Entreprise': '@ TMIS', "URL de l'offre": 'https://marocemploi.net/offre/conseiller-commercial/', "Chemin de l'image": '/images/924370.png', "Niveau d'études": 'Non spécifié', "Niveau d'expérience": 'Non spécifié', 'Contrat': 'CDI', 'Région': 'Casablanca, CC.25', 'Compétences clés': 'Formations', 'Date de publication': 'Publié il y a 2 semaines .'}, {'Source': 'marocemploi.net', 'Poste': 'Responsable injection', 'Entreprise': '@ ERUM MAROC', "URL de l'offre": 'https://marocemploi.net/offre/responsable-injection/', "Chemin de l'image": '/images/924273.jpg', "Niveau d'études": 'Non spécifié', "Niveau d'expérience": 'Non spécifié', 'Contrat': 'CDI', 'Région': 'Tanger, Tanger, 20000', 'Compétences clés': 'Industrie', 'Date de publication': 'Publié il y a 3 semaines .'}, {'Source': 'marocemploi.net', 'Poste': 'Vendeur et Vendeuse Casablanca', 'Entreprise': '@ Amzil', "URL de l'offre": 'https://marocemploi.net/offre/vendeur-et-vendeuse-casablanca/', "Chemin de l'image": '/images/923485.jpg', "Niveau d'études": 'Non spécifié', "Niveau d'expérience": 'Non spécifié', 'Contrat': 'Non spécifié', 'Région': 'Casablanca, 20000', 'Compétences clés': 'Commerces / distribution', 'Date de publication': 'Publié il y a 3 semaines .'}, {'Source': 'marocemploi.net', 'Poste': 'Sales Analyste (H/F) – Casablanca', 'Entreprise': '@ Société de distribution', "URL de l'offre": 'https://marocemploi.net/offre/sales-analyste-h-f-casablanca/', "Chemin de l'image": '/images/922827.jpg', "Niveau d'études": 'Non spécifié', "Niveau d'expérience": 'Non spécifié', 'Contrat': 'CDI', 'Région': 'Casablanca, 20000', 'Compétences clés': 'Agro-alimentaire', 'Date de publication': 'Publié il y a 4 semaines .'}, {'Source': 'marocemploi.net', 'Poste': 'Téléacteur en création de traffic', 'Entreprise': '@ Perfect Telemarketing', "URL de l'offre": 'https://marocemploi.net/offre/teleacteur-en-creation-de-traffic/', "Chemin de l'image": '/images/921794.png', "Niveau d'études": 'Non spécifié', "Niveau d'expérience": 'Non spécifié', 'Contrat': 'CDI', 'Région': 'Résidence Adil, 13 Rue Georges Sand, RDC, Val fleuri, Casablanca , 20390', 'Compétences clés': "Centres d'appel / Help Desk / Call center", 'Date de publication': 'Publié il y a 4 semaines .'}, {'Source': 'marocemploi.net', 'Poste': 'Rejoignez Amazing Media en tant que Créateur TikTok', 'Entreprise': '@ VIA Media', "URL de l'offre": 'https://marocemploi.net/offre/tiktok/', "Chemin de l'image": '/images/919628.jpg', "Niveau d'études": 'Non spécifié', "Niveau d'expérience": 'Non spécifié', 'Contrat': 'CDI', 'Région': 'Casablanca, 20000', 'Compétences clés': 'Agriculture / pêche / forêts', 'Date de publication': 'Publié il y a 1 mois .'}, {'Source': 'marocemploi.net', 'Poste': 'Trade Marketing Manager', 'Entreprise': '@ Société de distribution', "URL de l'offre": 'https://marocemploi.net/offre/trade-marketing-manager/', "Chemin de l'image": '/images/898835.jpg', "Niveau d'études": 'Non spécifié', "Niveau d'expérience": 'Non spécifié', 'Contrat': 'CDI', 'Région': 'Casablanca, 20000', 'Compétences clés': 'Agro-alimentaire', 'Date de publication': 'Publié il y a 2 mois .'}, {'Source': 'marocemploi.net', 'Poste': 'Stagiaire PFE Contrôle de Gestion – Rémunéré – Ain Sebaa – Casablanca', 'Entreprise': '@ Amzil', "URL de l'offre": 'https://marocemploi.net/offre/stagiaire-pfe-controle-de-gestion-remunere-ain-sebaa-casablanca/', "Chemin de l'image": '/images/897169.jpg', "Niveau d'études": 'Non spécifié', "Niveau d'expérience": 'Non spécifié', 'Contrat': 'Stage', 'Région': 'Casablanca, 20000', 'Compétences clés': 'Industrie', 'Date de publication': 'Publié il y a 2 mois .'}, {'Source': 'marocemploi.net', 'Poste': 'Superviseur Modern Trade / GMS – Rabat', 'Entreprise': '@ E', "URL de l'offre": 'https://marocemploi.net/offre/superviseur-modern-trade-casablanca-rabat/', "Chemin de l'image": '/images/808882.jpg', "Niveau d'études": 'Non spécifié', "Niveau d'expérience": 'Non spécifié', 'Contrat': 'CDI', 'Région': 'Rabat, 20000', 'Compétences clés': 'Agro-alimentaire', 'Date de publication': 'Publié il y a 2 mois .'}, {'Source': 'marocemploi.net', 'Poste': 'Un(e) Sales Capability', 'Entreprise': '@ E', "URL de l'offre": 'https://marocemploi.net/offre/une-sales-capability/', "Chemin de l'image": '/images/872386.jpg', "Niveau d'études": 'Non spécifié', "Niveau d'expérience": 'Non spécifié', 'Contrat': 'CDI', 'Région': 'Casablanca, 20000', 'Compétences clés': 'Agro-alimentaire', 'Date de publication': 'Publié il y a 3 mois .'}, {'Source': 'marocemploi.net', 'Poste': 'Vendeur Gros', 'Entreprise': '@ E', "URL de l'offre": 'https://marocemploi.net/offre/vendeur-gros/', "Chemin de l'image": '/images/848142.jpg', "Niveau d'études": 'Non spécifié', "Niveau d'expérience": 'Non spécifié', 'Contrat': 'CDI', 'Région': 'Casablanca, 20000', 'Compétences clés': 'Agro-alimentaire', 'Date de publication': 'Publié il y a 3 mois .'}, {'Source': 'marocemploi.net', 'Poste': 'Offre de Stage : Assistante ADV – Département Logistique', 'Entreprise': '@ société de distribution', "URL de l'offre": 'https://marocemploi.net/offre/offre-de-stage-assistante-adv-departement-logistique/', "Chemin de l'image": '/images/848111.jpg', "Niveau d'études": 'Non spécifié', "Niveau d'expérience": 'Non spécifié', 'Contrat': 'Stage', 'Région': 'BOUSKOURA , 20000', 'Compétences clés': 'Commerces / distribution', 'Date de publication': 'Publié il y a 3 mois .'}, {'Source': 'marocemploi.net', 'Poste': 'Merchandiser', 'Entreprise': '@ E', "URL de l'offre": 'https://marocemploi.net/offre/merchandiser/', "Chemin de l'image": '/images/827103.jpg', "Niveau d'études": 'Non spécifié', "Niveau d'expérience": 'Non spécifié', 'Contrat': 'CDD', 'Région': 'Casablanca, Rabat, Tanger, Tetouan, Marrakech , Agadir, Beni Mellal ,, 20000', 'Compétences clés': 'Agro-alimentaire', 'Date de publication': 'Publié il y a 4 mois .'}, {'Source': 'marocemploi.net', 'Poste': 'Aide Magasinier', 'Entreprise': '@ E', "URL de l'offre": 'https://marocemploi.net/offre/magasinier-2/', "Chemin de l'image": '/images/824710.jpg', "Niveau d'études": 'Non spécifié', "Niveau d'expérience": 'Non spécifié', 'Contrat': 'CDI', 'Région': 'Marrakech , Tanger , Oujda., 20000', 'Compétences clés': 'Agro-alimentaire', 'Date de publication': 'Publié il y a 4 mois .'}, {'Source': 'marocemploi.net', 'Poste': 'Vendeurs Détail et Gros – Maroc –', 'Entreprise': '@ E', "URL de l'offre": 'https://marocemploi.net/offre/vendeurs-detail-et-gros-maroc/', "Chemin de l'image": '/images/809217.jpg', "Niveau d'études": 'Non spécifié', "Niveau d'expérience": 'Non spécifié', 'Contrat': 'CDI', 'Région': 'Casablanca, Rabat , Marrakech , Fès et Meknès , Béni Mellal, 20000', 'Compétences clés': 'Agro-alimentaire', 'Date de publication': 'Publié il y a 4 mois .'}, {'Source': 'marocemploi.net', 'Poste': 'Superviseur Détail', 'Entreprise': '@ E', "URL de l'offre": 'https://marocemploi.net/offre/superviseur-detaille/', "Chemin de l'image": '/images/808852.jpg', "Niveau d'études": 'Non spécifié', "Niveau d'expérience": 'Non spécifié', 'Contrat': 'CDI', 'Région': 'Casablanca, Marrakech, Rabat , Meknès et Fès , Kenitra ., 20000', 'Compétences clés': 'Agro-alimentaire', 'Date de publication': 'Publié il y a 4 mois .'}, {'Source': 'marocemploi.net', 'Poste': 'VENDEURS et LIVREURS MEKNES', 'Entreprise': '@ DISTRIBUTION', "URL de l'offre": 'https://marocemploi.net/offre/vendeurs-et-livreurs-meknes/', "Chemin de l'image": '/images/739146.jpg', "Niveau d'études": 'Non spécifié', "Niveau d'expérience": 'Non spécifié', 'Contrat': 'CDD', 'Région': 'Meknes, 20000', 'Compétences clés': 'Agro-alimentaire', 'Date de publication': 'Publié il y a 5 mois .'}, {'Source': 'marocemploi.net', 'Poste': 'SUPERVISEUR DETAIL MOHAMMEDIA', 'Entreprise': '@ DISTRIBUTION', "URL de l'offre": 'https://marocemploi.net/offre/superviseur-detail-mohammedia/', "Chemin de l'image": '/images/714490.jpg', "Niveau d'études": 'Non spécifié', "Niveau d'expérience": 'Non spécifié', 'Contrat': 'CDI', 'Région': 'Casablanca, 20000', 'Compétences clés': 'Agro-alimentaire', 'Date de publication': 'Publié il y a 6 mois .'}, {'Source': 'marocemploi.net', 'Poste': 'Vendeurs Casablanca, Rabat et Marrakech', 'Entreprise': '@ société de distribution', "URL de l'offre": 'https://marocemploi.net/offre/vendeurs-casablanca-rabat-et-marrakech/', "Chemin de l'image": '/images/691864.jpg', "Niveau d'études": 'Non spécifié', "Niveau d'expérience": 'Non spécifié', 'Contrat': 'CDI', 'Région': 'Casablanca, 20000', 'Compétences clés': 'Commerces / distribution', 'Date de publication': 'Publié il y a 6 mois .'}, {'Source': 'marocemploi.net', 'Poste': 'COMPTABLE', 'Entreprise': '@ DISTRIBUTION', "URL de l'offre": 'https://marocemploi.net/offre/comptable-6/', "Chemin de l'image": '/images/686631.jpg', "Niveau d'études": 'Non spécifié', "Niveau d'expérience": 'Non spécifié', 'Contrat': 'CDI', 'Région': 'Casablanca, 20000', 'Compétences clés': 'Agro-alimentaire', 'Date de publication': 'Publié il y a 7 mois .'}]
[2025-03-21T02:51:52.216+0000] {taskinstance.py:341} INFO - ::group::Post task execution logs
[2025-03-21T02:51:52.218+0000] {taskinstance.py:353} INFO - Marking task as SUCCESS. dag_id=scrape_all_jobs, task_id=extract_data, run_id=manual__2025-03-21T02:50:08.340180+00:00, execution_date=20250321T025008, start_date=20250321T025014, end_date=20250321T025152
[2025-03-21T02:51:52.380+0000] {logging_mixin.py:190} INFO - Task instance in success state
[2025-03-21T02:51:52.381+0000] {logging_mixin.py:190} INFO -  Previous state of the Task instance: running
[2025-03-21T02:51:52.381+0000] {logging_mixin.py:190} INFO - Dag name:scrape_all_jobs queued_at:2025-03-21 02:50:08.724975+00:00
[2025-03-21T02:51:52.382+0000] {logging_mixin.py:190} INFO - Task hostname:DESKTOP-IM7V4RI. operator:PythonOperator
[2025-03-21T02:51:52.509+0000] {local_task_job_runner.py:266} INFO - Task exited with return code 0
[2025-03-21T02:51:52.658+0000] {taskinstance.py:3901} INFO - 0 downstream tasks scheduled from follow-on schedule check
[2025-03-21T02:51:52.668+0000] {local_task_job_runner.py:245} INFO - ::endgroup::
