[2025-03-18T18:24:17.883+0000] {local_task_job_runner.py:123} INFO - ::group::Pre task execution logs
[2025-03-18T18:24:17.986+0000] {taskinstance.py:2614} INFO - Dependencies all met for dep_context=non-requeueable deps ti=<TaskInstance: load_dbt_clean_reviews_pipeline.dbt_run scheduled__2024-09-16T00:00:00+00:00 [queued]>
[2025-03-18T18:24:18.012+0000] {taskinstance.py:2614} INFO - Dependencies all met for dep_context=requeueable deps ti=<TaskInstance: load_dbt_clean_reviews_pipeline.dbt_run scheduled__2024-09-16T00:00:00+00:00 [queued]>
[2025-03-18T18:24:18.014+0000] {taskinstance.py:2867} INFO - Starting attempt 1 of 2
[2025-03-18T18:24:18.886+0000] {taskinstance.py:2890} INFO - Executing <Task(BashOperator): dbt_run> on 2024-09-16 00:00:00+00:00
[2025-03-18T18:24:18.917+0000] {standard_task_runner.py:72} INFO - Started process 17071 to run task
[2025-03-18T18:24:18.939+0000] {standard_task_runner.py:104} INFO - Running: ['airflow', 'tasks', 'run', 'load_dbt_clean_reviews_pipeline', 'dbt_run', 'scheduled__2024-09-16T00:00:00+00:00', '--job-id', '1009', '--raw', '--subdir', 'DAGS_FOLDER/dag_load_reviews.py', '--cfg-path', '/tmp/tmptt4q0p6g']
[2025-03-18T18:24:18.987+0000] {standard_task_runner.py:105} INFO - Job 1009: Subtask dbt_run
[2025-03-18T18:24:19.454+0000] {task_command.py:467} INFO - Running <TaskInstance: load_dbt_clean_reviews_pipeline.dbt_run scheduled__2024-09-16T00:00:00+00:00 [running]> on host DESKTOP-IM7V4RI.
[2025-03-18T18:24:20.584+0000] {taskinstance.py:3134} INFO - Exporting env vars: AIRFLOW_CTX_DAG_OWNER='mohammed' AIRFLOW_CTX_DAG_ID='load_dbt_clean_reviews_pipeline' AIRFLOW_CTX_TASK_ID='dbt_run' AIRFLOW_CTX_EXECUTION_DATE='2024-09-16T00:00:00+00:00' AIRFLOW_CTX_TRY_NUMBER='1' AIRFLOW_CTX_DAG_RUN_ID='scheduled__2024-09-16T00:00:00+00:00'
[2025-03-18T18:24:20.587+0000] {logging_mixin.py:190} INFO - Task instance is in running state
[2025-03-18T18:24:20.588+0000] {logging_mixin.py:190} INFO -  Previous state of the Task instance: queued
[2025-03-18T18:24:20.589+0000] {logging_mixin.py:190} INFO - Current task name:dbt_run state:running start_date:2025-03-18 18:24:17.987646+00:00
[2025-03-18T18:24:20.589+0000] {logging_mixin.py:190} INFO - Dag name:load_dbt_clean_reviews_pipeline and current dag run status:running
[2025-03-18T18:24:20.590+0000] {taskinstance.py:732} INFO - ::endgroup::
[2025-03-18T18:24:20.591+0000] {subprocess.py:78} INFO - Tmp dir root location: /tmp
[2025-03-18T18:24:20.593+0000] {subprocess.py:88} INFO - Running command: ['/usr/bin/bash', '-c', 'cd /home/mohammed/.dbt/dbt_projects/bank_reviews_transactional && dbt run']
[2025-03-18T18:24:20.692+0000] {subprocess.py:99} INFO - Output:
[2025-03-18T18:24:36.545+0000] {subprocess.py:106} INFO - [0m18:24:36  Running with dbt=1.9.3
[2025-03-18T18:24:39.107+0000] {subprocess.py:106} INFO - [0m18:24:39  Registered adapter: postgres=1.9.0
[2025-03-18T18:24:40.462+0000] {subprocess.py:106} INFO - [0m18:24:40  [[33mWARNING[0m]: Configuration paths exist in your dbt_project.yml file which do not apply to any resources.
[2025-03-18T18:24:40.464+0000] {subprocess.py:106} INFO - There are 1 unused configuration paths:
[2025-03-18T18:24:40.464+0000] {subprocess.py:106} INFO - - models.bank_reviews_transactional.transactional
[2025-03-18T18:24:41.615+0000] {subprocess.py:106} INFO - [0m18:24:41  Found 1 model, 1 source, 433 macros
[2025-03-18T18:24:41.636+0000] {subprocess.py:106} INFO - [0m18:24:41
[2025-03-18T18:24:41.648+0000] {subprocess.py:106} INFO - [0m18:24:41  Concurrency: 4 threads (target='dev')
[2025-03-18T18:24:41.650+0000] {subprocess.py:106} INFO - [0m18:24:41
[2025-03-18T18:24:42.634+0000] {subprocess.py:106} INFO - [0m18:24:42  1 of 1 START sql table model transactional.clean_reviews ....................... [RUN]
[2025-03-18T18:24:43.985+0000] {subprocess.py:106} INFO - [0m18:24:43  1 of 1 OK created sql table model transactional.clean_reviews .................. [[32mSELECT 549[0m in 1.34s]
[2025-03-18T18:24:44.053+0000] {subprocess.py:106} INFO - [0m18:24:44
[2025-03-18T18:24:44.056+0000] {subprocess.py:106} INFO - [0m18:24:44  Finished running 1 table model in 0 hours 0 minutes and 2.40 seconds (2.40s).
[2025-03-18T18:24:44.257+0000] {subprocess.py:106} INFO - [0m18:24:44
[2025-03-18T18:24:44.263+0000] {subprocess.py:106} INFO - [0m18:24:44  [32mCompleted successfully[0m
[2025-03-18T18:24:44.265+0000] {subprocess.py:106} INFO - [0m18:24:44
[2025-03-18T18:24:44.267+0000] {subprocess.py:106} INFO - [0m18:24:44  Done. PASS=1 WARN=0 ERROR=0 SKIP=0 TOTAL=1
[2025-03-18T18:24:46.586+0000] {subprocess.py:110} INFO - Command exited with return code 0
[2025-03-18T18:24:46.762+0000] {taskinstance.py:341} INFO - ::group::Post task execution logs
[2025-03-18T18:24:46.763+0000] {taskinstance.py:353} INFO - Marking task as SUCCESS. dag_id=load_dbt_clean_reviews_pipeline, task_id=dbt_run, run_id=scheduled__2024-09-16T00:00:00+00:00, execution_date=20240916T000000, start_date=20250318T182417, end_date=20250318T182446
[2025-03-18T18:24:46.932+0000] {logging_mixin.py:190} INFO - Task instance in success state
[2025-03-18T18:24:46.933+0000] {logging_mixin.py:190} INFO -  Previous state of the Task instance: running
[2025-03-18T18:24:46.934+0000] {logging_mixin.py:190} INFO - Dag name:load_dbt_clean_reviews_pipeline queued_at:2025-03-18 18:24:14.034274+00:00
[2025-03-18T18:24:46.934+0000] {logging_mixin.py:190} INFO - Task hostname:DESKTOP-IM7V4RI. operator:BashOperator
[2025-03-18T18:24:46.978+0000] {local_task_job_runner.py:266} INFO - Task exited with return code 0
[2025-03-18T18:24:47.107+0000] {taskinstance.py:3901} INFO - 0 downstream tasks scheduled from follow-on schedule check
[2025-03-18T18:24:47.114+0000] {local_task_job_runner.py:245} INFO - ::endgroup::
