[2025-03-20T00:50:57.321+0000] {local_task_job_runner.py:123} INFO - ::group::Pre task execution logs
[2025-03-20T00:50:57.351+0000] {taskinstance.py:2614} INFO - Dependencies all met for dep_context=non-requeueable deps ti=<TaskInstance: automate_emploi_extraction.extract_data scheduled__2025-02-05T00:00:00+00:00 [queued]>
[2025-03-20T00:50:57.362+0000] {taskinstance.py:2614} INFO - Dependencies all met for dep_context=requeueable deps ti=<TaskInstance: automate_emploi_extraction.extract_data scheduled__2025-02-05T00:00:00+00:00 [queued]>
[2025-03-20T00:50:57.362+0000] {taskinstance.py:2867} INFO - Starting attempt 1 of 2
[2025-03-20T00:50:57.390+0000] {taskinstance.py:2890} INFO - Executing <Task(PythonOperator): extract_data> on 2025-02-05 00:00:00+00:00
[2025-03-20T00:50:57.397+0000] {standard_task_runner.py:72} INFO - Started process 86589 to run task
[2025-03-20T00:50:57.402+0000] {standard_task_runner.py:104} INFO - Running: ['airflow', 'tasks', 'run', 'automate_emploi_extraction', 'extract_data', 'scheduled__2025-02-05T00:00:00+00:00', '--job-id', '1805', '--raw', '--subdir', 'DAGS_FOLDER/dag_scraper_offres_emploi.py', '--cfg-path', '/tmp/tmpgt6g5u95']
[2025-03-20T00:50:57.403+0000] {standard_task_runner.py:105} INFO - Job 1805: Subtask extract_data
[2025-03-20T00:50:57.475+0000] {task_command.py:467} INFO - Running <TaskInstance: automate_emploi_extraction.extract_data scheduled__2025-02-05T00:00:00+00:00 [running]> on host DESKTOP-IM7V4RI.
[2025-03-20T00:50:57.596+0000] {taskinstance.py:3134} INFO - Exporting env vars: AIRFLOW_CTX_DAG_OWNER='airflow' AIRFLOW_CTX_DAG_ID='automate_emploi_extraction' AIRFLOW_CTX_TASK_ID='extract_data' AIRFLOW_CTX_EXECUTION_DATE='2025-02-05T00:00:00+00:00' AIRFLOW_CTX_TRY_NUMBER='1' AIRFLOW_CTX_DAG_RUN_ID='scheduled__2025-02-05T00:00:00+00:00'
[2025-03-20T00:50:57.598+0000] {logging_mixin.py:190} INFO - Task instance is in running state
[2025-03-20T00:50:57.599+0000] {logging_mixin.py:190} INFO -  Previous state of the Task instance: queued
[2025-03-20T00:50:57.599+0000] {logging_mixin.py:190} INFO - Current task name:extract_data state:running start_date:2025-03-20 00:50:57.352337+00:00
[2025-03-20T00:50:57.599+0000] {logging_mixin.py:190} INFO - Dag name:automate_emploi_extraction and current dag run status:running
[2025-03-20T00:50:57.600+0000] {taskinstance.py:732} INFO - ::endgroup::
[2025-03-20T00:50:57.786+0000] {logging_mixin.py:190} INFO - Erreur de requête pour la première page : 403
[2025-03-20T00:50:57.786+0000] {logging_mixin.py:190} INFO - Fichier JSON enregistré avec succès.
[2025-03-20T00:50:57.789+0000] {python.py:240} INFO - Done. Returned value was: None
[2025-03-20T00:50:57.810+0000] {taskinstance.py:341} INFO - ::group::Post task execution logs
[2025-03-20T00:50:57.811+0000] {taskinstance.py:353} INFO - Marking task as SUCCESS. dag_id=automate_emploi_extraction, task_id=extract_data, run_id=scheduled__2025-02-05T00:00:00+00:00, execution_date=20250205T000000, start_date=20250320T005057, end_date=20250320T005057
[2025-03-20T00:50:57.867+0000] {logging_mixin.py:190} INFO - Task instance in success state
[2025-03-20T00:50:57.868+0000] {logging_mixin.py:190} INFO -  Previous state of the Task instance: running
[2025-03-20T00:50:57.868+0000] {logging_mixin.py:190} INFO - Dag name:automate_emploi_extraction queued_at:2025-03-20 00:50:55.990282+00:00
[2025-03-20T00:50:57.869+0000] {logging_mixin.py:190} INFO - Task hostname:DESKTOP-IM7V4RI. operator:PythonOperator
[2025-03-20T00:50:57.897+0000] {local_task_job_runner.py:266} INFO - Task exited with return code 0
[2025-03-20T00:50:57.924+0000] {taskinstance.py:3901} INFO - 0 downstream tasks scheduled from follow-on schedule check
[2025-03-20T00:50:57.928+0000] {local_task_job_runner.py:245} INFO - ::endgroup::
