[2025-03-17T01:11:28.279+0000] {local_task_job_runner.py:123} INFO - ::group::Pre task execution logs
[2025-03-17T01:11:28.309+0000] {taskinstance.py:2614} INFO - Dependencies all met for dep_context=non-requeueable deps ti=<TaskInstance: load_reviews_pipeline.dbt_run scheduled__2024-12-21T00:00:00+00:00 [queued]>
[2025-03-17T01:11:28.318+0000] {taskinstance.py:2614} INFO - Dependencies all met for dep_context=requeueable deps ti=<TaskInstance: load_reviews_pipeline.dbt_run scheduled__2024-12-21T00:00:00+00:00 [queued]>
[2025-03-17T01:11:28.319+0000] {taskinstance.py:2867} INFO - Starting attempt 1 of 2
[2025-03-17T01:11:28.339+0000] {taskinstance.py:2890} INFO - Executing <Task(BashOperator): dbt_run> on 2024-12-21 00:00:00+00:00
[2025-03-17T01:11:28.344+0000] {standard_task_runner.py:72} INFO - Started process 317445 to run task
[2025-03-17T01:11:28.349+0000] {standard_task_runner.py:104} INFO - Running: ['airflow', 'tasks', 'run', 'load_reviews_pipeline', 'dbt_run', 'scheduled__2024-12-21T00:00:00+00:00', '--job-id', '549', '--raw', '--subdir', 'DAGS_FOLDER/dag_load_reviews.py', '--cfg-path', '/tmp/tmpq1sgrb2k']
[2025-03-17T01:11:28.350+0000] {standard_task_runner.py:105} INFO - Job 549: Subtask dbt_run
[2025-03-17T01:11:28.450+0000] {task_command.py:467} INFO - Running <TaskInstance: load_reviews_pipeline.dbt_run scheduled__2024-12-21T00:00:00+00:00 [running]> on host DESKTOP-IM7V4RI.
[2025-03-17T01:11:28.636+0000] {taskinstance.py:3134} INFO - Exporting env vars: AIRFLOW_CTX_DAG_OWNER='mohammed' AIRFLOW_CTX_DAG_ID='load_reviews_pipeline' AIRFLOW_CTX_TASK_ID='dbt_run' AIRFLOW_CTX_EXECUTION_DATE='2024-12-21T00:00:00+00:00' AIRFLOW_CTX_TRY_NUMBER='1' AIRFLOW_CTX_DAG_RUN_ID='scheduled__2024-12-21T00:00:00+00:00'
[2025-03-17T01:11:28.638+0000] {logging_mixin.py:190} INFO - Task instance is in running state
[2025-03-17T01:11:28.638+0000] {logging_mixin.py:190} INFO -  Previous state of the Task instance: queued
[2025-03-17T01:11:28.639+0000] {logging_mixin.py:190} INFO - Current task name:dbt_run state:running start_date:2025-03-17 01:11:28.309778+00:00
[2025-03-17T01:11:28.640+0000] {logging_mixin.py:190} INFO - Dag name:load_reviews_pipeline and current dag run status:running
[2025-03-17T01:11:28.640+0000] {taskinstance.py:732} INFO - ::endgroup::
[2025-03-17T01:11:28.642+0000] {subprocess.py:78} INFO - Tmp dir root location: /tmp
[2025-03-17T01:11:28.644+0000] {subprocess.py:88} INFO - Running command: ['/usr/bin/bash', '-c', 'cd /home/mohammed/.dbt/bank_reviews_project && dbt run']
[2025-03-17T01:11:28.657+0000] {subprocess.py:99} INFO - Output:
[2025-03-17T01:11:31.419+0000] {subprocess.py:106} INFO - [0m01:11:31  Running with dbt=1.9.3
[2025-03-17T01:11:31.692+0000] {subprocess.py:106} INFO - [0m01:11:31  Registered adapter: postgres=1.9.0
[2025-03-17T01:11:32.305+0000] {subprocess.py:106} INFO - [0m01:11:32  Found 10 models, 4 data tests, 2 sources, 433 macros
[2025-03-17T01:11:32.313+0000] {subprocess.py:106} INFO - [0m01:11:32
[2025-03-17T01:11:32.315+0000] {subprocess.py:106} INFO - [0m01:11:32  Concurrency: 4 threads (target='dev')
[2025-03-17T01:11:32.316+0000] {subprocess.py:106} INFO - [0m01:11:32
[2025-03-17T01:11:32.585+0000] {subprocess.py:106} INFO - [0m01:11:32  1 of 10 START sql view model public.clean_reviews .............................. [RUN]
[2025-03-17T01:11:32.588+0000] {subprocess.py:106} INFO - [0m01:11:32  2 of 10 START sql table model public.my_first_dbt_model ........................ [RUN]
[2025-03-17T01:11:32.588+0000] {subprocess.py:106} INFO - [0m01:11:32  3 of 10 START sql view model public.remove_duplicates .......................... [RUN]
[2025-03-17T01:11:32.590+0000] {subprocess.py:106} INFO - [0m01:11:32  4 of 10 START sql view model public.stg_clean_reviews .......................... [RUN]
[2025-03-17T01:11:33.685+0000] {subprocess.py:106} INFO - [0m01:11:33  3 of 10 OK created sql view model public.remove_duplicates ..................... [[32mCREATE VIEW[0m in 1.08s]
[2025-03-17T01:11:33.689+0000] {subprocess.py:106} INFO - [0m01:11:33  4 of 10 OK created sql view model public.stg_clean_reviews ..................... [[32mCREATE VIEW[0m in 1.09s]
[2025-03-17T01:11:33.697+0000] {subprocess.py:106} INFO - [0m01:11:33  2 of 10 OK created sql table model public.my_first_dbt_model ................... [[32mSELECT 2[0m in 1.10s]
[2025-03-17T01:11:33.699+0000] {subprocess.py:106} INFO - [0m01:11:33  1 of 10 OK created sql view model public.clean_reviews ......................... [[32mCREATE VIEW[0m in 1.10s]
[2025-03-17T01:11:33.707+0000] {subprocess.py:106} INFO - [0m01:11:33  5 of 10 START sql view model public.dim_bank ................................... [RUN]
[2025-03-17T01:11:33.711+0000] {subprocess.py:106} INFO - [0m01:11:33  6 of 10 START sql view model public.dim_branch ................................. [RUN]
[2025-03-17T01:11:33.713+0000] {subprocess.py:106} INFO - [0m01:11:33  7 of 10 START sql view model public.dim_location ............................... [RUN]
[2025-03-17T01:11:33.716+0000] {subprocess.py:106} INFO - [0m01:11:33  8 of 10 START sql view model public.dim_sentiment .............................. [RUN]
[2025-03-17T01:11:33.913+0000] {subprocess.py:106} INFO - [0m01:11:33  6 of 10 OK created sql view model public.dim_branch ............................ [[32mCREATE VIEW[0m in 0.19s]
[2025-03-17T01:11:33.938+0000] {subprocess.py:106} INFO - [0m01:11:33  9 of 10 START sql view model public.my_second_dbt_model ........................ [RUN]
[2025-03-17T01:11:33.957+0000] {subprocess.py:106} INFO - [0m01:11:33  8 of 10 OK created sql view model public.dim_sentiment ......................... [[32mCREATE VIEW[0m in 0.21s]
[2025-03-17T01:11:33.962+0000] {subprocess.py:106} INFO - [0m01:11:33  7 of 10 OK created sql view model public.dim_location .......................... [[32mCREATE VIEW[0m in 0.23s]
[2025-03-17T01:11:33.966+0000] {subprocess.py:106} INFO - [0m01:11:33  5 of 10 OK created sql view model public.dim_bank .............................. [[32mCREATE VIEW[0m in 0.25s]
[2025-03-17T01:11:33.980+0000] {subprocess.py:106} INFO - [0m01:11:33  10 of 10 START sql view model public.fact_reviews .............................. [RUN]
[2025-03-17T01:11:34.061+0000] {subprocess.py:106} INFO - [0m01:11:34  9 of 10 OK created sql view model public.my_second_dbt_model ................... [[32mCREATE VIEW[0m in 0.12s]
[2025-03-17T01:11:34.077+0000] {subprocess.py:106} INFO - [0m01:11:34  10 of 10 OK created sql view model public.fact_reviews ......................... [[32mCREATE VIEW[0m in 0.09s]
[2025-03-17T01:11:34.112+0000] {subprocess.py:106} INFO - [0m01:11:34
[2025-03-17T01:11:34.112+0000] {subprocess.py:106} INFO - [0m01:11:34  Finished running 1 table model, 9 view models in 0 hours 0 minutes and 1.79 seconds (1.79s).
[2025-03-17T01:11:34.177+0000] {subprocess.py:106} INFO - [0m01:11:34
[2025-03-17T01:11:34.178+0000] {subprocess.py:106} INFO - [0m01:11:34  [32mCompleted successfully[0m
[2025-03-17T01:11:34.178+0000] {subprocess.py:106} INFO - [0m01:11:34
[2025-03-17T01:11:34.179+0000] {subprocess.py:106} INFO - [0m01:11:34  Done. PASS=10 WARN=0 ERROR=0 SKIP=0 TOTAL=10
[2025-03-17T01:11:35.695+0000] {subprocess.py:110} INFO - Command exited with return code 0
[2025-03-17T01:11:35.748+0000] {taskinstance.py:341} INFO - ::group::Post task execution logs
[2025-03-17T01:11:35.749+0000] {taskinstance.py:353} INFO - Marking task as SUCCESS. dag_id=load_reviews_pipeline, task_id=dbt_run, run_id=scheduled__2024-12-21T00:00:00+00:00, execution_date=20241221T000000, start_date=20250317T011128, end_date=20250317T011135
[2025-03-17T01:11:35.807+0000] {logging_mixin.py:190} INFO - Task instance in success state
[2025-03-17T01:11:35.807+0000] {logging_mixin.py:190} INFO -  Previous state of the Task instance: running
[2025-03-17T01:11:35.808+0000] {logging_mixin.py:190} INFO - Dag name:load_reviews_pipeline queued_at:2025-03-17 01:11:27.343351+00:00
[2025-03-17T01:11:35.808+0000] {logging_mixin.py:190} INFO - Task hostname:DESKTOP-IM7V4RI. operator:BashOperator
[2025-03-17T01:11:35.846+0000] {local_task_job_runner.py:266} INFO - Task exited with return code 0
[2025-03-17T01:11:35.868+0000] {taskinstance.py:3901} INFO - 0 downstream tasks scheduled from follow-on schedule check
[2025-03-17T01:11:35.872+0000] {local_task_job_runner.py:245} INFO - ::endgroup::
