[2025-03-21T00:35:18.827+0000] {local_task_job_runner.py:123} INFO - ::group::Pre task execution logs
[2025-03-21T00:35:18.902+0000] {taskinstance.py:2614} INFO - Dependencies all met for dep_context=non-requeueable deps ti=<TaskInstance: scrape_and_store_all_jobs.scrape_and_insert_data_to_json manual__2025-03-21T00:35:08.490906+00:00 [queued]>
[2025-03-21T00:35:18.923+0000] {taskinstance.py:2614} INFO - Dependencies all met for dep_context=requeueable deps ti=<TaskInstance: scrape_and_store_all_jobs.scrape_and_insert_data_to_json manual__2025-03-21T00:35:08.490906+00:00 [queued]>
[2025-03-21T00:35:18.923+0000] {taskinstance.py:2867} INFO - Starting attempt 1 of 2
[2025-03-21T00:35:18.982+0000] {taskinstance.py:2890} INFO - Executing <Task(PythonOperator): scrape_and_insert_data_to_json> on 2025-03-21 00:35:08.490906+00:00
[2025-03-21T00:35:18.999+0000] {standard_task_runner.py:72} INFO - Started process 494697 to run task
[2025-03-21T00:35:19.010+0000] {standard_task_runner.py:104} INFO - Running: ['airflow', 'tasks', 'run', 'scrape_and_store_all_jobs', 'scrape_and_insert_data_to_json', 'manual__2025-03-21T00:35:08.490906+00:00', '--job-id', '1868', '--raw', '--subdir', 'DAGS_FOLDER/dags/scrape_and_store_all_jobs.py', '--cfg-path', '/tmp/tmp0lid4d39']
[2025-03-21T00:35:19.013+0000] {standard_task_runner.py:105} INFO - Job 1868: Subtask scrape_and_insert_data_to_json
[2025-03-21T00:35:19.180+0000] {task_command.py:467} INFO - Running <TaskInstance: scrape_and_store_all_jobs.scrape_and_insert_data_to_json manual__2025-03-21T00:35:08.490906+00:00 [running]> on host DESKTOP-IM7V4RI.
[2025-03-21T00:35:19.469+0000] {taskinstance.py:3134} INFO - Exporting env vars: AIRFLOW_CTX_DAG_OWNER='airflow' AIRFLOW_CTX_DAG_ID='scrape_and_store_all_jobs' AIRFLOW_CTX_TASK_ID='scrape_and_insert_data_to_json' AIRFLOW_CTX_EXECUTION_DATE='2025-03-21T00:35:08.490906+00:00' AIRFLOW_CTX_TRY_NUMBER='1' AIRFLOW_CTX_DAG_RUN_ID='manual__2025-03-21T00:35:08.490906+00:00'
[2025-03-21T00:35:19.474+0000] {logging_mixin.py:190} INFO - Task instance is in running state
[2025-03-21T00:35:19.475+0000] {logging_mixin.py:190} INFO -  Previous state of the Task instance: queued
[2025-03-21T00:35:19.475+0000] {logging_mixin.py:190} INFO - Current task name:scrape_and_insert_data_to_json state:running start_date:2025-03-21 00:35:18.903087+00:00
[2025-03-21T00:35:19.476+0000] {logging_mixin.py:190} INFO - Dag name:scrape_and_store_all_jobs and current dag run status:running
[2025-03-21T00:35:19.476+0000] {taskinstance.py:732} INFO - ::endgroup::
[2025-03-21T00:35:19.478+0000] {logging_mixin.py:190} INFO - Extraction des données depuis rekrute.com...
[2025-03-21T00:35:27.619+0000] {logging_mixin.py:190} INFO - (rekrute.com) Nombre total de pages : 172
[2025-03-21T00:35:27.619+0000] {logging_mixin.py:190} INFO - (rekrute.com) Traitement de la page 1...
[2025-03-21T00:35:30.939+0000] {logging_mixin.py:190} INFO - (rekrute.com) Erreur lors du traitement d'une offre : name 'offre' is not defined
[2025-03-21T00:35:32.202+0000] {logging_mixin.py:190} INFO - (rekrute.com) Erreur lors du traitement d'une offre : name 'offre' is not defined
[2025-03-21T00:35:34.513+0000] {logging_mixin.py:190} INFO - (rekrute.com) Erreur lors du traitement d'une offre : name 'offre' is not defined
[2025-03-21T00:35:35.276+0000] {logging_mixin.py:190} INFO - (rekrute.com) Erreur lors du traitement d'une offre : name 'offre' is not defined
[2025-03-21T00:35:37.793+0000] {logging_mixin.py:190} INFO - (rekrute.com) Erreur lors du traitement d'une offre : name 'offre' is not defined
[2025-03-21T00:35:38.398+0000] {logging_mixin.py:190} INFO - (rekrute.com) Erreur lors du traitement d'une offre : name 'offre' is not defined
[2025-03-21T00:35:39.039+0000] {logging_mixin.py:190} INFO - (rekrute.com) Erreur lors du traitement d'une offre : name 'offre' is not defined
[2025-03-21T00:35:39.603+0000] {logging_mixin.py:190} INFO - (rekrute.com) Erreur lors du traitement d'une offre : name 'offre' is not defined
[2025-03-21T00:35:40.148+0000] {logging_mixin.py:190} INFO - (rekrute.com) Erreur lors du traitement d'une offre : name 'offre' is not defined
[2025-03-21T00:35:41.062+0000] {logging_mixin.py:190} INFO - (rekrute.com) Erreur lors du traitement d'une offre : name 'offre' is not defined
[2025-03-21T00:35:43.063+0000] {logging_mixin.py:190} INFO - (rekrute.com) Traitement de la page 2...
[2025-03-21T00:35:44.151+0000] {logging_mixin.py:190} INFO - (rekrute.com) Erreur lors du traitement d'une offre : name 'offre' is not defined
[2025-03-21T00:35:44.878+0000] {logging_mixin.py:190} INFO - (rekrute.com) Erreur lors du traitement d'une offre : name 'offre' is not defined
[2025-03-21T00:35:45.581+0000] {logging_mixin.py:190} INFO - (rekrute.com) Erreur lors du traitement d'une offre : name 'offre' is not defined
[2025-03-21T00:35:46.189+0000] {logging_mixin.py:190} INFO - (rekrute.com) Erreur lors du traitement d'une offre : name 'offre' is not defined
[2025-03-21T00:35:47.447+0000] {logging_mixin.py:190} INFO - (rekrute.com) Erreur lors du traitement d'une offre : name 'offre' is not defined
[2025-03-21T00:35:48.215+0000] {logging_mixin.py:190} INFO - (rekrute.com) Erreur lors du traitement d'une offre : name 'offre' is not defined
[2025-03-21T00:35:49.443+0000] {logging_mixin.py:190} INFO - (rekrute.com) Erreur lors du traitement d'une offre : name 'offre' is not defined
[2025-03-21T00:35:51.262+0000] {logging_mixin.py:190} INFO - (rekrute.com) Erreur lors du traitement d'une offre : name 'offre' is not defined
[2025-03-21T00:35:52.289+0000] {logging_mixin.py:190} INFO - (rekrute.com) Erreur lors du traitement d'une offre : name 'offre' is not defined
[2025-03-21T00:35:53.065+0000] {logging_mixin.py:190} INFO - (rekrute.com) Erreur lors du traitement d'une offre : name 'offre' is not defined
[2025-03-21T00:35:55.068+0000] {logging_mixin.py:190} INFO - Extraction des données depuis marocemploi.net...
[2025-03-21T00:35:55.070+0000] {logging_mixin.py:190} INFO - (marocemploi.net) Traitement de la page 1...
[2025-03-21T00:35:57.235+0000] {logging_mixin.py:190} INFO - (marocemploi.net) Erreur lors du traitement d'une offre : name 'offre' is not defined
[2025-03-21T00:35:57.712+0000] {logging_mixin.py:190} INFO - (marocemploi.net) Erreur lors du traitement d'une offre : name 'offre' is not defined
[2025-03-21T00:35:58.905+0000] {logging_mixin.py:190} INFO - (marocemploi.net) Erreur lors du traitement d'une offre : name 'offre' is not defined
[2025-03-21T00:36:00.282+0000] {logging_mixin.py:190} INFO - (marocemploi.net) Erreur lors du traitement d'une offre : name 'offre' is not defined
[2025-03-21T00:36:01.491+0000] {logging_mixin.py:190} INFO - (marocemploi.net) Erreur lors du traitement d'une offre : name 'offre' is not defined
[2025-03-21T00:36:02.248+0000] {logging_mixin.py:190} INFO - (marocemploi.net) Erreur lors du traitement d'une offre : name 'offre' is not defined
[2025-03-21T00:36:02.912+0000] {logging_mixin.py:190} INFO - (marocemploi.net) Erreur lors du traitement d'une offre : name 'offre' is not defined
[2025-03-21T00:36:03.456+0000] {logging_mixin.py:190} INFO - (marocemploi.net) Erreur lors du traitement d'une offre : name 'offre' is not defined
[2025-03-21T00:36:03.913+0000] {logging_mixin.py:190} INFO - (marocemploi.net) Erreur lors du traitement d'une offre : name 'offre' is not defined
[2025-03-21T00:36:04.400+0000] {logging_mixin.py:190} INFO - (marocemploi.net) Erreur lors du traitement d'une offre : name 'offre' is not defined
[2025-03-21T00:36:04.791+0000] {logging_mixin.py:190} INFO - (marocemploi.net) Erreur lors du traitement d'une offre : name 'offre' is not defined
[2025-03-21T00:36:05.358+0000] {logging_mixin.py:190} INFO - (marocemploi.net) Erreur lors du traitement d'une offre : name 'offre' is not defined
[2025-03-21T00:36:06.224+0000] {logging_mixin.py:190} INFO - (marocemploi.net) Erreur lors du traitement d'une offre : name 'offre' is not defined
[2025-03-21T00:36:06.708+0000] {logging_mixin.py:190} INFO - (marocemploi.net) Erreur lors du traitement d'une offre : name 'offre' is not defined
[2025-03-21T00:36:07.331+0000] {logging_mixin.py:190} INFO - (marocemploi.net) Erreur lors du traitement d'une offre : name 'offre' is not defined
[2025-03-21T00:36:08.182+0000] {logging_mixin.py:190} INFO - (marocemploi.net) Erreur lors du traitement d'une offre : name 'offre' is not defined
[2025-03-21T00:36:08.863+0000] {logging_mixin.py:190} INFO - (marocemploi.net) Erreur lors du traitement d'une offre : name 'offre' is not defined
[2025-03-21T00:36:09.613+0000] {logging_mixin.py:190} INFO - (marocemploi.net) Erreur lors du traitement d'une offre : name 'offre' is not defined
[2025-03-21T00:36:10.239+0000] {logging_mixin.py:190} INFO - (marocemploi.net) Erreur lors du traitement d'une offre : name 'offre' is not defined
[2025-03-21T00:36:10.756+0000] {logging_mixin.py:190} INFO - (marocemploi.net) Erreur lors du traitement d'une offre : name 'offre' is not defined
[2025-03-21T00:36:11.383+0000] {logging_mixin.py:190} INFO - (marocemploi.net) Erreur lors du traitement d'une offre : name 'offre' is not defined
[2025-03-21T00:36:12.150+0000] {logging_mixin.py:190} INFO - (marocemploi.net) Erreur lors du traitement d'une offre : name 'offre' is not defined
[2025-03-21T00:36:12.898+0000] {logging_mixin.py:190} INFO - (marocemploi.net) Erreur lors du traitement d'une offre : name 'offre' is not defined
[2025-03-21T00:36:13.670+0000] {logging_mixin.py:190} INFO - (marocemploi.net) Erreur lors du traitement d'une offre : name 'offre' is not defined
[2025-03-21T00:36:14.296+0000] {logging_mixin.py:190} INFO - (marocemploi.net) Erreur lors du traitement d'une offre : name 'offre' is not defined
[2025-03-21T00:36:14.846+0000] {logging_mixin.py:190} INFO - (marocemploi.net) Erreur lors du traitement d'une offre : name 'offre' is not defined
[2025-03-21T00:36:15.309+0000] {logging_mixin.py:190} INFO - (marocemploi.net) Erreur lors du traitement d'une offre : name 'offre' is not defined
[2025-03-21T00:36:15.710+0000] {logging_mixin.py:190} INFO - (marocemploi.net) Erreur lors du traitement d'une offre : name 'offre' is not defined
[2025-03-21T00:36:16.504+0000] {logging_mixin.py:190} INFO - (marocemploi.net) Erreur lors du traitement d'une offre : name 'offre' is not defined
[2025-03-21T00:36:17.286+0000] {logging_mixin.py:190} INFO - (marocemploi.net) Erreur lors du traitement d'une offre : name 'offre' is not defined
[2025-03-21T00:36:18.723+0000] {logging_mixin.py:190} INFO - (marocemploi.net) Erreur lors du traitement d'une offre : name 'offre' is not defined
[2025-03-21T00:36:19.493+0000] {logging_mixin.py:190} INFO - (marocemploi.net) Erreur lors du traitement d'une offre : name 'offre' is not defined
[2025-03-21T00:36:20.475+0000] {logging_mixin.py:190} INFO - (marocemploi.net) Erreur lors du traitement d'une offre : name 'offre' is not defined
[2025-03-21T00:36:21.367+0000] {logging_mixin.py:190} INFO - (marocemploi.net) Erreur lors du traitement d'une offre : name 'offre' is not defined
[2025-03-21T00:36:22.044+0000] {logging_mixin.py:190} INFO - (marocemploi.net) Erreur lors du traitement d'une offre : name 'offre' is not defined
[2025-03-21T00:36:24.050+0000] {logging_mixin.py:190} INFO - (marocemploi.net) Traitement de la page 2...
[2025-03-21T00:36:26.058+0000] {logging_mixin.py:190} INFO - (marocemploi.net) Erreur lors du traitement d'une offre : name 'offre' is not defined
[2025-03-21T00:36:26.432+0000] {logging_mixin.py:190} INFO - (marocemploi.net) Erreur lors du traitement d'une offre : name 'offre' is not defined
[2025-03-21T00:36:26.738+0000] {logging_mixin.py:190} INFO - (marocemploi.net) Erreur lors du traitement d'une offre : name 'offre' is not defined
[2025-03-21T00:36:27.047+0000] {logging_mixin.py:190} INFO - (marocemploi.net) Erreur lors du traitement d'une offre : name 'offre' is not defined
[2025-03-21T00:36:27.432+0000] {logging_mixin.py:190} INFO - (marocemploi.net) Erreur lors du traitement d'une offre : name 'offre' is not defined
[2025-03-21T00:36:27.832+0000] {logging_mixin.py:190} INFO - (marocemploi.net) Erreur lors du traitement d'une offre : name 'offre' is not defined
[2025-03-21T00:36:28.145+0000] {logging_mixin.py:190} INFO - (marocemploi.net) Erreur lors du traitement d'une offre : name 'offre' is not defined
[2025-03-21T00:36:28.503+0000] {logging_mixin.py:190} INFO - (marocemploi.net) Erreur lors du traitement d'une offre : name 'offre' is not defined
[2025-03-21T00:36:28.926+0000] {logging_mixin.py:190} INFO - (marocemploi.net) Erreur lors du traitement d'une offre : name 'offre' is not defined
[2025-03-21T00:36:29.235+0000] {logging_mixin.py:190} INFO - (marocemploi.net) Erreur lors du traitement d'une offre : name 'offre' is not defined
[2025-03-21T00:36:29.515+0000] {logging_mixin.py:190} INFO - (marocemploi.net) Erreur lors du traitement d'une offre : name 'offre' is not defined
[2025-03-21T00:36:29.839+0000] {logging_mixin.py:190} INFO - (marocemploi.net) Erreur lors du traitement d'une offre : name 'offre' is not defined
[2025-03-21T00:36:30.154+0000] {logging_mixin.py:190} INFO - (marocemploi.net) Erreur lors du traitement d'une offre : name 'offre' is not defined
[2025-03-21T00:36:32.197+0000] {logging_mixin.py:190} INFO - ✅ Données enregistrées dans /mnt/c/Users/hp/Desktop/offres/toutes_les_offres.json.
[2025-03-21T00:36:32.202+0000] {python.py:240} INFO - Done. Returned value was: None
[2025-03-21T00:36:32.310+0000] {taskinstance.py:341} INFO - ::group::Post task execution logs
[2025-03-21T00:36:32.313+0000] {taskinstance.py:353} INFO - Marking task as SUCCESS. dag_id=scrape_and_store_all_jobs, task_id=scrape_and_insert_data_to_json, run_id=manual__2025-03-21T00:35:08.490906+00:00, execution_date=20250321T003508, start_date=20250321T003518, end_date=20250321T003632
[2025-03-21T00:36:32.531+0000] {logging_mixin.py:190} INFO - Task instance in success state
[2025-03-21T00:36:32.533+0000] {logging_mixin.py:190} INFO -  Previous state of the Task instance: running
[2025-03-21T00:36:32.534+0000] {logging_mixin.py:190} INFO - Dag name:scrape_and_store_all_jobs queued_at:2025-03-21 00:35:09.004362+00:00
[2025-03-21T00:36:32.534+0000] {logging_mixin.py:190} INFO - Task hostname:DESKTOP-IM7V4RI. operator:PythonOperator
[2025-03-21T00:36:32.694+0000] {local_task_job_runner.py:266} INFO - Task exited with return code 0
[2025-03-21T00:36:32.939+0000] {taskinstance.py:3901} INFO - 0 downstream tasks scheduled from follow-on schedule check
[2025-03-21T00:36:32.949+0000] {local_task_job_runner.py:245} INFO - ::endgroup::
