[2025-03-18T18:21:51.344+0000] {local_task_job_runner.py:123} INFO - ::group::Pre task execution logs
[2025-03-18T18:21:51.780+0000] {taskinstance.py:2614} INFO - Dependencies all met for dep_context=non-requeueable deps ti=<TaskInstance: load_dbt_clean_reviews_pipeline.dbt_run scheduled__2024-08-07T00:00:00+00:00 [queued]>
[2025-03-18T18:21:51.938+0000] {taskinstance.py:2614} INFO - Dependencies all met for dep_context=requeueable deps ti=<TaskInstance: load_dbt_clean_reviews_pipeline.dbt_run scheduled__2024-08-07T00:00:00+00:00 [queued]>
[2025-03-18T18:21:51.939+0000] {taskinstance.py:2867} INFO - Starting attempt 1 of 2
[2025-03-18T18:21:52.173+0000] {taskinstance.py:2890} INFO - Executing <Task(BashOperator): dbt_run> on 2024-08-07 00:00:00+00:00
[2025-03-18T18:21:52.269+0000] {standard_task_runner.py:72} INFO - Started process 13285 to run task
[2025-03-18T18:21:52.305+0000] {standard_task_runner.py:104} INFO - Running: ['airflow', 'tasks', 'run', 'load_dbt_clean_reviews_pipeline', 'dbt_run', 'scheduled__2024-08-07T00:00:00+00:00', '--job-id', '969', '--raw', '--subdir', 'DAGS_FOLDER/dag_load_reviews.py', '--cfg-path', '/tmp/tmpqlhzn9lc']
[2025-03-18T18:21:52.309+0000] {standard_task_runner.py:105} INFO - Job 969: Subtask dbt_run
[2025-03-18T18:21:52.921+0000] {task_command.py:467} INFO - Running <TaskInstance: load_dbt_clean_reviews_pipeline.dbt_run scheduled__2024-08-07T00:00:00+00:00 [running]> on host DESKTOP-IM7V4RI.
[2025-03-18T18:21:54.195+0000] {taskinstance.py:3134} INFO - Exporting env vars: AIRFLOW_CTX_DAG_OWNER='mohammed' AIRFLOW_CTX_DAG_ID='load_dbt_clean_reviews_pipeline' AIRFLOW_CTX_TASK_ID='dbt_run' AIRFLOW_CTX_EXECUTION_DATE='2024-08-07T00:00:00+00:00' AIRFLOW_CTX_TRY_NUMBER='1' AIRFLOW_CTX_DAG_RUN_ID='scheduled__2024-08-07T00:00:00+00:00'
[2025-03-18T18:21:54.199+0000] {logging_mixin.py:190} INFO - Task instance is in running state
[2025-03-18T18:21:54.200+0000] {logging_mixin.py:190} INFO -  Previous state of the Task instance: queued
[2025-03-18T18:21:54.200+0000] {logging_mixin.py:190} INFO - Current task name:dbt_run state:running start_date:2025-03-18 18:21:51.781619+00:00
[2025-03-18T18:21:54.201+0000] {logging_mixin.py:190} INFO - Dag name:load_dbt_clean_reviews_pipeline and current dag run status:running
[2025-03-18T18:21:54.201+0000] {taskinstance.py:732} INFO - ::endgroup::
[2025-03-18T18:21:54.203+0000] {subprocess.py:78} INFO - Tmp dir root location: /tmp
[2025-03-18T18:21:54.206+0000] {subprocess.py:88} INFO - Running command: ['/usr/bin/bash', '-c', 'cd /home/mohammed/.dbt/dbt_projects/bank_reviews_transactional && dbt run']
[2025-03-18T18:21:54.328+0000] {subprocess.py:99} INFO - Output:
[2025-03-18T18:22:11.532+0000] {subprocess.py:106} INFO - [0m18:22:11  Running with dbt=1.9.3
[2025-03-18T18:22:14.208+0000] {subprocess.py:106} INFO - [0m18:22:14  Registered adapter: postgres=1.9.0
[2025-03-18T18:22:16.708+0000] {subprocess.py:106} INFO - [0m18:22:16  [[33mWARNING[0m]: Configuration paths exist in your dbt_project.yml file which do not apply to any resources.
[2025-03-18T18:22:16.711+0000] {subprocess.py:106} INFO - There are 1 unused configuration paths:
[2025-03-18T18:22:16.712+0000] {subprocess.py:106} INFO - - models.bank_reviews_transactional.transactional
[2025-03-18T18:22:17.372+0000] {subprocess.py:106} INFO - [0m18:22:17  Found 1 model, 1 source, 433 macros
[2025-03-18T18:22:17.384+0000] {subprocess.py:106} INFO - [0m18:22:17
[2025-03-18T18:22:17.388+0000] {subprocess.py:106} INFO - [0m18:22:17  Concurrency: 4 threads (target='dev')
[2025-03-18T18:22:17.391+0000] {subprocess.py:106} INFO - [0m18:22:17
[2025-03-18T18:22:18.500+0000] {subprocess.py:106} INFO - [0m18:22:18  1 of 1 START sql table model transactional.clean_reviews ....................... [RUN]
[2025-03-18T18:22:21.245+0000] {subprocess.py:106} INFO - [0m18:22:21  1 of 1 OK created sql table model transactional.clean_reviews .................. [[32mSELECT 549[0m in 2.73s]
[2025-03-18T18:22:21.404+0000] {subprocess.py:106} INFO - [0m18:22:21
[2025-03-18T18:22:21.411+0000] {subprocess.py:106} INFO - [0m18:22:21  Finished running 1 table model in 0 hours 0 minutes and 4.01 seconds (4.01s).
[2025-03-18T18:22:21.933+0000] {subprocess.py:106} INFO - [0m18:22:21
[2025-03-18T18:22:21.968+0000] {subprocess.py:106} INFO - [0m18:22:21  [32mCompleted successfully[0m
[2025-03-18T18:22:21.971+0000] {subprocess.py:106} INFO - [0m18:22:21
[2025-03-18T18:22:21.980+0000] {subprocess.py:106} INFO - [0m18:22:21  Done. PASS=1 WARN=0 ERROR=0 SKIP=0 TOTAL=1
[2025-03-18T18:22:24.976+0000] {subprocess.py:110} INFO - Command exited with return code 0
[2025-03-18T18:22:25.189+0000] {taskinstance.py:341} INFO - ::group::Post task execution logs
[2025-03-18T18:22:25.193+0000] {taskinstance.py:353} INFO - Marking task as SUCCESS. dag_id=load_dbt_clean_reviews_pipeline, task_id=dbt_run, run_id=scheduled__2024-08-07T00:00:00+00:00, execution_date=20240807T000000, start_date=20250318T182151, end_date=20250318T182225
[2025-03-18T18:22:25.548+0000] {logging_mixin.py:190} INFO - Task instance in success state
[2025-03-18T18:22:25.549+0000] {logging_mixin.py:190} INFO -  Previous state of the Task instance: running
[2025-03-18T18:22:25.550+0000] {logging_mixin.py:190} INFO - Dag name:load_dbt_clean_reviews_pipeline queued_at:2025-03-18 18:21:44.494272+00:00
[2025-03-18T18:22:25.551+0000] {logging_mixin.py:190} INFO - Task hostname:DESKTOP-IM7V4RI. operator:BashOperator
[2025-03-18T18:22:25.609+0000] {local_task_job_runner.py:266} INFO - Task exited with return code 0
[2025-03-18T18:22:25.695+0000] {taskinstance.py:3901} INFO - 0 downstream tasks scheduled from follow-on schedule check
[2025-03-18T18:22:25.704+0000] {local_task_job_runner.py:245} INFO - ::endgroup::
