[2025-03-17T01:10:20.735+0000] {local_task_job_runner.py:123} INFO - ::group::Pre task execution logs
[2025-03-17T01:10:20.756+0000] {taskinstance.py:2614} INFO - Dependencies all met for dep_context=non-requeueable deps ti=<TaskInstance: load_reviews_pipeline.dbt_run scheduled__2024-12-12T00:00:00+00:00 [queued]>
[2025-03-17T01:10:20.764+0000] {taskinstance.py:2614} INFO - Dependencies all met for dep_context=requeueable deps ti=<TaskInstance: load_reviews_pipeline.dbt_run scheduled__2024-12-12T00:00:00+00:00 [queued]>
[2025-03-17T01:10:20.765+0000] {taskinstance.py:2867} INFO - Starting attempt 1 of 2
[2025-03-17T01:10:20.781+0000] {taskinstance.py:2890} INFO - Executing <Task(BashOperator): dbt_run> on 2024-12-12 00:00:00+00:00
[2025-03-17T01:10:20.792+0000] {standard_task_runner.py:72} INFO - Started process 315816 to run task
[2025-03-17T01:10:20.798+0000] {standard_task_runner.py:104} INFO - Running: ['airflow', 'tasks', 'run', 'load_reviews_pipeline', 'dbt_run', 'scheduled__2024-12-12T00:00:00+00:00', '--job-id', '536', '--raw', '--subdir', 'DAGS_FOLDER/dag_load_reviews.py', '--cfg-path', '/tmp/tmp92rla9xo']
[2025-03-17T01:10:20.799+0000] {standard_task_runner.py:105} INFO - Job 536: Subtask dbt_run
[2025-03-17T01:10:20.870+0000] {task_command.py:467} INFO - Running <TaskInstance: load_reviews_pipeline.dbt_run scheduled__2024-12-12T00:00:00+00:00 [running]> on host DESKTOP-IM7V4RI.
[2025-03-17T01:10:20.979+0000] {taskinstance.py:3134} INFO - Exporting env vars: AIRFLOW_CTX_DAG_OWNER='mohammed' AIRFLOW_CTX_DAG_ID='load_reviews_pipeline' AIRFLOW_CTX_TASK_ID='dbt_run' AIRFLOW_CTX_EXECUTION_DATE='2024-12-12T00:00:00+00:00' AIRFLOW_CTX_TRY_NUMBER='1' AIRFLOW_CTX_DAG_RUN_ID='scheduled__2024-12-12T00:00:00+00:00'
[2025-03-17T01:10:20.980+0000] {logging_mixin.py:190} INFO - Task instance is in running state
[2025-03-17T01:10:20.980+0000] {logging_mixin.py:190} INFO -  Previous state of the Task instance: queued
[2025-03-17T01:10:20.980+0000] {logging_mixin.py:190} INFO - Current task name:dbt_run state:running start_date:2025-03-17 01:10:20.757017+00:00
[2025-03-17T01:10:20.980+0000] {logging_mixin.py:190} INFO - Dag name:load_reviews_pipeline and current dag run status:running
[2025-03-17T01:10:20.980+0000] {taskinstance.py:732} INFO - ::endgroup::
[2025-03-17T01:10:20.981+0000] {subprocess.py:78} INFO - Tmp dir root location: /tmp
[2025-03-17T01:10:20.982+0000] {subprocess.py:88} INFO - Running command: ['/usr/bin/bash', '-c', 'cd /home/mohammed/.dbt/bank_reviews_project && dbt run']
[2025-03-17T01:10:20.991+0000] {subprocess.py:99} INFO - Output:
[2025-03-17T01:10:22.599+0000] {subprocess.py:106} INFO - [0m01:10:22  Running with dbt=1.9.3
[2025-03-17T01:10:22.831+0000] {subprocess.py:106} INFO - [0m01:10:22  Registered adapter: postgres=1.9.0
[2025-03-17T01:10:23.191+0000] {subprocess.py:106} INFO - [0m01:10:23  Found 10 models, 4 data tests, 2 sources, 433 macros
[2025-03-17T01:10:23.193+0000] {subprocess.py:106} INFO - [0m01:10:23
[2025-03-17T01:10:23.194+0000] {subprocess.py:106} INFO - [0m01:10:23  Concurrency: 4 threads (target='dev')
[2025-03-17T01:10:23.194+0000] {subprocess.py:106} INFO - [0m01:10:23
[2025-03-17T01:10:23.320+0000] {subprocess.py:106} INFO - [0m01:10:23  1 of 10 START sql view model public.clean_reviews .............................. [RUN]
[2025-03-17T01:10:23.321+0000] {subprocess.py:106} INFO - [0m01:10:23  2 of 10 START sql table model public.my_first_dbt_model ........................ [RUN]
[2025-03-17T01:10:23.324+0000] {subprocess.py:106} INFO - [0m01:10:23  3 of 10 START sql view model public.remove_duplicates .......................... [RUN]
[2025-03-17T01:10:23.325+0000] {subprocess.py:106} INFO - [0m01:10:23  4 of 10 START sql view model public.stg_clean_reviews .......................... [RUN]
[2025-03-17T01:10:23.625+0000] {subprocess.py:106} INFO - [0m01:10:23  2 of 10 OK created sql table model public.my_first_dbt_model ................... [[32mSELECT 2[0m in 0.30s]
[2025-03-17T01:10:23.630+0000] {subprocess.py:106} INFO - [0m01:10:23  5 of 10 START sql view model public.my_second_dbt_model ........................ [RUN]
[2025-03-17T01:10:23.634+0000] {subprocess.py:106} INFO - [0m01:10:23  3 of 10 OK created sql view model public.remove_duplicates ..................... [[32mCREATE VIEW[0m in 0.30s]
[2025-03-17T01:10:23.646+0000] {subprocess.py:106} INFO - [0m01:10:23  4 of 10 OK created sql view model public.stg_clean_reviews ..................... [[32mCREATE VIEW[0m in 0.31s]
[2025-03-17T01:10:23.647+0000] {subprocess.py:106} INFO - [0m01:10:23  1 of 10 OK created sql view model public.clean_reviews ......................... [[32mCREATE VIEW[0m in 0.32s]
[2025-03-17T01:10:23.657+0000] {subprocess.py:106} INFO - [0m01:10:23  6 of 10 START sql view model public.dim_bank ................................... [RUN]
[2025-03-17T01:10:23.660+0000] {subprocess.py:106} INFO - [0m01:10:23  7 of 10 START sql view model public.dim_branch ................................. [RUN]
[2025-03-17T01:10:23.663+0000] {subprocess.py:106} INFO - [0m01:10:23  8 of 10 START sql view model public.dim_location ............................... [RUN]
[2025-03-17T01:10:23.732+0000] {subprocess.py:106} INFO - [0m01:10:23  5 of 10 OK created sql view model public.my_second_dbt_model ................... [[32mCREATE VIEW[0m in 0.10s]
[2025-03-17T01:10:23.742+0000] {subprocess.py:106} INFO - [0m01:10:23  9 of 10 START sql view model public.dim_sentiment .............................. [RUN]
[2025-03-17T01:10:23.778+0000] {subprocess.py:106} INFO - [0m01:10:23  6 of 10 OK created sql view model public.dim_bank .............................. [[32mCREATE VIEW[0m in 0.12s]
[2025-03-17T01:10:23.787+0000] {subprocess.py:106} INFO - [0m01:10:23  7 of 10 OK created sql view model public.dim_branch ............................ [[32mCREATE VIEW[0m in 0.12s]
[2025-03-17T01:10:23.789+0000] {subprocess.py:106} INFO - [0m01:10:23  8 of 10 OK created sql view model public.dim_location .......................... [[32mCREATE VIEW[0m in 0.12s]
[2025-03-17T01:10:23.817+0000] {subprocess.py:106} INFO - [0m01:10:23  9 of 10 OK created sql view model public.dim_sentiment ......................... [[32mCREATE VIEW[0m in 0.07s]
[2025-03-17T01:10:23.819+0000] {subprocess.py:106} INFO - [0m01:10:23  10 of 10 START sql view model public.fact_reviews .............................. [RUN]
[2025-03-17T01:10:23.868+0000] {subprocess.py:106} INFO - [0m01:10:23  10 of 10 OK created sql view model public.fact_reviews ......................... [[32mCREATE VIEW[0m in 0.05s]
[2025-03-17T01:10:23.888+0000] {subprocess.py:106} INFO - [0m01:10:23
[2025-03-17T01:10:23.889+0000] {subprocess.py:106} INFO - [0m01:10:23  Finished running 1 table model, 9 view models in 0 hours 0 minutes and 0.69 seconds (0.69s).
[2025-03-17T01:10:23.919+0000] {subprocess.py:106} INFO - [0m01:10:23
[2025-03-17T01:10:23.919+0000] {subprocess.py:106} INFO - [0m01:10:23  [32mCompleted successfully[0m
[2025-03-17T01:10:23.920+0000] {subprocess.py:106} INFO - [0m01:10:23
[2025-03-17T01:10:23.920+0000] {subprocess.py:106} INFO - [0m01:10:23  Done. PASS=10 WARN=0 ERROR=0 SKIP=0 TOTAL=10
[2025-03-17T01:10:26.089+0000] {subprocess.py:110} INFO - Command exited with return code 0
[2025-03-17T01:10:26.136+0000] {taskinstance.py:341} INFO - ::group::Post task execution logs
[2025-03-17T01:10:26.136+0000] {taskinstance.py:353} INFO - Marking task as SUCCESS. dag_id=load_reviews_pipeline, task_id=dbt_run, run_id=scheduled__2024-12-12T00:00:00+00:00, execution_date=20241212T000000, start_date=20250317T011020, end_date=20250317T011026
[2025-03-17T01:10:26.183+0000] {logging_mixin.py:190} INFO - Task instance in success state
[2025-03-17T01:10:26.184+0000] {logging_mixin.py:190} INFO -  Previous state of the Task instance: running
[2025-03-17T01:10:26.184+0000] {logging_mixin.py:190} INFO - Dag name:load_reviews_pipeline queued_at:2025-03-17 01:10:20.007666+00:00
[2025-03-17T01:10:26.184+0000] {logging_mixin.py:190} INFO - Task hostname:DESKTOP-IM7V4RI. operator:BashOperator
[2025-03-17T01:10:26.236+0000] {local_task_job_runner.py:266} INFO - Task exited with return code 0
[2025-03-17T01:10:26.267+0000] {taskinstance.py:3901} INFO - 0 downstream tasks scheduled from follow-on schedule check
[2025-03-17T01:10:26.272+0000] {local_task_job_runner.py:245} INFO - ::endgroup::
