[2025-03-03T15:17:58.340+0000] {local_task_job_runner.py:123} INFO - ::group::Pre task execution logs
[2025-03-03T15:17:58.527+0000] {taskinstance.py:2614} INFO - Dependencies all met for dep_context=non-requeueable deps ti=<TaskInstance: Simple_etl.load_task manual__2025-03-03T15:17:45.286440+00:00 [queued]>
[2025-03-03T15:17:58.589+0000] {taskinstance.py:2614} INFO - Dependencies all met for dep_context=requeueable deps ti=<TaskInstance: Simple_etl.load_task manual__2025-03-03T15:17:45.286440+00:00 [queued]>
[2025-03-03T15:17:58.591+0000] {taskinstance.py:2867} INFO - Starting attempt 1 of 1
[2025-03-03T15:17:58.670+0000] {taskinstance.py:2890} INFO - Executing <Task(PythonOperator): load_task> on 2025-03-03 15:17:45.286440+00:00
[2025-03-03T15:17:58.686+0000] {standard_task_runner.py:72} INFO - Started process 3937 to run task
[2025-03-03T15:17:58.704+0000] {standard_task_runner.py:104} INFO - Running: ['airflow', 'tasks', 'run', 'Simple_etl', 'load_task', 'manual__2025-03-03T15:17:45.286440+00:00', '--job-id', '28', '--raw', '--subdir', 'DAGS_FOLDER/dag_etl.py', '--cfg-path', '/tmp/tmpx1k4b_vf']
[2025-03-03T15:17:58.711+0000] {standard_task_runner.py:105} INFO - Job 28: Subtask load_task
[2025-03-03T15:17:59.197+0000] {task_command.py:467} INFO - Running <TaskInstance: Simple_etl.load_task manual__2025-03-03T15:17:45.286440+00:00 [running]> on host DESKTOP-IM7V4RI.
[2025-03-03T15:17:59.826+0000] {taskinstance.py:3134} INFO - Exporting env vars: AIRFLOW_CTX_DAG_EMAIL='airflow@example.com' AIRFLOW_CTX_DAG_OWNER='airflow' AIRFLOW_CTX_DAG_ID='Simple_etl' AIRFLOW_CTX_TASK_ID='load_task' AIRFLOW_CTX_EXECUTION_DATE='2025-03-03T15:17:45.286440+00:00' AIRFLOW_CTX_TRY_NUMBER='1' AIRFLOW_CTX_DAG_RUN_ID='manual__2025-03-03T15:17:45.286440+00:00'
[2025-03-03T15:17:59.834+0000] {logging_mixin.py:190} INFO - Task instance is in running state
[2025-03-03T15:17:59.836+0000] {logging_mixin.py:190} INFO -  Previous state of the Task instance: queued
[2025-03-03T15:17:59.838+0000] {logging_mixin.py:190} INFO - Current task name:load_task state:running start_date:2025-03-03 15:17:58.528857+00:00
[2025-03-03T15:17:59.839+0000] {logging_mixin.py:190} INFO - Dag name:Simple_etl and current dag run status:running
[2025-03-03T15:17:59.840+0000] {taskinstance.py:732} INFO - ::endgroup::
[2025-03-03T15:17:59.843+0000] {logging_mixin.py:190} INFO - -------------load_task-----------------------
[2025-03-03T15:17:59.844+0000] {logging_mixin.py:190} INFO - /home/mohammed/input/bank-additional.csv
[2025-03-03T15:17:59.846+0000] {logging_mixin.py:190} INFO - [{"duration":4.3645256917},{"duration":4.3642156863},{"duration":4.1533783784},{"duration":3.8277272
[2025-03-03T15:17:59.847+0000] {logging_mixin.py:190} INFO - -------------load_task-----------------------
[2025-03-03T15:17:59.869+0000] {taskinstance.py:3313} ERROR - Task failed with exception
Traceback (most recent call last):
  File "/home/mohammed/venv/lib/python3.11/site-packages/airflow/models/taskinstance.py", line 768, in _execute_task
    result = _execute_callable(context=context, **execute_callable_kwargs)
             ^^^^^^^^^^^^^^^^^^^^^^^^^^^^^^^^^^^^^^^^^^^^^^^^^^^^^^^^^^^^^
  File "/home/mohammed/venv/lib/python3.11/site-packages/airflow/models/taskinstance.py", line 734, in _execute_callable
    return ExecutionCallableRunner(
           ^^^^^^^^^^^^^^^^^^^^^^^^
  File "/home/mohammed/venv/lib/python3.11/site-packages/airflow/utils/operator_helpers.py", line 252, in run
    return self.func(*args, **kwargs)
           ^^^^^^^^^^^^^^^^^^^^^^^^^^
  File "/home/mohammed/venv/lib/python3.11/site-packages/airflow/models/baseoperator.py", line 424, in wrapper
    return func(self, *args, **kwargs)
           ^^^^^^^^^^^^^^^^^^^^^^^^^^^
  File "/home/mohammed/venv/lib/python3.11/site-packages/airflow/operators/python.py", line 238, in execute
    return_value = self.execute_callable()
                   ^^^^^^^^^^^^^^^^^^^^^^^
  File "/home/mohammed/venv/lib/python3.11/site-packages/airflow/operators/python.py", line 256, in execute_callable
    return runner.run(*self.op_args, **self.op_kwargs)
           ^^^^^^^^^^^^^^^^^^^^^^^^^^^^^^^^^^^^^^^^^^^
  File "/home/mohammed/venv/lib/python3.11/site-packages/airflow/utils/operator_helpers.py", line 252, in run
    return self.func(*args, **kwargs)
           ^^^^^^^^^^^^^^^^^^^^^^^^^^
  File "/home/mohammed/airflow/dags/dag_etl.py", line 49, in load_task
    df.to_parquet(parquet_file)
  File "/home/mohammed/venv/lib/python3.11/site-packages/pandas/util/_decorators.py", line 333, in wrapper
    return func(*args, **kwargs)
           ^^^^^^^^^^^^^^^^^^^^^
  File "/home/mohammed/venv/lib/python3.11/site-packages/pandas/core/frame.py", line 3113, in to_parquet
    return to_parquet(
           ^^^^^^^^^^^
  File "/home/mohammed/venv/lib/python3.11/site-packages/pandas/io/parquet.py", line 476, in to_parquet
    impl = get_engine(engine)
           ^^^^^^^^^^^^^^^^^^
  File "/home/mohammed/venv/lib/python3.11/site-packages/pandas/io/parquet.py", line 67, in get_engine
    raise ImportError(
ImportError: Unable to find a usable engine; tried using: 'pyarrow', 'fastparquet'.
A suitable version of pyarrow or fastparquet is required for parquet support.
Trying to import the above resulted in these errors:
 - Missing optional dependency 'pyarrow'. pyarrow is required for parquet support. Use pip or conda to install pyarrow.
 - Missing optional dependency 'fastparquet'. fastparquet is required for parquet support. Use pip or conda to install fastparquet.
[2025-03-03T15:17:59.976+0000] {logging_mixin.py:190} INFO - Task instance in failure state
[2025-03-03T15:17:59.977+0000] {logging_mixin.py:190} INFO - Task start:2025-03-03 15:17:58.528857+00:00 end:2025-03-03 15:17:59.974291+00:00 duration:1.445434
[2025-03-03T15:17:59.979+0000] {logging_mixin.py:190} INFO - Task:<Task(PythonOperator): load_task> dag:<DAG: Simple_etl> dagrun:<DagRun Simple_etl @ 2025-03-03 15:17:45.286440+00:00: manual__2025-03-03T15:17:45.286440+00:00, state:running, queued_at: 2025-03-03 15:17:45.320618+00:00. externally triggered: True>
[2025-03-03T15:17:59.980+0000] {logging_mixin.py:190} INFO - Failure caused by Unable to find a usable engine; tried using: 'pyarrow', 'fastparquet'.
A suitable version of pyarrow or fastparquet is required for parquet support.
Trying to import the above resulted in these errors:
 - Missing optional dependency 'pyarrow'. pyarrow is required for parquet support. Use pip or conda to install pyarrow.
 - Missing optional dependency 'fastparquet'. fastparquet is required for parquet support. Use pip or conda to install fastparquet.
[2025-03-03T15:17:59.981+0000] {taskinstance.py:1226} INFO - Marking task as FAILED. dag_id=Simple_etl, task_id=load_task, run_id=manual__2025-03-03T15:17:45.286440+00:00, execution_date=20250303T151745, start_date=20250303T151758, end_date=20250303T151759
[2025-03-03T15:18:00.311+0000] {taskinstance.py:341} INFO - ::group::Post task execution logs
[2025-03-03T15:18:00.313+0000] {standard_task_runner.py:124} ERROR - Failed to execute job 28 for task load_task (Unable to find a usable engine; tried using: 'pyarrow', 'fastparquet'.
A suitable version of pyarrow or fastparquet is required for parquet support.
Trying to import the above resulted in these errors:
 - Missing optional dependency 'pyarrow'. pyarrow is required for parquet support. Use pip or conda to install pyarrow.
 - Missing optional dependency 'fastparquet'. fastparquet is required for parquet support. Use pip or conda to install fastparquet.; 3937)
Traceback (most recent call last):
  File "/home/mohammed/venv/lib/python3.11/site-packages/airflow/task/task_runner/standard_task_runner.py", line 117, in _start_by_fork
    ret = args.func(args, dag=self.dag)
          ^^^^^^^^^^^^^^^^^^^^^^^^^^^^^
  File "/home/mohammed/venv/lib/python3.11/site-packages/airflow/cli/cli_config.py", line 49, in command
    return func(*args, **kwargs)
           ^^^^^^^^^^^^^^^^^^^^^
  File "/home/mohammed/venv/lib/python3.11/site-packages/airflow/utils/cli.py", line 116, in wrapper
    return f(*args, **kwargs)
           ^^^^^^^^^^^^^^^^^^
  File "/home/mohammed/venv/lib/python3.11/site-packages/airflow/cli/commands/task_command.py", line 483, in task_run
    task_return_code = _run_task_by_selected_method(args, _dag, ti)
                       ^^^^^^^^^^^^^^^^^^^^^^^^^^^^^^^^^^^^^^^^^^^^
  File "/home/mohammed/venv/lib/python3.11/site-packages/airflow/cli/commands/task_command.py", line 256, in _run_task_by_selected_method
    return _run_raw_task(args, ti)
           ^^^^^^^^^^^^^^^^^^^^^^^
  File "/home/mohammed/venv/lib/python3.11/site-packages/airflow/cli/commands/task_command.py", line 341, in _run_raw_task
    return ti._run_raw_task(
           ^^^^^^^^^^^^^^^^^
  File "/home/mohammed/venv/lib/python3.11/site-packages/airflow/utils/session.py", line 97, in wrapper
    return func(*args, session=session, **kwargs)
           ^^^^^^^^^^^^^^^^^^^^^^^^^^^^^^^^^^^^^^
  File "/home/mohammed/venv/lib/python3.11/site-packages/airflow/models/taskinstance.py", line 3006, in _run_raw_task
    return _run_raw_task(
           ^^^^^^^^^^^^^^
  File "/home/mohammed/venv/lib/python3.11/site-packages/airflow/models/taskinstance.py", line 274, in _run_raw_task
    TaskInstance._execute_task_with_callbacks(
  File "/home/mohammed/venv/lib/python3.11/site-packages/airflow/models/taskinstance.py", line 3161, in _execute_task_with_callbacks
    result = self._execute_task(context, task_orig)
             ^^^^^^^^^^^^^^^^^^^^^^^^^^^^^^^^^^^^^^
  File "/home/mohammed/venv/lib/python3.11/site-packages/airflow/models/taskinstance.py", line 3185, in _execute_task
    return _execute_task(self, context, task_orig)
           ^^^^^^^^^^^^^^^^^^^^^^^^^^^^^^^^^^^^^^^
  File "/home/mohammed/venv/lib/python3.11/site-packages/airflow/models/taskinstance.py", line 768, in _execute_task
    result = _execute_callable(context=context, **execute_callable_kwargs)
             ^^^^^^^^^^^^^^^^^^^^^^^^^^^^^^^^^^^^^^^^^^^^^^^^^^^^^^^^^^^^^
  File "/home/mohammed/venv/lib/python3.11/site-packages/airflow/models/taskinstance.py", line 734, in _execute_callable
    return ExecutionCallableRunner(
           ^^^^^^^^^^^^^^^^^^^^^^^^
  File "/home/mohammed/venv/lib/python3.11/site-packages/airflow/utils/operator_helpers.py", line 252, in run
    return self.func(*args, **kwargs)
           ^^^^^^^^^^^^^^^^^^^^^^^^^^
  File "/home/mohammed/venv/lib/python3.11/site-packages/airflow/models/baseoperator.py", line 424, in wrapper
    return func(self, *args, **kwargs)
           ^^^^^^^^^^^^^^^^^^^^^^^^^^^
  File "/home/mohammed/venv/lib/python3.11/site-packages/airflow/operators/python.py", line 238, in execute
    return_value = self.execute_callable()
                   ^^^^^^^^^^^^^^^^^^^^^^^
  File "/home/mohammed/venv/lib/python3.11/site-packages/airflow/operators/python.py", line 256, in execute_callable
    return runner.run(*self.op_args, **self.op_kwargs)
           ^^^^^^^^^^^^^^^^^^^^^^^^^^^^^^^^^^^^^^^^^^^
  File "/home/mohammed/venv/lib/python3.11/site-packages/airflow/utils/operator_helpers.py", line 252, in run
    return self.func(*args, **kwargs)
           ^^^^^^^^^^^^^^^^^^^^^^^^^^
  File "/home/mohammed/airflow/dags/dag_etl.py", line 49, in load_task
    df.to_parquet(parquet_file)
  File "/home/mohammed/venv/lib/python3.11/site-packages/pandas/util/_decorators.py", line 333, in wrapper
    return func(*args, **kwargs)
           ^^^^^^^^^^^^^^^^^^^^^
  File "/home/mohammed/venv/lib/python3.11/site-packages/pandas/core/frame.py", line 3113, in to_parquet
    return to_parquet(
           ^^^^^^^^^^^
  File "/home/mohammed/venv/lib/python3.11/site-packages/pandas/io/parquet.py", line 476, in to_parquet
    impl = get_engine(engine)
           ^^^^^^^^^^^^^^^^^^
  File "/home/mohammed/venv/lib/python3.11/site-packages/pandas/io/parquet.py", line 67, in get_engine
    raise ImportError(
ImportError: Unable to find a usable engine; tried using: 'pyarrow', 'fastparquet'.
A suitable version of pyarrow or fastparquet is required for parquet support.
Trying to import the above resulted in these errors:
 - Missing optional dependency 'pyarrow'. pyarrow is required for parquet support. Use pip or conda to install pyarrow.
 - Missing optional dependency 'fastparquet'. fastparquet is required for parquet support. Use pip or conda to install fastparquet.
[2025-03-03T15:18:00.387+0000] {local_task_job_runner.py:266} INFO - Task exited with return code 1
[2025-03-03T15:18:00.484+0000] {taskinstance.py:3901} INFO - 0 downstream tasks scheduled from follow-on schedule check
[2025-03-03T15:18:00.499+0000] {local_task_job_runner.py:245} INFO - ::endgroup::
