[2025-02-16T23:22:24.099+0100] {processor.py:186} INFO - Started process (PID=4188) to work on /home/mohammed/myenv/lib/python3.12/site-packages/airflow/example_dags/subdags/subdag.py
[2025-02-16T23:22:24.104+0100] {processor.py:914} INFO - Processing file /home/mohammed/myenv/lib/python3.12/site-packages/airflow/example_dags/subdags/subdag.py for tasks to queue
[2025-02-16T23:22:24.113+0100] {logging_mixin.py:190} INFO - [2025-02-16T23:22:24.112+0100] {dagbag.py:588} INFO - Filling up the DagBag from /home/mohammed/myenv/lib/python3.12/site-packages/airflow/example_dags/subdags/subdag.py
[2025-02-16T23:22:24.125+0100] {processor.py:927} WARNING - No viable dags retrieved from /home/mohammed/myenv/lib/python3.12/site-packages/airflow/example_dags/subdags/subdag.py
[2025-02-16T23:22:24.176+0100] {processor.py:208} INFO - Processing /home/mohammed/myenv/lib/python3.12/site-packages/airflow/example_dags/subdags/subdag.py took 0.105 seconds
[2025-02-16T23:24:10.303+0100] {processor.py:186} INFO - Started process (PID=4272) to work on /home/mohammed/myenv/lib/python3.12/site-packages/airflow/example_dags/subdags/subdag.py
[2025-02-16T23:24:10.312+0100] {processor.py:914} INFO - Processing file /home/mohammed/myenv/lib/python3.12/site-packages/airflow/example_dags/subdags/subdag.py for tasks to queue
[2025-02-16T23:24:10.319+0100] {logging_mixin.py:190} INFO - [2025-02-16T23:24:10.318+0100] {dagbag.py:588} INFO - Filling up the DagBag from /home/mohammed/myenv/lib/python3.12/site-packages/airflow/example_dags/subdags/subdag.py
[2025-02-16T23:24:10.324+0100] {processor.py:927} WARNING - No viable dags retrieved from /home/mohammed/myenv/lib/python3.12/site-packages/airflow/example_dags/subdags/subdag.py
[2025-02-16T23:24:10.349+0100] {processor.py:208} INFO - Processing /home/mohammed/myenv/lib/python3.12/site-packages/airflow/example_dags/subdags/subdag.py took 0.059 seconds
[2025-02-16T23:25:00.436+0100] {processor.py:186} INFO - Started process (PID=4320) to work on /home/mohammed/myenv/lib/python3.12/site-packages/airflow/example_dags/subdags/subdag.py
[2025-02-16T23:25:00.445+0100] {processor.py:914} INFO - Processing file /home/mohammed/myenv/lib/python3.12/site-packages/airflow/example_dags/subdags/subdag.py for tasks to queue
[2025-02-16T23:25:00.451+0100] {logging_mixin.py:190} INFO - [2025-02-16T23:25:00.450+0100] {dagbag.py:588} INFO - Filling up the DagBag from /home/mohammed/myenv/lib/python3.12/site-packages/airflow/example_dags/subdags/subdag.py
[2025-02-16T23:25:00.458+0100] {processor.py:927} WARNING - No viable dags retrieved from /home/mohammed/myenv/lib/python3.12/site-packages/airflow/example_dags/subdags/subdag.py
[2025-02-16T23:25:00.487+0100] {processor.py:208} INFO - Processing /home/mohammed/myenv/lib/python3.12/site-packages/airflow/example_dags/subdags/subdag.py took 0.071 seconds
[2025-02-16T23:25:46.122+0100] {processor.py:186} INFO - Started process (PID=4365) to work on /home/mohammed/myenv/lib/python3.12/site-packages/airflow/example_dags/subdags/subdag.py
[2025-02-16T23:25:46.125+0100] {processor.py:914} INFO - Processing file /home/mohammed/myenv/lib/python3.12/site-packages/airflow/example_dags/subdags/subdag.py for tasks to queue
[2025-02-16T23:25:46.130+0100] {logging_mixin.py:190} INFO - [2025-02-16T23:25:46.129+0100] {dagbag.py:588} INFO - Filling up the DagBag from /home/mohammed/myenv/lib/python3.12/site-packages/airflow/example_dags/subdags/subdag.py
[2025-02-16T23:25:46.136+0100] {processor.py:927} WARNING - No viable dags retrieved from /home/mohammed/myenv/lib/python3.12/site-packages/airflow/example_dags/subdags/subdag.py
[2025-02-16T23:25:46.161+0100] {processor.py:208} INFO - Processing /home/mohammed/myenv/lib/python3.12/site-packages/airflow/example_dags/subdags/subdag.py took 0.053 seconds
[2025-02-16T23:26:29.225+0100] {processor.py:186} INFO - Started process (PID=4399) to work on /home/mohammed/myenv/lib/python3.12/site-packages/airflow/example_dags/subdags/subdag.py
[2025-02-16T23:26:29.232+0100] {processor.py:914} INFO - Processing file /home/mohammed/myenv/lib/python3.12/site-packages/airflow/example_dags/subdags/subdag.py for tasks to queue
[2025-02-16T23:26:29.244+0100] {logging_mixin.py:190} INFO - [2025-02-16T23:26:29.241+0100] {dagbag.py:588} INFO - Filling up the DagBag from /home/mohammed/myenv/lib/python3.12/site-packages/airflow/example_dags/subdags/subdag.py
[2025-02-16T23:26:29.257+0100] {processor.py:927} WARNING - No viable dags retrieved from /home/mohammed/myenv/lib/python3.12/site-packages/airflow/example_dags/subdags/subdag.py
[2025-02-16T23:26:29.293+0100] {processor.py:208} INFO - Processing /home/mohammed/myenv/lib/python3.12/site-packages/airflow/example_dags/subdags/subdag.py took 0.101 seconds
[2025-02-16T23:27:12.014+0100] {processor.py:186} INFO - Started process (PID=4433) to work on /home/mohammed/myenv/lib/python3.12/site-packages/airflow/example_dags/subdags/subdag.py
[2025-02-16T23:27:12.017+0100] {processor.py:914} INFO - Processing file /home/mohammed/myenv/lib/python3.12/site-packages/airflow/example_dags/subdags/subdag.py for tasks to queue
[2025-02-16T23:27:12.021+0100] {logging_mixin.py:190} INFO - [2025-02-16T23:27:12.020+0100] {dagbag.py:588} INFO - Filling up the DagBag from /home/mohammed/myenv/lib/python3.12/site-packages/airflow/example_dags/subdags/subdag.py
[2025-02-16T23:27:12.026+0100] {processor.py:927} WARNING - No viable dags retrieved from /home/mohammed/myenv/lib/python3.12/site-packages/airflow/example_dags/subdags/subdag.py
[2025-02-16T23:27:12.047+0100] {processor.py:208} INFO - Processing /home/mohammed/myenv/lib/python3.12/site-packages/airflow/example_dags/subdags/subdag.py took 0.052 seconds
[2025-02-16T23:27:49.635+0100] {processor.py:186} INFO - Started process (PID=4466) to work on /home/mohammed/myenv/lib/python3.12/site-packages/airflow/example_dags/subdags/subdag.py
[2025-02-16T23:27:49.639+0100] {processor.py:914} INFO - Processing file /home/mohammed/myenv/lib/python3.12/site-packages/airflow/example_dags/subdags/subdag.py for tasks to queue
[2025-02-16T23:27:49.647+0100] {logging_mixin.py:190} INFO - [2025-02-16T23:27:49.645+0100] {dagbag.py:588} INFO - Filling up the DagBag from /home/mohammed/myenv/lib/python3.12/site-packages/airflow/example_dags/subdags/subdag.py
[2025-02-16T23:27:49.656+0100] {processor.py:927} WARNING - No viable dags retrieved from /home/mohammed/myenv/lib/python3.12/site-packages/airflow/example_dags/subdags/subdag.py
[2025-02-16T23:27:49.697+0100] {processor.py:208} INFO - Processing /home/mohammed/myenv/lib/python3.12/site-packages/airflow/example_dags/subdags/subdag.py took 0.083 seconds
[2025-02-16T23:28:32.297+0100] {processor.py:186} INFO - Started process (PID=4501) to work on /home/mohammed/myenv/lib/python3.12/site-packages/airflow/example_dags/subdags/subdag.py
[2025-02-16T23:28:32.299+0100] {processor.py:914} INFO - Processing file /home/mohammed/myenv/lib/python3.12/site-packages/airflow/example_dags/subdags/subdag.py for tasks to queue
[2025-02-16T23:28:32.302+0100] {logging_mixin.py:190} INFO - [2025-02-16T23:28:32.302+0100] {dagbag.py:588} INFO - Filling up the DagBag from /home/mohammed/myenv/lib/python3.12/site-packages/airflow/example_dags/subdags/subdag.py
[2025-02-16T23:28:32.305+0100] {processor.py:927} WARNING - No viable dags retrieved from /home/mohammed/myenv/lib/python3.12/site-packages/airflow/example_dags/subdags/subdag.py
[2025-02-16T23:28:32.320+0100] {processor.py:208} INFO - Processing /home/mohammed/myenv/lib/python3.12/site-packages/airflow/example_dags/subdags/subdag.py took 0.031 seconds
[2025-02-16T23:29:13.421+0100] {processor.py:186} INFO - Started process (PID=4538) to work on /home/mohammed/myenv/lib/python3.12/site-packages/airflow/example_dags/subdags/subdag.py
[2025-02-16T23:29:13.427+0100] {processor.py:914} INFO - Processing file /home/mohammed/myenv/lib/python3.12/site-packages/airflow/example_dags/subdags/subdag.py for tasks to queue
[2025-02-16T23:29:13.431+0100] {logging_mixin.py:190} INFO - [2025-02-16T23:29:13.430+0100] {dagbag.py:588} INFO - Filling up the DagBag from /home/mohammed/myenv/lib/python3.12/site-packages/airflow/example_dags/subdags/subdag.py
[2025-02-16T23:29:13.435+0100] {processor.py:927} WARNING - No viable dags retrieved from /home/mohammed/myenv/lib/python3.12/site-packages/airflow/example_dags/subdags/subdag.py
[2025-02-16T23:29:13.451+0100] {processor.py:208} INFO - Processing /home/mohammed/myenv/lib/python3.12/site-packages/airflow/example_dags/subdags/subdag.py took 0.050 seconds
[2025-02-16T23:29:53.670+0100] {processor.py:186} INFO - Started process (PID=4571) to work on /home/mohammed/myenv/lib/python3.12/site-packages/airflow/example_dags/subdags/subdag.py
[2025-02-16T23:29:53.675+0100] {processor.py:914} INFO - Processing file /home/mohammed/myenv/lib/python3.12/site-packages/airflow/example_dags/subdags/subdag.py for tasks to queue
[2025-02-16T23:29:53.682+0100] {logging_mixin.py:190} INFO - [2025-02-16T23:29:53.681+0100] {dagbag.py:588} INFO - Filling up the DagBag from /home/mohammed/myenv/lib/python3.12/site-packages/airflow/example_dags/subdags/subdag.py
[2025-02-16T23:29:53.691+0100] {processor.py:927} WARNING - No viable dags retrieved from /home/mohammed/myenv/lib/python3.12/site-packages/airflow/example_dags/subdags/subdag.py
[2025-02-16T23:29:53.728+0100] {processor.py:208} INFO - Processing /home/mohammed/myenv/lib/python3.12/site-packages/airflow/example_dags/subdags/subdag.py took 0.078 seconds
[2025-02-16T23:30:30.612+0100] {processor.py:186} INFO - Started process (PID=4613) to work on /home/mohammed/myenv/lib/python3.12/site-packages/airflow/example_dags/subdags/subdag.py
[2025-02-16T23:30:30.616+0100] {processor.py:914} INFO - Processing file /home/mohammed/myenv/lib/python3.12/site-packages/airflow/example_dags/subdags/subdag.py for tasks to queue
[2025-02-16T23:30:30.622+0100] {logging_mixin.py:190} INFO - [2025-02-16T23:30:30.621+0100] {dagbag.py:588} INFO - Filling up the DagBag from /home/mohammed/myenv/lib/python3.12/site-packages/airflow/example_dags/subdags/subdag.py
[2025-02-16T23:30:30.631+0100] {processor.py:927} WARNING - No viable dags retrieved from /home/mohammed/myenv/lib/python3.12/site-packages/airflow/example_dags/subdags/subdag.py
[2025-02-16T23:30:30.661+0100] {processor.py:208} INFO - Processing /home/mohammed/myenv/lib/python3.12/site-packages/airflow/example_dags/subdags/subdag.py took 0.068 seconds
[2025-02-16T23:31:09.824+0100] {processor.py:186} INFO - Started process (PID=4649) to work on /home/mohammed/myenv/lib/python3.12/site-packages/airflow/example_dags/subdags/subdag.py
[2025-02-16T23:31:09.830+0100] {processor.py:914} INFO - Processing file /home/mohammed/myenv/lib/python3.12/site-packages/airflow/example_dags/subdags/subdag.py for tasks to queue
[2025-02-16T23:31:09.833+0100] {logging_mixin.py:190} INFO - [2025-02-16T23:31:09.833+0100] {dagbag.py:588} INFO - Filling up the DagBag from /home/mohammed/myenv/lib/python3.12/site-packages/airflow/example_dags/subdags/subdag.py
[2025-02-16T23:31:09.838+0100] {processor.py:927} WARNING - No viable dags retrieved from /home/mohammed/myenv/lib/python3.12/site-packages/airflow/example_dags/subdags/subdag.py
[2025-02-16T23:31:09.863+0100] {processor.py:208} INFO - Processing /home/mohammed/myenv/lib/python3.12/site-packages/airflow/example_dags/subdags/subdag.py took 0.049 seconds
[2025-02-16T23:31:50.462+0100] {processor.py:186} INFO - Started process (PID=4684) to work on /home/mohammed/myenv/lib/python3.12/site-packages/airflow/example_dags/subdags/subdag.py
[2025-02-16T23:31:50.465+0100] {processor.py:914} INFO - Processing file /home/mohammed/myenv/lib/python3.12/site-packages/airflow/example_dags/subdags/subdag.py for tasks to queue
[2025-02-16T23:31:50.470+0100] {logging_mixin.py:190} INFO - [2025-02-16T23:31:50.469+0100] {dagbag.py:588} INFO - Filling up the DagBag from /home/mohammed/myenv/lib/python3.12/site-packages/airflow/example_dags/subdags/subdag.py
[2025-02-16T23:31:50.475+0100] {processor.py:927} WARNING - No viable dags retrieved from /home/mohammed/myenv/lib/python3.12/site-packages/airflow/example_dags/subdags/subdag.py
[2025-02-16T23:31:50.501+0100] {processor.py:208} INFO - Processing /home/mohammed/myenv/lib/python3.12/site-packages/airflow/example_dags/subdags/subdag.py took 0.050 seconds
[2025-02-16T23:32:34.769+0100] {processor.py:186} INFO - Started process (PID=4718) to work on /home/mohammed/myenv/lib/python3.12/site-packages/airflow/example_dags/subdags/subdag.py
[2025-02-16T23:32:34.774+0100] {processor.py:914} INFO - Processing file /home/mohammed/myenv/lib/python3.12/site-packages/airflow/example_dags/subdags/subdag.py for tasks to queue
[2025-02-16T23:32:34.781+0100] {logging_mixin.py:190} INFO - [2025-02-16T23:32:34.780+0100] {dagbag.py:588} INFO - Filling up the DagBag from /home/mohammed/myenv/lib/python3.12/site-packages/airflow/example_dags/subdags/subdag.py
[2025-02-16T23:32:34.790+0100] {processor.py:927} WARNING - No viable dags retrieved from /home/mohammed/myenv/lib/python3.12/site-packages/airflow/example_dags/subdags/subdag.py
[2025-02-16T23:32:34.829+0100] {processor.py:208} INFO - Processing /home/mohammed/myenv/lib/python3.12/site-packages/airflow/example_dags/subdags/subdag.py took 0.079 seconds
[2025-02-16T23:33:16.989+0100] {processor.py:186} INFO - Started process (PID=4752) to work on /home/mohammed/myenv/lib/python3.12/site-packages/airflow/example_dags/subdags/subdag.py
[2025-02-16T23:33:16.998+0100] {processor.py:914} INFO - Processing file /home/mohammed/myenv/lib/python3.12/site-packages/airflow/example_dags/subdags/subdag.py for tasks to queue
[2025-02-16T23:33:17.003+0100] {logging_mixin.py:190} INFO - [2025-02-16T23:33:17.002+0100] {dagbag.py:588} INFO - Filling up the DagBag from /home/mohammed/myenv/lib/python3.12/site-packages/airflow/example_dags/subdags/subdag.py
[2025-02-16T23:33:17.008+0100] {processor.py:927} WARNING - No viable dags retrieved from /home/mohammed/myenv/lib/python3.12/site-packages/airflow/example_dags/subdags/subdag.py
[2025-02-16T23:33:17.029+0100] {processor.py:208} INFO - Processing /home/mohammed/myenv/lib/python3.12/site-packages/airflow/example_dags/subdags/subdag.py took 0.060 seconds
[2025-02-16T23:33:54.962+0100] {processor.py:186} INFO - Started process (PID=4785) to work on /home/mohammed/myenv/lib/python3.12/site-packages/airflow/example_dags/subdags/subdag.py
[2025-02-16T23:33:54.975+0100] {processor.py:914} INFO - Processing file /home/mohammed/myenv/lib/python3.12/site-packages/airflow/example_dags/subdags/subdag.py for tasks to queue
[2025-02-16T23:33:54.982+0100] {logging_mixin.py:190} INFO - [2025-02-16T23:33:54.981+0100] {dagbag.py:588} INFO - Filling up the DagBag from /home/mohammed/myenv/lib/python3.12/site-packages/airflow/example_dags/subdags/subdag.py
[2025-02-16T23:33:54.990+0100] {processor.py:927} WARNING - No viable dags retrieved from /home/mohammed/myenv/lib/python3.12/site-packages/airflow/example_dags/subdags/subdag.py
[2025-02-16T23:33:55.026+0100] {processor.py:208} INFO - Processing /home/mohammed/myenv/lib/python3.12/site-packages/airflow/example_dags/subdags/subdag.py took 0.084 seconds
[2025-02-16T23:35:12.497+0100] {processor.py:186} INFO - Started process (PID=4851) to work on /home/mohammed/myenv/lib/python3.12/site-packages/airflow/example_dags/subdags/subdag.py
[2025-02-16T23:35:12.510+0100] {processor.py:914} INFO - Processing file /home/mohammed/myenv/lib/python3.12/site-packages/airflow/example_dags/subdags/subdag.py for tasks to queue
[2025-02-16T23:35:12.515+0100] {logging_mixin.py:190} INFO - [2025-02-16T23:35:12.514+0100] {dagbag.py:588} INFO - Filling up the DagBag from /home/mohammed/myenv/lib/python3.12/site-packages/airflow/example_dags/subdags/subdag.py
[2025-02-16T23:35:12.520+0100] {processor.py:927} WARNING - No viable dags retrieved from /home/mohammed/myenv/lib/python3.12/site-packages/airflow/example_dags/subdags/subdag.py
[2025-02-16T23:35:12.542+0100] {processor.py:208} INFO - Processing /home/mohammed/myenv/lib/python3.12/site-packages/airflow/example_dags/subdags/subdag.py took 0.056 seconds
[2025-02-16T23:36:27.959+0100] {processor.py:186} INFO - Started process (PID=4918) to work on /home/mohammed/myenv/lib/python3.12/site-packages/airflow/example_dags/subdags/subdag.py
[2025-02-16T23:36:27.965+0100] {processor.py:914} INFO - Processing file /home/mohammed/myenv/lib/python3.12/site-packages/airflow/example_dags/subdags/subdag.py for tasks to queue
[2025-02-16T23:36:27.973+0100] {logging_mixin.py:190} INFO - [2025-02-16T23:36:27.971+0100] {dagbag.py:588} INFO - Filling up the DagBag from /home/mohammed/myenv/lib/python3.12/site-packages/airflow/example_dags/subdags/subdag.py
[2025-02-16T23:36:27.979+0100] {processor.py:927} WARNING - No viable dags retrieved from /home/mohammed/myenv/lib/python3.12/site-packages/airflow/example_dags/subdags/subdag.py
[2025-02-16T23:36:27.999+0100] {processor.py:208} INFO - Processing /home/mohammed/myenv/lib/python3.12/site-packages/airflow/example_dags/subdags/subdag.py took 0.059 seconds
[2025-02-16T23:37:10.599+0100] {processor.py:186} INFO - Started process (PID=4952) to work on /home/mohammed/myenv/lib/python3.12/site-packages/airflow/example_dags/subdags/subdag.py
[2025-02-16T23:37:10.604+0100] {processor.py:914} INFO - Processing file /home/mohammed/myenv/lib/python3.12/site-packages/airflow/example_dags/subdags/subdag.py for tasks to queue
[2025-02-16T23:37:10.611+0100] {logging_mixin.py:190} INFO - [2025-02-16T23:37:10.610+0100] {dagbag.py:588} INFO - Filling up the DagBag from /home/mohammed/myenv/lib/python3.12/site-packages/airflow/example_dags/subdags/subdag.py
[2025-02-16T23:37:10.620+0100] {processor.py:927} WARNING - No viable dags retrieved from /home/mohammed/myenv/lib/python3.12/site-packages/airflow/example_dags/subdags/subdag.py
[2025-02-16T23:37:10.659+0100] {processor.py:208} INFO - Processing /home/mohammed/myenv/lib/python3.12/site-packages/airflow/example_dags/subdags/subdag.py took 0.081 seconds
[2025-02-16T23:37:48.888+0100] {processor.py:186} INFO - Started process (PID=4987) to work on /home/mohammed/myenv/lib/python3.12/site-packages/airflow/example_dags/subdags/subdag.py
[2025-02-16T23:37:48.900+0100] {processor.py:914} INFO - Processing file /home/mohammed/myenv/lib/python3.12/site-packages/airflow/example_dags/subdags/subdag.py for tasks to queue
[2025-02-16T23:37:48.909+0100] {logging_mixin.py:190} INFO - [2025-02-16T23:37:48.907+0100] {dagbag.py:588} INFO - Filling up the DagBag from /home/mohammed/myenv/lib/python3.12/site-packages/airflow/example_dags/subdags/subdag.py
[2025-02-16T23:37:48.918+0100] {processor.py:927} WARNING - No viable dags retrieved from /home/mohammed/myenv/lib/python3.12/site-packages/airflow/example_dags/subdags/subdag.py
[2025-02-16T23:37:48.950+0100] {processor.py:208} INFO - Processing /home/mohammed/myenv/lib/python3.12/site-packages/airflow/example_dags/subdags/subdag.py took 0.087 seconds
[2025-02-16T23:38:26.757+0100] {processor.py:186} INFO - Started process (PID=5023) to work on /home/mohammed/myenv/lib/python3.12/site-packages/airflow/example_dags/subdags/subdag.py
[2025-02-16T23:38:26.763+0100] {processor.py:914} INFO - Processing file /home/mohammed/myenv/lib/python3.12/site-packages/airflow/example_dags/subdags/subdag.py for tasks to queue
[2025-02-16T23:38:26.767+0100] {logging_mixin.py:190} INFO - [2025-02-16T23:38:26.766+0100] {dagbag.py:588} INFO - Filling up the DagBag from /home/mohammed/myenv/lib/python3.12/site-packages/airflow/example_dags/subdags/subdag.py
[2025-02-16T23:38:26.771+0100] {processor.py:927} WARNING - No viable dags retrieved from /home/mohammed/myenv/lib/python3.12/site-packages/airflow/example_dags/subdags/subdag.py
[2025-02-16T23:38:26.793+0100] {processor.py:208} INFO - Processing /home/mohammed/myenv/lib/python3.12/site-packages/airflow/example_dags/subdags/subdag.py took 0.045 seconds
[2025-02-16T23:39:06.766+0100] {processor.py:186} INFO - Started process (PID=5059) to work on /home/mohammed/myenv/lib/python3.12/site-packages/airflow/example_dags/subdags/subdag.py
[2025-02-16T23:39:06.773+0100] {processor.py:914} INFO - Processing file /home/mohammed/myenv/lib/python3.12/site-packages/airflow/example_dags/subdags/subdag.py for tasks to queue
[2025-02-16T23:39:06.777+0100] {logging_mixin.py:190} INFO - [2025-02-16T23:39:06.776+0100] {dagbag.py:588} INFO - Filling up the DagBag from /home/mohammed/myenv/lib/python3.12/site-packages/airflow/example_dags/subdags/subdag.py
[2025-02-16T23:39:06.783+0100] {processor.py:927} WARNING - No viable dags retrieved from /home/mohammed/myenv/lib/python3.12/site-packages/airflow/example_dags/subdags/subdag.py
[2025-02-16T23:39:06.807+0100] {processor.py:208} INFO - Processing /home/mohammed/myenv/lib/python3.12/site-packages/airflow/example_dags/subdags/subdag.py took 0.054 seconds
[2025-02-16T23:40:22.218+0100] {processor.py:186} INFO - Started process (PID=5123) to work on /home/mohammed/myenv/lib/python3.12/site-packages/airflow/example_dags/subdags/subdag.py
[2025-02-16T23:40:22.224+0100] {processor.py:914} INFO - Processing file /home/mohammed/myenv/lib/python3.12/site-packages/airflow/example_dags/subdags/subdag.py for tasks to queue
[2025-02-16T23:40:22.228+0100] {logging_mixin.py:190} INFO - [2025-02-16T23:40:22.227+0100] {dagbag.py:588} INFO - Filling up the DagBag from /home/mohammed/myenv/lib/python3.12/site-packages/airflow/example_dags/subdags/subdag.py
[2025-02-16T23:40:22.232+0100] {processor.py:927} WARNING - No viable dags retrieved from /home/mohammed/myenv/lib/python3.12/site-packages/airflow/example_dags/subdags/subdag.py
[2025-02-16T23:40:22.255+0100] {processor.py:208} INFO - Processing /home/mohammed/myenv/lib/python3.12/site-packages/airflow/example_dags/subdags/subdag.py took 0.046 seconds
[2025-02-16T23:41:00.925+0100] {processor.py:186} INFO - Started process (PID=5160) to work on /home/mohammed/myenv/lib/python3.12/site-packages/airflow/example_dags/subdags/subdag.py
[2025-02-16T23:41:00.930+0100] {processor.py:914} INFO - Processing file /home/mohammed/myenv/lib/python3.12/site-packages/airflow/example_dags/subdags/subdag.py for tasks to queue
[2025-02-16T23:41:00.937+0100] {logging_mixin.py:190} INFO - [2025-02-16T23:41:00.936+0100] {dagbag.py:588} INFO - Filling up the DagBag from /home/mohammed/myenv/lib/python3.12/site-packages/airflow/example_dags/subdags/subdag.py
[2025-02-16T23:41:00.943+0100] {processor.py:927} WARNING - No viable dags retrieved from /home/mohammed/myenv/lib/python3.12/site-packages/airflow/example_dags/subdags/subdag.py
[2025-02-16T23:41:00.964+0100] {processor.py:208} INFO - Processing /home/mohammed/myenv/lib/python3.12/site-packages/airflow/example_dags/subdags/subdag.py took 0.065 seconds
[2025-02-16T23:42:14.838+0100] {processor.py:186} INFO - Started process (PID=5225) to work on /home/mohammed/myenv/lib/python3.12/site-packages/airflow/example_dags/subdags/subdag.py
[2025-02-16T23:42:14.844+0100] {processor.py:914} INFO - Processing file /home/mohammed/myenv/lib/python3.12/site-packages/airflow/example_dags/subdags/subdag.py for tasks to queue
[2025-02-16T23:42:14.849+0100] {logging_mixin.py:190} INFO - [2025-02-16T23:42:14.848+0100] {dagbag.py:588} INFO - Filling up the DagBag from /home/mohammed/myenv/lib/python3.12/site-packages/airflow/example_dags/subdags/subdag.py
[2025-02-16T23:42:14.858+0100] {processor.py:927} WARNING - No viable dags retrieved from /home/mohammed/myenv/lib/python3.12/site-packages/airflow/example_dags/subdags/subdag.py
[2025-02-16T23:42:14.894+0100] {processor.py:208} INFO - Processing /home/mohammed/myenv/lib/python3.12/site-packages/airflow/example_dags/subdags/subdag.py took 0.068 seconds
[2025-02-16T23:43:23.755+0100] {processor.py:186} INFO - Started process (PID=5287) to work on /home/mohammed/myenv/lib/python3.12/site-packages/airflow/example_dags/subdags/subdag.py
[2025-02-16T23:43:23.761+0100] {processor.py:914} INFO - Processing file /home/mohammed/myenv/lib/python3.12/site-packages/airflow/example_dags/subdags/subdag.py for tasks to queue
[2025-02-16T23:43:23.765+0100] {logging_mixin.py:190} INFO - [2025-02-16T23:43:23.764+0100] {dagbag.py:588} INFO - Filling up the DagBag from /home/mohammed/myenv/lib/python3.12/site-packages/airflow/example_dags/subdags/subdag.py
[2025-02-16T23:43:23.770+0100] {processor.py:927} WARNING - No viable dags retrieved from /home/mohammed/myenv/lib/python3.12/site-packages/airflow/example_dags/subdags/subdag.py
[2025-02-16T23:43:23.793+0100] {processor.py:208} INFO - Processing /home/mohammed/myenv/lib/python3.12/site-packages/airflow/example_dags/subdags/subdag.py took 0.051 seconds
[2025-02-16T23:44:02.531+0100] {processor.py:186} INFO - Started process (PID=5322) to work on /home/mohammed/myenv/lib/python3.12/site-packages/airflow/example_dags/subdags/subdag.py
[2025-02-16T23:44:02.538+0100] {processor.py:914} INFO - Processing file /home/mohammed/myenv/lib/python3.12/site-packages/airflow/example_dags/subdags/subdag.py for tasks to queue
[2025-02-16T23:44:02.546+0100] {logging_mixin.py:190} INFO - [2025-02-16T23:44:02.544+0100] {dagbag.py:588} INFO - Filling up the DagBag from /home/mohammed/myenv/lib/python3.12/site-packages/airflow/example_dags/subdags/subdag.py
[2025-02-16T23:44:02.555+0100] {processor.py:927} WARNING - No viable dags retrieved from /home/mohammed/myenv/lib/python3.12/site-packages/airflow/example_dags/subdags/subdag.py
[2025-02-16T23:44:02.594+0100] {processor.py:208} INFO - Processing /home/mohammed/myenv/lib/python3.12/site-packages/airflow/example_dags/subdags/subdag.py took 0.085 seconds
[2025-02-16T23:44:40.687+0100] {processor.py:186} INFO - Started process (PID=5357) to work on /home/mohammed/myenv/lib/python3.12/site-packages/airflow/example_dags/subdags/subdag.py
[2025-02-16T23:44:40.696+0100] {processor.py:914} INFO - Processing file /home/mohammed/myenv/lib/python3.12/site-packages/airflow/example_dags/subdags/subdag.py for tasks to queue
[2025-02-16T23:44:40.706+0100] {logging_mixin.py:190} INFO - [2025-02-16T23:44:40.704+0100] {dagbag.py:588} INFO - Filling up the DagBag from /home/mohammed/myenv/lib/python3.12/site-packages/airflow/example_dags/subdags/subdag.py
[2025-02-16T23:44:40.717+0100] {processor.py:927} WARNING - No viable dags retrieved from /home/mohammed/myenv/lib/python3.12/site-packages/airflow/example_dags/subdags/subdag.py
[2025-02-16T23:44:40.769+0100] {processor.py:208} INFO - Processing /home/mohammed/myenv/lib/python3.12/site-packages/airflow/example_dags/subdags/subdag.py took 0.112 seconds
[2025-02-16T23:45:53.852+0100] {processor.py:186} INFO - Started process (PID=5425) to work on /home/mohammed/myenv/lib/python3.12/site-packages/airflow/example_dags/subdags/subdag.py
[2025-02-16T23:45:53.860+0100] {processor.py:914} INFO - Processing file /home/mohammed/myenv/lib/python3.12/site-packages/airflow/example_dags/subdags/subdag.py for tasks to queue
[2025-02-16T23:45:53.867+0100] {logging_mixin.py:190} INFO - [2025-02-16T23:45:53.866+0100] {dagbag.py:588} INFO - Filling up the DagBag from /home/mohammed/myenv/lib/python3.12/site-packages/airflow/example_dags/subdags/subdag.py
[2025-02-16T23:45:53.876+0100] {processor.py:927} WARNING - No viable dags retrieved from /home/mohammed/myenv/lib/python3.12/site-packages/airflow/example_dags/subdags/subdag.py
[2025-02-16T23:45:53.917+0100] {processor.py:208} INFO - Processing /home/mohammed/myenv/lib/python3.12/site-packages/airflow/example_dags/subdags/subdag.py took 0.085 seconds
[2025-02-16T23:47:05.559+0100] {processor.py:186} INFO - Started process (PID=5489) to work on /home/mohammed/myenv/lib/python3.12/site-packages/airflow/example_dags/subdags/subdag.py
[2025-02-16T23:47:05.566+0100] {processor.py:914} INFO - Processing file /home/mohammed/myenv/lib/python3.12/site-packages/airflow/example_dags/subdags/subdag.py for tasks to queue
[2025-02-16T23:47:05.573+0100] {logging_mixin.py:190} INFO - [2025-02-16T23:47:05.572+0100] {dagbag.py:588} INFO - Filling up the DagBag from /home/mohammed/myenv/lib/python3.12/site-packages/airflow/example_dags/subdags/subdag.py
[2025-02-16T23:47:05.582+0100] {processor.py:927} WARNING - No viable dags retrieved from /home/mohammed/myenv/lib/python3.12/site-packages/airflow/example_dags/subdags/subdag.py
[2025-02-16T23:47:05.619+0100] {processor.py:208} INFO - Processing /home/mohammed/myenv/lib/python3.12/site-packages/airflow/example_dags/subdags/subdag.py took 0.080 seconds
[2025-02-16T23:48:19.358+0100] {processor.py:186} INFO - Started process (PID=5557) to work on /home/mohammed/myenv/lib/python3.12/site-packages/airflow/example_dags/subdags/subdag.py
[2025-02-16T23:48:19.366+0100] {processor.py:914} INFO - Processing file /home/mohammed/myenv/lib/python3.12/site-packages/airflow/example_dags/subdags/subdag.py for tasks to queue
[2025-02-16T23:48:19.371+0100] {logging_mixin.py:190} INFO - [2025-02-16T23:48:19.370+0100] {dagbag.py:588} INFO - Filling up the DagBag from /home/mohammed/myenv/lib/python3.12/site-packages/airflow/example_dags/subdags/subdag.py
[2025-02-16T23:48:19.377+0100] {processor.py:927} WARNING - No viable dags retrieved from /home/mohammed/myenv/lib/python3.12/site-packages/airflow/example_dags/subdags/subdag.py
[2025-02-16T23:48:19.397+0100] {processor.py:208} INFO - Processing /home/mohammed/myenv/lib/python3.12/site-packages/airflow/example_dags/subdags/subdag.py took 0.060 seconds
[2025-02-16T23:48:58.079+0100] {processor.py:186} INFO - Started process (PID=5590) to work on /home/mohammed/myenv/lib/python3.12/site-packages/airflow/example_dags/subdags/subdag.py
[2025-02-16T23:48:58.084+0100] {processor.py:914} INFO - Processing file /home/mohammed/myenv/lib/python3.12/site-packages/airflow/example_dags/subdags/subdag.py for tasks to queue
[2025-02-16T23:48:58.087+0100] {logging_mixin.py:190} INFO - [2025-02-16T23:48:58.087+0100] {dagbag.py:588} INFO - Filling up the DagBag from /home/mohammed/myenv/lib/python3.12/site-packages/airflow/example_dags/subdags/subdag.py
[2025-02-16T23:48:58.091+0100] {processor.py:927} WARNING - No viable dags retrieved from /home/mohammed/myenv/lib/python3.12/site-packages/airflow/example_dags/subdags/subdag.py
[2025-02-16T23:48:58.107+0100] {processor.py:208} INFO - Processing /home/mohammed/myenv/lib/python3.12/site-packages/airflow/example_dags/subdags/subdag.py took 0.038 seconds
[2025-02-16T23:50:12.706+0100] {processor.py:186} INFO - Started process (PID=5660) to work on /home/mohammed/myenv/lib/python3.12/site-packages/airflow/example_dags/subdags/subdag.py
[2025-02-16T23:50:12.712+0100] {processor.py:914} INFO - Processing file /home/mohammed/myenv/lib/python3.12/site-packages/airflow/example_dags/subdags/subdag.py for tasks to queue
[2025-02-16T23:50:12.717+0100] {logging_mixin.py:190} INFO - [2025-02-16T23:50:12.716+0100] {dagbag.py:588} INFO - Filling up the DagBag from /home/mohammed/myenv/lib/python3.12/site-packages/airflow/example_dags/subdags/subdag.py
[2025-02-16T23:50:12.721+0100] {processor.py:927} WARNING - No viable dags retrieved from /home/mohammed/myenv/lib/python3.12/site-packages/airflow/example_dags/subdags/subdag.py
[2025-02-16T23:50:12.742+0100] {processor.py:208} INFO - Processing /home/mohammed/myenv/lib/python3.12/site-packages/airflow/example_dags/subdags/subdag.py took 0.052 seconds
[2025-02-16T23:50:53.519+0100] {processor.py:186} INFO - Started process (PID=5703) to work on /home/mohammed/myenv/lib/python3.12/site-packages/airflow/example_dags/subdags/subdag.py
[2025-02-16T23:50:53.524+0100] {processor.py:914} INFO - Processing file /home/mohammed/myenv/lib/python3.12/site-packages/airflow/example_dags/subdags/subdag.py for tasks to queue
[2025-02-16T23:50:53.527+0100] {logging_mixin.py:190} INFO - [2025-02-16T23:50:53.526+0100] {dagbag.py:588} INFO - Filling up the DagBag from /home/mohammed/myenv/lib/python3.12/site-packages/airflow/example_dags/subdags/subdag.py
[2025-02-16T23:50:53.530+0100] {processor.py:927} WARNING - No viable dags retrieved from /home/mohammed/myenv/lib/python3.12/site-packages/airflow/example_dags/subdags/subdag.py
[2025-02-16T23:50:53.545+0100] {processor.py:208} INFO - Processing /home/mohammed/myenv/lib/python3.12/site-packages/airflow/example_dags/subdags/subdag.py took 0.035 seconds
[2025-02-16T23:51:34.123+0100] {processor.py:186} INFO - Started process (PID=5736) to work on /home/mohammed/myenv/lib/python3.12/site-packages/airflow/example_dags/subdags/subdag.py
[2025-02-16T23:51:34.126+0100] {processor.py:914} INFO - Processing file /home/mohammed/myenv/lib/python3.12/site-packages/airflow/example_dags/subdags/subdag.py for tasks to queue
[2025-02-16T23:51:34.130+0100] {logging_mixin.py:190} INFO - [2025-02-16T23:51:34.129+0100] {dagbag.py:588} INFO - Filling up the DagBag from /home/mohammed/myenv/lib/python3.12/site-packages/airflow/example_dags/subdags/subdag.py
[2025-02-16T23:51:34.134+0100] {processor.py:927} WARNING - No viable dags retrieved from /home/mohammed/myenv/lib/python3.12/site-packages/airflow/example_dags/subdags/subdag.py
[2025-02-16T23:51:34.152+0100] {processor.py:208} INFO - Processing /home/mohammed/myenv/lib/python3.12/site-packages/airflow/example_dags/subdags/subdag.py took 0.047 seconds
[2025-02-16T23:52:16.625+0100] {processor.py:186} INFO - Started process (PID=5771) to work on /home/mohammed/myenv/lib/python3.12/site-packages/airflow/example_dags/subdags/subdag.py
[2025-02-16T23:52:16.633+0100] {processor.py:914} INFO - Processing file /home/mohammed/myenv/lib/python3.12/site-packages/airflow/example_dags/subdags/subdag.py for tasks to queue
[2025-02-16T23:52:16.640+0100] {logging_mixin.py:190} INFO - [2025-02-16T23:52:16.639+0100] {dagbag.py:588} INFO - Filling up the DagBag from /home/mohammed/myenv/lib/python3.12/site-packages/airflow/example_dags/subdags/subdag.py
[2025-02-16T23:52:16.649+0100] {processor.py:927} WARNING - No viable dags retrieved from /home/mohammed/myenv/lib/python3.12/site-packages/airflow/example_dags/subdags/subdag.py
[2025-02-16T23:52:16.688+0100] {processor.py:208} INFO - Processing /home/mohammed/myenv/lib/python3.12/site-packages/airflow/example_dags/subdags/subdag.py took 0.085 seconds
[2025-02-16T23:53:31.766+0100] {processor.py:186} INFO - Started process (PID=5837) to work on /home/mohammed/myenv/lib/python3.12/site-packages/airflow/example_dags/subdags/subdag.py
[2025-02-16T23:53:31.773+0100] {processor.py:914} INFO - Processing file /home/mohammed/myenv/lib/python3.12/site-packages/airflow/example_dags/subdags/subdag.py for tasks to queue
[2025-02-16T23:53:31.779+0100] {logging_mixin.py:190} INFO - [2025-02-16T23:53:31.778+0100] {dagbag.py:588} INFO - Filling up the DagBag from /home/mohammed/myenv/lib/python3.12/site-packages/airflow/example_dags/subdags/subdag.py
[2025-02-16T23:53:31.785+0100] {processor.py:927} WARNING - No viable dags retrieved from /home/mohammed/myenv/lib/python3.12/site-packages/airflow/example_dags/subdags/subdag.py
[2025-02-16T23:53:31.816+0100] {processor.py:208} INFO - Processing /home/mohammed/myenv/lib/python3.12/site-packages/airflow/example_dags/subdags/subdag.py took 0.066 seconds
[2025-02-16T23:54:41.075+0100] {processor.py:186} INFO - Started process (PID=5900) to work on /home/mohammed/myenv/lib/python3.12/site-packages/airflow/example_dags/subdags/subdag.py
[2025-02-16T23:54:41.080+0100] {processor.py:914} INFO - Processing file /home/mohammed/myenv/lib/python3.12/site-packages/airflow/example_dags/subdags/subdag.py for tasks to queue
[2025-02-16T23:54:41.082+0100] {logging_mixin.py:190} INFO - [2025-02-16T23:54:41.082+0100] {dagbag.py:588} INFO - Filling up the DagBag from /home/mohammed/myenv/lib/python3.12/site-packages/airflow/example_dags/subdags/subdag.py
[2025-02-16T23:54:41.085+0100] {processor.py:927} WARNING - No viable dags retrieved from /home/mohammed/myenv/lib/python3.12/site-packages/airflow/example_dags/subdags/subdag.py
[2025-02-16T23:54:41.098+0100] {processor.py:208} INFO - Processing /home/mohammed/myenv/lib/python3.12/site-packages/airflow/example_dags/subdags/subdag.py took 0.030 seconds
[2025-02-16T23:55:18.160+0100] {processor.py:186} INFO - Started process (PID=5933) to work on /home/mohammed/myenv/lib/python3.12/site-packages/airflow/example_dags/subdags/subdag.py
[2025-02-16T23:55:18.166+0100] {processor.py:914} INFO - Processing file /home/mohammed/myenv/lib/python3.12/site-packages/airflow/example_dags/subdags/subdag.py for tasks to queue
[2025-02-16T23:55:18.170+0100] {logging_mixin.py:190} INFO - [2025-02-16T23:55:18.169+0100] {dagbag.py:588} INFO - Filling up the DagBag from /home/mohammed/myenv/lib/python3.12/site-packages/airflow/example_dags/subdags/subdag.py
[2025-02-16T23:55:18.177+0100] {processor.py:927} WARNING - No viable dags retrieved from /home/mohammed/myenv/lib/python3.12/site-packages/airflow/example_dags/subdags/subdag.py
[2025-02-16T23:55:18.202+0100] {processor.py:208} INFO - Processing /home/mohammed/myenv/lib/python3.12/site-packages/airflow/example_dags/subdags/subdag.py took 0.055 seconds
[2025-02-16T23:55:55.937+0100] {processor.py:186} INFO - Started process (PID=5968) to work on /home/mohammed/myenv/lib/python3.12/site-packages/airflow/example_dags/subdags/subdag.py
[2025-02-16T23:55:55.945+0100] {processor.py:914} INFO - Processing file /home/mohammed/myenv/lib/python3.12/site-packages/airflow/example_dags/subdags/subdag.py for tasks to queue
[2025-02-16T23:55:55.952+0100] {logging_mixin.py:190} INFO - [2025-02-16T23:55:55.951+0100] {dagbag.py:588} INFO - Filling up the DagBag from /home/mohammed/myenv/lib/python3.12/site-packages/airflow/example_dags/subdags/subdag.py
[2025-02-16T23:55:55.961+0100] {processor.py:927} WARNING - No viable dags retrieved from /home/mohammed/myenv/lib/python3.12/site-packages/airflow/example_dags/subdags/subdag.py
[2025-02-16T23:55:56.000+0100] {processor.py:208} INFO - Processing /home/mohammed/myenv/lib/python3.12/site-packages/airflow/example_dags/subdags/subdag.py took 0.083 seconds
[2025-02-16T23:56:35.786+0100] {processor.py:186} INFO - Started process (PID=6003) to work on /home/mohammed/myenv/lib/python3.12/site-packages/airflow/example_dags/subdags/subdag.py
[2025-02-16T23:56:35.793+0100] {processor.py:914} INFO - Processing file /home/mohammed/myenv/lib/python3.12/site-packages/airflow/example_dags/subdags/subdag.py for tasks to queue
[2025-02-16T23:56:35.798+0100] {logging_mixin.py:190} INFO - [2025-02-16T23:56:35.797+0100] {dagbag.py:588} INFO - Filling up the DagBag from /home/mohammed/myenv/lib/python3.12/site-packages/airflow/example_dags/subdags/subdag.py
[2025-02-16T23:56:35.803+0100] {processor.py:927} WARNING - No viable dags retrieved from /home/mohammed/myenv/lib/python3.12/site-packages/airflow/example_dags/subdags/subdag.py
[2025-02-16T23:56:35.824+0100] {processor.py:208} INFO - Processing /home/mohammed/myenv/lib/python3.12/site-packages/airflow/example_dags/subdags/subdag.py took 0.059 seconds
[2025-02-16T23:57:15.290+0100] {processor.py:186} INFO - Started process (PID=6036) to work on /home/mohammed/myenv/lib/python3.12/site-packages/airflow/example_dags/subdags/subdag.py
[2025-02-16T23:57:15.299+0100] {processor.py:914} INFO - Processing file /home/mohammed/myenv/lib/python3.12/site-packages/airflow/example_dags/subdags/subdag.py for tasks to queue
[2025-02-16T23:57:15.307+0100] {logging_mixin.py:190} INFO - [2025-02-16T23:57:15.305+0100] {dagbag.py:588} INFO - Filling up the DagBag from /home/mohammed/myenv/lib/python3.12/site-packages/airflow/example_dags/subdags/subdag.py
[2025-02-16T23:57:15.316+0100] {processor.py:927} WARNING - No viable dags retrieved from /home/mohammed/myenv/lib/python3.12/site-packages/airflow/example_dags/subdags/subdag.py
[2025-02-16T23:57:15.358+0100] {processor.py:208} INFO - Processing /home/mohammed/myenv/lib/python3.12/site-packages/airflow/example_dags/subdags/subdag.py took 0.089 seconds
[2025-02-16T23:57:56.548+0100] {processor.py:186} INFO - Started process (PID=6070) to work on /home/mohammed/myenv/lib/python3.12/site-packages/airflow/example_dags/subdags/subdag.py
[2025-02-16T23:57:56.554+0100] {processor.py:914} INFO - Processing file /home/mohammed/myenv/lib/python3.12/site-packages/airflow/example_dags/subdags/subdag.py for tasks to queue
[2025-02-16T23:57:56.560+0100] {logging_mixin.py:190} INFO - [2025-02-16T23:57:56.559+0100] {dagbag.py:588} INFO - Filling up the DagBag from /home/mohammed/myenv/lib/python3.12/site-packages/airflow/example_dags/subdags/subdag.py
[2025-02-16T23:57:56.569+0100] {processor.py:927} WARNING - No viable dags retrieved from /home/mohammed/myenv/lib/python3.12/site-packages/airflow/example_dags/subdags/subdag.py
[2025-02-16T23:57:56.609+0100] {processor.py:208} INFO - Processing /home/mohammed/myenv/lib/python3.12/site-packages/airflow/example_dags/subdags/subdag.py took 0.069 seconds
[2025-02-16T23:59:11.425+0100] {processor.py:186} INFO - Started process (PID=6138) to work on /home/mohammed/myenv/lib/python3.12/site-packages/airflow/example_dags/subdags/subdag.py
[2025-02-16T23:59:11.434+0100] {processor.py:914} INFO - Processing file /home/mohammed/myenv/lib/python3.12/site-packages/airflow/example_dags/subdags/subdag.py for tasks to queue
[2025-02-16T23:59:11.443+0100] {logging_mixin.py:190} INFO - [2025-02-16T23:59:11.442+0100] {dagbag.py:588} INFO - Filling up the DagBag from /home/mohammed/myenv/lib/python3.12/site-packages/airflow/example_dags/subdags/subdag.py
[2025-02-16T23:59:11.453+0100] {processor.py:927} WARNING - No viable dags retrieved from /home/mohammed/myenv/lib/python3.12/site-packages/airflow/example_dags/subdags/subdag.py
[2025-02-16T23:59:11.494+0100] {processor.py:208} INFO - Processing /home/mohammed/myenv/lib/python3.12/site-packages/airflow/example_dags/subdags/subdag.py took 0.094 seconds
[2025-02-16T23:59:51.341+0100] {processor.py:186} INFO - Started process (PID=6173) to work on /home/mohammed/myenv/lib/python3.12/site-packages/airflow/example_dags/subdags/subdag.py
[2025-02-16T23:59:51.348+0100] {processor.py:914} INFO - Processing file /home/mohammed/myenv/lib/python3.12/site-packages/airflow/example_dags/subdags/subdag.py for tasks to queue
[2025-02-16T23:59:51.352+0100] {logging_mixin.py:190} INFO - [2025-02-16T23:59:51.351+0100] {dagbag.py:588} INFO - Filling up the DagBag from /home/mohammed/myenv/lib/python3.12/site-packages/airflow/example_dags/subdags/subdag.py
[2025-02-16T23:59:51.358+0100] {processor.py:927} WARNING - No viable dags retrieved from /home/mohammed/myenv/lib/python3.12/site-packages/airflow/example_dags/subdags/subdag.py
[2025-02-16T23:59:51.385+0100] {processor.py:208} INFO - Processing /home/mohammed/myenv/lib/python3.12/site-packages/airflow/example_dags/subdags/subdag.py took 0.055 seconds
[2025-02-17T00:01:04.788+0100] {processor.py:186} INFO - Started process (PID=6294) to work on /home/mohammed/myenv/lib/python3.12/site-packages/airflow/example_dags/subdags/subdag.py
[2025-02-17T00:01:04.794+0100] {processor.py:914} INFO - Processing file /home/mohammed/myenv/lib/python3.12/site-packages/airflow/example_dags/subdags/subdag.py for tasks to queue
[2025-02-17T00:01:04.799+0100] {logging_mixin.py:190} INFO - [2025-02-17T00:01:04.798+0100] {dagbag.py:588} INFO - Filling up the DagBag from /home/mohammed/myenv/lib/python3.12/site-packages/airflow/example_dags/subdags/subdag.py
[2025-02-17T00:01:04.803+0100] {processor.py:927} WARNING - No viable dags retrieved from /home/mohammed/myenv/lib/python3.12/site-packages/airflow/example_dags/subdags/subdag.py
[2025-02-17T00:01:04.826+0100] {processor.py:208} INFO - Processing /home/mohammed/myenv/lib/python3.12/site-packages/airflow/example_dags/subdags/subdag.py took 0.050 seconds
[2025-02-17T00:01:45.006+0100] {processor.py:186} INFO - Started process (PID=6328) to work on /home/mohammed/myenv/lib/python3.12/site-packages/airflow/example_dags/subdags/subdag.py
[2025-02-17T00:01:45.012+0100] {processor.py:914} INFO - Processing file /home/mohammed/myenv/lib/python3.12/site-packages/airflow/example_dags/subdags/subdag.py for tasks to queue
[2025-02-17T00:01:45.017+0100] {logging_mixin.py:190} INFO - [2025-02-17T00:01:45.016+0100] {dagbag.py:588} INFO - Filling up the DagBag from /home/mohammed/myenv/lib/python3.12/site-packages/airflow/example_dags/subdags/subdag.py
[2025-02-17T00:01:45.023+0100] {processor.py:927} WARNING - No viable dags retrieved from /home/mohammed/myenv/lib/python3.12/site-packages/airflow/example_dags/subdags/subdag.py
[2025-02-17T00:01:45.048+0100] {processor.py:208} INFO - Processing /home/mohammed/myenv/lib/python3.12/site-packages/airflow/example_dags/subdags/subdag.py took 0.056 seconds
[2025-02-17T00:02:57.194+0100] {processor.py:186} INFO - Started process (PID=6395) to work on /home/mohammed/myenv/lib/python3.12/site-packages/airflow/example_dags/subdags/subdag.py
[2025-02-17T00:02:57.199+0100] {processor.py:914} INFO - Processing file /home/mohammed/myenv/lib/python3.12/site-packages/airflow/example_dags/subdags/subdag.py for tasks to queue
[2025-02-17T00:02:57.203+0100] {logging_mixin.py:190} INFO - [2025-02-17T00:02:57.203+0100] {dagbag.py:588} INFO - Filling up the DagBag from /home/mohammed/myenv/lib/python3.12/site-packages/airflow/example_dags/subdags/subdag.py
[2025-02-17T00:02:57.208+0100] {processor.py:927} WARNING - No viable dags retrieved from /home/mohammed/myenv/lib/python3.12/site-packages/airflow/example_dags/subdags/subdag.py
[2025-02-17T00:02:57.229+0100] {processor.py:208} INFO - Processing /home/mohammed/myenv/lib/python3.12/site-packages/airflow/example_dags/subdags/subdag.py took 0.046 seconds
[2025-02-17T00:03:38.620+0100] {processor.py:186} INFO - Started process (PID=6428) to work on /home/mohammed/myenv/lib/python3.12/site-packages/airflow/example_dags/subdags/subdag.py
[2025-02-17T00:03:38.623+0100] {processor.py:914} INFO - Processing file /home/mohammed/myenv/lib/python3.12/site-packages/airflow/example_dags/subdags/subdag.py for tasks to queue
[2025-02-17T00:03:38.628+0100] {logging_mixin.py:190} INFO - [2025-02-17T00:03:38.627+0100] {dagbag.py:588} INFO - Filling up the DagBag from /home/mohammed/myenv/lib/python3.12/site-packages/airflow/example_dags/subdags/subdag.py
[2025-02-17T00:03:38.633+0100] {processor.py:927} WARNING - No viable dags retrieved from /home/mohammed/myenv/lib/python3.12/site-packages/airflow/example_dags/subdags/subdag.py
[2025-02-17T00:03:38.656+0100] {processor.py:208} INFO - Processing /home/mohammed/myenv/lib/python3.12/site-packages/airflow/example_dags/subdags/subdag.py took 0.047 seconds
[2025-02-17T00:04:17.873+0100] {processor.py:186} INFO - Started process (PID=6462) to work on /home/mohammed/myenv/lib/python3.12/site-packages/airflow/example_dags/subdags/subdag.py
[2025-02-17T00:04:17.875+0100] {processor.py:914} INFO - Processing file /home/mohammed/myenv/lib/python3.12/site-packages/airflow/example_dags/subdags/subdag.py for tasks to queue
[2025-02-17T00:04:17.879+0100] {logging_mixin.py:190} INFO - [2025-02-17T00:04:17.879+0100] {dagbag.py:588} INFO - Filling up the DagBag from /home/mohammed/myenv/lib/python3.12/site-packages/airflow/example_dags/subdags/subdag.py
[2025-02-17T00:04:17.883+0100] {processor.py:927} WARNING - No viable dags retrieved from /home/mohammed/myenv/lib/python3.12/site-packages/airflow/example_dags/subdags/subdag.py
[2025-02-17T00:04:17.901+0100] {processor.py:208} INFO - Processing /home/mohammed/myenv/lib/python3.12/site-packages/airflow/example_dags/subdags/subdag.py took 0.037 seconds
[2025-02-17T00:04:56.014+0100] {processor.py:186} INFO - Started process (PID=6496) to work on /home/mohammed/myenv/lib/python3.12/site-packages/airflow/example_dags/subdags/subdag.py
[2025-02-17T00:04:56.015+0100] {processor.py:914} INFO - Processing file /home/mohammed/myenv/lib/python3.12/site-packages/airflow/example_dags/subdags/subdag.py for tasks to queue
[2025-02-17T00:04:56.019+0100] {logging_mixin.py:190} INFO - [2025-02-17T00:04:56.018+0100] {dagbag.py:588} INFO - Filling up the DagBag from /home/mohammed/myenv/lib/python3.12/site-packages/airflow/example_dags/subdags/subdag.py
[2025-02-17T00:04:56.023+0100] {processor.py:927} WARNING - No viable dags retrieved from /home/mohammed/myenv/lib/python3.12/site-packages/airflow/example_dags/subdags/subdag.py
[2025-02-17T00:04:56.044+0100] {processor.py:208} INFO - Processing /home/mohammed/myenv/lib/python3.12/site-packages/airflow/example_dags/subdags/subdag.py took 0.040 seconds
[2025-02-17T00:06:07.876+0100] {processor.py:186} INFO - Started process (PID=6563) to work on /home/mohammed/myenv/lib/python3.12/site-packages/airflow/example_dags/subdags/subdag.py
[2025-02-17T00:06:07.883+0100] {processor.py:914} INFO - Processing file /home/mohammed/myenv/lib/python3.12/site-packages/airflow/example_dags/subdags/subdag.py for tasks to queue
[2025-02-17T00:06:07.887+0100] {logging_mixin.py:190} INFO - [2025-02-17T00:06:07.886+0100] {dagbag.py:588} INFO - Filling up the DagBag from /home/mohammed/myenv/lib/python3.12/site-packages/airflow/example_dags/subdags/subdag.py
[2025-02-17T00:06:07.892+0100] {processor.py:927} WARNING - No viable dags retrieved from /home/mohammed/myenv/lib/python3.12/site-packages/airflow/example_dags/subdags/subdag.py
[2025-02-17T00:06:07.914+0100] {processor.py:208} INFO - Processing /home/mohammed/myenv/lib/python3.12/site-packages/airflow/example_dags/subdags/subdag.py took 0.052 seconds
[2025-02-17T00:07:21.573+0100] {processor.py:186} INFO - Started process (PID=6627) to work on /home/mohammed/myenv/lib/python3.12/site-packages/airflow/example_dags/subdags/subdag.py
[2025-02-17T00:07:21.580+0100] {processor.py:914} INFO - Processing file /home/mohammed/myenv/lib/python3.12/site-packages/airflow/example_dags/subdags/subdag.py for tasks to queue
[2025-02-17T00:07:21.584+0100] {logging_mixin.py:190} INFO - [2025-02-17T00:07:21.583+0100] {dagbag.py:588} INFO - Filling up the DagBag from /home/mohammed/myenv/lib/python3.12/site-packages/airflow/example_dags/subdags/subdag.py
[2025-02-17T00:07:21.589+0100] {processor.py:927} WARNING - No viable dags retrieved from /home/mohammed/myenv/lib/python3.12/site-packages/airflow/example_dags/subdags/subdag.py
[2025-02-17T00:07:21.611+0100] {processor.py:208} INFO - Processing /home/mohammed/myenv/lib/python3.12/site-packages/airflow/example_dags/subdags/subdag.py took 0.055 seconds
[2025-02-17T00:08:01.057+0100] {processor.py:186} INFO - Started process (PID=6660) to work on /home/mohammed/myenv/lib/python3.12/site-packages/airflow/example_dags/subdags/subdag.py
[2025-02-17T00:08:01.065+0100] {processor.py:914} INFO - Processing file /home/mohammed/myenv/lib/python3.12/site-packages/airflow/example_dags/subdags/subdag.py for tasks to queue
[2025-02-17T00:08:01.073+0100] {logging_mixin.py:190} INFO - [2025-02-17T00:08:01.071+0100] {dagbag.py:588} INFO - Filling up the DagBag from /home/mohammed/myenv/lib/python3.12/site-packages/airflow/example_dags/subdags/subdag.py
[2025-02-17T00:08:01.082+0100] {processor.py:927} WARNING - No viable dags retrieved from /home/mohammed/myenv/lib/python3.12/site-packages/airflow/example_dags/subdags/subdag.py
[2025-02-17T00:08:01.122+0100] {processor.py:208} INFO - Processing /home/mohammed/myenv/lib/python3.12/site-packages/airflow/example_dags/subdags/subdag.py took 0.085 seconds
[2025-02-17T00:08:40.496+0100] {processor.py:186} INFO - Started process (PID=6725) to work on /home/mohammed/myenv/lib/python3.12/site-packages/airflow/example_dags/subdags/subdag.py
[2025-02-17T00:08:40.503+0100] {processor.py:914} INFO - Processing file /home/mohammed/myenv/lib/python3.12/site-packages/airflow/example_dags/subdags/subdag.py for tasks to queue
[2025-02-17T00:08:40.511+0100] {logging_mixin.py:190} INFO - [2025-02-17T00:08:40.509+0100] {dagbag.py:588} INFO - Filling up the DagBag from /home/mohammed/myenv/lib/python3.12/site-packages/airflow/example_dags/subdags/subdag.py
[2025-02-17T00:08:40.518+0100] {processor.py:927} WARNING - No viable dags retrieved from /home/mohammed/myenv/lib/python3.12/site-packages/airflow/example_dags/subdags/subdag.py
[2025-02-17T00:08:40.542+0100] {processor.py:208} INFO - Processing /home/mohammed/myenv/lib/python3.12/site-packages/airflow/example_dags/subdags/subdag.py took 0.068 seconds
[2025-02-17T00:09:51.453+0100] {processor.py:186} INFO - Started process (PID=6786) to work on /home/mohammed/myenv/lib/python3.12/site-packages/airflow/example_dags/subdags/subdag.py
[2025-02-17T00:09:51.460+0100] {processor.py:914} INFO - Processing file /home/mohammed/myenv/lib/python3.12/site-packages/airflow/example_dags/subdags/subdag.py for tasks to queue
[2025-02-17T00:09:51.468+0100] {logging_mixin.py:190} INFO - [2025-02-17T00:09:51.467+0100] {dagbag.py:588} INFO - Filling up the DagBag from /home/mohammed/myenv/lib/python3.12/site-packages/airflow/example_dags/subdags/subdag.py
[2025-02-17T00:09:51.477+0100] {processor.py:927} WARNING - No viable dags retrieved from /home/mohammed/myenv/lib/python3.12/site-packages/airflow/example_dags/subdags/subdag.py
[2025-02-17T00:09:51.514+0100] {processor.py:208} INFO - Processing /home/mohammed/myenv/lib/python3.12/site-packages/airflow/example_dags/subdags/subdag.py took 0.078 seconds
[2025-02-17T00:10:31.314+0100] {processor.py:186} INFO - Started process (PID=6821) to work on /home/mohammed/myenv/lib/python3.12/site-packages/airflow/example_dags/subdags/subdag.py
[2025-02-17T00:10:31.319+0100] {processor.py:914} INFO - Processing file /home/mohammed/myenv/lib/python3.12/site-packages/airflow/example_dags/subdags/subdag.py for tasks to queue
[2025-02-17T00:10:31.323+0100] {logging_mixin.py:190} INFO - [2025-02-17T00:10:31.322+0100] {dagbag.py:588} INFO - Filling up the DagBag from /home/mohammed/myenv/lib/python3.12/site-packages/airflow/example_dags/subdags/subdag.py
[2025-02-17T00:10:31.326+0100] {processor.py:927} WARNING - No viable dags retrieved from /home/mohammed/myenv/lib/python3.12/site-packages/airflow/example_dags/subdags/subdag.py
[2025-02-17T00:10:31.343+0100] {processor.py:208} INFO - Processing /home/mohammed/myenv/lib/python3.12/site-packages/airflow/example_dags/subdags/subdag.py took 0.039 seconds
[2025-02-17T00:11:09.953+0100] {processor.py:186} INFO - Started process (PID=6857) to work on /home/mohammed/myenv/lib/python3.12/site-packages/airflow/example_dags/subdags/subdag.py
[2025-02-17T00:11:09.955+0100] {processor.py:914} INFO - Processing file /home/mohammed/myenv/lib/python3.12/site-packages/airflow/example_dags/subdags/subdag.py for tasks to queue
[2025-02-17T00:11:09.959+0100] {logging_mixin.py:190} INFO - [2025-02-17T00:11:09.959+0100] {dagbag.py:588} INFO - Filling up the DagBag from /home/mohammed/myenv/lib/python3.12/site-packages/airflow/example_dags/subdags/subdag.py
[2025-02-17T00:11:09.965+0100] {processor.py:927} WARNING - No viable dags retrieved from /home/mohammed/myenv/lib/python3.12/site-packages/airflow/example_dags/subdags/subdag.py
[2025-02-17T00:11:09.988+0100] {processor.py:208} INFO - Processing /home/mohammed/myenv/lib/python3.12/site-packages/airflow/example_dags/subdags/subdag.py took 0.050 seconds
[2025-02-17T00:11:49.708+0100] {processor.py:186} INFO - Started process (PID=6896) to work on /home/mohammed/myenv/lib/python3.12/site-packages/airflow/example_dags/subdags/subdag.py
[2025-02-17T00:11:49.715+0100] {processor.py:914} INFO - Processing file /home/mohammed/myenv/lib/python3.12/site-packages/airflow/example_dags/subdags/subdag.py for tasks to queue
[2025-02-17T00:11:49.719+0100] {logging_mixin.py:190} INFO - [2025-02-17T00:11:49.718+0100] {dagbag.py:588} INFO - Filling up the DagBag from /home/mohammed/myenv/lib/python3.12/site-packages/airflow/example_dags/subdags/subdag.py
[2025-02-17T00:11:49.724+0100] {processor.py:927} WARNING - No viable dags retrieved from /home/mohammed/myenv/lib/python3.12/site-packages/airflow/example_dags/subdags/subdag.py
[2025-02-17T00:11:49.746+0100] {processor.py:208} INFO - Processing /home/mohammed/myenv/lib/python3.12/site-packages/airflow/example_dags/subdags/subdag.py took 0.049 seconds
[2025-02-17T00:12:29.185+0100] {processor.py:186} INFO - Started process (PID=6929) to work on /home/mohammed/myenv/lib/python3.12/site-packages/airflow/example_dags/subdags/subdag.py
[2025-02-17T00:12:29.191+0100] {processor.py:914} INFO - Processing file /home/mohammed/myenv/lib/python3.12/site-packages/airflow/example_dags/subdags/subdag.py for tasks to queue
[2025-02-17T00:12:29.196+0100] {logging_mixin.py:190} INFO - [2025-02-17T00:12:29.195+0100] {dagbag.py:588} INFO - Filling up the DagBag from /home/mohammed/myenv/lib/python3.12/site-packages/airflow/example_dags/subdags/subdag.py
[2025-02-17T00:12:29.202+0100] {processor.py:927} WARNING - No viable dags retrieved from /home/mohammed/myenv/lib/python3.12/site-packages/airflow/example_dags/subdags/subdag.py
[2025-02-17T00:12:29.223+0100] {processor.py:208} INFO - Processing /home/mohammed/myenv/lib/python3.12/site-packages/airflow/example_dags/subdags/subdag.py took 0.054 seconds
[2025-02-17T00:13:08.966+0100] {processor.py:186} INFO - Started process (PID=6961) to work on /home/mohammed/myenv/lib/python3.12/site-packages/airflow/example_dags/subdags/subdag.py
[2025-02-17T00:13:08.971+0100] {processor.py:914} INFO - Processing file /home/mohammed/myenv/lib/python3.12/site-packages/airflow/example_dags/subdags/subdag.py for tasks to queue
[2025-02-17T00:13:08.981+0100] {logging_mixin.py:190} INFO - [2025-02-17T00:13:08.979+0100] {dagbag.py:588} INFO - Filling up the DagBag from /home/mohammed/myenv/lib/python3.12/site-packages/airflow/example_dags/subdags/subdag.py
[2025-02-17T00:13:08.992+0100] {processor.py:927} WARNING - No viable dags retrieved from /home/mohammed/myenv/lib/python3.12/site-packages/airflow/example_dags/subdags/subdag.py
[2025-02-17T00:13:09.044+0100] {processor.py:208} INFO - Processing /home/mohammed/myenv/lib/python3.12/site-packages/airflow/example_dags/subdags/subdag.py took 0.104 seconds
