[2025-03-18T18:22:38.233+0000] {local_task_job_runner.py:123} INFO - ::group::Pre task execution logs
[2025-03-18T18:22:38.400+0000] {taskinstance.py:2614} INFO - Dependencies all met for dep_context=non-requeueable deps ti=<TaskInstance: load_dbt_clean_reviews_pipeline.dbt_run scheduled__2024-08-11T00:00:00+00:00 [queued]>
[2025-03-18T18:22:38.448+0000] {taskinstance.py:2614} INFO - Dependencies all met for dep_context=requeueable deps ti=<TaskInstance: load_dbt_clean_reviews_pipeline.dbt_run scheduled__2024-08-11T00:00:00+00:00 [queued]>
[2025-03-18T18:22:38.450+0000] {taskinstance.py:2867} INFO - Starting attempt 1 of 2
[2025-03-18T18:22:38.558+0000] {taskinstance.py:2890} INFO - Executing <Task(BashOperator): dbt_run> on 2024-08-11 00:00:00+00:00
[2025-03-18T18:22:38.569+0000] {standard_task_runner.py:72} INFO - Started process 14400 to run task
[2025-03-18T18:22:38.593+0000] {standard_task_runner.py:104} INFO - Running: ['airflow', 'tasks', 'run', 'load_dbt_clean_reviews_pipeline', 'dbt_run', 'scheduled__2024-08-11T00:00:00+00:00', '--job-id', '973', '--raw', '--subdir', 'DAGS_FOLDER/dag_load_reviews.py', '--cfg-path', '/tmp/tmp14wswf6w']
[2025-03-18T18:22:38.600+0000] {standard_task_runner.py:105} INFO - Job 973: Subtask dbt_run
[2025-03-18T18:22:38.950+0000] {task_command.py:467} INFO - Running <TaskInstance: load_dbt_clean_reviews_pipeline.dbt_run scheduled__2024-08-11T00:00:00+00:00 [running]> on host DESKTOP-IM7V4RI.
[2025-03-18T18:22:39.518+0000] {taskinstance.py:3134} INFO - Exporting env vars: AIRFLOW_CTX_DAG_OWNER='mohammed' AIRFLOW_CTX_DAG_ID='load_dbt_clean_reviews_pipeline' AIRFLOW_CTX_TASK_ID='dbt_run' AIRFLOW_CTX_EXECUTION_DATE='2024-08-11T00:00:00+00:00' AIRFLOW_CTX_TRY_NUMBER='1' AIRFLOW_CTX_DAG_RUN_ID='scheduled__2024-08-11T00:00:00+00:00'
[2025-03-18T18:22:39.520+0000] {logging_mixin.py:190} INFO - Task instance is in running state
[2025-03-18T18:22:39.521+0000] {logging_mixin.py:190} INFO -  Previous state of the Task instance: queued
[2025-03-18T18:22:39.522+0000] {logging_mixin.py:190} INFO - Current task name:dbt_run state:running start_date:2025-03-18 18:22:38.408510+00:00
[2025-03-18T18:22:39.523+0000] {logging_mixin.py:190} INFO - Dag name:load_dbt_clean_reviews_pipeline and current dag run status:running
[2025-03-18T18:22:39.524+0000] {taskinstance.py:732} INFO - ::endgroup::
[2025-03-18T18:22:39.527+0000] {subprocess.py:78} INFO - Tmp dir root location: /tmp
[2025-03-18T18:22:39.560+0000] {subprocess.py:88} INFO - Running command: ['/usr/bin/bash', '-c', 'cd /home/mohammed/.dbt/dbt_projects/bank_reviews_transactional && dbt run']
[2025-03-18T18:22:39.601+0000] {subprocess.py:99} INFO - Output:
[2025-03-18T18:22:56.802+0000] {subprocess.py:106} INFO - [0m18:22:56  Running with dbt=1.9.3
[2025-03-18T18:22:59.610+0000] {subprocess.py:106} INFO - [0m18:22:59  Registered adapter: postgres=1.9.0
[2025-03-18T18:23:01.604+0000] {subprocess.py:106} INFO - [0m18:23:01  [[33mWARNING[0m]: Configuration paths exist in your dbt_project.yml file which do not apply to any resources.
[2025-03-18T18:23:01.605+0000] {subprocess.py:106} INFO - There are 1 unused configuration paths:
[2025-03-18T18:23:01.606+0000] {subprocess.py:106} INFO - - models.bank_reviews_transactional.transactional
[2025-03-18T18:23:03.068+0000] {subprocess.py:106} INFO - [0m18:23:03  Found 1 model, 1 source, 433 macros
[2025-03-18T18:23:03.080+0000] {subprocess.py:106} INFO - [0m18:23:03
[2025-03-18T18:23:03.082+0000] {subprocess.py:106} INFO - [0m18:23:03  Concurrency: 4 threads (target='dev')
[2025-03-18T18:23:03.084+0000] {subprocess.py:106} INFO - [0m18:23:03
[2025-03-18T18:23:04.055+0000] {subprocess.py:106} INFO - [0m18:23:04  1 of 1 START sql table model transactional.clean_reviews ....................... [RUN]
[2025-03-18T18:23:06.566+0000] {subprocess.py:106} INFO - [0m18:23:06  1 of 1 OK created sql table model transactional.clean_reviews .................. [[32mSELECT 549[0m in 2.50s]
[2025-03-18T18:23:06.715+0000] {subprocess.py:106} INFO - [0m18:23:06
[2025-03-18T18:23:06.717+0000] {subprocess.py:106} INFO - [0m18:23:06  Finished running 1 table model in 0 hours 0 minutes and 3.63 seconds (3.63s).
[2025-03-18T18:23:06.952+0000] {subprocess.py:106} INFO - [0m18:23:06
[2025-03-18T18:23:06.954+0000] {subprocess.py:106} INFO - [0m18:23:06  [32mCompleted successfully[0m
[2025-03-18T18:23:06.956+0000] {subprocess.py:106} INFO - [0m18:23:06
[2025-03-18T18:23:06.958+0000] {subprocess.py:106} INFO - [0m18:23:06  Done. PASS=1 WARN=0 ERROR=0 SKIP=0 TOTAL=1
[2025-03-18T18:23:10.108+0000] {subprocess.py:110} INFO - Command exited with return code 0
[2025-03-18T18:23:10.304+0000] {taskinstance.py:341} INFO - ::group::Post task execution logs
[2025-03-18T18:23:10.305+0000] {taskinstance.py:353} INFO - Marking task as SUCCESS. dag_id=load_dbt_clean_reviews_pipeline, task_id=dbt_run, run_id=scheduled__2024-08-11T00:00:00+00:00, execution_date=20240811T000000, start_date=20250318T182238, end_date=20250318T182310
[2025-03-18T18:23:10.452+0000] {logging_mixin.py:190} INFO - Task instance in success state
[2025-03-18T18:23:10.453+0000] {logging_mixin.py:190} INFO -  Previous state of the Task instance: running
[2025-03-18T18:23:10.454+0000] {logging_mixin.py:190} INFO - Dag name:load_dbt_clean_reviews_pipeline queued_at:2025-03-18 18:22:35.104844+00:00
[2025-03-18T18:23:10.455+0000] {logging_mixin.py:190} INFO - Task hostname:DESKTOP-IM7V4RI. operator:BashOperator
[2025-03-18T18:23:10.519+0000] {local_task_job_runner.py:266} INFO - Task exited with return code 0
[2025-03-18T18:23:10.606+0000] {taskinstance.py:3901} INFO - 0 downstream tasks scheduled from follow-on schedule check
[2025-03-18T18:23:10.617+0000] {local_task_job_runner.py:245} INFO - ::endgroup::
