[2025-03-17T01:11:40.111+0000] {local_task_job_runner.py:123} INFO - ::group::Pre task execution logs
[2025-03-17T01:11:40.149+0000] {taskinstance.py:2614} INFO - Dependencies all met for dep_context=non-requeueable deps ti=<TaskInstance: load_reviews_pipeline.dbt_run scheduled__2024-12-24T00:00:00+00:00 [queued]>
[2025-03-17T01:11:40.164+0000] {taskinstance.py:2614} INFO - Dependencies all met for dep_context=requeueable deps ti=<TaskInstance: load_reviews_pipeline.dbt_run scheduled__2024-12-24T00:00:00+00:00 [queued]>
[2025-03-17T01:11:40.165+0000] {taskinstance.py:2867} INFO - Starting attempt 1 of 2
[2025-03-17T01:11:40.184+0000] {taskinstance.py:2890} INFO - Executing <Task(BashOperator): dbt_run> on 2024-12-24 00:00:00+00:00
[2025-03-17T01:11:40.194+0000] {standard_task_runner.py:72} INFO - Started process 317864 to run task
[2025-03-17T01:11:40.204+0000] {standard_task_runner.py:104} INFO - Running: ['airflow', 'tasks', 'run', 'load_reviews_pipeline', 'dbt_run', 'scheduled__2024-12-24T00:00:00+00:00', '--job-id', '552', '--raw', '--subdir', 'DAGS_FOLDER/dag_load_reviews.py', '--cfg-path', '/tmp/tmpsqjkbotw']
[2025-03-17T01:11:40.208+0000] {standard_task_runner.py:105} INFO - Job 552: Subtask dbt_run
[2025-03-17T01:11:40.535+0000] {task_command.py:467} INFO - Running <TaskInstance: load_reviews_pipeline.dbt_run scheduled__2024-12-24T00:00:00+00:00 [running]> on host DESKTOP-IM7V4RI.
[2025-03-17T01:11:40.751+0000] {taskinstance.py:3134} INFO - Exporting env vars: AIRFLOW_CTX_DAG_OWNER='mohammed' AIRFLOW_CTX_DAG_ID='load_reviews_pipeline' AIRFLOW_CTX_TASK_ID='dbt_run' AIRFLOW_CTX_EXECUTION_DATE='2024-12-24T00:00:00+00:00' AIRFLOW_CTX_TRY_NUMBER='1' AIRFLOW_CTX_DAG_RUN_ID='scheduled__2024-12-24T00:00:00+00:00'
[2025-03-17T01:11:40.753+0000] {logging_mixin.py:190} INFO - Task instance is in running state
[2025-03-17T01:11:40.754+0000] {logging_mixin.py:190} INFO -  Previous state of the Task instance: queued
[2025-03-17T01:11:40.755+0000] {logging_mixin.py:190} INFO - Current task name:dbt_run state:running start_date:2025-03-17 01:11:40.150166+00:00
[2025-03-17T01:11:40.755+0000] {logging_mixin.py:190} INFO - Dag name:load_reviews_pipeline and current dag run status:running
[2025-03-17T01:11:40.756+0000] {taskinstance.py:732} INFO - ::endgroup::
[2025-03-17T01:11:40.757+0000] {subprocess.py:78} INFO - Tmp dir root location: /tmp
[2025-03-17T01:11:40.759+0000] {subprocess.py:88} INFO - Running command: ['/usr/bin/bash', '-c', 'cd /home/mohammed/.dbt/bank_reviews_project && dbt run']
[2025-03-17T01:11:40.775+0000] {subprocess.py:99} INFO - Output:
[2025-03-17T01:11:43.595+0000] {subprocess.py:106} INFO - [0m01:11:43  Running with dbt=1.9.3
[2025-03-17T01:11:44.005+0000] {subprocess.py:106} INFO - [0m01:11:44  Registered adapter: postgres=1.9.0
[2025-03-17T01:11:44.840+0000] {subprocess.py:106} INFO - [0m01:11:44  Found 10 models, 4 data tests, 2 sources, 433 macros
[2025-03-17T01:11:44.848+0000] {subprocess.py:106} INFO - [0m01:11:44
[2025-03-17T01:11:44.850+0000] {subprocess.py:106} INFO - [0m01:11:44  Concurrency: 4 threads (target='dev')
[2025-03-17T01:11:44.851+0000] {subprocess.py:106} INFO - [0m01:11:44
[2025-03-17T01:11:45.114+0000] {subprocess.py:106} INFO - [0m01:11:45  1 of 10 START sql view model public.clean_reviews .............................. [RUN]
[2025-03-17T01:11:45.117+0000] {subprocess.py:106} INFO - [0m01:11:45  2 of 10 START sql table model public.my_first_dbt_model ........................ [RUN]
[2025-03-17T01:11:45.124+0000] {subprocess.py:106} INFO - [0m01:11:45  4 of 10 START sql view model public.stg_clean_reviews .......................... [RUN]
[2025-03-17T01:11:45.145+0000] {subprocess.py:106} INFO - [0m01:11:45  3 of 10 START sql view model public.remove_duplicates .......................... [RUN]
[2025-03-17T01:11:45.896+0000] {subprocess.py:106} INFO - [0m01:11:45  1 of 10 OK created sql view model public.clean_reviews ......................... [[32mCREATE VIEW[0m in 0.77s]
[2025-03-17T01:11:45.902+0000] {subprocess.py:106} INFO - [0m01:11:45  3 of 10 OK created sql view model public.remove_duplicates ..................... [[32mCREATE VIEW[0m in 0.73s]
[2025-03-17T01:11:45.905+0000] {subprocess.py:106} INFO - [0m01:11:45  2 of 10 OK created sql table model public.my_first_dbt_model ................... [[32mSELECT 2[0m in 0.77s]
[2025-03-17T01:11:45.908+0000] {subprocess.py:106} INFO - [0m01:11:45  4 of 10 OK created sql view model public.stg_clean_reviews ..................... [[32mCREATE VIEW[0m in 0.76s]
[2025-03-17T01:11:45.917+0000] {subprocess.py:106} INFO - [0m01:11:45  5 of 10 START sql view model public.dim_bank ................................... [RUN]
[2025-03-17T01:11:45.920+0000] {subprocess.py:106} INFO - [0m01:11:45  6 of 10 START sql view model public.dim_branch ................................. [RUN]
[2025-03-17T01:11:45.923+0000] {subprocess.py:106} INFO - [0m01:11:45  7 of 10 START sql view model public.dim_location ............................... [RUN]
[2025-03-17T01:11:45.924+0000] {subprocess.py:106} INFO - [0m01:11:45  8 of 10 START sql view model public.dim_sentiment .............................. [RUN]
[2025-03-17T01:11:46.234+0000] {subprocess.py:106} INFO - [0m01:11:46  5 of 10 OK created sql view model public.dim_bank .............................. [[32mCREATE VIEW[0m in 0.30s]
[2025-03-17T01:11:46.243+0000] {subprocess.py:106} INFO - [0m01:11:46  9 of 10 START sql view model public.my_second_dbt_model ........................ [RUN]
[2025-03-17T01:11:46.256+0000] {subprocess.py:106} INFO - [0m01:11:46  8 of 10 OK created sql view model public.dim_sentiment ......................... [[32mCREATE VIEW[0m in 0.33s]
[2025-03-17T01:11:46.262+0000] {subprocess.py:106} INFO - [0m01:11:46  7 of 10 OK created sql view model public.dim_location .......................... [[32mCREATE VIEW[0m in 0.33s]
[2025-03-17T01:11:46.265+0000] {subprocess.py:106} INFO - [0m01:11:46  6 of 10 OK created sql view model public.dim_branch ............................ [[32mCREATE VIEW[0m in 0.33s]
[2025-03-17T01:11:46.283+0000] {subprocess.py:106} INFO - [0m01:11:46  10 of 10 START sql view model public.fact_reviews .............................. [RUN]
[2025-03-17T01:11:46.428+0000] {subprocess.py:106} INFO - [0m01:11:46  9 of 10 OK created sql view model public.my_second_dbt_model ................... [[32mCREATE VIEW[0m in 0.17s]
[2025-03-17T01:11:46.438+0000] {subprocess.py:106} INFO - [0m01:11:46  10 of 10 OK created sql view model public.fact_reviews ......................... [[32mCREATE VIEW[0m in 0.15s]
[2025-03-17T01:11:46.468+0000] {subprocess.py:106} INFO - [0m01:11:46
[2025-03-17T01:11:46.468+0000] {subprocess.py:106} INFO - [0m01:11:46  Finished running 1 table model, 9 view models in 0 hours 0 minutes and 1.61 seconds (1.61s).
[2025-03-17T01:11:46.520+0000] {subprocess.py:106} INFO - [0m01:11:46
[2025-03-17T01:11:46.521+0000] {subprocess.py:106} INFO - [0m01:11:46  [32mCompleted successfully[0m
[2025-03-17T01:11:46.522+0000] {subprocess.py:106} INFO - [0m01:11:46
[2025-03-17T01:11:46.522+0000] {subprocess.py:106} INFO - [0m01:11:46  Done. PASS=10 WARN=0 ERROR=0 SKIP=0 TOTAL=10
[2025-03-17T01:11:48.481+0000] {subprocess.py:110} INFO - Command exited with return code 0
[2025-03-17T01:11:48.535+0000] {taskinstance.py:341} INFO - ::group::Post task execution logs
[2025-03-17T01:11:48.535+0000] {taskinstance.py:353} INFO - Marking task as SUCCESS. dag_id=load_reviews_pipeline, task_id=dbt_run, run_id=scheduled__2024-12-24T00:00:00+00:00, execution_date=20241224T000000, start_date=20250317T011140, end_date=20250317T011148
[2025-03-17T01:11:48.582+0000] {logging_mixin.py:190} INFO - Task instance in success state
[2025-03-17T01:11:48.582+0000] {logging_mixin.py:190} INFO -  Previous state of the Task instance: running
[2025-03-17T01:11:48.582+0000] {logging_mixin.py:190} INFO - Dag name:load_reviews_pipeline queued_at:2025-03-17 01:11:39.336211+00:00
[2025-03-17T01:11:48.582+0000] {logging_mixin.py:190} INFO - Task hostname:DESKTOP-IM7V4RI. operator:BashOperator
[2025-03-17T01:11:48.592+0000] {local_task_job_runner.py:266} INFO - Task exited with return code 0
[2025-03-17T01:11:48.612+0000] {taskinstance.py:3901} INFO - 0 downstream tasks scheduled from follow-on schedule check
[2025-03-17T01:11:48.616+0000] {local_task_job_runner.py:245} INFO - ::endgroup::
