[2025-03-13T17:25:32.015+0000] {local_task_job_runner.py:123} INFO - ::group::Pre task execution logs
[2025-03-13T17:25:32.091+0000] {taskinstance.py:2614} INFO - Dependencies all met for dep_context=non-requeueable deps ti=<TaskInstance: dag3.transform_mad_task manual__2025-03-13T17:25:21.709069+00:00 [queued]>
[2025-03-13T17:25:32.110+0000] {taskinstance.py:2614} INFO - Dependencies all met for dep_context=requeueable deps ti=<TaskInstance: dag3.transform_mad_task manual__2025-03-13T17:25:21.709069+00:00 [queued]>
[2025-03-13T17:25:32.111+0000] {taskinstance.py:2867} INFO - Starting attempt 1 of 1
[2025-03-13T17:25:32.144+0000] {taskinstance.py:2890} INFO - Executing <Task(PythonOperator): transform_mad_task> on 2025-03-13 17:25:21.709069+00:00
[2025-03-13T17:25:32.168+0000] {standard_task_runner.py:72} INFO - Started process 96430 to run task
[2025-03-13T17:25:32.176+0000] {standard_task_runner.py:104} INFO - Running: ['airflow', 'tasks', 'run', 'dag3', 'transform_mad_task', 'manual__2025-03-13T17:25:21.709069+00:00', '--job-id', '137', '--raw', '--subdir', 'DAGS_FOLDER/dag3.py', '--cfg-path', '/tmp/tmp35eb1ccc']
[2025-03-13T17:25:32.178+0000] {standard_task_runner.py:105} INFO - Job 137: Subtask transform_mad_task
[2025-03-13T17:25:32.399+0000] {task_command.py:467} INFO - Running <TaskInstance: dag3.transform_mad_task manual__2025-03-13T17:25:21.709069+00:00 [running]> on host DESKTOP-IM7V4RI.
[2025-03-13T17:25:32.664+0000] {taskinstance.py:3134} INFO - Exporting env vars: AIRFLOW_CTX_DAG_EMAIL='test@insea.ac.ma' AIRFLOW_CTX_DAG_OWNER='airflow' AIRFLOW_CTX_DAG_ID='dag3' AIRFLOW_CTX_TASK_ID='transform_mad_task' AIRFLOW_CTX_EXECUTION_DATE='2025-03-13T17:25:21.709069+00:00' AIRFLOW_CTX_TRY_NUMBER='1' AIRFLOW_CTX_DAG_RUN_ID='manual__2025-03-13T17:25:21.709069+00:00'
[2025-03-13T17:25:32.666+0000] {logging_mixin.py:190} INFO - Task instance is in running state
[2025-03-13T17:25:32.667+0000] {logging_mixin.py:190} INFO -  Previous state of the Task instance: queued
[2025-03-13T17:25:32.668+0000] {logging_mixin.py:190} INFO - Current task name:transform_mad_task state:running start_date:2025-03-13 17:25:32.092679+00:00
[2025-03-13T17:25:32.668+0000] {logging_mixin.py:190} INFO - Dag name:dag3 and current dag run status:running
[2025-03-13T17:25:32.668+0000] {taskinstance.py:732} INFO - ::endgroup::
[2025-03-13T17:25:32.670+0000] {python.py:240} INFO - Done. Returned value was: {'date': '2025-03-13T17:25:28.483465Z', 'dollar_rate': 52169.1068, 'mad_rate': 523836.9855}
[2025-03-13T17:25:32.772+0000] {taskinstance.py:341} INFO - ::group::Post task execution logs
[2025-03-13T17:25:32.773+0000] {taskinstance.py:353} INFO - Marking task as SUCCESS. dag_id=dag3, task_id=transform_mad_task, run_id=manual__2025-03-13T17:25:21.709069+00:00, execution_date=20250313T172521, start_date=20250313T172532, end_date=20250313T172532
[2025-03-13T17:25:32.887+0000] {logging_mixin.py:190} INFO - Task instance in success state
[2025-03-13T17:25:32.887+0000] {logging_mixin.py:190} INFO -  Previous state of the Task instance: running
[2025-03-13T17:25:32.888+0000] {logging_mixin.py:190} INFO - Dag name:dag3 queued_at:2025-03-13 17:25:22.122957+00:00
[2025-03-13T17:25:32.888+0000] {logging_mixin.py:190} INFO - Task hostname:DESKTOP-IM7V4RI. operator:PythonOperator
[2025-03-13T17:25:32.915+0000] {local_task_job_runner.py:266} INFO - Task exited with return code 0
[2025-03-13T17:25:33.006+0000] {taskinstance.py:3901} INFO - 0 downstream tasks scheduled from follow-on schedule check
[2025-03-13T17:25:33.012+0000] {local_task_job_runner.py:245} INFO - ::endgroup::
