[2025-03-18T18:35:54.666+0000] {local_task_job_runner.py:123} INFO - ::group::Pre task execution logs
[2025-03-18T18:35:54.782+0000] {taskinstance.py:2614} INFO - Dependencies all met for dep_context=non-requeueable deps ti=<TaskInstance: load_dbt_clean_reviews_pipeline.dbt_run scheduled__2025-03-04T00:00:00+00:00 [queued]>
[2025-03-18T18:35:54.821+0000] {taskinstance.py:2614} INFO - Dependencies all met for dep_context=requeueable deps ti=<TaskInstance: load_dbt_clean_reviews_pipeline.dbt_run scheduled__2025-03-04T00:00:00+00:00 [queued]>
[2025-03-18T18:35:54.821+0000] {taskinstance.py:2867} INFO - Starting attempt 1 of 2
[2025-03-18T18:35:54.901+0000] {taskinstance.py:2890} INFO - Executing <Task(BashOperator): dbt_run> on 2025-03-04 00:00:00+00:00
[2025-03-18T18:35:54.918+0000] {standard_task_runner.py:72} INFO - Started process 32734 to run task
[2025-03-18T18:35:54.949+0000] {standard_task_runner.py:104} INFO - Running: ['airflow', 'tasks', 'run', 'load_dbt_clean_reviews_pipeline', 'dbt_run', 'scheduled__2025-03-04T00:00:00+00:00', '--job-id', '1184', '--raw', '--subdir', 'DAGS_FOLDER/dag_load_reviews.py', '--cfg-path', '/tmp/tmpt_h9r9iq']
[2025-03-18T18:35:54.963+0000] {standard_task_runner.py:105} INFO - Job 1184: Subtask dbt_run
[2025-03-18T18:35:55.532+0000] {task_command.py:467} INFO - Running <TaskInstance: load_dbt_clean_reviews_pipeline.dbt_run scheduled__2025-03-04T00:00:00+00:00 [running]> on host DESKTOP-IM7V4RI.
[2025-03-18T18:35:56.506+0000] {taskinstance.py:3134} INFO - Exporting env vars: AIRFLOW_CTX_DAG_OWNER='mohammed' AIRFLOW_CTX_DAG_ID='load_dbt_clean_reviews_pipeline' AIRFLOW_CTX_TASK_ID='dbt_run' AIRFLOW_CTX_EXECUTION_DATE='2025-03-04T00:00:00+00:00' AIRFLOW_CTX_TRY_NUMBER='1' AIRFLOW_CTX_DAG_RUN_ID='scheduled__2025-03-04T00:00:00+00:00'
[2025-03-18T18:35:56.509+0000] {logging_mixin.py:190} INFO - Task instance is in running state
[2025-03-18T18:35:56.510+0000] {logging_mixin.py:190} INFO -  Previous state of the Task instance: queued
[2025-03-18T18:35:56.510+0000] {logging_mixin.py:190} INFO - Current task name:dbt_run state:running start_date:2025-03-18 18:35:54.782815+00:00
[2025-03-18T18:35:56.512+0000] {logging_mixin.py:190} INFO - Dag name:load_dbt_clean_reviews_pipeline and current dag run status:running
[2025-03-18T18:35:56.513+0000] {taskinstance.py:732} INFO - ::endgroup::
[2025-03-18T18:35:56.515+0000] {subprocess.py:78} INFO - Tmp dir root location: /tmp
[2025-03-18T18:35:56.540+0000] {subprocess.py:88} INFO - Running command: ['/usr/bin/bash', '-c', 'cd /home/mohammed/.dbt/dbt_projects/bank_reviews_transactional && dbt run']
[2025-03-18T18:35:56.627+0000] {subprocess.py:99} INFO - Output:
[2025-03-18T18:36:13.193+0000] {subprocess.py:106} INFO - [0m18:36:13  Running with dbt=1.9.3
[2025-03-18T18:36:15.251+0000] {subprocess.py:106} INFO - [0m18:36:15  Registered adapter: postgres=1.9.0
[2025-03-18T18:36:16.819+0000] {subprocess.py:106} INFO - [0m18:36:16  [[33mWARNING[0m]: Configuration paths exist in your dbt_project.yml file which do not apply to any resources.
[2025-03-18T18:36:16.821+0000] {subprocess.py:106} INFO - There are 1 unused configuration paths:
[2025-03-18T18:36:16.822+0000] {subprocess.py:106} INFO - - models.bank_reviews_transactional.transactional
[2025-03-18T18:36:17.538+0000] {subprocess.py:106} INFO - [0m18:36:17  Found 1 model, 1 source, 433 macros
[2025-03-18T18:36:17.554+0000] {subprocess.py:106} INFO - [0m18:36:17
[2025-03-18T18:36:17.556+0000] {subprocess.py:106} INFO - [0m18:36:17  Concurrency: 4 threads (target='dev')
[2025-03-18T18:36:17.561+0000] {subprocess.py:106} INFO - [0m18:36:17
[2025-03-18T18:36:18.543+0000] {subprocess.py:106} INFO - [0m18:36:18  1 of 1 START sql table model transactional.clean_reviews ....................... [RUN]
[2025-03-18T18:36:20.726+0000] {subprocess.py:106} INFO - [0m18:36:20  1 of 1 OK created sql table model transactional.clean_reviews .................. [[32mSELECT 549[0m in 2.16s]
[2025-03-18T18:36:20.868+0000] {subprocess.py:106} INFO - [0m18:36:20
[2025-03-18T18:36:20.887+0000] {subprocess.py:106} INFO - [0m18:36:20  Finished running 1 table model in 0 hours 0 minutes and 3.30 seconds (3.30s).
[2025-03-18T18:36:21.201+0000] {subprocess.py:106} INFO - [0m18:36:21
[2025-03-18T18:36:21.204+0000] {subprocess.py:106} INFO - [0m18:36:21  [32mCompleted successfully[0m
[2025-03-18T18:36:21.206+0000] {subprocess.py:106} INFO - [0m18:36:21
[2025-03-18T18:36:21.208+0000] {subprocess.py:106} INFO - [0m18:36:21  Done. PASS=1 WARN=0 ERROR=0 SKIP=0 TOTAL=1
[2025-03-18T18:36:24.451+0000] {subprocess.py:110} INFO - Command exited with return code 0
[2025-03-18T18:36:24.596+0000] {taskinstance.py:341} INFO - ::group::Post task execution logs
[2025-03-18T18:36:24.598+0000] {taskinstance.py:353} INFO - Marking task as SUCCESS. dag_id=load_dbt_clean_reviews_pipeline, task_id=dbt_run, run_id=scheduled__2025-03-04T00:00:00+00:00, execution_date=20250304T000000, start_date=20250318T183554, end_date=20250318T183624
[2025-03-18T18:36:24.742+0000] {logging_mixin.py:190} INFO - Task instance in success state
[2025-03-18T18:36:24.743+0000] {logging_mixin.py:190} INFO -  Previous state of the Task instance: running
[2025-03-18T18:36:24.749+0000] {logging_mixin.py:190} INFO - Dag name:load_dbt_clean_reviews_pipeline queued_at:2025-03-18 18:35:49.324573+00:00
[2025-03-18T18:36:24.749+0000] {logging_mixin.py:190} INFO - Task hostname:DESKTOP-IM7V4RI. operator:BashOperator
[2025-03-18T18:36:24.767+0000] {local_task_job_runner.py:266} INFO - Task exited with return code 0
[2025-03-18T18:36:24.830+0000] {taskinstance.py:3901} INFO - 0 downstream tasks scheduled from follow-on schedule check
[2025-03-18T18:36:24.838+0000] {local_task_job_runner.py:245} INFO - ::endgroup::
