[2025-03-28T02:18:11.046+0000] {local_task_job_runner.py:123} INFO - ::group::Pre task execution logs
[2025-03-28T02:18:11.146+0000] {taskinstance.py:2614} INFO - Dependencies all met for dep_context=non-requeueable deps ti=<TaskInstance: load_dbt_clean_reviews_pipeline.dbt_run_transactional scheduled__2024-04-05T00:00:00+00:00 [queued]>
[2025-03-28T02:18:11.179+0000] {taskinstance.py:2614} INFO - Dependencies all met for dep_context=requeueable deps ti=<TaskInstance: load_dbt_clean_reviews_pipeline.dbt_run_transactional scheduled__2024-04-05T00:00:00+00:00 [queued]>
[2025-03-28T02:18:11.180+0000] {taskinstance.py:2867} INFO - Starting attempt 1 of 2
[2025-03-28T02:18:11.237+0000] {taskinstance.py:2890} INFO - Executing <Task(BashOperator): dbt_run_transactional> on 2024-04-05 00:00:00+00:00
[2025-03-28T02:18:11.251+0000] {standard_task_runner.py:72} INFO - Started process 189291 to run task
[2025-03-28T02:18:11.268+0000] {standard_task_runner.py:104} INFO - Running: ['airflow', 'tasks', 'run', 'load_dbt_clean_reviews_pipeline', 'dbt_run_transactional', 'scheduled__2024-04-05T00:00:00+00:00', '--job-id', '2009', '--raw', '--subdir', 'DAGS_FOLDER/dag_load_reviews.py', '--cfg-path', '/tmp/tmpu678pni0']
[2025-03-28T02:18:11.272+0000] {standard_task_runner.py:105} INFO - Job 2009: Subtask dbt_run_transactional
[2025-03-28T02:18:11.791+0000] {task_command.py:467} INFO - Running <TaskInstance: load_dbt_clean_reviews_pipeline.dbt_run_transactional scheduled__2024-04-05T00:00:00+00:00 [running]> on host DESKTOP-IM7V4RI.
[2025-03-28T02:18:12.287+0000] {taskinstance.py:3134} INFO - Exporting env vars: AIRFLOW_CTX_DAG_OWNER='mohammed' AIRFLOW_CTX_DAG_ID='load_dbt_clean_reviews_pipeline' AIRFLOW_CTX_TASK_ID='dbt_run_transactional' AIRFLOW_CTX_EXECUTION_DATE='2024-04-05T00:00:00+00:00' AIRFLOW_CTX_TRY_NUMBER='1' AIRFLOW_CTX_DAG_RUN_ID='scheduled__2024-04-05T00:00:00+00:00'
[2025-03-28T02:18:12.290+0000] {logging_mixin.py:190} INFO - Task instance is in running state
[2025-03-28T02:18:12.292+0000] {logging_mixin.py:190} INFO -  Previous state of the Task instance: queued
[2025-03-28T02:18:12.293+0000] {logging_mixin.py:190} INFO - Current task name:dbt_run_transactional state:running start_date:2025-03-28 02:18:11.147592+00:00
[2025-03-28T02:18:12.294+0000] {logging_mixin.py:190} INFO - Dag name:load_dbt_clean_reviews_pipeline and current dag run status:running
[2025-03-28T02:18:12.295+0000] {taskinstance.py:732} INFO - ::endgroup::
[2025-03-28T02:18:12.296+0000] {subprocess.py:78} INFO - Tmp dir root location: /tmp
[2025-03-28T02:18:12.299+0000] {subprocess.py:88} INFO - Running command: ['/usr/bin/bash', '-c', 'cd /home/mohammed/.dbt/dbt_projects/bank_reviews_transactional && dbt run']
[2025-03-28T02:18:12.324+0000] {subprocess.py:99} INFO - Output:
[2025-03-28T02:18:27.981+0000] {subprocess.py:106} INFO - [0m02:18:27  Running with dbt=1.9.3
[2025-03-28T02:18:29.914+0000] {subprocess.py:106} INFO - [0m02:18:29  Registered adapter: postgres=1.9.0
[2025-03-28T02:18:31.159+0000] {subprocess.py:106} INFO - [0m02:18:31  [[33mWARNING[0m]: Configuration paths exist in your dbt_project.yml file which do not apply to any resources.
[2025-03-28T02:18:31.159+0000] {subprocess.py:106} INFO - There are 1 unused configuration paths:
[2025-03-28T02:18:31.160+0000] {subprocess.py:106} INFO - - models.bank_reviews_transactional.transactional
[2025-03-28T02:18:32.081+0000] {subprocess.py:106} INFO - [0m02:18:32  Found 1 model, 1 source, 433 macros
[2025-03-28T02:18:32.103+0000] {subprocess.py:106} INFO - [0m02:18:32
[2025-03-28T02:18:32.118+0000] {subprocess.py:106} INFO - [0m02:18:32  Concurrency: 4 threads (target='dev')
[2025-03-28T02:18:32.120+0000] {subprocess.py:106} INFO - [0m02:18:32
[2025-03-28T02:18:32.987+0000] {subprocess.py:106} INFO - [0m02:18:32  1 of 1 START sql table model transactional.clean_reviews ....................... [RUN]
[2025-03-28T02:18:35.123+0000] {subprocess.py:106} INFO - [0m02:18:35  1 of 1 OK created sql table model transactional.clean_reviews .................. [[32mSELECT 153[0m in 2.10s]
[2025-03-28T02:18:35.309+0000] {subprocess.py:106} INFO - [0m02:18:35
[2025-03-28T02:18:35.310+0000] {subprocess.py:106} INFO - [0m02:18:35  Finished running 1 table model in 0 hours 0 minutes and 3.19 seconds (3.19s).
[2025-03-28T02:18:35.703+0000] {subprocess.py:106} INFO - [0m02:18:35
[2025-03-28T02:18:35.720+0000] {subprocess.py:106} INFO - [0m02:18:35  [32mCompleted successfully[0m
[2025-03-28T02:18:35.722+0000] {subprocess.py:106} INFO - [0m02:18:35
[2025-03-28T02:18:35.724+0000] {subprocess.py:106} INFO - [0m02:18:35  Done. PASS=1 WARN=0 ERROR=0 SKIP=0 TOTAL=1
[2025-03-28T02:18:38.237+0000] {subprocess.py:110} INFO - Command exited with return code 0
[2025-03-28T02:18:38.483+0000] {taskinstance.py:341} INFO - ::group::Post task execution logs
[2025-03-28T02:18:38.484+0000] {taskinstance.py:353} INFO - Marking task as SUCCESS. dag_id=load_dbt_clean_reviews_pipeline, task_id=dbt_run_transactional, run_id=scheduled__2024-04-05T00:00:00+00:00, execution_date=20240405T000000, start_date=20250328T021811, end_date=20250328T021838
[2025-03-28T02:18:38.650+0000] {logging_mixin.py:190} INFO - Task instance in success state
[2025-03-28T02:18:38.650+0000] {logging_mixin.py:190} INFO -  Previous state of the Task instance: running
[2025-03-28T02:18:38.651+0000] {logging_mixin.py:190} INFO - Dag name:load_dbt_clean_reviews_pipeline queued_at:2025-03-28 02:18:00.617246+00:00
[2025-03-28T02:18:38.652+0000] {logging_mixin.py:190} INFO - Task hostname:DESKTOP-IM7V4RI. operator:BashOperator
[2025-03-28T02:18:38.690+0000] {local_task_job_runner.py:266} INFO - Task exited with return code 0
[2025-03-28T02:18:38.778+0000] {taskinstance.py:3901} INFO - 0 downstream tasks scheduled from follow-on schedule check
[2025-03-28T02:18:38.794+0000] {local_task_job_runner.py:245} INFO - ::endgroup::
