[2025-03-22T18:18:35.306+0000] {local_task_job_runner.py:123} INFO - ::group::Pre task execution logs
[2025-03-22T18:18:35.419+0000] {taskinstance.py:2614} INFO - Dependencies all met for dep_context=non-requeueable deps ti=<TaskInstance: process_enrichir_clean_reviews.sentiment_analysis manual__2025-03-22T18:18:25.266433+00:00 [queued]>
[2025-03-22T18:18:35.461+0000] {taskinstance.py:2614} INFO - Dependencies all met for dep_context=requeueable deps ti=<TaskInstance: process_enrichir_clean_reviews.sentiment_analysis manual__2025-03-22T18:18:25.266433+00:00 [queued]>
[2025-03-22T18:18:35.462+0000] {taskinstance.py:2867} INFO - Starting attempt 1 of 2
[2025-03-22T18:18:35.554+0000] {taskinstance.py:2890} INFO - Executing <Task(BashOperator): sentiment_analysis> on 2025-03-22 18:18:25.266433+00:00
[2025-03-22T18:18:35.625+0000] {standard_task_runner.py:104} INFO - Running: ['airflow', 'tasks', 'run', 'process_enrichir_clean_reviews', 'sentiment_analysis', 'manual__2025-03-22T18:18:25.266433+00:00', '--job-id', '1945', '--raw', '--subdir', 'DAGS_FOLDER/process_clean_reviews.py', '--cfg-path', '/tmp/tmpijakqu5v']
[2025-03-22T18:18:35.597+0000] {standard_task_runner.py:72} INFO - Started process 18683 to run task
[2025-03-22T18:18:35.648+0000] {standard_task_runner.py:105} INFO - Job 1945: Subtask sentiment_analysis
[2025-03-22T18:18:37.302+0000] {task_command.py:467} INFO - Running <TaskInstance: process_enrichir_clean_reviews.sentiment_analysis manual__2025-03-22T18:18:25.266433+00:00 [running]> on host DESKTOP-IM7V4RI.
[2025-03-22T18:18:40.545+0000] {taskinstance.py:3134} INFO - Exporting env vars: AIRFLOW_CTX_DAG_OWNER='airflow' AIRFLOW_CTX_DAG_ID='process_enrichir_clean_reviews' AIRFLOW_CTX_TASK_ID='sentiment_analysis' AIRFLOW_CTX_EXECUTION_DATE='2025-03-22T18:18:25.266433+00:00' AIRFLOW_CTX_TRY_NUMBER='1' AIRFLOW_CTX_DAG_RUN_ID='manual__2025-03-22T18:18:25.266433+00:00'
[2025-03-22T18:18:40.553+0000] {logging_mixin.py:190} INFO - Task instance is in running state
[2025-03-22T18:18:40.553+0000] {logging_mixin.py:190} INFO -  Previous state of the Task instance: queued
[2025-03-22T18:18:40.554+0000] {logging_mixin.py:190} INFO - Current task name:sentiment_analysis state:running start_date:2025-03-22 18:18:35.420344+00:00
[2025-03-22T18:18:40.557+0000] {logging_mixin.py:190} INFO - Dag name:process_enrichir_clean_reviews and current dag run status:running
[2025-03-22T18:18:40.560+0000] {taskinstance.py:732} INFO - ::endgroup::
[2025-03-22T18:18:40.574+0000] {subprocess.py:78} INFO - Tmp dir root location: /tmp
[2025-03-22T18:18:40.590+0000] {subprocess.py:88} INFO - Running command: ['/usr/bin/bash', '-c', 'python3 /home/mohammed/airflow/scripts/sentiment_analysis.py']
[2025-03-22T18:18:40.680+0000] {subprocess.py:99} INFO - Output:
[2025-03-22T18:19:44.625+0000] {job.py:229} INFO - Heartbeat recovered after 10.70 seconds
[2025-03-22T18:19:54.972+0000] {job.py:229} INFO - Heartbeat recovered after 15.87 seconds
[2025-03-22T18:20:35.505+0000] {job.py:229} INFO - Heartbeat recovered after 30.30 seconds
[2025-03-22T18:20:41.459+0000] {job.py:229} INFO - Heartbeat recovered after 30.70 seconds
[2025-03-22T18:21:46.556+0000] {subprocess.py:106} INFO - 2025-03-22 18:21:46,280 - INFO - ✅ Sentiment analysis applied successfully!
[2025-03-22T18:22:58.078+0000] {subprocess.py:110} INFO - Command exited with return code 0
[2025-03-22T18:23:01.500+0000] {taskinstance.py:341} INFO - ::group::Post task execution logs
[2025-03-22T18:23:01.584+0000] {taskinstance.py:353} INFO - Marking task as SUCCESS. dag_id=process_enrichir_clean_reviews, task_id=sentiment_analysis, run_id=manual__2025-03-22T18:18:25.266433+00:00, execution_date=20250322T181825, start_date=20250322T181835, end_date=20250322T182301
[2025-03-22T18:23:02.350+0000] {logging_mixin.py:190} INFO - Task instance in success state
[2025-03-22T18:23:02.353+0000] {logging_mixin.py:190} INFO -  Previous state of the Task instance: running
[2025-03-22T18:23:02.354+0000] {logging_mixin.py:190} INFO - Dag name:process_enrichir_clean_reviews queued_at:2025-03-22 18:18:25.373565+00:00
[2025-03-22T18:23:02.354+0000] {logging_mixin.py:190} INFO - Task hostname:DESKTOP-IM7V4RI. operator:BashOperator
[2025-03-22T18:23:03.045+0000] {local_task_job_runner.py:266} INFO - Task exited with return code 0
[2025-03-22T18:23:03.696+0000] {taskinstance.py:3901} INFO - 0 downstream tasks scheduled from follow-on schedule check
[2025-03-22T18:23:03.709+0000] {local_task_job_runner.py:245} INFO - ::endgroup::
