[2025-03-28T13:44:25.686+0000] {local_task_job_runner.py:123} INFO - ::group::Pre task execution logs
[2025-03-28T13:44:25.888+0000] {taskinstance.py:2614} INFO - Dependencies all met for dep_context=non-requeueable deps ti=<TaskInstance: load_dbt_clean_reviews_pipeline.dbt_run_transactional scheduled__2025-02-11T00:00:00+00:00 [queued]>
[2025-03-28T13:44:26.029+0000] {taskinstance.py:2614} INFO - Dependencies all met for dep_context=requeueable deps ti=<TaskInstance: load_dbt_clean_reviews_pipeline.dbt_run_transactional scheduled__2025-02-11T00:00:00+00:00 [queued]>
[2025-03-28T13:44:26.040+0000] {taskinstance.py:2867} INFO - Starting attempt 2 of 2
[2025-03-28T13:44:26.185+0000] {taskinstance.py:2890} INFO - Executing <Task(BashOperator): dbt_run_transactional> on 2025-02-11 00:00:00+00:00
[2025-03-28T13:44:26.281+0000] {standard_task_runner.py:72} INFO - Started process 34869 to run task
[2025-03-28T13:44:26.339+0000] {standard_task_runner.py:104} INFO - Running: ['airflow', 'tasks', 'run', 'load_dbt_clean_reviews_pipeline', 'dbt_run_transactional', 'scheduled__2025-02-11T00:00:00+00:00', '--job-id', '2343', '--raw', '--subdir', 'DAGS_FOLDER/dag_load_reviews.py', '--cfg-path', '/tmp/tmpgtcehgx2']
[2025-03-28T13:44:26.345+0000] {standard_task_runner.py:105} INFO - Job 2343: Subtask dbt_run_transactional
[2025-03-28T13:44:27.479+0000] {task_command.py:467} INFO - Running <TaskInstance: load_dbt_clean_reviews_pipeline.dbt_run_transactional scheduled__2025-02-11T00:00:00+00:00 [running]> on host DESKTOP-IM7V4RI.
[2025-03-28T13:44:28.777+0000] {taskinstance.py:3134} INFO - Exporting env vars: AIRFLOW_CTX_DAG_OWNER='mohammed' AIRFLOW_CTX_DAG_ID='load_dbt_clean_reviews_pipeline' AIRFLOW_CTX_TASK_ID='dbt_run_transactional' AIRFLOW_CTX_EXECUTION_DATE='2025-02-11T00:00:00+00:00' AIRFLOW_CTX_TRY_NUMBER='2' AIRFLOW_CTX_DAG_RUN_ID='scheduled__2025-02-11T00:00:00+00:00'
[2025-03-28T13:44:28.797+0000] {logging_mixin.py:190} INFO - Task instance is in running state
[2025-03-28T13:44:28.798+0000] {logging_mixin.py:190} INFO -  Previous state of the Task instance: queued
[2025-03-28T13:44:28.798+0000] {logging_mixin.py:190} INFO - Current task name:dbt_run_transactional state:running start_date:2025-03-28 13:44:25.889512+00:00
[2025-03-28T13:44:28.799+0000] {logging_mixin.py:190} INFO - Dag name:load_dbt_clean_reviews_pipeline and current dag run status:running
[2025-03-28T13:44:28.799+0000] {taskinstance.py:732} INFO - ::endgroup::
[2025-03-28T13:44:28.802+0000] {subprocess.py:78} INFO - Tmp dir root location: /tmp
[2025-03-28T13:44:28.812+0000] {subprocess.py:88} INFO - Running command: ['/usr/bin/bash', '-c', 'cd /home/mohammed/.dbt/dbt_projects/bank_reviews_transactional && dbt run']
[2025-03-28T13:44:28.888+0000] {subprocess.py:99} INFO - Output:
[2025-03-28T13:44:48.783+0000] {subprocess.py:106} INFO - [0m13:44:48  Running with dbt=1.9.3
[2025-03-28T13:44:51.542+0000] {subprocess.py:106} INFO - [0m13:44:51  Registered adapter: postgres=1.9.0
[2025-03-28T13:44:53.918+0000] {subprocess.py:106} INFO - [0m13:44:53  [[33mWARNING[0m]: Configuration paths exist in your dbt_project.yml file which do not apply to any resources.
[2025-03-28T13:44:53.928+0000] {subprocess.py:106} INFO - There are 1 unused configuration paths:
[2025-03-28T13:44:53.928+0000] {subprocess.py:106} INFO - - models.bank_reviews_transactional.transactional
[2025-03-28T13:44:55.209+0000] {subprocess.py:106} INFO - [0m13:44:55  Found 1 model, 1 source, 433 macros
[2025-03-28T13:44:55.225+0000] {subprocess.py:106} INFO - [0m13:44:55
[2025-03-28T13:44:55.227+0000] {subprocess.py:106} INFO - [0m13:44:55  Concurrency: 4 threads (target='dev')
[2025-03-28T13:44:55.228+0000] {subprocess.py:106} INFO - [0m13:44:55
[2025-03-28T13:44:56.257+0000] {subprocess.py:106} INFO - [0m13:44:56  1 of 1 START sql table model transactional.clean_reviews ....................... [RUN]
[2025-03-28T13:44:58.552+0000] {subprocess.py:106} INFO - [0m13:44:58  1 of 1 OK created sql table model transactional.clean_reviews .................. [[32mSELECT 281[0m in 2.27s]
[2025-03-28T13:44:58.799+0000] {subprocess.py:106} INFO - [0m13:44:58
[2025-03-28T13:44:58.815+0000] {subprocess.py:106} INFO - [0m13:44:58  Finished running 1 table model in 0 hours 0 minutes and 3.57 seconds (3.57s).
[2025-03-28T13:44:59.059+0000] {subprocess.py:106} INFO - [0m13:44:59
[2025-03-28T13:44:59.070+0000] {subprocess.py:106} INFO - [0m13:44:59  [32mCompleted successfully[0m
[2025-03-28T13:44:59.072+0000] {subprocess.py:106} INFO - [0m13:44:59
[2025-03-28T13:44:59.074+0000] {subprocess.py:106} INFO - [0m13:44:59  Done. PASS=1 WARN=0 ERROR=0 SKIP=0 TOTAL=1
[2025-03-28T13:45:01.950+0000] {subprocess.py:110} INFO - Command exited with return code 0
[2025-03-28T13:45:02.262+0000] {taskinstance.py:341} INFO - ::group::Post task execution logs
[2025-03-28T13:45:02.263+0000] {taskinstance.py:353} INFO - Marking task as SUCCESS. dag_id=load_dbt_clean_reviews_pipeline, task_id=dbt_run_transactional, run_id=scheduled__2025-02-11T00:00:00+00:00, execution_date=20250211T000000, start_date=20250328T134425, end_date=20250328T134502
[2025-03-28T13:45:02.600+0000] {logging_mixin.py:190} INFO - Task instance in success state
[2025-03-28T13:45:02.601+0000] {logging_mixin.py:190} INFO -  Previous state of the Task instance: running
[2025-03-28T13:45:02.603+0000] {logging_mixin.py:190} INFO - Dag name:load_dbt_clean_reviews_pipeline queued_at:2025-03-28 13:39:11.156092+00:00
[2025-03-28T13:45:02.604+0000] {logging_mixin.py:190} INFO - Task hostname:DESKTOP-IM7V4RI. operator:BashOperator
[2025-03-28T13:45:02.704+0000] {local_task_job_runner.py:266} INFO - Task exited with return code 0
[2025-03-28T13:45:02.859+0000] {taskinstance.py:3901} INFO - 0 downstream tasks scheduled from follow-on schedule check
[2025-03-28T13:45:02.878+0000] {local_task_job_runner.py:245} INFO - ::endgroup::
