[2025-03-28T02:27:17.766+0000] {local_task_job_runner.py:123} INFO - ::group::Pre task execution logs
[2025-03-28T02:27:17.947+0000] {taskinstance.py:2614} INFO - Dependencies all met for dep_context=non-requeueable deps ti=<TaskInstance: load_dbt_clean_reviews_pipeline.dbt_run_transactional scheduled__2024-08-29T00:00:00+00:00 [queued]>
[2025-03-28T02:27:17.997+0000] {taskinstance.py:2614} INFO - Dependencies all met for dep_context=requeueable deps ti=<TaskInstance: load_dbt_clean_reviews_pipeline.dbt_run_transactional scheduled__2024-08-29T00:00:00+00:00 [queued]>
[2025-03-28T02:27:17.998+0000] {taskinstance.py:2867} INFO - Starting attempt 1 of 2
[2025-03-28T02:27:18.736+0000] {taskinstance.py:2890} INFO - Executing <Task(BashOperator): dbt_run_transactional> on 2024-08-29 00:00:00+00:00
[2025-03-28T02:27:18.769+0000] {standard_task_runner.py:72} INFO - Started process 204226 to run task
[2025-03-28T02:27:18.804+0000] {standard_task_runner.py:104} INFO - Running: ['airflow', 'tasks', 'run', 'load_dbt_clean_reviews_pipeline', 'dbt_run_transactional', 'scheduled__2024-08-29T00:00:00+00:00', '--job-id', '2159', '--raw', '--subdir', 'DAGS_FOLDER/dag_load_reviews.py', '--cfg-path', '/tmp/tmpqw17elgt']
[2025-03-28T02:27:18.806+0000] {standard_task_runner.py:105} INFO - Job 2159: Subtask dbt_run_transactional
[2025-03-28T02:27:19.290+0000] {task_command.py:467} INFO - Running <TaskInstance: load_dbt_clean_reviews_pipeline.dbt_run_transactional scheduled__2024-08-29T00:00:00+00:00 [running]> on host DESKTOP-IM7V4RI.
[2025-03-28T02:27:20.365+0000] {taskinstance.py:3134} INFO - Exporting env vars: AIRFLOW_CTX_DAG_OWNER='mohammed' AIRFLOW_CTX_DAG_ID='load_dbt_clean_reviews_pipeline' AIRFLOW_CTX_TASK_ID='dbt_run_transactional' AIRFLOW_CTX_EXECUTION_DATE='2024-08-29T00:00:00+00:00' AIRFLOW_CTX_TRY_NUMBER='1' AIRFLOW_CTX_DAG_RUN_ID='scheduled__2024-08-29T00:00:00+00:00'
[2025-03-28T02:27:20.368+0000] {logging_mixin.py:190} INFO - Task instance is in running state
[2025-03-28T02:27:20.368+0000] {logging_mixin.py:190} INFO -  Previous state of the Task instance: queued
[2025-03-28T02:27:20.369+0000] {logging_mixin.py:190} INFO - Current task name:dbt_run_transactional state:running start_date:2025-03-28 02:27:17.948965+00:00
[2025-03-28T02:27:20.369+0000] {logging_mixin.py:190} INFO - Dag name:load_dbt_clean_reviews_pipeline and current dag run status:running
[2025-03-28T02:27:20.370+0000] {taskinstance.py:732} INFO - ::endgroup::
[2025-03-28T02:27:20.371+0000] {subprocess.py:78} INFO - Tmp dir root location: /tmp
[2025-03-28T02:27:20.373+0000] {subprocess.py:88} INFO - Running command: ['/usr/bin/bash', '-c', 'cd /home/mohammed/.dbt/dbt_projects/bank_reviews_transactional && dbt run']
[2025-03-28T02:27:20.486+0000] {subprocess.py:99} INFO - Output:
[2025-03-28T02:27:40.646+0000] {subprocess.py:106} INFO - [0m02:27:40  Running with dbt=1.9.3
[2025-03-28T02:27:43.479+0000] {subprocess.py:106} INFO - [0m02:27:43  Registered adapter: postgres=1.9.0
[2025-03-28T02:27:46.254+0000] {subprocess.py:106} INFO - [0m02:27:46  [[33mWARNING[0m]: Configuration paths exist in your dbt_project.yml file which do not apply to any resources.
[2025-03-28T02:27:46.255+0000] {subprocess.py:106} INFO - There are 1 unused configuration paths:
[2025-03-28T02:27:46.255+0000] {subprocess.py:106} INFO - - models.bank_reviews_transactional.transactional
[2025-03-28T02:27:48.515+0000] {subprocess.py:106} INFO - [0m02:27:48  Found 1 model, 1 source, 433 macros
[2025-03-28T02:27:48.604+0000] {subprocess.py:106} INFO - [0m02:27:48
[2025-03-28T02:27:48.607+0000] {subprocess.py:106} INFO - [0m02:27:48  Concurrency: 4 threads (target='dev')
[2025-03-28T02:27:48.620+0000] {subprocess.py:106} INFO - [0m02:27:48
[2025-03-28T02:27:51.794+0000] {subprocess.py:106} INFO - [0m02:27:51  1 of 1 START sql table model transactional.clean_reviews ....................... [RUN]
[2025-03-28T02:27:56.104+0000] {subprocess.py:106} INFO - [0m02:27:56  1 of 1 OK created sql table model transactional.clean_reviews .................. [[32mSELECT 153[0m in 4.30s]
[2025-03-28T02:27:56.297+0000] {subprocess.py:106} INFO - [0m02:27:56
[2025-03-28T02:27:56.315+0000] {subprocess.py:106} INFO - [0m02:27:56  Finished running 1 table model in 0 hours 0 minutes and 7.67 seconds (7.67s).
[2025-03-28T02:27:57.028+0000] {subprocess.py:106} INFO - [0m02:27:57
[2025-03-28T02:27:57.050+0000] {subprocess.py:106} INFO - [0m02:27:57  [32mCompleted successfully[0m
[2025-03-28T02:27:57.051+0000] {subprocess.py:106} INFO - [0m02:27:57
[2025-03-28T02:27:57.052+0000] {subprocess.py:106} INFO - [0m02:27:57  Done. PASS=1 WARN=0 ERROR=0 SKIP=0 TOTAL=1
[2025-03-28T02:28:02.544+0000] {subprocess.py:110} INFO - Command exited with return code 0
[2025-03-28T02:28:05.207+0000] {taskinstance.py:341} INFO - ::group::Post task execution logs
[2025-03-28T02:28:05.219+0000] {taskinstance.py:353} INFO - Marking task as SUCCESS. dag_id=load_dbt_clean_reviews_pipeline, task_id=dbt_run_transactional, run_id=scheduled__2024-08-29T00:00:00+00:00, execution_date=20240829T000000, start_date=20250328T022717, end_date=20250328T022805
[2025-03-28T02:28:05.529+0000] {logging_mixin.py:190} INFO - Task instance in success state
[2025-03-28T02:28:05.530+0000] {logging_mixin.py:190} INFO -  Previous state of the Task instance: running
[2025-03-28T02:28:05.530+0000] {logging_mixin.py:190} INFO - Dag name:load_dbt_clean_reviews_pipeline queued_at:2025-03-28 02:27:13.981035+00:00
[2025-03-28T02:28:05.531+0000] {logging_mixin.py:190} INFO - Task hostname:DESKTOP-IM7V4RI. operator:BashOperator
[2025-03-28T02:28:05.589+0000] {local_task_job_runner.py:266} INFO - Task exited with return code 0
[2025-03-28T02:28:05.916+0000] {taskinstance.py:3901} INFO - 0 downstream tasks scheduled from follow-on schedule check
[2025-03-28T02:28:05.931+0000] {local_task_job_runner.py:245} INFO - ::endgroup::
