[2025-03-28T13:38:15.079+0000] {local_task_job_runner.py:123} INFO - ::group::Pre task execution logs
[2025-03-28T13:38:15.191+0000] {taskinstance.py:2614} INFO - Dependencies all met for dep_context=non-requeueable deps ti=<TaskInstance: load_dbt_clean_reviews_pipeline.dbt_run_transactional scheduled__2025-02-06T00:00:00+00:00 [queued]>
[2025-03-28T13:38:15.243+0000] {taskinstance.py:2614} INFO - Dependencies all met for dep_context=requeueable deps ti=<TaskInstance: load_dbt_clean_reviews_pipeline.dbt_run_transactional scheduled__2025-02-06T00:00:00+00:00 [queued]>
[2025-03-28T13:38:15.244+0000] {taskinstance.py:2867} INFO - Starting attempt 1 of 2
[2025-03-28T13:38:15.418+0000] {taskinstance.py:2890} INFO - Executing <Task(BashOperator): dbt_run_transactional> on 2025-02-06 00:00:00+00:00
[2025-03-28T13:38:15.441+0000] {standard_task_runner.py:72} INFO - Started process 10957 to run task
[2025-03-28T13:38:15.501+0000] {standard_task_runner.py:104} INFO - Running: ['airflow', 'tasks', 'run', 'load_dbt_clean_reviews_pipeline', 'dbt_run_transactional', 'scheduled__2025-02-06T00:00:00+00:00', '--job-id', '2328', '--raw', '--subdir', 'DAGS_FOLDER/dag_load_reviews.py', '--cfg-path', '/tmp/tmpt2ujrvsg']
[2025-03-28T13:38:15.508+0000] {standard_task_runner.py:105} INFO - Job 2328: Subtask dbt_run_transactional
[2025-03-28T13:38:16.216+0000] {task_command.py:467} INFO - Running <TaskInstance: load_dbt_clean_reviews_pipeline.dbt_run_transactional scheduled__2025-02-06T00:00:00+00:00 [running]> on host DESKTOP-IM7V4RI.
[2025-03-28T13:38:17.217+0000] {taskinstance.py:3134} INFO - Exporting env vars: AIRFLOW_CTX_DAG_OWNER='mohammed' AIRFLOW_CTX_DAG_ID='load_dbt_clean_reviews_pipeline' AIRFLOW_CTX_TASK_ID='dbt_run_transactional' AIRFLOW_CTX_EXECUTION_DATE='2025-02-06T00:00:00+00:00' AIRFLOW_CTX_TRY_NUMBER='1' AIRFLOW_CTX_DAG_RUN_ID='scheduled__2025-02-06T00:00:00+00:00'
[2025-03-28T13:38:17.280+0000] {logging_mixin.py:190} INFO - Task instance is in running state
[2025-03-28T13:38:17.281+0000] {logging_mixin.py:190} INFO -  Previous state of the Task instance: queued
[2025-03-28T13:38:17.281+0000] {logging_mixin.py:190} INFO - Current task name:dbt_run_transactional state:running start_date:2025-03-28 13:38:15.192425+00:00
[2025-03-28T13:38:17.282+0000] {logging_mixin.py:190} INFO - Dag name:load_dbt_clean_reviews_pipeline and current dag run status:running
[2025-03-28T13:38:17.283+0000] {taskinstance.py:732} INFO - ::endgroup::
[2025-03-28T13:38:17.285+0000] {subprocess.py:78} INFO - Tmp dir root location: /tmp
[2025-03-28T13:38:17.289+0000] {subprocess.py:88} INFO - Running command: ['/usr/bin/bash', '-c', 'cd /home/mohammed/.dbt/dbt_projects/bank_reviews_transactional && dbt run']
[2025-03-28T13:38:17.344+0000] {subprocess.py:99} INFO - Output:
[2025-03-28T13:38:41.237+0000] {subprocess.py:106} INFO - [0m13:38:41  Running with dbt=1.9.3
[2025-03-28T13:38:44.424+0000] {subprocess.py:106} INFO - [0m13:38:44  Registered adapter: postgres=1.9.0
[2025-03-28T13:38:46.455+0000] {subprocess.py:106} INFO - [0m13:38:46  [[33mWARNING[0m]: Configuration paths exist in your dbt_project.yml file which do not apply to any resources.
[2025-03-28T13:38:46.457+0000] {subprocess.py:106} INFO - There are 1 unused configuration paths:
[2025-03-28T13:38:46.466+0000] {subprocess.py:106} INFO - - models.bank_reviews_transactional.transactional
[2025-03-28T13:38:47.379+0000] {subprocess.py:106} INFO - [0m13:38:47  Found 1 model, 1 source, 433 macros
[2025-03-28T13:38:47.394+0000] {subprocess.py:106} INFO - [0m13:38:47
[2025-03-28T13:38:47.396+0000] {subprocess.py:106} INFO - [0m13:38:47  Concurrency: 4 threads (target='dev')
[2025-03-28T13:38:47.400+0000] {subprocess.py:106} INFO - [0m13:38:47
[2025-03-28T13:38:48.311+0000] {subprocess.py:106} INFO - [0m13:38:48  1 of 1 START sql table model transactional.clean_reviews ....................... [RUN]
[2025-03-28T13:38:50.437+0000] {subprocess.py:106} INFO - [0m13:38:50  1 of 1 OK created sql table model transactional.clean_reviews .................. [[32mSELECT 281[0m in 2.11s]
[2025-03-28T13:38:50.631+0000] {subprocess.py:106} INFO - [0m13:38:50
[2025-03-28T13:38:50.644+0000] {subprocess.py:106} INFO - [0m13:38:50  Finished running 1 table model in 0 hours 0 minutes and 3.23 seconds (3.23s).
[2025-03-28T13:38:50.944+0000] {subprocess.py:106} INFO - [0m13:38:50
[2025-03-28T13:38:50.976+0000] {subprocess.py:106} INFO - [0m13:38:50  [32mCompleted successfully[0m
[2025-03-28T13:38:50.978+0000] {subprocess.py:106} INFO - [0m13:38:50
[2025-03-28T13:38:50.985+0000] {subprocess.py:106} INFO - [0m13:38:50  Done. PASS=1 WARN=0 ERROR=0 SKIP=0 TOTAL=1
[2025-03-28T13:38:53.499+0000] {subprocess.py:110} INFO - Command exited with return code 0
[2025-03-28T13:38:54.623+0000] {taskinstance.py:341} INFO - ::group::Post task execution logs
[2025-03-28T13:38:54.633+0000] {taskinstance.py:353} INFO - Marking task as SUCCESS. dag_id=load_dbt_clean_reviews_pipeline, task_id=dbt_run_transactional, run_id=scheduled__2025-02-06T00:00:00+00:00, execution_date=20250206T000000, start_date=20250328T133815, end_date=20250328T133854
[2025-03-28T13:38:54.913+0000] {logging_mixin.py:190} INFO - Task instance in success state
[2025-03-28T13:38:54.922+0000] {logging_mixin.py:190} INFO -  Previous state of the Task instance: running
[2025-03-28T13:38:54.922+0000] {logging_mixin.py:190} INFO - Dag name:load_dbt_clean_reviews_pipeline queued_at:2025-03-28 13:38:08.703265+00:00
[2025-03-28T13:38:54.923+0000] {logging_mixin.py:190} INFO - Task hostname:DESKTOP-IM7V4RI. operator:BashOperator
[2025-03-28T13:38:55.000+0000] {local_task_job_runner.py:266} INFO - Task exited with return code 0
[2025-03-28T13:38:55.185+0000] {taskinstance.py:3901} INFO - 0 downstream tasks scheduled from follow-on schedule check
[2025-03-28T13:38:55.205+0000] {local_task_job_runner.py:245} INFO - ::endgroup::
