[2025-03-28T02:28:24.134+0000] {local_task_job_runner.py:123} INFO - ::group::Pre task execution logs
[2025-03-28T02:28:24.355+0000] {taskinstance.py:2614} INFO - Dependencies all met for dep_context=non-requeueable deps ti=<TaskInstance: load_dbt_clean_reviews_pipeline.dbt_run_transactional scheduled__2024-09-09T00:00:00+00:00 [queued]>
[2025-03-28T02:28:24.436+0000] {taskinstance.py:2614} INFO - Dependencies all met for dep_context=requeueable deps ti=<TaskInstance: load_dbt_clean_reviews_pipeline.dbt_run_transactional scheduled__2024-09-09T00:00:00+00:00 [queued]>
[2025-03-28T02:28:24.439+0000] {taskinstance.py:2867} INFO - Starting attempt 1 of 2
[2025-03-28T02:28:25.536+0000] {taskinstance.py:2890} INFO - Executing <Task(BashOperator): dbt_run_transactional> on 2024-09-09 00:00:00+00:00
[2025-03-28T02:28:25.603+0000] {standard_task_runner.py:72} INFO - Started process 205787 to run task
[2025-03-28T02:28:25.657+0000] {standard_task_runner.py:104} INFO - Running: ['airflow', 'tasks', 'run', 'load_dbt_clean_reviews_pipeline', 'dbt_run_transactional', 'scheduled__2024-09-09T00:00:00+00:00', '--job-id', '2173', '--raw', '--subdir', 'DAGS_FOLDER/dag_load_reviews.py', '--cfg-path', '/tmp/tmpx5lp8cc3']
[2025-03-28T02:28:25.700+0000] {standard_task_runner.py:105} INFO - Job 2173: Subtask dbt_run_transactional
[2025-03-28T02:28:26.615+0000] {task_command.py:467} INFO - Running <TaskInstance: load_dbt_clean_reviews_pipeline.dbt_run_transactional scheduled__2024-09-09T00:00:00+00:00 [running]> on host DESKTOP-IM7V4RI.
[2025-03-28T02:28:27.605+0000] {taskinstance.py:3134} INFO - Exporting env vars: AIRFLOW_CTX_DAG_OWNER='mohammed' AIRFLOW_CTX_DAG_ID='load_dbt_clean_reviews_pipeline' AIRFLOW_CTX_TASK_ID='dbt_run_transactional' AIRFLOW_CTX_EXECUTION_DATE='2024-09-09T00:00:00+00:00' AIRFLOW_CTX_TRY_NUMBER='1' AIRFLOW_CTX_DAG_RUN_ID='scheduled__2024-09-09T00:00:00+00:00'
[2025-03-28T02:28:27.610+0000] {logging_mixin.py:190} INFO - Task instance is in running state
[2025-03-28T02:28:27.611+0000] {logging_mixin.py:190} INFO -  Previous state of the Task instance: queued
[2025-03-28T02:28:27.613+0000] {logging_mixin.py:190} INFO - Current task name:dbt_run_transactional state:running start_date:2025-03-28 02:28:24.356637+00:00
[2025-03-28T02:28:27.634+0000] {logging_mixin.py:190} INFO - Dag name:load_dbt_clean_reviews_pipeline and current dag run status:running
[2025-03-28T02:28:27.640+0000] {taskinstance.py:732} INFO - ::endgroup::
[2025-03-28T02:28:27.643+0000] {subprocess.py:78} INFO - Tmp dir root location: /tmp
[2025-03-28T02:28:27.659+0000] {subprocess.py:88} INFO - Running command: ['/usr/bin/bash', '-c', 'cd /home/mohammed/.dbt/dbt_projects/bank_reviews_transactional && dbt run']
[2025-03-28T02:28:27.803+0000] {subprocess.py:99} INFO - Output:
[2025-03-28T02:28:50.570+0000] {subprocess.py:106} INFO - [0m02:28:50  Running with dbt=1.9.3
[2025-03-28T02:28:59.271+0000] {subprocess.py:106} INFO - [0m02:28:59  Registered adapter: postgres=1.9.0
[2025-03-28T02:29:04.471+0000] {subprocess.py:106} INFO - [0m02:29:04  [[33mWARNING[0m]: Configuration paths exist in your dbt_project.yml file which do not apply to any resources.
[2025-03-28T02:29:04.475+0000] {subprocess.py:106} INFO - There are 1 unused configuration paths:
[2025-03-28T02:29:04.479+0000] {subprocess.py:106} INFO - - models.bank_reviews_transactional.transactional
[2025-03-28T02:29:07.010+0000] {subprocess.py:106} INFO - [0m02:29:07  Found 1 model, 1 source, 433 macros
[2025-03-28T02:29:07.065+0000] {subprocess.py:106} INFO - [0m02:29:07
[2025-03-28T02:29:07.070+0000] {subprocess.py:106} INFO - [0m02:29:07  Concurrency: 4 threads (target='dev')
[2025-03-28T02:29:07.088+0000] {subprocess.py:106} INFO - [0m02:29:07
[2025-03-28T02:29:09.189+0000] {subprocess.py:106} INFO - [0m02:29:09  1 of 1 START sql table model transactional.clean_reviews ....................... [RUN]
[2025-03-28T02:29:12.612+0000] {subprocess.py:106} INFO - [0m02:29:12  1 of 1 OK created sql table model transactional.clean_reviews .................. [[32mSELECT 153[0m in 3.40s]
[2025-03-28T02:29:12.897+0000] {subprocess.py:106} INFO - [0m02:29:12
[2025-03-28T02:29:12.901+0000] {subprocess.py:106} INFO - [0m02:29:12  Finished running 1 table model in 0 hours 0 minutes and 5.72 seconds (5.72s).
[2025-03-28T02:29:13.384+0000] {subprocess.py:106} INFO - [0m02:29:13
[2025-03-28T02:29:13.409+0000] {subprocess.py:106} INFO - [0m02:29:13  [32mCompleted successfully[0m
[2025-03-28T02:29:13.425+0000] {subprocess.py:106} INFO - [0m02:29:13
[2025-03-28T02:29:13.429+0000] {subprocess.py:106} INFO - [0m02:29:13  Done. PASS=1 WARN=0 ERROR=0 SKIP=0 TOTAL=1
[2025-03-28T02:29:18.526+0000] {subprocess.py:110} INFO - Command exited with return code 0
[2025-03-28T02:29:20.696+0000] {taskinstance.py:341} INFO - ::group::Post task execution logs
[2025-03-28T02:29:20.729+0000] {taskinstance.py:353} INFO - Marking task as SUCCESS. dag_id=load_dbt_clean_reviews_pipeline, task_id=dbt_run_transactional, run_id=scheduled__2024-09-09T00:00:00+00:00, execution_date=20240909T000000, start_date=20250328T022824, end_date=20250328T022920
[2025-03-28T02:29:21.297+0000] {logging_mixin.py:190} INFO - Task instance in success state
[2025-03-28T02:29:21.298+0000] {logging_mixin.py:190} INFO -  Previous state of the Task instance: running
[2025-03-28T02:29:21.299+0000] {logging_mixin.py:190} INFO - Dag name:load_dbt_clean_reviews_pipeline queued_at:2025-03-28 02:28:17.678858+00:00
[2025-03-28T02:29:21.300+0000] {logging_mixin.py:190} INFO - Task hostname:DESKTOP-IM7V4RI. operator:BashOperator
[2025-03-28T02:29:21.413+0000] {local_task_job_runner.py:266} INFO - Task exited with return code 0
[2025-03-28T02:29:21.852+0000] {taskinstance.py:3901} INFO - 0 downstream tasks scheduled from follow-on schedule check
[2025-03-28T02:29:21.867+0000] {local_task_job_runner.py:245} INFO - ::endgroup::
