[2025-05-28T18:09:07.924+0100] {processor.py:186} INFO - Started process (PID=1115) to work on /home/mohammed/venv/lib/python3.11/site-packages/airflow/example_dags/subdags/subdag.py
[2025-05-28T18:09:07.927+0100] {processor.py:914} INFO - Processing file /home/mohammed/venv/lib/python3.11/site-packages/airflow/example_dags/subdags/subdag.py for tasks to queue
[2025-05-28T18:09:07.994+0100] {logging_mixin.py:190} INFO - [2025-05-28T18:09:07.993+0100] {dagbag.py:588} INFO - Filling up the DagBag from /home/mohammed/venv/lib/python3.11/site-packages/airflow/example_dags/subdags/subdag.py
[2025-05-28T18:09:07.999+0100] {processor.py:927} WARNING - No viable dags retrieved from /home/mohammed/venv/lib/python3.11/site-packages/airflow/example_dags/subdags/subdag.py
[2025-05-28T18:09:08.054+0100] {processor.py:208} INFO - Processing /home/mohammed/venv/lib/python3.11/site-packages/airflow/example_dags/subdags/subdag.py took 0.170 seconds
[2025-05-28T18:09:39.016+0100] {processor.py:186} INFO - Started process (PID=1967) to work on /home/mohammed/venv/lib/python3.11/site-packages/airflow/example_dags/subdags/subdag.py
[2025-05-28T18:09:39.037+0100] {processor.py:914} INFO - Processing file /home/mohammed/venv/lib/python3.11/site-packages/airflow/example_dags/subdags/subdag.py for tasks to queue
[2025-05-28T18:09:39.063+0100] {logging_mixin.py:190} INFO - [2025-05-28T18:09:39.050+0100] {dagbag.py:588} INFO - Filling up the DagBag from /home/mohammed/venv/lib/python3.11/site-packages/airflow/example_dags/subdags/subdag.py
[2025-05-28T18:09:39.085+0100] {processor.py:927} WARNING - No viable dags retrieved from /home/mohammed/venv/lib/python3.11/site-packages/airflow/example_dags/subdags/subdag.py
[2025-05-28T18:09:39.371+0100] {processor.py:208} INFO - Processing /home/mohammed/venv/lib/python3.11/site-packages/airflow/example_dags/subdags/subdag.py took 0.409 seconds
[2025-05-28T18:10:10.988+0100] {processor.py:186} INFO - Started process (PID=2698) to work on /home/mohammed/venv/lib/python3.11/site-packages/airflow/example_dags/subdags/subdag.py
[2025-05-28T18:10:10.991+0100] {processor.py:914} INFO - Processing file /home/mohammed/venv/lib/python3.11/site-packages/airflow/example_dags/subdags/subdag.py for tasks to queue
[2025-05-28T18:10:10.995+0100] {logging_mixin.py:190} INFO - [2025-05-28T18:10:10.995+0100] {dagbag.py:588} INFO - Filling up the DagBag from /home/mohammed/venv/lib/python3.11/site-packages/airflow/example_dags/subdags/subdag.py
[2025-05-28T18:10:11.010+0100] {processor.py:927} WARNING - No viable dags retrieved from /home/mohammed/venv/lib/python3.11/site-packages/airflow/example_dags/subdags/subdag.py
[2025-05-28T18:10:11.082+0100] {processor.py:208} INFO - Processing /home/mohammed/venv/lib/python3.11/site-packages/airflow/example_dags/subdags/subdag.py took 0.129 seconds
[2025-05-28T18:10:42.429+0100] {processor.py:186} INFO - Started process (PID=3427) to work on /home/mohammed/venv/lib/python3.11/site-packages/airflow/example_dags/subdags/subdag.py
[2025-05-28T18:10:42.431+0100] {processor.py:914} INFO - Processing file /home/mohammed/venv/lib/python3.11/site-packages/airflow/example_dags/subdags/subdag.py for tasks to queue
[2025-05-28T18:10:42.443+0100] {logging_mixin.py:190} INFO - [2025-05-28T18:10:42.442+0100] {dagbag.py:588} INFO - Filling up the DagBag from /home/mohammed/venv/lib/python3.11/site-packages/airflow/example_dags/subdags/subdag.py
[2025-05-28T18:10:42.449+0100] {processor.py:927} WARNING - No viable dags retrieved from /home/mohammed/venv/lib/python3.11/site-packages/airflow/example_dags/subdags/subdag.py
[2025-05-28T18:10:42.593+0100] {processor.py:208} INFO - Processing /home/mohammed/venv/lib/python3.11/site-packages/airflow/example_dags/subdags/subdag.py took 0.212 seconds
[2025-05-28T18:11:13.418+0100] {processor.py:186} INFO - Started process (PID=3983) to work on /home/mohammed/venv/lib/python3.11/site-packages/airflow/example_dags/subdags/subdag.py
[2025-05-28T18:11:13.420+0100] {processor.py:914} INFO - Processing file /home/mohammed/venv/lib/python3.11/site-packages/airflow/example_dags/subdags/subdag.py for tasks to queue
[2025-05-28T18:11:13.430+0100] {logging_mixin.py:190} INFO - [2025-05-28T18:11:13.427+0100] {dagbag.py:588} INFO - Filling up the DagBag from /home/mohammed/venv/lib/python3.11/site-packages/airflow/example_dags/subdags/subdag.py
[2025-05-28T18:11:13.436+0100] {processor.py:927} WARNING - No viable dags retrieved from /home/mohammed/venv/lib/python3.11/site-packages/airflow/example_dags/subdags/subdag.py
[2025-05-28T18:11:13.499+0100] {processor.py:208} INFO - Processing /home/mohammed/venv/lib/python3.11/site-packages/airflow/example_dags/subdags/subdag.py took 0.106 seconds
[2025-05-28T18:11:43.949+0100] {processor.py:186} INFO - Started process (PID=4754) to work on /home/mohammed/venv/lib/python3.11/site-packages/airflow/example_dags/subdags/subdag.py
[2025-05-28T18:11:43.950+0100] {processor.py:914} INFO - Processing file /home/mohammed/venv/lib/python3.11/site-packages/airflow/example_dags/subdags/subdag.py for tasks to queue
[2025-05-28T18:11:43.955+0100] {logging_mixin.py:190} INFO - [2025-05-28T18:11:43.954+0100] {dagbag.py:588} INFO - Filling up the DagBag from /home/mohammed/venv/lib/python3.11/site-packages/airflow/example_dags/subdags/subdag.py
[2025-05-28T18:11:43.958+0100] {processor.py:927} WARNING - No viable dags retrieved from /home/mohammed/venv/lib/python3.11/site-packages/airflow/example_dags/subdags/subdag.py
[2025-05-28T18:11:43.998+0100] {processor.py:208} INFO - Processing /home/mohammed/venv/lib/python3.11/site-packages/airflow/example_dags/subdags/subdag.py took 0.063 seconds
[2025-05-28T18:12:14.831+0100] {processor.py:186} INFO - Started process (PID=5557) to work on /home/mohammed/venv/lib/python3.11/site-packages/airflow/example_dags/subdags/subdag.py
[2025-05-28T18:12:14.841+0100] {processor.py:914} INFO - Processing file /home/mohammed/venv/lib/python3.11/site-packages/airflow/example_dags/subdags/subdag.py for tasks to queue
[2025-05-28T18:12:14.845+0100] {logging_mixin.py:190} INFO - [2025-05-28T18:12:14.845+0100] {dagbag.py:588} INFO - Filling up the DagBag from /home/mohammed/venv/lib/python3.11/site-packages/airflow/example_dags/subdags/subdag.py
[2025-05-28T18:12:14.849+0100] {processor.py:927} WARNING - No viable dags retrieved from /home/mohammed/venv/lib/python3.11/site-packages/airflow/example_dags/subdags/subdag.py
[2025-05-28T18:12:14.884+0100] {processor.py:208} INFO - Processing /home/mohammed/venv/lib/python3.11/site-packages/airflow/example_dags/subdags/subdag.py took 0.068 seconds
[2025-05-28T18:12:45.490+0100] {processor.py:186} INFO - Started process (PID=6354) to work on /home/mohammed/venv/lib/python3.11/site-packages/airflow/example_dags/subdags/subdag.py
[2025-05-28T18:12:45.492+0100] {processor.py:914} INFO - Processing file /home/mohammed/venv/lib/python3.11/site-packages/airflow/example_dags/subdags/subdag.py for tasks to queue
[2025-05-28T18:12:45.495+0100] {logging_mixin.py:190} INFO - [2025-05-28T18:12:45.494+0100] {dagbag.py:588} INFO - Filling up the DagBag from /home/mohammed/venv/lib/python3.11/site-packages/airflow/example_dags/subdags/subdag.py
[2025-05-28T18:12:45.498+0100] {processor.py:927} WARNING - No viable dags retrieved from /home/mohammed/venv/lib/python3.11/site-packages/airflow/example_dags/subdags/subdag.py
[2025-05-28T18:12:45.541+0100] {processor.py:208} INFO - Processing /home/mohammed/venv/lib/python3.11/site-packages/airflow/example_dags/subdags/subdag.py took 0.060 seconds
[2025-05-28T18:13:15.922+0100] {processor.py:186} INFO - Started process (PID=7137) to work on /home/mohammed/venv/lib/python3.11/site-packages/airflow/example_dags/subdags/subdag.py
[2025-05-28T18:13:15.924+0100] {processor.py:914} INFO - Processing file /home/mohammed/venv/lib/python3.11/site-packages/airflow/example_dags/subdags/subdag.py for tasks to queue
[2025-05-28T18:13:15.927+0100] {logging_mixin.py:190} INFO - [2025-05-28T18:13:15.927+0100] {dagbag.py:588} INFO - Filling up the DagBag from /home/mohammed/venv/lib/python3.11/site-packages/airflow/example_dags/subdags/subdag.py
[2025-05-28T18:13:15.930+0100] {processor.py:927} WARNING - No viable dags retrieved from /home/mohammed/venv/lib/python3.11/site-packages/airflow/example_dags/subdags/subdag.py
[2025-05-28T18:13:15.957+0100] {processor.py:208} INFO - Processing /home/mohammed/venv/lib/python3.11/site-packages/airflow/example_dags/subdags/subdag.py took 0.044 seconds
[2025-05-28T18:13:46.269+0100] {processor.py:186} INFO - Started process (PID=7834) to work on /home/mohammed/venv/lib/python3.11/site-packages/airflow/example_dags/subdags/subdag.py
[2025-05-28T18:13:46.270+0100] {processor.py:914} INFO - Processing file /home/mohammed/venv/lib/python3.11/site-packages/airflow/example_dags/subdags/subdag.py for tasks to queue
[2025-05-28T18:13:46.274+0100] {logging_mixin.py:190} INFO - [2025-05-28T18:13:46.273+0100] {dagbag.py:588} INFO - Filling up the DagBag from /home/mohammed/venv/lib/python3.11/site-packages/airflow/example_dags/subdags/subdag.py
[2025-05-28T18:13:46.277+0100] {processor.py:927} WARNING - No viable dags retrieved from /home/mohammed/venv/lib/python3.11/site-packages/airflow/example_dags/subdags/subdag.py
[2025-05-28T18:13:46.322+0100] {processor.py:208} INFO - Processing /home/mohammed/venv/lib/python3.11/site-packages/airflow/example_dags/subdags/subdag.py took 0.065 seconds
[2025-05-28T18:14:16.692+0100] {processor.py:186} INFO - Started process (PID=8472) to work on /home/mohammed/venv/lib/python3.11/site-packages/airflow/example_dags/subdags/subdag.py
[2025-05-28T18:14:16.694+0100] {processor.py:914} INFO - Processing file /home/mohammed/venv/lib/python3.11/site-packages/airflow/example_dags/subdags/subdag.py for tasks to queue
[2025-05-28T18:14:16.696+0100] {logging_mixin.py:190} INFO - [2025-05-28T18:14:16.696+0100] {dagbag.py:588} INFO - Filling up the DagBag from /home/mohammed/venv/lib/python3.11/site-packages/airflow/example_dags/subdags/subdag.py
[2025-05-28T18:14:16.700+0100] {processor.py:927} WARNING - No viable dags retrieved from /home/mohammed/venv/lib/python3.11/site-packages/airflow/example_dags/subdags/subdag.py
[2025-05-28T18:14:16.737+0100] {processor.py:208} INFO - Processing /home/mohammed/venv/lib/python3.11/site-packages/airflow/example_dags/subdags/subdag.py took 0.055 seconds
[2025-05-28T18:14:47.306+0100] {processor.py:186} INFO - Started process (PID=9091) to work on /home/mohammed/venv/lib/python3.11/site-packages/airflow/example_dags/subdags/subdag.py
[2025-05-28T18:14:47.307+0100] {processor.py:914} INFO - Processing file /home/mohammed/venv/lib/python3.11/site-packages/airflow/example_dags/subdags/subdag.py for tasks to queue
[2025-05-28T18:14:47.312+0100] {logging_mixin.py:190} INFO - [2025-05-28T18:14:47.311+0100] {dagbag.py:588} INFO - Filling up the DagBag from /home/mohammed/venv/lib/python3.11/site-packages/airflow/example_dags/subdags/subdag.py
[2025-05-28T18:14:47.315+0100] {processor.py:927} WARNING - No viable dags retrieved from /home/mohammed/venv/lib/python3.11/site-packages/airflow/example_dags/subdags/subdag.py
[2025-05-28T18:14:47.361+0100] {processor.py:208} INFO - Processing /home/mohammed/venv/lib/python3.11/site-packages/airflow/example_dags/subdags/subdag.py took 0.068 seconds
[2025-05-28T18:15:23.489+0100] {processor.py:186} INFO - Started process (PID=10085) to work on /home/mohammed/venv/lib/python3.11/site-packages/airflow/example_dags/subdags/subdag.py
[2025-05-28T18:15:23.491+0100] {processor.py:914} INFO - Processing file /home/mohammed/venv/lib/python3.11/site-packages/airflow/example_dags/subdags/subdag.py for tasks to queue
[2025-05-28T18:15:23.496+0100] {logging_mixin.py:190} INFO - [2025-05-28T18:15:23.495+0100] {dagbag.py:588} INFO - Filling up the DagBag from /home/mohammed/venv/lib/python3.11/site-packages/airflow/example_dags/subdags/subdag.py
[2025-05-28T18:15:23.500+0100] {processor.py:927} WARNING - No viable dags retrieved from /home/mohammed/venv/lib/python3.11/site-packages/airflow/example_dags/subdags/subdag.py
[2025-05-28T18:15:23.537+0100] {processor.py:208} INFO - Processing /home/mohammed/venv/lib/python3.11/site-packages/airflow/example_dags/subdags/subdag.py took 0.058 seconds
[2025-05-28T18:15:53.648+0100] {processor.py:186} INFO - Started process (PID=10725) to work on /home/mohammed/venv/lib/python3.11/site-packages/airflow/example_dags/subdags/subdag.py
[2025-05-28T18:15:53.649+0100] {processor.py:914} INFO - Processing file /home/mohammed/venv/lib/python3.11/site-packages/airflow/example_dags/subdags/subdag.py for tasks to queue
[2025-05-28T18:15:53.652+0100] {logging_mixin.py:190} INFO - [2025-05-28T18:15:53.651+0100] {dagbag.py:588} INFO - Filling up the DagBag from /home/mohammed/venv/lib/python3.11/site-packages/airflow/example_dags/subdags/subdag.py
[2025-05-28T18:15:53.656+0100] {processor.py:927} WARNING - No viable dags retrieved from /home/mohammed/venv/lib/python3.11/site-packages/airflow/example_dags/subdags/subdag.py
[2025-05-28T18:15:53.688+0100] {processor.py:208} INFO - Processing /home/mohammed/venv/lib/python3.11/site-packages/airflow/example_dags/subdags/subdag.py took 0.048 seconds
[2025-05-28T18:16:23.854+0100] {processor.py:186} INFO - Started process (PID=11329) to work on /home/mohammed/venv/lib/python3.11/site-packages/airflow/example_dags/subdags/subdag.py
[2025-05-28T18:16:23.860+0100] {processor.py:914} INFO - Processing file /home/mohammed/venv/lib/python3.11/site-packages/airflow/example_dags/subdags/subdag.py for tasks to queue
[2025-05-28T18:16:23.864+0100] {logging_mixin.py:190} INFO - [2025-05-28T18:16:23.864+0100] {dagbag.py:588} INFO - Filling up the DagBag from /home/mohammed/venv/lib/python3.11/site-packages/airflow/example_dags/subdags/subdag.py
[2025-05-28T18:16:23.870+0100] {processor.py:927} WARNING - No viable dags retrieved from /home/mohammed/venv/lib/python3.11/site-packages/airflow/example_dags/subdags/subdag.py
[2025-05-28T18:16:23.905+0100] {processor.py:208} INFO - Processing /home/mohammed/venv/lib/python3.11/site-packages/airflow/example_dags/subdags/subdag.py took 0.067 seconds
[2025-05-28T18:16:55.382+0100] {processor.py:186} INFO - Started process (PID=11852) to work on /home/mohammed/venv/lib/python3.11/site-packages/airflow/example_dags/subdags/subdag.py
[2025-05-28T18:16:55.383+0100] {processor.py:914} INFO - Processing file /home/mohammed/venv/lib/python3.11/site-packages/airflow/example_dags/subdags/subdag.py for tasks to queue
[2025-05-28T18:16:55.386+0100] {logging_mixin.py:190} INFO - [2025-05-28T18:16:55.385+0100] {dagbag.py:588} INFO - Filling up the DagBag from /home/mohammed/venv/lib/python3.11/site-packages/airflow/example_dags/subdags/subdag.py
[2025-05-28T18:16:55.388+0100] {processor.py:927} WARNING - No viable dags retrieved from /home/mohammed/venv/lib/python3.11/site-packages/airflow/example_dags/subdags/subdag.py
[2025-05-28T18:16:55.416+0100] {processor.py:208} INFO - Processing /home/mohammed/venv/lib/python3.11/site-packages/airflow/example_dags/subdags/subdag.py took 0.042 seconds
