[2025-03-17T01:13:34.816+0000] {local_task_job_runner.py:123} INFO - ::group::Pre task execution logs
[2025-03-17T01:13:34.889+0000] {taskinstance.py:2614} INFO - Dependencies all met for dep_context=non-requeueable deps ti=<TaskInstance: load_reviews_pipeline.dbt_run scheduled__2025-01-13T00:00:00+00:00 [queued]>
[2025-03-17T01:13:34.915+0000] {taskinstance.py:2614} INFO - Dependencies all met for dep_context=requeueable deps ti=<TaskInstance: load_reviews_pipeline.dbt_run scheduled__2025-01-13T00:00:00+00:00 [queued]>
[2025-03-17T01:13:34.916+0000] {taskinstance.py:2867} INFO - Starting attempt 1 of 2
[2025-03-17T01:13:34.977+0000] {taskinstance.py:2890} INFO - Executing <Task(BashOperator): dbt_run> on 2025-01-13 00:00:00+00:00
[2025-03-17T01:13:34.991+0000] {standard_task_runner.py:72} INFO - Started process 321062 to run task
[2025-03-17T01:13:35.008+0000] {standard_task_runner.py:104} INFO - Running: ['airflow', 'tasks', 'run', 'load_reviews_pipeline', 'dbt_run', 'scheduled__2025-01-13T00:00:00+00:00', '--job-id', '583', '--raw', '--subdir', 'DAGS_FOLDER/dag_load_reviews.py', '--cfg-path', '/tmp/tmp5sx6xjwv']
[2025-03-17T01:13:35.011+0000] {standard_task_runner.py:105} INFO - Job 583: Subtask dbt_run
[2025-03-17T01:13:35.288+0000] {task_command.py:467} INFO - Running <TaskInstance: load_reviews_pipeline.dbt_run scheduled__2025-01-13T00:00:00+00:00 [running]> on host DESKTOP-IM7V4RI.
[2025-03-17T01:13:35.571+0000] {taskinstance.py:3134} INFO - Exporting env vars: AIRFLOW_CTX_DAG_OWNER='mohammed' AIRFLOW_CTX_DAG_ID='load_reviews_pipeline' AIRFLOW_CTX_TASK_ID='dbt_run' AIRFLOW_CTX_EXECUTION_DATE='2025-01-13T00:00:00+00:00' AIRFLOW_CTX_TRY_NUMBER='1' AIRFLOW_CTX_DAG_RUN_ID='scheduled__2025-01-13T00:00:00+00:00'
[2025-03-17T01:13:35.574+0000] {logging_mixin.py:190} INFO - Task instance is in running state
[2025-03-17T01:13:35.575+0000] {logging_mixin.py:190} INFO -  Previous state of the Task instance: queued
[2025-03-17T01:13:35.575+0000] {logging_mixin.py:190} INFO - Current task name:dbt_run state:running start_date:2025-03-17 01:13:34.889902+00:00
[2025-03-17T01:13:35.575+0000] {logging_mixin.py:190} INFO - Dag name:load_reviews_pipeline and current dag run status:running
[2025-03-17T01:13:35.576+0000] {taskinstance.py:732} INFO - ::endgroup::
[2025-03-17T01:13:35.578+0000] {subprocess.py:78} INFO - Tmp dir root location: /tmp
[2025-03-17T01:13:35.580+0000] {subprocess.py:88} INFO - Running command: ['/usr/bin/bash', '-c', 'cd /home/mohammed/.dbt/bank_reviews_project && dbt run']
[2025-03-17T01:13:35.603+0000] {subprocess.py:99} INFO - Output:
[2025-03-17T01:13:40.047+0000] {subprocess.py:106} INFO - [0m01:13:40  Running with dbt=1.9.3
[2025-03-17T01:13:41.074+0000] {subprocess.py:106} INFO - [0m01:13:41  Registered adapter: postgres=1.9.0
[2025-03-17T01:13:42.935+0000] {subprocess.py:106} INFO - [0m01:13:42  Found 10 models, 4 data tests, 2 sources, 433 macros
[2025-03-17T01:13:42.985+0000] {subprocess.py:106} INFO - [0m01:13:42
[2025-03-17T01:13:43.000+0000] {subprocess.py:106} INFO - [0m01:13:43  Concurrency: 4 threads (target='dev')
[2025-03-17T01:13:43.015+0000] {subprocess.py:106} INFO - [0m01:13:43
[2025-03-17T01:13:43.898+0000] {subprocess.py:106} INFO - [0m01:13:43  1 of 10 START sql view model public.clean_reviews .............................. [RUN]
[2025-03-17T01:13:43.929+0000] {subprocess.py:106} INFO - [0m01:13:43  2 of 10 START sql table model public.my_first_dbt_model ........................ [RUN]
[2025-03-17T01:13:43.930+0000] {subprocess.py:106} INFO - [0m01:13:43  4 of 10 START sql view model public.stg_clean_reviews .......................... [RUN]
[2025-03-17T01:13:43.943+0000] {subprocess.py:106} INFO - [0m01:13:43  3 of 10 START sql view model public.remove_duplicates .......................... [RUN]
[2025-03-17T01:13:44.551+0000] {subprocess.py:106} INFO - [0m01:13:44  1 of 10 ERROR creating sql view model public.clean_reviews ..................... [[31mERROR[0m in 0.63s]
[2025-03-17T01:13:44.574+0000] {subprocess.py:106} INFO - [0m01:13:44  3 of 10 ERROR creating sql view model public.remove_duplicates ................. [[31mERROR[0m in 0.63s]
[2025-03-17T01:13:44.820+0000] {subprocess.py:106} INFO - [0m01:13:44  2 of 10 OK created sql table model public.my_first_dbt_model ................... [[32mSELECT 2[0m in 0.89s]
[2025-03-17T01:13:44.826+0000] {subprocess.py:106} INFO - [0m01:13:44  5 of 10 START sql view model public.my_second_dbt_model ........................ [RUN]
[2025-03-17T01:13:44.961+0000] {subprocess.py:106} INFO - [0m01:13:44  4 of 10 OK created sql view model public.stg_clean_reviews ..................... [[32mCREATE VIEW[0m in 1.03s]
[2025-03-17T01:13:44.980+0000] {subprocess.py:106} INFO - [0m01:13:44  6 of 10 START sql view model public.dim_bank ................................... [RUN]
[2025-03-17T01:13:44.989+0000] {subprocess.py:106} INFO - [0m01:13:44  7 of 10 START sql view model public.dim_branch ................................. [RUN]
[2025-03-17T01:13:44.994+0000] {subprocess.py:106} INFO - [0m01:13:44  8 of 10 START sql view model public.dim_location ............................... [RUN]
[2025-03-17T01:13:45.150+0000] {subprocess.py:106} INFO - [0m01:13:45  5 of 10 OK created sql view model public.my_second_dbt_model ................... [[32mCREATE VIEW[0m in 0.30s]
[2025-03-17T01:13:45.164+0000] {subprocess.py:106} INFO - [0m01:13:45  9 of 10 START sql view model public.dim_sentiment .............................. [RUN]
[2025-03-17T01:13:45.212+0000] {subprocess.py:106} INFO - [0m01:13:45  6 of 10 ERROR creating sql view model public.dim_bank .......................... [[31mERROR[0m in 0.22s]
[2025-03-17T01:13:45.235+0000] {subprocess.py:106} INFO - [0m01:13:45  8 of 10 ERROR creating sql view model public.dim_location ...................... [[31mERROR[0m in 0.23s]
[2025-03-17T01:13:45.240+0000] {subprocess.py:106} INFO - [0m01:13:45  7 of 10 ERROR creating sql view model public.dim_branch ........................ [[31mERROR[0m in 0.24s]
[2025-03-17T01:13:45.297+0000] {subprocess.py:106} INFO - [0m01:13:45  9 of 10 ERROR creating sql view model public.dim_sentiment ..................... [[31mERROR[0m in 0.12s]
[2025-03-17T01:13:45.303+0000] {subprocess.py:106} INFO - [0m01:13:45  10 of 10 SKIP relation public.fact_reviews ..................................... [[33mSKIP[0m]
[2025-03-17T01:13:45.332+0000] {subprocess.py:106} INFO - [0m01:13:45
[2025-03-17T01:13:45.333+0000] {subprocess.py:106} INFO - [0m01:13:45  Finished running 1 table model, 9 view models in 0 hours 0 minutes and 2.31 seconds (2.31s).
[2025-03-17T01:13:45.399+0000] {subprocess.py:106} INFO - [0m01:13:45
[2025-03-17T01:13:45.400+0000] {subprocess.py:106} INFO - [0m01:13:45  [31mCompleted with 6 errors, 0 partial successes, and 0 warnings:[0m
[2025-03-17T01:13:45.401+0000] {subprocess.py:106} INFO - [0m01:13:45
[2025-03-17T01:13:45.403+0000] {subprocess.py:106} INFO - [0m01:13:45    Database Error in model clean_reviews (models/clean_reviews.sql)
[2025-03-17T01:13:45.403+0000] {subprocess.py:106} INFO -   syntax error at or near "external"
[2025-03-17T01:13:45.404+0000] {subprocess.py:106} INFO -   LINE 2: drop external if exists "project_data_wherhouse"."public"."c...
[2025-03-17T01:13:45.404+0000] {subprocess.py:106} INFO -                ^
[2025-03-17T01:13:45.404+0000] {subprocess.py:106} INFO - [0m01:13:45
[2025-03-17T01:13:45.405+0000] {subprocess.py:106} INFO - [0m01:13:45    Database Error in model remove_duplicates (models/remove_duplicates.sql)
[2025-03-17T01:13:45.405+0000] {subprocess.py:106} INFO -   syntax error at or near "external"
[2025-03-17T01:13:45.405+0000] {subprocess.py:106} INFO -   LINE 2: drop external if exists "project_data_wherhouse"."public"."r...
[2025-03-17T01:13:45.405+0000] {subprocess.py:106} INFO -                ^
[2025-03-17T01:13:45.406+0000] {subprocess.py:106} INFO - [0m01:13:45
[2025-03-17T01:13:45.407+0000] {subprocess.py:106} INFO - [0m01:13:45    Database Error in model dim_bank (models/dim_bank.sql)
[2025-03-17T01:13:45.407+0000] {subprocess.py:106} INFO -   relation "dim_bank" already exists
[2025-03-17T01:13:45.407+0000] {subprocess.py:106} INFO -   compiled code at target/run/bank_reviews_project/models/dim_bank.sql
[2025-03-17T01:13:45.407+0000] {subprocess.py:106} INFO - [0m01:13:45
[2025-03-17T01:13:45.409+0000] {subprocess.py:106} INFO - [0m01:13:45    Database Error in model dim_location (models/dim_location.sql)
[2025-03-17T01:13:45.409+0000] {subprocess.py:106} INFO -   relation "dim_location" already exists
[2025-03-17T01:13:45.409+0000] {subprocess.py:106} INFO -   compiled code at target/run/bank_reviews_project/models/dim_location.sql
[2025-03-17T01:13:45.410+0000] {subprocess.py:106} INFO - [0m01:13:45
[2025-03-17T01:13:45.411+0000] {subprocess.py:106} INFO - [0m01:13:45    Database Error in model dim_branch (models/dim_branch.sql)
[2025-03-17T01:13:45.412+0000] {subprocess.py:106} INFO -   relation "dim_branch" already exists
[2025-03-17T01:13:45.412+0000] {subprocess.py:106} INFO -   compiled code at target/run/bank_reviews_project/models/dim_branch.sql
[2025-03-17T01:13:45.413+0000] {subprocess.py:106} INFO - [0m01:13:45
[2025-03-17T01:13:45.414+0000] {subprocess.py:106} INFO - [0m01:13:45    Database Error in model dim_sentiment (models/dim_sentiment.sql)
[2025-03-17T01:13:45.415+0000] {subprocess.py:106} INFO -   relation "dim_sentiment" already exists
[2025-03-17T01:13:45.415+0000] {subprocess.py:106} INFO -   compiled code at target/run/bank_reviews_project/models/dim_sentiment.sql
[2025-03-17T01:13:45.416+0000] {subprocess.py:106} INFO - [0m01:13:45
[2025-03-17T01:13:45.416+0000] {subprocess.py:106} INFO - [0m01:13:45  Done. PASS=3 WARN=0 ERROR=6 SKIP=1 TOTAL=10
[2025-03-17T01:13:50.616+0000] {subprocess.py:110} INFO - Command exited with return code 1
[2025-03-17T01:13:50.645+0000] {taskinstance.py:3313} ERROR - Task failed with exception
Traceback (most recent call last):
  File "/home/mohammed/venv/lib/python3.11/site-packages/airflow/models/taskinstance.py", line 768, in _execute_task
    result = _execute_callable(context=context, **execute_callable_kwargs)
             ^^^^^^^^^^^^^^^^^^^^^^^^^^^^^^^^^^^^^^^^^^^^^^^^^^^^^^^^^^^^^
  File "/home/mohammed/venv/lib/python3.11/site-packages/airflow/models/taskinstance.py", line 734, in _execute_callable
    return ExecutionCallableRunner(
           ^^^^^^^^^^^^^^^^^^^^^^^^
  File "/home/mohammed/venv/lib/python3.11/site-packages/airflow/utils/operator_helpers.py", line 252, in run
    return self.func(*args, **kwargs)
           ^^^^^^^^^^^^^^^^^^^^^^^^^^
  File "/home/mohammed/venv/lib/python3.11/site-packages/airflow/models/baseoperator.py", line 424, in wrapper
    return func(self, *args, **kwargs)
           ^^^^^^^^^^^^^^^^^^^^^^^^^^^
  File "/home/mohammed/venv/lib/python3.11/site-packages/airflow/operators/bash.py", line 276, in execute
    raise AirflowException(
airflow.exceptions.AirflowException: Bash command failed. The command returned a non-zero exit code 1.
[2025-03-17T01:13:50.655+0000] {logging_mixin.py:190} INFO - Task instance in failure state
[2025-03-17T01:13:50.655+0000] {logging_mixin.py:190} INFO - Task start:2025-03-17 01:13:34.889902+00:00 end:2025-03-17 01:13:50.654414+00:00 duration:15.764512
[2025-03-17T01:13:50.656+0000] {logging_mixin.py:190} INFO - Task:<Task(BashOperator): dbt_run> dag:<DAG: load_reviews_pipeline> dagrun:<DagRun load_reviews_pipeline @ 2025-01-13 00:00:00+00:00: scheduled__2025-01-13T00:00:00+00:00, state:running, queued_at: 2025-03-17 01:13:32.905743+00:00. externally triggered: False>
[2025-03-17T01:13:50.656+0000] {logging_mixin.py:190} INFO - Failure caused by Bash command failed. The command returned a non-zero exit code 1.
[2025-03-17T01:13:50.656+0000] {taskinstance.py:1226} INFO - Marking task as UP_FOR_RETRY. dag_id=load_reviews_pipeline, task_id=dbt_run, run_id=scheduled__2025-01-13T00:00:00+00:00, execution_date=20250113T000000, start_date=20250317T011334, end_date=20250317T011350
[2025-03-17T01:13:50.833+0000] {taskinstance.py:341} INFO - ::group::Post task execution logs
[2025-03-17T01:13:50.834+0000] {standard_task_runner.py:124} ERROR - Failed to execute job 583 for task dbt_run (Bash command failed. The command returned a non-zero exit code 1.; 321062)
Traceback (most recent call last):
  File "/home/mohammed/venv/lib/python3.11/site-packages/airflow/task/task_runner/standard_task_runner.py", line 117, in _start_by_fork
    ret = args.func(args, dag=self.dag)
          ^^^^^^^^^^^^^^^^^^^^^^^^^^^^^
  File "/home/mohammed/venv/lib/python3.11/site-packages/airflow/cli/cli_config.py", line 49, in command
    return func(*args, **kwargs)
           ^^^^^^^^^^^^^^^^^^^^^
  File "/home/mohammed/venv/lib/python3.11/site-packages/airflow/utils/cli.py", line 116, in wrapper
    return f(*args, **kwargs)
           ^^^^^^^^^^^^^^^^^^
  File "/home/mohammed/venv/lib/python3.11/site-packages/airflow/cli/commands/task_command.py", line 483, in task_run
    task_return_code = _run_task_by_selected_method(args, _dag, ti)
                       ^^^^^^^^^^^^^^^^^^^^^^^^^^^^^^^^^^^^^^^^^^^^
  File "/home/mohammed/venv/lib/python3.11/site-packages/airflow/cli/commands/task_command.py", line 256, in _run_task_by_selected_method
    return _run_raw_task(args, ti)
           ^^^^^^^^^^^^^^^^^^^^^^^
  File "/home/mohammed/venv/lib/python3.11/site-packages/airflow/cli/commands/task_command.py", line 341, in _run_raw_task
    return ti._run_raw_task(
           ^^^^^^^^^^^^^^^^^
  File "/home/mohammed/venv/lib/python3.11/site-packages/airflow/utils/session.py", line 97, in wrapper
    return func(*args, session=session, **kwargs)
           ^^^^^^^^^^^^^^^^^^^^^^^^^^^^^^^^^^^^^^
  File "/home/mohammed/venv/lib/python3.11/site-packages/airflow/models/taskinstance.py", line 3006, in _run_raw_task
    return _run_raw_task(
           ^^^^^^^^^^^^^^
  File "/home/mohammed/venv/lib/python3.11/site-packages/airflow/models/taskinstance.py", line 274, in _run_raw_task
    TaskInstance._execute_task_with_callbacks(
  File "/home/mohammed/venv/lib/python3.11/site-packages/airflow/models/taskinstance.py", line 3161, in _execute_task_with_callbacks
    result = self._execute_task(context, task_orig)
             ^^^^^^^^^^^^^^^^^^^^^^^^^^^^^^^^^^^^^^
  File "/home/mohammed/venv/lib/python3.11/site-packages/airflow/models/taskinstance.py", line 3185, in _execute_task
    return _execute_task(self, context, task_orig)
           ^^^^^^^^^^^^^^^^^^^^^^^^^^^^^^^^^^^^^^^
  File "/home/mohammed/venv/lib/python3.11/site-packages/airflow/models/taskinstance.py", line 768, in _execute_task
    result = _execute_callable(context=context, **execute_callable_kwargs)
             ^^^^^^^^^^^^^^^^^^^^^^^^^^^^^^^^^^^^^^^^^^^^^^^^^^^^^^^^^^^^^
  File "/home/mohammed/venv/lib/python3.11/site-packages/airflow/models/taskinstance.py", line 734, in _execute_callable
    return ExecutionCallableRunner(
           ^^^^^^^^^^^^^^^^^^^^^^^^
  File "/home/mohammed/venv/lib/python3.11/site-packages/airflow/utils/operator_helpers.py", line 252, in run
    return self.func(*args, **kwargs)
           ^^^^^^^^^^^^^^^^^^^^^^^^^^
  File "/home/mohammed/venv/lib/python3.11/site-packages/airflow/models/baseoperator.py", line 424, in wrapper
    return func(self, *args, **kwargs)
           ^^^^^^^^^^^^^^^^^^^^^^^^^^^
  File "/home/mohammed/venv/lib/python3.11/site-packages/airflow/operators/bash.py", line 276, in execute
    raise AirflowException(
airflow.exceptions.AirflowException: Bash command failed. The command returned a non-zero exit code 1.
[2025-03-17T01:13:50.870+0000] {local_task_job_runner.py:266} INFO - Task exited with return code 1
[2025-03-17T01:13:50.909+0000] {taskinstance.py:3901} INFO - 0 downstream tasks scheduled from follow-on schedule check
[2025-03-17T01:13:50.913+0000] {local_task_job_runner.py:245} INFO - ::endgroup::
