[2025-03-28T17:33:20.538+0000] {local_task_job_runner.py:123} INFO - ::group::Pre task execution logs
[2025-03-28T17:33:20.751+0000] {taskinstance.py:2614} INFO - Dependencies all met for dep_context=non-requeueable deps ti=<TaskInstance: process_enrichir_clean_reviews.convertir_date_relative manual__2025-03-28T17:32:49.300557+00:00 [queued]>
[2025-03-28T17:33:20.845+0000] {taskinstance.py:2614} INFO - Dependencies all met for dep_context=requeueable deps ti=<TaskInstance: process_enrichir_clean_reviews.convertir_date_relative manual__2025-03-28T17:32:49.300557+00:00 [queued]>
[2025-03-28T17:33:20.846+0000] {taskinstance.py:2867} INFO - Starting attempt 1 of 2
[2025-03-28T17:33:20.962+0000] {taskinstance.py:2890} INFO - Executing <Task(BashOperator): convertir_date_relative> on 2025-03-28 17:32:49.300557+00:00
[2025-03-28T17:33:20.991+0000] {standard_task_runner.py:72} INFO - Started process 234819 to run task
[2025-03-28T17:33:21.008+0000] {standard_task_runner.py:104} INFO - Running: ['airflow', 'tasks', 'run', 'process_enrichir_clean_reviews', 'convertir_date_relative', 'manual__2025-03-28T17:32:49.300557+00:00', '--job-id', '2375', '--raw', '--subdir', 'DAGS_FOLDER/process_clean_reviews.py', '--cfg-path', '/tmp/tmpitp3kuxk']
[2025-03-28T17:33:21.010+0000] {standard_task_runner.py:105} INFO - Job 2375: Subtask convertir_date_relative
[2025-03-28T17:33:21.276+0000] {task_command.py:467} INFO - Running <TaskInstance: process_enrichir_clean_reviews.convertir_date_relative manual__2025-03-28T17:32:49.300557+00:00 [running]> on host DESKTOP-IM7V4RI.
[2025-03-28T17:33:22.470+0000] {taskinstance.py:3134} INFO - Exporting env vars: AIRFLOW_CTX_DAG_OWNER='airflow' AIRFLOW_CTX_DAG_ID='process_enrichir_clean_reviews' AIRFLOW_CTX_TASK_ID='convertir_date_relative' AIRFLOW_CTX_EXECUTION_DATE='2025-03-28T17:32:49.300557+00:00' AIRFLOW_CTX_TRY_NUMBER='1' AIRFLOW_CTX_DAG_RUN_ID='manual__2025-03-28T17:32:49.300557+00:00'
[2025-03-28T17:33:22.478+0000] {logging_mixin.py:190} INFO - Task instance is in running state
[2025-03-28T17:33:22.479+0000] {logging_mixin.py:190} INFO -  Previous state of the Task instance: queued
[2025-03-28T17:33:22.480+0000] {logging_mixin.py:190} INFO - Current task name:convertir_date_relative state:running start_date:2025-03-28 17:33:20.751988+00:00
[2025-03-28T17:33:22.480+0000] {logging_mixin.py:190} INFO - Dag name:process_enrichir_clean_reviews and current dag run status:running
[2025-03-28T17:33:22.483+0000] {taskinstance.py:732} INFO - ::endgroup::
[2025-03-28T17:33:22.494+0000] {subprocess.py:78} INFO - Tmp dir root location: /tmp
[2025-03-28T17:33:22.509+0000] {subprocess.py:88} INFO - Running command: ['/usr/bin/bash', '-c', 'python3 /home/mohammed/airflow/scripts/convertir_date_relative.py']
[2025-03-28T17:33:22.567+0000] {subprocess.py:99} INFO - Output:
[2025-03-28T17:33:26.481+0000] {subprocess.py:106} INFO - ✅ Conversion des dates et insertion/mise à jour terminées avec succès.
[2025-03-28T17:33:26.543+0000] {subprocess.py:110} INFO - Command exited with return code 0
[2025-03-28T17:33:26.727+0000] {taskinstance.py:341} INFO - ::group::Post task execution logs
[2025-03-28T17:33:26.734+0000] {taskinstance.py:353} INFO - Marking task as SUCCESS. dag_id=process_enrichir_clean_reviews, task_id=convertir_date_relative, run_id=manual__2025-03-28T17:32:49.300557+00:00, execution_date=20250328T173249, start_date=20250328T173320, end_date=20250328T173326
[2025-03-28T17:33:29.871+0000] {logging_mixin.py:190} INFO - Task instance in success state
[2025-03-28T17:33:29.872+0000] {logging_mixin.py:190} INFO -  Previous state of the Task instance: running
[2025-03-28T17:33:29.873+0000] {logging_mixin.py:190} INFO - Dag name:process_enrichir_clean_reviews queued_at:2025-03-28 17:32:51.643404+00:00
[2025-03-28T17:33:29.873+0000] {logging_mixin.py:190} INFO - Task hostname:DESKTOP-IM7V4RI. operator:BashOperator
[2025-03-28T17:33:30.295+0000] {local_task_job_runner.py:266} INFO - Task exited with return code 0
[2025-03-28T17:33:30.531+0000] {taskinstance.py:3901} INFO - 1 downstream tasks scheduled from follow-on schedule check
[2025-03-28T17:33:30.544+0000] {local_task_job_runner.py:245} INFO - ::endgroup::
