[2025-03-28T02:23:51.498+0000] {local_task_job_runner.py:123} INFO - ::group::Pre task execution logs
[2025-03-28T02:23:51.583+0000] {taskinstance.py:2614} INFO - Dependencies all met for dep_context=non-requeueable deps ti=<TaskInstance: load_dbt_clean_reviews_pipeline.dbt_run_transactional scheduled__2024-06-26T00:00:00+00:00 [queued]>
[2025-03-28T02:23:51.617+0000] {taskinstance.py:2614} INFO - Dependencies all met for dep_context=requeueable deps ti=<TaskInstance: load_dbt_clean_reviews_pipeline.dbt_run_transactional scheduled__2024-06-26T00:00:00+00:00 [queued]>
[2025-03-28T02:23:51.619+0000] {taskinstance.py:2867} INFO - Starting attempt 1 of 2
[2025-03-28T02:23:51.667+0000] {taskinstance.py:2890} INFO - Executing <Task(BashOperator): dbt_run_transactional> on 2024-06-26 00:00:00+00:00
[2025-03-28T02:23:51.685+0000] {standard_task_runner.py:72} INFO - Started process 198167 to run task
[2025-03-28T02:23:51.706+0000] {standard_task_runner.py:104} INFO - Running: ['airflow', 'tasks', 'run', 'load_dbt_clean_reviews_pipeline', 'dbt_run_transactional', 'scheduled__2024-06-26T00:00:00+00:00', '--job-id', '2093', '--raw', '--subdir', 'DAGS_FOLDER/dag_load_reviews.py', '--cfg-path', '/tmp/tmpcleod4d9']
[2025-03-28T02:23:51.709+0000] {standard_task_runner.py:105} INFO - Job 2093: Subtask dbt_run_transactional
[2025-03-28T02:23:51.934+0000] {task_command.py:467} INFO - Running <TaskInstance: load_dbt_clean_reviews_pipeline.dbt_run_transactional scheduled__2024-06-26T00:00:00+00:00 [running]> on host DESKTOP-IM7V4RI.
[2025-03-28T02:23:52.418+0000] {taskinstance.py:3134} INFO - Exporting env vars: AIRFLOW_CTX_DAG_OWNER='mohammed' AIRFLOW_CTX_DAG_ID='load_dbt_clean_reviews_pipeline' AIRFLOW_CTX_TASK_ID='dbt_run_transactional' AIRFLOW_CTX_EXECUTION_DATE='2024-06-26T00:00:00+00:00' AIRFLOW_CTX_TRY_NUMBER='1' AIRFLOW_CTX_DAG_RUN_ID='scheduled__2024-06-26T00:00:00+00:00'
[2025-03-28T02:23:52.421+0000] {logging_mixin.py:190} INFO - Task instance is in running state
[2025-03-28T02:23:52.422+0000] {logging_mixin.py:190} INFO -  Previous state of the Task instance: queued
[2025-03-28T02:23:52.423+0000] {logging_mixin.py:190} INFO - Current task name:dbt_run_transactional state:running start_date:2025-03-28 02:23:51.585136+00:00
[2025-03-28T02:23:52.423+0000] {logging_mixin.py:190} INFO - Dag name:load_dbt_clean_reviews_pipeline and current dag run status:running
[2025-03-28T02:23:52.424+0000] {taskinstance.py:732} INFO - ::endgroup::
[2025-03-28T02:23:52.426+0000] {subprocess.py:78} INFO - Tmp dir root location: /tmp
[2025-03-28T02:23:52.429+0000] {subprocess.py:88} INFO - Running command: ['/usr/bin/bash', '-c', 'cd /home/mohammed/.dbt/dbt_projects/bank_reviews_transactional && dbt run']
[2025-03-28T02:23:52.475+0000] {subprocess.py:99} INFO - Output:
[2025-03-28T02:23:58.724+0000] {subprocess.py:106} INFO - [0m02:23:58  Running with dbt=1.9.3
[2025-03-28T02:24:00.216+0000] {subprocess.py:106} INFO - [0m02:24:00  Registered adapter: postgres=1.9.0
[2025-03-28T02:24:01.461+0000] {subprocess.py:106} INFO - [0m02:24:01  [[33mWARNING[0m]: Configuration paths exist in your dbt_project.yml file which do not apply to any resources.
[2025-03-28T02:24:01.462+0000] {subprocess.py:106} INFO - There are 1 unused configuration paths:
[2025-03-28T02:24:01.463+0000] {subprocess.py:106} INFO - - models.bank_reviews_transactional.transactional
[2025-03-28T02:24:02.264+0000] {subprocess.py:106} INFO - [0m02:24:02  Found 1 model, 1 source, 433 macros
[2025-03-28T02:24:02.272+0000] {subprocess.py:106} INFO - [0m02:24:02
[2025-03-28T02:24:02.274+0000] {subprocess.py:106} INFO - [0m02:24:02  Concurrency: 4 threads (target='dev')
[2025-03-28T02:24:02.275+0000] {subprocess.py:106} INFO - [0m02:24:02
[2025-03-28T02:24:02.994+0000] {subprocess.py:106} INFO - [0m02:24:02  1 of 1 START sql table model transactional.clean_reviews ....................... [RUN]
[2025-03-28T02:24:04.058+0000] {subprocess.py:106} INFO - [0m02:24:04  1 of 1 OK created sql table model transactional.clean_reviews .................. [[32mSELECT 153[0m in 1.06s]
[2025-03-28T02:24:04.188+0000] {subprocess.py:106} INFO - [0m02:24:04
[2025-03-28T02:24:04.190+0000] {subprocess.py:106} INFO - [0m02:24:04  Finished running 1 table model in 0 hours 0 minutes and 1.91 seconds (1.91s).
[2025-03-28T02:24:04.345+0000] {subprocess.py:106} INFO - [0m02:24:04
[2025-03-28T02:24:04.347+0000] {subprocess.py:106} INFO - [0m02:24:04  [32mCompleted successfully[0m
[2025-03-28T02:24:04.349+0000] {subprocess.py:106} INFO - [0m02:24:04
[2025-03-28T02:24:04.351+0000] {subprocess.py:106} INFO - [0m02:24:04  Done. PASS=1 WARN=0 ERROR=0 SKIP=0 TOTAL=1
[2025-03-28T02:24:08.861+0000] {subprocess.py:110} INFO - Command exited with return code 0
[2025-03-28T02:24:09.161+0000] {taskinstance.py:341} INFO - ::group::Post task execution logs
[2025-03-28T02:24:09.162+0000] {taskinstance.py:353} INFO - Marking task as SUCCESS. dag_id=load_dbt_clean_reviews_pipeline, task_id=dbt_run_transactional, run_id=scheduled__2024-06-26T00:00:00+00:00, execution_date=20240626T000000, start_date=20250328T022351, end_date=20250328T022409
[2025-03-28T02:24:09.528+0000] {logging_mixin.py:190} INFO - Task instance in success state
[2025-03-28T02:24:09.529+0000] {logging_mixin.py:190} INFO -  Previous state of the Task instance: running
[2025-03-28T02:24:09.529+0000] {logging_mixin.py:190} INFO - Dag name:load_dbt_clean_reviews_pipeline queued_at:2025-03-28 02:23:47.179542+00:00
[2025-03-28T02:24:09.530+0000] {logging_mixin.py:190} INFO - Task hostname:DESKTOP-IM7V4RI. operator:BashOperator
[2025-03-28T02:24:09.622+0000] {local_task_job_runner.py:266} INFO - Task exited with return code 0
[2025-03-28T02:24:09.781+0000] {taskinstance.py:3901} INFO - 0 downstream tasks scheduled from follow-on schedule check
[2025-03-28T02:24:09.790+0000] {local_task_job_runner.py:245} INFO - ::endgroup::
