[2025-03-20T00:47:42.190+0000] {local_task_job_runner.py:123} INFO - ::group::Pre task execution logs
[2025-03-20T00:47:42.293+0000] {taskinstance.py:2614} INFO - Dependencies all met for dep_context=non-requeueable deps ti=<TaskInstance: automate_emploi_extraction.extract_data scheduled__2024-06-04T00:00:00+00:00 [queued]>
[2025-03-20T00:47:42.328+0000] {taskinstance.py:2614} INFO - Dependencies all met for dep_context=requeueable deps ti=<TaskInstance: automate_emploi_extraction.extract_data scheduled__2024-06-04T00:00:00+00:00 [queued]>
[2025-03-20T00:47:42.329+0000] {taskinstance.py:2867} INFO - Starting attempt 1 of 2
[2025-03-20T00:47:42.669+0000] {taskinstance.py:2890} INFO - Executing <Task(PythonOperator): extract_data> on 2024-06-04 00:00:00+00:00
[2025-03-20T00:47:42.713+0000] {standard_task_runner.py:72} INFO - Started process 78749 to run task
[2025-03-20T00:47:42.714+0000] {standard_task_runner.py:104} INFO - Running: ['airflow', 'tasks', 'run', 'automate_emploi_extraction', 'extract_data', 'scheduled__2024-06-04T00:00:00+00:00', '--job-id', '1559', '--raw', '--subdir', 'DAGS_FOLDER/dag_scraper_offres_emploi.py', '--cfg-path', '/tmp/tmp4948d_vn']
[2025-03-20T00:47:42.717+0000] {standard_task_runner.py:105} INFO - Job 1559: Subtask extract_data
[2025-03-20T00:47:43.224+0000] {task_command.py:467} INFO - Running <TaskInstance: automate_emploi_extraction.extract_data scheduled__2024-06-04T00:00:00+00:00 [running]> on host DESKTOP-IM7V4RI.
[2025-03-20T00:47:44.065+0000] {taskinstance.py:3134} INFO - Exporting env vars: AIRFLOW_CTX_DAG_OWNER='airflow' AIRFLOW_CTX_DAG_ID='automate_emploi_extraction' AIRFLOW_CTX_TASK_ID='extract_data' AIRFLOW_CTX_EXECUTION_DATE='2024-06-04T00:00:00+00:00' AIRFLOW_CTX_TRY_NUMBER='1' AIRFLOW_CTX_DAG_RUN_ID='scheduled__2024-06-04T00:00:00+00:00'
[2025-03-20T00:47:44.069+0000] {logging_mixin.py:190} INFO - Task instance is in running state
[2025-03-20T00:47:44.069+0000] {logging_mixin.py:190} INFO -  Previous state of the Task instance: queued
[2025-03-20T00:47:44.070+0000] {logging_mixin.py:190} INFO - Current task name:extract_data state:running start_date:2025-03-20 00:47:42.297571+00:00
[2025-03-20T00:47:44.071+0000] {logging_mixin.py:190} INFO - Dag name:automate_emploi_extraction and current dag run status:running
[2025-03-20T00:47:44.071+0000] {taskinstance.py:732} INFO - ::endgroup::
[2025-03-20T00:47:44.523+0000] {logging_mixin.py:190} INFO - Erreur de requête pour la première page : 403
[2025-03-20T00:47:44.525+0000] {logging_mixin.py:190} INFO - Fichier JSON enregistré avec succès.
[2025-03-20T00:47:44.531+0000] {python.py:240} INFO - Done. Returned value was: None
[2025-03-20T00:47:44.652+0000] {taskinstance.py:341} INFO - ::group::Post task execution logs
[2025-03-20T00:47:44.654+0000] {taskinstance.py:353} INFO - Marking task as SUCCESS. dag_id=automate_emploi_extraction, task_id=extract_data, run_id=scheduled__2024-06-04T00:00:00+00:00, execution_date=20240604T000000, start_date=20250320T004742, end_date=20250320T004744
[2025-03-20T00:47:44.926+0000] {logging_mixin.py:190} INFO - Task instance in success state
[2025-03-20T00:47:44.926+0000] {logging_mixin.py:190} INFO -  Previous state of the Task instance: running
[2025-03-20T00:47:44.927+0000] {logging_mixin.py:190} INFO - Dag name:automate_emploi_extraction queued_at:2025-03-20 00:47:37.142201+00:00
[2025-03-20T00:47:44.927+0000] {logging_mixin.py:190} INFO - Task hostname:DESKTOP-IM7V4RI. operator:PythonOperator
[2025-03-20T00:47:44.996+0000] {local_task_job_runner.py:266} INFO - Task exited with return code 0
[2025-03-20T00:47:45.228+0000] {local_task_job_runner.py:245} INFO - ::endgroup::
