[2025-03-17T00:57:29.656+0000] {local_task_job_runner.py:123} INFO - ::group::Pre task execution logs
[2025-03-17T00:57:29.702+0000] {taskinstance.py:2614} INFO - Dependencies all met for dep_context=non-requeueable deps ti=<TaskInstance: load_reviews_pipeline.dbt_run scheduled__2024-09-07T00:00:00+00:00 [queued]>
[2025-03-17T00:57:29.731+0000] {taskinstance.py:2614} INFO - Dependencies all met for dep_context=requeueable deps ti=<TaskInstance: load_reviews_pipeline.dbt_run scheduled__2024-09-07T00:00:00+00:00 [queued]>
[2025-03-17T00:57:29.732+0000] {taskinstance.py:2867} INFO - Starting attempt 1 of 2
[2025-03-17T00:57:29.770+0000] {taskinstance.py:2890} INFO - Executing <Task(BashOperator): dbt_run> on 2024-09-07 00:00:00+00:00
[2025-03-17T00:57:29.782+0000] {standard_task_runner.py:72} INFO - Started process 297129 to run task
[2025-03-17T00:57:29.793+0000] {standard_task_runner.py:104} INFO - Running: ['airflow', 'tasks', 'run', 'load_reviews_pipeline', 'dbt_run', 'scheduled__2024-09-07T00:00:00+00:00', '--job-id', '410', '--raw', '--subdir', 'DAGS_FOLDER/dag_load_reviews.py', '--cfg-path', '/tmp/tmpjbvw_l28']
[2025-03-17T00:57:29.796+0000] {standard_task_runner.py:105} INFO - Job 410: Subtask dbt_run
[2025-03-17T00:57:29.972+0000] {task_command.py:467} INFO - Running <TaskInstance: load_reviews_pipeline.dbt_run scheduled__2024-09-07T00:00:00+00:00 [running]> on host DESKTOP-IM7V4RI.
[2025-03-17T00:57:30.215+0000] {taskinstance.py:3134} INFO - Exporting env vars: AIRFLOW_CTX_DAG_OWNER='mohammed' AIRFLOW_CTX_DAG_ID='load_reviews_pipeline' AIRFLOW_CTX_TASK_ID='dbt_run' AIRFLOW_CTX_EXECUTION_DATE='2024-09-07T00:00:00+00:00' AIRFLOW_CTX_TRY_NUMBER='1' AIRFLOW_CTX_DAG_RUN_ID='scheduled__2024-09-07T00:00:00+00:00'
[2025-03-17T00:57:30.218+0000] {logging_mixin.py:190} INFO - Task instance is in running state
[2025-03-17T00:57:30.219+0000] {logging_mixin.py:190} INFO -  Previous state of the Task instance: queued
[2025-03-17T00:57:30.220+0000] {logging_mixin.py:190} INFO - Current task name:dbt_run state:running start_date:2025-03-17 00:57:29.703230+00:00
[2025-03-17T00:57:30.220+0000] {logging_mixin.py:190} INFO - Dag name:load_reviews_pipeline and current dag run status:running
[2025-03-17T00:57:30.221+0000] {taskinstance.py:732} INFO - ::endgroup::
[2025-03-17T00:57:30.223+0000] {subprocess.py:78} INFO - Tmp dir root location: /tmp
[2025-03-17T00:57:30.226+0000] {subprocess.py:88} INFO - Running command: ['/usr/bin/bash', '-c', 'cd /home/mohammed/.dbt/bank_reviews_project && dbt run']
[2025-03-17T00:57:30.246+0000] {subprocess.py:99} INFO - Output:
[2025-03-17T00:57:33.590+0000] {subprocess.py:106} INFO - [0m00:57:33  Running with dbt=1.9.3
[2025-03-17T00:57:34.185+0000] {subprocess.py:106} INFO - [0m00:57:34  Registered adapter: postgres=1.9.0
[2025-03-17T00:57:35.033+0000] {subprocess.py:106} INFO - [0m00:57:35  Found 10 models, 4 data tests, 2 sources, 433 macros
[2025-03-17T00:57:35.039+0000] {subprocess.py:106} INFO - [0m00:57:35
[2025-03-17T00:57:35.040+0000] {subprocess.py:106} INFO - [0m00:57:35  Concurrency: 4 threads (target='dev')
[2025-03-17T00:57:35.040+0000] {subprocess.py:106} INFO - [0m00:57:35
[2025-03-17T00:57:35.332+0000] {subprocess.py:106} INFO - [0m00:57:35  1 of 10 START sql view model public.clean_reviews .............................. [RUN]
[2025-03-17T00:57:35.337+0000] {subprocess.py:106} INFO - [0m00:57:35  2 of 10 START sql table model public.my_first_dbt_model ........................ [RUN]
[2025-03-17T00:57:35.338+0000] {subprocess.py:106} INFO - [0m00:57:35  3 of 10 START sql view model public.remove_duplicates .......................... [RUN]
[2025-03-17T00:57:35.339+0000] {subprocess.py:106} INFO - [0m00:57:35  4 of 10 START sql view model public.stg_clean_reviews .......................... [RUN]
[2025-03-17T00:57:36.128+0000] {subprocess.py:106} INFO - [0m00:57:36  1 of 10 OK created sql view model public.clean_reviews ......................... [[32mCREATE VIEW[0m in 0.78s]
[2025-03-17T00:57:36.132+0000] {subprocess.py:106} INFO - [0m00:57:36  4 of 10 OK created sql view model public.stg_clean_reviews ..................... [[32mCREATE VIEW[0m in 0.78s]
[2025-03-17T00:57:36.158+0000] {subprocess.py:106} INFO - [0m00:57:36  5 of 10 START sql view model public.dim_bank ................................... [RUN]
[2025-03-17T00:57:36.160+0000] {subprocess.py:106} INFO - [0m00:57:36  6 of 10 START sql view model public.dim_branch ................................. [RUN]
[2025-03-17T00:57:36.163+0000] {subprocess.py:106} INFO - [0m00:57:36  2 of 10 OK created sql table model public.my_first_dbt_model ................... [[32mSELECT 2[0m in 0.81s]
[2025-03-17T00:57:36.175+0000] {subprocess.py:106} INFO - [0m00:57:36  3 of 10 OK created sql view model public.remove_duplicates ..................... [[32mCREATE VIEW[0m in 0.82s]
[2025-03-17T00:57:36.197+0000] {subprocess.py:106} INFO - [0m00:57:36  7 of 10 START sql view model public.dim_location ............................... [RUN]
[2025-03-17T00:57:36.208+0000] {subprocess.py:106} INFO - [0m00:57:36  8 of 10 START sql view model public.dim_sentiment .............................. [RUN]
[2025-03-17T00:57:36.536+0000] {subprocess.py:106} INFO - [0m00:57:36  6 of 10 OK created sql view model public.dim_branch ............................ [[32mCREATE VIEW[0m in 0.35s]
[2025-03-17T00:57:36.558+0000] {subprocess.py:106} INFO - [0m00:57:36  9 of 10 START sql view model public.my_second_dbt_model ........................ [RUN]
[2025-03-17T00:57:36.582+0000] {subprocess.py:106} INFO - [0m00:57:36  7 of 10 OK created sql view model public.dim_location .......................... [[32mCREATE VIEW[0m in 0.37s]
[2025-03-17T00:57:36.584+0000] {subprocess.py:106} INFO - [0m00:57:36  5 of 10 OK created sql view model public.dim_bank .............................. [[32mCREATE VIEW[0m in 0.41s]
[2025-03-17T00:57:36.598+0000] {subprocess.py:106} INFO - [0m00:57:36  8 of 10 OK created sql view model public.dim_sentiment ......................... [[32mCREATE VIEW[0m in 0.35s]
[2025-03-17T00:57:36.615+0000] {subprocess.py:106} INFO - [0m00:57:36  10 of 10 START sql view model public.fact_reviews .............................. [RUN]
[2025-03-17T00:57:36.730+0000] {subprocess.py:106} INFO - [0m00:57:36  9 of 10 OK created sql view model public.my_second_dbt_model ................... [[32mCREATE VIEW[0m in 0.16s]
[2025-03-17T00:57:36.754+0000] {subprocess.py:106} INFO - [0m00:57:36  10 of 10 OK created sql view model public.fact_reviews ......................... [[32mCREATE VIEW[0m in 0.13s]
[2025-03-17T00:57:36.794+0000] {subprocess.py:106} INFO - [0m00:57:36
[2025-03-17T00:57:36.795+0000] {subprocess.py:106} INFO - [0m00:57:36  Finished running 1 table model, 9 view models in 0 hours 0 minutes and 1.75 seconds (1.75s).
[2025-03-17T00:57:36.881+0000] {subprocess.py:106} INFO - [0m00:57:36
[2025-03-17T00:57:36.882+0000] {subprocess.py:106} INFO - [0m00:57:36  [32mCompleted successfully[0m
[2025-03-17T00:57:36.884+0000] {subprocess.py:106} INFO - [0m00:57:36
[2025-03-17T00:57:36.885+0000] {subprocess.py:106} INFO - [0m00:57:36  Done. PASS=10 WARN=0 ERROR=0 SKIP=0 TOTAL=10
[2025-03-17T00:57:38.677+0000] {subprocess.py:110} INFO - Command exited with return code 0
[2025-03-17T00:57:38.779+0000] {taskinstance.py:341} INFO - ::group::Post task execution logs
[2025-03-17T00:57:38.780+0000] {taskinstance.py:353} INFO - Marking task as SUCCESS. dag_id=load_reviews_pipeline, task_id=dbt_run, run_id=scheduled__2024-09-07T00:00:00+00:00, execution_date=20240907T000000, start_date=20250317T005729, end_date=20250317T005738
[2025-03-17T00:57:38.887+0000] {logging_mixin.py:190} INFO - Task instance in success state
[2025-03-17T00:57:38.887+0000] {logging_mixin.py:190} INFO -  Previous state of the Task instance: running
[2025-03-17T00:57:38.889+0000] {logging_mixin.py:190} INFO - Dag name:load_reviews_pipeline queued_at:2025-03-17 00:57:27.470225+00:00
[2025-03-17T00:57:38.889+0000] {logging_mixin.py:190} INFO - Task hostname:DESKTOP-IM7V4RI. operator:BashOperator
[2025-03-17T00:57:38.915+0000] {local_task_job_runner.py:266} INFO - Task exited with return code 0
[2025-03-17T00:57:38.969+0000] {taskinstance.py:3901} INFO - 0 downstream tasks scheduled from follow-on schedule check
[2025-03-17T00:57:38.978+0000] {local_task_job_runner.py:245} INFO - ::endgroup::
