[2025-03-28T13:35:53.049+0000] {local_task_job_runner.py:123} INFO - ::group::Pre task execution logs
[2025-03-28T13:35:53.420+0000] {taskinstance.py:2614} INFO - Dependencies all met for dep_context=non-requeueable deps ti=<TaskInstance: load_dbt_clean_reviews_pipeline.dbt_run_transactional scheduled__2025-01-11T00:00:00+00:00 [queued]>
[2025-03-28T13:35:53.564+0000] {taskinstance.py:2614} INFO - Dependencies all met for dep_context=requeueable deps ti=<TaskInstance: load_dbt_clean_reviews_pipeline.dbt_run_transactional scheduled__2025-01-11T00:00:00+00:00 [queued]>
[2025-03-28T13:35:53.564+0000] {taskinstance.py:2867} INFO - Starting attempt 1 of 2
[2025-03-28T13:35:53.737+0000] {taskinstance.py:2890} INFO - Executing <Task(BashOperator): dbt_run_transactional> on 2025-01-11 00:00:00+00:00
[2025-03-28T13:35:53.786+0000] {standard_task_runner.py:72} INFO - Started process 6863 to run task
[2025-03-28T13:35:53.801+0000] {standard_task_runner.py:104} INFO - Running: ['airflow', 'tasks', 'run', 'load_dbt_clean_reviews_pipeline', 'dbt_run_transactional', 'scheduled__2025-01-11T00:00:00+00:00', '--job-id', '2304', '--raw', '--subdir', 'DAGS_FOLDER/dag_load_reviews.py', '--cfg-path', '/tmp/tmp9x3bg9u4']
[2025-03-28T13:35:53.823+0000] {standard_task_runner.py:105} INFO - Job 2304: Subtask dbt_run_transactional
[2025-03-28T13:35:54.681+0000] {task_command.py:467} INFO - Running <TaskInstance: load_dbt_clean_reviews_pipeline.dbt_run_transactional scheduled__2025-01-11T00:00:00+00:00 [running]> on host DESKTOP-IM7V4RI.
[2025-03-28T13:35:56.618+0000] {taskinstance.py:3134} INFO - Exporting env vars: AIRFLOW_CTX_DAG_OWNER='mohammed' AIRFLOW_CTX_DAG_ID='load_dbt_clean_reviews_pipeline' AIRFLOW_CTX_TASK_ID='dbt_run_transactional' AIRFLOW_CTX_EXECUTION_DATE='2025-01-11T00:00:00+00:00' AIRFLOW_CTX_TRY_NUMBER='1' AIRFLOW_CTX_DAG_RUN_ID='scheduled__2025-01-11T00:00:00+00:00'
[2025-03-28T13:35:56.621+0000] {logging_mixin.py:190} INFO - Task instance is in running state
[2025-03-28T13:35:56.621+0000] {logging_mixin.py:190} INFO -  Previous state of the Task instance: queued
[2025-03-28T13:35:56.622+0000] {logging_mixin.py:190} INFO - Current task name:dbt_run_transactional state:running start_date:2025-03-28 13:35:53.421101+00:00
[2025-03-28T13:35:56.623+0000] {logging_mixin.py:190} INFO - Dag name:load_dbt_clean_reviews_pipeline and current dag run status:running
[2025-03-28T13:35:56.623+0000] {taskinstance.py:732} INFO - ::endgroup::
[2025-03-28T13:35:56.625+0000] {subprocess.py:78} INFO - Tmp dir root location: /tmp
[2025-03-28T13:35:56.675+0000] {subprocess.py:88} INFO - Running command: ['/usr/bin/bash', '-c', 'cd /home/mohammed/.dbt/dbt_projects/bank_reviews_transactional && dbt run']
[2025-03-28T13:35:56.806+0000] {subprocess.py:99} INFO - Output:
[2025-03-28T13:36:20.034+0000] {subprocess.py:106} INFO - [0m13:36:20  Running with dbt=1.9.3
[2025-03-28T13:36:22.343+0000] {subprocess.py:106} INFO - [0m13:36:22  Registered adapter: postgres=1.9.0
[2025-03-28T13:36:23.515+0000] {subprocess.py:106} INFO - [0m13:36:23  [[33mWARNING[0m]: Configuration paths exist in your dbt_project.yml file which do not apply to any resources.
[2025-03-28T13:36:23.518+0000] {subprocess.py:106} INFO - There are 1 unused configuration paths:
[2025-03-28T13:36:23.519+0000] {subprocess.py:106} INFO - - models.bank_reviews_transactional.transactional
[2025-03-28T13:36:24.593+0000] {subprocess.py:106} INFO - [0m13:36:24  Found 1 model, 1 source, 433 macros
[2025-03-28T13:36:24.620+0000] {subprocess.py:106} INFO - [0m13:36:24
[2025-03-28T13:36:24.625+0000] {subprocess.py:106} INFO - [0m13:36:24  Concurrency: 4 threads (target='dev')
[2025-03-28T13:36:24.627+0000] {subprocess.py:106} INFO - [0m13:36:24
[2025-03-28T13:36:25.641+0000] {subprocess.py:106} INFO - [0m13:36:25  1 of 1 START sql table model transactional.clean_reviews ....................... [RUN]
[2025-03-28T13:36:28.032+0000] {subprocess.py:106} INFO - [0m13:36:28  1 of 1 OK created sql table model transactional.clean_reviews .................. [[32mSELECT 281[0m in 2.38s]
[2025-03-28T13:36:28.194+0000] {subprocess.py:106} INFO - [0m13:36:28
[2025-03-28T13:36:28.198+0000] {subprocess.py:106} INFO - [0m13:36:28  Finished running 1 table model in 0 hours 0 minutes and 3.56 seconds (3.56s).
[2025-03-28T13:36:28.453+0000] {subprocess.py:106} INFO - [0m13:36:28
[2025-03-28T13:36:28.455+0000] {subprocess.py:106} INFO - [0m13:36:28  [32mCompleted successfully[0m
[2025-03-28T13:36:28.458+0000] {subprocess.py:106} INFO - [0m13:36:28
[2025-03-28T13:36:28.461+0000] {subprocess.py:106} INFO - [0m13:36:28  Done. PASS=1 WARN=0 ERROR=0 SKIP=0 TOTAL=1
[2025-03-28T13:36:31.289+0000] {subprocess.py:110} INFO - Command exited with return code 0
[2025-03-28T13:36:31.502+0000] {taskinstance.py:341} INFO - ::group::Post task execution logs
[2025-03-28T13:36:31.504+0000] {taskinstance.py:353} INFO - Marking task as SUCCESS. dag_id=load_dbt_clean_reviews_pipeline, task_id=dbt_run_transactional, run_id=scheduled__2025-01-11T00:00:00+00:00, execution_date=20250111T000000, start_date=20250328T133553, end_date=20250328T133631
[2025-03-28T13:36:45.672+0000] {logging_mixin.py:190} INFO - Task instance in success state
[2025-03-28T13:36:45.672+0000] {logging_mixin.py:190} INFO -  Previous state of the Task instance: running
[2025-03-28T13:36:45.673+0000] {logging_mixin.py:190} INFO - Dag name:load_dbt_clean_reviews_pipeline queued_at:2025-03-28 13:35:47.087648+00:00
[2025-03-28T13:36:45.674+0000] {logging_mixin.py:190} INFO - Task hostname:DESKTOP-IM7V4RI. operator:BashOperator
[2025-03-28T13:36:45.739+0000] {local_task_job_runner.py:266} INFO - Task exited with return code 0
[2025-03-28T13:36:46.004+0000] {taskinstance.py:3901} INFO - 0 downstream tasks scheduled from follow-on schedule check
[2025-03-28T13:36:46.023+0000] {local_task_job_runner.py:245} INFO - ::endgroup::
