[2025-02-16T23:23:23.561+0100] {processor.py:186} INFO - Started process (PID=4235) to work on /home/mohammed/myenv/lib/python3.12/site-packages/airflow/example_dags/example_branch_python_dop_operator_3.py
[2025-02-16T23:23:23.563+0100] {processor.py:914} INFO - Processing file /home/mohammed/myenv/lib/python3.12/site-packages/airflow/example_dags/example_branch_python_dop_operator_3.py for tasks to queue
[2025-02-16T23:23:23.570+0100] {logging_mixin.py:190} INFO - [2025-02-16T23:23:23.569+0100] {dagbag.py:588} INFO - Filling up the DagBag from /home/mohammed/myenv/lib/python3.12/site-packages/airflow/example_dags/example_branch_python_dop_operator_3.py
[2025-02-16T23:23:23.597+0100] {processor.py:925} INFO - DAG(s) 'example_branch_dop_operator_v3' retrieved from /home/mohammed/myenv/lib/python3.12/site-packages/airflow/example_dags/example_branch_python_dop_operator_3.py
[2025-02-16T23:23:23.799+0100] {logging_mixin.py:190} INFO - [2025-02-16T23:23:23.798+0100] {override.py:1930} INFO - Created Permission View: can edit on DAG:example_branch_dop_operator_v3
[2025-02-16T23:23:23.841+0100] {logging_mixin.py:190} INFO - [2025-02-16T23:23:23.840+0100] {override.py:1930} INFO - Created Permission View: can read on DAG:example_branch_dop_operator_v3
[2025-02-16T23:23:23.877+0100] {logging_mixin.py:190} INFO - [2025-02-16T23:23:23.876+0100] {override.py:1930} INFO - Created Permission View: can delete on DAG:example_branch_dop_operator_v3
[2025-02-16T23:23:23.939+0100] {logging_mixin.py:190} INFO - [2025-02-16T23:23:23.938+0100] {override.py:1930} INFO - Created Permission View: can create on DAG Run:example_branch_dop_operator_v3
[2025-02-16T23:23:23.978+0100] {logging_mixin.py:190} INFO - [2025-02-16T23:23:23.977+0100] {override.py:1930} INFO - Created Permission View: can read on DAG Run:example_branch_dop_operator_v3
[2025-02-16T23:23:24.008+0100] {logging_mixin.py:190} INFO - [2025-02-16T23:23:24.008+0100] {override.py:1930} INFO - Created Permission View: menu access on DAG Run:example_branch_dop_operator_v3
[2025-02-16T23:23:24.041+0100] {logging_mixin.py:190} INFO - [2025-02-16T23:23:24.041+0100] {override.py:1930} INFO - Created Permission View: can delete on DAG Run:example_branch_dop_operator_v3
[2025-02-16T23:23:24.042+0100] {logging_mixin.py:190} INFO - [2025-02-16T23:23:24.041+0100] {dag.py:3239} INFO - Sync 1 DAGs
[2025-02-16T23:23:24.060+0100] {logging_mixin.py:190} INFO - [2025-02-16T23:23:24.060+0100] {dag.py:3262} INFO - Creating ORM DAG for example_branch_dop_operator_v3
[2025-02-16T23:23:24.082+0100] {logging_mixin.py:190} INFO - [2025-02-16T23:23:24.081+0100] {dag.py:4180} INFO - Setting next_dagrun for example_branch_dop_operator_v3 to 2025-02-16 22:22:00+00:00, run_after=2025-02-16 22:23:00+00:00
[2025-02-16T23:23:24.139+0100] {processor.py:208} INFO - Processing /home/mohammed/myenv/lib/python3.12/site-packages/airflow/example_dags/example_branch_python_dop_operator_3.py took 0.598 seconds
[2025-02-16T23:24:45.899+0100] {processor.py:186} INFO - Started process (PID=4306) to work on /home/mohammed/myenv/lib/python3.12/site-packages/airflow/example_dags/example_branch_python_dop_operator_3.py
[2025-02-16T23:24:45.902+0100] {processor.py:914} INFO - Processing file /home/mohammed/myenv/lib/python3.12/site-packages/airflow/example_dags/example_branch_python_dop_operator_3.py for tasks to queue
[2025-02-16T23:24:45.908+0100] {logging_mixin.py:190} INFO - [2025-02-16T23:24:45.907+0100] {dagbag.py:588} INFO - Filling up the DagBag from /home/mohammed/myenv/lib/python3.12/site-packages/airflow/example_dags/example_branch_python_dop_operator_3.py
[2025-02-16T23:24:45.932+0100] {processor.py:925} INFO - DAG(s) 'example_branch_dop_operator_v3' retrieved from /home/mohammed/myenv/lib/python3.12/site-packages/airflow/example_dags/example_branch_python_dop_operator_3.py
[2025-02-16T23:24:45.977+0100] {logging_mixin.py:190} INFO - [2025-02-16T23:24:45.976+0100] {dag.py:3239} INFO - Sync 1 DAGs
[2025-02-16T23:24:46.030+0100] {logging_mixin.py:190} INFO - [2025-02-16T23:24:46.030+0100] {dag.py:4180} INFO - Setting next_dagrun for example_branch_dop_operator_v3 to 2025-02-16 22:23:00+00:00, run_after=2025-02-16 22:24:00+00:00
[2025-02-16T23:24:46.090+0100] {processor.py:208} INFO - Processing /home/mohammed/myenv/lib/python3.12/site-packages/airflow/example_dags/example_branch_python_dop_operator_3.py took 0.206 seconds
[2025-02-16T23:26:15.437+0100] {processor.py:186} INFO - Started process (PID=4387) to work on /home/mohammed/myenv/lib/python3.12/site-packages/airflow/example_dags/example_branch_python_dop_operator_3.py
[2025-02-16T23:26:15.442+0100] {processor.py:914} INFO - Processing file /home/mohammed/myenv/lib/python3.12/site-packages/airflow/example_dags/example_branch_python_dop_operator_3.py for tasks to queue
[2025-02-16T23:26:15.449+0100] {logging_mixin.py:190} INFO - [2025-02-16T23:26:15.447+0100] {dagbag.py:588} INFO - Filling up the DagBag from /home/mohammed/myenv/lib/python3.12/site-packages/airflow/example_dags/example_branch_python_dop_operator_3.py
[2025-02-16T23:26:15.485+0100] {processor.py:925} INFO - DAG(s) 'example_branch_dop_operator_v3' retrieved from /home/mohammed/myenv/lib/python3.12/site-packages/airflow/example_dags/example_branch_python_dop_operator_3.py
[2025-02-16T23:26:15.511+0100] {logging_mixin.py:190} INFO - [2025-02-16T23:26:15.510+0100] {dag.py:3239} INFO - Sync 1 DAGs
[2025-02-16T23:26:15.540+0100] {logging_mixin.py:190} INFO - [2025-02-16T23:26:15.539+0100] {dag.py:4180} INFO - Setting next_dagrun for example_branch_dop_operator_v3 to 2025-02-16 22:25:00+00:00, run_after=2025-02-16 22:26:00+00:00
[2025-02-16T23:26:15.596+0100] {processor.py:208} INFO - Processing /home/mohammed/myenv/lib/python3.12/site-packages/airflow/example_dags/example_branch_python_dop_operator_3.py took 0.179 seconds
[2025-02-16T23:27:36.454+0100] {processor.py:186} INFO - Started process (PID=4454) to work on /home/mohammed/myenv/lib/python3.12/site-packages/airflow/example_dags/example_branch_python_dop_operator_3.py
[2025-02-16T23:27:36.464+0100] {processor.py:914} INFO - Processing file /home/mohammed/myenv/lib/python3.12/site-packages/airflow/example_dags/example_branch_python_dop_operator_3.py for tasks to queue
[2025-02-16T23:27:36.468+0100] {logging_mixin.py:190} INFO - [2025-02-16T23:27:36.467+0100] {dagbag.py:588} INFO - Filling up the DagBag from /home/mohammed/myenv/lib/python3.12/site-packages/airflow/example_dags/example_branch_python_dop_operator_3.py
[2025-02-16T23:27:36.491+0100] {processor.py:925} INFO - DAG(s) 'example_branch_dop_operator_v3' retrieved from /home/mohammed/myenv/lib/python3.12/site-packages/airflow/example_dags/example_branch_python_dop_operator_3.py
[2025-02-16T23:27:36.522+0100] {logging_mixin.py:190} INFO - [2025-02-16T23:27:36.521+0100] {dag.py:3239} INFO - Sync 1 DAGs
[2025-02-16T23:27:36.571+0100] {logging_mixin.py:190} INFO - [2025-02-16T23:27:36.570+0100] {dag.py:4180} INFO - Setting next_dagrun for example_branch_dop_operator_v3 to 2025-02-16 22:26:00+00:00, run_after=2025-02-16 22:27:00+00:00
[2025-02-16T23:27:36.622+0100] {processor.py:208} INFO - Processing /home/mohammed/myenv/lib/python3.12/site-packages/airflow/example_dags/example_branch_python_dop_operator_3.py took 0.178 seconds
[2025-02-16T23:28:59.272+0100] {processor.py:186} INFO - Started process (PID=4526) to work on /home/mohammed/myenv/lib/python3.12/site-packages/airflow/example_dags/example_branch_python_dop_operator_3.py
[2025-02-16T23:28:59.276+0100] {processor.py:914} INFO - Processing file /home/mohammed/myenv/lib/python3.12/site-packages/airflow/example_dags/example_branch_python_dop_operator_3.py for tasks to queue
[2025-02-16T23:28:59.280+0100] {logging_mixin.py:190} INFO - [2025-02-16T23:28:59.279+0100] {dagbag.py:588} INFO - Filling up the DagBag from /home/mohammed/myenv/lib/python3.12/site-packages/airflow/example_dags/example_branch_python_dop_operator_3.py
[2025-02-16T23:28:59.307+0100] {processor.py:925} INFO - DAG(s) 'example_branch_dop_operator_v3' retrieved from /home/mohammed/myenv/lib/python3.12/site-packages/airflow/example_dags/example_branch_python_dop_operator_3.py
[2025-02-16T23:28:59.346+0100] {logging_mixin.py:190} INFO - [2025-02-16T23:28:59.346+0100] {dag.py:3239} INFO - Sync 1 DAGs
[2025-02-16T23:28:59.384+0100] {logging_mixin.py:190} INFO - [2025-02-16T23:28:59.384+0100] {dag.py:4180} INFO - Setting next_dagrun for example_branch_dop_operator_v3 to 2025-02-16 22:27:00+00:00, run_after=2025-02-16 22:28:00+00:00
[2025-02-16T23:28:59.433+0100] {processor.py:208} INFO - Processing /home/mohammed/myenv/lib/python3.12/site-packages/airflow/example_dags/example_branch_python_dop_operator_3.py took 0.173 seconds
[2025-02-16T23:30:19.117+0100] {processor.py:186} INFO - Started process (PID=4596) to work on /home/mohammed/myenv/lib/python3.12/site-packages/airflow/example_dags/example_branch_python_dop_operator_3.py
[2025-02-16T23:30:19.121+0100] {processor.py:914} INFO - Processing file /home/mohammed/myenv/lib/python3.12/site-packages/airflow/example_dags/example_branch_python_dop_operator_3.py for tasks to queue
[2025-02-16T23:30:19.126+0100] {logging_mixin.py:190} INFO - [2025-02-16T23:30:19.125+0100] {dagbag.py:588} INFO - Filling up the DagBag from /home/mohammed/myenv/lib/python3.12/site-packages/airflow/example_dags/example_branch_python_dop_operator_3.py
[2025-02-16T23:30:19.154+0100] {processor.py:925} INFO - DAG(s) 'example_branch_dop_operator_v3' retrieved from /home/mohammed/myenv/lib/python3.12/site-packages/airflow/example_dags/example_branch_python_dop_operator_3.py
[2025-02-16T23:30:19.188+0100] {logging_mixin.py:190} INFO - [2025-02-16T23:30:19.187+0100] {dag.py:3239} INFO - Sync 1 DAGs
[2025-02-16T23:30:19.235+0100] {logging_mixin.py:190} INFO - [2025-02-16T23:30:19.235+0100] {dag.py:4180} INFO - Setting next_dagrun for example_branch_dop_operator_v3 to 2025-02-16 22:29:00+00:00, run_after=2025-02-16 22:30:00+00:00
[2025-02-16T23:30:19.320+0100] {processor.py:208} INFO - Processing /home/mohammed/myenv/lib/python3.12/site-packages/airflow/example_dags/example_branch_python_dop_operator_3.py took 0.229 seconds
[2025-02-16T23:31:35.824+0100] {processor.py:186} INFO - Started process (PID=4670) to work on /home/mohammed/myenv/lib/python3.12/site-packages/airflow/example_dags/example_branch_python_dop_operator_3.py
[2025-02-16T23:31:35.827+0100] {processor.py:914} INFO - Processing file /home/mohammed/myenv/lib/python3.12/site-packages/airflow/example_dags/example_branch_python_dop_operator_3.py for tasks to queue
[2025-02-16T23:31:35.832+0100] {logging_mixin.py:190} INFO - [2025-02-16T23:31:35.831+0100] {dagbag.py:588} INFO - Filling up the DagBag from /home/mohammed/myenv/lib/python3.12/site-packages/airflow/example_dags/example_branch_python_dop_operator_3.py
[2025-02-16T23:31:35.859+0100] {processor.py:925} INFO - DAG(s) 'example_branch_dop_operator_v3' retrieved from /home/mohammed/myenv/lib/python3.12/site-packages/airflow/example_dags/example_branch_python_dop_operator_3.py
[2025-02-16T23:31:35.898+0100] {logging_mixin.py:190} INFO - [2025-02-16T23:31:35.897+0100] {dag.py:3239} INFO - Sync 1 DAGs
[2025-02-16T23:31:35.956+0100] {logging_mixin.py:190} INFO - [2025-02-16T23:31:35.955+0100] {dag.py:4180} INFO - Setting next_dagrun for example_branch_dop_operator_v3 to 2025-02-16 22:30:00+00:00, run_after=2025-02-16 22:31:00+00:00
[2025-02-16T23:31:36.025+0100] {processor.py:208} INFO - Processing /home/mohammed/myenv/lib/python3.12/site-packages/airflow/example_dags/example_branch_python_dop_operator_3.py took 0.213 seconds
[2025-02-16T23:33:02.573+0100] {processor.py:186} INFO - Started process (PID=4740) to work on /home/mohammed/myenv/lib/python3.12/site-packages/airflow/example_dags/example_branch_python_dop_operator_3.py
[2025-02-16T23:33:02.578+0100] {processor.py:914} INFO - Processing file /home/mohammed/myenv/lib/python3.12/site-packages/airflow/example_dags/example_branch_python_dop_operator_3.py for tasks to queue
[2025-02-16T23:33:02.584+0100] {logging_mixin.py:190} INFO - [2025-02-16T23:33:02.583+0100] {dagbag.py:588} INFO - Filling up the DagBag from /home/mohammed/myenv/lib/python3.12/site-packages/airflow/example_dags/example_branch_python_dop_operator_3.py
[2025-02-16T23:33:02.605+0100] {processor.py:925} INFO - DAG(s) 'example_branch_dop_operator_v3' retrieved from /home/mohammed/myenv/lib/python3.12/site-packages/airflow/example_dags/example_branch_python_dop_operator_3.py
[2025-02-16T23:33:02.630+0100] {logging_mixin.py:190} INFO - [2025-02-16T23:33:02.629+0100] {dag.py:3239} INFO - Sync 1 DAGs
[2025-02-16T23:33:02.666+0100] {logging_mixin.py:190} INFO - [2025-02-16T23:33:02.665+0100] {dag.py:4180} INFO - Setting next_dagrun for example_branch_dop_operator_v3 to 2025-02-16 22:32:00+00:00, run_after=2025-02-16 22:33:00+00:00
[2025-02-16T23:33:02.713+0100] {processor.py:208} INFO - Processing /home/mohammed/myenv/lib/python3.12/site-packages/airflow/example_dags/example_branch_python_dop_operator_3.py took 0.160 seconds
[2025-02-16T23:34:20.305+0100] {processor.py:186} INFO - Started process (PID=4805) to work on /home/mohammed/myenv/lib/python3.12/site-packages/airflow/example_dags/example_branch_python_dop_operator_3.py
[2025-02-16T23:34:20.309+0100] {processor.py:914} INFO - Processing file /home/mohammed/myenv/lib/python3.12/site-packages/airflow/example_dags/example_branch_python_dop_operator_3.py for tasks to queue
[2025-02-16T23:34:20.317+0100] {logging_mixin.py:190} INFO - [2025-02-16T23:34:20.315+0100] {dagbag.py:588} INFO - Filling up the DagBag from /home/mohammed/myenv/lib/python3.12/site-packages/airflow/example_dags/example_branch_python_dop_operator_3.py
[2025-02-16T23:34:20.357+0100] {processor.py:925} INFO - DAG(s) 'example_branch_dop_operator_v3' retrieved from /home/mohammed/myenv/lib/python3.12/site-packages/airflow/example_dags/example_branch_python_dop_operator_3.py
[2025-02-16T23:34:20.408+0100] {logging_mixin.py:190} INFO - [2025-02-16T23:34:20.407+0100] {dag.py:3239} INFO - Sync 1 DAGs
[2025-02-16T23:34:20.444+0100] {logging_mixin.py:190} INFO - [2025-02-16T23:34:20.444+0100] {dag.py:4180} INFO - Setting next_dagrun for example_branch_dop_operator_v3 to 2025-02-16 22:33:00+00:00, run_after=2025-02-16 22:34:00+00:00
[2025-02-16T23:34:20.497+0100] {processor.py:208} INFO - Processing /home/mohammed/myenv/lib/python3.12/site-packages/airflow/example_dags/example_branch_python_dop_operator_3.py took 0.213 seconds
[2025-02-16T23:35:36.417+0100] {processor.py:186} INFO - Started process (PID=4875) to work on /home/mohammed/myenv/lib/python3.12/site-packages/airflow/example_dags/example_branch_python_dop_operator_3.py
[2025-02-16T23:35:36.430+0100] {processor.py:914} INFO - Processing file /home/mohammed/myenv/lib/python3.12/site-packages/airflow/example_dags/example_branch_python_dop_operator_3.py for tasks to queue
[2025-02-16T23:35:36.434+0100] {logging_mixin.py:190} INFO - [2025-02-16T23:35:36.433+0100] {dagbag.py:588} INFO - Filling up the DagBag from /home/mohammed/myenv/lib/python3.12/site-packages/airflow/example_dags/example_branch_python_dop_operator_3.py
[2025-02-16T23:35:36.458+0100] {processor.py:925} INFO - DAG(s) 'example_branch_dop_operator_v3' retrieved from /home/mohammed/myenv/lib/python3.12/site-packages/airflow/example_dags/example_branch_python_dop_operator_3.py
[2025-02-16T23:35:36.489+0100] {logging_mixin.py:190} INFO - [2025-02-16T23:35:36.488+0100] {dag.py:3239} INFO - Sync 1 DAGs
[2025-02-16T23:35:36.529+0100] {logging_mixin.py:190} INFO - [2025-02-16T23:35:36.528+0100] {dag.py:4180} INFO - Setting next_dagrun for example_branch_dop_operator_v3 to 2025-02-16 22:34:00+00:00, run_after=2025-02-16 22:35:00+00:00
[2025-02-16T23:35:36.584+0100] {processor.py:208} INFO - Processing /home/mohammed/myenv/lib/python3.12/site-packages/airflow/example_dags/example_branch_python_dop_operator_3.py took 0.184 seconds
[2025-02-16T23:36:55.533+0100] {processor.py:186} INFO - Started process (PID=4940) to work on /home/mohammed/myenv/lib/python3.12/site-packages/airflow/example_dags/example_branch_python_dop_operator_3.py
[2025-02-16T23:36:55.535+0100] {processor.py:914} INFO - Processing file /home/mohammed/myenv/lib/python3.12/site-packages/airflow/example_dags/example_branch_python_dop_operator_3.py for tasks to queue
[2025-02-16T23:36:55.539+0100] {logging_mixin.py:190} INFO - [2025-02-16T23:36:55.538+0100] {dagbag.py:588} INFO - Filling up the DagBag from /home/mohammed/myenv/lib/python3.12/site-packages/airflow/example_dags/example_branch_python_dop_operator_3.py
[2025-02-16T23:36:55.559+0100] {processor.py:925} INFO - DAG(s) 'example_branch_dop_operator_v3' retrieved from /home/mohammed/myenv/lib/python3.12/site-packages/airflow/example_dags/example_branch_python_dop_operator_3.py
[2025-02-16T23:36:55.585+0100] {logging_mixin.py:190} INFO - [2025-02-16T23:36:55.585+0100] {dag.py:3239} INFO - Sync 1 DAGs
[2025-02-16T23:36:55.633+0100] {logging_mixin.py:190} INFO - [2025-02-16T23:36:55.632+0100] {dag.py:4180} INFO - Setting next_dagrun for example_branch_dop_operator_v3 to 2025-02-16 22:35:00+00:00, run_after=2025-02-16 22:36:00+00:00
[2025-02-16T23:36:55.696+0100] {processor.py:208} INFO - Processing /home/mohammed/myenv/lib/python3.12/site-packages/airflow/example_dags/example_branch_python_dop_operator_3.py took 0.173 seconds
[2025-02-16T23:38:11.931+0100] {processor.py:186} INFO - Started process (PID=5009) to work on /home/mohammed/myenv/lib/python3.12/site-packages/airflow/example_dags/example_branch_python_dop_operator_3.py
[2025-02-16T23:38:11.937+0100] {processor.py:914} INFO - Processing file /home/mohammed/myenv/lib/python3.12/site-packages/airflow/example_dags/example_branch_python_dop_operator_3.py for tasks to queue
[2025-02-16T23:38:11.942+0100] {logging_mixin.py:190} INFO - [2025-02-16T23:38:11.941+0100] {dagbag.py:588} INFO - Filling up the DagBag from /home/mohammed/myenv/lib/python3.12/site-packages/airflow/example_dags/example_branch_python_dop_operator_3.py
[2025-02-16T23:38:11.967+0100] {processor.py:925} INFO - DAG(s) 'example_branch_dop_operator_v3' retrieved from /home/mohammed/myenv/lib/python3.12/site-packages/airflow/example_dags/example_branch_python_dop_operator_3.py
[2025-02-16T23:38:12.002+0100] {logging_mixin.py:190} INFO - [2025-02-16T23:38:12.001+0100] {dag.py:3239} INFO - Sync 1 DAGs
[2025-02-16T23:38:12.056+0100] {logging_mixin.py:190} INFO - [2025-02-16T23:38:12.056+0100] {dag.py:4180} INFO - Setting next_dagrun for example_branch_dop_operator_v3 to 2025-02-16 22:37:00+00:00, run_after=2025-02-16 22:38:00+00:00
[2025-02-16T23:38:12.100+0100] {processor.py:208} INFO - Processing /home/mohammed/myenv/lib/python3.12/site-packages/airflow/example_dags/example_branch_python_dop_operator_3.py took 0.181 seconds
[2025-02-16T23:39:30.500+0100] {processor.py:186} INFO - Started process (PID=5079) to work on /home/mohammed/myenv/lib/python3.12/site-packages/airflow/example_dags/example_branch_python_dop_operator_3.py
[2025-02-16T23:39:30.507+0100] {processor.py:914} INFO - Processing file /home/mohammed/myenv/lib/python3.12/site-packages/airflow/example_dags/example_branch_python_dop_operator_3.py for tasks to queue
[2025-02-16T23:39:30.515+0100] {logging_mixin.py:190} INFO - [2025-02-16T23:39:30.513+0100] {dagbag.py:588} INFO - Filling up the DagBag from /home/mohammed/myenv/lib/python3.12/site-packages/airflow/example_dags/example_branch_python_dop_operator_3.py
[2025-02-16T23:39:30.553+0100] {processor.py:925} INFO - DAG(s) 'example_branch_dop_operator_v3' retrieved from /home/mohammed/myenv/lib/python3.12/site-packages/airflow/example_dags/example_branch_python_dop_operator_3.py
[2025-02-16T23:39:30.579+0100] {logging_mixin.py:190} INFO - [2025-02-16T23:39:30.579+0100] {dag.py:3239} INFO - Sync 1 DAGs
[2025-02-16T23:39:30.618+0100] {logging_mixin.py:190} INFO - [2025-02-16T23:39:30.618+0100] {dag.py:4180} INFO - Setting next_dagrun for example_branch_dop_operator_v3 to 2025-02-16 22:38:00+00:00, run_after=2025-02-16 22:39:00+00:00
[2025-02-16T23:39:30.667+0100] {processor.py:208} INFO - Processing /home/mohammed/myenv/lib/python3.12/site-packages/airflow/example_dags/example_branch_python_dop_operator_3.py took 0.188 seconds
[2025-02-16T23:40:46.547+0100] {processor.py:186} INFO - Started process (PID=5148) to work on /home/mohammed/myenv/lib/python3.12/site-packages/airflow/example_dags/example_branch_python_dop_operator_3.py
[2025-02-16T23:40:46.555+0100] {processor.py:914} INFO - Processing file /home/mohammed/myenv/lib/python3.12/site-packages/airflow/example_dags/example_branch_python_dop_operator_3.py for tasks to queue
[2025-02-16T23:40:46.563+0100] {logging_mixin.py:190} INFO - [2025-02-16T23:40:46.561+0100] {dagbag.py:588} INFO - Filling up the DagBag from /home/mohammed/myenv/lib/python3.12/site-packages/airflow/example_dags/example_branch_python_dop_operator_3.py
[2025-02-16T23:40:46.603+0100] {processor.py:925} INFO - DAG(s) 'example_branch_dop_operator_v3' retrieved from /home/mohammed/myenv/lib/python3.12/site-packages/airflow/example_dags/example_branch_python_dop_operator_3.py
[2025-02-16T23:40:46.649+0100] {logging_mixin.py:190} INFO - [2025-02-16T23:40:46.648+0100] {dag.py:3239} INFO - Sync 1 DAGs
[2025-02-16T23:40:46.688+0100] {logging_mixin.py:190} INFO - [2025-02-16T23:40:46.687+0100] {dag.py:4180} INFO - Setting next_dagrun for example_branch_dop_operator_v3 to 2025-02-16 22:39:00+00:00, run_after=2025-02-16 22:40:00+00:00
[2025-02-16T23:40:46.725+0100] {processor.py:208} INFO - Processing /home/mohammed/myenv/lib/python3.12/site-packages/airflow/example_dags/example_branch_python_dop_operator_3.py took 0.199 seconds
[2025-02-16T23:42:00.777+0100] {processor.py:186} INFO - Started process (PID=5213) to work on /home/mohammed/myenv/lib/python3.12/site-packages/airflow/example_dags/example_branch_python_dop_operator_3.py
[2025-02-16T23:42:00.786+0100] {processor.py:914} INFO - Processing file /home/mohammed/myenv/lib/python3.12/site-packages/airflow/example_dags/example_branch_python_dop_operator_3.py for tasks to queue
[2025-02-16T23:42:00.794+0100] {logging_mixin.py:190} INFO - [2025-02-16T23:42:00.793+0100] {dagbag.py:588} INFO - Filling up the DagBag from /home/mohammed/myenv/lib/python3.12/site-packages/airflow/example_dags/example_branch_python_dop_operator_3.py
[2025-02-16T23:42:00.853+0100] {processor.py:925} INFO - DAG(s) 'example_branch_dop_operator_v3' retrieved from /home/mohammed/myenv/lib/python3.12/site-packages/airflow/example_dags/example_branch_python_dop_operator_3.py
[2025-02-16T23:42:00.911+0100] {logging_mixin.py:190} INFO - [2025-02-16T23:42:00.911+0100] {dag.py:3239} INFO - Sync 1 DAGs
[2025-02-16T23:42:00.946+0100] {logging_mixin.py:190} INFO - [2025-02-16T23:42:00.946+0100] {dag.py:4180} INFO - Setting next_dagrun for example_branch_dop_operator_v3 to 2025-02-16 22:41:00+00:00, run_after=2025-02-16 22:42:00+00:00
[2025-02-16T23:42:00.991+0100] {processor.py:208} INFO - Processing /home/mohammed/myenv/lib/python3.12/site-packages/airflow/example_dags/example_branch_python_dop_operator_3.py took 0.244 seconds
[2025-02-16T23:43:10.183+0100] {processor.py:186} INFO - Started process (PID=5275) to work on /home/mohammed/myenv/lib/python3.12/site-packages/airflow/example_dags/example_branch_python_dop_operator_3.py
[2025-02-16T23:43:10.191+0100] {processor.py:914} INFO - Processing file /home/mohammed/myenv/lib/python3.12/site-packages/airflow/example_dags/example_branch_python_dop_operator_3.py for tasks to queue
[2025-02-16T23:43:10.199+0100] {logging_mixin.py:190} INFO - [2025-02-16T23:43:10.197+0100] {dagbag.py:588} INFO - Filling up the DagBag from /home/mohammed/myenv/lib/python3.12/site-packages/airflow/example_dags/example_branch_python_dop_operator_3.py
[2025-02-16T23:43:10.239+0100] {processor.py:925} INFO - DAG(s) 'example_branch_dop_operator_v3' retrieved from /home/mohammed/myenv/lib/python3.12/site-packages/airflow/example_dags/example_branch_python_dop_operator_3.py
[2025-02-16T23:43:10.280+0100] {logging_mixin.py:190} INFO - [2025-02-16T23:43:10.280+0100] {dag.py:3239} INFO - Sync 1 DAGs
[2025-02-16T23:43:10.312+0100] {logging_mixin.py:190} INFO - [2025-02-16T23:43:10.311+0100] {dag.py:4180} INFO - Setting next_dagrun for example_branch_dop_operator_v3 to 2025-02-16 22:42:00+00:00, run_after=2025-02-16 22:43:00+00:00
[2025-02-16T23:43:10.357+0100] {processor.py:208} INFO - Processing /home/mohammed/myenv/lib/python3.12/site-packages/airflow/example_dags/example_branch_python_dop_operator_3.py took 0.195 seconds
[2025-02-16T23:44:28.776+0100] {processor.py:186} INFO - Started process (PID=5345) to work on /home/mohammed/myenv/lib/python3.12/site-packages/airflow/example_dags/example_branch_python_dop_operator_3.py
[2025-02-16T23:44:28.785+0100] {processor.py:914} INFO - Processing file /home/mohammed/myenv/lib/python3.12/site-packages/airflow/example_dags/example_branch_python_dop_operator_3.py for tasks to queue
[2025-02-16T23:44:28.795+0100] {logging_mixin.py:190} INFO - [2025-02-16T23:44:28.793+0100] {dagbag.py:588} INFO - Filling up the DagBag from /home/mohammed/myenv/lib/python3.12/site-packages/airflow/example_dags/example_branch_python_dop_operator_3.py
[2025-02-16T23:44:28.844+0100] {processor.py:925} INFO - DAG(s) 'example_branch_dop_operator_v3' retrieved from /home/mohammed/myenv/lib/python3.12/site-packages/airflow/example_dags/example_branch_python_dop_operator_3.py
[2025-02-16T23:44:28.894+0100] {logging_mixin.py:190} INFO - [2025-02-16T23:44:28.894+0100] {dag.py:3239} INFO - Sync 1 DAGs
[2025-02-16T23:44:28.932+0100] {logging_mixin.py:190} INFO - [2025-02-16T23:44:28.931+0100] {dag.py:4180} INFO - Setting next_dagrun for example_branch_dop_operator_v3 to 2025-02-16 22:43:00+00:00, run_after=2025-02-16 22:44:00+00:00
[2025-02-16T23:44:28.972+0100] {processor.py:208} INFO - Processing /home/mohammed/myenv/lib/python3.12/site-packages/airflow/example_dags/example_branch_python_dop_operator_3.py took 0.223 seconds
[2025-02-16T23:45:41.763+0100] {processor.py:186} INFO - Started process (PID=5414) to work on /home/mohammed/myenv/lib/python3.12/site-packages/airflow/example_dags/example_branch_python_dop_operator_3.py
[2025-02-16T23:45:41.771+0100] {processor.py:914} INFO - Processing file /home/mohammed/myenv/lib/python3.12/site-packages/airflow/example_dags/example_branch_python_dop_operator_3.py for tasks to queue
[2025-02-16T23:45:41.779+0100] {logging_mixin.py:190} INFO - [2025-02-16T23:45:41.777+0100] {dagbag.py:588} INFO - Filling up the DagBag from /home/mohammed/myenv/lib/python3.12/site-packages/airflow/example_dags/example_branch_python_dop_operator_3.py
[2025-02-16T23:45:41.820+0100] {processor.py:925} INFO - DAG(s) 'example_branch_dop_operator_v3' retrieved from /home/mohammed/myenv/lib/python3.12/site-packages/airflow/example_dags/example_branch_python_dop_operator_3.py
[2025-02-16T23:45:41.850+0100] {logging_mixin.py:190} INFO - [2025-02-16T23:45:41.849+0100] {dag.py:3239} INFO - Sync 1 DAGs
[2025-02-16T23:45:41.892+0100] {logging_mixin.py:190} INFO - [2025-02-16T23:45:41.891+0100] {dag.py:4180} INFO - Setting next_dagrun for example_branch_dop_operator_v3 to 2025-02-16 22:44:00+00:00, run_after=2025-02-16 22:45:00+00:00
[2025-02-16T23:45:41.933+0100] {processor.py:208} INFO - Processing /home/mohammed/myenv/lib/python3.12/site-packages/airflow/example_dags/example_branch_python_dop_operator_3.py took 0.191 seconds
[2025-02-16T23:46:51.836+0100] {processor.py:186} INFO - Started process (PID=5477) to work on /home/mohammed/myenv/lib/python3.12/site-packages/airflow/example_dags/example_branch_python_dop_operator_3.py
[2025-02-16T23:46:51.842+0100] {processor.py:914} INFO - Processing file /home/mohammed/myenv/lib/python3.12/site-packages/airflow/example_dags/example_branch_python_dop_operator_3.py for tasks to queue
[2025-02-16T23:46:51.847+0100] {logging_mixin.py:190} INFO - [2025-02-16T23:46:51.846+0100] {dagbag.py:588} INFO - Filling up the DagBag from /home/mohammed/myenv/lib/python3.12/site-packages/airflow/example_dags/example_branch_python_dop_operator_3.py
[2025-02-16T23:46:51.871+0100] {processor.py:925} INFO - DAG(s) 'example_branch_dop_operator_v3' retrieved from /home/mohammed/myenv/lib/python3.12/site-packages/airflow/example_dags/example_branch_python_dop_operator_3.py
[2025-02-16T23:46:51.903+0100] {logging_mixin.py:190} INFO - [2025-02-16T23:46:51.903+0100] {dag.py:3239} INFO - Sync 1 DAGs
[2025-02-16T23:46:51.939+0100] {logging_mixin.py:190} INFO - [2025-02-16T23:46:51.939+0100] {dag.py:4180} INFO - Setting next_dagrun for example_branch_dop_operator_v3 to 2025-02-16 22:45:00+00:00, run_after=2025-02-16 22:46:00+00:00
[2025-02-16T23:46:51.979+0100] {processor.py:208} INFO - Processing /home/mohammed/myenv/lib/python3.12/site-packages/airflow/example_dags/example_branch_python_dop_operator_3.py took 0.167 seconds
[2025-02-16T23:48:06.255+0100] {processor.py:186} INFO - Started process (PID=5545) to work on /home/mohammed/myenv/lib/python3.12/site-packages/airflow/example_dags/example_branch_python_dop_operator_3.py
[2025-02-16T23:48:06.257+0100] {processor.py:914} INFO - Processing file /home/mohammed/myenv/lib/python3.12/site-packages/airflow/example_dags/example_branch_python_dop_operator_3.py for tasks to queue
[2025-02-16T23:48:06.260+0100] {logging_mixin.py:190} INFO - [2025-02-16T23:48:06.259+0100] {dagbag.py:588} INFO - Filling up the DagBag from /home/mohammed/myenv/lib/python3.12/site-packages/airflow/example_dags/example_branch_python_dop_operator_3.py
[2025-02-16T23:48:06.274+0100] {processor.py:925} INFO - DAG(s) 'example_branch_dop_operator_v3' retrieved from /home/mohammed/myenv/lib/python3.12/site-packages/airflow/example_dags/example_branch_python_dop_operator_3.py
[2025-02-16T23:48:06.295+0100] {logging_mixin.py:190} INFO - [2025-02-16T23:48:06.295+0100] {dag.py:3239} INFO - Sync 1 DAGs
[2025-02-16T23:48:06.325+0100] {logging_mixin.py:190} INFO - [2025-02-16T23:48:06.325+0100] {dag.py:4180} INFO - Setting next_dagrun for example_branch_dop_operator_v3 to 2025-02-16 22:47:00+00:00, run_after=2025-02-16 22:48:00+00:00
[2025-02-16T23:48:06.371+0100] {processor.py:208} INFO - Processing /home/mohammed/myenv/lib/python3.12/site-packages/airflow/example_dags/example_branch_python_dop_operator_3.py took 0.124 seconds
[2025-02-16T23:49:20.422+0100] {processor.py:186} INFO - Started process (PID=5610) to work on /home/mohammed/myenv/lib/python3.12/site-packages/airflow/example_dags/example_branch_python_dop_operator_3.py
[2025-02-16T23:49:20.428+0100] {processor.py:914} INFO - Processing file /home/mohammed/myenv/lib/python3.12/site-packages/airflow/example_dags/example_branch_python_dop_operator_3.py for tasks to queue
[2025-02-16T23:49:20.433+0100] {logging_mixin.py:190} INFO - [2025-02-16T23:49:20.432+0100] {dagbag.py:588} INFO - Filling up the DagBag from /home/mohammed/myenv/lib/python3.12/site-packages/airflow/example_dags/example_branch_python_dop_operator_3.py
[2025-02-16T23:49:20.459+0100] {processor.py:925} INFO - DAG(s) 'example_branch_dop_operator_v3' retrieved from /home/mohammed/myenv/lib/python3.12/site-packages/airflow/example_dags/example_branch_python_dop_operator_3.py
[2025-02-16T23:49:20.494+0100] {logging_mixin.py:190} INFO - [2025-02-16T23:49:20.494+0100] {dag.py:3239} INFO - Sync 1 DAGs
[2025-02-16T23:49:20.528+0100] {logging_mixin.py:190} INFO - [2025-02-16T23:49:20.528+0100] {dag.py:4180} INFO - Setting next_dagrun for example_branch_dop_operator_v3 to 2025-02-16 22:48:00+00:00, run_after=2025-02-16 22:49:00+00:00
[2025-02-16T23:49:20.571+0100] {processor.py:208} INFO - Processing /home/mohammed/myenv/lib/python3.12/site-packages/airflow/example_dags/example_branch_python_dop_operator_3.py took 0.164 seconds
[2025-02-16T23:50:40.738+0100] {processor.py:186} INFO - Started process (PID=5689) to work on /home/mohammed/myenv/lib/python3.12/site-packages/airflow/example_dags/example_branch_python_dop_operator_3.py
[2025-02-16T23:50:40.745+0100] {processor.py:914} INFO - Processing file /home/mohammed/myenv/lib/python3.12/site-packages/airflow/example_dags/example_branch_python_dop_operator_3.py for tasks to queue
[2025-02-16T23:50:40.750+0100] {logging_mixin.py:190} INFO - [2025-02-16T23:50:40.749+0100] {dagbag.py:588} INFO - Filling up the DagBag from /home/mohammed/myenv/lib/python3.12/site-packages/airflow/example_dags/example_branch_python_dop_operator_3.py
[2025-02-16T23:50:40.774+0100] {processor.py:925} INFO - DAG(s) 'example_branch_dop_operator_v3' retrieved from /home/mohammed/myenv/lib/python3.12/site-packages/airflow/example_dags/example_branch_python_dop_operator_3.py
[2025-02-16T23:50:40.806+0100] {logging_mixin.py:190} INFO - [2025-02-16T23:50:40.805+0100] {dag.py:3239} INFO - Sync 1 DAGs
[2025-02-16T23:50:40.847+0100] {logging_mixin.py:190} INFO - [2025-02-16T23:50:40.846+0100] {dag.py:4180} INFO - Setting next_dagrun for example_branch_dop_operator_v3 to 2025-02-16 22:49:00+00:00, run_after=2025-02-16 22:50:00+00:00
[2025-02-16T23:50:40.899+0100] {processor.py:208} INFO - Processing /home/mohammed/myenv/lib/python3.12/site-packages/airflow/example_dags/example_branch_python_dop_operator_3.py took 0.172 seconds
[2025-02-16T23:52:01.944+0100] {processor.py:186} INFO - Started process (PID=5759) to work on /home/mohammed/myenv/lib/python3.12/site-packages/airflow/example_dags/example_branch_python_dop_operator_3.py
[2025-02-16T23:52:01.952+0100] {processor.py:914} INFO - Processing file /home/mohammed/myenv/lib/python3.12/site-packages/airflow/example_dags/example_branch_python_dop_operator_3.py for tasks to queue
[2025-02-16T23:52:01.960+0100] {logging_mixin.py:190} INFO - [2025-02-16T23:52:01.958+0100] {dagbag.py:588} INFO - Filling up the DagBag from /home/mohammed/myenv/lib/python3.12/site-packages/airflow/example_dags/example_branch_python_dop_operator_3.py
[2025-02-16T23:52:01.999+0100] {processor.py:925} INFO - DAG(s) 'example_branch_dop_operator_v3' retrieved from /home/mohammed/myenv/lib/python3.12/site-packages/airflow/example_dags/example_branch_python_dop_operator_3.py
[2025-02-16T23:52:02.051+0100] {logging_mixin.py:190} INFO - [2025-02-16T23:52:02.051+0100] {dag.py:3239} INFO - Sync 1 DAGs
[2025-02-16T23:52:02.089+0100] {logging_mixin.py:190} INFO - [2025-02-16T23:52:02.088+0100] {dag.py:4180} INFO - Setting next_dagrun for example_branch_dop_operator_v3 to 2025-02-16 22:51:00+00:00, run_after=2025-02-16 22:52:00+00:00
[2025-02-16T23:52:02.129+0100] {processor.py:208} INFO - Processing /home/mohammed/myenv/lib/python3.12/site-packages/airflow/example_dags/example_branch_python_dop_operator_3.py took 0.202 seconds
[2025-02-16T23:53:17.971+0100] {processor.py:186} INFO - Started process (PID=5823) to work on /home/mohammed/myenv/lib/python3.12/site-packages/airflow/example_dags/example_branch_python_dop_operator_3.py
[2025-02-16T23:53:17.978+0100] {processor.py:914} INFO - Processing file /home/mohammed/myenv/lib/python3.12/site-packages/airflow/example_dags/example_branch_python_dop_operator_3.py for tasks to queue
[2025-02-16T23:53:17.986+0100] {logging_mixin.py:190} INFO - [2025-02-16T23:53:17.985+0100] {dagbag.py:588} INFO - Filling up the DagBag from /home/mohammed/myenv/lib/python3.12/site-packages/airflow/example_dags/example_branch_python_dop_operator_3.py
[2025-02-16T23:53:18.027+0100] {processor.py:925} INFO - DAG(s) 'example_branch_dop_operator_v3' retrieved from /home/mohammed/myenv/lib/python3.12/site-packages/airflow/example_dags/example_branch_python_dop_operator_3.py
[2025-02-16T23:53:18.056+0100] {logging_mixin.py:190} INFO - [2025-02-16T23:53:18.056+0100] {dag.py:3239} INFO - Sync 1 DAGs
[2025-02-16T23:53:18.087+0100] {logging_mixin.py:190} INFO - [2025-02-16T23:53:18.087+0100] {dag.py:4180} INFO - Setting next_dagrun for example_branch_dop_operator_v3 to 2025-02-16 22:52:00+00:00, run_after=2025-02-16 22:53:00+00:00
[2025-02-16T23:53:18.126+0100] {processor.py:208} INFO - Processing /home/mohammed/myenv/lib/python3.12/site-packages/airflow/example_dags/example_branch_python_dop_operator_3.py took 0.177 seconds
[2025-02-16T23:54:31.415+0100] {processor.py:186} INFO - Started process (PID=5891) to work on /home/mohammed/myenv/lib/python3.12/site-packages/airflow/example_dags/example_branch_python_dop_operator_3.py
[2025-02-16T23:54:31.418+0100] {processor.py:914} INFO - Processing file /home/mohammed/myenv/lib/python3.12/site-packages/airflow/example_dags/example_branch_python_dop_operator_3.py for tasks to queue
[2025-02-16T23:54:31.423+0100] {logging_mixin.py:190} INFO - [2025-02-16T23:54:31.422+0100] {dagbag.py:588} INFO - Filling up the DagBag from /home/mohammed/myenv/lib/python3.12/site-packages/airflow/example_dags/example_branch_python_dop_operator_3.py
[2025-02-16T23:54:31.443+0100] {processor.py:925} INFO - DAG(s) 'example_branch_dop_operator_v3' retrieved from /home/mohammed/myenv/lib/python3.12/site-packages/airflow/example_dags/example_branch_python_dop_operator_3.py
[2025-02-16T23:54:31.470+0100] {logging_mixin.py:190} INFO - [2025-02-16T23:54:31.470+0100] {dag.py:3239} INFO - Sync 1 DAGs
[2025-02-16T23:54:31.508+0100] {logging_mixin.py:190} INFO - [2025-02-16T23:54:31.507+0100] {dag.py:4180} INFO - Setting next_dagrun for example_branch_dop_operator_v3 to 2025-02-16 22:53:00+00:00, run_after=2025-02-16 22:54:00+00:00
[2025-02-16T23:54:31.552+0100] {processor.py:208} INFO - Processing /home/mohammed/myenv/lib/python3.12/site-packages/airflow/example_dags/example_branch_python_dop_operator_3.py took 0.156 seconds
[2025-02-16T23:55:43.456+0100] {processor.py:186} INFO - Started process (PID=5955) to work on /home/mohammed/myenv/lib/python3.12/site-packages/airflow/example_dags/example_branch_python_dop_operator_3.py
[2025-02-16T23:55:43.463+0100] {processor.py:914} INFO - Processing file /home/mohammed/myenv/lib/python3.12/site-packages/airflow/example_dags/example_branch_python_dop_operator_3.py for tasks to queue
[2025-02-16T23:55:43.468+0100] {logging_mixin.py:190} INFO - [2025-02-16T23:55:43.467+0100] {dagbag.py:588} INFO - Filling up the DagBag from /home/mohammed/myenv/lib/python3.12/site-packages/airflow/example_dags/example_branch_python_dop_operator_3.py
[2025-02-16T23:55:43.488+0100] {processor.py:925} INFO - DAG(s) 'example_branch_dop_operator_v3' retrieved from /home/mohammed/myenv/lib/python3.12/site-packages/airflow/example_dags/example_branch_python_dop_operator_3.py
[2025-02-16T23:55:43.517+0100] {logging_mixin.py:190} INFO - [2025-02-16T23:55:43.517+0100] {dag.py:3239} INFO - Sync 1 DAGs
[2025-02-16T23:55:43.557+0100] {logging_mixin.py:190} INFO - [2025-02-16T23:55:43.557+0100] {dag.py:4180} INFO - Setting next_dagrun for example_branch_dop_operator_v3 to 2025-02-16 22:54:00+00:00, run_after=2025-02-16 22:55:00+00:00
[2025-02-16T23:55:43.594+0100] {processor.py:208} INFO - Processing /home/mohammed/myenv/lib/python3.12/site-packages/airflow/example_dags/example_branch_python_dop_operator_3.py took 0.160 seconds
[2025-02-16T23:57:01.980+0100] {processor.py:186} INFO - Started process (PID=6024) to work on /home/mohammed/myenv/lib/python3.12/site-packages/airflow/example_dags/example_branch_python_dop_operator_3.py
[2025-02-16T23:57:01.988+0100] {processor.py:914} INFO - Processing file /home/mohammed/myenv/lib/python3.12/site-packages/airflow/example_dags/example_branch_python_dop_operator_3.py for tasks to queue
[2025-02-16T23:57:01.995+0100] {logging_mixin.py:190} INFO - [2025-02-16T23:57:01.994+0100] {dagbag.py:588} INFO - Filling up the DagBag from /home/mohammed/myenv/lib/python3.12/site-packages/airflow/example_dags/example_branch_python_dop_operator_3.py
[2025-02-16T23:57:02.035+0100] {processor.py:925} INFO - DAG(s) 'example_branch_dop_operator_v3' retrieved from /home/mohammed/myenv/lib/python3.12/site-packages/airflow/example_dags/example_branch_python_dop_operator_3.py
[2025-02-16T23:57:02.080+0100] {logging_mixin.py:190} INFO - [2025-02-16T23:57:02.080+0100] {dag.py:3239} INFO - Sync 1 DAGs
[2025-02-16T23:57:02.127+0100] {logging_mixin.py:190} INFO - [2025-02-16T23:57:02.126+0100] {dag.py:4180} INFO - Setting next_dagrun for example_branch_dop_operator_v3 to 2025-02-16 22:56:00+00:00, run_after=2025-02-16 22:57:00+00:00
[2025-02-16T23:57:02.176+0100] {processor.py:208} INFO - Processing /home/mohammed/myenv/lib/python3.12/site-packages/airflow/example_dags/example_branch_python_dop_operator_3.py took 0.217 seconds
[2025-02-16T23:58:19.591+0100] {processor.py:186} INFO - Started process (PID=6090) to work on /home/mohammed/myenv/lib/python3.12/site-packages/airflow/example_dags/example_branch_python_dop_operator_3.py
[2025-02-16T23:58:19.599+0100] {processor.py:914} INFO - Processing file /home/mohammed/myenv/lib/python3.12/site-packages/airflow/example_dags/example_branch_python_dop_operator_3.py for tasks to queue
[2025-02-16T23:58:19.606+0100] {logging_mixin.py:190} INFO - [2025-02-16T23:58:19.605+0100] {dagbag.py:588} INFO - Filling up the DagBag from /home/mohammed/myenv/lib/python3.12/site-packages/airflow/example_dags/example_branch_python_dop_operator_3.py
[2025-02-16T23:58:19.646+0100] {processor.py:925} INFO - DAG(s) 'example_branch_dop_operator_v3' retrieved from /home/mohammed/myenv/lib/python3.12/site-packages/airflow/example_dags/example_branch_python_dop_operator_3.py
[2025-02-16T23:58:19.695+0100] {logging_mixin.py:190} INFO - [2025-02-16T23:58:19.695+0100] {dag.py:3239} INFO - Sync 1 DAGs
[2025-02-16T23:58:19.731+0100] {logging_mixin.py:190} INFO - [2025-02-16T23:58:19.731+0100] {dag.py:4180} INFO - Setting next_dagrun for example_branch_dop_operator_v3 to 2025-02-16 22:57:00+00:00, run_after=2025-02-16 22:58:00+00:00
[2025-02-16T23:58:19.768+0100] {processor.py:208} INFO - Processing /home/mohammed/myenv/lib/python3.12/site-packages/airflow/example_dags/example_branch_python_dop_operator_3.py took 0.199 seconds
[2025-02-16T23:59:37.365+0100] {processor.py:186} INFO - Started process (PID=6161) to work on /home/mohammed/myenv/lib/python3.12/site-packages/airflow/example_dags/example_branch_python_dop_operator_3.py
[2025-02-16T23:59:37.371+0100] {processor.py:914} INFO - Processing file /home/mohammed/myenv/lib/python3.12/site-packages/airflow/example_dags/example_branch_python_dop_operator_3.py for tasks to queue
[2025-02-16T23:59:37.374+0100] {logging_mixin.py:190} INFO - [2025-02-16T23:59:37.373+0100] {dagbag.py:588} INFO - Filling up the DagBag from /home/mohammed/myenv/lib/python3.12/site-packages/airflow/example_dags/example_branch_python_dop_operator_3.py
[2025-02-16T23:59:37.389+0100] {processor.py:925} INFO - DAG(s) 'example_branch_dop_operator_v3' retrieved from /home/mohammed/myenv/lib/python3.12/site-packages/airflow/example_dags/example_branch_python_dop_operator_3.py
[2025-02-16T23:59:37.415+0100] {logging_mixin.py:190} INFO - [2025-02-16T23:59:37.415+0100] {dag.py:3239} INFO - Sync 1 DAGs
[2025-02-16T23:59:37.457+0100] {logging_mixin.py:190} INFO - [2025-02-16T23:59:37.456+0100] {dag.py:4180} INFO - Setting next_dagrun for example_branch_dop_operator_v3 to 2025-02-16 22:58:00+00:00, run_after=2025-02-16 22:59:00+00:00
[2025-02-16T23:59:37.505+0100] {processor.py:208} INFO - Processing /home/mohammed/myenv/lib/python3.12/site-packages/airflow/example_dags/example_branch_python_dop_operator_3.py took 0.149 seconds
[2025-02-17T00:00:52.172+0100] {processor.py:186} INFO - Started process (PID=6282) to work on /home/mohammed/myenv/lib/python3.12/site-packages/airflow/example_dags/example_branch_python_dop_operator_3.py
[2025-02-17T00:00:52.179+0100] {processor.py:914} INFO - Processing file /home/mohammed/myenv/lib/python3.12/site-packages/airflow/example_dags/example_branch_python_dop_operator_3.py for tasks to queue
[2025-02-17T00:00:52.187+0100] {logging_mixin.py:190} INFO - [2025-02-17T00:00:52.185+0100] {dagbag.py:588} INFO - Filling up the DagBag from /home/mohammed/myenv/lib/python3.12/site-packages/airflow/example_dags/example_branch_python_dop_operator_3.py
[2025-02-17T00:00:52.222+0100] {processor.py:925} INFO - DAG(s) 'example_branch_dop_operator_v3' retrieved from /home/mohammed/myenv/lib/python3.12/site-packages/airflow/example_dags/example_branch_python_dop_operator_3.py
[2025-02-17T00:00:52.246+0100] {logging_mixin.py:190} INFO - [2025-02-17T00:00:52.246+0100] {dag.py:3239} INFO - Sync 1 DAGs
[2025-02-17T00:00:52.278+0100] {logging_mixin.py:190} INFO - [2025-02-17T00:00:52.277+0100] {dag.py:4180} INFO - Setting next_dagrun for example_branch_dop_operator_v3 to 2025-02-16 22:59:00+00:00, run_after=2025-02-16 23:00:00+00:00
[2025-02-17T00:00:52.323+0100] {processor.py:208} INFO - Processing /home/mohammed/myenv/lib/python3.12/site-packages/airflow/example_dags/example_branch_python_dop_operator_3.py took 0.172 seconds
[2025-02-17T00:02:06.640+0100] {processor.py:186} INFO - Started process (PID=6349) to work on /home/mohammed/myenv/lib/python3.12/site-packages/airflow/example_dags/example_branch_python_dop_operator_3.py
[2025-02-17T00:02:06.647+0100] {processor.py:914} INFO - Processing file /home/mohammed/myenv/lib/python3.12/site-packages/airflow/example_dags/example_branch_python_dop_operator_3.py for tasks to queue
[2025-02-17T00:02:06.654+0100] {logging_mixin.py:190} INFO - [2025-02-17T00:02:06.653+0100] {dagbag.py:588} INFO - Filling up the DagBag from /home/mohammed/myenv/lib/python3.12/site-packages/airflow/example_dags/example_branch_python_dop_operator_3.py
[2025-02-17T00:02:06.693+0100] {processor.py:925} INFO - DAG(s) 'example_branch_dop_operator_v3' retrieved from /home/mohammed/myenv/lib/python3.12/site-packages/airflow/example_dags/example_branch_python_dop_operator_3.py
[2025-02-17T00:02:06.738+0100] {logging_mixin.py:190} INFO - [2025-02-17T00:02:06.738+0100] {dag.py:3239} INFO - Sync 1 DAGs
[2025-02-17T00:02:06.772+0100] {logging_mixin.py:190} INFO - [2025-02-17T00:02:06.772+0100] {dag.py:4180} INFO - Setting next_dagrun for example_branch_dop_operator_v3 to 2025-02-16 23:01:00+00:00, run_after=2025-02-16 23:02:00+00:00
[2025-02-17T00:02:06.809+0100] {processor.py:208} INFO - Processing /home/mohammed/myenv/lib/python3.12/site-packages/airflow/example_dags/example_branch_python_dop_operator_3.py took 0.181 seconds
[2025-02-17T00:03:24.405+0100] {processor.py:186} INFO - Started process (PID=6416) to work on /home/mohammed/myenv/lib/python3.12/site-packages/airflow/example_dags/example_branch_python_dop_operator_3.py
[2025-02-17T00:03:24.413+0100] {processor.py:914} INFO - Processing file /home/mohammed/myenv/lib/python3.12/site-packages/airflow/example_dags/example_branch_python_dop_operator_3.py for tasks to queue
[2025-02-17T00:03:24.420+0100] {logging_mixin.py:190} INFO - [2025-02-17T00:03:24.419+0100] {dagbag.py:588} INFO - Filling up the DagBag from /home/mohammed/myenv/lib/python3.12/site-packages/airflow/example_dags/example_branch_python_dop_operator_3.py
[2025-02-17T00:03:24.461+0100] {processor.py:925} INFO - DAG(s) 'example_branch_dop_operator_v3' retrieved from /home/mohammed/myenv/lib/python3.12/site-packages/airflow/example_dags/example_branch_python_dop_operator_3.py
[2025-02-17T00:03:24.503+0100] {logging_mixin.py:190} INFO - [2025-02-17T00:03:24.503+0100] {dag.py:3239} INFO - Sync 1 DAGs
[2025-02-17T00:03:24.535+0100] {logging_mixin.py:190} INFO - [2025-02-17T00:03:24.535+0100] {dag.py:4180} INFO - Setting next_dagrun for example_branch_dop_operator_v3 to 2025-02-16 23:02:00+00:00, run_after=2025-02-16 23:03:00+00:00
[2025-02-17T00:03:24.579+0100] {processor.py:208} INFO - Processing /home/mohammed/myenv/lib/python3.12/site-packages/airflow/example_dags/example_branch_python_dop_operator_3.py took 0.200 seconds
[2025-02-17T00:04:43.571+0100] {processor.py:186} INFO - Started process (PID=6482) to work on /home/mohammed/myenv/lib/python3.12/site-packages/airflow/example_dags/example_branch_python_dop_operator_3.py
[2025-02-17T00:04:43.578+0100] {processor.py:914} INFO - Processing file /home/mohammed/myenv/lib/python3.12/site-packages/airflow/example_dags/example_branch_python_dop_operator_3.py for tasks to queue
[2025-02-17T00:04:43.584+0100] {logging_mixin.py:190} INFO - [2025-02-17T00:04:43.583+0100] {dagbag.py:588} INFO - Filling up the DagBag from /home/mohammed/myenv/lib/python3.12/site-packages/airflow/example_dags/example_branch_python_dop_operator_3.py
[2025-02-17T00:04:43.605+0100] {processor.py:925} INFO - DAG(s) 'example_branch_dop_operator_v3' retrieved from /home/mohammed/myenv/lib/python3.12/site-packages/airflow/example_dags/example_branch_python_dop_operator_3.py
[2025-02-17T00:04:43.629+0100] {logging_mixin.py:190} INFO - [2025-02-17T00:04:43.628+0100] {dag.py:3239} INFO - Sync 1 DAGs
[2025-02-17T00:04:43.662+0100] {logging_mixin.py:190} INFO - [2025-02-17T00:04:43.662+0100] {dag.py:4180} INFO - Setting next_dagrun for example_branch_dop_operator_v3 to 2025-02-16 23:03:00+00:00, run_after=2025-02-16 23:04:00+00:00
[2025-02-17T00:04:43.700+0100] {processor.py:208} INFO - Processing /home/mohammed/myenv/lib/python3.12/site-packages/airflow/example_dags/example_branch_python_dop_operator_3.py took 0.155 seconds
[2025-02-17T00:05:54.995+0100] {processor.py:186} INFO - Started process (PID=6551) to work on /home/mohammed/myenv/lib/python3.12/site-packages/airflow/example_dags/example_branch_python_dop_operator_3.py
[2025-02-17T00:05:55.002+0100] {processor.py:914} INFO - Processing file /home/mohammed/myenv/lib/python3.12/site-packages/airflow/example_dags/example_branch_python_dop_operator_3.py for tasks to queue
[2025-02-17T00:05:55.009+0100] {logging_mixin.py:190} INFO - [2025-02-17T00:05:55.008+0100] {dagbag.py:588} INFO - Filling up the DagBag from /home/mohammed/myenv/lib/python3.12/site-packages/airflow/example_dags/example_branch_python_dop_operator_3.py
[2025-02-17T00:05:55.050+0100] {processor.py:925} INFO - DAG(s) 'example_branch_dop_operator_v3' retrieved from /home/mohammed/myenv/lib/python3.12/site-packages/airflow/example_dags/example_branch_python_dop_operator_3.py
[2025-02-17T00:05:55.085+0100] {logging_mixin.py:190} INFO - [2025-02-17T00:05:55.085+0100] {dag.py:3239} INFO - Sync 1 DAGs
[2025-02-17T00:05:55.116+0100] {logging_mixin.py:190} INFO - [2025-02-17T00:05:55.115+0100] {dag.py:4180} INFO - Setting next_dagrun for example_branch_dop_operator_v3 to 2025-02-16 23:04:00+00:00, run_after=2025-02-16 23:05:00+00:00
[2025-02-17T00:05:55.157+0100] {processor.py:208} INFO - Processing /home/mohammed/myenv/lib/python3.12/site-packages/airflow/example_dags/example_branch_python_dop_operator_3.py took 0.184 seconds
[2025-02-17T00:07:08.310+0100] {processor.py:186} INFO - Started process (PID=6615) to work on /home/mohammed/myenv/lib/python3.12/site-packages/airflow/example_dags/example_branch_python_dop_operator_3.py
[2025-02-17T00:07:08.315+0100] {processor.py:914} INFO - Processing file /home/mohammed/myenv/lib/python3.12/site-packages/airflow/example_dags/example_branch_python_dop_operator_3.py for tasks to queue
[2025-02-17T00:07:08.319+0100] {logging_mixin.py:190} INFO - [2025-02-17T00:07:08.318+0100] {dagbag.py:588} INFO - Filling up the DagBag from /home/mohammed/myenv/lib/python3.12/site-packages/airflow/example_dags/example_branch_python_dop_operator_3.py
[2025-02-17T00:07:08.339+0100] {processor.py:925} INFO - DAG(s) 'example_branch_dop_operator_v3' retrieved from /home/mohammed/myenv/lib/python3.12/site-packages/airflow/example_dags/example_branch_python_dop_operator_3.py
[2025-02-17T00:07:08.367+0100] {logging_mixin.py:190} INFO - [2025-02-17T00:07:08.367+0100] {dag.py:3239} INFO - Sync 1 DAGs
[2025-02-17T00:07:08.411+0100] {logging_mixin.py:190} INFO - [2025-02-17T00:07:08.410+0100] {dag.py:4180} INFO - Setting next_dagrun for example_branch_dop_operator_v3 to 2025-02-16 23:06:00+00:00, run_after=2025-02-16 23:07:00+00:00
[2025-02-17T00:07:08.453+0100] {processor.py:208} INFO - Processing /home/mohammed/myenv/lib/python3.12/site-packages/airflow/example_dags/example_branch_python_dop_operator_3.py took 0.155 seconds
[2025-02-17T00:08:25.494+0100] {processor.py:186} INFO - Started process (PID=6713) to work on /home/mohammed/myenv/lib/python3.12/site-packages/airflow/example_dags/example_branch_python_dop_operator_3.py
[2025-02-17T00:08:25.499+0100] {processor.py:914} INFO - Processing file /home/mohammed/myenv/lib/python3.12/site-packages/airflow/example_dags/example_branch_python_dop_operator_3.py for tasks to queue
[2025-02-17T00:08:25.504+0100] {logging_mixin.py:190} INFO - [2025-02-17T00:08:25.503+0100] {dagbag.py:588} INFO - Filling up the DagBag from /home/mohammed/myenv/lib/python3.12/site-packages/airflow/example_dags/example_branch_python_dop_operator_3.py
[2025-02-17T00:08:25.527+0100] {processor.py:925} INFO - DAG(s) 'example_branch_dop_operator_v3' retrieved from /home/mohammed/myenv/lib/python3.12/site-packages/airflow/example_dags/example_branch_python_dop_operator_3.py
[2025-02-17T00:08:25.557+0100] {logging_mixin.py:190} INFO - [2025-02-17T00:08:25.557+0100] {dag.py:3239} INFO - Sync 1 DAGs
[2025-02-17T00:08:25.595+0100] {logging_mixin.py:190} INFO - [2025-02-17T00:08:25.594+0100] {dag.py:4180} INFO - Setting next_dagrun for example_branch_dop_operator_v3 to 2025-02-16 23:07:00+00:00, run_after=2025-02-16 23:08:00+00:00
[2025-02-17T00:08:25.637+0100] {processor.py:208} INFO - Processing /home/mohammed/myenv/lib/python3.12/site-packages/airflow/example_dags/example_branch_python_dop_operator_3.py took 0.156 seconds
[2025-02-17T00:09:37.658+0100] {processor.py:186} INFO - Started process (PID=6774) to work on /home/mohammed/myenv/lib/python3.12/site-packages/airflow/example_dags/example_branch_python_dop_operator_3.py
[2025-02-17T00:09:37.664+0100] {processor.py:914} INFO - Processing file /home/mohammed/myenv/lib/python3.12/site-packages/airflow/example_dags/example_branch_python_dop_operator_3.py for tasks to queue
[2025-02-17T00:09:37.669+0100] {logging_mixin.py:190} INFO - [2025-02-17T00:09:37.668+0100] {dagbag.py:588} INFO - Filling up the DagBag from /home/mohammed/myenv/lib/python3.12/site-packages/airflow/example_dags/example_branch_python_dop_operator_3.py
[2025-02-17T00:09:37.693+0100] {processor.py:925} INFO - DAG(s) 'example_branch_dop_operator_v3' retrieved from /home/mohammed/myenv/lib/python3.12/site-packages/airflow/example_dags/example_branch_python_dop_operator_3.py
[2025-02-17T00:09:37.727+0100] {logging_mixin.py:190} INFO - [2025-02-17T00:09:37.726+0100] {dag.py:3239} INFO - Sync 1 DAGs
[2025-02-17T00:09:37.766+0100] {logging_mixin.py:190} INFO - [2025-02-17T00:09:37.766+0100] {dag.py:4180} INFO - Setting next_dagrun for example_branch_dop_operator_v3 to 2025-02-16 23:08:00+00:00, run_after=2025-02-16 23:09:00+00:00
[2025-02-17T00:09:37.808+0100] {processor.py:208} INFO - Processing /home/mohammed/myenv/lib/python3.12/site-packages/airflow/example_dags/example_branch_python_dop_operator_3.py took 0.163 seconds
[2025-02-17T00:10:55.553+0100] {processor.py:186} INFO - Started process (PID=6843) to work on /home/mohammed/myenv/lib/python3.12/site-packages/airflow/example_dags/example_branch_python_dop_operator_3.py
[2025-02-17T00:10:55.562+0100] {processor.py:914} INFO - Processing file /home/mohammed/myenv/lib/python3.12/site-packages/airflow/example_dags/example_branch_python_dop_operator_3.py for tasks to queue
[2025-02-17T00:10:55.572+0100] {logging_mixin.py:190} INFO - [2025-02-17T00:10:55.570+0100] {dagbag.py:588} INFO - Filling up the DagBag from /home/mohammed/myenv/lib/python3.12/site-packages/airflow/example_dags/example_branch_python_dop_operator_3.py
[2025-02-17T00:10:55.622+0100] {processor.py:925} INFO - DAG(s) 'example_branch_dop_operator_v3' retrieved from /home/mohammed/myenv/lib/python3.12/site-packages/airflow/example_dags/example_branch_python_dop_operator_3.py
[2025-02-17T00:10:55.653+0100] {logging_mixin.py:190} INFO - [2025-02-17T00:10:55.653+0100] {dag.py:3239} INFO - Sync 1 DAGs
[2025-02-17T00:10:55.690+0100] {logging_mixin.py:190} INFO - [2025-02-17T00:10:55.690+0100] {dag.py:4180} INFO - Setting next_dagrun for example_branch_dop_operator_v3 to 2025-02-16 23:09:00+00:00, run_after=2025-02-16 23:10:00+00:00
[2025-02-17T00:10:55.735+0100] {processor.py:208} INFO - Processing /home/mohammed/myenv/lib/python3.12/site-packages/airflow/example_dags/example_branch_python_dop_operator_3.py took 0.212 seconds
[2025-02-17T00:12:14.935+0100] {processor.py:186} INFO - Started process (PID=6917) to work on /home/mohammed/myenv/lib/python3.12/site-packages/airflow/example_dags/example_branch_python_dop_operator_3.py
[2025-02-17T00:12:14.941+0100] {processor.py:914} INFO - Processing file /home/mohammed/myenv/lib/python3.12/site-packages/airflow/example_dags/example_branch_python_dop_operator_3.py for tasks to queue
[2025-02-17T00:12:14.947+0100] {logging_mixin.py:190} INFO - [2025-02-17T00:12:14.946+0100] {dagbag.py:588} INFO - Filling up the DagBag from /home/mohammed/myenv/lib/python3.12/site-packages/airflow/example_dags/example_branch_python_dop_operator_3.py
[2025-02-17T00:12:14.977+0100] {processor.py:925} INFO - DAG(s) 'example_branch_dop_operator_v3' retrieved from /home/mohammed/myenv/lib/python3.12/site-packages/airflow/example_dags/example_branch_python_dop_operator_3.py
[2025-02-17T00:12:15.017+0100] {logging_mixin.py:190} INFO - [2025-02-17T00:12:15.017+0100] {dag.py:3239} INFO - Sync 1 DAGs
[2025-02-17T00:12:15.072+0100] {logging_mixin.py:190} INFO - [2025-02-17T00:12:15.071+0100] {dag.py:4180} INFO - Setting next_dagrun for example_branch_dop_operator_v3 to 2025-02-16 23:11:00+00:00, run_after=2025-02-16 23:12:00+00:00
[2025-02-17T00:12:15.197+0100] {processor.py:208} INFO - Processing /home/mohammed/myenv/lib/python3.12/site-packages/airflow/example_dags/example_branch_python_dop_operator_3.py took 0.273 seconds
