[2025-02-16T23:23:27.691+0100] {processor.py:186} INFO - Started process (PID=4237) to work on /home/mohammed/myenv/lib/python3.12/site-packages/airflow/example_dags/example_branch_day_of_week_operator.py
[2025-02-16T23:23:27.695+0100] {processor.py:914} INFO - Processing file /home/mohammed/myenv/lib/python3.12/site-packages/airflow/example_dags/example_branch_day_of_week_operator.py for tasks to queue
[2025-02-16T23:23:27.705+0100] {logging_mixin.py:190} INFO - [2025-02-16T23:23:27.703+0100] {dagbag.py:588} INFO - Filling up the DagBag from /home/mohammed/myenv/lib/python3.12/site-packages/airflow/example_dags/example_branch_day_of_week_operator.py
[2025-02-16T23:23:27.756+0100] {processor.py:925} INFO - DAG(s) 'example_weekday_branch_operator' retrieved from /home/mohammed/myenv/lib/python3.12/site-packages/airflow/example_dags/example_branch_day_of_week_operator.py
[2025-02-16T23:23:27.989+0100] {logging_mixin.py:190} INFO - [2025-02-16T23:23:27.988+0100] {override.py:1930} INFO - Created Permission View: can edit on DAG:example_weekday_branch_operator
[2025-02-16T23:23:28.040+0100] {logging_mixin.py:190} INFO - [2025-02-16T23:23:28.039+0100] {override.py:1930} INFO - Created Permission View: can read on DAG:example_weekday_branch_operator
[2025-02-16T23:23:28.083+0100] {logging_mixin.py:190} INFO - [2025-02-16T23:23:28.082+0100] {override.py:1930} INFO - Created Permission View: can delete on DAG:example_weekday_branch_operator
[2025-02-16T23:23:28.142+0100] {logging_mixin.py:190} INFO - [2025-02-16T23:23:28.141+0100] {override.py:1930} INFO - Created Permission View: can create on DAG Run:example_weekday_branch_operator
[2025-02-16T23:23:28.170+0100] {logging_mixin.py:190} INFO - [2025-02-16T23:23:28.169+0100] {override.py:1930} INFO - Created Permission View: can read on DAG Run:example_weekday_branch_operator
[2025-02-16T23:23:28.202+0100] {logging_mixin.py:190} INFO - [2025-02-16T23:23:28.201+0100] {override.py:1930} INFO - Created Permission View: menu access on DAG Run:example_weekday_branch_operator
[2025-02-16T23:23:28.231+0100] {logging_mixin.py:190} INFO - [2025-02-16T23:23:28.230+0100] {override.py:1930} INFO - Created Permission View: can delete on DAG Run:example_weekday_branch_operator
[2025-02-16T23:23:28.232+0100] {logging_mixin.py:190} INFO - [2025-02-16T23:23:28.231+0100] {dag.py:3239} INFO - Sync 1 DAGs
[2025-02-16T23:23:28.263+0100] {logging_mixin.py:190} INFO - [2025-02-16T23:23:28.263+0100] {dag.py:3262} INFO - Creating ORM DAG for example_weekday_branch_operator
[2025-02-16T23:23:28.300+0100] {logging_mixin.py:190} INFO - [2025-02-16T23:23:28.299+0100] {dag.py:4180} INFO - Setting next_dagrun for example_weekday_branch_operator to 2025-02-15 00:00:00+00:00, run_after=2025-02-16 00:00:00+00:00
[2025-02-16T23:23:28.383+0100] {processor.py:208} INFO - Processing /home/mohammed/myenv/lib/python3.12/site-packages/airflow/example_dags/example_branch_day_of_week_operator.py took 0.723 seconds
[2025-02-16T23:24:48.745+0100] {processor.py:186} INFO - Started process (PID=4308) to work on /home/mohammed/myenv/lib/python3.12/site-packages/airflow/example_dags/example_branch_day_of_week_operator.py
[2025-02-16T23:24:48.754+0100] {processor.py:914} INFO - Processing file /home/mohammed/myenv/lib/python3.12/site-packages/airflow/example_dags/example_branch_day_of_week_operator.py for tasks to queue
[2025-02-16T23:24:48.759+0100] {logging_mixin.py:190} INFO - [2025-02-16T23:24:48.759+0100] {dagbag.py:588} INFO - Filling up the DagBag from /home/mohammed/myenv/lib/python3.12/site-packages/airflow/example_dags/example_branch_day_of_week_operator.py
[2025-02-16T23:24:48.784+0100] {processor.py:925} INFO - DAG(s) 'example_weekday_branch_operator' retrieved from /home/mohammed/myenv/lib/python3.12/site-packages/airflow/example_dags/example_branch_day_of_week_operator.py
[2025-02-16T23:24:48.827+0100] {logging_mixin.py:190} INFO - [2025-02-16T23:24:48.827+0100] {dag.py:3239} INFO - Sync 1 DAGs
[2025-02-16T23:24:48.881+0100] {logging_mixin.py:190} INFO - [2025-02-16T23:24:48.881+0100] {dag.py:4180} INFO - Setting next_dagrun for example_weekday_branch_operator to 2025-02-15 00:00:00+00:00, run_after=2025-02-16 00:00:00+00:00
[2025-02-16T23:24:48.935+0100] {processor.py:208} INFO - Processing /home/mohammed/myenv/lib/python3.12/site-packages/airflow/example_dags/example_branch_day_of_week_operator.py took 0.205 seconds
[2025-02-16T23:26:18.315+0100] {processor.py:186} INFO - Started process (PID=4389) to work on /home/mohammed/myenv/lib/python3.12/site-packages/airflow/example_dags/example_branch_day_of_week_operator.py
[2025-02-16T23:26:18.318+0100] {processor.py:914} INFO - Processing file /home/mohammed/myenv/lib/python3.12/site-packages/airflow/example_dags/example_branch_day_of_week_operator.py for tasks to queue
[2025-02-16T23:26:18.322+0100] {logging_mixin.py:190} INFO - [2025-02-16T23:26:18.322+0100] {dagbag.py:588} INFO - Filling up the DagBag from /home/mohammed/myenv/lib/python3.12/site-packages/airflow/example_dags/example_branch_day_of_week_operator.py
[2025-02-16T23:26:18.342+0100] {processor.py:925} INFO - DAG(s) 'example_weekday_branch_operator' retrieved from /home/mohammed/myenv/lib/python3.12/site-packages/airflow/example_dags/example_branch_day_of_week_operator.py
[2025-02-16T23:26:18.372+0100] {logging_mixin.py:190} INFO - [2025-02-16T23:26:18.372+0100] {dag.py:3239} INFO - Sync 1 DAGs
[2025-02-16T23:26:18.402+0100] {logging_mixin.py:190} INFO - [2025-02-16T23:26:18.401+0100] {dag.py:4180} INFO - Setting next_dagrun for example_weekday_branch_operator to 2025-02-15 00:00:00+00:00, run_after=2025-02-16 00:00:00+00:00
[2025-02-16T23:26:18.442+0100] {processor.py:208} INFO - Processing /home/mohammed/myenv/lib/python3.12/site-packages/airflow/example_dags/example_branch_day_of_week_operator.py took 0.138 seconds
[2025-02-16T23:27:38.943+0100] {processor.py:186} INFO - Started process (PID=4456) to work on /home/mohammed/myenv/lib/python3.12/site-packages/airflow/example_dags/example_branch_day_of_week_operator.py
[2025-02-16T23:27:38.948+0100] {processor.py:914} INFO - Processing file /home/mohammed/myenv/lib/python3.12/site-packages/airflow/example_dags/example_branch_day_of_week_operator.py for tasks to queue
[2025-02-16T23:27:38.955+0100] {logging_mixin.py:190} INFO - [2025-02-16T23:27:38.953+0100] {dagbag.py:588} INFO - Filling up the DagBag from /home/mohammed/myenv/lib/python3.12/site-packages/airflow/example_dags/example_branch_day_of_week_operator.py
[2025-02-16T23:27:38.993+0100] {processor.py:925} INFO - DAG(s) 'example_weekday_branch_operator' retrieved from /home/mohammed/myenv/lib/python3.12/site-packages/airflow/example_dags/example_branch_day_of_week_operator.py
[2025-02-16T23:27:39.031+0100] {logging_mixin.py:190} INFO - [2025-02-16T23:27:39.031+0100] {dag.py:3239} INFO - Sync 1 DAGs
[2025-02-16T23:27:39.074+0100] {logging_mixin.py:190} INFO - [2025-02-16T23:27:39.073+0100] {dag.py:4180} INFO - Setting next_dagrun for example_weekday_branch_operator to 2025-02-15 00:00:00+00:00, run_after=2025-02-16 00:00:00+00:00
[2025-02-16T23:27:39.137+0100] {processor.py:208} INFO - Processing /home/mohammed/myenv/lib/python3.12/site-packages/airflow/example_dags/example_branch_day_of_week_operator.py took 0.215 seconds
[2025-02-16T23:29:01.807+0100] {processor.py:186} INFO - Started process (PID=4528) to work on /home/mohammed/myenv/lib/python3.12/site-packages/airflow/example_dags/example_branch_day_of_week_operator.py
[2025-02-16T23:29:01.823+0100] {processor.py:914} INFO - Processing file /home/mohammed/myenv/lib/python3.12/site-packages/airflow/example_dags/example_branch_day_of_week_operator.py for tasks to queue
[2025-02-16T23:29:01.831+0100] {logging_mixin.py:190} INFO - [2025-02-16T23:29:01.829+0100] {dagbag.py:588} INFO - Filling up the DagBag from /home/mohammed/myenv/lib/python3.12/site-packages/airflow/example_dags/example_branch_day_of_week_operator.py
[2025-02-16T23:29:01.860+0100] {processor.py:925} INFO - DAG(s) 'example_weekday_branch_operator' retrieved from /home/mohammed/myenv/lib/python3.12/site-packages/airflow/example_dags/example_branch_day_of_week_operator.py
[2025-02-16T23:29:01.884+0100] {logging_mixin.py:190} INFO - [2025-02-16T23:29:01.884+0100] {dag.py:3239} INFO - Sync 1 DAGs
[2025-02-16T23:29:01.911+0100] {logging_mixin.py:190} INFO - [2025-02-16T23:29:01.911+0100] {dag.py:4180} INFO - Setting next_dagrun for example_weekday_branch_operator to 2025-02-15 00:00:00+00:00, run_after=2025-02-16 00:00:00+00:00
[2025-02-16T23:29:01.962+0100] {processor.py:208} INFO - Processing /home/mohammed/myenv/lib/python3.12/site-packages/airflow/example_dags/example_branch_day_of_week_operator.py took 0.179 seconds
[2025-02-16T23:30:21.178+0100] {processor.py:186} INFO - Started process (PID=4599) to work on /home/mohammed/myenv/lib/python3.12/site-packages/airflow/example_dags/example_branch_day_of_week_operator.py
[2025-02-16T23:30:21.183+0100] {processor.py:914} INFO - Processing file /home/mohammed/myenv/lib/python3.12/site-packages/airflow/example_dags/example_branch_day_of_week_operator.py for tasks to queue
[2025-02-16T23:30:21.193+0100] {logging_mixin.py:190} INFO - [2025-02-16T23:30:21.191+0100] {dagbag.py:588} INFO - Filling up the DagBag from /home/mohammed/myenv/lib/python3.12/site-packages/airflow/example_dags/example_branch_day_of_week_operator.py
[2025-02-16T23:30:21.220+0100] {processor.py:925} INFO - DAG(s) 'example_weekday_branch_operator' retrieved from /home/mohammed/myenv/lib/python3.12/site-packages/airflow/example_dags/example_branch_day_of_week_operator.py
[2025-02-16T23:30:21.252+0100] {logging_mixin.py:190} INFO - [2025-02-16T23:30:21.251+0100] {dag.py:3239} INFO - Sync 1 DAGs
[2025-02-16T23:30:21.296+0100] {logging_mixin.py:190} INFO - [2025-02-16T23:30:21.296+0100] {dag.py:4180} INFO - Setting next_dagrun for example_weekday_branch_operator to 2025-02-15 00:00:00+00:00, run_after=2025-02-16 00:00:00+00:00
[2025-02-16T23:30:21.351+0100] {processor.py:208} INFO - Processing /home/mohammed/myenv/lib/python3.12/site-packages/airflow/example_dags/example_branch_day_of_week_operator.py took 0.201 seconds
[2025-02-16T23:31:38.494+0100] {processor.py:186} INFO - Started process (PID=4672) to work on /home/mohammed/myenv/lib/python3.12/site-packages/airflow/example_dags/example_branch_day_of_week_operator.py
[2025-02-16T23:31:38.501+0100] {processor.py:914} INFO - Processing file /home/mohammed/myenv/lib/python3.12/site-packages/airflow/example_dags/example_branch_day_of_week_operator.py for tasks to queue
[2025-02-16T23:31:38.506+0100] {logging_mixin.py:190} INFO - [2025-02-16T23:31:38.505+0100] {dagbag.py:588} INFO - Filling up the DagBag from /home/mohammed/myenv/lib/python3.12/site-packages/airflow/example_dags/example_branch_day_of_week_operator.py
[2025-02-16T23:31:38.529+0100] {processor.py:925} INFO - DAG(s) 'example_weekday_branch_operator' retrieved from /home/mohammed/myenv/lib/python3.12/site-packages/airflow/example_dags/example_branch_day_of_week_operator.py
[2025-02-16T23:31:38.585+0100] {logging_mixin.py:190} INFO - [2025-02-16T23:31:38.585+0100] {dag.py:3239} INFO - Sync 1 DAGs
[2025-02-16T23:31:38.630+0100] {logging_mixin.py:190} INFO - [2025-02-16T23:31:38.630+0100] {dag.py:4180} INFO - Setting next_dagrun for example_weekday_branch_operator to 2025-02-15 00:00:00+00:00, run_after=2025-02-16 00:00:00+00:00
[2025-02-16T23:31:38.677+0100] {processor.py:208} INFO - Processing /home/mohammed/myenv/lib/python3.12/site-packages/airflow/example_dags/example_branch_day_of_week_operator.py took 0.195 seconds
[2025-02-16T23:33:04.443+0100] {processor.py:186} INFO - Started process (PID=4742) to work on /home/mohammed/myenv/lib/python3.12/site-packages/airflow/example_dags/example_branch_day_of_week_operator.py
[2025-02-16T23:33:04.446+0100] {processor.py:914} INFO - Processing file /home/mohammed/myenv/lib/python3.12/site-packages/airflow/example_dags/example_branch_day_of_week_operator.py for tasks to queue
[2025-02-16T23:33:04.449+0100] {logging_mixin.py:190} INFO - [2025-02-16T23:33:04.449+0100] {dagbag.py:588} INFO - Filling up the DagBag from /home/mohammed/myenv/lib/python3.12/site-packages/airflow/example_dags/example_branch_day_of_week_operator.py
[2025-02-16T23:33:04.469+0100] {processor.py:925} INFO - DAG(s) 'example_weekday_branch_operator' retrieved from /home/mohammed/myenv/lib/python3.12/site-packages/airflow/example_dags/example_branch_day_of_week_operator.py
[2025-02-16T23:33:04.499+0100] {logging_mixin.py:190} INFO - [2025-02-16T23:33:04.499+0100] {dag.py:3239} INFO - Sync 1 DAGs
[2025-02-16T23:33:04.534+0100] {logging_mixin.py:190} INFO - [2025-02-16T23:33:04.533+0100] {dag.py:4180} INFO - Setting next_dagrun for example_weekday_branch_operator to 2025-02-15 00:00:00+00:00, run_after=2025-02-16 00:00:00+00:00
[2025-02-16T23:33:04.585+0100] {processor.py:208} INFO - Processing /home/mohammed/myenv/lib/python3.12/site-packages/airflow/example_dags/example_branch_day_of_week_operator.py took 0.160 seconds
[2025-02-16T23:34:22.252+0100] {processor.py:186} INFO - Started process (PID=4807) to work on /home/mohammed/myenv/lib/python3.12/site-packages/airflow/example_dags/example_branch_day_of_week_operator.py
[2025-02-16T23:34:22.259+0100] {processor.py:914} INFO - Processing file /home/mohammed/myenv/lib/python3.12/site-packages/airflow/example_dags/example_branch_day_of_week_operator.py for tasks to queue
[2025-02-16T23:34:22.264+0100] {logging_mixin.py:190} INFO - [2025-02-16T23:34:22.263+0100] {dagbag.py:588} INFO - Filling up the DagBag from /home/mohammed/myenv/lib/python3.12/site-packages/airflow/example_dags/example_branch_day_of_week_operator.py
[2025-02-16T23:34:22.285+0100] {processor.py:925} INFO - DAG(s) 'example_weekday_branch_operator' retrieved from /home/mohammed/myenv/lib/python3.12/site-packages/airflow/example_dags/example_branch_day_of_week_operator.py
[2025-02-16T23:34:22.317+0100] {logging_mixin.py:190} INFO - [2025-02-16T23:34:22.317+0100] {dag.py:3239} INFO - Sync 1 DAGs
[2025-02-16T23:34:22.357+0100] {logging_mixin.py:190} INFO - [2025-02-16T23:34:22.357+0100] {dag.py:4180} INFO - Setting next_dagrun for example_weekday_branch_operator to 2025-02-15 00:00:00+00:00, run_after=2025-02-16 00:00:00+00:00
[2025-02-16T23:34:22.411+0100] {processor.py:208} INFO - Processing /home/mohammed/myenv/lib/python3.12/site-packages/airflow/example_dags/example_branch_day_of_week_operator.py took 0.175 seconds
[2025-02-16T23:35:38.988+0100] {processor.py:186} INFO - Started process (PID=4877) to work on /home/mohammed/myenv/lib/python3.12/site-packages/airflow/example_dags/example_branch_day_of_week_operator.py
[2025-02-16T23:35:38.993+0100] {processor.py:914} INFO - Processing file /home/mohammed/myenv/lib/python3.12/site-packages/airflow/example_dags/example_branch_day_of_week_operator.py for tasks to queue
[2025-02-16T23:35:39.000+0100] {logging_mixin.py:190} INFO - [2025-02-16T23:35:38.999+0100] {dagbag.py:588} INFO - Filling up the DagBag from /home/mohammed/myenv/lib/python3.12/site-packages/airflow/example_dags/example_branch_day_of_week_operator.py
[2025-02-16T23:35:39.039+0100] {processor.py:925} INFO - DAG(s) 'example_weekday_branch_operator' retrieved from /home/mohammed/myenv/lib/python3.12/site-packages/airflow/example_dags/example_branch_day_of_week_operator.py
[2025-02-16T23:35:39.096+0100] {logging_mixin.py:190} INFO - [2025-02-16T23:35:39.095+0100] {dag.py:3239} INFO - Sync 1 DAGs
[2025-02-16T23:35:39.145+0100] {logging_mixin.py:190} INFO - [2025-02-16T23:35:39.144+0100] {dag.py:4180} INFO - Setting next_dagrun for example_weekday_branch_operator to 2025-02-15 00:00:00+00:00, run_after=2025-02-16 00:00:00+00:00
[2025-02-16T23:35:39.201+0100] {processor.py:208} INFO - Processing /home/mohammed/myenv/lib/python3.12/site-packages/airflow/example_dags/example_branch_day_of_week_operator.py took 0.233 seconds
[2025-02-16T23:36:57.345+0100] {processor.py:186} INFO - Started process (PID=4942) to work on /home/mohammed/myenv/lib/python3.12/site-packages/airflow/example_dags/example_branch_day_of_week_operator.py
[2025-02-16T23:36:57.351+0100] {processor.py:914} INFO - Processing file /home/mohammed/myenv/lib/python3.12/site-packages/airflow/example_dags/example_branch_day_of_week_operator.py for tasks to queue
[2025-02-16T23:36:57.359+0100] {logging_mixin.py:190} INFO - [2025-02-16T23:36:57.357+0100] {dagbag.py:588} INFO - Filling up the DagBag from /home/mohammed/myenv/lib/python3.12/site-packages/airflow/example_dags/example_branch_day_of_week_operator.py
[2025-02-16T23:36:57.393+0100] {processor.py:925} INFO - DAG(s) 'example_weekday_branch_operator' retrieved from /home/mohammed/myenv/lib/python3.12/site-packages/airflow/example_dags/example_branch_day_of_week_operator.py
[2025-02-16T23:36:57.418+0100] {logging_mixin.py:190} INFO - [2025-02-16T23:36:57.417+0100] {dag.py:3239} INFO - Sync 1 DAGs
[2025-02-16T23:36:57.445+0100] {logging_mixin.py:190} INFO - [2025-02-16T23:36:57.445+0100] {dag.py:4180} INFO - Setting next_dagrun for example_weekday_branch_operator to 2025-02-15 00:00:00+00:00, run_after=2025-02-16 00:00:00+00:00
[2025-02-16T23:36:57.508+0100] {processor.py:208} INFO - Processing /home/mohammed/myenv/lib/python3.12/site-packages/airflow/example_dags/example_branch_day_of_week_operator.py took 0.186 seconds
[2025-02-16T23:38:15.541+0100] {processor.py:186} INFO - Started process (PID=5011) to work on /home/mohammed/myenv/lib/python3.12/site-packages/airflow/example_dags/example_branch_day_of_week_operator.py
[2025-02-16T23:38:15.544+0100] {processor.py:914} INFO - Processing file /home/mohammed/myenv/lib/python3.12/site-packages/airflow/example_dags/example_branch_day_of_week_operator.py for tasks to queue
[2025-02-16T23:38:15.548+0100] {logging_mixin.py:190} INFO - [2025-02-16T23:38:15.547+0100] {dagbag.py:588} INFO - Filling up the DagBag from /home/mohammed/myenv/lib/python3.12/site-packages/airflow/example_dags/example_branch_day_of_week_operator.py
[2025-02-16T23:38:15.571+0100] {processor.py:925} INFO - DAG(s) 'example_weekday_branch_operator' retrieved from /home/mohammed/myenv/lib/python3.12/site-packages/airflow/example_dags/example_branch_day_of_week_operator.py
[2025-02-16T23:38:15.604+0100] {logging_mixin.py:190} INFO - [2025-02-16T23:38:15.604+0100] {dag.py:3239} INFO - Sync 1 DAGs
[2025-02-16T23:38:15.642+0100] {logging_mixin.py:190} INFO - [2025-02-16T23:38:15.642+0100] {dag.py:4180} INFO - Setting next_dagrun for example_weekday_branch_operator to 2025-02-15 00:00:00+00:00, run_after=2025-02-16 00:00:00+00:00
[2025-02-16T23:38:15.681+0100] {processor.py:208} INFO - Processing /home/mohammed/myenv/lib/python3.12/site-packages/airflow/example_dags/example_branch_day_of_week_operator.py took 0.152 seconds
[2025-02-16T23:39:33.090+0100] {processor.py:186} INFO - Started process (PID=5081) to work on /home/mohammed/myenv/lib/python3.12/site-packages/airflow/example_dags/example_branch_day_of_week_operator.py
[2025-02-16T23:39:33.098+0100] {processor.py:914} INFO - Processing file /home/mohammed/myenv/lib/python3.12/site-packages/airflow/example_dags/example_branch_day_of_week_operator.py for tasks to queue
[2025-02-16T23:39:33.107+0100] {logging_mixin.py:190} INFO - [2025-02-16T23:39:33.105+0100] {dagbag.py:588} INFO - Filling up the DagBag from /home/mohammed/myenv/lib/python3.12/site-packages/airflow/example_dags/example_branch_day_of_week_operator.py
[2025-02-16T23:39:33.142+0100] {processor.py:925} INFO - DAG(s) 'example_weekday_branch_operator' retrieved from /home/mohammed/myenv/lib/python3.12/site-packages/airflow/example_dags/example_branch_day_of_week_operator.py
[2025-02-16T23:39:33.170+0100] {logging_mixin.py:190} INFO - [2025-02-16T23:39:33.169+0100] {dag.py:3239} INFO - Sync 1 DAGs
[2025-02-16T23:39:33.198+0100] {logging_mixin.py:190} INFO - [2025-02-16T23:39:33.197+0100] {dag.py:4180} INFO - Setting next_dagrun for example_weekday_branch_operator to 2025-02-15 00:00:00+00:00, run_after=2025-02-16 00:00:00+00:00
[2025-02-16T23:39:33.240+0100] {processor.py:208} INFO - Processing /home/mohammed/myenv/lib/python3.12/site-packages/airflow/example_dags/example_branch_day_of_week_operator.py took 0.174 seconds
[2025-02-16T23:40:49.253+0100] {processor.py:186} INFO - Started process (PID=5150) to work on /home/mohammed/myenv/lib/python3.12/site-packages/airflow/example_dags/example_branch_day_of_week_operator.py
[2025-02-16T23:40:49.261+0100] {processor.py:914} INFO - Processing file /home/mohammed/myenv/lib/python3.12/site-packages/airflow/example_dags/example_branch_day_of_week_operator.py for tasks to queue
[2025-02-16T23:40:49.269+0100] {logging_mixin.py:190} INFO - [2025-02-16T23:40:49.268+0100] {dagbag.py:588} INFO - Filling up the DagBag from /home/mohammed/myenv/lib/python3.12/site-packages/airflow/example_dags/example_branch_day_of_week_operator.py
[2025-02-16T23:40:49.297+0100] {processor.py:925} INFO - DAG(s) 'example_weekday_branch_operator' retrieved from /home/mohammed/myenv/lib/python3.12/site-packages/airflow/example_dags/example_branch_day_of_week_operator.py
[2025-02-16T23:40:49.338+0100] {logging_mixin.py:190} INFO - [2025-02-16T23:40:49.338+0100] {dag.py:3239} INFO - Sync 1 DAGs
[2025-02-16T23:40:49.376+0100] {logging_mixin.py:190} INFO - [2025-02-16T23:40:49.376+0100] {dag.py:4180} INFO - Setting next_dagrun for example_weekday_branch_operator to 2025-02-15 00:00:00+00:00, run_after=2025-02-16 00:00:00+00:00
[2025-02-16T23:40:49.415+0100] {processor.py:208} INFO - Processing /home/mohammed/myenv/lib/python3.12/site-packages/airflow/example_dags/example_branch_day_of_week_operator.py took 0.187 seconds
[2025-02-16T23:42:03.434+0100] {processor.py:186} INFO - Started process (PID=5215) to work on /home/mohammed/myenv/lib/python3.12/site-packages/airflow/example_dags/example_branch_day_of_week_operator.py
[2025-02-16T23:42:03.441+0100] {processor.py:914} INFO - Processing file /home/mohammed/myenv/lib/python3.12/site-packages/airflow/example_dags/example_branch_day_of_week_operator.py for tasks to queue
[2025-02-16T23:42:03.449+0100] {logging_mixin.py:190} INFO - [2025-02-16T23:42:03.448+0100] {dagbag.py:588} INFO - Filling up the DagBag from /home/mohammed/myenv/lib/python3.12/site-packages/airflow/example_dags/example_branch_day_of_week_operator.py
[2025-02-16T23:42:03.486+0100] {processor.py:925} INFO - DAG(s) 'example_weekday_branch_operator' retrieved from /home/mohammed/myenv/lib/python3.12/site-packages/airflow/example_dags/example_branch_day_of_week_operator.py
[2025-02-16T23:42:03.535+0100] {logging_mixin.py:190} INFO - [2025-02-16T23:42:03.535+0100] {dag.py:3239} INFO - Sync 1 DAGs
[2025-02-16T23:42:03.566+0100] {logging_mixin.py:190} INFO - [2025-02-16T23:42:03.566+0100] {dag.py:4180} INFO - Setting next_dagrun for example_weekday_branch_operator to 2025-02-15 00:00:00+00:00, run_after=2025-02-16 00:00:00+00:00
[2025-02-16T23:42:03.606+0100] {processor.py:208} INFO - Processing /home/mohammed/myenv/lib/python3.12/site-packages/airflow/example_dags/example_branch_day_of_week_operator.py took 0.184 seconds
[2025-02-16T23:43:12.295+0100] {processor.py:186} INFO - Started process (PID=5277) to work on /home/mohammed/myenv/lib/python3.12/site-packages/airflow/example_dags/example_branch_day_of_week_operator.py
[2025-02-16T23:43:12.301+0100] {processor.py:914} INFO - Processing file /home/mohammed/myenv/lib/python3.12/site-packages/airflow/example_dags/example_branch_day_of_week_operator.py for tasks to queue
[2025-02-16T23:43:12.305+0100] {logging_mixin.py:190} INFO - [2025-02-16T23:43:12.304+0100] {dagbag.py:588} INFO - Filling up the DagBag from /home/mohammed/myenv/lib/python3.12/site-packages/airflow/example_dags/example_branch_day_of_week_operator.py
[2025-02-16T23:43:12.335+0100] {processor.py:925} INFO - DAG(s) 'example_weekday_branch_operator' retrieved from /home/mohammed/myenv/lib/python3.12/site-packages/airflow/example_dags/example_branch_day_of_week_operator.py
[2025-02-16T23:43:12.393+0100] {logging_mixin.py:190} INFO - [2025-02-16T23:43:12.392+0100] {dag.py:3239} INFO - Sync 1 DAGs
[2025-02-16T23:43:12.430+0100] {logging_mixin.py:190} INFO - [2025-02-16T23:43:12.429+0100] {dag.py:4180} INFO - Setting next_dagrun for example_weekday_branch_operator to 2025-02-15 00:00:00+00:00, run_after=2025-02-16 00:00:00+00:00
[2025-02-16T23:43:12.466+0100] {processor.py:208} INFO - Processing /home/mohammed/myenv/lib/python3.12/site-packages/airflow/example_dags/example_branch_day_of_week_operator.py took 0.183 seconds
[2025-02-16T23:44:30.669+0100] {processor.py:186} INFO - Started process (PID=5347) to work on /home/mohammed/myenv/lib/python3.12/site-packages/airflow/example_dags/example_branch_day_of_week_operator.py
[2025-02-16T23:44:30.674+0100] {processor.py:914} INFO - Processing file /home/mohammed/myenv/lib/python3.12/site-packages/airflow/example_dags/example_branch_day_of_week_operator.py for tasks to queue
[2025-02-16T23:44:30.684+0100] {logging_mixin.py:190} INFO - [2025-02-16T23:44:30.683+0100] {dagbag.py:588} INFO - Filling up the DagBag from /home/mohammed/myenv/lib/python3.12/site-packages/airflow/example_dags/example_branch_day_of_week_operator.py
[2025-02-16T23:44:30.732+0100] {processor.py:925} INFO - DAG(s) 'example_weekday_branch_operator' retrieved from /home/mohammed/myenv/lib/python3.12/site-packages/airflow/example_dags/example_branch_day_of_week_operator.py
[2025-02-16T23:44:30.789+0100] {logging_mixin.py:190} INFO - [2025-02-16T23:44:30.789+0100] {dag.py:3239} INFO - Sync 1 DAGs
[2025-02-16T23:44:30.822+0100] {logging_mixin.py:190} INFO - [2025-02-16T23:44:30.822+0100] {dag.py:4180} INFO - Setting next_dagrun for example_weekday_branch_operator to 2025-02-15 00:00:00+00:00, run_after=2025-02-16 00:00:00+00:00
[2025-02-16T23:44:30.863+0100] {processor.py:208} INFO - Processing /home/mohammed/myenv/lib/python3.12/site-packages/airflow/example_dags/example_branch_day_of_week_operator.py took 0.231 seconds
[2025-02-16T23:45:43.643+0100] {processor.py:186} INFO - Started process (PID=5416) to work on /home/mohammed/myenv/lib/python3.12/site-packages/airflow/example_dags/example_branch_day_of_week_operator.py
[2025-02-16T23:45:43.650+0100] {processor.py:914} INFO - Processing file /home/mohammed/myenv/lib/python3.12/site-packages/airflow/example_dags/example_branch_day_of_week_operator.py for tasks to queue
[2025-02-16T23:45:43.654+0100] {logging_mixin.py:190} INFO - [2025-02-16T23:45:43.654+0100] {dagbag.py:588} INFO - Filling up the DagBag from /home/mohammed/myenv/lib/python3.12/site-packages/airflow/example_dags/example_branch_day_of_week_operator.py
[2025-02-16T23:45:43.675+0100] {processor.py:925} INFO - DAG(s) 'example_weekday_branch_operator' retrieved from /home/mohammed/myenv/lib/python3.12/site-packages/airflow/example_dags/example_branch_day_of_week_operator.py
[2025-02-16T23:45:43.705+0100] {logging_mixin.py:190} INFO - [2025-02-16T23:45:43.705+0100] {dag.py:3239} INFO - Sync 1 DAGs
[2025-02-16T23:45:43.742+0100] {logging_mixin.py:190} INFO - [2025-02-16T23:45:43.742+0100] {dag.py:4180} INFO - Setting next_dagrun for example_weekday_branch_operator to 2025-02-15 00:00:00+00:00, run_after=2025-02-16 00:00:00+00:00
[2025-02-16T23:45:43.780+0100] {processor.py:208} INFO - Processing /home/mohammed/myenv/lib/python3.12/site-packages/airflow/example_dags/example_branch_day_of_week_operator.py took 0.157 seconds
[2025-02-16T23:46:53.733+0100] {processor.py:186} INFO - Started process (PID=5479) to work on /home/mohammed/myenv/lib/python3.12/site-packages/airflow/example_dags/example_branch_day_of_week_operator.py
[2025-02-16T23:46:53.741+0100] {processor.py:914} INFO - Processing file /home/mohammed/myenv/lib/python3.12/site-packages/airflow/example_dags/example_branch_day_of_week_operator.py for tasks to queue
[2025-02-16T23:46:53.750+0100] {logging_mixin.py:190} INFO - [2025-02-16T23:46:53.748+0100] {dagbag.py:588} INFO - Filling up the DagBag from /home/mohammed/myenv/lib/python3.12/site-packages/airflow/example_dags/example_branch_day_of_week_operator.py
[2025-02-16T23:46:53.778+0100] {processor.py:925} INFO - DAG(s) 'example_weekday_branch_operator' retrieved from /home/mohammed/myenv/lib/python3.12/site-packages/airflow/example_dags/example_branch_day_of_week_operator.py
[2025-02-16T23:46:53.811+0100] {logging_mixin.py:190} INFO - [2025-02-16T23:46:53.811+0100] {dag.py:3239} INFO - Sync 1 DAGs
[2025-02-16T23:46:53.850+0100] {logging_mixin.py:190} INFO - [2025-02-16T23:46:53.850+0100] {dag.py:4180} INFO - Setting next_dagrun for example_weekday_branch_operator to 2025-02-15 00:00:00+00:00, run_after=2025-02-16 00:00:00+00:00
[2025-02-16T23:46:53.898+0100] {processor.py:208} INFO - Processing /home/mohammed/myenv/lib/python3.12/site-packages/airflow/example_dags/example_branch_day_of_week_operator.py took 0.190 seconds
[2025-02-16T23:48:08.651+0100] {processor.py:186} INFO - Started process (PID=5547) to work on /home/mohammed/myenv/lib/python3.12/site-packages/airflow/example_dags/example_branch_day_of_week_operator.py
[2025-02-16T23:48:08.657+0100] {processor.py:914} INFO - Processing file /home/mohammed/myenv/lib/python3.12/site-packages/airflow/example_dags/example_branch_day_of_week_operator.py for tasks to queue
[2025-02-16T23:48:08.661+0100] {logging_mixin.py:190} INFO - [2025-02-16T23:48:08.660+0100] {dagbag.py:588} INFO - Filling up the DagBag from /home/mohammed/myenv/lib/python3.12/site-packages/airflow/example_dags/example_branch_day_of_week_operator.py
[2025-02-16T23:48:08.681+0100] {processor.py:925} INFO - DAG(s) 'example_weekday_branch_operator' retrieved from /home/mohammed/myenv/lib/python3.12/site-packages/airflow/example_dags/example_branch_day_of_week_operator.py
[2025-02-16T23:48:08.713+0100] {logging_mixin.py:190} INFO - [2025-02-16T23:48:08.712+0100] {dag.py:3239} INFO - Sync 1 DAGs
[2025-02-16T23:48:08.749+0100] {logging_mixin.py:190} INFO - [2025-02-16T23:48:08.749+0100] {dag.py:4180} INFO - Setting next_dagrun for example_weekday_branch_operator to 2025-02-15 00:00:00+00:00, run_after=2025-02-16 00:00:00+00:00
[2025-02-16T23:48:08.789+0100] {processor.py:208} INFO - Processing /home/mohammed/myenv/lib/python3.12/site-packages/airflow/example_dags/example_branch_day_of_week_operator.py took 0.155 seconds
[2025-02-16T23:49:23.047+0100] {processor.py:186} INFO - Started process (PID=5612) to work on /home/mohammed/myenv/lib/python3.12/site-packages/airflow/example_dags/example_branch_day_of_week_operator.py
[2025-02-16T23:49:23.055+0100] {processor.py:914} INFO - Processing file /home/mohammed/myenv/lib/python3.12/site-packages/airflow/example_dags/example_branch_day_of_week_operator.py for tasks to queue
[2025-02-16T23:49:23.064+0100] {logging_mixin.py:190} INFO - [2025-02-16T23:49:23.062+0100] {dagbag.py:588} INFO - Filling up the DagBag from /home/mohammed/myenv/lib/python3.12/site-packages/airflow/example_dags/example_branch_day_of_week_operator.py
[2025-02-16T23:49:23.107+0100] {processor.py:925} INFO - DAG(s) 'example_weekday_branch_operator' retrieved from /home/mohammed/myenv/lib/python3.12/site-packages/airflow/example_dags/example_branch_day_of_week_operator.py
[2025-02-16T23:49:23.153+0100] {logging_mixin.py:190} INFO - [2025-02-16T23:49:23.153+0100] {dag.py:3239} INFO - Sync 1 DAGs
[2025-02-16T23:49:23.184+0100] {logging_mixin.py:190} INFO - [2025-02-16T23:49:23.184+0100] {dag.py:4180} INFO - Setting next_dagrun for example_weekday_branch_operator to 2025-02-15 00:00:00+00:00, run_after=2025-02-16 00:00:00+00:00
[2025-02-16T23:49:23.230+0100] {processor.py:208} INFO - Processing /home/mohammed/myenv/lib/python3.12/site-packages/airflow/example_dags/example_branch_day_of_week_operator.py took 0.206 seconds
[2025-02-16T23:50:42.495+0100] {processor.py:186} INFO - Started process (PID=5691) to work on /home/mohammed/myenv/lib/python3.12/site-packages/airflow/example_dags/example_branch_day_of_week_operator.py
[2025-02-16T23:50:42.504+0100] {processor.py:914} INFO - Processing file /home/mohammed/myenv/lib/python3.12/site-packages/airflow/example_dags/example_branch_day_of_week_operator.py for tasks to queue
[2025-02-16T23:50:42.512+0100] {logging_mixin.py:190} INFO - [2025-02-16T23:50:42.510+0100] {dagbag.py:588} INFO - Filling up the DagBag from /home/mohammed/myenv/lib/python3.12/site-packages/airflow/example_dags/example_branch_day_of_week_operator.py
[2025-02-16T23:50:42.556+0100] {processor.py:925} INFO - DAG(s) 'example_weekday_branch_operator' retrieved from /home/mohammed/myenv/lib/python3.12/site-packages/airflow/example_dags/example_branch_day_of_week_operator.py
[2025-02-16T23:50:42.589+0100] {logging_mixin.py:190} INFO - [2025-02-16T23:50:42.589+0100] {dag.py:3239} INFO - Sync 1 DAGs
[2025-02-16T23:50:42.622+0100] {logging_mixin.py:190} INFO - [2025-02-16T23:50:42.622+0100] {dag.py:4180} INFO - Setting next_dagrun for example_weekday_branch_operator to 2025-02-15 00:00:00+00:00, run_after=2025-02-16 00:00:00+00:00
[2025-02-16T23:50:42.664+0100] {processor.py:208} INFO - Processing /home/mohammed/myenv/lib/python3.12/site-packages/airflow/example_dags/example_branch_day_of_week_operator.py took 0.193 seconds
[2025-02-16T23:52:04.618+0100] {processor.py:186} INFO - Started process (PID=5761) to work on /home/mohammed/myenv/lib/python3.12/site-packages/airflow/example_dags/example_branch_day_of_week_operator.py
[2025-02-16T23:52:04.626+0100] {processor.py:914} INFO - Processing file /home/mohammed/myenv/lib/python3.12/site-packages/airflow/example_dags/example_branch_day_of_week_operator.py for tasks to queue
[2025-02-16T23:52:04.634+0100] {logging_mixin.py:190} INFO - [2025-02-16T23:52:04.632+0100] {dagbag.py:588} INFO - Filling up the DagBag from /home/mohammed/myenv/lib/python3.12/site-packages/airflow/example_dags/example_branch_day_of_week_operator.py
[2025-02-16T23:52:04.673+0100] {processor.py:925} INFO - DAG(s) 'example_weekday_branch_operator' retrieved from /home/mohammed/myenv/lib/python3.12/site-packages/airflow/example_dags/example_branch_day_of_week_operator.py
[2025-02-16T23:52:04.715+0100] {logging_mixin.py:190} INFO - [2025-02-16T23:52:04.715+0100] {dag.py:3239} INFO - Sync 1 DAGs
[2025-02-16T23:52:04.754+0100] {logging_mixin.py:190} INFO - [2025-02-16T23:52:04.753+0100] {dag.py:4180} INFO - Setting next_dagrun for example_weekday_branch_operator to 2025-02-15 00:00:00+00:00, run_after=2025-02-16 00:00:00+00:00
[2025-02-16T23:52:04.803+0100] {processor.py:208} INFO - Processing /home/mohammed/myenv/lib/python3.12/site-packages/airflow/example_dags/example_branch_day_of_week_operator.py took 0.206 seconds
[2025-02-16T23:53:19.630+0100] {processor.py:186} INFO - Started process (PID=5825) to work on /home/mohammed/myenv/lib/python3.12/site-packages/airflow/example_dags/example_branch_day_of_week_operator.py
[2025-02-16T23:53:19.636+0100] {processor.py:914} INFO - Processing file /home/mohammed/myenv/lib/python3.12/site-packages/airflow/example_dags/example_branch_day_of_week_operator.py for tasks to queue
[2025-02-16T23:53:19.641+0100] {logging_mixin.py:190} INFO - [2025-02-16T23:53:19.640+0100] {dagbag.py:588} INFO - Filling up the DagBag from /home/mohammed/myenv/lib/python3.12/site-packages/airflow/example_dags/example_branch_day_of_week_operator.py
[2025-02-16T23:53:19.664+0100] {processor.py:925} INFO - DAG(s) 'example_weekday_branch_operator' retrieved from /home/mohammed/myenv/lib/python3.12/site-packages/airflow/example_dags/example_branch_day_of_week_operator.py
[2025-02-16T23:53:19.698+0100] {logging_mixin.py:190} INFO - [2025-02-16T23:53:19.698+0100] {dag.py:3239} INFO - Sync 1 DAGs
[2025-02-16T23:53:19.741+0100] {logging_mixin.py:190} INFO - [2025-02-16T23:53:19.741+0100] {dag.py:4180} INFO - Setting next_dagrun for example_weekday_branch_operator to 2025-02-15 00:00:00+00:00, run_after=2025-02-16 00:00:00+00:00
[2025-02-16T23:53:19.788+0100] {processor.py:208} INFO - Processing /home/mohammed/myenv/lib/python3.12/site-packages/airflow/example_dags/example_branch_day_of_week_operator.py took 0.168 seconds
[2025-02-16T23:54:33.411+0100] {processor.py:186} INFO - Started process (PID=5893) to work on /home/mohammed/myenv/lib/python3.12/site-packages/airflow/example_dags/example_branch_day_of_week_operator.py
[2025-02-16T23:54:33.418+0100] {processor.py:914} INFO - Processing file /home/mohammed/myenv/lib/python3.12/site-packages/airflow/example_dags/example_branch_day_of_week_operator.py for tasks to queue
[2025-02-16T23:54:33.425+0100] {logging_mixin.py:190} INFO - [2025-02-16T23:54:33.424+0100] {dagbag.py:588} INFO - Filling up the DagBag from /home/mohammed/myenv/lib/python3.12/site-packages/airflow/example_dags/example_branch_day_of_week_operator.py
[2025-02-16T23:54:33.464+0100] {processor.py:925} INFO - DAG(s) 'example_weekday_branch_operator' retrieved from /home/mohammed/myenv/lib/python3.12/site-packages/airflow/example_dags/example_branch_day_of_week_operator.py
[2025-02-16T23:54:33.520+0100] {logging_mixin.py:190} INFO - [2025-02-16T23:54:33.520+0100] {dag.py:3239} INFO - Sync 1 DAGs
[2025-02-16T23:54:33.554+0100] {logging_mixin.py:190} INFO - [2025-02-16T23:54:33.554+0100] {dag.py:4180} INFO - Setting next_dagrun for example_weekday_branch_operator to 2025-02-15 00:00:00+00:00, run_after=2025-02-16 00:00:00+00:00
[2025-02-16T23:54:33.587+0100] {processor.py:208} INFO - Processing /home/mohammed/myenv/lib/python3.12/site-packages/airflow/example_dags/example_branch_day_of_week_operator.py took 0.191 seconds
[2025-02-16T23:55:45.458+0100] {processor.py:186} INFO - Started process (PID=5958) to work on /home/mohammed/myenv/lib/python3.12/site-packages/airflow/example_dags/example_branch_day_of_week_operator.py
[2025-02-16T23:55:45.461+0100] {processor.py:914} INFO - Processing file /home/mohammed/myenv/lib/python3.12/site-packages/airflow/example_dags/example_branch_day_of_week_operator.py for tasks to queue
[2025-02-16T23:55:45.466+0100] {logging_mixin.py:190} INFO - [2025-02-16T23:55:45.465+0100] {dagbag.py:588} INFO - Filling up the DagBag from /home/mohammed/myenv/lib/python3.12/site-packages/airflow/example_dags/example_branch_day_of_week_operator.py
[2025-02-16T23:55:45.488+0100] {processor.py:925} INFO - DAG(s) 'example_weekday_branch_operator' retrieved from /home/mohammed/myenv/lib/python3.12/site-packages/airflow/example_dags/example_branch_day_of_week_operator.py
[2025-02-16T23:55:45.521+0100] {logging_mixin.py:190} INFO - [2025-02-16T23:55:45.521+0100] {dag.py:3239} INFO - Sync 1 DAGs
[2025-02-16T23:55:45.564+0100] {logging_mixin.py:190} INFO - [2025-02-16T23:55:45.564+0100] {dag.py:4180} INFO - Setting next_dagrun for example_weekday_branch_operator to 2025-02-15 00:00:00+00:00, run_after=2025-02-16 00:00:00+00:00
[2025-02-16T23:55:45.601+0100] {processor.py:208} INFO - Processing /home/mohammed/myenv/lib/python3.12/site-packages/airflow/example_dags/example_branch_day_of_week_operator.py took 0.154 seconds
[2025-02-16T23:57:04.560+0100] {processor.py:186} INFO - Started process (PID=6026) to work on /home/mohammed/myenv/lib/python3.12/site-packages/airflow/example_dags/example_branch_day_of_week_operator.py
[2025-02-16T23:57:04.566+0100] {processor.py:914} INFO - Processing file /home/mohammed/myenv/lib/python3.12/site-packages/airflow/example_dags/example_branch_day_of_week_operator.py for tasks to queue
[2025-02-16T23:57:04.571+0100] {logging_mixin.py:190} INFO - [2025-02-16T23:57:04.570+0100] {dagbag.py:588} INFO - Filling up the DagBag from /home/mohammed/myenv/lib/python3.12/site-packages/airflow/example_dags/example_branch_day_of_week_operator.py
[2025-02-16T23:57:04.597+0100] {processor.py:925} INFO - DAG(s) 'example_weekday_branch_operator' retrieved from /home/mohammed/myenv/lib/python3.12/site-packages/airflow/example_dags/example_branch_day_of_week_operator.py
[2025-02-16T23:57:04.635+0100] {logging_mixin.py:190} INFO - [2025-02-16T23:57:04.635+0100] {dag.py:3239} INFO - Sync 1 DAGs
[2025-02-16T23:57:04.675+0100] {logging_mixin.py:190} INFO - [2025-02-16T23:57:04.674+0100] {dag.py:4180} INFO - Setting next_dagrun for example_weekday_branch_operator to 2025-02-15 00:00:00+00:00, run_after=2025-02-16 00:00:00+00:00
[2025-02-16T23:57:04.714+0100] {processor.py:208} INFO - Processing /home/mohammed/myenv/lib/python3.12/site-packages/airflow/example_dags/example_branch_day_of_week_operator.py took 0.164 seconds
[2025-02-16T23:58:22.441+0100] {processor.py:186} INFO - Started process (PID=6092) to work on /home/mohammed/myenv/lib/python3.12/site-packages/airflow/example_dags/example_branch_day_of_week_operator.py
[2025-02-16T23:58:22.449+0100] {processor.py:914} INFO - Processing file /home/mohammed/myenv/lib/python3.12/site-packages/airflow/example_dags/example_branch_day_of_week_operator.py for tasks to queue
[2025-02-16T23:58:22.458+0100] {logging_mixin.py:190} INFO - [2025-02-16T23:58:22.456+0100] {dagbag.py:588} INFO - Filling up the DagBag from /home/mohammed/myenv/lib/python3.12/site-packages/airflow/example_dags/example_branch_day_of_week_operator.py
[2025-02-16T23:58:22.502+0100] {processor.py:925} INFO - DAG(s) 'example_weekday_branch_operator' retrieved from /home/mohammed/myenv/lib/python3.12/site-packages/airflow/example_dags/example_branch_day_of_week_operator.py
[2025-02-16T23:58:22.538+0100] {logging_mixin.py:190} INFO - [2025-02-16T23:58:22.537+0100] {dag.py:3239} INFO - Sync 1 DAGs
[2025-02-16T23:58:22.570+0100] {logging_mixin.py:190} INFO - [2025-02-16T23:58:22.570+0100] {dag.py:4180} INFO - Setting next_dagrun for example_weekday_branch_operator to 2025-02-15 00:00:00+00:00, run_after=2025-02-16 00:00:00+00:00
[2025-02-16T23:58:22.609+0100] {processor.py:208} INFO - Processing /home/mohammed/myenv/lib/python3.12/site-packages/airflow/example_dags/example_branch_day_of_week_operator.py took 0.192 seconds
[2025-02-16T23:59:39.920+0100] {processor.py:186} INFO - Started process (PID=6163) to work on /home/mohammed/myenv/lib/python3.12/site-packages/airflow/example_dags/example_branch_day_of_week_operator.py
[2025-02-16T23:59:39.929+0100] {processor.py:914} INFO - Processing file /home/mohammed/myenv/lib/python3.12/site-packages/airflow/example_dags/example_branch_day_of_week_operator.py for tasks to queue
[2025-02-16T23:59:39.937+0100] {logging_mixin.py:190} INFO - [2025-02-16T23:59:39.936+0100] {dagbag.py:588} INFO - Filling up the DagBag from /home/mohammed/myenv/lib/python3.12/site-packages/airflow/example_dags/example_branch_day_of_week_operator.py
[2025-02-16T23:59:39.978+0100] {processor.py:925} INFO - DAG(s) 'example_weekday_branch_operator' retrieved from /home/mohammed/myenv/lib/python3.12/site-packages/airflow/example_dags/example_branch_day_of_week_operator.py
[2025-02-16T23:59:40.006+0100] {logging_mixin.py:190} INFO - [2025-02-16T23:59:40.005+0100] {dag.py:3239} INFO - Sync 1 DAGs
[2025-02-16T23:59:40.037+0100] {logging_mixin.py:190} INFO - [2025-02-16T23:59:40.037+0100] {dag.py:4180} INFO - Setting next_dagrun for example_weekday_branch_operator to 2025-02-15 00:00:00+00:00, run_after=2025-02-16 00:00:00+00:00
[2025-02-16T23:59:40.081+0100] {processor.py:208} INFO - Processing /home/mohammed/myenv/lib/python3.12/site-packages/airflow/example_dags/example_branch_day_of_week_operator.py took 0.186 seconds
[2025-02-17T00:00:54.673+0100] {processor.py:186} INFO - Started process (PID=6284) to work on /home/mohammed/myenv/lib/python3.12/site-packages/airflow/example_dags/example_branch_day_of_week_operator.py
[2025-02-17T00:00:54.675+0100] {processor.py:914} INFO - Processing file /home/mohammed/myenv/lib/python3.12/site-packages/airflow/example_dags/example_branch_day_of_week_operator.py for tasks to queue
[2025-02-17T00:00:54.678+0100] {logging_mixin.py:190} INFO - [2025-02-17T00:00:54.678+0100] {dagbag.py:588} INFO - Filling up the DagBag from /home/mohammed/myenv/lib/python3.12/site-packages/airflow/example_dags/example_branch_day_of_week_operator.py
[2025-02-17T00:00:54.694+0100] {processor.py:925} INFO - DAG(s) 'example_weekday_branch_operator' retrieved from /home/mohammed/myenv/lib/python3.12/site-packages/airflow/example_dags/example_branch_day_of_week_operator.py
[2025-02-17T00:00:54.719+0100] {logging_mixin.py:190} INFO - [2025-02-17T00:00:54.719+0100] {dag.py:3239} INFO - Sync 1 DAGs
[2025-02-17T00:00:54.750+0100] {logging_mixin.py:190} INFO - [2025-02-17T00:00:54.749+0100] {dag.py:4180} INFO - Setting next_dagrun for example_weekday_branch_operator to 2025-02-15 00:00:00+00:00, run_after=2025-02-16 00:00:00+00:00
[2025-02-17T00:00:54.789+0100] {processor.py:208} INFO - Processing /home/mohammed/myenv/lib/python3.12/site-packages/airflow/example_dags/example_branch_day_of_week_operator.py took 0.125 seconds
[2025-02-17T00:02:09.152+0100] {processor.py:186} INFO - Started process (PID=6351) to work on /home/mohammed/myenv/lib/python3.12/site-packages/airflow/example_dags/example_branch_day_of_week_operator.py
[2025-02-17T00:02:09.158+0100] {processor.py:914} INFO - Processing file /home/mohammed/myenv/lib/python3.12/site-packages/airflow/example_dags/example_branch_day_of_week_operator.py for tasks to queue
[2025-02-17T00:02:09.161+0100] {logging_mixin.py:190} INFO - [2025-02-17T00:02:09.160+0100] {dagbag.py:588} INFO - Filling up the DagBag from /home/mohammed/myenv/lib/python3.12/site-packages/airflow/example_dags/example_branch_day_of_week_operator.py
[2025-02-17T00:02:09.175+0100] {processor.py:925} INFO - DAG(s) 'example_weekday_branch_operator' retrieved from /home/mohammed/myenv/lib/python3.12/site-packages/airflow/example_dags/example_branch_day_of_week_operator.py
[2025-02-17T00:02:09.197+0100] {logging_mixin.py:190} INFO - [2025-02-17T00:02:09.197+0100] {dag.py:3239} INFO - Sync 1 DAGs
[2025-02-17T00:02:09.224+0100] {logging_mixin.py:190} INFO - [2025-02-17T00:02:09.224+0100] {dag.py:4180} INFO - Setting next_dagrun for example_weekday_branch_operator to 2025-02-15 00:00:00+00:00, run_after=2025-02-16 00:00:00+00:00
[2025-02-17T00:02:09.267+0100] {processor.py:208} INFO - Processing /home/mohammed/myenv/lib/python3.12/site-packages/airflow/example_dags/example_branch_day_of_week_operator.py took 0.123 seconds
[2025-02-17T00:03:27.068+0100] {processor.py:186} INFO - Started process (PID=6418) to work on /home/mohammed/myenv/lib/python3.12/site-packages/airflow/example_dags/example_branch_day_of_week_operator.py
[2025-02-17T00:03:27.076+0100] {processor.py:914} INFO - Processing file /home/mohammed/myenv/lib/python3.12/site-packages/airflow/example_dags/example_branch_day_of_week_operator.py for tasks to queue
[2025-02-17T00:03:27.084+0100] {logging_mixin.py:190} INFO - [2025-02-17T00:03:27.082+0100] {dagbag.py:588} INFO - Filling up the DagBag from /home/mohammed/myenv/lib/python3.12/site-packages/airflow/example_dags/example_branch_day_of_week_operator.py
[2025-02-17T00:03:27.122+0100] {processor.py:925} INFO - DAG(s) 'example_weekday_branch_operator' retrieved from /home/mohammed/myenv/lib/python3.12/site-packages/airflow/example_dags/example_branch_day_of_week_operator.py
[2025-02-17T00:03:27.166+0100] {logging_mixin.py:190} INFO - [2025-02-17T00:03:27.166+0100] {dag.py:3239} INFO - Sync 1 DAGs
[2025-02-17T00:03:27.197+0100] {logging_mixin.py:190} INFO - [2025-02-17T00:03:27.197+0100] {dag.py:4180} INFO - Setting next_dagrun for example_weekday_branch_operator to 2025-02-15 00:00:00+00:00, run_after=2025-02-16 00:00:00+00:00
[2025-02-17T00:03:27.237+0100] {processor.py:208} INFO - Processing /home/mohammed/myenv/lib/python3.12/site-packages/airflow/example_dags/example_branch_day_of_week_operator.py took 0.190 seconds
[2025-02-17T00:04:45.582+0100] {processor.py:186} INFO - Started process (PID=6484) to work on /home/mohammed/myenv/lib/python3.12/site-packages/airflow/example_dags/example_branch_day_of_week_operator.py
[2025-02-17T00:04:45.590+0100] {processor.py:914} INFO - Processing file /home/mohammed/myenv/lib/python3.12/site-packages/airflow/example_dags/example_branch_day_of_week_operator.py for tasks to queue
[2025-02-17T00:04:45.597+0100] {logging_mixin.py:190} INFO - [2025-02-17T00:04:45.596+0100] {dagbag.py:588} INFO - Filling up the DagBag from /home/mohammed/myenv/lib/python3.12/site-packages/airflow/example_dags/example_branch_day_of_week_operator.py
[2025-02-17T00:04:45.634+0100] {processor.py:925} INFO - DAG(s) 'example_weekday_branch_operator' retrieved from /home/mohammed/myenv/lib/python3.12/site-packages/airflow/example_dags/example_branch_day_of_week_operator.py
[2025-02-17T00:04:45.685+0100] {logging_mixin.py:190} INFO - [2025-02-17T00:04:45.685+0100] {dag.py:3239} INFO - Sync 1 DAGs
[2025-02-17T00:04:45.723+0100] {logging_mixin.py:190} INFO - [2025-02-17T00:04:45.723+0100] {dag.py:4180} INFO - Setting next_dagrun for example_weekday_branch_operator to 2025-02-15 00:00:00+00:00, run_after=2025-02-16 00:00:00+00:00
[2025-02-17T00:04:45.770+0100] {processor.py:208} INFO - Processing /home/mohammed/myenv/lib/python3.12/site-packages/airflow/example_dags/example_branch_day_of_week_operator.py took 0.208 seconds
[2025-02-17T00:05:57.512+0100] {processor.py:186} INFO - Started process (PID=6554) to work on /home/mohammed/myenv/lib/python3.12/site-packages/airflow/example_dags/example_branch_day_of_week_operator.py
[2025-02-17T00:05:57.517+0100] {processor.py:914} INFO - Processing file /home/mohammed/myenv/lib/python3.12/site-packages/airflow/example_dags/example_branch_day_of_week_operator.py for tasks to queue
[2025-02-17T00:05:57.519+0100] {logging_mixin.py:190} INFO - [2025-02-17T00:05:57.519+0100] {dagbag.py:588} INFO - Filling up the DagBag from /home/mohammed/myenv/lib/python3.12/site-packages/airflow/example_dags/example_branch_day_of_week_operator.py
[2025-02-17T00:05:57.533+0100] {processor.py:925} INFO - DAG(s) 'example_weekday_branch_operator' retrieved from /home/mohammed/myenv/lib/python3.12/site-packages/airflow/example_dags/example_branch_day_of_week_operator.py
[2025-02-17T00:05:57.552+0100] {logging_mixin.py:190} INFO - [2025-02-17T00:05:57.552+0100] {dag.py:3239} INFO - Sync 1 DAGs
[2025-02-17T00:05:57.577+0100] {logging_mixin.py:190} INFO - [2025-02-17T00:05:57.577+0100] {dag.py:4180} INFO - Setting next_dagrun for example_weekday_branch_operator to 2025-02-15 00:00:00+00:00, run_after=2025-02-16 00:00:00+00:00
[2025-02-17T00:05:57.611+0100] {processor.py:208} INFO - Processing /home/mohammed/myenv/lib/python3.12/site-packages/airflow/example_dags/example_branch_day_of_week_operator.py took 0.107 seconds
[2025-02-17T00:07:10.875+0100] {processor.py:186} INFO - Started process (PID=6617) to work on /home/mohammed/myenv/lib/python3.12/site-packages/airflow/example_dags/example_branch_day_of_week_operator.py
[2025-02-17T00:07:10.883+0100] {processor.py:914} INFO - Processing file /home/mohammed/myenv/lib/python3.12/site-packages/airflow/example_dags/example_branch_day_of_week_operator.py for tasks to queue
[2025-02-17T00:07:10.890+0100] {logging_mixin.py:190} INFO - [2025-02-17T00:07:10.889+0100] {dagbag.py:588} INFO - Filling up the DagBag from /home/mohammed/myenv/lib/python3.12/site-packages/airflow/example_dags/example_branch_day_of_week_operator.py
[2025-02-17T00:07:10.921+0100] {processor.py:925} INFO - DAG(s) 'example_weekday_branch_operator' retrieved from /home/mohammed/myenv/lib/python3.12/site-packages/airflow/example_dags/example_branch_day_of_week_operator.py
[2025-02-17T00:07:10.949+0100] {logging_mixin.py:190} INFO - [2025-02-17T00:07:10.949+0100] {dag.py:3239} INFO - Sync 1 DAGs
[2025-02-17T00:07:10.985+0100] {logging_mixin.py:190} INFO - [2025-02-17T00:07:10.985+0100] {dag.py:4180} INFO - Setting next_dagrun for example_weekday_branch_operator to 2025-02-15 00:00:00+00:00, run_after=2025-02-16 00:00:00+00:00
[2025-02-17T00:07:11.027+0100] {processor.py:208} INFO - Processing /home/mohammed/myenv/lib/python3.12/site-packages/airflow/example_dags/example_branch_day_of_week_operator.py took 0.174 seconds
[2025-02-17T00:08:28.066+0100] {processor.py:186} INFO - Started process (PID=6715) to work on /home/mohammed/myenv/lib/python3.12/site-packages/airflow/example_dags/example_branch_day_of_week_operator.py
[2025-02-17T00:08:28.073+0100] {processor.py:914} INFO - Processing file /home/mohammed/myenv/lib/python3.12/site-packages/airflow/example_dags/example_branch_day_of_week_operator.py for tasks to queue
[2025-02-17T00:08:28.079+0100] {logging_mixin.py:190} INFO - [2025-02-17T00:08:28.078+0100] {dagbag.py:588} INFO - Filling up the DagBag from /home/mohammed/myenv/lib/python3.12/site-packages/airflow/example_dags/example_branch_day_of_week_operator.py
[2025-02-17T00:08:28.114+0100] {processor.py:925} INFO - DAG(s) 'example_weekday_branch_operator' retrieved from /home/mohammed/myenv/lib/python3.12/site-packages/airflow/example_dags/example_branch_day_of_week_operator.py
[2025-02-17T00:08:28.163+0100] {logging_mixin.py:190} INFO - [2025-02-17T00:08:28.163+0100] {dag.py:3239} INFO - Sync 1 DAGs
[2025-02-17T00:08:28.196+0100] {logging_mixin.py:190} INFO - [2025-02-17T00:08:28.196+0100] {dag.py:4180} INFO - Setting next_dagrun for example_weekday_branch_operator to 2025-02-15 00:00:00+00:00, run_after=2025-02-16 00:00:00+00:00
[2025-02-17T00:08:28.233+0100] {processor.py:208} INFO - Processing /home/mohammed/myenv/lib/python3.12/site-packages/airflow/example_dags/example_branch_day_of_week_operator.py took 0.178 seconds
[2025-02-17T00:09:39.434+0100] {processor.py:186} INFO - Started process (PID=6776) to work on /home/mohammed/myenv/lib/python3.12/site-packages/airflow/example_dags/example_branch_day_of_week_operator.py
[2025-02-17T00:09:39.441+0100] {processor.py:914} INFO - Processing file /home/mohammed/myenv/lib/python3.12/site-packages/airflow/example_dags/example_branch_day_of_week_operator.py for tasks to queue
[2025-02-17T00:09:39.445+0100] {logging_mixin.py:190} INFO - [2025-02-17T00:09:39.444+0100] {dagbag.py:588} INFO - Filling up the DagBag from /home/mohammed/myenv/lib/python3.12/site-packages/airflow/example_dags/example_branch_day_of_week_operator.py
[2025-02-17T00:09:39.467+0100] {processor.py:925} INFO - DAG(s) 'example_weekday_branch_operator' retrieved from /home/mohammed/myenv/lib/python3.12/site-packages/airflow/example_dags/example_branch_day_of_week_operator.py
[2025-02-17T00:09:39.499+0100] {logging_mixin.py:190} INFO - [2025-02-17T00:09:39.499+0100] {dag.py:3239} INFO - Sync 1 DAGs
[2025-02-17T00:09:39.531+0100] {logging_mixin.py:190} INFO - [2025-02-17T00:09:39.531+0100] {dag.py:4180} INFO - Setting next_dagrun for example_weekday_branch_operator to 2025-02-15 00:00:00+00:00, run_after=2025-02-16 00:00:00+00:00
[2025-02-17T00:09:39.566+0100] {processor.py:208} INFO - Processing /home/mohammed/myenv/lib/python3.12/site-packages/airflow/example_dags/example_branch_day_of_week_operator.py took 0.144 seconds
[2025-02-17T00:10:57.265+0100] {processor.py:186} INFO - Started process (PID=6845) to work on /home/mohammed/myenv/lib/python3.12/site-packages/airflow/example_dags/example_branch_day_of_week_operator.py
[2025-02-17T00:10:57.270+0100] {processor.py:914} INFO - Processing file /home/mohammed/myenv/lib/python3.12/site-packages/airflow/example_dags/example_branch_day_of_week_operator.py for tasks to queue
[2025-02-17T00:10:57.279+0100] {logging_mixin.py:190} INFO - [2025-02-17T00:10:57.277+0100] {dagbag.py:588} INFO - Filling up the DagBag from /home/mohammed/myenv/lib/python3.12/site-packages/airflow/example_dags/example_branch_day_of_week_operator.py
[2025-02-17T00:10:57.327+0100] {processor.py:925} INFO - DAG(s) 'example_weekday_branch_operator' retrieved from /home/mohammed/myenv/lib/python3.12/site-packages/airflow/example_dags/example_branch_day_of_week_operator.py
[2025-02-17T00:10:57.398+0100] {logging_mixin.py:190} INFO - [2025-02-17T00:10:57.398+0100] {dag.py:3239} INFO - Sync 1 DAGs
[2025-02-17T00:10:57.487+0100] {logging_mixin.py:190} INFO - [2025-02-17T00:10:57.486+0100] {dag.py:4180} INFO - Setting next_dagrun for example_weekday_branch_operator to 2025-02-15 00:00:00+00:00, run_after=2025-02-16 00:00:00+00:00
[2025-02-17T00:10:57.584+0100] {processor.py:208} INFO - Processing /home/mohammed/myenv/lib/python3.12/site-packages/airflow/example_dags/example_branch_day_of_week_operator.py took 0.346 seconds
[2025-02-17T00:12:17.613+0100] {processor.py:186} INFO - Started process (PID=6919) to work on /home/mohammed/myenv/lib/python3.12/site-packages/airflow/example_dags/example_branch_day_of_week_operator.py
[2025-02-17T00:12:17.615+0100] {processor.py:914} INFO - Processing file /home/mohammed/myenv/lib/python3.12/site-packages/airflow/example_dags/example_branch_day_of_week_operator.py for tasks to queue
[2025-02-17T00:12:17.621+0100] {logging_mixin.py:190} INFO - [2025-02-17T00:12:17.620+0100] {dagbag.py:588} INFO - Filling up the DagBag from /home/mohammed/myenv/lib/python3.12/site-packages/airflow/example_dags/example_branch_day_of_week_operator.py
[2025-02-17T00:12:17.647+0100] {processor.py:925} INFO - DAG(s) 'example_weekday_branch_operator' retrieved from /home/mohammed/myenv/lib/python3.12/site-packages/airflow/example_dags/example_branch_day_of_week_operator.py
[2025-02-17T00:12:17.691+0100] {logging_mixin.py:190} INFO - [2025-02-17T00:12:17.691+0100] {dag.py:3239} INFO - Sync 1 DAGs
[2025-02-17T00:12:17.739+0100] {logging_mixin.py:190} INFO - [2025-02-17T00:12:17.739+0100] {dag.py:4180} INFO - Setting next_dagrun for example_weekday_branch_operator to 2025-02-15 00:00:00+00:00, run_after=2025-02-16 00:00:00+00:00
[2025-02-17T00:12:17.789+0100] {processor.py:208} INFO - Processing /home/mohammed/myenv/lib/python3.12/site-packages/airflow/example_dags/example_branch_day_of_week_operator.py took 0.189 seconds
