[2025-02-16T23:23:39.593+0100] {processor.py:186} INFO - Started process (PID=4247) to work on /home/mohammed/myenv/lib/python3.12/site-packages/airflow/example_dags/example_dynamic_task_mapping.py
[2025-02-16T23:23:39.594+0100] {processor.py:914} INFO - Processing file /home/mohammed/myenv/lib/python3.12/site-packages/airflow/example_dags/example_dynamic_task_mapping.py for tasks to queue
[2025-02-16T23:23:39.597+0100] {logging_mixin.py:190} INFO - [2025-02-16T23:23:39.596+0100] {dagbag.py:588} INFO - Filling up the DagBag from /home/mohammed/myenv/lib/python3.12/site-packages/airflow/example_dags/example_dynamic_task_mapping.py
[2025-02-16T23:23:39.609+0100] {processor.py:925} INFO - DAG(s) 'example_dynamic_task_mapping' retrieved from /home/mohammed/myenv/lib/python3.12/site-packages/airflow/example_dags/example_dynamic_task_mapping.py
[2025-02-16T23:23:39.846+0100] {logging_mixin.py:190} INFO - [2025-02-16T23:23:39.845+0100] {override.py:1930} INFO - Created Permission View: can edit on DAG:example_dynamic_task_mapping
[2025-02-16T23:23:39.887+0100] {logging_mixin.py:190} INFO - [2025-02-16T23:23:39.886+0100] {override.py:1930} INFO - Created Permission View: can read on DAG:example_dynamic_task_mapping
[2025-02-16T23:23:39.921+0100] {logging_mixin.py:190} INFO - [2025-02-16T23:23:39.920+0100] {override.py:1930} INFO - Created Permission View: can delete on DAG:example_dynamic_task_mapping
[2025-02-16T23:23:39.978+0100] {logging_mixin.py:190} INFO - [2025-02-16T23:23:39.978+0100] {override.py:1930} INFO - Created Permission View: can create on DAG Run:example_dynamic_task_mapping
[2025-02-16T23:23:40.018+0100] {logging_mixin.py:190} INFO - [2025-02-16T23:23:40.017+0100] {override.py:1930} INFO - Created Permission View: can read on DAG Run:example_dynamic_task_mapping
[2025-02-16T23:23:40.050+0100] {logging_mixin.py:190} INFO - [2025-02-16T23:23:40.049+0100] {override.py:1930} INFO - Created Permission View: menu access on DAG Run:example_dynamic_task_mapping
[2025-02-16T23:23:40.145+0100] {logging_mixin.py:190} INFO - [2025-02-16T23:23:40.143+0100] {override.py:1930} INFO - Created Permission View: can delete on DAG Run:example_dynamic_task_mapping
[2025-02-16T23:23:40.148+0100] {logging_mixin.py:190} INFO - [2025-02-16T23:23:40.147+0100] {dag.py:3239} INFO - Sync 1 DAGs
[2025-02-16T23:23:40.245+0100] {logging_mixin.py:190} INFO - [2025-02-16T23:23:40.244+0100] {dag.py:3262} INFO - Creating ORM DAG for example_dynamic_task_mapping
[2025-02-16T23:23:40.250+0100] {logging_mixin.py:190} INFO - [2025-02-16T23:23:40.249+0100] {dag.py:4180} INFO - Setting next_dagrun for example_dynamic_task_mapping to None, run_after=None
[2025-02-16T23:23:40.345+0100] {processor.py:208} INFO - Processing /home/mohammed/myenv/lib/python3.12/site-packages/airflow/example_dags/example_dynamic_task_mapping.py took 0.759 seconds
[2025-02-16T23:25:21.170+0100] {processor.py:186} INFO - Started process (PID=4339) to work on /home/mohammed/myenv/lib/python3.12/site-packages/airflow/example_dags/example_dynamic_task_mapping.py
[2025-02-16T23:25:21.177+0100] {processor.py:914} INFO - Processing file /home/mohammed/myenv/lib/python3.12/site-packages/airflow/example_dags/example_dynamic_task_mapping.py for tasks to queue
[2025-02-16T23:25:21.185+0100] {logging_mixin.py:190} INFO - [2025-02-16T23:25:21.184+0100] {dagbag.py:588} INFO - Filling up the DagBag from /home/mohammed/myenv/lib/python3.12/site-packages/airflow/example_dags/example_dynamic_task_mapping.py
[2025-02-16T23:25:21.223+0100] {processor.py:925} INFO - DAG(s) 'example_dynamic_task_mapping' retrieved from /home/mohammed/myenv/lib/python3.12/site-packages/airflow/example_dags/example_dynamic_task_mapping.py
[2025-02-16T23:25:21.287+0100] {logging_mixin.py:190} INFO - [2025-02-16T23:25:21.287+0100] {dag.py:3239} INFO - Sync 1 DAGs
[2025-02-16T23:25:21.331+0100] {logging_mixin.py:190} INFO - [2025-02-16T23:25:21.331+0100] {dag.py:4180} INFO - Setting next_dagrun for example_dynamic_task_mapping to None, run_after=None
[2025-02-16T23:25:21.393+0100] {processor.py:208} INFO - Processing /home/mohammed/myenv/lib/python3.12/site-packages/airflow/example_dags/example_dynamic_task_mapping.py took 0.246 seconds
[2025-02-16T23:26:46.464+0100] {processor.py:186} INFO - Started process (PID=4413) to work on /home/mohammed/myenv/lib/python3.12/site-packages/airflow/example_dags/example_dynamic_task_mapping.py
[2025-02-16T23:26:46.476+0100] {processor.py:914} INFO - Processing file /home/mohammed/myenv/lib/python3.12/site-packages/airflow/example_dags/example_dynamic_task_mapping.py for tasks to queue
[2025-02-16T23:26:46.489+0100] {logging_mixin.py:190} INFO - [2025-02-16T23:26:46.486+0100] {dagbag.py:588} INFO - Filling up the DagBag from /home/mohammed/myenv/lib/python3.12/site-packages/airflow/example_dags/example_dynamic_task_mapping.py
[2025-02-16T23:26:46.566+0100] {processor.py:925} INFO - DAG(s) 'example_dynamic_task_mapping' retrieved from /home/mohammed/myenv/lib/python3.12/site-packages/airflow/example_dags/example_dynamic_task_mapping.py
[2025-02-16T23:26:46.670+0100] {logging_mixin.py:190} INFO - [2025-02-16T23:26:46.669+0100] {dag.py:3239} INFO - Sync 1 DAGs
[2025-02-16T23:26:46.752+0100] {logging_mixin.py:190} INFO - [2025-02-16T23:26:46.751+0100] {dag.py:4180} INFO - Setting next_dagrun for example_dynamic_task_mapping to None, run_after=None
[2025-02-16T23:26:46.895+0100] {processor.py:208} INFO - Processing /home/mohammed/myenv/lib/python3.12/site-packages/airflow/example_dags/example_dynamic_task_mapping.py took 0.473 seconds
[2025-02-16T23:28:07.095+0100] {processor.py:186} INFO - Started process (PID=4479) to work on /home/mohammed/myenv/lib/python3.12/site-packages/airflow/example_dags/example_dynamic_task_mapping.py
[2025-02-16T23:28:07.099+0100] {processor.py:914} INFO - Processing file /home/mohammed/myenv/lib/python3.12/site-packages/airflow/example_dags/example_dynamic_task_mapping.py for tasks to queue
[2025-02-16T23:28:07.103+0100] {logging_mixin.py:190} INFO - [2025-02-16T23:28:07.102+0100] {dagbag.py:588} INFO - Filling up the DagBag from /home/mohammed/myenv/lib/python3.12/site-packages/airflow/example_dags/example_dynamic_task_mapping.py
[2025-02-16T23:28:07.121+0100] {processor.py:925} INFO - DAG(s) 'example_dynamic_task_mapping' retrieved from /home/mohammed/myenv/lib/python3.12/site-packages/airflow/example_dags/example_dynamic_task_mapping.py
[2025-02-16T23:28:07.151+0100] {logging_mixin.py:190} INFO - [2025-02-16T23:28:07.151+0100] {dag.py:3239} INFO - Sync 1 DAGs
[2025-02-16T23:28:07.168+0100] {logging_mixin.py:190} INFO - [2025-02-16T23:28:07.168+0100] {dag.py:4180} INFO - Setting next_dagrun for example_dynamic_task_mapping to None, run_after=None
[2025-02-16T23:28:07.224+0100] {processor.py:208} INFO - Processing /home/mohammed/myenv/lib/python3.12/site-packages/airflow/example_dags/example_dynamic_task_mapping.py took 0.141 seconds
[2025-02-16T23:29:30.281+0100] {processor.py:186} INFO - Started process (PID=4551) to work on /home/mohammed/myenv/lib/python3.12/site-packages/airflow/example_dags/example_dynamic_task_mapping.py
[2025-02-16T23:29:30.285+0100] {processor.py:914} INFO - Processing file /home/mohammed/myenv/lib/python3.12/site-packages/airflow/example_dags/example_dynamic_task_mapping.py for tasks to queue
[2025-02-16T23:29:30.289+0100] {logging_mixin.py:190} INFO - [2025-02-16T23:29:30.288+0100] {dagbag.py:588} INFO - Filling up the DagBag from /home/mohammed/myenv/lib/python3.12/site-packages/airflow/example_dags/example_dynamic_task_mapping.py
[2025-02-16T23:29:30.307+0100] {processor.py:925} INFO - DAG(s) 'example_dynamic_task_mapping' retrieved from /home/mohammed/myenv/lib/python3.12/site-packages/airflow/example_dags/example_dynamic_task_mapping.py
[2025-02-16T23:29:30.337+0100] {logging_mixin.py:190} INFO - [2025-02-16T23:29:30.336+0100] {dag.py:3239} INFO - Sync 1 DAGs
[2025-02-16T23:29:30.354+0100] {logging_mixin.py:190} INFO - [2025-02-16T23:29:30.353+0100] {dag.py:4180} INFO - Setting next_dagrun for example_dynamic_task_mapping to None, run_after=None
[2025-02-16T23:29:30.391+0100] {processor.py:208} INFO - Processing /home/mohammed/myenv/lib/python3.12/site-packages/airflow/example_dags/example_dynamic_task_mapping.py took 0.123 seconds
[2025-02-16T23:30:46.564+0100] {processor.py:186} INFO - Started process (PID=4629) to work on /home/mohammed/myenv/lib/python3.12/site-packages/airflow/example_dags/example_dynamic_task_mapping.py
[2025-02-16T23:30:46.591+0100] {processor.py:914} INFO - Processing file /home/mohammed/myenv/lib/python3.12/site-packages/airflow/example_dags/example_dynamic_task_mapping.py for tasks to queue
[2025-02-16T23:30:46.598+0100] {logging_mixin.py:190} INFO - [2025-02-16T23:30:46.596+0100] {dagbag.py:588} INFO - Filling up the DagBag from /home/mohammed/myenv/lib/python3.12/site-packages/airflow/example_dags/example_dynamic_task_mapping.py
[2025-02-16T23:30:46.628+0100] {processor.py:925} INFO - DAG(s) 'example_dynamic_task_mapping' retrieved from /home/mohammed/myenv/lib/python3.12/site-packages/airflow/example_dags/example_dynamic_task_mapping.py
[2025-02-16T23:30:46.656+0100] {logging_mixin.py:190} INFO - [2025-02-16T23:30:46.656+0100] {dag.py:3239} INFO - Sync 1 DAGs
[2025-02-16T23:30:46.679+0100] {logging_mixin.py:190} INFO - [2025-02-16T23:30:46.678+0100] {dag.py:4180} INFO - Setting next_dagrun for example_dynamic_task_mapping to None, run_after=None
[2025-02-16T23:30:46.731+0100] {processor.py:208} INFO - Processing /home/mohammed/myenv/lib/python3.12/site-packages/airflow/example_dags/example_dynamic_task_mapping.py took 0.188 seconds
[2025-02-16T23:32:09.347+0100] {processor.py:186} INFO - Started process (PID=4698) to work on /home/mohammed/myenv/lib/python3.12/site-packages/airflow/example_dags/example_dynamic_task_mapping.py
[2025-02-16T23:32:09.352+0100] {processor.py:914} INFO - Processing file /home/mohammed/myenv/lib/python3.12/site-packages/airflow/example_dags/example_dynamic_task_mapping.py for tasks to queue
[2025-02-16T23:32:09.361+0100] {logging_mixin.py:190} INFO - [2025-02-16T23:32:09.359+0100] {dagbag.py:588} INFO - Filling up the DagBag from /home/mohammed/myenv/lib/python3.12/site-packages/airflow/example_dags/example_dynamic_task_mapping.py
[2025-02-16T23:32:09.405+0100] {processor.py:925} INFO - DAG(s) 'example_dynamic_task_mapping' retrieved from /home/mohammed/myenv/lib/python3.12/site-packages/airflow/example_dags/example_dynamic_task_mapping.py
[2025-02-16T23:32:09.470+0100] {logging_mixin.py:190} INFO - [2025-02-16T23:32:09.469+0100] {dag.py:3239} INFO - Sync 1 DAGs
[2025-02-16T23:32:09.756+0100] {logging_mixin.py:190} INFO - [2025-02-16T23:32:09.756+0100] {dag.py:4180} INFO - Setting next_dagrun for example_dynamic_task_mapping to None, run_after=None
[2025-02-16T23:32:09.813+0100] {processor.py:208} INFO - Processing /home/mohammed/myenv/lib/python3.12/site-packages/airflow/example_dags/example_dynamic_task_mapping.py took 0.487 seconds
[2025-02-16T23:33:33.472+0100] {processor.py:186} INFO - Started process (PID=4765) to work on /home/mohammed/myenv/lib/python3.12/site-packages/airflow/example_dags/example_dynamic_task_mapping.py
[2025-02-16T23:33:33.486+0100] {processor.py:914} INFO - Processing file /home/mohammed/myenv/lib/python3.12/site-packages/airflow/example_dags/example_dynamic_task_mapping.py for tasks to queue
[2025-02-16T23:33:33.494+0100] {logging_mixin.py:190} INFO - [2025-02-16T23:33:33.492+0100] {dagbag.py:588} INFO - Filling up the DagBag from /home/mohammed/myenv/lib/python3.12/site-packages/airflow/example_dags/example_dynamic_task_mapping.py
[2025-02-16T23:33:33.527+0100] {processor.py:925} INFO - DAG(s) 'example_dynamic_task_mapping' retrieved from /home/mohammed/myenv/lib/python3.12/site-packages/airflow/example_dags/example_dynamic_task_mapping.py
[2025-02-16T23:33:33.574+0100] {logging_mixin.py:190} INFO - [2025-02-16T23:33:33.574+0100] {dag.py:3239} INFO - Sync 1 DAGs
[2025-02-16T23:33:33.601+0100] {logging_mixin.py:190} INFO - [2025-02-16T23:33:33.601+0100] {dag.py:4180} INFO - Setting next_dagrun for example_dynamic_task_mapping to None, run_after=None
[2025-02-16T23:33:33.667+0100] {processor.py:208} INFO - Processing /home/mohammed/myenv/lib/python3.12/site-packages/airflow/example_dags/example_dynamic_task_mapping.py took 0.216 seconds
[2025-02-16T23:34:48.252+0100] {processor.py:186} INFO - Started process (PID=4831) to work on /home/mohammed/myenv/lib/python3.12/site-packages/airflow/example_dags/example_dynamic_task_mapping.py
[2025-02-16T23:34:48.259+0100] {processor.py:914} INFO - Processing file /home/mohammed/myenv/lib/python3.12/site-packages/airflow/example_dags/example_dynamic_task_mapping.py for tasks to queue
[2025-02-16T23:34:48.266+0100] {logging_mixin.py:190} INFO - [2025-02-16T23:34:48.265+0100] {dagbag.py:588} INFO - Filling up the DagBag from /home/mohammed/myenv/lib/python3.12/site-packages/airflow/example_dags/example_dynamic_task_mapping.py
[2025-02-16T23:34:48.296+0100] {processor.py:925} INFO - DAG(s) 'example_dynamic_task_mapping' retrieved from /home/mohammed/myenv/lib/python3.12/site-packages/airflow/example_dags/example_dynamic_task_mapping.py
[2025-02-16T23:34:48.352+0100] {logging_mixin.py:190} INFO - [2025-02-16T23:34:48.351+0100] {dag.py:3239} INFO - Sync 1 DAGs
[2025-02-16T23:34:48.382+0100] {logging_mixin.py:190} INFO - [2025-02-16T23:34:48.381+0100] {dag.py:4180} INFO - Setting next_dagrun for example_dynamic_task_mapping to None, run_after=None
[2025-02-16T23:34:48.420+0100] {processor.py:208} INFO - Processing /home/mohammed/myenv/lib/python3.12/site-packages/airflow/example_dags/example_dynamic_task_mapping.py took 0.180 seconds
[2025-02-16T23:36:03.991+0100] {processor.py:186} INFO - Started process (PID=4898) to work on /home/mohammed/myenv/lib/python3.12/site-packages/airflow/example_dags/example_dynamic_task_mapping.py
[2025-02-16T23:36:03.995+0100] {processor.py:914} INFO - Processing file /home/mohammed/myenv/lib/python3.12/site-packages/airflow/example_dags/example_dynamic_task_mapping.py for tasks to queue
[2025-02-16T23:36:04.000+0100] {logging_mixin.py:190} INFO - [2025-02-16T23:36:03.999+0100] {dagbag.py:588} INFO - Filling up the DagBag from /home/mohammed/myenv/lib/python3.12/site-packages/airflow/example_dags/example_dynamic_task_mapping.py
[2025-02-16T23:36:04.025+0100] {processor.py:925} INFO - DAG(s) 'example_dynamic_task_mapping' retrieved from /home/mohammed/myenv/lib/python3.12/site-packages/airflow/example_dags/example_dynamic_task_mapping.py
[2025-02-16T23:36:04.071+0100] {logging_mixin.py:190} INFO - [2025-02-16T23:36:04.070+0100] {dag.py:3239} INFO - Sync 1 DAGs
[2025-02-16T23:36:04.103+0100] {logging_mixin.py:190} INFO - [2025-02-16T23:36:04.103+0100] {dag.py:4180} INFO - Setting next_dagrun for example_dynamic_task_mapping to None, run_after=None
[2025-02-16T23:36:04.165+0100] {processor.py:208} INFO - Processing /home/mohammed/myenv/lib/python3.12/site-packages/airflow/example_dags/example_dynamic_task_mapping.py took 0.187 seconds
[2025-02-16T23:37:25.639+0100] {processor.py:186} INFO - Started process (PID=4965) to work on /home/mohammed/myenv/lib/python3.12/site-packages/airflow/example_dags/example_dynamic_task_mapping.py
[2025-02-16T23:37:25.644+0100] {processor.py:914} INFO - Processing file /home/mohammed/myenv/lib/python3.12/site-packages/airflow/example_dags/example_dynamic_task_mapping.py for tasks to queue
[2025-02-16T23:37:25.650+0100] {logging_mixin.py:190} INFO - [2025-02-16T23:37:25.649+0100] {dagbag.py:588} INFO - Filling up the DagBag from /home/mohammed/myenv/lib/python3.12/site-packages/airflow/example_dags/example_dynamic_task_mapping.py
[2025-02-16T23:37:25.671+0100] {processor.py:925} INFO - DAG(s) 'example_dynamic_task_mapping' retrieved from /home/mohammed/myenv/lib/python3.12/site-packages/airflow/example_dags/example_dynamic_task_mapping.py
[2025-02-16T23:37:25.707+0100] {logging_mixin.py:190} INFO - [2025-02-16T23:37:25.706+0100] {dag.py:3239} INFO - Sync 1 DAGs
[2025-02-16T23:37:25.742+0100] {logging_mixin.py:190} INFO - [2025-02-16T23:37:25.742+0100] {dag.py:4180} INFO - Setting next_dagrun for example_dynamic_task_mapping to None, run_after=None
[2025-02-16T23:37:25.816+0100] {processor.py:208} INFO - Processing /home/mohammed/myenv/lib/python3.12/site-packages/airflow/example_dags/example_dynamic_task_mapping.py took 0.197 seconds
[2025-02-16T23:38:42.564+0100] {processor.py:186} INFO - Started process (PID=5037) to work on /home/mohammed/myenv/lib/python3.12/site-packages/airflow/example_dags/example_dynamic_task_mapping.py
[2025-02-16T23:38:42.571+0100] {processor.py:914} INFO - Processing file /home/mohammed/myenv/lib/python3.12/site-packages/airflow/example_dags/example_dynamic_task_mapping.py for tasks to queue
[2025-02-16T23:38:42.579+0100] {logging_mixin.py:190} INFO - [2025-02-16T23:38:42.578+0100] {dagbag.py:588} INFO - Filling up the DagBag from /home/mohammed/myenv/lib/python3.12/site-packages/airflow/example_dags/example_dynamic_task_mapping.py
[2025-02-16T23:38:42.608+0100] {processor.py:925} INFO - DAG(s) 'example_dynamic_task_mapping' retrieved from /home/mohammed/myenv/lib/python3.12/site-packages/airflow/example_dags/example_dynamic_task_mapping.py
[2025-02-16T23:38:42.634+0100] {logging_mixin.py:190} INFO - [2025-02-16T23:38:42.634+0100] {dag.py:3239} INFO - Sync 1 DAGs
[2025-02-16T23:38:42.660+0100] {logging_mixin.py:190} INFO - [2025-02-16T23:38:42.659+0100] {dag.py:4180} INFO - Setting next_dagrun for example_dynamic_task_mapping to None, run_after=None
[2025-02-16T23:38:42.712+0100] {processor.py:208} INFO - Processing /home/mohammed/myenv/lib/python3.12/site-packages/airflow/example_dags/example_dynamic_task_mapping.py took 0.169 seconds
[2025-02-16T23:39:58.381+0100] {processor.py:186} INFO - Started process (PID=5103) to work on /home/mohammed/myenv/lib/python3.12/site-packages/airflow/example_dags/example_dynamic_task_mapping.py
[2025-02-16T23:39:58.389+0100] {processor.py:914} INFO - Processing file /home/mohammed/myenv/lib/python3.12/site-packages/airflow/example_dags/example_dynamic_task_mapping.py for tasks to queue
[2025-02-16T23:39:58.396+0100] {logging_mixin.py:190} INFO - [2025-02-16T23:39:58.395+0100] {dagbag.py:588} INFO - Filling up the DagBag from /home/mohammed/myenv/lib/python3.12/site-packages/airflow/example_dags/example_dynamic_task_mapping.py
[2025-02-16T23:39:58.429+0100] {processor.py:925} INFO - DAG(s) 'example_dynamic_task_mapping' retrieved from /home/mohammed/myenv/lib/python3.12/site-packages/airflow/example_dags/example_dynamic_task_mapping.py
[2025-02-16T23:39:58.480+0100] {logging_mixin.py:190} INFO - [2025-02-16T23:39:58.479+0100] {dag.py:3239} INFO - Sync 1 DAGs
[2025-02-16T23:39:58.502+0100] {logging_mixin.py:190} INFO - [2025-02-16T23:39:58.501+0100] {dag.py:4180} INFO - Setting next_dagrun for example_dynamic_task_mapping to None, run_after=None
[2025-02-16T23:39:58.540+0100] {processor.py:208} INFO - Processing /home/mohammed/myenv/lib/python3.12/site-packages/airflow/example_dags/example_dynamic_task_mapping.py took 0.180 seconds
[2025-02-16T23:41:12.366+0100] {processor.py:186} INFO - Started process (PID=5171) to work on /home/mohammed/myenv/lib/python3.12/site-packages/airflow/example_dags/example_dynamic_task_mapping.py
[2025-02-16T23:41:12.375+0100] {processor.py:914} INFO - Processing file /home/mohammed/myenv/lib/python3.12/site-packages/airflow/example_dags/example_dynamic_task_mapping.py for tasks to queue
[2025-02-16T23:41:12.383+0100] {logging_mixin.py:190} INFO - [2025-02-16T23:41:12.382+0100] {dagbag.py:588} INFO - Filling up the DagBag from /home/mohammed/myenv/lib/python3.12/site-packages/airflow/example_dags/example_dynamic_task_mapping.py
[2025-02-16T23:41:12.404+0100] {processor.py:925} INFO - DAG(s) 'example_dynamic_task_mapping' retrieved from /home/mohammed/myenv/lib/python3.12/site-packages/airflow/example_dags/example_dynamic_task_mapping.py
[2025-02-16T23:41:12.436+0100] {logging_mixin.py:190} INFO - [2025-02-16T23:41:12.436+0100] {dag.py:3239} INFO - Sync 1 DAGs
[2025-02-16T23:41:12.463+0100] {logging_mixin.py:190} INFO - [2025-02-16T23:41:12.462+0100] {dag.py:4180} INFO - Setting next_dagrun for example_dynamic_task_mapping to None, run_after=None
[2025-02-16T23:41:12.513+0100] {processor.py:208} INFO - Processing /home/mohammed/myenv/lib/python3.12/site-packages/airflow/example_dags/example_dynamic_task_mapping.py took 0.171 seconds
[2025-02-16T23:42:26.501+0100] {processor.py:186} INFO - Started process (PID=5236) to work on /home/mohammed/myenv/lib/python3.12/site-packages/airflow/example_dags/example_dynamic_task_mapping.py
[2025-02-16T23:42:26.509+0100] {processor.py:914} INFO - Processing file /home/mohammed/myenv/lib/python3.12/site-packages/airflow/example_dags/example_dynamic_task_mapping.py for tasks to queue
[2025-02-16T23:42:26.514+0100] {logging_mixin.py:190} INFO - [2025-02-16T23:42:26.513+0100] {dagbag.py:588} INFO - Filling up the DagBag from /home/mohammed/myenv/lib/python3.12/site-packages/airflow/example_dags/example_dynamic_task_mapping.py
[2025-02-16T23:42:26.536+0100] {processor.py:925} INFO - DAG(s) 'example_dynamic_task_mapping' retrieved from /home/mohammed/myenv/lib/python3.12/site-packages/airflow/example_dags/example_dynamic_task_mapping.py
[2025-02-16T23:42:26.570+0100] {logging_mixin.py:190} INFO - [2025-02-16T23:42:26.569+0100] {dag.py:3239} INFO - Sync 1 DAGs
[2025-02-16T23:42:26.594+0100] {logging_mixin.py:190} INFO - [2025-02-16T23:42:26.594+0100] {dag.py:4180} INFO - Setting next_dagrun for example_dynamic_task_mapping to None, run_after=None
[2025-02-16T23:42:26.649+0100] {processor.py:208} INFO - Processing /home/mohammed/myenv/lib/python3.12/site-packages/airflow/example_dags/example_dynamic_task_mapping.py took 0.170 seconds
[2025-02-16T23:43:40.890+0100] {processor.py:186} INFO - Started process (PID=5300) to work on /home/mohammed/myenv/lib/python3.12/site-packages/airflow/example_dags/example_dynamic_task_mapping.py
[2025-02-16T23:43:40.897+0100] {processor.py:914} INFO - Processing file /home/mohammed/myenv/lib/python3.12/site-packages/airflow/example_dags/example_dynamic_task_mapping.py for tasks to queue
[2025-02-16T23:43:40.901+0100] {logging_mixin.py:190} INFO - [2025-02-16T23:43:40.900+0100] {dagbag.py:588} INFO - Filling up the DagBag from /home/mohammed/myenv/lib/python3.12/site-packages/airflow/example_dags/example_dynamic_task_mapping.py
[2025-02-16T23:43:40.920+0100] {processor.py:925} INFO - DAG(s) 'example_dynamic_task_mapping' retrieved from /home/mohammed/myenv/lib/python3.12/site-packages/airflow/example_dags/example_dynamic_task_mapping.py
[2025-02-16T23:43:40.957+0100] {logging_mixin.py:190} INFO - [2025-02-16T23:43:40.957+0100] {dag.py:3239} INFO - Sync 1 DAGs
[2025-02-16T23:43:40.990+0100] {logging_mixin.py:190} INFO - [2025-02-16T23:43:40.989+0100] {dag.py:4180} INFO - Setting next_dagrun for example_dynamic_task_mapping to None, run_after=None
[2025-02-16T23:43:41.034+0100] {processor.py:208} INFO - Processing /home/mohammed/myenv/lib/python3.12/site-packages/airflow/example_dags/example_dynamic_task_mapping.py took 0.155 seconds
[2025-02-16T23:44:55.379+0100] {processor.py:186} INFO - Started process (PID=5371) to work on /home/mohammed/myenv/lib/python3.12/site-packages/airflow/example_dags/example_dynamic_task_mapping.py
[2025-02-16T23:44:55.383+0100] {processor.py:914} INFO - Processing file /home/mohammed/myenv/lib/python3.12/site-packages/airflow/example_dags/example_dynamic_task_mapping.py for tasks to queue
[2025-02-16T23:44:55.389+0100] {logging_mixin.py:190} INFO - [2025-02-16T23:44:55.388+0100] {dagbag.py:588} INFO - Filling up the DagBag from /home/mohammed/myenv/lib/python3.12/site-packages/airflow/example_dags/example_dynamic_task_mapping.py
[2025-02-16T23:44:55.408+0100] {processor.py:925} INFO - DAG(s) 'example_dynamic_task_mapping' retrieved from /home/mohammed/myenv/lib/python3.12/site-packages/airflow/example_dags/example_dynamic_task_mapping.py
[2025-02-16T23:44:55.439+0100] {logging_mixin.py:190} INFO - [2025-02-16T23:44:55.438+0100] {dag.py:3239} INFO - Sync 1 DAGs
[2025-02-16T23:44:55.464+0100] {logging_mixin.py:190} INFO - [2025-02-16T23:44:55.464+0100] {dag.py:4180} INFO - Setting next_dagrun for example_dynamic_task_mapping to None, run_after=None
[2025-02-16T23:44:55.514+0100] {processor.py:208} INFO - Processing /home/mohammed/myenv/lib/python3.12/site-packages/airflow/example_dags/example_dynamic_task_mapping.py took 0.156 seconds
[2025-02-16T23:46:07.186+0100] {processor.py:186} INFO - Started process (PID=5437) to work on /home/mohammed/myenv/lib/python3.12/site-packages/airflow/example_dags/example_dynamic_task_mapping.py
[2025-02-16T23:46:07.192+0100] {processor.py:914} INFO - Processing file /home/mohammed/myenv/lib/python3.12/site-packages/airflow/example_dags/example_dynamic_task_mapping.py for tasks to queue
[2025-02-16T23:46:07.200+0100] {logging_mixin.py:190} INFO - [2025-02-16T23:46:07.198+0100] {dagbag.py:588} INFO - Filling up the DagBag from /home/mohammed/myenv/lib/python3.12/site-packages/airflow/example_dags/example_dynamic_task_mapping.py
[2025-02-16T23:46:07.222+0100] {processor.py:925} INFO - DAG(s) 'example_dynamic_task_mapping' retrieved from /home/mohammed/myenv/lib/python3.12/site-packages/airflow/example_dags/example_dynamic_task_mapping.py
[2025-02-16T23:46:07.245+0100] {logging_mixin.py:190} INFO - [2025-02-16T23:46:07.245+0100] {dag.py:3239} INFO - Sync 1 DAGs
[2025-02-16T23:46:07.263+0100] {logging_mixin.py:190} INFO - [2025-02-16T23:46:07.263+0100] {dag.py:4180} INFO - Setting next_dagrun for example_dynamic_task_mapping to None, run_after=None
[2025-02-16T23:46:07.300+0100] {processor.py:208} INFO - Processing /home/mohammed/myenv/lib/python3.12/site-packages/airflow/example_dags/example_dynamic_task_mapping.py took 0.135 seconds
[2025-02-16T23:47:19.564+0100] {processor.py:186} INFO - Started process (PID=5503) to work on /home/mohammed/myenv/lib/python3.12/site-packages/airflow/example_dags/example_dynamic_task_mapping.py
[2025-02-16T23:47:19.571+0100] {processor.py:914} INFO - Processing file /home/mohammed/myenv/lib/python3.12/site-packages/airflow/example_dags/example_dynamic_task_mapping.py for tasks to queue
[2025-02-16T23:47:19.580+0100] {logging_mixin.py:190} INFO - [2025-02-16T23:47:19.578+0100] {dagbag.py:588} INFO - Filling up the DagBag from /home/mohammed/myenv/lib/python3.12/site-packages/airflow/example_dags/example_dynamic_task_mapping.py
[2025-02-16T23:47:19.613+0100] {processor.py:925} INFO - DAG(s) 'example_dynamic_task_mapping' retrieved from /home/mohammed/myenv/lib/python3.12/site-packages/airflow/example_dags/example_dynamic_task_mapping.py
[2025-02-16T23:47:19.654+0100] {logging_mixin.py:190} INFO - [2025-02-16T23:47:19.654+0100] {dag.py:3239} INFO - Sync 1 DAGs
[2025-02-16T23:47:19.672+0100] {logging_mixin.py:190} INFO - [2025-02-16T23:47:19.672+0100] {dag.py:4180} INFO - Setting next_dagrun for example_dynamic_task_mapping to None, run_after=None
[2025-02-16T23:47:19.717+0100] {processor.py:208} INFO - Processing /home/mohammed/myenv/lib/python3.12/site-packages/airflow/example_dags/example_dynamic_task_mapping.py took 0.175 seconds
[2025-02-16T23:48:34.973+0100] {processor.py:186} INFO - Started process (PID=5570) to work on /home/mohammed/myenv/lib/python3.12/site-packages/airflow/example_dags/example_dynamic_task_mapping.py
[2025-02-16T23:48:34.981+0100] {processor.py:914} INFO - Processing file /home/mohammed/myenv/lib/python3.12/site-packages/airflow/example_dags/example_dynamic_task_mapping.py for tasks to queue
[2025-02-16T23:48:34.988+0100] {logging_mixin.py:190} INFO - [2025-02-16T23:48:34.987+0100] {dagbag.py:588} INFO - Filling up the DagBag from /home/mohammed/myenv/lib/python3.12/site-packages/airflow/example_dags/example_dynamic_task_mapping.py
[2025-02-16T23:48:35.022+0100] {processor.py:925} INFO - DAG(s) 'example_dynamic_task_mapping' retrieved from /home/mohammed/myenv/lib/python3.12/site-packages/airflow/example_dags/example_dynamic_task_mapping.py
[2025-02-16T23:48:35.050+0100] {logging_mixin.py:190} INFO - [2025-02-16T23:48:35.050+0100] {dag.py:3239} INFO - Sync 1 DAGs
[2025-02-16T23:48:35.072+0100] {logging_mixin.py:190} INFO - [2025-02-16T23:48:35.071+0100] {dag.py:4180} INFO - Setting next_dagrun for example_dynamic_task_mapping to None, run_after=None
[2025-02-16T23:48:35.117+0100] {processor.py:208} INFO - Processing /home/mohammed/myenv/lib/python3.12/site-packages/airflow/example_dags/example_dynamic_task_mapping.py took 0.165 seconds
[2025-02-16T23:49:47.704+0100] {processor.py:186} INFO - Started process (PID=5633) to work on /home/mohammed/myenv/lib/python3.12/site-packages/airflow/example_dags/example_dynamic_task_mapping.py
[2025-02-16T23:49:47.710+0100] {processor.py:914} INFO - Processing file /home/mohammed/myenv/lib/python3.12/site-packages/airflow/example_dags/example_dynamic_task_mapping.py for tasks to queue
[2025-02-16T23:49:47.715+0100] {logging_mixin.py:190} INFO - [2025-02-16T23:49:47.714+0100] {dagbag.py:588} INFO - Filling up the DagBag from /home/mohammed/myenv/lib/python3.12/site-packages/airflow/example_dags/example_dynamic_task_mapping.py
[2025-02-16T23:49:47.739+0100] {processor.py:925} INFO - DAG(s) 'example_dynamic_task_mapping' retrieved from /home/mohammed/myenv/lib/python3.12/site-packages/airflow/example_dags/example_dynamic_task_mapping.py
[2025-02-16T23:49:47.772+0100] {logging_mixin.py:190} INFO - [2025-02-16T23:49:47.771+0100] {dag.py:3239} INFO - Sync 1 DAGs
[2025-02-16T23:49:47.798+0100] {logging_mixin.py:190} INFO - [2025-02-16T23:49:47.797+0100] {dag.py:4180} INFO - Setting next_dagrun for example_dynamic_task_mapping to None, run_after=None
[2025-02-16T23:49:47.848+0100] {processor.py:208} INFO - Processing /home/mohammed/myenv/lib/python3.12/site-packages/airflow/example_dags/example_dynamic_task_mapping.py took 0.186 seconds
[2025-02-16T23:51:10.707+0100] {processor.py:186} INFO - Started process (PID=5716) to work on /home/mohammed/myenv/lib/python3.12/site-packages/airflow/example_dags/example_dynamic_task_mapping.py
[2025-02-16T23:51:10.713+0100] {processor.py:914} INFO - Processing file /home/mohammed/myenv/lib/python3.12/site-packages/airflow/example_dags/example_dynamic_task_mapping.py for tasks to queue
[2025-02-16T23:51:10.719+0100] {logging_mixin.py:190} INFO - [2025-02-16T23:51:10.718+0100] {dagbag.py:588} INFO - Filling up the DagBag from /home/mohammed/myenv/lib/python3.12/site-packages/airflow/example_dags/example_dynamic_task_mapping.py
[2025-02-16T23:51:10.741+0100] {processor.py:925} INFO - DAG(s) 'example_dynamic_task_mapping' retrieved from /home/mohammed/myenv/lib/python3.12/site-packages/airflow/example_dags/example_dynamic_task_mapping.py
[2025-02-16T23:51:10.776+0100] {logging_mixin.py:190} INFO - [2025-02-16T23:51:10.775+0100] {dag.py:3239} INFO - Sync 1 DAGs
[2025-02-16T23:51:10.809+0100] {logging_mixin.py:190} INFO - [2025-02-16T23:51:10.809+0100] {dag.py:4180} INFO - Setting next_dagrun for example_dynamic_task_mapping to None, run_after=None
[2025-02-16T23:51:10.857+0100] {processor.py:208} INFO - Processing /home/mohammed/myenv/lib/python3.12/site-packages/airflow/example_dags/example_dynamic_task_mapping.py took 0.163 seconds
[2025-02-16T23:52:33.138+0100] {processor.py:186} INFO - Started process (PID=5784) to work on /home/mohammed/myenv/lib/python3.12/site-packages/airflow/example_dags/example_dynamic_task_mapping.py
[2025-02-16T23:52:33.145+0100] {processor.py:914} INFO - Processing file /home/mohammed/myenv/lib/python3.12/site-packages/airflow/example_dags/example_dynamic_task_mapping.py for tasks to queue
[2025-02-16T23:52:33.151+0100] {logging_mixin.py:190} INFO - [2025-02-16T23:52:33.150+0100] {dagbag.py:588} INFO - Filling up the DagBag from /home/mohammed/myenv/lib/python3.12/site-packages/airflow/example_dags/example_dynamic_task_mapping.py
[2025-02-16T23:52:33.178+0100] {processor.py:925} INFO - DAG(s) 'example_dynamic_task_mapping' retrieved from /home/mohammed/myenv/lib/python3.12/site-packages/airflow/example_dags/example_dynamic_task_mapping.py
[2025-02-16T23:52:33.232+0100] {logging_mixin.py:190} INFO - [2025-02-16T23:52:33.232+0100] {dag.py:3239} INFO - Sync 1 DAGs
[2025-02-16T23:52:33.266+0100] {logging_mixin.py:190} INFO - [2025-02-16T23:52:33.266+0100] {dag.py:4180} INFO - Setting next_dagrun for example_dynamic_task_mapping to None, run_after=None
[2025-02-16T23:52:33.304+0100] {processor.py:208} INFO - Processing /home/mohammed/myenv/lib/python3.12/site-packages/airflow/example_dags/example_dynamic_task_mapping.py took 0.181 seconds
[2025-02-16T23:53:47.355+0100] {processor.py:186} INFO - Started process (PID=5850) to work on /home/mohammed/myenv/lib/python3.12/site-packages/airflow/example_dags/example_dynamic_task_mapping.py
[2025-02-16T23:53:47.364+0100] {processor.py:914} INFO - Processing file /home/mohammed/myenv/lib/python3.12/site-packages/airflow/example_dags/example_dynamic_task_mapping.py for tasks to queue
[2025-02-16T23:53:47.374+0100] {logging_mixin.py:190} INFO - [2025-02-16T23:53:47.372+0100] {dagbag.py:588} INFO - Filling up the DagBag from /home/mohammed/myenv/lib/python3.12/site-packages/airflow/example_dags/example_dynamic_task_mapping.py
[2025-02-16T23:53:47.417+0100] {processor.py:925} INFO - DAG(s) 'example_dynamic_task_mapping' retrieved from /home/mohammed/myenv/lib/python3.12/site-packages/airflow/example_dags/example_dynamic_task_mapping.py
[2025-02-16T23:53:47.474+0100] {logging_mixin.py:190} INFO - [2025-02-16T23:53:47.474+0100] {dag.py:3239} INFO - Sync 1 DAGs
[2025-02-16T23:53:47.497+0100] {logging_mixin.py:190} INFO - [2025-02-16T23:53:47.496+0100] {dag.py:4180} INFO - Setting next_dagrun for example_dynamic_task_mapping to None, run_after=None
[2025-02-16T23:53:47.544+0100] {processor.py:208} INFO - Processing /home/mohammed/myenv/lib/python3.12/site-packages/airflow/example_dags/example_dynamic_task_mapping.py took 0.220 seconds
[2025-02-16T23:54:57.657+0100] {processor.py:186} INFO - Started process (PID=5913) to work on /home/mohammed/myenv/lib/python3.12/site-packages/airflow/example_dags/example_dynamic_task_mapping.py
[2025-02-16T23:54:57.665+0100] {processor.py:914} INFO - Processing file /home/mohammed/myenv/lib/python3.12/site-packages/airflow/example_dags/example_dynamic_task_mapping.py for tasks to queue
[2025-02-16T23:54:57.672+0100] {logging_mixin.py:190} INFO - [2025-02-16T23:54:57.671+0100] {dagbag.py:588} INFO - Filling up the DagBag from /home/mohammed/myenv/lib/python3.12/site-packages/airflow/example_dags/example_dynamic_task_mapping.py
[2025-02-16T23:54:57.706+0100] {processor.py:925} INFO - DAG(s) 'example_dynamic_task_mapping' retrieved from /home/mohammed/myenv/lib/python3.12/site-packages/airflow/example_dags/example_dynamic_task_mapping.py
[2025-02-16T23:54:57.745+0100] {logging_mixin.py:190} INFO - [2025-02-16T23:54:57.744+0100] {dag.py:3239} INFO - Sync 1 DAGs
[2025-02-16T23:54:57.766+0100] {logging_mixin.py:190} INFO - [2025-02-16T23:54:57.766+0100] {dag.py:4180} INFO - Setting next_dagrun for example_dynamic_task_mapping to None, run_after=None
[2025-02-16T23:54:57.803+0100] {processor.py:208} INFO - Processing /home/mohammed/myenv/lib/python3.12/site-packages/airflow/example_dags/example_dynamic_task_mapping.py took 0.168 seconds
[2025-02-16T23:56:12.574+0100] {processor.py:186} INFO - Started process (PID=5981) to work on /home/mohammed/myenv/lib/python3.12/site-packages/airflow/example_dags/example_dynamic_task_mapping.py
[2025-02-16T23:56:12.577+0100] {processor.py:914} INFO - Processing file /home/mohammed/myenv/lib/python3.12/site-packages/airflow/example_dags/example_dynamic_task_mapping.py for tasks to queue
[2025-02-16T23:56:12.583+0100] {logging_mixin.py:190} INFO - [2025-02-16T23:56:12.582+0100] {dagbag.py:588} INFO - Filling up the DagBag from /home/mohammed/myenv/lib/python3.12/site-packages/airflow/example_dags/example_dynamic_task_mapping.py
[2025-02-16T23:56:12.623+0100] {processor.py:925} INFO - DAG(s) 'example_dynamic_task_mapping' retrieved from /home/mohammed/myenv/lib/python3.12/site-packages/airflow/example_dags/example_dynamic_task_mapping.py
[2025-02-16T23:56:12.671+0100] {logging_mixin.py:190} INFO - [2025-02-16T23:56:12.670+0100] {dag.py:3239} INFO - Sync 1 DAGs
[2025-02-16T23:56:12.702+0100] {logging_mixin.py:190} INFO - [2025-02-16T23:56:12.701+0100] {dag.py:4180} INFO - Setting next_dagrun for example_dynamic_task_mapping to None, run_after=None
[2025-02-16T23:56:12.738+0100] {processor.py:208} INFO - Processing /home/mohammed/myenv/lib/python3.12/site-packages/airflow/example_dags/example_dynamic_task_mapping.py took 0.183 seconds
[2025-02-16T23:57:32.514+0100] {processor.py:186} INFO - Started process (PID=6050) to work on /home/mohammed/myenv/lib/python3.12/site-packages/airflow/example_dags/example_dynamic_task_mapping.py
[2025-02-16T23:57:32.521+0100] {processor.py:914} INFO - Processing file /home/mohammed/myenv/lib/python3.12/site-packages/airflow/example_dags/example_dynamic_task_mapping.py for tasks to queue
[2025-02-16T23:57:32.525+0100] {logging_mixin.py:190} INFO - [2025-02-16T23:57:32.525+0100] {dagbag.py:588} INFO - Filling up the DagBag from /home/mohammed/myenv/lib/python3.12/site-packages/airflow/example_dags/example_dynamic_task_mapping.py
[2025-02-16T23:57:32.546+0100] {processor.py:925} INFO - DAG(s) 'example_dynamic_task_mapping' retrieved from /home/mohammed/myenv/lib/python3.12/site-packages/airflow/example_dags/example_dynamic_task_mapping.py
[2025-02-16T23:57:32.599+0100] {logging_mixin.py:190} INFO - [2025-02-16T23:57:32.598+0100] {dag.py:3239} INFO - Sync 1 DAGs
[2025-02-16T23:57:32.644+0100] {logging_mixin.py:190} INFO - [2025-02-16T23:57:32.644+0100] {dag.py:4180} INFO - Setting next_dagrun for example_dynamic_task_mapping to None, run_after=None
[2025-02-16T23:57:32.725+0100] {processor.py:208} INFO - Processing /home/mohammed/myenv/lib/python3.12/site-packages/airflow/example_dags/example_dynamic_task_mapping.py took 0.223 seconds
[2025-02-16T23:58:48.662+0100] {processor.py:186} INFO - Started process (PID=6118) to work on /home/mohammed/myenv/lib/python3.12/site-packages/airflow/example_dags/example_dynamic_task_mapping.py
[2025-02-16T23:58:48.668+0100] {processor.py:914} INFO - Processing file /home/mohammed/myenv/lib/python3.12/site-packages/airflow/example_dags/example_dynamic_task_mapping.py for tasks to queue
[2025-02-16T23:58:48.674+0100] {logging_mixin.py:190} INFO - [2025-02-16T23:58:48.673+0100] {dagbag.py:588} INFO - Filling up the DagBag from /home/mohammed/myenv/lib/python3.12/site-packages/airflow/example_dags/example_dynamic_task_mapping.py
[2025-02-16T23:58:48.705+0100] {processor.py:925} INFO - DAG(s) 'example_dynamic_task_mapping' retrieved from /home/mohammed/myenv/lib/python3.12/site-packages/airflow/example_dags/example_dynamic_task_mapping.py
[2025-02-16T23:58:48.748+0100] {logging_mixin.py:190} INFO - [2025-02-16T23:58:48.748+0100] {dag.py:3239} INFO - Sync 1 DAGs
[2025-02-16T23:58:48.765+0100] {logging_mixin.py:190} INFO - [2025-02-16T23:58:48.765+0100] {dag.py:4180} INFO - Setting next_dagrun for example_dynamic_task_mapping to None, run_after=None
[2025-02-16T23:58:48.806+0100] {processor.py:208} INFO - Processing /home/mohammed/myenv/lib/python3.12/site-packages/airflow/example_dags/example_dynamic_task_mapping.py took 0.156 seconds
[2025-02-17T00:00:05.093+0100] {processor.py:186} INFO - Started process (PID=6185) to work on /home/mohammed/myenv/lib/python3.12/site-packages/airflow/example_dags/example_dynamic_task_mapping.py
[2025-02-17T00:00:05.099+0100] {processor.py:914} INFO - Processing file /home/mohammed/myenv/lib/python3.12/site-packages/airflow/example_dags/example_dynamic_task_mapping.py for tasks to queue
[2025-02-17T00:00:05.104+0100] {logging_mixin.py:190} INFO - [2025-02-17T00:00:05.103+0100] {dagbag.py:588} INFO - Filling up the DagBag from /home/mohammed/myenv/lib/python3.12/site-packages/airflow/example_dags/example_dynamic_task_mapping.py
[2025-02-17T00:00:05.126+0100] {processor.py:925} INFO - DAG(s) 'example_dynamic_task_mapping' retrieved from /home/mohammed/myenv/lib/python3.12/site-packages/airflow/example_dags/example_dynamic_task_mapping.py
[2025-02-17T00:00:05.163+0100] {logging_mixin.py:190} INFO - [2025-02-17T00:00:05.162+0100] {dag.py:3239} INFO - Sync 1 DAGs
[2025-02-17T00:00:05.190+0100] {logging_mixin.py:190} INFO - [2025-02-17T00:00:05.190+0100] {dag.py:4180} INFO - Setting next_dagrun for example_dynamic_task_mapping to None, run_after=None
[2025-02-17T00:00:05.230+0100] {processor.py:208} INFO - Processing /home/mohammed/myenv/lib/python3.12/site-packages/airflow/example_dags/example_dynamic_task_mapping.py took 0.148 seconds
[2025-02-17T00:01:20.110+0100] {processor.py:186} INFO - Started process (PID=6306) to work on /home/mohammed/myenv/lib/python3.12/site-packages/airflow/example_dags/example_dynamic_task_mapping.py
[2025-02-17T00:01:20.115+0100] {processor.py:914} INFO - Processing file /home/mohammed/myenv/lib/python3.12/site-packages/airflow/example_dags/example_dynamic_task_mapping.py for tasks to queue
[2025-02-17T00:01:20.120+0100] {logging_mixin.py:190} INFO - [2025-02-17T00:01:20.119+0100] {dagbag.py:588} INFO - Filling up the DagBag from /home/mohammed/myenv/lib/python3.12/site-packages/airflow/example_dags/example_dynamic_task_mapping.py
[2025-02-17T00:01:20.135+0100] {processor.py:925} INFO - DAG(s) 'example_dynamic_task_mapping' retrieved from /home/mohammed/myenv/lib/python3.12/site-packages/airflow/example_dags/example_dynamic_task_mapping.py
[2025-02-17T00:01:20.156+0100] {logging_mixin.py:190} INFO - [2025-02-17T00:01:20.156+0100] {dag.py:3239} INFO - Sync 1 DAGs
[2025-02-17T00:01:20.173+0100] {logging_mixin.py:190} INFO - [2025-02-17T00:01:20.173+0100] {dag.py:4180} INFO - Setting next_dagrun for example_dynamic_task_mapping to None, run_after=None
[2025-02-17T00:01:20.216+0100] {processor.py:208} INFO - Processing /home/mohammed/myenv/lib/python3.12/site-packages/airflow/example_dags/example_dynamic_task_mapping.py took 0.121 seconds
[2025-02-17T00:02:34.586+0100] {processor.py:186} INFO - Started process (PID=6373) to work on /home/mohammed/myenv/lib/python3.12/site-packages/airflow/example_dags/example_dynamic_task_mapping.py
[2025-02-17T00:02:34.592+0100] {processor.py:914} INFO - Processing file /home/mohammed/myenv/lib/python3.12/site-packages/airflow/example_dags/example_dynamic_task_mapping.py for tasks to queue
[2025-02-17T00:02:34.600+0100] {logging_mixin.py:190} INFO - [2025-02-17T00:02:34.598+0100] {dagbag.py:588} INFO - Filling up the DagBag from /home/mohammed/myenv/lib/python3.12/site-packages/airflow/example_dags/example_dynamic_task_mapping.py
[2025-02-17T00:02:34.631+0100] {processor.py:925} INFO - DAG(s) 'example_dynamic_task_mapping' retrieved from /home/mohammed/myenv/lib/python3.12/site-packages/airflow/example_dags/example_dynamic_task_mapping.py
[2025-02-17T00:02:34.682+0100] {logging_mixin.py:190} INFO - [2025-02-17T00:02:34.681+0100] {dag.py:3239} INFO - Sync 1 DAGs
[2025-02-17T00:02:34.706+0100] {logging_mixin.py:190} INFO - [2025-02-17T00:02:34.706+0100] {dag.py:4180} INFO - Setting next_dagrun for example_dynamic_task_mapping to None, run_after=None
[2025-02-17T00:02:34.744+0100] {processor.py:208} INFO - Processing /home/mohammed/myenv/lib/python3.12/site-packages/airflow/example_dags/example_dynamic_task_mapping.py took 0.172 seconds
[2025-02-17T00:03:55.390+0100] {processor.py:186} INFO - Started process (PID=6442) to work on /home/mohammed/myenv/lib/python3.12/site-packages/airflow/example_dags/example_dynamic_task_mapping.py
[2025-02-17T00:03:55.397+0100] {processor.py:914} INFO - Processing file /home/mohammed/myenv/lib/python3.12/site-packages/airflow/example_dags/example_dynamic_task_mapping.py for tasks to queue
[2025-02-17T00:03:55.405+0100] {logging_mixin.py:190} INFO - [2025-02-17T00:03:55.403+0100] {dagbag.py:588} INFO - Filling up the DagBag from /home/mohammed/myenv/lib/python3.12/site-packages/airflow/example_dags/example_dynamic_task_mapping.py
[2025-02-17T00:03:55.437+0100] {processor.py:925} INFO - DAG(s) 'example_dynamic_task_mapping' retrieved from /home/mohammed/myenv/lib/python3.12/site-packages/airflow/example_dags/example_dynamic_task_mapping.py
[2025-02-17T00:03:55.490+0100] {logging_mixin.py:190} INFO - [2025-02-17T00:03:55.489+0100] {dag.py:3239} INFO - Sync 1 DAGs
[2025-02-17T00:03:55.514+0100] {logging_mixin.py:190} INFO - [2025-02-17T00:03:55.513+0100] {dag.py:4180} INFO - Setting next_dagrun for example_dynamic_task_mapping to None, run_after=None
[2025-02-17T00:03:55.552+0100] {processor.py:208} INFO - Processing /home/mohammed/myenv/lib/python3.12/site-packages/airflow/example_dags/example_dynamic_task_mapping.py took 0.176 seconds
[2025-02-17T00:05:10.705+0100] {processor.py:186} INFO - Started process (PID=6511) to work on /home/mohammed/myenv/lib/python3.12/site-packages/airflow/example_dags/example_dynamic_task_mapping.py
[2025-02-17T00:05:10.710+0100] {processor.py:914} INFO - Processing file /home/mohammed/myenv/lib/python3.12/site-packages/airflow/example_dags/example_dynamic_task_mapping.py for tasks to queue
[2025-02-17T00:05:10.713+0100] {logging_mixin.py:190} INFO - [2025-02-17T00:05:10.713+0100] {dagbag.py:588} INFO - Filling up the DagBag from /home/mohammed/myenv/lib/python3.12/site-packages/airflow/example_dags/example_dynamic_task_mapping.py
[2025-02-17T00:05:10.724+0100] {processor.py:925} INFO - DAG(s) 'example_dynamic_task_mapping' retrieved from /home/mohammed/myenv/lib/python3.12/site-packages/airflow/example_dags/example_dynamic_task_mapping.py
[2025-02-17T00:05:10.744+0100] {logging_mixin.py:190} INFO - [2025-02-17T00:05:10.743+0100] {dag.py:3239} INFO - Sync 1 DAGs
[2025-02-17T00:05:10.758+0100] {logging_mixin.py:190} INFO - [2025-02-17T00:05:10.758+0100] {dag.py:4180} INFO - Setting next_dagrun for example_dynamic_task_mapping to None, run_after=None
[2025-02-17T00:05:10.786+0100] {processor.py:208} INFO - Processing /home/mohammed/myenv/lib/python3.12/site-packages/airflow/example_dags/example_dynamic_task_mapping.py took 0.089 seconds
[2025-02-17T00:06:21.417+0100] {processor.py:186} INFO - Started process (PID=6576) to work on /home/mohammed/myenv/lib/python3.12/site-packages/airflow/example_dags/example_dynamic_task_mapping.py
[2025-02-17T00:06:21.419+0100] {processor.py:914} INFO - Processing file /home/mohammed/myenv/lib/python3.12/site-packages/airflow/example_dags/example_dynamic_task_mapping.py for tasks to queue
[2025-02-17T00:06:21.424+0100] {logging_mixin.py:190} INFO - [2025-02-17T00:06:21.423+0100] {dagbag.py:588} INFO - Filling up the DagBag from /home/mohammed/myenv/lib/python3.12/site-packages/airflow/example_dags/example_dynamic_task_mapping.py
[2025-02-17T00:06:21.444+0100] {processor.py:925} INFO - DAG(s) 'example_dynamic_task_mapping' retrieved from /home/mohammed/myenv/lib/python3.12/site-packages/airflow/example_dags/example_dynamic_task_mapping.py
[2025-02-17T00:06:21.487+0100] {logging_mixin.py:190} INFO - [2025-02-17T00:06:21.487+0100] {dag.py:3239} INFO - Sync 1 DAGs
[2025-02-17T00:06:21.524+0100] {logging_mixin.py:190} INFO - [2025-02-17T00:06:21.524+0100] {dag.py:4180} INFO - Setting next_dagrun for example_dynamic_task_mapping to None, run_after=None
[2025-02-17T00:06:21.579+0100] {processor.py:208} INFO - Processing /home/mohammed/myenv/lib/python3.12/site-packages/airflow/example_dags/example_dynamic_task_mapping.py took 0.175 seconds
[2025-02-17T00:07:38.475+0100] {processor.py:186} INFO - Started process (PID=6640) to work on /home/mohammed/myenv/lib/python3.12/site-packages/airflow/example_dags/example_dynamic_task_mapping.py
[2025-02-17T00:07:38.480+0100] {processor.py:914} INFO - Processing file /home/mohammed/myenv/lib/python3.12/site-packages/airflow/example_dags/example_dynamic_task_mapping.py for tasks to queue
[2025-02-17T00:07:38.484+0100] {logging_mixin.py:190} INFO - [2025-02-17T00:07:38.483+0100] {dagbag.py:588} INFO - Filling up the DagBag from /home/mohammed/myenv/lib/python3.12/site-packages/airflow/example_dags/example_dynamic_task_mapping.py
[2025-02-17T00:07:38.501+0100] {processor.py:925} INFO - DAG(s) 'example_dynamic_task_mapping' retrieved from /home/mohammed/myenv/lib/python3.12/site-packages/airflow/example_dags/example_dynamic_task_mapping.py
[2025-02-17T00:07:38.527+0100] {logging_mixin.py:190} INFO - [2025-02-17T00:07:38.527+0100] {dag.py:3239} INFO - Sync 1 DAGs
[2025-02-17T00:07:38.550+0100] {logging_mixin.py:190} INFO - [2025-02-17T00:07:38.549+0100] {dag.py:4180} INFO - Setting next_dagrun for example_dynamic_task_mapping to None, run_after=None
[2025-02-17T00:07:38.601+0100] {processor.py:208} INFO - Processing /home/mohammed/myenv/lib/python3.12/site-packages/airflow/example_dags/example_dynamic_task_mapping.py took 0.137 seconds
[2025-02-17T00:08:53.258+0100] {processor.py:186} INFO - Started process (PID=6736) to work on /home/mohammed/myenv/lib/python3.12/site-packages/airflow/example_dags/example_dynamic_task_mapping.py
[2025-02-17T00:08:53.265+0100] {processor.py:914} INFO - Processing file /home/mohammed/myenv/lib/python3.12/site-packages/airflow/example_dags/example_dynamic_task_mapping.py for tasks to queue
[2025-02-17T00:08:53.273+0100] {logging_mixin.py:190} INFO - [2025-02-17T00:08:53.271+0100] {dagbag.py:588} INFO - Filling up the DagBag from /home/mohammed/myenv/lib/python3.12/site-packages/airflow/example_dags/example_dynamic_task_mapping.py
[2025-02-17T00:08:53.303+0100] {processor.py:925} INFO - DAG(s) 'example_dynamic_task_mapping' retrieved from /home/mohammed/myenv/lib/python3.12/site-packages/airflow/example_dags/example_dynamic_task_mapping.py
[2025-02-17T00:08:53.350+0100] {logging_mixin.py:190} INFO - [2025-02-17T00:08:53.349+0100] {dag.py:3239} INFO - Sync 1 DAGs
[2025-02-17T00:08:53.369+0100] {logging_mixin.py:190} INFO - [2025-02-17T00:08:53.369+0100] {dag.py:4180} INFO - Setting next_dagrun for example_dynamic_task_mapping to None, run_after=None
[2025-02-17T00:08:53.404+0100] {processor.py:208} INFO - Processing /home/mohammed/myenv/lib/python3.12/site-packages/airflow/example_dags/example_dynamic_task_mapping.py took 0.167 seconds
[2025-02-17T00:10:07.509+0100] {processor.py:186} INFO - Started process (PID=6799) to work on /home/mohammed/myenv/lib/python3.12/site-packages/airflow/example_dags/example_dynamic_task_mapping.py
[2025-02-17T00:10:07.516+0100] {processor.py:914} INFO - Processing file /home/mohammed/myenv/lib/python3.12/site-packages/airflow/example_dags/example_dynamic_task_mapping.py for tasks to queue
[2025-02-17T00:10:07.522+0100] {logging_mixin.py:190} INFO - [2025-02-17T00:10:07.521+0100] {dagbag.py:588} INFO - Filling up the DagBag from /home/mohammed/myenv/lib/python3.12/site-packages/airflow/example_dags/example_dynamic_task_mapping.py
[2025-02-17T00:10:07.552+0100] {processor.py:925} INFO - DAG(s) 'example_dynamic_task_mapping' retrieved from /home/mohammed/myenv/lib/python3.12/site-packages/airflow/example_dags/example_dynamic_task_mapping.py
[2025-02-17T00:10:07.599+0100] {logging_mixin.py:190} INFO - [2025-02-17T00:10:07.598+0100] {dag.py:3239} INFO - Sync 1 DAGs
[2025-02-17T00:10:07.618+0100] {logging_mixin.py:190} INFO - [2025-02-17T00:10:07.617+0100] {dag.py:4180} INFO - Setting next_dagrun for example_dynamic_task_mapping to None, run_after=None
[2025-02-17T00:10:07.653+0100] {processor.py:208} INFO - Processing /home/mohammed/myenv/lib/python3.12/site-packages/airflow/example_dags/example_dynamic_task_mapping.py took 0.161 seconds
[2025-02-17T00:11:25.398+0100] {processor.py:186} INFO - Started process (PID=6876) to work on /home/mohammed/myenv/lib/python3.12/site-packages/airflow/example_dags/example_dynamic_task_mapping.py
[2025-02-17T00:11:25.403+0100] {processor.py:914} INFO - Processing file /home/mohammed/myenv/lib/python3.12/site-packages/airflow/example_dags/example_dynamic_task_mapping.py for tasks to queue
[2025-02-17T00:11:25.407+0100] {logging_mixin.py:190} INFO - [2025-02-17T00:11:25.406+0100] {dagbag.py:588} INFO - Filling up the DagBag from /home/mohammed/myenv/lib/python3.12/site-packages/airflow/example_dags/example_dynamic_task_mapping.py
[2025-02-17T00:11:25.426+0100] {processor.py:925} INFO - DAG(s) 'example_dynamic_task_mapping' retrieved from /home/mohammed/myenv/lib/python3.12/site-packages/airflow/example_dags/example_dynamic_task_mapping.py
[2025-02-17T00:11:25.456+0100] {logging_mixin.py:190} INFO - [2025-02-17T00:11:25.455+0100] {dag.py:3239} INFO - Sync 1 DAGs
[2025-02-17T00:11:25.480+0100] {logging_mixin.py:190} INFO - [2025-02-17T00:11:25.480+0100] {dag.py:4180} INFO - Setting next_dagrun for example_dynamic_task_mapping to None, run_after=None
[2025-02-17T00:11:25.524+0100] {processor.py:208} INFO - Processing /home/mohammed/myenv/lib/python3.12/site-packages/airflow/example_dags/example_dynamic_task_mapping.py took 0.137 seconds
[2025-02-17T00:12:45.473+0100] {processor.py:186} INFO - Started process (PID=6941) to work on /home/mohammed/myenv/lib/python3.12/site-packages/airflow/example_dags/example_dynamic_task_mapping.py
[2025-02-17T00:12:45.477+0100] {processor.py:914} INFO - Processing file /home/mohammed/myenv/lib/python3.12/site-packages/airflow/example_dags/example_dynamic_task_mapping.py for tasks to queue
[2025-02-17T00:12:45.482+0100] {logging_mixin.py:190} INFO - [2025-02-17T00:12:45.481+0100] {dagbag.py:588} INFO - Filling up the DagBag from /home/mohammed/myenv/lib/python3.12/site-packages/airflow/example_dags/example_dynamic_task_mapping.py
[2025-02-17T00:12:45.503+0100] {processor.py:925} INFO - DAG(s) 'example_dynamic_task_mapping' retrieved from /home/mohammed/myenv/lib/python3.12/site-packages/airflow/example_dags/example_dynamic_task_mapping.py
[2025-02-17T00:12:45.540+0100] {logging_mixin.py:190} INFO - [2025-02-17T00:12:45.539+0100] {dag.py:3239} INFO - Sync 1 DAGs
[2025-02-17T00:12:45.578+0100] {logging_mixin.py:190} INFO - [2025-02-17T00:12:45.578+0100] {dag.py:4180} INFO - Setting next_dagrun for example_dynamic_task_mapping to None, run_after=None
[2025-02-17T00:12:45.644+0100] {processor.py:208} INFO - Processing /home/mohammed/myenv/lib/python3.12/site-packages/airflow/example_dags/example_dynamic_task_mapping.py took 0.184 seconds
