[2025-02-16T23:23:58.702+0100] {processor.py:186} INFO - Started process (PID=4260) to work on /home/mohammed/myenv/lib/python3.12/site-packages/airflow/example_dags/example_task_group_decorator.py
[2025-02-16T23:23:58.707+0100] {processor.py:914} INFO - Processing file /home/mohammed/myenv/lib/python3.12/site-packages/airflow/example_dags/example_task_group_decorator.py for tasks to queue
[2025-02-16T23:23:58.720+0100] {logging_mixin.py:190} INFO - [2025-02-16T23:23:58.717+0100] {dagbag.py:588} INFO - Filling up the DagBag from /home/mohammed/myenv/lib/python3.12/site-packages/airflow/example_dags/example_task_group_decorator.py
[2025-02-16T23:23:58.824+0100] {processor.py:925} INFO - DAG(s) 'example_task_group_decorator' retrieved from /home/mohammed/myenv/lib/python3.12/site-packages/airflow/example_dags/example_task_group_decorator.py
[2025-02-16T23:23:59.113+0100] {logging_mixin.py:190} INFO - [2025-02-16T23:23:59.112+0100] {override.py:1930} INFO - Created Permission View: can edit on DAG:example_task_group_decorator
[2025-02-16T23:23:59.155+0100] {logging_mixin.py:190} INFO - [2025-02-16T23:23:59.154+0100] {override.py:1930} INFO - Created Permission View: can read on DAG:example_task_group_decorator
[2025-02-16T23:23:59.188+0100] {logging_mixin.py:190} INFO - [2025-02-16T23:23:59.187+0100] {override.py:1930} INFO - Created Permission View: can delete on DAG:example_task_group_decorator
[2025-02-16T23:23:59.258+0100] {logging_mixin.py:190} INFO - [2025-02-16T23:23:59.257+0100] {override.py:1930} INFO - Created Permission View: can create on DAG Run:example_task_group_decorator
[2025-02-16T23:23:59.316+0100] {logging_mixin.py:190} INFO - [2025-02-16T23:23:59.315+0100] {override.py:1930} INFO - Created Permission View: can read on DAG Run:example_task_group_decorator
[2025-02-16T23:23:59.373+0100] {logging_mixin.py:190} INFO - [2025-02-16T23:23:59.371+0100] {override.py:1930} INFO - Created Permission View: menu access on DAG Run:example_task_group_decorator
[2025-02-16T23:23:59.431+0100] {logging_mixin.py:190} INFO - [2025-02-16T23:23:59.429+0100] {override.py:1930} INFO - Created Permission View: can delete on DAG Run:example_task_group_decorator
[2025-02-16T23:23:59.432+0100] {logging_mixin.py:190} INFO - [2025-02-16T23:23:59.432+0100] {dag.py:3239} INFO - Sync 1 DAGs
[2025-02-16T23:23:59.497+0100] {logging_mixin.py:190} INFO - [2025-02-16T23:23:59.496+0100] {dag.py:3262} INFO - Creating ORM DAG for example_task_group_decorator
[2025-02-16T23:23:59.501+0100] {logging_mixin.py:190} INFO - [2025-02-16T23:23:59.499+0100] {dag.py:4180} INFO - Setting next_dagrun for example_task_group_decorator to None, run_after=None
[2025-02-16T23:23:59.625+0100] {processor.py:208} INFO - Processing /home/mohammed/myenv/lib/python3.12/site-packages/airflow/example_dags/example_task_group_decorator.py took 0.956 seconds
[2025-02-16T23:25:35.749+0100] {processor.py:186} INFO - Started process (PID=4354) to work on /home/mohammed/myenv/lib/python3.12/site-packages/airflow/example_dags/example_task_group_decorator.py
[2025-02-16T23:25:35.751+0100] {processor.py:914} INFO - Processing file /home/mohammed/myenv/lib/python3.12/site-packages/airflow/example_dags/example_task_group_decorator.py for tasks to queue
[2025-02-16T23:25:35.755+0100] {logging_mixin.py:190} INFO - [2025-02-16T23:25:35.754+0100] {dagbag.py:588} INFO - Filling up the DagBag from /home/mohammed/myenv/lib/python3.12/site-packages/airflow/example_dags/example_task_group_decorator.py
[2025-02-16T23:25:35.806+0100] {processor.py:925} INFO - DAG(s) 'example_task_group_decorator' retrieved from /home/mohammed/myenv/lib/python3.12/site-packages/airflow/example_dags/example_task_group_decorator.py
[2025-02-16T23:25:35.861+0100] {logging_mixin.py:190} INFO - [2025-02-16T23:25:35.860+0100] {dag.py:3239} INFO - Sync 1 DAGs
[2025-02-16T23:25:35.894+0100] {logging_mixin.py:190} INFO - [2025-02-16T23:25:35.893+0100] {dag.py:4180} INFO - Setting next_dagrun for example_task_group_decorator to None, run_after=None
[2025-02-16T23:25:35.958+0100] {processor.py:208} INFO - Processing /home/mohammed/myenv/lib/python3.12/site-packages/airflow/example_dags/example_task_group_decorator.py took 0.223 seconds
[2025-02-16T23:27:01.103+0100] {processor.py:186} INFO - Started process (PID=4424) to work on /home/mohammed/myenv/lib/python3.12/site-packages/airflow/example_dags/example_task_group_decorator.py
[2025-02-16T23:27:01.106+0100] {processor.py:914} INFO - Processing file /home/mohammed/myenv/lib/python3.12/site-packages/airflow/example_dags/example_task_group_decorator.py for tasks to queue
[2025-02-16T23:27:01.111+0100] {logging_mixin.py:190} INFO - [2025-02-16T23:27:01.110+0100] {dagbag.py:588} INFO - Filling up the DagBag from /home/mohammed/myenv/lib/python3.12/site-packages/airflow/example_dags/example_task_group_decorator.py
[2025-02-16T23:27:01.173+0100] {processor.py:925} INFO - DAG(s) 'example_task_group_decorator' retrieved from /home/mohammed/myenv/lib/python3.12/site-packages/airflow/example_dags/example_task_group_decorator.py
[2025-02-16T23:27:01.239+0100] {logging_mixin.py:190} INFO - [2025-02-16T23:27:01.239+0100] {dag.py:3239} INFO - Sync 1 DAGs
[2025-02-16T23:27:01.258+0100] {logging_mixin.py:190} INFO - [2025-02-16T23:27:01.258+0100] {dag.py:4180} INFO - Setting next_dagrun for example_task_group_decorator to None, run_after=None
[2025-02-16T23:27:01.304+0100] {processor.py:208} INFO - Processing /home/mohammed/myenv/lib/python3.12/site-packages/airflow/example_dags/example_task_group_decorator.py took 0.214 seconds
[2025-02-16T23:28:21.203+0100] {processor.py:186} INFO - Started process (PID=4492) to work on /home/mohammed/myenv/lib/python3.12/site-packages/airflow/example_dags/example_task_group_decorator.py
[2025-02-16T23:28:21.208+0100] {processor.py:914} INFO - Processing file /home/mohammed/myenv/lib/python3.12/site-packages/airflow/example_dags/example_task_group_decorator.py for tasks to queue
[2025-02-16T23:28:21.216+0100] {logging_mixin.py:190} INFO - [2025-02-16T23:28:21.214+0100] {dagbag.py:588} INFO - Filling up the DagBag from /home/mohammed/myenv/lib/python3.12/site-packages/airflow/example_dags/example_task_group_decorator.py
[2025-02-16T23:28:21.269+0100] {processor.py:925} INFO - DAG(s) 'example_task_group_decorator' retrieved from /home/mohammed/myenv/lib/python3.12/site-packages/airflow/example_dags/example_task_group_decorator.py
[2025-02-16T23:28:21.304+0100] {logging_mixin.py:190} INFO - [2025-02-16T23:28:21.304+0100] {dag.py:3239} INFO - Sync 1 DAGs
[2025-02-16T23:28:21.321+0100] {logging_mixin.py:190} INFO - [2025-02-16T23:28:21.321+0100] {dag.py:4180} INFO - Setting next_dagrun for example_task_group_decorator to None, run_after=None
[2025-02-16T23:28:21.375+0100] {processor.py:208} INFO - Processing /home/mohammed/myenv/lib/python3.12/site-packages/airflow/example_dags/example_task_group_decorator.py took 0.198 seconds
[2025-02-16T23:29:43.020+0100] {processor.py:186} INFO - Started process (PID=4562) to work on /home/mohammed/myenv/lib/python3.12/site-packages/airflow/example_dags/example_task_group_decorator.py
[2025-02-16T23:29:43.022+0100] {processor.py:914} INFO - Processing file /home/mohammed/myenv/lib/python3.12/site-packages/airflow/example_dags/example_task_group_decorator.py for tasks to queue
[2025-02-16T23:29:43.025+0100] {logging_mixin.py:190} INFO - [2025-02-16T23:29:43.025+0100] {dagbag.py:588} INFO - Filling up the DagBag from /home/mohammed/myenv/lib/python3.12/site-packages/airflow/example_dags/example_task_group_decorator.py
[2025-02-16T23:29:43.051+0100] {processor.py:925} INFO - DAG(s) 'example_task_group_decorator' retrieved from /home/mohammed/myenv/lib/python3.12/site-packages/airflow/example_dags/example_task_group_decorator.py
[2025-02-16T23:29:43.082+0100] {logging_mixin.py:190} INFO - [2025-02-16T23:29:43.081+0100] {dag.py:3239} INFO - Sync 1 DAGs
[2025-02-16T23:29:43.100+0100] {logging_mixin.py:190} INFO - [2025-02-16T23:29:43.100+0100] {dag.py:4180} INFO - Setting next_dagrun for example_task_group_decorator to None, run_after=None
[2025-02-16T23:29:43.155+0100] {processor.py:208} INFO - Processing /home/mohammed/myenv/lib/python3.12/site-packages/airflow/example_dags/example_task_group_decorator.py took 0.146 seconds
[2025-02-16T23:30:59.676+0100] {processor.py:186} INFO - Started process (PID=4640) to work on /home/mohammed/myenv/lib/python3.12/site-packages/airflow/example_dags/example_task_group_decorator.py
[2025-02-16T23:30:59.680+0100] {processor.py:914} INFO - Processing file /home/mohammed/myenv/lib/python3.12/site-packages/airflow/example_dags/example_task_group_decorator.py for tasks to queue
[2025-02-16T23:30:59.687+0100] {logging_mixin.py:190} INFO - [2025-02-16T23:30:59.686+0100] {dagbag.py:588} INFO - Filling up the DagBag from /home/mohammed/myenv/lib/python3.12/site-packages/airflow/example_dags/example_task_group_decorator.py
[2025-02-16T23:30:59.736+0100] {processor.py:925} INFO - DAG(s) 'example_task_group_decorator' retrieved from /home/mohammed/myenv/lib/python3.12/site-packages/airflow/example_dags/example_task_group_decorator.py
[2025-02-16T23:30:59.768+0100] {logging_mixin.py:190} INFO - [2025-02-16T23:30:59.768+0100] {dag.py:3239} INFO - Sync 1 DAGs
[2025-02-16T23:30:59.786+0100] {logging_mixin.py:190} INFO - [2025-02-16T23:30:59.786+0100] {dag.py:4180} INFO - Setting next_dagrun for example_task_group_decorator to None, run_after=None
[2025-02-16T23:30:59.832+0100] {processor.py:208} INFO - Processing /home/mohammed/myenv/lib/python3.12/site-packages/airflow/example_dags/example_task_group_decorator.py took 0.177 seconds
[2025-02-16T23:32:22.786+0100] {processor.py:186} INFO - Started process (PID=4709) to work on /home/mohammed/myenv/lib/python3.12/site-packages/airflow/example_dags/example_task_group_decorator.py
[2025-02-16T23:32:22.787+0100] {processor.py:914} INFO - Processing file /home/mohammed/myenv/lib/python3.12/site-packages/airflow/example_dags/example_task_group_decorator.py for tasks to queue
[2025-02-16T23:32:22.792+0100] {logging_mixin.py:190} INFO - [2025-02-16T23:32:22.791+0100] {dagbag.py:588} INFO - Filling up the DagBag from /home/mohammed/myenv/lib/python3.12/site-packages/airflow/example_dags/example_task_group_decorator.py
[2025-02-16T23:32:22.824+0100] {processor.py:925} INFO - DAG(s) 'example_task_group_decorator' retrieved from /home/mohammed/myenv/lib/python3.12/site-packages/airflow/example_dags/example_task_group_decorator.py
[2025-02-16T23:32:23.039+0100] {logging_mixin.py:190} INFO - [2025-02-16T23:32:23.038+0100] {dag.py:3239} INFO - Sync 1 DAGs
[2025-02-16T23:32:23.063+0100] {logging_mixin.py:190} INFO - [2025-02-16T23:32:23.063+0100] {dag.py:4180} INFO - Setting next_dagrun for example_task_group_decorator to None, run_after=None
[2025-02-16T23:32:23.126+0100] {processor.py:208} INFO - Processing /home/mohammed/myenv/lib/python3.12/site-packages/airflow/example_dags/example_task_group_decorator.py took 0.361 seconds
[2025-02-16T23:33:45.525+0100] {processor.py:186} INFO - Started process (PID=4776) to work on /home/mohammed/myenv/lib/python3.12/site-packages/airflow/example_dags/example_task_group_decorator.py
[2025-02-16T23:33:45.531+0100] {processor.py:914} INFO - Processing file /home/mohammed/myenv/lib/python3.12/site-packages/airflow/example_dags/example_task_group_decorator.py for tasks to queue
[2025-02-16T23:33:45.538+0100] {logging_mixin.py:190} INFO - [2025-02-16T23:33:45.537+0100] {dagbag.py:588} INFO - Filling up the DagBag from /home/mohammed/myenv/lib/python3.12/site-packages/airflow/example_dags/example_task_group_decorator.py
[2025-02-16T23:33:45.591+0100] {processor.py:925} INFO - DAG(s) 'example_task_group_decorator' retrieved from /home/mohammed/myenv/lib/python3.12/site-packages/airflow/example_dags/example_task_group_decorator.py
[2025-02-16T23:33:45.619+0100] {logging_mixin.py:190} INFO - [2025-02-16T23:33:45.619+0100] {dag.py:3239} INFO - Sync 1 DAGs
[2025-02-16T23:33:45.635+0100] {logging_mixin.py:190} INFO - [2025-02-16T23:33:45.635+0100] {dag.py:4180} INFO - Setting next_dagrun for example_task_group_decorator to None, run_after=None
[2025-02-16T23:33:45.681+0100] {processor.py:208} INFO - Processing /home/mohammed/myenv/lib/python3.12/site-packages/airflow/example_dags/example_task_group_decorator.py took 0.177 seconds
[2025-02-16T23:35:01.173+0100] {processor.py:186} INFO - Started process (PID=4842) to work on /home/mohammed/myenv/lib/python3.12/site-packages/airflow/example_dags/example_task_group_decorator.py
[2025-02-16T23:35:01.178+0100] {processor.py:914} INFO - Processing file /home/mohammed/myenv/lib/python3.12/site-packages/airflow/example_dags/example_task_group_decorator.py for tasks to queue
[2025-02-16T23:35:01.185+0100] {logging_mixin.py:190} INFO - [2025-02-16T23:35:01.184+0100] {dagbag.py:588} INFO - Filling up the DagBag from /home/mohammed/myenv/lib/python3.12/site-packages/airflow/example_dags/example_task_group_decorator.py
[2025-02-16T23:35:01.244+0100] {processor.py:925} INFO - DAG(s) 'example_task_group_decorator' retrieved from /home/mohammed/myenv/lib/python3.12/site-packages/airflow/example_dags/example_task_group_decorator.py
[2025-02-16T23:35:01.289+0100] {logging_mixin.py:190} INFO - [2025-02-16T23:35:01.289+0100] {dag.py:3239} INFO - Sync 1 DAGs
[2025-02-16T23:35:01.306+0100] {logging_mixin.py:190} INFO - [2025-02-16T23:35:01.306+0100] {dag.py:4180} INFO - Setting next_dagrun for example_task_group_decorator to None, run_after=None
[2025-02-16T23:35:01.351+0100] {processor.py:208} INFO - Processing /home/mohammed/myenv/lib/python3.12/site-packages/airflow/example_dags/example_task_group_decorator.py took 0.199 seconds
[2025-02-16T23:36:17.367+0100] {processor.py:186} INFO - Started process (PID=4909) to work on /home/mohammed/myenv/lib/python3.12/site-packages/airflow/example_dags/example_task_group_decorator.py
[2025-02-16T23:36:17.380+0100] {processor.py:914} INFO - Processing file /home/mohammed/myenv/lib/python3.12/site-packages/airflow/example_dags/example_task_group_decorator.py for tasks to queue
[2025-02-16T23:36:17.387+0100] {logging_mixin.py:190} INFO - [2025-02-16T23:36:17.386+0100] {dagbag.py:588} INFO - Filling up the DagBag from /home/mohammed/myenv/lib/python3.12/site-packages/airflow/example_dags/example_task_group_decorator.py
[2025-02-16T23:36:17.449+0100] {processor.py:925} INFO - DAG(s) 'example_task_group_decorator' retrieved from /home/mohammed/myenv/lib/python3.12/site-packages/airflow/example_dags/example_task_group_decorator.py
[2025-02-16T23:36:17.504+0100] {logging_mixin.py:190} INFO - [2025-02-16T23:36:17.504+0100] {dag.py:3239} INFO - Sync 1 DAGs
[2025-02-16T23:36:17.524+0100] {logging_mixin.py:190} INFO - [2025-02-16T23:36:17.523+0100] {dag.py:4180} INFO - Setting next_dagrun for example_task_group_decorator to None, run_after=None
[2025-02-16T23:36:17.574+0100] {processor.py:208} INFO - Processing /home/mohammed/myenv/lib/python3.12/site-packages/airflow/example_dags/example_task_group_decorator.py took 0.227 seconds
[2025-02-16T23:37:37.541+0100] {processor.py:186} INFO - Started process (PID=4976) to work on /home/mohammed/myenv/lib/python3.12/site-packages/airflow/example_dags/example_task_group_decorator.py
[2025-02-16T23:37:37.549+0100] {processor.py:914} INFO - Processing file /home/mohammed/myenv/lib/python3.12/site-packages/airflow/example_dags/example_task_group_decorator.py for tasks to queue
[2025-02-16T23:37:37.557+0100] {logging_mixin.py:190} INFO - [2025-02-16T23:37:37.556+0100] {dagbag.py:588} INFO - Filling up the DagBag from /home/mohammed/myenv/lib/python3.12/site-packages/airflow/example_dags/example_task_group_decorator.py
[2025-02-16T23:37:37.617+0100] {processor.py:925} INFO - DAG(s) 'example_task_group_decorator' retrieved from /home/mohammed/myenv/lib/python3.12/site-packages/airflow/example_dags/example_task_group_decorator.py
[2025-02-16T23:37:37.652+0100] {logging_mixin.py:190} INFO - [2025-02-16T23:37:37.651+0100] {dag.py:3239} INFO - Sync 1 DAGs
[2025-02-16T23:37:37.668+0100] {logging_mixin.py:190} INFO - [2025-02-16T23:37:37.668+0100] {dag.py:4180} INFO - Setting next_dagrun for example_task_group_decorator to None, run_after=None
[2025-02-16T23:37:37.740+0100] {processor.py:208} INFO - Processing /home/mohammed/myenv/lib/python3.12/site-packages/airflow/example_dags/example_task_group_decorator.py took 0.220 seconds
[2025-02-16T23:38:54.908+0100] {processor.py:186} INFO - Started process (PID=5050) to work on /home/mohammed/myenv/lib/python3.12/site-packages/airflow/example_dags/example_task_group_decorator.py
[2025-02-16T23:38:54.916+0100] {processor.py:914} INFO - Processing file /home/mohammed/myenv/lib/python3.12/site-packages/airflow/example_dags/example_task_group_decorator.py for tasks to queue
[2025-02-16T23:38:54.924+0100] {logging_mixin.py:190} INFO - [2025-02-16T23:38:54.923+0100] {dagbag.py:588} INFO - Filling up the DagBag from /home/mohammed/myenv/lib/python3.12/site-packages/airflow/example_dags/example_task_group_decorator.py
[2025-02-16T23:38:54.993+0100] {processor.py:925} INFO - DAG(s) 'example_task_group_decorator' retrieved from /home/mohammed/myenv/lib/python3.12/site-packages/airflow/example_dags/example_task_group_decorator.py
[2025-02-16T23:38:55.031+0100] {logging_mixin.py:190} INFO - [2025-02-16T23:38:55.031+0100] {dag.py:3239} INFO - Sync 1 DAGs
[2025-02-16T23:38:55.049+0100] {logging_mixin.py:190} INFO - [2025-02-16T23:38:55.048+0100] {dag.py:4180} INFO - Setting next_dagrun for example_task_group_decorator to None, run_after=None
[2025-02-16T23:38:55.091+0100] {processor.py:208} INFO - Processing /home/mohammed/myenv/lib/python3.12/site-packages/airflow/example_dags/example_task_group_decorator.py took 0.207 seconds
[2025-02-16T23:40:11.841+0100] {processor.py:186} INFO - Started process (PID=5114) to work on /home/mohammed/myenv/lib/python3.12/site-packages/airflow/example_dags/example_task_group_decorator.py
[2025-02-16T23:40:11.849+0100] {processor.py:914} INFO - Processing file /home/mohammed/myenv/lib/python3.12/site-packages/airflow/example_dags/example_task_group_decorator.py for tasks to queue
[2025-02-16T23:40:11.856+0100] {logging_mixin.py:190} INFO - [2025-02-16T23:40:11.855+0100] {dagbag.py:588} INFO - Filling up the DagBag from /home/mohammed/myenv/lib/python3.12/site-packages/airflow/example_dags/example_task_group_decorator.py
[2025-02-16T23:40:11.916+0100] {processor.py:925} INFO - DAG(s) 'example_task_group_decorator' retrieved from /home/mohammed/myenv/lib/python3.12/site-packages/airflow/example_dags/example_task_group_decorator.py
[2025-02-16T23:40:11.955+0100] {logging_mixin.py:190} INFO - [2025-02-16T23:40:11.955+0100] {dag.py:3239} INFO - Sync 1 DAGs
[2025-02-16T23:40:11.975+0100] {logging_mixin.py:190} INFO - [2025-02-16T23:40:11.975+0100] {dag.py:4180} INFO - Setting next_dagrun for example_task_group_decorator to None, run_after=None
[2025-02-16T23:40:12.019+0100] {processor.py:208} INFO - Processing /home/mohammed/myenv/lib/python3.12/site-packages/airflow/example_dags/example_task_group_decorator.py took 0.199 seconds
[2025-02-16T23:41:26.107+0100] {processor.py:186} INFO - Started process (PID=5184) to work on /home/mohammed/myenv/lib/python3.12/site-packages/airflow/example_dags/example_task_group_decorator.py
[2025-02-16T23:41:26.114+0100] {processor.py:914} INFO - Processing file /home/mohammed/myenv/lib/python3.12/site-packages/airflow/example_dags/example_task_group_decorator.py for tasks to queue
[2025-02-16T23:41:26.122+0100] {logging_mixin.py:190} INFO - [2025-02-16T23:41:26.121+0100] {dagbag.py:588} INFO - Filling up the DagBag from /home/mohammed/myenv/lib/python3.12/site-packages/airflow/example_dags/example_task_group_decorator.py
[2025-02-16T23:41:26.183+0100] {processor.py:925} INFO - DAG(s) 'example_task_group_decorator' retrieved from /home/mohammed/myenv/lib/python3.12/site-packages/airflow/example_dags/example_task_group_decorator.py
[2025-02-16T23:41:26.222+0100] {logging_mixin.py:190} INFO - [2025-02-16T23:41:26.222+0100] {dag.py:3239} INFO - Sync 1 DAGs
[2025-02-16T23:41:26.240+0100] {logging_mixin.py:190} INFO - [2025-02-16T23:41:26.240+0100] {dag.py:4180} INFO - Setting next_dagrun for example_task_group_decorator to None, run_after=None
[2025-02-16T23:41:26.284+0100] {processor.py:208} INFO - Processing /home/mohammed/myenv/lib/python3.12/site-packages/airflow/example_dags/example_task_group_decorator.py took 0.199 seconds
[2025-02-16T23:42:38.770+0100] {processor.py:186} INFO - Started process (PID=5247) to work on /home/mohammed/myenv/lib/python3.12/site-packages/airflow/example_dags/example_task_group_decorator.py
[2025-02-16T23:42:38.776+0100] {processor.py:914} INFO - Processing file /home/mohammed/myenv/lib/python3.12/site-packages/airflow/example_dags/example_task_group_decorator.py for tasks to queue
[2025-02-16T23:42:38.779+0100] {logging_mixin.py:190} INFO - [2025-02-16T23:42:38.778+0100] {dagbag.py:588} INFO - Filling up the DagBag from /home/mohammed/myenv/lib/python3.12/site-packages/airflow/example_dags/example_task_group_decorator.py
[2025-02-16T23:42:38.801+0100] {processor.py:925} INFO - DAG(s) 'example_task_group_decorator' retrieved from /home/mohammed/myenv/lib/python3.12/site-packages/airflow/example_dags/example_task_group_decorator.py
[2025-02-16T23:42:38.829+0100] {logging_mixin.py:190} INFO - [2025-02-16T23:42:38.829+0100] {dag.py:3239} INFO - Sync 1 DAGs
[2025-02-16T23:42:38.845+0100] {logging_mixin.py:190} INFO - [2025-02-16T23:42:38.845+0100] {dag.py:4180} INFO - Setting next_dagrun for example_task_group_decorator to None, run_after=None
[2025-02-16T23:42:38.888+0100] {processor.py:208} INFO - Processing /home/mohammed/myenv/lib/python3.12/site-packages/airflow/example_dags/example_task_group_decorator.py took 0.126 seconds
[2025-02-16T23:43:53.524+0100] {processor.py:186} INFO - Started process (PID=5311) to work on /home/mohammed/myenv/lib/python3.12/site-packages/airflow/example_dags/example_task_group_decorator.py
[2025-02-16T23:43:53.532+0100] {processor.py:914} INFO - Processing file /home/mohammed/myenv/lib/python3.12/site-packages/airflow/example_dags/example_task_group_decorator.py for tasks to queue
[2025-02-16T23:43:53.540+0100] {logging_mixin.py:190} INFO - [2025-02-16T23:43:53.538+0100] {dagbag.py:588} INFO - Filling up the DagBag from /home/mohammed/myenv/lib/python3.12/site-packages/airflow/example_dags/example_task_group_decorator.py
[2025-02-16T23:43:53.601+0100] {processor.py:925} INFO - DAG(s) 'example_task_group_decorator' retrieved from /home/mohammed/myenv/lib/python3.12/site-packages/airflow/example_dags/example_task_group_decorator.py
[2025-02-16T23:43:53.647+0100] {logging_mixin.py:190} INFO - [2025-02-16T23:43:53.647+0100] {dag.py:3239} INFO - Sync 1 DAGs
[2025-02-16T23:43:53.665+0100] {logging_mixin.py:190} INFO - [2025-02-16T23:43:53.665+0100] {dag.py:4180} INFO - Setting next_dagrun for example_task_group_decorator to None, run_after=None
[2025-02-16T23:43:53.709+0100] {processor.py:208} INFO - Processing /home/mohammed/myenv/lib/python3.12/site-packages/airflow/example_dags/example_task_group_decorator.py took 0.206 seconds
[2025-02-16T23:45:07.347+0100] {processor.py:186} INFO - Started process (PID=5382) to work on /home/mohammed/myenv/lib/python3.12/site-packages/airflow/example_dags/example_task_group_decorator.py
[2025-02-16T23:45:07.355+0100] {processor.py:914} INFO - Processing file /home/mohammed/myenv/lib/python3.12/site-packages/airflow/example_dags/example_task_group_decorator.py for tasks to queue
[2025-02-16T23:45:07.360+0100] {logging_mixin.py:190} INFO - [2025-02-16T23:45:07.359+0100] {dagbag.py:588} INFO - Filling up the DagBag from /home/mohammed/myenv/lib/python3.12/site-packages/airflow/example_dags/example_task_group_decorator.py
[2025-02-16T23:45:07.401+0100] {processor.py:925} INFO - DAG(s) 'example_task_group_decorator' retrieved from /home/mohammed/myenv/lib/python3.12/site-packages/airflow/example_dags/example_task_group_decorator.py
[2025-02-16T23:45:07.435+0100] {logging_mixin.py:190} INFO - [2025-02-16T23:45:07.434+0100] {dag.py:3239} INFO - Sync 1 DAGs
[2025-02-16T23:45:07.455+0100] {logging_mixin.py:190} INFO - [2025-02-16T23:45:07.455+0100] {dag.py:4180} INFO - Setting next_dagrun for example_task_group_decorator to None, run_after=None
[2025-02-16T23:45:07.496+0100] {processor.py:208} INFO - Processing /home/mohammed/myenv/lib/python3.12/site-packages/airflow/example_dags/example_task_group_decorator.py took 0.167 seconds
[2025-02-16T23:46:19.178+0100] {processor.py:186} INFO - Started process (PID=5448) to work on /home/mohammed/myenv/lib/python3.12/site-packages/airflow/example_dags/example_task_group_decorator.py
[2025-02-16T23:46:19.180+0100] {processor.py:914} INFO - Processing file /home/mohammed/myenv/lib/python3.12/site-packages/airflow/example_dags/example_task_group_decorator.py for tasks to queue
[2025-02-16T23:46:19.185+0100] {logging_mixin.py:190} INFO - [2025-02-16T23:46:19.184+0100] {dagbag.py:588} INFO - Filling up the DagBag from /home/mohammed/myenv/lib/python3.12/site-packages/airflow/example_dags/example_task_group_decorator.py
[2025-02-16T23:46:19.220+0100] {processor.py:925} INFO - DAG(s) 'example_task_group_decorator' retrieved from /home/mohammed/myenv/lib/python3.12/site-packages/airflow/example_dags/example_task_group_decorator.py
[2025-02-16T23:46:19.262+0100] {logging_mixin.py:190} INFO - [2025-02-16T23:46:19.262+0100] {dag.py:3239} INFO - Sync 1 DAGs
[2025-02-16T23:46:19.281+0100] {logging_mixin.py:190} INFO - [2025-02-16T23:46:19.281+0100] {dag.py:4180} INFO - Setting next_dagrun for example_task_group_decorator to None, run_after=None
[2025-02-16T23:46:19.317+0100] {processor.py:208} INFO - Processing /home/mohammed/myenv/lib/python3.12/site-packages/airflow/example_dags/example_task_group_decorator.py took 0.152 seconds
[2025-02-16T23:47:33.084+0100] {processor.py:186} INFO - Started process (PID=5514) to work on /home/mohammed/myenv/lib/python3.12/site-packages/airflow/example_dags/example_task_group_decorator.py
[2025-02-16T23:47:33.090+0100] {processor.py:914} INFO - Processing file /home/mohammed/myenv/lib/python3.12/site-packages/airflow/example_dags/example_task_group_decorator.py for tasks to queue
[2025-02-16T23:47:33.095+0100] {logging_mixin.py:190} INFO - [2025-02-16T23:47:33.094+0100] {dagbag.py:588} INFO - Filling up the DagBag from /home/mohammed/myenv/lib/python3.12/site-packages/airflow/example_dags/example_task_group_decorator.py
[2025-02-16T23:47:33.133+0100] {processor.py:925} INFO - DAG(s) 'example_task_group_decorator' retrieved from /home/mohammed/myenv/lib/python3.12/site-packages/airflow/example_dags/example_task_group_decorator.py
[2025-02-16T23:47:33.183+0100] {logging_mixin.py:190} INFO - [2025-02-16T23:47:33.183+0100] {dag.py:3239} INFO - Sync 1 DAGs
[2025-02-16T23:47:33.205+0100] {logging_mixin.py:190} INFO - [2025-02-16T23:47:33.205+0100] {dag.py:4180} INFO - Setting next_dagrun for example_task_group_decorator to None, run_after=None
[2025-02-16T23:47:33.243+0100] {processor.py:208} INFO - Processing /home/mohammed/myenv/lib/python3.12/site-packages/airflow/example_dags/example_task_group_decorator.py took 0.171 seconds
[2025-02-16T23:48:47.737+0100] {processor.py:186} INFO - Started process (PID=5581) to work on /home/mohammed/myenv/lib/python3.12/site-packages/airflow/example_dags/example_task_group_decorator.py
[2025-02-16T23:48:47.742+0100] {processor.py:914} INFO - Processing file /home/mohammed/myenv/lib/python3.12/site-packages/airflow/example_dags/example_task_group_decorator.py for tasks to queue
[2025-02-16T23:48:47.746+0100] {logging_mixin.py:190} INFO - [2025-02-16T23:48:47.746+0100] {dagbag.py:588} INFO - Filling up the DagBag from /home/mohammed/myenv/lib/python3.12/site-packages/airflow/example_dags/example_task_group_decorator.py
[2025-02-16T23:48:47.779+0100] {processor.py:925} INFO - DAG(s) 'example_task_group_decorator' retrieved from /home/mohammed/myenv/lib/python3.12/site-packages/airflow/example_dags/example_task_group_decorator.py
[2025-02-16T23:48:47.818+0100] {logging_mixin.py:190} INFO - [2025-02-16T23:48:47.817+0100] {dag.py:3239} INFO - Sync 1 DAGs
[2025-02-16T23:48:47.834+0100] {logging_mixin.py:190} INFO - [2025-02-16T23:48:47.834+0100] {dag.py:4180} INFO - Setting next_dagrun for example_task_group_decorator to None, run_after=None
[2025-02-16T23:48:47.869+0100] {processor.py:208} INFO - Processing /home/mohammed/myenv/lib/python3.12/site-packages/airflow/example_dags/example_task_group_decorator.py took 0.144 seconds
[2025-02-16T23:50:02.271+0100] {processor.py:186} INFO - Started process (PID=5648) to work on /home/mohammed/myenv/lib/python3.12/site-packages/airflow/example_dags/example_task_group_decorator.py
[2025-02-16T23:50:02.278+0100] {processor.py:914} INFO - Processing file /home/mohammed/myenv/lib/python3.12/site-packages/airflow/example_dags/example_task_group_decorator.py for tasks to queue
[2025-02-16T23:50:02.283+0100] {logging_mixin.py:190} INFO - [2025-02-16T23:50:02.282+0100] {dagbag.py:588} INFO - Filling up the DagBag from /home/mohammed/myenv/lib/python3.12/site-packages/airflow/example_dags/example_task_group_decorator.py
[2025-02-16T23:50:02.314+0100] {processor.py:925} INFO - DAG(s) 'example_task_group_decorator' retrieved from /home/mohammed/myenv/lib/python3.12/site-packages/airflow/example_dags/example_task_group_decorator.py
[2025-02-16T23:50:02.352+0100] {logging_mixin.py:190} INFO - [2025-02-16T23:50:02.352+0100] {dag.py:3239} INFO - Sync 1 DAGs
[2025-02-16T23:50:02.379+0100] {logging_mixin.py:190} INFO - [2025-02-16T23:50:02.378+0100] {dag.py:4180} INFO - Setting next_dagrun for example_task_group_decorator to None, run_after=None
[2025-02-16T23:50:02.442+0100] {processor.py:208} INFO - Processing /home/mohammed/myenv/lib/python3.12/site-packages/airflow/example_dags/example_task_group_decorator.py took 0.184 seconds
[2025-02-16T23:51:24.893+0100] {processor.py:186} INFO - Started process (PID=5727) to work on /home/mohammed/myenv/lib/python3.12/site-packages/airflow/example_dags/example_task_group_decorator.py
[2025-02-16T23:51:24.896+0100] {processor.py:914} INFO - Processing file /home/mohammed/myenv/lib/python3.12/site-packages/airflow/example_dags/example_task_group_decorator.py for tasks to queue
[2025-02-16T23:51:24.902+0100] {logging_mixin.py:190} INFO - [2025-02-16T23:51:24.901+0100] {dagbag.py:588} INFO - Filling up the DagBag from /home/mohammed/myenv/lib/python3.12/site-packages/airflow/example_dags/example_task_group_decorator.py
[2025-02-16T23:51:24.943+0100] {processor.py:925} INFO - DAG(s) 'example_task_group_decorator' retrieved from /home/mohammed/myenv/lib/python3.12/site-packages/airflow/example_dags/example_task_group_decorator.py
[2025-02-16T23:51:25.053+0100] {logging_mixin.py:190} INFO - [2025-02-16T23:51:25.052+0100] {dag.py:3239} INFO - Sync 1 DAGs
[2025-02-16T23:51:25.074+0100] {logging_mixin.py:190} INFO - [2025-02-16T23:51:25.073+0100] {dag.py:4180} INFO - Setting next_dagrun for example_task_group_decorator to None, run_after=None
[2025-02-16T23:51:25.120+0100] {processor.py:208} INFO - Processing /home/mohammed/myenv/lib/python3.12/site-packages/airflow/example_dags/example_task_group_decorator.py took 0.242 seconds
[2025-02-16T23:52:43.494+0100] {processor.py:186} INFO - Started process (PID=5795) to work on /home/mohammed/myenv/lib/python3.12/site-packages/airflow/example_dags/example_task_group_decorator.py
[2025-02-16T23:52:43.500+0100] {processor.py:914} INFO - Processing file /home/mohammed/myenv/lib/python3.12/site-packages/airflow/example_dags/example_task_group_decorator.py for tasks to queue
[2025-02-16T23:52:43.503+0100] {logging_mixin.py:190} INFO - [2025-02-16T23:52:43.503+0100] {dagbag.py:588} INFO - Filling up the DagBag from /home/mohammed/myenv/lib/python3.12/site-packages/airflow/example_dags/example_task_group_decorator.py
[2025-02-16T23:52:43.528+0100] {processor.py:925} INFO - DAG(s) 'example_task_group_decorator' retrieved from /home/mohammed/myenv/lib/python3.12/site-packages/airflow/example_dags/example_task_group_decorator.py
[2025-02-16T23:52:43.555+0100] {logging_mixin.py:190} INFO - [2025-02-16T23:52:43.555+0100] {dag.py:3239} INFO - Sync 1 DAGs
[2025-02-16T23:52:43.573+0100] {logging_mixin.py:190} INFO - [2025-02-16T23:52:43.573+0100] {dag.py:4180} INFO - Setting next_dagrun for example_task_group_decorator to None, run_after=None
[2025-02-16T23:52:43.612+0100] {processor.py:208} INFO - Processing /home/mohammed/myenv/lib/python3.12/site-packages/airflow/example_dags/example_task_group_decorator.py took 0.128 seconds
[2025-02-16T23:53:59.432+0100] {processor.py:186} INFO - Started process (PID=5861) to work on /home/mohammed/myenv/lib/python3.12/site-packages/airflow/example_dags/example_task_group_decorator.py
[2025-02-16T23:53:59.433+0100] {processor.py:914} INFO - Processing file /home/mohammed/myenv/lib/python3.12/site-packages/airflow/example_dags/example_task_group_decorator.py for tasks to queue
[2025-02-16T23:53:59.436+0100] {logging_mixin.py:190} INFO - [2025-02-16T23:53:59.436+0100] {dagbag.py:588} INFO - Filling up the DagBag from /home/mohammed/myenv/lib/python3.12/site-packages/airflow/example_dags/example_task_group_decorator.py
[2025-02-16T23:53:59.460+0100] {processor.py:925} INFO - DAG(s) 'example_task_group_decorator' retrieved from /home/mohammed/myenv/lib/python3.12/site-packages/airflow/example_dags/example_task_group_decorator.py
[2025-02-16T23:53:59.488+0100] {logging_mixin.py:190} INFO - [2025-02-16T23:53:59.488+0100] {dag.py:3239} INFO - Sync 1 DAGs
[2025-02-16T23:53:59.506+0100] {logging_mixin.py:190} INFO - [2025-02-16T23:53:59.506+0100] {dag.py:4180} INFO - Setting next_dagrun for example_task_group_decorator to None, run_after=None
[2025-02-16T23:53:59.550+0100] {processor.py:208} INFO - Processing /home/mohammed/myenv/lib/python3.12/site-packages/airflow/example_dags/example_task_group_decorator.py took 0.126 seconds
[2025-02-16T23:55:09.141+0100] {processor.py:186} INFO - Started process (PID=5924) to work on /home/mohammed/myenv/lib/python3.12/site-packages/airflow/example_dags/example_task_group_decorator.py
[2025-02-16T23:55:09.143+0100] {processor.py:914} INFO - Processing file /home/mohammed/myenv/lib/python3.12/site-packages/airflow/example_dags/example_task_group_decorator.py for tasks to queue
[2025-02-16T23:55:09.146+0100] {logging_mixin.py:190} INFO - [2025-02-16T23:55:09.146+0100] {dagbag.py:588} INFO - Filling up the DagBag from /home/mohammed/myenv/lib/python3.12/site-packages/airflow/example_dags/example_task_group_decorator.py
[2025-02-16T23:55:09.167+0100] {processor.py:925} INFO - DAG(s) 'example_task_group_decorator' retrieved from /home/mohammed/myenv/lib/python3.12/site-packages/airflow/example_dags/example_task_group_decorator.py
[2025-02-16T23:55:09.193+0100] {logging_mixin.py:190} INFO - [2025-02-16T23:55:09.193+0100] {dag.py:3239} INFO - Sync 1 DAGs
[2025-02-16T23:55:09.210+0100] {logging_mixin.py:190} INFO - [2025-02-16T23:55:09.209+0100] {dag.py:4180} INFO - Setting next_dagrun for example_task_group_decorator to None, run_after=None
[2025-02-16T23:55:09.255+0100] {processor.py:208} INFO - Processing /home/mohammed/myenv/lib/python3.12/site-packages/airflow/example_dags/example_task_group_decorator.py took 0.122 seconds
[2025-02-16T23:56:25.967+0100] {processor.py:186} INFO - Started process (PID=5992) to work on /home/mohammed/myenv/lib/python3.12/site-packages/airflow/example_dags/example_task_group_decorator.py
[2025-02-16T23:56:25.969+0100] {processor.py:914} INFO - Processing file /home/mohammed/myenv/lib/python3.12/site-packages/airflow/example_dags/example_task_group_decorator.py for tasks to queue
[2025-02-16T23:56:25.973+0100] {logging_mixin.py:190} INFO - [2025-02-16T23:56:25.972+0100] {dagbag.py:588} INFO - Filling up the DagBag from /home/mohammed/myenv/lib/python3.12/site-packages/airflow/example_dags/example_task_group_decorator.py
[2025-02-16T23:56:26.001+0100] {processor.py:925} INFO - DAG(s) 'example_task_group_decorator' retrieved from /home/mohammed/myenv/lib/python3.12/site-packages/airflow/example_dags/example_task_group_decorator.py
[2025-02-16T23:56:26.034+0100] {logging_mixin.py:190} INFO - [2025-02-16T23:56:26.033+0100] {dag.py:3239} INFO - Sync 1 DAGs
[2025-02-16T23:56:26.050+0100] {logging_mixin.py:190} INFO - [2025-02-16T23:56:26.050+0100] {dag.py:4180} INFO - Setting next_dagrun for example_task_group_decorator to None, run_after=None
[2025-02-16T23:56:26.104+0100] {processor.py:208} INFO - Processing /home/mohammed/myenv/lib/python3.12/site-packages/airflow/example_dags/example_task_group_decorator.py took 0.147 seconds
[2025-02-16T23:57:44.623+0100] {processor.py:186} INFO - Started process (PID=6061) to work on /home/mohammed/myenv/lib/python3.12/site-packages/airflow/example_dags/example_task_group_decorator.py
[2025-02-16T23:57:44.630+0100] {processor.py:914} INFO - Processing file /home/mohammed/myenv/lib/python3.12/site-packages/airflow/example_dags/example_task_group_decorator.py for tasks to queue
[2025-02-16T23:57:44.638+0100] {logging_mixin.py:190} INFO - [2025-02-16T23:57:44.637+0100] {dagbag.py:588} INFO - Filling up the DagBag from /home/mohammed/myenv/lib/python3.12/site-packages/airflow/example_dags/example_task_group_decorator.py
[2025-02-16T23:57:44.678+0100] {processor.py:925} INFO - DAG(s) 'example_task_group_decorator' retrieved from /home/mohammed/myenv/lib/python3.12/site-packages/airflow/example_dags/example_task_group_decorator.py
[2025-02-16T23:57:44.707+0100] {logging_mixin.py:190} INFO - [2025-02-16T23:57:44.706+0100] {dag.py:3239} INFO - Sync 1 DAGs
[2025-02-16T23:57:44.724+0100] {logging_mixin.py:190} INFO - [2025-02-16T23:57:44.724+0100] {dag.py:4180} INFO - Setting next_dagrun for example_task_group_decorator to None, run_after=None
[2025-02-16T23:57:44.768+0100] {processor.py:208} INFO - Processing /home/mohammed/myenv/lib/python3.12/site-packages/airflow/example_dags/example_task_group_decorator.py took 0.169 seconds
[2025-02-16T23:59:01.691+0100] {processor.py:186} INFO - Started process (PID=6129) to work on /home/mohammed/myenv/lib/python3.12/site-packages/airflow/example_dags/example_task_group_decorator.py
[2025-02-16T23:59:01.699+0100] {processor.py:914} INFO - Processing file /home/mohammed/myenv/lib/python3.12/site-packages/airflow/example_dags/example_task_group_decorator.py for tasks to queue
[2025-02-16T23:59:01.708+0100] {logging_mixin.py:190} INFO - [2025-02-16T23:59:01.707+0100] {dagbag.py:588} INFO - Filling up the DagBag from /home/mohammed/myenv/lib/python3.12/site-packages/airflow/example_dags/example_task_group_decorator.py
[2025-02-16T23:59:01.770+0100] {processor.py:925} INFO - DAG(s) 'example_task_group_decorator' retrieved from /home/mohammed/myenv/lib/python3.12/site-packages/airflow/example_dags/example_task_group_decorator.py
[2025-02-16T23:59:01.814+0100] {logging_mixin.py:190} INFO - [2025-02-16T23:59:01.813+0100] {dag.py:3239} INFO - Sync 1 DAGs
[2025-02-16T23:59:01.831+0100] {logging_mixin.py:190} INFO - [2025-02-16T23:59:01.830+0100] {dag.py:4180} INFO - Setting next_dagrun for example_task_group_decorator to None, run_after=None
[2025-02-16T23:59:01.875+0100] {processor.py:208} INFO - Processing /home/mohammed/myenv/lib/python3.12/site-packages/airflow/example_dags/example_task_group_decorator.py took 0.208 seconds
[2025-02-17T00:00:18.054+0100] {processor.py:186} INFO - Started process (PID=6196) to work on /home/mohammed/myenv/lib/python3.12/site-packages/airflow/example_dags/example_task_group_decorator.py
[2025-02-17T00:00:18.060+0100] {processor.py:914} INFO - Processing file /home/mohammed/myenv/lib/python3.12/site-packages/airflow/example_dags/example_task_group_decorator.py for tasks to queue
[2025-02-17T00:00:18.065+0100] {logging_mixin.py:190} INFO - [2025-02-17T00:00:18.064+0100] {dagbag.py:588} INFO - Filling up the DagBag from /home/mohammed/myenv/lib/python3.12/site-packages/airflow/example_dags/example_task_group_decorator.py
[2025-02-17T00:00:18.103+0100] {processor.py:925} INFO - DAG(s) 'example_task_group_decorator' retrieved from /home/mohammed/myenv/lib/python3.12/site-packages/airflow/example_dags/example_task_group_decorator.py
[2025-02-17T00:00:18.156+0100] {logging_mixin.py:190} INFO - [2025-02-17T00:00:18.155+0100] {dag.py:3239} INFO - Sync 1 DAGs
[2025-02-17T00:00:18.178+0100] {logging_mixin.py:190} INFO - [2025-02-17T00:00:18.178+0100] {dag.py:4180} INFO - Setting next_dagrun for example_task_group_decorator to None, run_after=None
[2025-02-17T00:00:18.213+0100] {processor.py:208} INFO - Processing /home/mohammed/myenv/lib/python3.12/site-packages/airflow/example_dags/example_task_group_decorator.py took 0.168 seconds
[2025-02-17T00:01:33.128+0100] {processor.py:186} INFO - Started process (PID=6319) to work on /home/mohammed/myenv/lib/python3.12/site-packages/airflow/example_dags/example_task_group_decorator.py
[2025-02-17T00:01:33.135+0100] {processor.py:914} INFO - Processing file /home/mohammed/myenv/lib/python3.12/site-packages/airflow/example_dags/example_task_group_decorator.py for tasks to queue
[2025-02-17T00:01:33.142+0100] {logging_mixin.py:190} INFO - [2025-02-17T00:01:33.140+0100] {dagbag.py:588} INFO - Filling up the DagBag from /home/mohammed/myenv/lib/python3.12/site-packages/airflow/example_dags/example_task_group_decorator.py
[2025-02-17T00:01:33.200+0100] {processor.py:925} INFO - DAG(s) 'example_task_group_decorator' retrieved from /home/mohammed/myenv/lib/python3.12/site-packages/airflow/example_dags/example_task_group_decorator.py
[2025-02-17T00:01:33.243+0100] {logging_mixin.py:190} INFO - [2025-02-17T00:01:33.243+0100] {dag.py:3239} INFO - Sync 1 DAGs
[2025-02-17T00:01:33.262+0100] {logging_mixin.py:190} INFO - [2025-02-17T00:01:33.262+0100] {dag.py:4180} INFO - Setting next_dagrun for example_task_group_decorator to None, run_after=None
[2025-02-17T00:01:33.299+0100] {processor.py:208} INFO - Processing /home/mohammed/myenv/lib/python3.12/site-packages/airflow/example_dags/example_task_group_decorator.py took 0.183 seconds
[2025-02-17T00:02:48.756+0100] {processor.py:186} INFO - Started process (PID=6384) to work on /home/mohammed/myenv/lib/python3.12/site-packages/airflow/example_dags/example_task_group_decorator.py
[2025-02-17T00:02:48.759+0100] {processor.py:914} INFO - Processing file /home/mohammed/myenv/lib/python3.12/site-packages/airflow/example_dags/example_task_group_decorator.py for tasks to queue
[2025-02-17T00:02:48.762+0100] {logging_mixin.py:190} INFO - [2025-02-17T00:02:48.761+0100] {dagbag.py:588} INFO - Filling up the DagBag from /home/mohammed/myenv/lib/python3.12/site-packages/airflow/example_dags/example_task_group_decorator.py
[2025-02-17T00:02:48.788+0100] {processor.py:925} INFO - DAG(s) 'example_task_group_decorator' retrieved from /home/mohammed/myenv/lib/python3.12/site-packages/airflow/example_dags/example_task_group_decorator.py
[2025-02-17T00:02:48.822+0100] {logging_mixin.py:190} INFO - [2025-02-17T00:02:48.822+0100] {dag.py:3239} INFO - Sync 1 DAGs
[2025-02-17T00:02:48.842+0100] {logging_mixin.py:190} INFO - [2025-02-17T00:02:48.842+0100] {dag.py:4180} INFO - Setting next_dagrun for example_task_group_decorator to None, run_after=None
[2025-02-17T00:02:48.885+0100] {processor.py:208} INFO - Processing /home/mohammed/myenv/lib/python3.12/site-packages/airflow/example_dags/example_task_group_decorator.py took 0.140 seconds
[2025-02-17T00:04:08.068+0100] {processor.py:186} INFO - Started process (PID=6453) to work on /home/mohammed/myenv/lib/python3.12/site-packages/airflow/example_dags/example_task_group_decorator.py
[2025-02-17T00:04:08.076+0100] {processor.py:914} INFO - Processing file /home/mohammed/myenv/lib/python3.12/site-packages/airflow/example_dags/example_task_group_decorator.py for tasks to queue
[2025-02-17T00:04:08.083+0100] {logging_mixin.py:190} INFO - [2025-02-17T00:04:08.081+0100] {dagbag.py:588} INFO - Filling up the DagBag from /home/mohammed/myenv/lib/python3.12/site-packages/airflow/example_dags/example_task_group_decorator.py
[2025-02-17T00:04:08.138+0100] {processor.py:925} INFO - DAG(s) 'example_task_group_decorator' retrieved from /home/mohammed/myenv/lib/python3.12/site-packages/airflow/example_dags/example_task_group_decorator.py
[2025-02-17T00:04:08.170+0100] {logging_mixin.py:190} INFO - [2025-02-17T00:04:08.170+0100] {dag.py:3239} INFO - Sync 1 DAGs
[2025-02-17T00:04:08.186+0100] {logging_mixin.py:190} INFO - [2025-02-17T00:04:08.186+0100] {dag.py:4180} INFO - Setting next_dagrun for example_task_group_decorator to None, run_after=None
[2025-02-17T00:04:08.224+0100] {processor.py:208} INFO - Processing /home/mohammed/myenv/lib/python3.12/site-packages/airflow/example_dags/example_task_group_decorator.py took 0.176 seconds
[2025-02-17T00:05:22.217+0100] {processor.py:186} INFO - Started process (PID=6524) to work on /home/mohammed/myenv/lib/python3.12/site-packages/airflow/example_dags/example_task_group_decorator.py
[2025-02-17T00:05:22.225+0100] {processor.py:914} INFO - Processing file /home/mohammed/myenv/lib/python3.12/site-packages/airflow/example_dags/example_task_group_decorator.py for tasks to queue
[2025-02-17T00:05:22.231+0100] {logging_mixin.py:190} INFO - [2025-02-17T00:05:22.230+0100] {dagbag.py:588} INFO - Filling up the DagBag from /home/mohammed/myenv/lib/python3.12/site-packages/airflow/example_dags/example_task_group_decorator.py
[2025-02-17T00:05:22.267+0100] {processor.py:925} INFO - DAG(s) 'example_task_group_decorator' retrieved from /home/mohammed/myenv/lib/python3.12/site-packages/airflow/example_dags/example_task_group_decorator.py
[2025-02-17T00:05:22.310+0100] {logging_mixin.py:190} INFO - [2025-02-17T00:05:22.309+0100] {dag.py:3239} INFO - Sync 1 DAGs
[2025-02-17T00:05:22.335+0100] {logging_mixin.py:190} INFO - [2025-02-17T00:05:22.335+0100] {dag.py:4180} INFO - Setting next_dagrun for example_task_group_decorator to None, run_after=None
[2025-02-17T00:05:22.385+0100] {processor.py:208} INFO - Processing /home/mohammed/myenv/lib/python3.12/site-packages/airflow/example_dags/example_task_group_decorator.py took 0.189 seconds
[2025-02-17T00:06:35.417+0100] {processor.py:186} INFO - Started process (PID=6587) to work on /home/mohammed/myenv/lib/python3.12/site-packages/airflow/example_dags/example_task_group_decorator.py
[2025-02-17T00:06:35.422+0100] {processor.py:914} INFO - Processing file /home/mohammed/myenv/lib/python3.12/site-packages/airflow/example_dags/example_task_group_decorator.py for tasks to queue
[2025-02-17T00:06:35.425+0100] {logging_mixin.py:190} INFO - [2025-02-17T00:06:35.424+0100] {dagbag.py:588} INFO - Filling up the DagBag from /home/mohammed/myenv/lib/python3.12/site-packages/airflow/example_dags/example_task_group_decorator.py
[2025-02-17T00:06:35.444+0100] {processor.py:925} INFO - DAG(s) 'example_task_group_decorator' retrieved from /home/mohammed/myenv/lib/python3.12/site-packages/airflow/example_dags/example_task_group_decorator.py
[2025-02-17T00:06:35.469+0100] {logging_mixin.py:190} INFO - [2025-02-17T00:06:35.468+0100] {dag.py:3239} INFO - Sync 1 DAGs
[2025-02-17T00:06:35.484+0100] {logging_mixin.py:190} INFO - [2025-02-17T00:06:35.484+0100] {dag.py:4180} INFO - Setting next_dagrun for example_task_group_decorator to None, run_after=None
[2025-02-17T00:06:35.515+0100] {processor.py:208} INFO - Processing /home/mohammed/myenv/lib/python3.12/site-packages/airflow/example_dags/example_task_group_decorator.py took 0.104 seconds
[2025-02-17T00:07:51.673+0100] {processor.py:186} INFO - Started process (PID=6651) to work on /home/mohammed/myenv/lib/python3.12/site-packages/airflow/example_dags/example_task_group_decorator.py
[2025-02-17T00:07:51.680+0100] {processor.py:914} INFO - Processing file /home/mohammed/myenv/lib/python3.12/site-packages/airflow/example_dags/example_task_group_decorator.py for tasks to queue
[2025-02-17T00:07:51.684+0100] {logging_mixin.py:190} INFO - [2025-02-17T00:07:51.683+0100] {dagbag.py:588} INFO - Filling up the DagBag from /home/mohammed/myenv/lib/python3.12/site-packages/airflow/example_dags/example_task_group_decorator.py
[2025-02-17T00:07:51.717+0100] {processor.py:925} INFO - DAG(s) 'example_task_group_decorator' retrieved from /home/mohammed/myenv/lib/python3.12/site-packages/airflow/example_dags/example_task_group_decorator.py
[2025-02-17T00:07:51.759+0100] {logging_mixin.py:190} INFO - [2025-02-17T00:07:51.759+0100] {dag.py:3239} INFO - Sync 1 DAGs
[2025-02-17T00:07:51.782+0100] {logging_mixin.py:190} INFO - [2025-02-17T00:07:51.782+0100] {dag.py:4180} INFO - Setting next_dagrun for example_task_group_decorator to None, run_after=None
[2025-02-17T00:07:51.828+0100] {processor.py:208} INFO - Processing /home/mohammed/myenv/lib/python3.12/site-packages/airflow/example_dags/example_task_group_decorator.py took 0.172 seconds
[2025-02-17T00:09:05.203+0100] {processor.py:186} INFO - Started process (PID=6747) to work on /home/mohammed/myenv/lib/python3.12/site-packages/airflow/example_dags/example_task_group_decorator.py
[2025-02-17T00:09:05.210+0100] {processor.py:914} INFO - Processing file /home/mohammed/myenv/lib/python3.12/site-packages/airflow/example_dags/example_task_group_decorator.py for tasks to queue
[2025-02-17T00:09:05.218+0100] {logging_mixin.py:190} INFO - [2025-02-17T00:09:05.216+0100] {dagbag.py:588} INFO - Filling up the DagBag from /home/mohammed/myenv/lib/python3.12/site-packages/airflow/example_dags/example_task_group_decorator.py
[2025-02-17T00:09:05.276+0100] {processor.py:925} INFO - DAG(s) 'example_task_group_decorator' retrieved from /home/mohammed/myenv/lib/python3.12/site-packages/airflow/example_dags/example_task_group_decorator.py
[2025-02-17T00:09:05.315+0100] {logging_mixin.py:190} INFO - [2025-02-17T00:09:05.314+0100] {dag.py:3239} INFO - Sync 1 DAGs
[2025-02-17T00:09:05.332+0100] {logging_mixin.py:190} INFO - [2025-02-17T00:09:05.331+0100] {dag.py:4180} INFO - Setting next_dagrun for example_task_group_decorator to None, run_after=None
[2025-02-17T00:09:05.369+0100] {processor.py:208} INFO - Processing /home/mohammed/myenv/lib/python3.12/site-packages/airflow/example_dags/example_task_group_decorator.py took 0.183 seconds
[2025-02-17T00:10:20.030+0100] {processor.py:186} INFO - Started process (PID=6810) to work on /home/mohammed/myenv/lib/python3.12/site-packages/airflow/example_dags/example_task_group_decorator.py
[2025-02-17T00:10:20.036+0100] {processor.py:914} INFO - Processing file /home/mohammed/myenv/lib/python3.12/site-packages/airflow/example_dags/example_task_group_decorator.py for tasks to queue
[2025-02-17T00:10:20.042+0100] {logging_mixin.py:190} INFO - [2025-02-17T00:10:20.041+0100] {dagbag.py:588} INFO - Filling up the DagBag from /home/mohammed/myenv/lib/python3.12/site-packages/airflow/example_dags/example_task_group_decorator.py
[2025-02-17T00:10:20.096+0100] {processor.py:925} INFO - DAG(s) 'example_task_group_decorator' retrieved from /home/mohammed/myenv/lib/python3.12/site-packages/airflow/example_dags/example_task_group_decorator.py
[2025-02-17T00:10:20.140+0100] {logging_mixin.py:190} INFO - [2025-02-17T00:10:20.140+0100] {dag.py:3239} INFO - Sync 1 DAGs
[2025-02-17T00:10:20.158+0100] {logging_mixin.py:190} INFO - [2025-02-17T00:10:20.157+0100] {dag.py:4180} INFO - Setting next_dagrun for example_task_group_decorator to None, run_after=None
[2025-02-17T00:10:20.195+0100] {processor.py:208} INFO - Processing /home/mohammed/myenv/lib/python3.12/site-packages/airflow/example_dags/example_task_group_decorator.py took 0.176 seconds
[2025-02-17T00:11:39.313+0100] {processor.py:186} INFO - Started process (PID=6887) to work on /home/mohammed/myenv/lib/python3.12/site-packages/airflow/example_dags/example_task_group_decorator.py
[2025-02-17T00:11:39.319+0100] {processor.py:914} INFO - Processing file /home/mohammed/myenv/lib/python3.12/site-packages/airflow/example_dags/example_task_group_decorator.py for tasks to queue
[2025-02-17T00:11:39.323+0100] {logging_mixin.py:190} INFO - [2025-02-17T00:11:39.322+0100] {dagbag.py:588} INFO - Filling up the DagBag from /home/mohammed/myenv/lib/python3.12/site-packages/airflow/example_dags/example_task_group_decorator.py
[2025-02-17T00:11:39.347+0100] {processor.py:925} INFO - DAG(s) 'example_task_group_decorator' retrieved from /home/mohammed/myenv/lib/python3.12/site-packages/airflow/example_dags/example_task_group_decorator.py
[2025-02-17T00:11:39.376+0100] {logging_mixin.py:190} INFO - [2025-02-17T00:11:39.376+0100] {dag.py:3239} INFO - Sync 1 DAGs
[2025-02-17T00:11:39.394+0100] {logging_mixin.py:190} INFO - [2025-02-17T00:11:39.394+0100] {dag.py:4180} INFO - Setting next_dagrun for example_task_group_decorator to None, run_after=None
[2025-02-17T00:11:39.438+0100] {processor.py:208} INFO - Processing /home/mohammed/myenv/lib/python3.12/site-packages/airflow/example_dags/example_task_group_decorator.py took 0.141 seconds
[2025-02-17T00:12:58.020+0100] {processor.py:186} INFO - Started process (PID=6952) to work on /home/mohammed/myenv/lib/python3.12/site-packages/airflow/example_dags/example_task_group_decorator.py
[2025-02-17T00:12:58.030+0100] {processor.py:914} INFO - Processing file /home/mohammed/myenv/lib/python3.12/site-packages/airflow/example_dags/example_task_group_decorator.py for tasks to queue
[2025-02-17T00:12:58.045+0100] {logging_mixin.py:190} INFO - [2025-02-17T00:12:58.042+0100] {dagbag.py:588} INFO - Filling up the DagBag from /home/mohammed/myenv/lib/python3.12/site-packages/airflow/example_dags/example_task_group_decorator.py
[2025-02-17T00:12:58.139+0100] {processor.py:925} INFO - DAG(s) 'example_task_group_decorator' retrieved from /home/mohammed/myenv/lib/python3.12/site-packages/airflow/example_dags/example_task_group_decorator.py
[2025-02-17T00:12:58.233+0100] {logging_mixin.py:190} INFO - [2025-02-17T00:12:58.232+0100] {dag.py:3239} INFO - Sync 1 DAGs
[2025-02-17T00:12:58.271+0100] {logging_mixin.py:190} INFO - [2025-02-17T00:12:58.270+0100] {dag.py:4180} INFO - Setting next_dagrun for example_task_group_decorator to None, run_after=None
[2025-02-17T00:12:58.321+0100] {processor.py:208} INFO - Processing /home/mohammed/myenv/lib/python3.12/site-packages/airflow/example_dags/example_task_group_decorator.py took 0.335 seconds
