[2025-03-17T00:24:27.968+0000] {local_task_job_runner.py:123} INFO - ::group::Pre task execution logs
[2025-03-17T00:24:28.076+0000] {taskinstance.py:2614} INFO - Dependencies all met for dep_context=non-requeueable deps ti=<TaskInstance: load_reviews_pipeline.dbt_run scheduled__2024-04-24T00:00:00+00:00 [queued]>
[2025-03-17T00:24:28.104+0000] {taskinstance.py:2614} INFO - Dependencies all met for dep_context=requeueable deps ti=<TaskInstance: load_reviews_pipeline.dbt_run scheduled__2024-04-24T00:00:00+00:00 [queued]>
[2025-03-17T00:24:28.105+0000] {taskinstance.py:2867} INFO - Starting attempt 2 of 2
[2025-03-17T00:24:28.169+0000] {taskinstance.py:2890} INFO - Executing <Task(BashOperator): dbt_run> on 2024-04-24 00:00:00+00:00
[2025-03-17T00:24:28.188+0000] {standard_task_runner.py:72} INFO - Started process 258254 to run task
[2025-03-17T00:24:28.206+0000] {standard_task_runner.py:104} INFO - Running: ['airflow', 'tasks', 'run', 'load_reviews_pipeline', 'dbt_run', 'scheduled__2024-04-24T00:00:00+00:00', '--job-id', '208', '--raw', '--subdir', 'DAGS_FOLDER/dag_load_reviews.py', '--cfg-path', '/tmp/tmp18wuwmyv']
[2025-03-17T00:24:28.208+0000] {standard_task_runner.py:105} INFO - Job 208: Subtask dbt_run
[2025-03-17T00:24:28.712+0000] {task_command.py:467} INFO - Running <TaskInstance: load_reviews_pipeline.dbt_run scheduled__2024-04-24T00:00:00+00:00 [running]> on host DESKTOP-IM7V4RI.
[2025-03-17T00:24:29.474+0000] {taskinstance.py:3134} INFO - Exporting env vars: AIRFLOW_CTX_DAG_OWNER='mohammed' AIRFLOW_CTX_DAG_ID='load_reviews_pipeline' AIRFLOW_CTX_TASK_ID='dbt_run' AIRFLOW_CTX_EXECUTION_DATE='2024-04-24T00:00:00+00:00' AIRFLOW_CTX_TRY_NUMBER='2' AIRFLOW_CTX_DAG_RUN_ID='scheduled__2024-04-24T00:00:00+00:00'
[2025-03-17T00:24:29.494+0000] {logging_mixin.py:190} INFO - Task instance is in running state
[2025-03-17T00:24:29.496+0000] {logging_mixin.py:190} INFO -  Previous state of the Task instance: queued
[2025-03-17T00:24:29.499+0000] {logging_mixin.py:190} INFO - Current task name:dbt_run state:running start_date:2025-03-17 00:24:28.077352+00:00
[2025-03-17T00:24:29.500+0000] {logging_mixin.py:190} INFO - Dag name:load_reviews_pipeline and current dag run status:running
[2025-03-17T00:24:29.501+0000] {taskinstance.py:732} INFO - ::endgroup::
[2025-03-17T00:24:29.503+0000] {subprocess.py:78} INFO - Tmp dir root location: /tmp
[2025-03-17T00:24:29.506+0000] {subprocess.py:88} INFO - Running command: ['/usr/bin/bash', '-c', 'cd /home/mohammed/.dbt/bank_reviews_project && dbt run']
[2025-03-17T00:24:29.715+0000] {subprocess.py:99} INFO - Output:
[2025-03-17T00:24:45.983+0000] {subprocess.py:106} INFO - [0m00:24:45  Running with dbt=1.9.3
[2025-03-17T00:24:49.279+0000] {subprocess.py:106} INFO - [0m00:24:49  Registered adapter: postgres=1.9.0
[2025-03-17T00:24:58.923+0000] {subprocess.py:106} INFO - [0m00:24:58  Found 6 models, 4 data tests, 2 sources, 433 macros
[2025-03-17T00:24:58.970+0000] {subprocess.py:106} INFO - [0m00:24:58
[2025-03-17T00:24:58.976+0000] {subprocess.py:106} INFO - [0m00:24:58  Concurrency: 4 threads (target='dev')
[2025-03-17T00:24:58.978+0000] {subprocess.py:106} INFO - [0m00:24:58
[2025-03-17T00:25:01.650+0000] {subprocess.py:106} INFO - [0m00:25:01  4 of 6 START sql view model public.stg_clean_reviews ........................... [RUN]
[2025-03-17T00:25:01.669+0000] {subprocess.py:106} INFO - [0m00:25:01  3 of 6 START sql view model public.remove_duplicates ........................... [RUN]
[2025-03-17T00:25:01.710+0000] {subprocess.py:106} INFO - [0m00:25:01  1 of 6 START sql view model public.clean_reviews ............................... [RUN]
[2025-03-17T00:25:01.741+0000] {subprocess.py:106} INFO - [0m00:25:01  2 of 6 START sql table model public.my_first_dbt_model ......................... [RUN]
[2025-03-17T00:25:07.142+0000] {subprocess.py:106} INFO - [0m00:25:07  3 of 6 OK created sql view model public.remove_duplicates ...................... [[32mCREATE VIEW[0m in 5.44s]
[2025-03-17T00:25:07.211+0000] {subprocess.py:106} INFO - [0m00:25:07  1 of 6 ERROR creating sql view model public.clean_reviews ...................... [[31mERROR[0m in 5.46s]
[2025-03-17T00:25:07.555+0000] {subprocess.py:106} INFO - [0m00:25:07  2 of 6 ERROR creating sql table model public.my_first_dbt_model ................ [[31mERROR[0m in 5.74s]
[2025-03-17T00:25:07.604+0000] {subprocess.py:106} INFO - [0m00:25:07  5 of 6 SKIP relation public.my_second_dbt_model ................................ [[33mSKIP[0m]
[2025-03-17T00:25:08.097+0000] {subprocess.py:106} INFO - [0m00:25:08  4 of 6 ERROR creating sql view model public.stg_clean_reviews .................. [[31mERROR[0m in 6.41s]
[2025-03-17T00:25:08.165+0000] {subprocess.py:106} INFO - [0m00:25:08  6 of 6 SKIP relation public.dwh_model .......................................... [[33mSKIP[0m]
[2025-03-17T00:25:08.640+0000] {subprocess.py:106} INFO - [0m00:25:08
[2025-03-17T00:25:08.662+0000] {subprocess.py:106} INFO - [0m00:25:08  Finished running 1 table model, 5 view models in 0 hours 0 minutes and 9.66 seconds (9.66s).
[2025-03-17T00:25:11.532+0000] {subprocess.py:106} INFO - [0m00:25:11
[2025-03-17T00:25:11.541+0000] {subprocess.py:106} INFO - [0m00:25:11  [31mCompleted with 3 errors, 0 partial successes, and 0 warnings:[0m
[2025-03-17T00:25:11.545+0000] {subprocess.py:106} INFO - [0m00:25:11
[2025-03-17T00:25:11.548+0000] {subprocess.py:106} INFO - [0m00:25:11    Database Error in model clean_reviews (models/clean_reviews.sql)
[2025-03-17T00:25:11.549+0000] {subprocess.py:106} INFO -   relation "clean_reviews__dbt_backup" already exists
[2025-03-17T00:25:11.554+0000] {subprocess.py:106} INFO -   compiled code at target/run/bank_reviews_project/models/clean_reviews.sql
[2025-03-17T00:25:11.569+0000] {subprocess.py:106} INFO - [0m00:25:11
[2025-03-17T00:25:11.570+0000] {subprocess.py:106} INFO - [0m00:25:11    Database Error in model my_first_dbt_model (models/example/my_first_dbt_model.sql)
[2025-03-17T00:25:11.572+0000] {subprocess.py:106} INFO -   relation "my_first_dbt_model__dbt_backup" already exists
[2025-03-17T00:25:11.572+0000] {subprocess.py:106} INFO -   compiled code at target/run/bank_reviews_project/models/example/my_first_dbt_model.sql
[2025-03-17T00:25:11.573+0000] {subprocess.py:106} INFO - [0m00:25:11
[2025-03-17T00:25:11.574+0000] {subprocess.py:106} INFO - [0m00:25:11    Database Error in model stg_clean_reviews (models/stg_clean_reviews.sql)
[2025-03-17T00:25:11.575+0000] {subprocess.py:106} INFO -   relation "stg_clean_reviews__dbt_backup" already exists
[2025-03-17T00:25:11.576+0000] {subprocess.py:106} INFO -   compiled code at target/run/bank_reviews_project/models/stg_clean_reviews.sql
[2025-03-17T00:25:11.578+0000] {subprocess.py:106} INFO - [0m00:25:11
[2025-03-17T00:25:11.582+0000] {subprocess.py:106} INFO - [0m00:25:11  Done. PASS=1 WARN=0 ERROR=3 SKIP=2 TOTAL=6
[2025-03-17T00:25:22.916+0000] {subprocess.py:110} INFO - Command exited with return code 1
[2025-03-17T00:25:25.278+0000] {taskinstance.py:3313} ERROR - Task failed with exception
Traceback (most recent call last):
  File "/home/mohammed/venv/lib/python3.11/site-packages/airflow/models/taskinstance.py", line 768, in _execute_task
    result = _execute_callable(context=context, **execute_callable_kwargs)
             ^^^^^^^^^^^^^^^^^^^^^^^^^^^^^^^^^^^^^^^^^^^^^^^^^^^^^^^^^^^^^
  File "/home/mohammed/venv/lib/python3.11/site-packages/airflow/models/taskinstance.py", line 734, in _execute_callable
    return ExecutionCallableRunner(
           ^^^^^^^^^^^^^^^^^^^^^^^^
  File "/home/mohammed/venv/lib/python3.11/site-packages/airflow/utils/operator_helpers.py", line 252, in run
    return self.func(*args, **kwargs)
           ^^^^^^^^^^^^^^^^^^^^^^^^^^
  File "/home/mohammed/venv/lib/python3.11/site-packages/airflow/models/baseoperator.py", line 424, in wrapper
    return func(self, *args, **kwargs)
           ^^^^^^^^^^^^^^^^^^^^^^^^^^^
  File "/home/mohammed/venv/lib/python3.11/site-packages/airflow/operators/bash.py", line 276, in execute
    raise AirflowException(
airflow.exceptions.AirflowException: Bash command failed. The command returned a non-zero exit code 1.
[2025-03-17T00:25:25.544+0000] {logging_mixin.py:190} INFO - Task instance in failure state
[2025-03-17T00:25:25.545+0000] {logging_mixin.py:190} INFO - Task start:2025-03-17 00:24:28.077352+00:00 end:2025-03-17 00:25:25.417496+00:00 duration:57.340144
[2025-03-17T00:25:25.593+0000] {logging_mixin.py:190} INFO - Task:<Task(BashOperator): dbt_run> dag:<DAG: load_reviews_pipeline> dagrun:<DagRun load_reviews_pipeline @ 2024-04-24 00:00:00+00:00: scheduled__2024-04-24T00:00:00+00:00, state:running, queued_at: 2025-03-17 00:18:42.652946+00:00. externally triggered: False>
[2025-03-17T00:25:25.597+0000] {logging_mixin.py:190} INFO - Failure caused by Bash command failed. The command returned a non-zero exit code 1.
[2025-03-17T00:25:25.600+0000] {taskinstance.py:1226} INFO - Marking task as FAILED. dag_id=load_reviews_pipeline, task_id=dbt_run, run_id=scheduled__2024-04-24T00:00:00+00:00, execution_date=20240424T000000, start_date=20250317T002428, end_date=20250317T002525
[2025-03-17T00:25:27.812+0000] {taskinstance.py:341} INFO - ::group::Post task execution logs
[2025-03-17T00:25:27.865+0000] {standard_task_runner.py:124} ERROR - Failed to execute job 208 for task dbt_run (Bash command failed. The command returned a non-zero exit code 1.; 258254)
Traceback (most recent call last):
  File "/home/mohammed/venv/lib/python3.11/site-packages/airflow/task/task_runner/standard_task_runner.py", line 117, in _start_by_fork
    ret = args.func(args, dag=self.dag)
          ^^^^^^^^^^^^^^^^^^^^^^^^^^^^^
  File "/home/mohammed/venv/lib/python3.11/site-packages/airflow/cli/cli_config.py", line 49, in command
    return func(*args, **kwargs)
           ^^^^^^^^^^^^^^^^^^^^^
  File "/home/mohammed/venv/lib/python3.11/site-packages/airflow/utils/cli.py", line 116, in wrapper
    return f(*args, **kwargs)
           ^^^^^^^^^^^^^^^^^^
  File "/home/mohammed/venv/lib/python3.11/site-packages/airflow/cli/commands/task_command.py", line 483, in task_run
    task_return_code = _run_task_by_selected_method(args, _dag, ti)
                       ^^^^^^^^^^^^^^^^^^^^^^^^^^^^^^^^^^^^^^^^^^^^
  File "/home/mohammed/venv/lib/python3.11/site-packages/airflow/cli/commands/task_command.py", line 256, in _run_task_by_selected_method
    return _run_raw_task(args, ti)
           ^^^^^^^^^^^^^^^^^^^^^^^
  File "/home/mohammed/venv/lib/python3.11/site-packages/airflow/cli/commands/task_command.py", line 341, in _run_raw_task
    return ti._run_raw_task(
           ^^^^^^^^^^^^^^^^^
  File "/home/mohammed/venv/lib/python3.11/site-packages/airflow/utils/session.py", line 97, in wrapper
    return func(*args, session=session, **kwargs)
           ^^^^^^^^^^^^^^^^^^^^^^^^^^^^^^^^^^^^^^
  File "/home/mohammed/venv/lib/python3.11/site-packages/airflow/models/taskinstance.py", line 3006, in _run_raw_task
    return _run_raw_task(
           ^^^^^^^^^^^^^^
  File "/home/mohammed/venv/lib/python3.11/site-packages/airflow/models/taskinstance.py", line 274, in _run_raw_task
    TaskInstance._execute_task_with_callbacks(
  File "/home/mohammed/venv/lib/python3.11/site-packages/airflow/models/taskinstance.py", line 3161, in _execute_task_with_callbacks
    result = self._execute_task(context, task_orig)
             ^^^^^^^^^^^^^^^^^^^^^^^^^^^^^^^^^^^^^^
  File "/home/mohammed/venv/lib/python3.11/site-packages/airflow/models/taskinstance.py", line 3185, in _execute_task
    return _execute_task(self, context, task_orig)
           ^^^^^^^^^^^^^^^^^^^^^^^^^^^^^^^^^^^^^^^
  File "/home/mohammed/venv/lib/python3.11/site-packages/airflow/models/taskinstance.py", line 768, in _execute_task
    result = _execute_callable(context=context, **execute_callable_kwargs)
             ^^^^^^^^^^^^^^^^^^^^^^^^^^^^^^^^^^^^^^^^^^^^^^^^^^^^^^^^^^^^^
  File "/home/mohammed/venv/lib/python3.11/site-packages/airflow/models/taskinstance.py", line 734, in _execute_callable
    return ExecutionCallableRunner(
           ^^^^^^^^^^^^^^^^^^^^^^^^
  File "/home/mohammed/venv/lib/python3.11/site-packages/airflow/utils/operator_helpers.py", line 252, in run
    return self.func(*args, **kwargs)
           ^^^^^^^^^^^^^^^^^^^^^^^^^^
  File "/home/mohammed/venv/lib/python3.11/site-packages/airflow/models/baseoperator.py", line 424, in wrapper
    return func(self, *args, **kwargs)
           ^^^^^^^^^^^^^^^^^^^^^^^^^^^
  File "/home/mohammed/venv/lib/python3.11/site-packages/airflow/operators/bash.py", line 276, in execute
    raise AirflowException(
airflow.exceptions.AirflowException: Bash command failed. The command returned a non-zero exit code 1.
[2025-03-17T00:25:28.100+0000] {local_task_job_runner.py:266} INFO - Task exited with return code 1
[2025-03-17T00:25:28.788+0000] {taskinstance.py:3901} INFO - 0 downstream tasks scheduled from follow-on schedule check
[2025-03-17T00:25:28.799+0000] {local_task_job_runner.py:245} INFO - ::endgroup::
