[2025-03-15T21:35:19.238+0000] {local_task_job_runner.py:123} INFO - ::group::Pre task execution logs
[2025-03-15T21:35:19.268+0000] {taskinstance.py:2614} INFO - Dependencies all met for dep_context=non-requeueable deps ti=<TaskInstance: dbt_clean_reviews.run_dbt_clean manual__2025-03-15T21:30:16.748993+00:00 [queued]>
[2025-03-15T21:35:19.278+0000] {taskinstance.py:2614} INFO - Dependencies all met for dep_context=requeueable deps ti=<TaskInstance: dbt_clean_reviews.run_dbt_clean manual__2025-03-15T21:30:16.748993+00:00 [queued]>
[2025-03-15T21:35:19.278+0000] {taskinstance.py:2867} INFO - Starting attempt 2 of 2
[2025-03-15T21:35:19.299+0000] {taskinstance.py:2890} INFO - Executing <Task(BashOperator): run_dbt_clean> on 2025-03-15 21:30:16.748993+00:00
[2025-03-15T21:35:19.306+0000] {standard_task_runner.py:72} INFO - Started process 51630 to run task
[2025-03-15T21:35:19.313+0000] {standard_task_runner.py:104} INFO - Running: ['airflow', 'tasks', 'run', 'dbt_clean_reviews', 'run_dbt_clean', 'manual__2025-03-15T21:30:16.748993+00:00', '--job-id', '234', '--raw', '--subdir', 'DAGS_FOLDER/dag_clean_reviews.py', '--cfg-path', '/tmp/tmp_syoiyh6']
[2025-03-15T21:35:19.314+0000] {standard_task_runner.py:105} INFO - Job 234: Subtask run_dbt_clean
[2025-03-15T21:35:19.410+0000] {task_command.py:467} INFO - Running <TaskInstance: dbt_clean_reviews.run_dbt_clean manual__2025-03-15T21:30:16.748993+00:00 [running]> on host DESKTOP-IM7V4RI.
[2025-03-15T21:35:19.544+0000] {taskinstance.py:3134} INFO - Exporting env vars: AIRFLOW_CTX_DAG_OWNER='airflow' AIRFLOW_CTX_DAG_ID='dbt_clean_reviews' AIRFLOW_CTX_TASK_ID='run_dbt_clean' AIRFLOW_CTX_EXECUTION_DATE='2025-03-15T21:30:16.748993+00:00' AIRFLOW_CTX_TRY_NUMBER='2' AIRFLOW_CTX_DAG_RUN_ID='manual__2025-03-15T21:30:16.748993+00:00'
[2025-03-15T21:35:19.546+0000] {logging_mixin.py:190} INFO - Task instance is in running state
[2025-03-15T21:35:19.546+0000] {logging_mixin.py:190} INFO -  Previous state of the Task instance: queued
[2025-03-15T21:35:19.546+0000] {logging_mixin.py:190} INFO - Current task name:run_dbt_clean state:running start_date:2025-03-15 21:35:19.269108+00:00
[2025-03-15T21:35:19.546+0000] {logging_mixin.py:190} INFO - Dag name:dbt_clean_reviews and current dag run status:running
[2025-03-15T21:35:19.547+0000] {taskinstance.py:732} INFO - ::endgroup::
[2025-03-15T21:35:19.547+0000] {subprocess.py:78} INFO - Tmp dir root location: /tmp
[2025-03-15T21:35:19.548+0000] {subprocess.py:88} INFO - Running command: ['/usr/bin/bash', '-c', 'cd /path/to/bank_reviews_project && dbt run --select clean_reviews']
[2025-03-15T21:35:19.561+0000] {subprocess.py:99} INFO - Output:
[2025-03-15T21:35:19.562+0000] {subprocess.py:106} INFO - /usr/bin/bash: line 1: cd: /path/to/bank_reviews_project: No such file or directory
[2025-03-15T21:35:19.563+0000] {subprocess.py:110} INFO - Command exited with return code 1
[2025-03-15T21:35:19.581+0000] {taskinstance.py:3313} ERROR - Task failed with exception
Traceback (most recent call last):
  File "/home/mohammed/venv/lib/python3.11/site-packages/airflow/models/taskinstance.py", line 768, in _execute_task
    result = _execute_callable(context=context, **execute_callable_kwargs)
             ^^^^^^^^^^^^^^^^^^^^^^^^^^^^^^^^^^^^^^^^^^^^^^^^^^^^^^^^^^^^^
  File "/home/mohammed/venv/lib/python3.11/site-packages/airflow/models/taskinstance.py", line 734, in _execute_callable
    return ExecutionCallableRunner(
           ^^^^^^^^^^^^^^^^^^^^^^^^
  File "/home/mohammed/venv/lib/python3.11/site-packages/airflow/utils/operator_helpers.py", line 252, in run
    return self.func(*args, **kwargs)
           ^^^^^^^^^^^^^^^^^^^^^^^^^^
  File "/home/mohammed/venv/lib/python3.11/site-packages/airflow/models/baseoperator.py", line 424, in wrapper
    return func(self, *args, **kwargs)
           ^^^^^^^^^^^^^^^^^^^^^^^^^^^
  File "/home/mohammed/venv/lib/python3.11/site-packages/airflow/operators/bash.py", line 276, in execute
    raise AirflowException(
airflow.exceptions.AirflowException: Bash command failed. The command returned a non-zero exit code 1.
[2025-03-15T21:35:19.585+0000] {logging_mixin.py:190} INFO - Task instance in failure state
[2025-03-15T21:35:19.585+0000] {logging_mixin.py:190} INFO - Task start:2025-03-15 21:35:19.269108+00:00 end:2025-03-15 21:35:19.584850+00:00 duration:0.315742
[2025-03-15T21:35:19.586+0000] {logging_mixin.py:190} INFO - Task:<Task(BashOperator): run_dbt_clean> dag:<DAG: dbt_clean_reviews> dagrun:<DagRun dbt_clean_reviews @ 2025-03-15 21:30:16.748993+00:00: manual__2025-03-15T21:30:16.748993+00:00, state:running, queued_at: 2025-03-15 21:30:16.870532+00:00. externally triggered: True>
[2025-03-15T21:35:19.586+0000] {logging_mixin.py:190} INFO - Failure caused by Bash command failed. The command returned a non-zero exit code 1.
[2025-03-15T21:35:19.586+0000] {taskinstance.py:1226} INFO - Marking task as FAILED. dag_id=dbt_clean_reviews, task_id=run_dbt_clean, run_id=manual__2025-03-15T21:30:16.748993+00:00, execution_date=20250315T213016, start_date=20250315T213519, end_date=20250315T213519
[2025-03-15T21:35:19.630+0000] {taskinstance.py:341} INFO - ::group::Post task execution logs
[2025-03-15T21:35:19.630+0000] {standard_task_runner.py:124} ERROR - Failed to execute job 234 for task run_dbt_clean (Bash command failed. The command returned a non-zero exit code 1.; 51630)
Traceback (most recent call last):
  File "/home/mohammed/venv/lib/python3.11/site-packages/airflow/task/task_runner/standard_task_runner.py", line 117, in _start_by_fork
    ret = args.func(args, dag=self.dag)
          ^^^^^^^^^^^^^^^^^^^^^^^^^^^^^
  File "/home/mohammed/venv/lib/python3.11/site-packages/airflow/cli/cli_config.py", line 49, in command
    return func(*args, **kwargs)
           ^^^^^^^^^^^^^^^^^^^^^
  File "/home/mohammed/venv/lib/python3.11/site-packages/airflow/utils/cli.py", line 116, in wrapper
    return f(*args, **kwargs)
           ^^^^^^^^^^^^^^^^^^
  File "/home/mohammed/venv/lib/python3.11/site-packages/airflow/cli/commands/task_command.py", line 483, in task_run
    task_return_code = _run_task_by_selected_method(args, _dag, ti)
                       ^^^^^^^^^^^^^^^^^^^^^^^^^^^^^^^^^^^^^^^^^^^^
  File "/home/mohammed/venv/lib/python3.11/site-packages/airflow/cli/commands/task_command.py", line 256, in _run_task_by_selected_method
    return _run_raw_task(args, ti)
           ^^^^^^^^^^^^^^^^^^^^^^^
  File "/home/mohammed/venv/lib/python3.11/site-packages/airflow/cli/commands/task_command.py", line 341, in _run_raw_task
    return ti._run_raw_task(
           ^^^^^^^^^^^^^^^^^
  File "/home/mohammed/venv/lib/python3.11/site-packages/airflow/utils/session.py", line 97, in wrapper
    return func(*args, session=session, **kwargs)
           ^^^^^^^^^^^^^^^^^^^^^^^^^^^^^^^^^^^^^^
  File "/home/mohammed/venv/lib/python3.11/site-packages/airflow/models/taskinstance.py", line 3006, in _run_raw_task
    return _run_raw_task(
           ^^^^^^^^^^^^^^
  File "/home/mohammed/venv/lib/python3.11/site-packages/airflow/models/taskinstance.py", line 274, in _run_raw_task
    TaskInstance._execute_task_with_callbacks(
  File "/home/mohammed/venv/lib/python3.11/site-packages/airflow/models/taskinstance.py", line 3161, in _execute_task_with_callbacks
    result = self._execute_task(context, task_orig)
             ^^^^^^^^^^^^^^^^^^^^^^^^^^^^^^^^^^^^^^
  File "/home/mohammed/venv/lib/python3.11/site-packages/airflow/models/taskinstance.py", line 3185, in _execute_task
    return _execute_task(self, context, task_orig)
           ^^^^^^^^^^^^^^^^^^^^^^^^^^^^^^^^^^^^^^^
  File "/home/mohammed/venv/lib/python3.11/site-packages/airflow/models/taskinstance.py", line 768, in _execute_task
    result = _execute_callable(context=context, **execute_callable_kwargs)
             ^^^^^^^^^^^^^^^^^^^^^^^^^^^^^^^^^^^^^^^^^^^^^^^^^^^^^^^^^^^^^
  File "/home/mohammed/venv/lib/python3.11/site-packages/airflow/models/taskinstance.py", line 734, in _execute_callable
    return ExecutionCallableRunner(
           ^^^^^^^^^^^^^^^^^^^^^^^^
  File "/home/mohammed/venv/lib/python3.11/site-packages/airflow/utils/operator_helpers.py", line 252, in run
    return self.func(*args, **kwargs)
           ^^^^^^^^^^^^^^^^^^^^^^^^^^
  File "/home/mohammed/venv/lib/python3.11/site-packages/airflow/models/baseoperator.py", line 424, in wrapper
    return func(self, *args, **kwargs)
           ^^^^^^^^^^^^^^^^^^^^^^^^^^^
  File "/home/mohammed/venv/lib/python3.11/site-packages/airflow/operators/bash.py", line 276, in execute
    raise AirflowException(
airflow.exceptions.AirflowException: Bash command failed. The command returned a non-zero exit code 1.
[2025-03-15T21:35:19.647+0000] {local_task_job_runner.py:266} INFO - Task exited with return code 1
[2025-03-15T21:35:19.669+0000] {taskinstance.py:3901} INFO - 0 downstream tasks scheduled from follow-on schedule check
[2025-03-15T21:35:19.676+0000] {local_task_job_runner.py:245} INFO - ::endgroup::
