[2025-03-17T00:45:58.269+0000] {local_task_job_runner.py:123} INFO - ::group::Pre task execution logs
[2025-03-17T00:45:58.325+0000] {taskinstance.py:2614} INFO - Dependencies all met for dep_context=non-requeueable deps ti=<TaskInstance: load_reviews_pipeline.dbt_run scheduled__2024-07-23T00:00:00+00:00 [queued]>
[2025-03-17T00:45:58.343+0000] {taskinstance.py:2614} INFO - Dependencies all met for dep_context=requeueable deps ti=<TaskInstance: load_reviews_pipeline.dbt_run scheduled__2024-07-23T00:00:00+00:00 [queued]>
[2025-03-17T00:45:58.344+0000] {taskinstance.py:2867} INFO - Starting attempt 1 of 2
[2025-03-17T00:45:58.386+0000] {taskinstance.py:2890} INFO - Executing <Task(BashOperator): dbt_run> on 2024-07-23 00:00:00+00:00
[2025-03-17T00:45:58.402+0000] {standard_task_runner.py:72} INFO - Started process 281408 to run task
[2025-03-17T00:45:58.413+0000] {standard_task_runner.py:104} INFO - Running: ['airflow', 'tasks', 'run', 'load_reviews_pipeline', 'dbt_run', 'scheduled__2024-07-23T00:00:00+00:00', '--job-id', '334', '--raw', '--subdir', 'DAGS_FOLDER/dag_load_reviews.py', '--cfg-path', '/tmp/tmpyrvu9s57']
[2025-03-17T00:45:58.415+0000] {standard_task_runner.py:105} INFO - Job 334: Subtask dbt_run
[2025-03-17T00:45:58.797+0000] {task_command.py:467} INFO - Running <TaskInstance: load_reviews_pipeline.dbt_run scheduled__2024-07-23T00:00:00+00:00 [running]> on host DESKTOP-IM7V4RI.
[2025-03-17T00:45:59.385+0000] {taskinstance.py:3134} INFO - Exporting env vars: AIRFLOW_CTX_DAG_OWNER='mohammed' AIRFLOW_CTX_DAG_ID='load_reviews_pipeline' AIRFLOW_CTX_TASK_ID='dbt_run' AIRFLOW_CTX_EXECUTION_DATE='2024-07-23T00:00:00+00:00' AIRFLOW_CTX_TRY_NUMBER='1' AIRFLOW_CTX_DAG_RUN_ID='scheduled__2024-07-23T00:00:00+00:00'
[2025-03-17T00:45:59.388+0000] {logging_mixin.py:190} INFO - Task instance is in running state
[2025-03-17T00:45:59.388+0000] {logging_mixin.py:190} INFO -  Previous state of the Task instance: queued
[2025-03-17T00:45:59.392+0000] {logging_mixin.py:190} INFO - Current task name:dbt_run state:running start_date:2025-03-17 00:45:58.326321+00:00
[2025-03-17T00:45:59.392+0000] {logging_mixin.py:190} INFO - Dag name:load_reviews_pipeline and current dag run status:running
[2025-03-17T00:45:59.393+0000] {taskinstance.py:732} INFO - ::endgroup::
[2025-03-17T00:45:59.397+0000] {subprocess.py:78} INFO - Tmp dir root location: /tmp
[2025-03-17T00:45:59.405+0000] {subprocess.py:88} INFO - Running command: ['/usr/bin/bash', '-c', 'cd /home/mohammed/.dbt/bank_reviews_project && dbt run']
[2025-03-17T00:45:59.463+0000] {subprocess.py:99} INFO - Output:
[2025-03-17T00:46:11.147+0000] {subprocess.py:106} INFO - [0m00:46:11  Running with dbt=1.9.3
[2025-03-17T00:46:13.148+0000] {subprocess.py:106} INFO - [0m00:46:13  Registered adapter: postgres=1.9.0
[2025-03-17T00:46:16.298+0000] {subprocess.py:106} INFO - [0m00:46:16  Found 6 models, 4 data tests, 2 sources, 433 macros
[2025-03-17T00:46:16.324+0000] {subprocess.py:106} INFO - [0m00:46:16
[2025-03-17T00:46:16.326+0000] {subprocess.py:106} INFO - [0m00:46:16  Concurrency: 4 threads (target='dev')
[2025-03-17T00:46:16.330+0000] {subprocess.py:106} INFO - [0m00:46:16
[2025-03-17T00:46:17.491+0000] {subprocess.py:106} INFO - [0m00:46:17  1 of 6 START sql view model public.clean_reviews ............................... [RUN]
[2025-03-17T00:46:17.514+0000] {subprocess.py:106} INFO - [0m00:46:17  2 of 6 START sql table model public.my_first_dbt_model ......................... [RUN]
[2025-03-17T00:46:17.519+0000] {subprocess.py:106} INFO - [0m00:46:17  3 of 6 START sql view model public.remove_duplicates ........................... [RUN]
[2025-03-17T00:46:17.539+0000] {subprocess.py:106} INFO - [0m00:46:17  4 of 6 START sql view model public.stg_clean_reviews ........................... [RUN]
[2025-03-17T00:46:22.545+0000] {subprocess.py:106} INFO - [0m00:46:22  1 of 6 OK created sql view model public.clean_reviews .......................... [[32mCREATE VIEW[0m in 5.05s]
[2025-03-17T00:46:22.626+0000] {subprocess.py:106} INFO - [0m00:46:22  3 of 6 OK created sql view model public.remove_duplicates ...................... [[32mCREATE VIEW[0m in 5.06s]
[2025-03-17T00:46:22.637+0000] {subprocess.py:106} INFO - [0m00:46:22  4 of 6 OK created sql view model public.stg_clean_reviews ...................... [[32mCREATE VIEW[0m in 4.98s]
[2025-03-17T00:46:22.667+0000] {subprocess.py:106} INFO - [0m00:46:22  5 of 6 START sql view model public.dwh_model ................................... [RUN]
[2025-03-17T00:46:22.724+0000] {subprocess.py:106} INFO - [0m00:46:22  2 of 6 OK created sql table model public.my_first_dbt_model .................... [[32mSELECT 2[0m in 5.12s]
[2025-03-17T00:46:22.817+0000] {subprocess.py:106} INFO - [0m00:46:22  6 of 6 START sql view model public.my_second_dbt_model ......................... [RUN]
[2025-03-17T00:46:23.706+0000] {subprocess.py:106} INFO - [0m00:46:23  5 of 6 OK created sql view model public.dwh_model .............................. [[32mCREATE VIEW[0m in 1.03s]
[2025-03-17T00:46:23.740+0000] {subprocess.py:106} INFO - [0m00:46:23  6 of 6 OK created sql view model public.my_second_dbt_model .................... [[32mCREATE VIEW[0m in 0.90s]
[2025-03-17T00:46:23.919+0000] {subprocess.py:106} INFO - [0m00:46:23
[2025-03-17T00:46:23.932+0000] {subprocess.py:106} INFO - [0m00:46:23  Finished running 1 table model, 5 view models in 0 hours 0 minutes and 7.59 seconds (7.59s).
[2025-03-17T00:46:24.359+0000] {subprocess.py:106} INFO - [0m00:46:24
[2025-03-17T00:46:24.362+0000] {subprocess.py:106} INFO - [0m00:46:24  [32mCompleted successfully[0m
[2025-03-17T00:46:24.364+0000] {subprocess.py:106} INFO - [0m00:46:24
[2025-03-17T00:46:24.367+0000] {subprocess.py:106} INFO - [0m00:46:24  Done. PASS=6 WARN=0 ERROR=0 SKIP=0 TOTAL=6
[2025-03-17T00:46:28.332+0000] {subprocess.py:110} INFO - Command exited with return code 0
[2025-03-17T00:46:28.727+0000] {taskinstance.py:341} INFO - ::group::Post task execution logs
[2025-03-17T00:46:28.728+0000] {taskinstance.py:353} INFO - Marking task as SUCCESS. dag_id=load_reviews_pipeline, task_id=dbt_run, run_id=scheduled__2024-07-23T00:00:00+00:00, execution_date=20240723T000000, start_date=20250317T004558, end_date=20250317T004628
[2025-03-17T00:46:29.247+0000] {logging_mixin.py:190} INFO - Task instance in success state
[2025-03-17T00:46:29.248+0000] {logging_mixin.py:190} INFO -  Previous state of the Task instance: running
[2025-03-17T00:46:29.248+0000] {logging_mixin.py:190} INFO - Dag name:load_reviews_pipeline queued_at:2025-03-17 00:45:56.293214+00:00
[2025-03-17T00:46:29.249+0000] {logging_mixin.py:190} INFO - Task hostname:DESKTOP-IM7V4RI. operator:BashOperator
[2025-03-17T00:46:29.408+0000] {local_task_job_runner.py:266} INFO - Task exited with return code 0
[2025-03-17T00:46:29.528+0000] {local_task_job_runner.py:245} INFO - ::endgroup::
