[2025-03-17T01:07:03.425+0000] {local_task_job_runner.py:123} INFO - ::group::Pre task execution logs
[2025-03-17T01:07:03.501+0000] {taskinstance.py:2614} INFO - Dependencies all met for dep_context=non-requeueable deps ti=<TaskInstance: load_reviews_pipeline.dbt_run scheduled__2024-10-16T00:00:00+00:00 [queued]>
[2025-03-17T01:07:03.525+0000] {taskinstance.py:2614} INFO - Dependencies all met for dep_context=requeueable deps ti=<TaskInstance: load_reviews_pipeline.dbt_run scheduled__2024-10-16T00:00:00+00:00 [queued]>
[2025-03-17T01:07:03.526+0000] {taskinstance.py:2867} INFO - Starting attempt 2 of 2
[2025-03-17T01:07:03.605+0000] {taskinstance.py:2890} INFO - Executing <Task(BashOperator): dbt_run> on 2024-10-16 00:00:00+00:00
[2025-03-17T01:07:03.617+0000] {standard_task_runner.py:72} INFO - Started process 311935 to run task
[2025-03-17T01:07:03.629+0000] {standard_task_runner.py:104} INFO - Running: ['airflow', 'tasks', 'run', 'load_reviews_pipeline', 'dbt_run', 'scheduled__2024-10-16T00:00:00+00:00', '--job-id', '514', '--raw', '--subdir', 'DAGS_FOLDER/dag_load_reviews.py', '--cfg-path', '/tmp/tmpsqwnclop']
[2025-03-17T01:07:03.631+0000] {standard_task_runner.py:105} INFO - Job 514: Subtask dbt_run
[2025-03-17T01:07:03.878+0000] {task_command.py:467} INFO - Running <TaskInstance: load_reviews_pipeline.dbt_run scheduled__2024-10-16T00:00:00+00:00 [running]> on host DESKTOP-IM7V4RI.
[2025-03-17T01:07:04.207+0000] {taskinstance.py:3134} INFO - Exporting env vars: AIRFLOW_CTX_DAG_OWNER='mohammed' AIRFLOW_CTX_DAG_ID='load_reviews_pipeline' AIRFLOW_CTX_TASK_ID='dbt_run' AIRFLOW_CTX_EXECUTION_DATE='2024-10-16T00:00:00+00:00' AIRFLOW_CTX_TRY_NUMBER='2' AIRFLOW_CTX_DAG_RUN_ID='scheduled__2024-10-16T00:00:00+00:00'
[2025-03-17T01:07:04.211+0000] {logging_mixin.py:190} INFO - Task instance is in running state
[2025-03-17T01:07:04.211+0000] {logging_mixin.py:190} INFO -  Previous state of the Task instance: queued
[2025-03-17T01:07:04.212+0000] {logging_mixin.py:190} INFO - Current task name:dbt_run state:running start_date:2025-03-17 01:07:03.501601+00:00
[2025-03-17T01:07:04.212+0000] {logging_mixin.py:190} INFO - Dag name:load_reviews_pipeline and current dag run status:running
[2025-03-17T01:07:04.213+0000] {taskinstance.py:732} INFO - ::endgroup::
[2025-03-17T01:07:04.215+0000] {subprocess.py:78} INFO - Tmp dir root location: /tmp
[2025-03-17T01:07:04.217+0000] {subprocess.py:88} INFO - Running command: ['/usr/bin/bash', '-c', 'cd /home/mohammed/.dbt/bank_reviews_project && dbt run']
[2025-03-17T01:07:04.241+0000] {subprocess.py:99} INFO - Output:
[2025-03-17T01:07:10.921+0000] {subprocess.py:106} INFO - [0m01:07:10  Running with dbt=1.9.3
[2025-03-17T01:07:12.008+0000] {subprocess.py:106} INFO - [0m01:07:12  Registered adapter: postgres=1.9.0
[2025-03-17T01:07:13.380+0000] {subprocess.py:106} INFO - [0m01:07:13  Found 10 models, 4 data tests, 2 sources, 433 macros
[2025-03-17T01:07:13.396+0000] {subprocess.py:106} INFO - [0m01:07:13
[2025-03-17T01:07:13.399+0000] {subprocess.py:106} INFO - [0m01:07:13  Concurrency: 4 threads (target='dev')
[2025-03-17T01:07:13.401+0000] {subprocess.py:106} INFO - [0m01:07:13
[2025-03-17T01:07:14.409+0000] {subprocess.py:106} INFO - [0m01:07:14  1 of 10 START sql view model public.clean_reviews .............................. [RUN]
[2025-03-17T01:07:14.419+0000] {subprocess.py:106} INFO - [0m01:07:14  2 of 10 START sql table model public.my_first_dbt_model ........................ [RUN]
[2025-03-17T01:07:14.430+0000] {subprocess.py:106} INFO - [0m01:07:14  3 of 10 START sql view model public.remove_duplicates .......................... [RUN]
[2025-03-17T01:07:14.434+0000] {subprocess.py:106} INFO - [0m01:07:14  4 of 10 START sql view model public.stg_clean_reviews .......................... [RUN]
[2025-03-17T01:07:16.036+0000] {subprocess.py:106} INFO - [0m01:07:16  4 of 10 OK created sql view model public.stg_clean_reviews ..................... [[32mCREATE VIEW[0m in 1.56s]
[2025-03-17T01:07:16.047+0000] {subprocess.py:106} INFO - [0m01:07:16  3 of 10 OK created sql view model public.remove_duplicates ..................... [[32mCREATE VIEW[0m in 1.59s]
[2025-03-17T01:07:16.057+0000] {subprocess.py:106} INFO - [0m01:07:16  6 of 10 START sql view model public.dim_branch ................................. [RUN]
[2025-03-17T01:07:16.063+0000] {subprocess.py:106} INFO - [0m01:07:16  1 of 10 OK created sql view model public.clean_reviews ......................... [[32mCREATE VIEW[0m in 1.63s]
[2025-03-17T01:07:16.067+0000] {subprocess.py:106} INFO - [0m01:07:16  5 of 10 START sql view model public.dim_bank ................................... [RUN]
[2025-03-17T01:07:16.069+0000] {subprocess.py:106} INFO - [0m01:07:16  2 of 10 OK created sql table model public.my_first_dbt_model ................... [[32mSELECT 2[0m in 1.63s]
[2025-03-17T01:07:16.089+0000] {subprocess.py:106} INFO - [0m01:07:16  7 of 10 START sql view model public.dim_location ............................... [RUN]
[2025-03-17T01:07:16.098+0000] {subprocess.py:106} INFO - [0m01:07:16  8 of 10 START sql view model public.dim_sentiment .............................. [RUN]
[2025-03-17T01:07:16.267+0000] {subprocess.py:106} INFO - [0m01:07:16  5 of 10 OK created sql view model public.dim_bank .............................. [[32mCREATE VIEW[0m in 0.19s]
[2025-03-17T01:07:16.275+0000] {subprocess.py:106} INFO - [0m01:07:16  9 of 10 START sql view model public.my_second_dbt_model ........................ [RUN]
[2025-03-17T01:07:16.352+0000] {subprocess.py:106} INFO - [0m01:07:16  7 of 10 OK created sql view model public.dim_location .......................... [[32mCREATE VIEW[0m in 0.25s]
[2025-03-17T01:07:16.420+0000] {subprocess.py:106} INFO - [0m01:07:16  8 of 10 OK created sql view model public.dim_sentiment ......................... [[32mCREATE VIEW[0m in 0.31s]
[2025-03-17T01:07:16.441+0000] {subprocess.py:106} INFO - [0m01:07:16  9 of 10 OK created sql view model public.my_second_dbt_model ................... [[32mCREATE VIEW[0m in 0.16s]
[2025-03-17T01:07:16.446+0000] {subprocess.py:106} INFO - [0m01:07:16  6 of 10 OK created sql view model public.dim_branch ............................ [[32mCREATE VIEW[0m in 0.38s]
[2025-03-17T01:07:16.450+0000] {subprocess.py:106} INFO - [0m01:07:16  10 of 10 START sql view model public.fact_reviews .............................. [RUN]
[2025-03-17T01:07:16.527+0000] {subprocess.py:106} INFO - [0m01:07:16  10 of 10 OK created sql view model public.fact_reviews ......................... [[32mCREATE VIEW[0m in 0.08s]
[2025-03-17T01:07:16.559+0000] {subprocess.py:106} INFO - [0m01:07:16
[2025-03-17T01:07:16.561+0000] {subprocess.py:106} INFO - [0m01:07:16  Finished running 1 table model, 9 view models in 0 hours 0 minutes and 3.16 seconds (3.16s).
[2025-03-17T01:07:16.654+0000] {subprocess.py:106} INFO - [0m01:07:16
[2025-03-17T01:07:16.654+0000] {subprocess.py:106} INFO - [0m01:07:16  [32mCompleted successfully[0m
[2025-03-17T01:07:16.655+0000] {subprocess.py:106} INFO - [0m01:07:16
[2025-03-17T01:07:16.656+0000] {subprocess.py:106} INFO - [0m01:07:16  Done. PASS=10 WARN=0 ERROR=0 SKIP=0 TOTAL=10
[2025-03-17T01:07:22.763+0000] {subprocess.py:110} INFO - Command exited with return code 0
[2025-03-17T01:07:22.865+0000] {taskinstance.py:341} INFO - ::group::Post task execution logs
[2025-03-17T01:07:22.866+0000] {taskinstance.py:353} INFO - Marking task as SUCCESS. dag_id=load_reviews_pipeline, task_id=dbt_run, run_id=scheduled__2024-10-16T00:00:00+00:00, execution_date=20241016T000000, start_date=20250317T010703, end_date=20250317T010722
[2025-03-17T01:07:22.945+0000] {logging_mixin.py:190} INFO - Task instance in success state
[2025-03-17T01:07:22.945+0000] {logging_mixin.py:190} INFO -  Previous state of the Task instance: running
[2025-03-17T01:07:22.945+0000] {logging_mixin.py:190} INFO - Dag name:load_reviews_pipeline queued_at:2025-03-17 01:01:48.459436+00:00
[2025-03-17T01:07:22.945+0000] {logging_mixin.py:190} INFO - Task hostname:DESKTOP-IM7V4RI. operator:BashOperator
[2025-03-17T01:07:22.975+0000] {local_task_job_runner.py:266} INFO - Task exited with return code 0
[2025-03-17T01:07:23.006+0000] {taskinstance.py:3901} INFO - 0 downstream tasks scheduled from follow-on schedule check
[2025-03-17T01:07:23.013+0000] {local_task_job_runner.py:245} INFO - ::endgroup::
