[2025-03-28T02:30:02.745+0000] {local_task_job_runner.py:123} INFO - ::group::Pre task execution logs
[2025-03-28T02:30:02.847+0000] {taskinstance.py:2614} INFO - Dependencies all met for dep_context=non-requeueable deps ti=<TaskInstance: load_dbt_clean_reviews_pipeline.dbt_run_transactional scheduled__2024-09-27T00:00:00+00:00 [queued]>
[2025-03-28T02:30:02.893+0000] {taskinstance.py:2614} INFO - Dependencies all met for dep_context=requeueable deps ti=<TaskInstance: load_dbt_clean_reviews_pipeline.dbt_run_transactional scheduled__2024-09-27T00:00:00+00:00 [queued]>
[2025-03-28T02:30:02.894+0000] {taskinstance.py:2867} INFO - Starting attempt 1 of 2
[2025-03-28T02:30:03.977+0000] {taskinstance.py:2890} INFO - Executing <Task(BashOperator): dbt_run_transactional> on 2024-09-27 00:00:00+00:00
[2025-03-28T02:30:04.078+0000] {standard_task_runner.py:72} INFO - Started process 207932 to run task
[2025-03-28T02:30:04.168+0000] {standard_task_runner.py:104} INFO - Running: ['airflow', 'tasks', 'run', 'load_dbt_clean_reviews_pipeline', 'dbt_run_transactional', 'scheduled__2024-09-27T00:00:00+00:00', '--job-id', '2189', '--raw', '--subdir', 'DAGS_FOLDER/dag_load_reviews.py', '--cfg-path', '/tmp/tmph5qmebu4']
[2025-03-28T02:30:04.173+0000] {standard_task_runner.py:105} INFO - Job 2189: Subtask dbt_run_transactional
[2025-03-28T02:30:04.984+0000] {task_command.py:467} INFO - Running <TaskInstance: load_dbt_clean_reviews_pipeline.dbt_run_transactional scheduled__2024-09-27T00:00:00+00:00 [running]> on host DESKTOP-IM7V4RI.
[2025-03-28T02:30:06.505+0000] {taskinstance.py:3134} INFO - Exporting env vars: AIRFLOW_CTX_DAG_OWNER='mohammed' AIRFLOW_CTX_DAG_ID='load_dbt_clean_reviews_pipeline' AIRFLOW_CTX_TASK_ID='dbt_run_transactional' AIRFLOW_CTX_EXECUTION_DATE='2024-09-27T00:00:00+00:00' AIRFLOW_CTX_TRY_NUMBER='1' AIRFLOW_CTX_DAG_RUN_ID='scheduled__2024-09-27T00:00:00+00:00'
[2025-03-28T02:30:06.529+0000] {logging_mixin.py:190} INFO - Task instance is in running state
[2025-03-28T02:30:06.529+0000] {logging_mixin.py:190} INFO -  Previous state of the Task instance: queued
[2025-03-28T02:30:06.530+0000] {logging_mixin.py:190} INFO - Current task name:dbt_run_transactional state:running start_date:2025-03-28 02:30:02.851000+00:00
[2025-03-28T02:30:06.531+0000] {logging_mixin.py:190} INFO - Dag name:load_dbt_clean_reviews_pipeline and current dag run status:running
[2025-03-28T02:30:06.532+0000] {taskinstance.py:732} INFO - ::endgroup::
[2025-03-28T02:30:06.608+0000] {subprocess.py:78} INFO - Tmp dir root location: /tmp
[2025-03-28T02:30:06.621+0000] {subprocess.py:88} INFO - Running command: ['/usr/bin/bash', '-c', 'cd /home/mohammed/.dbt/dbt_projects/bank_reviews_transactional && dbt run']
[2025-03-28T02:30:06.747+0000] {subprocess.py:99} INFO - Output:
[2025-03-28T02:30:41.500+0000] {subprocess.py:106} INFO - [0m02:30:41  Running with dbt=1.9.3
[2025-03-28T02:30:46.630+0000] {subprocess.py:106} INFO - [0m02:30:46  Registered adapter: postgres=1.9.0
[2025-03-28T02:30:51.996+0000] {subprocess.py:106} INFO - [0m02:30:51  [[33mWARNING[0m]: Configuration paths exist in your dbt_project.yml file which do not apply to any resources.
[2025-03-28T02:30:51.997+0000] {subprocess.py:106} INFO - There are 1 unused configuration paths:
[2025-03-28T02:30:51.997+0000] {subprocess.py:106} INFO - - models.bank_reviews_transactional.transactional
[2025-03-28T02:30:55.490+0000] {subprocess.py:106} INFO - [0m02:30:55  Found 1 model, 1 source, 433 macros
[2025-03-28T02:30:55.556+0000] {subprocess.py:106} INFO - [0m02:30:55
[2025-03-28T02:30:55.571+0000] {subprocess.py:106} INFO - [0m02:30:55  Concurrency: 4 threads (target='dev')
[2025-03-28T02:30:55.580+0000] {subprocess.py:106} INFO - [0m02:30:55
[2025-03-28T02:30:59.097+0000] {subprocess.py:106} INFO - [0m02:30:59  1 of 1 START sql table model transactional.clean_reviews ....................... [RUN]
[2025-03-28T02:31:10.801+0000] {subprocess.py:106} INFO - [0m02:31:10  1 of 1 OK created sql table model transactional.clean_reviews .................. [[32mSELECT 281[0m in 11.68s]
[2025-03-28T02:31:12.057+0000] {subprocess.py:106} INFO - [0m02:31:12
[2025-03-28T02:31:12.096+0000] {subprocess.py:106} INFO - [0m02:31:12  Finished running 1 table model in 0 hours 0 minutes and 16.46 seconds (16.46s).
[2025-03-28T02:31:12.801+0000] {subprocess.py:106} INFO - [0m02:31:12
[2025-03-28T02:31:12.827+0000] {subprocess.py:106} INFO - [0m02:31:12  [32mCompleted successfully[0m
[2025-03-28T02:31:12.829+0000] {subprocess.py:106} INFO - [0m02:31:12
[2025-03-28T02:31:12.832+0000] {subprocess.py:106} INFO - [0m02:31:12  Done. PASS=1 WARN=0 ERROR=0 SKIP=0 TOTAL=1
[2025-03-28T02:31:18.232+0000] {subprocess.py:110} INFO - Command exited with return code 0
[2025-03-28T02:31:20.364+0000] {taskinstance.py:341} INFO - ::group::Post task execution logs
[2025-03-28T02:31:20.429+0000] {taskinstance.py:353} INFO - Marking task as SUCCESS. dag_id=load_dbt_clean_reviews_pipeline, task_id=dbt_run_transactional, run_id=scheduled__2024-09-27T00:00:00+00:00, execution_date=20240927T000000, start_date=20250328T023002, end_date=20250328T023120
[2025-03-28T02:31:23.853+0000] {logging_mixin.py:190} INFO - Task instance in success state
[2025-03-28T02:31:23.856+0000] {logging_mixin.py:190} INFO -  Previous state of the Task instance: running
[2025-03-28T02:31:23.858+0000] {logging_mixin.py:190} INFO - Dag name:load_dbt_clean_reviews_pipeline queued_at:2025-03-28 02:29:54.670607+00:00
[2025-03-28T02:31:23.868+0000] {logging_mixin.py:190} INFO - Task hostname:DESKTOP-IM7V4RI. operator:BashOperator
[2025-03-28T02:31:24.599+0000] {local_task_job_runner.py:266} INFO - Task exited with return code 0
[2025-03-28T02:31:24.877+0000] {local_task_job_runner.py:245} INFO - ::endgroup::
