[2025-03-18T17:13:42.148+0000] {local_task_job_runner.py:123} INFO - ::group::Pre task execution logs
[2025-03-18T17:13:42.199+0000] {taskinstance.py:2614} INFO - Dependencies all met for dep_context=non-requeueable deps ti=<TaskInstance: load_dbt_clean_reviews_pipeline.dbt_run scheduled__2024-05-07T00:00:00+00:00 [queued]>
[2025-03-18T17:13:42.214+0000] {taskinstance.py:2614} INFO - Dependencies all met for dep_context=requeueable deps ti=<TaskInstance: load_dbt_clean_reviews_pipeline.dbt_run scheduled__2024-05-07T00:00:00+00:00 [queued]>
[2025-03-18T17:13:42.214+0000] {taskinstance.py:2867} INFO - Starting attempt 1 of 2
[2025-03-18T17:13:42.244+0000] {taskinstance.py:2890} INFO - Executing <Task(BashOperator): dbt_run> on 2024-05-07 00:00:00+00:00
[2025-03-18T17:13:42.261+0000] {standard_task_runner.py:72} INFO - Started process 58659 to run task
[2025-03-18T17:13:42.270+0000] {standard_task_runner.py:104} INFO - Running: ['airflow', 'tasks', 'run', 'load_dbt_clean_reviews_pipeline', 'dbt_run', 'scheduled__2024-05-07T00:00:00+00:00', '--job-id', '817', '--raw', '--subdir', 'DAGS_FOLDER/dag_load_reviews.py', '--cfg-path', '/tmp/tmprmg0n8si']
[2025-03-18T17:13:42.273+0000] {standard_task_runner.py:105} INFO - Job 817: Subtask dbt_run
[2025-03-18T17:13:42.404+0000] {task_command.py:467} INFO - Running <TaskInstance: load_dbt_clean_reviews_pipeline.dbt_run scheduled__2024-05-07T00:00:00+00:00 [running]> on host DESKTOP-IM7V4RI.
[2025-03-18T17:13:42.852+0000] {taskinstance.py:3134} INFO - Exporting env vars: AIRFLOW_CTX_DAG_OWNER='mohammed' AIRFLOW_CTX_DAG_ID='load_dbt_clean_reviews_pipeline' AIRFLOW_CTX_TASK_ID='dbt_run' AIRFLOW_CTX_EXECUTION_DATE='2024-05-07T00:00:00+00:00' AIRFLOW_CTX_TRY_NUMBER='1' AIRFLOW_CTX_DAG_RUN_ID='scheduled__2024-05-07T00:00:00+00:00'
[2025-03-18T17:13:42.857+0000] {logging_mixin.py:190} INFO - Task instance is in running state
[2025-03-18T17:13:42.859+0000] {logging_mixin.py:190} INFO -  Previous state of the Task instance: queued
[2025-03-18T17:13:42.860+0000] {logging_mixin.py:190} INFO - Current task name:dbt_run state:running start_date:2025-03-18 17:13:42.199658+00:00
[2025-03-18T17:13:42.861+0000] {logging_mixin.py:190} INFO - Dag name:load_dbt_clean_reviews_pipeline and current dag run status:running
[2025-03-18T17:13:42.861+0000] {taskinstance.py:732} INFO - ::endgroup::
[2025-03-18T17:13:42.865+0000] {subprocess.py:78} INFO - Tmp dir root location: /tmp
[2025-03-18T17:13:42.871+0000] {subprocess.py:88} INFO - Running command: ['/usr/bin/bash', '-c', 'cd /home/mohammed/.dbt/dbt_projects/bank_reviews_transactional && dbt run']
[2025-03-18T17:13:42.924+0000] {subprocess.py:99} INFO - Output:
[2025-03-18T17:13:46.785+0000] {subprocess.py:106} INFO - [0m17:13:46  Running with dbt=1.9.3
[2025-03-18T17:13:47.598+0000] {subprocess.py:106} INFO - [0m17:13:47  Registered adapter: postgres=1.9.0
[2025-03-18T17:13:47.943+0000] {subprocess.py:106} INFO - [0m17:13:47  [[33mWARNING[0m]: Configuration paths exist in your dbt_project.yml file which do not apply to any resources.
[2025-03-18T17:13:47.943+0000] {subprocess.py:106} INFO - There are 1 unused configuration paths:
[2025-03-18T17:13:47.943+0000] {subprocess.py:106} INFO - - models.bank_reviews_transactional.transactional
[2025-03-18T17:13:48.253+0000] {subprocess.py:106} INFO - [0m17:13:48  Found 3 models, 4 data tests, 1 source, 433 macros
[2025-03-18T17:13:48.259+0000] {subprocess.py:106} INFO - [0m17:13:48
[2025-03-18T17:13:48.260+0000] {subprocess.py:106} INFO - [0m17:13:48  Concurrency: 4 threads (target='dev')
[2025-03-18T17:13:48.261+0000] {subprocess.py:106} INFO - [0m17:13:48
[2025-03-18T17:13:48.518+0000] {subprocess.py:106} INFO - [0m17:13:48  1 of 3 START sql table model transactional.clean_reviews ....................... [RUN]
[2025-03-18T17:13:48.522+0000] {subprocess.py:106} INFO - [0m17:13:48  2 of 3 START sql table model transactional.my_first_dbt_model .................. [RUN]
[2025-03-18T17:13:49.259+0000] {subprocess.py:106} INFO - [0m17:13:49  2 of 3 OK created sql table model transactional.my_first_dbt_model ............. [[32mSELECT 2[0m in 0.73s]
[2025-03-18T17:13:49.262+0000] {subprocess.py:106} INFO - [0m17:13:49  3 of 3 START sql view model transactional.my_second_dbt_model .................. [RUN]
[2025-03-18T17:13:49.374+0000] {subprocess.py:106} INFO - [0m17:13:49  1 of 3 OK created sql table model transactional.clean_reviews .................. [[32mSELECT 549[0m in 0.85s]
[2025-03-18T17:13:49.438+0000] {subprocess.py:106} INFO - [0m17:13:49  3 of 3 OK created sql view model transactional.my_second_dbt_model ............. [[32mCREATE VIEW[0m in 0.17s]
[2025-03-18T17:13:49.493+0000] {subprocess.py:106} INFO - [0m17:13:49
[2025-03-18T17:13:49.495+0000] {subprocess.py:106} INFO - [0m17:13:49  Finished running 2 table models, 1 view model in 0 hours 0 minutes and 1.23 seconds (1.23s).
[2025-03-18T17:13:49.702+0000] {subprocess.py:106} INFO - [0m17:13:49
[2025-03-18T17:13:49.703+0000] {subprocess.py:106} INFO - [0m17:13:49  [32mCompleted successfully[0m
[2025-03-18T17:13:49.704+0000] {subprocess.py:106} INFO - [0m17:13:49
[2025-03-18T17:13:49.705+0000] {subprocess.py:106} INFO - [0m17:13:49  Done. PASS=3 WARN=0 ERROR=0 SKIP=0 TOTAL=3
[2025-03-18T17:13:51.536+0000] {subprocess.py:110} INFO - Command exited with return code 0
[2025-03-18T17:13:51.640+0000] {taskinstance.py:341} INFO - ::group::Post task execution logs
[2025-03-18T17:13:51.641+0000] {taskinstance.py:353} INFO - Marking task as SUCCESS. dag_id=load_dbt_clean_reviews_pipeline, task_id=dbt_run, run_id=scheduled__2024-05-07T00:00:00+00:00, execution_date=20240507T000000, start_date=20250318T171342, end_date=20250318T171351
[2025-03-18T17:13:51.812+0000] {logging_mixin.py:190} INFO - Task instance in success state
[2025-03-18T17:13:51.814+0000] {logging_mixin.py:190} INFO -  Previous state of the Task instance: running
[2025-03-18T17:13:51.815+0000] {logging_mixin.py:190} INFO - Dag name:load_dbt_clean_reviews_pipeline queued_at:2025-03-18 17:13:39.860465+00:00
[2025-03-18T17:13:51.816+0000] {logging_mixin.py:190} INFO - Task hostname:DESKTOP-IM7V4RI. operator:BashOperator
[2025-03-18T17:13:51.860+0000] {local_task_job_runner.py:266} INFO - Task exited with return code 0
[2025-03-18T17:13:51.956+0000] {taskinstance.py:3901} INFO - 0 downstream tasks scheduled from follow-on schedule check
[2025-03-18T17:13:51.961+0000] {local_task_job_runner.py:245} INFO - ::endgroup::
