[2025-03-28T02:30:04.056+0000] {local_task_job_runner.py:123} INFO - ::group::Pre task execution logs
[2025-03-28T02:30:04.270+0000] {taskinstance.py:2614} INFO - Dependencies all met for dep_context=non-requeueable deps ti=<TaskInstance: load_dbt_clean_reviews_pipeline.dbt_run_transactional scheduled__2024-09-24T00:00:00+00:00 [queued]>
[2025-03-28T02:30:04.305+0000] {taskinstance.py:2614} INFO - Dependencies all met for dep_context=requeueable deps ti=<TaskInstance: load_dbt_clean_reviews_pipeline.dbt_run_transactional scheduled__2024-09-24T00:00:00+00:00 [queued]>
[2025-03-28T02:30:04.306+0000] {taskinstance.py:2867} INFO - Starting attempt 1 of 2
[2025-03-28T02:30:04.542+0000] {taskinstance.py:2890} INFO - Executing <Task(BashOperator): dbt_run_transactional> on 2024-09-24 00:00:00+00:00
[2025-03-28T02:30:04.592+0000] {standard_task_runner.py:72} INFO - Started process 207967 to run task
[2025-03-28T02:30:04.651+0000] {standard_task_runner.py:104} INFO - Running: ['airflow', 'tasks', 'run', 'load_dbt_clean_reviews_pipeline', 'dbt_run_transactional', 'scheduled__2024-09-24T00:00:00+00:00', '--job-id', '2192', '--raw', '--subdir', 'DAGS_FOLDER/dag_load_reviews.py', '--cfg-path', '/tmp/tmpinpwj5v3']
[2025-03-28T02:30:04.657+0000] {standard_task_runner.py:105} INFO - Job 2192: Subtask dbt_run_transactional
[2025-03-28T02:30:05.688+0000] {task_command.py:467} INFO - Running <TaskInstance: load_dbt_clean_reviews_pipeline.dbt_run_transactional scheduled__2024-09-24T00:00:00+00:00 [running]> on host DESKTOP-IM7V4RI.
[2025-03-28T02:30:07.694+0000] {taskinstance.py:3134} INFO - Exporting env vars: AIRFLOW_CTX_DAG_OWNER='mohammed' AIRFLOW_CTX_DAG_ID='load_dbt_clean_reviews_pipeline' AIRFLOW_CTX_TASK_ID='dbt_run_transactional' AIRFLOW_CTX_EXECUTION_DATE='2024-09-24T00:00:00+00:00' AIRFLOW_CTX_TRY_NUMBER='1' AIRFLOW_CTX_DAG_RUN_ID='scheduled__2024-09-24T00:00:00+00:00'
[2025-03-28T02:30:07.726+0000] {logging_mixin.py:190} INFO - Task instance is in running state
[2025-03-28T02:30:07.758+0000] {logging_mixin.py:190} INFO -  Previous state of the Task instance: queued
[2025-03-28T02:30:07.759+0000] {logging_mixin.py:190} INFO - Current task name:dbt_run_transactional state:running start_date:2025-03-28 02:30:04.271120+00:00
[2025-03-28T02:30:07.760+0000] {logging_mixin.py:190} INFO - Dag name:load_dbt_clean_reviews_pipeline and current dag run status:running
[2025-03-28T02:30:07.761+0000] {taskinstance.py:732} INFO - ::endgroup::
[2025-03-28T02:30:07.816+0000] {subprocess.py:78} INFO - Tmp dir root location: /tmp
[2025-03-28T02:30:07.823+0000] {subprocess.py:88} INFO - Running command: ['/usr/bin/bash', '-c', 'cd /home/mohammed/.dbt/dbt_projects/bank_reviews_transactional && dbt run']
[2025-03-28T02:30:07.930+0000] {subprocess.py:99} INFO - Output:
[2025-03-28T02:30:40.045+0000] {subprocess.py:106} INFO - [0m02:30:40  Running with dbt=1.9.3
[2025-03-28T02:30:44.213+0000] {subprocess.py:106} INFO - [0m02:30:44  Registered adapter: postgres=1.9.0
[2025-03-28T02:30:49.634+0000] {subprocess.py:106} INFO - [0m02:30:49  [[33mWARNING[0m]: Configuration paths exist in your dbt_project.yml file which do not apply to any resources.
[2025-03-28T02:30:49.635+0000] {subprocess.py:106} INFO - There are 1 unused configuration paths:
[2025-03-28T02:30:49.636+0000] {subprocess.py:106} INFO - - models.bank_reviews_transactional.transactional
[2025-03-28T02:30:51.166+0000] {subprocess.py:106} INFO - [0m02:30:51  Found 1 model, 1 source, 433 macros
[2025-03-28T02:30:51.249+0000] {subprocess.py:106} INFO - [0m02:30:51
[2025-03-28T02:30:51.251+0000] {subprocess.py:106} INFO - [0m02:30:51  Concurrency: 4 threads (target='dev')
[2025-03-28T02:30:51.252+0000] {subprocess.py:106} INFO - [0m02:30:51
[2025-03-28T02:30:54.655+0000] {subprocess.py:106} INFO - [0m02:30:54  1 of 1 START sql table model transactional.clean_reviews ....................... [RUN]
[2025-03-28T02:31:02.428+0000] {subprocess.py:106} INFO - [0m02:31:02  1 of 1 OK created sql table model transactional.clean_reviews .................. [[32mSELECT 281[0m in 7.76s]
[2025-03-28T02:31:02.603+0000] {subprocess.py:106} INFO - [0m02:31:02
[2025-03-28T02:31:02.624+0000] {subprocess.py:106} INFO - [0m02:31:02  Finished running 1 table model in 0 hours 0 minutes and 11.34 seconds (11.34s).
[2025-03-28T02:31:02.787+0000] {subprocess.py:106} INFO - [0m02:31:02
[2025-03-28T02:31:02.790+0000] {subprocess.py:106} INFO - [0m02:31:02  [32mCompleted successfully[0m
[2025-03-28T02:31:02.792+0000] {subprocess.py:106} INFO - [0m02:31:02
[2025-03-28T02:31:02.794+0000] {subprocess.py:106} INFO - [0m02:31:02  Done. PASS=1 WARN=0 ERROR=0 SKIP=0 TOTAL=1
[2025-03-28T02:31:06.939+0000] {subprocess.py:110} INFO - Command exited with return code 0
[2025-03-28T02:31:10.004+0000] {taskinstance.py:341} INFO - ::group::Post task execution logs
[2025-03-28T02:31:10.023+0000] {taskinstance.py:353} INFO - Marking task as SUCCESS. dag_id=load_dbt_clean_reviews_pipeline, task_id=dbt_run_transactional, run_id=scheduled__2024-09-24T00:00:00+00:00, execution_date=20240924T000000, start_date=20250328T023004, end_date=20250328T023110
[2025-03-28T02:31:10.658+0000] {logging_mixin.py:190} INFO - Task instance in success state
[2025-03-28T02:31:10.659+0000] {logging_mixin.py:190} INFO -  Previous state of the Task instance: running
[2025-03-28T02:31:10.660+0000] {logging_mixin.py:190} INFO - Dag name:load_dbt_clean_reviews_pipeline queued_at:2025-03-28 02:29:52.497371+00:00
[2025-03-28T02:31:10.660+0000] {logging_mixin.py:190} INFO - Task hostname:DESKTOP-IM7V4RI. operator:BashOperator
[2025-03-28T02:31:10.850+0000] {local_task_job_runner.py:266} INFO - Task exited with return code 0
[2025-03-28T02:31:11.263+0000] {local_task_job_runner.py:245} INFO - ::endgroup::
[2025-03-28T02:31:12.069+0000] {standard_task_runner.py:217} INFO - Process not found (most likely exited), stop collecting metrics
