[2025-03-18T18:26:27.647+0000] {local_task_job_runner.py:123} INFO - ::group::Pre task execution logs
[2025-03-18T18:26:27.751+0000] {taskinstance.py:2614} INFO - Dependencies all met for dep_context=non-requeueable deps ti=<TaskInstance: load_dbt_clean_reviews_pipeline.dbt_run scheduled__2024-10-26T00:00:00+00:00 [queued]>
[2025-03-18T18:26:27.781+0000] {taskinstance.py:2614} INFO - Dependencies all met for dep_context=requeueable deps ti=<TaskInstance: load_dbt_clean_reviews_pipeline.dbt_run scheduled__2024-10-26T00:00:00+00:00 [queued]>
[2025-03-18T18:26:27.781+0000] {taskinstance.py:2867} INFO - Starting attempt 1 of 2
[2025-03-18T18:26:28.581+0000] {taskinstance.py:2890} INFO - Executing <Task(BashOperator): dbt_run> on 2024-10-26 00:00:00+00:00
[2025-03-18T18:26:28.677+0000] {standard_task_runner.py:72} INFO - Started process 20618 to run task
[2025-03-18T18:26:28.708+0000] {standard_task_runner.py:104} INFO - Running: ['airflow', 'tasks', 'run', 'load_dbt_clean_reviews_pipeline', 'dbt_run', 'scheduled__2024-10-26T00:00:00+00:00', '--job-id', '1050', '--raw', '--subdir', 'DAGS_FOLDER/dag_load_reviews.py', '--cfg-path', '/tmp/tmpnvmj64gc']
[2025-03-18T18:26:28.711+0000] {standard_task_runner.py:105} INFO - Job 1050: Subtask dbt_run
[2025-03-18T18:26:29.124+0000] {task_command.py:467} INFO - Running <TaskInstance: load_dbt_clean_reviews_pipeline.dbt_run scheduled__2024-10-26T00:00:00+00:00 [running]> on host DESKTOP-IM7V4RI.
[2025-03-18T18:26:29.838+0000] {taskinstance.py:3134} INFO - Exporting env vars: AIRFLOW_CTX_DAG_OWNER='mohammed' AIRFLOW_CTX_DAG_ID='load_dbt_clean_reviews_pipeline' AIRFLOW_CTX_TASK_ID='dbt_run' AIRFLOW_CTX_EXECUTION_DATE='2024-10-26T00:00:00+00:00' AIRFLOW_CTX_TRY_NUMBER='1' AIRFLOW_CTX_DAG_RUN_ID='scheduled__2024-10-26T00:00:00+00:00'
[2025-03-18T18:26:29.855+0000] {logging_mixin.py:190} INFO - Task instance is in running state
[2025-03-18T18:26:29.856+0000] {logging_mixin.py:190} INFO -  Previous state of the Task instance: queued
[2025-03-18T18:26:29.856+0000] {logging_mixin.py:190} INFO - Current task name:dbt_run state:running start_date:2025-03-18 18:26:27.751640+00:00
[2025-03-18T18:26:29.857+0000] {logging_mixin.py:190} INFO - Dag name:load_dbt_clean_reviews_pipeline and current dag run status:running
[2025-03-18T18:26:29.863+0000] {taskinstance.py:732} INFO - ::endgroup::
[2025-03-18T18:26:29.866+0000] {subprocess.py:78} INFO - Tmp dir root location: /tmp
[2025-03-18T18:26:29.925+0000] {subprocess.py:88} INFO - Running command: ['/usr/bin/bash', '-c', 'cd /home/mohammed/.dbt/dbt_projects/bank_reviews_transactional && dbt run']
[2025-03-18T18:26:29.991+0000] {subprocess.py:99} INFO - Output:
[2025-03-18T18:26:43.863+0000] {subprocess.py:106} INFO - [0m18:26:43  Running with dbt=1.9.3
[2025-03-18T18:26:45.717+0000] {subprocess.py:106} INFO - [0m18:26:45  Registered adapter: postgres=1.9.0
[2025-03-18T18:26:48.397+0000] {subprocess.py:106} INFO - [0m18:26:48  [[33mWARNING[0m]: Configuration paths exist in your dbt_project.yml file which do not apply to any resources.
[2025-03-18T18:26:48.398+0000] {subprocess.py:106} INFO - There are 1 unused configuration paths:
[2025-03-18T18:26:48.398+0000] {subprocess.py:106} INFO - - models.bank_reviews_transactional.transactional
[2025-03-18T18:26:49.792+0000] {subprocess.py:106} INFO - [0m18:26:49  Found 1 model, 1 source, 433 macros
[2025-03-18T18:26:49.870+0000] {subprocess.py:106} INFO - [0m18:26:49
[2025-03-18T18:26:49.870+0000] {subprocess.py:106} INFO - [0m18:26:49  Concurrency: 4 threads (target='dev')
[2025-03-18T18:26:49.871+0000] {subprocess.py:106} INFO - [0m18:26:49
[2025-03-18T18:26:52.504+0000] {subprocess.py:106} INFO - [0m18:26:52  1 of 1 START sql table model transactional.clean_reviews ....................... [RUN]
[2025-03-18T18:26:56.236+0000] {subprocess.py:106} INFO - [0m18:26:56  1 of 1 OK created sql table model transactional.clean_reviews .................. [[32mSELECT 549[0m in 3.70s]
[2025-03-18T18:26:56.492+0000] {subprocess.py:106} INFO - [0m18:26:56
[2025-03-18T18:26:56.508+0000] {subprocess.py:106} INFO - [0m18:26:56  Finished running 1 table model in 0 hours 0 minutes and 6.61 seconds (6.61s).
[2025-03-18T18:26:57.035+0000] {subprocess.py:106} INFO - [0m18:26:57
[2025-03-18T18:26:57.048+0000] {subprocess.py:106} INFO - [0m18:26:57  [32mCompleted successfully[0m
[2025-03-18T18:26:57.051+0000] {subprocess.py:106} INFO - [0m18:26:57
[2025-03-18T18:26:57.065+0000] {subprocess.py:106} INFO - [0m18:26:57  Done. PASS=1 WARN=0 ERROR=0 SKIP=0 TOTAL=1
[2025-03-18T18:27:00.499+0000] {subprocess.py:110} INFO - Command exited with return code 0
[2025-03-18T18:27:00.797+0000] {taskinstance.py:341} INFO - ::group::Post task execution logs
[2025-03-18T18:27:00.798+0000] {taskinstance.py:353} INFO - Marking task as SUCCESS. dag_id=load_dbt_clean_reviews_pipeline, task_id=dbt_run, run_id=scheduled__2024-10-26T00:00:00+00:00, execution_date=20241026T000000, start_date=20250318T182627, end_date=20250318T182700
[2025-03-18T18:27:01.182+0000] {logging_mixin.py:190} INFO - Task instance in success state
[2025-03-18T18:27:01.186+0000] {logging_mixin.py:190} INFO -  Previous state of the Task instance: running
[2025-03-18T18:27:01.187+0000] {logging_mixin.py:190} INFO - Dag name:load_dbt_clean_reviews_pipeline queued_at:2025-03-18 18:26:23.596465+00:00
[2025-03-18T18:27:01.187+0000] {logging_mixin.py:190} INFO - Task hostname:DESKTOP-IM7V4RI. operator:BashOperator
[2025-03-18T18:27:01.282+0000] {local_task_job_runner.py:266} INFO - Task exited with return code 0
[2025-03-18T18:27:01.483+0000] {taskinstance.py:3901} INFO - 0 downstream tasks scheduled from follow-on schedule check
[2025-03-18T18:27:01.492+0000] {local_task_job_runner.py:245} INFO - ::endgroup::
