[2025-03-21T06:02:32.963+0000] {local_task_job_runner.py:123} INFO - ::group::Pre task execution logs
[2025-03-21T06:02:33.090+0000] {taskinstance.py:2614} INFO - Dependencies all met for dep_context=non-requeueable deps ti=<TaskInstance: scrape_all_jobs.extract_data manual__2025-03-21T06:02:20.018958+00:00 [queued]>
[2025-03-21T06:02:33.124+0000] {taskinstance.py:2614} INFO - Dependencies all met for dep_context=requeueable deps ti=<TaskInstance: scrape_all_jobs.extract_data manual__2025-03-21T06:02:20.018958+00:00 [queued]>
[2025-03-21T06:02:33.125+0000] {taskinstance.py:2867} INFO - Starting attempt 1 of 2
[2025-03-21T06:02:33.208+0000] {taskinstance.py:2890} INFO - Executing <Task(PythonOperator): extract_data> on 2025-03-21 06:02:20.018958+00:00
[2025-03-21T06:02:33.223+0000] {standard_task_runner.py:72} INFO - Started process 659461 to run task
[2025-03-21T06:02:33.231+0000] {standard_task_runner.py:104} INFO - Running: ['airflow', 'tasks', 'run', 'scrape_all_jobs', 'extract_data', 'manual__2025-03-21T06:02:20.018958+00:00', '--job-id', '1901', '--raw', '--subdir', 'DAGS_FOLDER/scrape_and_store_all_jobs.py', '--cfg-path', '/tmp/tmp7_j7ssjo']
[2025-03-21T06:02:33.233+0000] {standard_task_runner.py:105} INFO - Job 1901: Subtask extract_data
[2025-03-21T06:02:33.437+0000] {task_command.py:467} INFO - Running <TaskInstance: scrape_all_jobs.extract_data manual__2025-03-21T06:02:20.018958+00:00 [running]> on host DESKTOP-IM7V4RI.
[2025-03-21T06:02:34.720+0000] {taskinstance.py:3134} INFO - Exporting env vars: AIRFLOW_CTX_DAG_OWNER='airflow' AIRFLOW_CTX_DAG_ID='scrape_all_jobs' AIRFLOW_CTX_TASK_ID='extract_data' AIRFLOW_CTX_EXECUTION_DATE='2025-03-21T06:02:20.018958+00:00' AIRFLOW_CTX_TRY_NUMBER='1' AIRFLOW_CTX_DAG_RUN_ID='manual__2025-03-21T06:02:20.018958+00:00'
[2025-03-21T06:02:34.725+0000] {logging_mixin.py:190} INFO - Task instance is in running state
[2025-03-21T06:02:34.725+0000] {logging_mixin.py:190} INFO -  Previous state of the Task instance: queued
[2025-03-21T06:02:34.725+0000] {logging_mixin.py:190} INFO - Current task name:extract_data state:running start_date:2025-03-21 06:02:33.091137+00:00
[2025-03-21T06:02:34.726+0000] {logging_mixin.py:190} INFO - Dag name:scrape_all_jobs and current dag run status:running
[2025-03-21T06:02:34.726+0000] {taskinstance.py:732} INFO - ::endgroup::
[2025-03-21T06:02:34.732+0000] {logging_mixin.py:190} INFO - Extraction des données depuis rekrute.com...
[2025-03-21T06:02:53.234+0000] {logging_mixin.py:190} INFO - (rekrute.com) Nombre total de pages : 172
[2025-03-21T06:02:53.235+0000] {logging_mixin.py:190} INFO - (rekrute.com) Traitement de la page 1...
[2025-03-21T06:02:55.761+0000] {logging_mixin.py:190} INFO - (rekrute.com) Offre ignorée (URL existe déjà) : RPA BLUEPRISM Developer
[2025-03-21T06:02:56.530+0000] {logging_mixin.py:190} INFO - (rekrute.com) Offre ignorée (URL existe déjà) : Dessinateur Projeteur Installation Générale/Tuyauterie H/F
[2025-03-21T06:02:57.762+0000] {logging_mixin.py:190} INFO - (rekrute.com) Offre ignorée (URL existe déjà) : Chargé(e) de Clientèle
[2025-03-21T06:02:58.902+0000] {logging_mixin.py:190} INFO - (rekrute.com) Offre ignorée (URL existe déjà) : Chef Comptable
[2025-03-21T06:02:59.452+0000] {logging_mixin.py:190} INFO - (rekrute.com) Offre ignorée (URL existe déjà) : Chargé de clientèle - Réception d'appel - Rabat
[2025-03-21T06:02:59.933+0000] {logging_mixin.py:190} INFO - (rekrute.com) Offre ignorée (URL existe déjà) : Conseiller Digital
[2025-03-21T06:03:00.480+0000] {logging_mixin.py:190} INFO - (rekrute.com) Offre ignorée (URL existe déjà) : Conseiller Commercial
[2025-03-21T06:03:00.963+0000] {logging_mixin.py:190} INFO - (rekrute.com) Offre ignorée (URL existe déjà) : Conseiller Commercial
[2025-03-21T06:03:01.384+0000] {logging_mixin.py:190} INFO - (rekrute.com) Offre ignorée (URL existe déjà) : Manager H/F
[2025-03-21T06:03:01.977+0000] {logging_mixin.py:190} INFO - (rekrute.com) Offre ignorée (URL existe déjà) : Responsable Compensation and Benefits H/F
[2025-03-21T06:03:03.980+0000] {logging_mixin.py:190} INFO - (rekrute.com) Traitement de la page 2...
[2025-03-21T06:03:05.316+0000] {logging_mixin.py:190} INFO - (rekrute.com) Offre ignorée (URL existe déjà) : Accountant
[2025-03-21T06:03:05.783+0000] {logging_mixin.py:190} INFO - (rekrute.com) Offre ignorée (URL existe déjà) : Back Office
[2025-03-21T06:03:06.542+0000] {logging_mixin.py:190} INFO - (rekrute.com) Offre ignorée (URL existe déjà) : Chargé(e) s de Conduite d'Activité francophones
[2025-03-21T06:03:07.034+0000] {logging_mixin.py:190} INFO - (rekrute.com) Offre ignorée (URL existe déjà) : HR Generalist
[2025-03-21T06:03:07.579+0000] {logging_mixin.py:190} INFO - (rekrute.com) Offre ignorée (URL existe déjà) : Développeur Full Stack de Talent Expérimenté - PHP7 (H/F)
[2025-03-21T06:03:08.233+0000] {logging_mixin.py:190} INFO - (rekrute.com) Offre ignorée (URL existe déjà) : Ingénieur Safety/Sécurité Incendie
[2025-03-21T06:03:08.794+0000] {logging_mixin.py:190} INFO - (rekrute.com) Offre ignorée (URL existe déjà) : Cadre Recouvrement
[2025-03-21T06:03:09.371+0000] {logging_mixin.py:190} INFO - (rekrute.com) Offre ignorée (URL existe déjà) : Data Analyst - Contrôle de Gestion H/F
[2025-03-21T06:03:10.000+0000] {logging_mixin.py:190} INFO - (rekrute.com) Offre ignorée (URL existe déjà) : Chargé(e) de support informatique N0 parfaitement francophones
[2025-03-21T06:03:10.446+0000] {logging_mixin.py:190} INFO - (rekrute.com) Offre ignorée (URL existe déjà) : Assistante RH
[2025-03-21T06:03:12.450+0000] {logging_mixin.py:190} INFO - Extraction des données depuis marocemploi.net...
[2025-03-21T06:03:13.679+0000] {taskinstance.py:3313} ERROR - Task failed with exception
Traceback (most recent call last):
  File "/home/mohammed/venv/lib/python3.11/site-packages/airflow/models/taskinstance.py", line 763, in _execute_task
    result = _execute_callable(context=context, **execute_callable_kwargs)
             ^^^^^^^^^^^^^^^^^^^^^^^^^^^^^^^^^^^^^^^^^^^^^^^^^^^^^^^^^^^^^
  File "/home/mohammed/venv/lib/python3.11/site-packages/airflow/models/taskinstance.py", line 734, in _execute_callable
    return ExecutionCallableRunner(
           ^^^^^^^^^^^^^^^^^^^^^^^^
  File "/home/mohammed/venv/lib/python3.11/site-packages/airflow/utils/operator_helpers.py", line 252, in run
    return self.func(*args, **kwargs)
           ^^^^^^^^^^^^^^^^^^^^^^^^^^
  File "/home/mohammed/venv/lib/python3.11/site-packages/airflow/models/baseoperator.py", line 424, in wrapper
    return func(self, *args, **kwargs)
           ^^^^^^^^^^^^^^^^^^^^^^^^^^^
  File "/home/mohammed/venv/lib/python3.11/site-packages/airflow/operators/python.py", line 238, in execute
    return_value = self.execute_callable()
                   ^^^^^^^^^^^^^^^^^^^^^^^
  File "/home/mohammed/venv/lib/python3.11/site-packages/airflow/operators/python.py", line 256, in execute_callable
    return runner.run(*self.op_args, **self.op_kwargs)
           ^^^^^^^^^^^^^^^^^^^^^^^^^^^^^^^^^^^^^^^^^^^
  File "/home/mohammed/venv/lib/python3.11/site-packages/airflow/utils/operator_helpers.py", line 252, in run
    return self.func(*args, **kwargs)
           ^^^^^^^^^^^^^^^^^^^^^^^^^^
  File "/home/mohammed/airflow/dags/scripts/scraping_all_jobs.py", line 294, in extract_data
    all_offers.extend(extract_from_marocemploi_net())
                      ^^^^^^^^^^^^^^^^^^^^^^^^^^^^^^
  File "/home/mohammed/airflow/dags/scripts/scraping_all_jobs.py", line 207, in extract_from_marocemploi_net
    pagination = soup.find('ul', class_='jobsearch-page-numbers')
                 ^^^^
UnboundLocalError: cannot access local variable 'soup' where it is not associated with a value
[2025-03-21T06:03:13.791+0000] {logging_mixin.py:190} INFO - Task instance in failure state
[2025-03-21T06:03:13.792+0000] {logging_mixin.py:190} INFO - Task start:2025-03-21 06:02:33.091137+00:00 end:2025-03-21 06:03:13.789634+00:00 duration:40.698497
[2025-03-21T06:03:13.792+0000] {logging_mixin.py:190} INFO - Task:<Task(PythonOperator): extract_data> dag:<DAG: scrape_all_jobs> dagrun:<DagRun scrape_all_jobs @ 2025-03-21 06:02:20.018958+00:00: manual__2025-03-21T06:02:20.018958+00:00, state:running, queued_at: 2025-03-21 06:02:20.135498+00:00. externally triggered: True>
[2025-03-21T06:03:13.793+0000] {logging_mixin.py:190} INFO - Failure caused by cannot access local variable 'soup' where it is not associated with a value
[2025-03-21T06:03:13.794+0000] {taskinstance.py:1226} INFO - Marking task as UP_FOR_RETRY. dag_id=scrape_all_jobs, task_id=extract_data, run_id=manual__2025-03-21T06:02:20.018958+00:00, execution_date=20250321T060220, start_date=20250321T060233, end_date=20250321T060313
[2025-03-21T06:03:14.018+0000] {taskinstance.py:341} INFO - ::group::Post task execution logs
[2025-03-21T06:03:14.020+0000] {standard_task_runner.py:124} ERROR - Failed to execute job 1901 for task extract_data (cannot access local variable 'soup' where it is not associated with a value; 659461)
Traceback (most recent call last):
  File "/home/mohammed/venv/lib/python3.11/site-packages/airflow/task/task_runner/standard_task_runner.py", line 117, in _start_by_fork
    ret = args.func(args, dag=self.dag)
          ^^^^^^^^^^^^^^^^^^^^^^^^^^^^^
  File "/home/mohammed/venv/lib/python3.11/site-packages/airflow/cli/cli_config.py", line 49, in command
    return func(*args, **kwargs)
           ^^^^^^^^^^^^^^^^^^^^^
  File "/home/mohammed/venv/lib/python3.11/site-packages/airflow/utils/cli.py", line 116, in wrapper
    return f(*args, **kwargs)
           ^^^^^^^^^^^^^^^^^^
  File "/home/mohammed/venv/lib/python3.11/site-packages/airflow/cli/commands/task_command.py", line 483, in task_run
    task_return_code = _run_task_by_selected_method(args, _dag, ti)
                       ^^^^^^^^^^^^^^^^^^^^^^^^^^^^^^^^^^^^^^^^^^^^
  File "/home/mohammed/venv/lib/python3.11/site-packages/airflow/cli/commands/task_command.py", line 256, in _run_task_by_selected_method
    return _run_raw_task(args, ti)
           ^^^^^^^^^^^^^^^^^^^^^^^
  File "/home/mohammed/venv/lib/python3.11/site-packages/airflow/cli/commands/task_command.py", line 341, in _run_raw_task
    return ti._run_raw_task(
           ^^^^^^^^^^^^^^^^^
  File "/home/mohammed/venv/lib/python3.11/site-packages/airflow/utils/session.py", line 97, in wrapper
    return func(*args, session=session, **kwargs)
           ^^^^^^^^^^^^^^^^^^^^^^^^^^^^^^^^^^^^^^
  File "/home/mohammed/venv/lib/python3.11/site-packages/airflow/models/taskinstance.py", line 3006, in _run_raw_task
    return _run_raw_task(
           ^^^^^^^^^^^^^^
  File "/home/mohammed/venv/lib/python3.11/site-packages/airflow/models/taskinstance.py", line 274, in _run_raw_task
    TaskInstance._execute_task_with_callbacks(
  File "/home/mohammed/venv/lib/python3.11/site-packages/airflow/models/taskinstance.py", line 3161, in _execute_task_with_callbacks
    result = self._execute_task(context, task_orig)
             ^^^^^^^^^^^^^^^^^^^^^^^^^^^^^^^^^^^^^^
  File "/home/mohammed/venv/lib/python3.11/site-packages/airflow/models/taskinstance.py", line 3185, in _execute_task
    return _execute_task(self, context, task_orig)
           ^^^^^^^^^^^^^^^^^^^^^^^^^^^^^^^^^^^^^^^
  File "/home/mohammed/venv/lib/python3.11/site-packages/airflow/models/taskinstance.py", line 763, in _execute_task
    result = _execute_callable(context=context, **execute_callable_kwargs)
             ^^^^^^^^^^^^^^^^^^^^^^^^^^^^^^^^^^^^^^^^^^^^^^^^^^^^^^^^^^^^^
  File "/home/mohammed/venv/lib/python3.11/site-packages/airflow/models/taskinstance.py", line 734, in _execute_callable
    return ExecutionCallableRunner(
           ^^^^^^^^^^^^^^^^^^^^^^^^
  File "/home/mohammed/venv/lib/python3.11/site-packages/airflow/utils/operator_helpers.py", line 252, in run
    return self.func(*args, **kwargs)
           ^^^^^^^^^^^^^^^^^^^^^^^^^^
  File "/home/mohammed/venv/lib/python3.11/site-packages/airflow/models/baseoperator.py", line 424, in wrapper
    return func(self, *args, **kwargs)
           ^^^^^^^^^^^^^^^^^^^^^^^^^^^
  File "/home/mohammed/venv/lib/python3.11/site-packages/airflow/operators/python.py", line 238, in execute
    return_value = self.execute_callable()
                   ^^^^^^^^^^^^^^^^^^^^^^^
  File "/home/mohammed/venv/lib/python3.11/site-packages/airflow/operators/python.py", line 256, in execute_callable
    return runner.run(*self.op_args, **self.op_kwargs)
           ^^^^^^^^^^^^^^^^^^^^^^^^^^^^^^^^^^^^^^^^^^^
  File "/home/mohammed/venv/lib/python3.11/site-packages/airflow/utils/operator_helpers.py", line 252, in run
    return self.func(*args, **kwargs)
           ^^^^^^^^^^^^^^^^^^^^^^^^^^
  File "/home/mohammed/airflow/dags/scripts/scraping_all_jobs.py", line 294, in extract_data
    all_offers.extend(extract_from_marocemploi_net())
                      ^^^^^^^^^^^^^^^^^^^^^^^^^^^^^^
  File "/home/mohammed/airflow/dags/scripts/scraping_all_jobs.py", line 207, in extract_from_marocemploi_net
    pagination = soup.find('ul', class_='jobsearch-page-numbers')
                 ^^^^
UnboundLocalError: cannot access local variable 'soup' where it is not associated with a value
[2025-03-21T06:03:14.083+0000] {local_task_job_runner.py:266} INFO - Task exited with return code 1
[2025-03-21T06:03:14.188+0000] {taskinstance.py:3901} INFO - 0 downstream tasks scheduled from follow-on schedule check
[2025-03-21T06:03:14.193+0000] {local_task_job_runner.py:245} INFO - ::endgroup::
