[2025-03-13T15:38:33.776+0000] {local_task_job_runner.py:123} INFO - ::group::Pre task execution logs
[2025-03-13T15:38:33.919+0000] {taskinstance.py:2614} INFO - Dependencies all met for dep_context=non-requeueable deps ti=<TaskInstance: Simple_etl.clean_up_task manual__2025-03-13T15:28:04.752291+00:00 [queued]>
[2025-03-13T15:38:33.954+0000] {taskinstance.py:2614} INFO - Dependencies all met for dep_context=requeueable deps ti=<TaskInstance: Simple_etl.clean_up_task manual__2025-03-13T15:28:04.752291+00:00 [queued]>
[2025-03-13T15:38:33.955+0000] {taskinstance.py:2867} INFO - Starting attempt 1 of 1
[2025-03-13T15:38:33.982+0000] {taskinstance.py:2890} INFO - Executing <Task(PythonOperator): clean_up_task> on 2025-03-13 15:28:04.752291+00:00
[2025-03-13T15:38:33.996+0000] {standard_task_runner.py:72} INFO - Started process 19899 to run task
[2025-03-13T15:38:34.003+0000] {standard_task_runner.py:104} INFO - Running: ['airflow', 'tasks', 'run', 'Simple_etl', 'clean_up_task', 'manual__2025-03-13T15:28:04.752291+00:00', '--job-id', '112', '--raw', '--subdir', 'DAGS_FOLDER/dag_etl.py', '--cfg-path', '/tmp/tmpg877fkgs']
[2025-03-13T15:38:34.005+0000] {standard_task_runner.py:105} INFO - Job 112: Subtask clean_up_task
[2025-03-13T15:38:34.180+0000] {task_command.py:467} INFO - Running <TaskInstance: Simple_etl.clean_up_task manual__2025-03-13T15:28:04.752291+00:00 [running]> on host DESKTOP-IM7V4RI.
[2025-03-13T15:38:34.441+0000] {taskinstance.py:3134} INFO - Exporting env vars: AIRFLOW_CTX_DAG_EMAIL='airflow@example.com' AIRFLOW_CTX_DAG_OWNER='airflow' AIRFLOW_CTX_DAG_ID='Simple_etl' AIRFLOW_CTX_TASK_ID='clean_up_task' AIRFLOW_CTX_EXECUTION_DATE='2025-03-13T15:28:04.752291+00:00' AIRFLOW_CTX_TRY_NUMBER='1' AIRFLOW_CTX_DAG_RUN_ID='manual__2025-03-13T15:28:04.752291+00:00'
[2025-03-13T15:38:34.443+0000] {logging_mixin.py:190} INFO - Task instance is in running state
[2025-03-13T15:38:34.443+0000] {logging_mixin.py:190} INFO -  Previous state of the Task instance: queued
[2025-03-13T15:38:34.443+0000] {logging_mixin.py:190} INFO - Current task name:clean_up_task state:running start_date:2025-03-13 15:38:33.919681+00:00
[2025-03-13T15:38:34.444+0000] {logging_mixin.py:190} INFO - Dag name:Simple_etl and current dag run status:running
[2025-03-13T15:38:34.444+0000] {taskinstance.py:732} INFO - ::endgroup::
[2025-03-13T15:38:34.445+0000] {logging_mixin.py:190} INFO - -------------clean_up_task-----------------------
[2025-03-13T15:38:34.445+0000] {logging_mixin.py:190} INFO - /home/mohammed/input/bank-additional.csv
[2025-03-13T15:38:34.446+0000] {logging_mixin.py:190} INFO - -------------clean_up_task-----------------------
[2025-03-13T15:38:34.446+0000] {taskinstance.py:3313} ERROR - Task failed with exception
Traceback (most recent call last):
  File "/home/mohammed/venv/lib/python3.11/site-packages/airflow/models/taskinstance.py", line 768, in _execute_task
    result = _execute_callable(context=context, **execute_callable_kwargs)
             ^^^^^^^^^^^^^^^^^^^^^^^^^^^^^^^^^^^^^^^^^^^^^^^^^^^^^^^^^^^^^
  File "/home/mohammed/venv/lib/python3.11/site-packages/airflow/models/taskinstance.py", line 734, in _execute_callable
    return ExecutionCallableRunner(
           ^^^^^^^^^^^^^^^^^^^^^^^^
  File "/home/mohammed/venv/lib/python3.11/site-packages/airflow/utils/operator_helpers.py", line 252, in run
    return self.func(*args, **kwargs)
           ^^^^^^^^^^^^^^^^^^^^^^^^^^
  File "/home/mohammed/venv/lib/python3.11/site-packages/airflow/models/baseoperator.py", line 424, in wrapper
    return func(self, *args, **kwargs)
           ^^^^^^^^^^^^^^^^^^^^^^^^^^^
  File "/home/mohammed/venv/lib/python3.11/site-packages/airflow/operators/python.py", line 238, in execute
    return_value = self.execute_callable()
                   ^^^^^^^^^^^^^^^^^^^^^^^
  File "/home/mohammed/venv/lib/python3.11/site-packages/airflow/operators/python.py", line 256, in execute_callable
    return runner.run(*self.op_args, **self.op_kwargs)
           ^^^^^^^^^^^^^^^^^^^^^^^^^^^^^^^^^^^^^^^^^^^
  File "/home/mohammed/venv/lib/python3.11/site-packages/airflow/utils/operator_helpers.py", line 252, in run
    return self.func(*args, **kwargs)
           ^^^^^^^^^^^^^^^^^^^^^^^^^^
  File "/home/mohammed/airflow/dags/dag_etl.py", line 56, in clean_up_task
    os.rename(file, file + "_done_" + datetime.now().strftime('%Y%m%d%H%M%S'))
FileNotFoundError: [Errno 2] No such file or directory: '/home/mohammed/input/bank-additional.csv' -> '/home/mohammed/input/bank-additional.csv_done_20250313153834'
[2025-03-13T15:38:34.479+0000] {logging_mixin.py:190} INFO - Task instance in failure state
[2025-03-13T15:38:34.480+0000] {logging_mixin.py:190} INFO - Task start:2025-03-13 15:38:33.919681+00:00 end:2025-03-13 15:38:34.479059+00:00 duration:0.559378
[2025-03-13T15:38:34.480+0000] {logging_mixin.py:190} INFO - Task:<Task(PythonOperator): clean_up_task> dag:<DAG: Simple_etl> dagrun:<DagRun Simple_etl @ 2025-03-13 15:28:04.752291+00:00: manual__2025-03-13T15:28:04.752291+00:00, state:running, queued_at: 2025-03-13 15:28:04.775075+00:00. externally triggered: True>
[2025-03-13T15:38:34.481+0000] {logging_mixin.py:190} INFO - Failure caused by [Errno 2] No such file or directory: '/home/mohammed/input/bank-additional.csv' -> '/home/mohammed/input/bank-additional.csv_done_20250313153834'
[2025-03-13T15:38:34.481+0000] {taskinstance.py:1226} INFO - Marking task as FAILED. dag_id=Simple_etl, task_id=clean_up_task, run_id=manual__2025-03-13T15:28:04.752291+00:00, execution_date=20250313T152804, start_date=20250313T153833, end_date=20250313T153834
[2025-03-13T15:38:34.590+0000] {taskinstance.py:341} INFO - ::group::Post task execution logs
[2025-03-13T15:38:34.591+0000] {standard_task_runner.py:124} ERROR - Failed to execute job 112 for task clean_up_task ([Errno 2] No such file or directory: '/home/mohammed/input/bank-additional.csv' -> '/home/mohammed/input/bank-additional.csv_done_20250313153834'; 19899)
Traceback (most recent call last):
  File "/home/mohammed/venv/lib/python3.11/site-packages/airflow/task/task_runner/standard_task_runner.py", line 117, in _start_by_fork
    ret = args.func(args, dag=self.dag)
          ^^^^^^^^^^^^^^^^^^^^^^^^^^^^^
  File "/home/mohammed/venv/lib/python3.11/site-packages/airflow/cli/cli_config.py", line 49, in command
    return func(*args, **kwargs)
           ^^^^^^^^^^^^^^^^^^^^^
  File "/home/mohammed/venv/lib/python3.11/site-packages/airflow/utils/cli.py", line 116, in wrapper
    return f(*args, **kwargs)
           ^^^^^^^^^^^^^^^^^^
  File "/home/mohammed/venv/lib/python3.11/site-packages/airflow/cli/commands/task_command.py", line 483, in task_run
    task_return_code = _run_task_by_selected_method(args, _dag, ti)
                       ^^^^^^^^^^^^^^^^^^^^^^^^^^^^^^^^^^^^^^^^^^^^
  File "/home/mohammed/venv/lib/python3.11/site-packages/airflow/cli/commands/task_command.py", line 256, in _run_task_by_selected_method
    return _run_raw_task(args, ti)
           ^^^^^^^^^^^^^^^^^^^^^^^
  File "/home/mohammed/venv/lib/python3.11/site-packages/airflow/cli/commands/task_command.py", line 341, in _run_raw_task
    return ti._run_raw_task(
           ^^^^^^^^^^^^^^^^^
  File "/home/mohammed/venv/lib/python3.11/site-packages/airflow/utils/session.py", line 97, in wrapper
    return func(*args, session=session, **kwargs)
           ^^^^^^^^^^^^^^^^^^^^^^^^^^^^^^^^^^^^^^
  File "/home/mohammed/venv/lib/python3.11/site-packages/airflow/models/taskinstance.py", line 3006, in _run_raw_task
    return _run_raw_task(
           ^^^^^^^^^^^^^^
  File "/home/mohammed/venv/lib/python3.11/site-packages/airflow/models/taskinstance.py", line 274, in _run_raw_task
    TaskInstance._execute_task_with_callbacks(
  File "/home/mohammed/venv/lib/python3.11/site-packages/airflow/models/taskinstance.py", line 3161, in _execute_task_with_callbacks
    result = self._execute_task(context, task_orig)
             ^^^^^^^^^^^^^^^^^^^^^^^^^^^^^^^^^^^^^^
  File "/home/mohammed/venv/lib/python3.11/site-packages/airflow/models/taskinstance.py", line 3185, in _execute_task
    return _execute_task(self, context, task_orig)
           ^^^^^^^^^^^^^^^^^^^^^^^^^^^^^^^^^^^^^^^
  File "/home/mohammed/venv/lib/python3.11/site-packages/airflow/models/taskinstance.py", line 768, in _execute_task
    result = _execute_callable(context=context, **execute_callable_kwargs)
             ^^^^^^^^^^^^^^^^^^^^^^^^^^^^^^^^^^^^^^^^^^^^^^^^^^^^^^^^^^^^^
  File "/home/mohammed/venv/lib/python3.11/site-packages/airflow/models/taskinstance.py", line 734, in _execute_callable
    return ExecutionCallableRunner(
           ^^^^^^^^^^^^^^^^^^^^^^^^
  File "/home/mohammed/venv/lib/python3.11/site-packages/airflow/utils/operator_helpers.py", line 252, in run
    return self.func(*args, **kwargs)
           ^^^^^^^^^^^^^^^^^^^^^^^^^^
  File "/home/mohammed/venv/lib/python3.11/site-packages/airflow/models/baseoperator.py", line 424, in wrapper
    return func(self, *args, **kwargs)
           ^^^^^^^^^^^^^^^^^^^^^^^^^^^
  File "/home/mohammed/venv/lib/python3.11/site-packages/airflow/operators/python.py", line 238, in execute
    return_value = self.execute_callable()
                   ^^^^^^^^^^^^^^^^^^^^^^^
  File "/home/mohammed/venv/lib/python3.11/site-packages/airflow/operators/python.py", line 256, in execute_callable
    return runner.run(*self.op_args, **self.op_kwargs)
           ^^^^^^^^^^^^^^^^^^^^^^^^^^^^^^^^^^^^^^^^^^^
  File "/home/mohammed/venv/lib/python3.11/site-packages/airflow/utils/operator_helpers.py", line 252, in run
    return self.func(*args, **kwargs)
           ^^^^^^^^^^^^^^^^^^^^^^^^^^
  File "/home/mohammed/airflow/dags/dag_etl.py", line 56, in clean_up_task
    os.rename(file, file + "_done_" + datetime.now().strftime('%Y%m%d%H%M%S'))
FileNotFoundError: [Errno 2] No such file or directory: '/home/mohammed/input/bank-additional.csv' -> '/home/mohammed/input/bank-additional.csv_done_20250313153834'
[2025-03-13T15:38:34.622+0000] {local_task_job_runner.py:266} INFO - Task exited with return code 1
[2025-03-13T15:38:34.674+0000] {taskinstance.py:3901} INFO - 0 downstream tasks scheduled from follow-on schedule check
[2025-03-13T15:38:34.681+0000] {local_task_job_runner.py:245} INFO - ::endgroup::
