[2025-03-28T02:30:03.831+0000] {local_task_job_runner.py:123} INFO - ::group::Pre task execution logs
[2025-03-28T02:30:04.213+0000] {taskinstance.py:2614} INFO - Dependencies all met for dep_context=non-requeueable deps ti=<TaskInstance: load_dbt_clean_reviews_pipeline.dbt_run_transactional scheduled__2024-09-23T00:00:00+00:00 [queued]>
[2025-03-28T02:30:04.325+0000] {taskinstance.py:2614} INFO - Dependencies all met for dep_context=requeueable deps ti=<TaskInstance: load_dbt_clean_reviews_pipeline.dbt_run_transactional scheduled__2024-09-23T00:00:00+00:00 [queued]>
[2025-03-28T02:30:04.350+0000] {taskinstance.py:2867} INFO - Starting attempt 1 of 2
[2025-03-28T02:30:04.593+0000] {taskinstance.py:2890} INFO - Executing <Task(BashOperator): dbt_run_transactional> on 2024-09-23 00:00:00+00:00
[2025-03-28T02:30:04.648+0000] {standard_task_runner.py:72} INFO - Started process 207972 to run task
[2025-03-28T02:30:04.713+0000] {standard_task_runner.py:104} INFO - Running: ['airflow', 'tasks', 'run', 'load_dbt_clean_reviews_pipeline', 'dbt_run_transactional', 'scheduled__2024-09-23T00:00:00+00:00', '--job-id', '2190', '--raw', '--subdir', 'DAGS_FOLDER/dag_load_reviews.py', '--cfg-path', '/tmp/tmpyupj1i2t']
[2025-03-28T02:30:04.737+0000] {standard_task_runner.py:105} INFO - Job 2190: Subtask dbt_run_transactional
[2025-03-28T02:30:05.790+0000] {task_command.py:467} INFO - Running <TaskInstance: load_dbt_clean_reviews_pipeline.dbt_run_transactional scheduled__2024-09-23T00:00:00+00:00 [running]> on host DESKTOP-IM7V4RI.
[2025-03-28T02:30:07.646+0000] {taskinstance.py:3134} INFO - Exporting env vars: AIRFLOW_CTX_DAG_OWNER='mohammed' AIRFLOW_CTX_DAG_ID='load_dbt_clean_reviews_pipeline' AIRFLOW_CTX_TASK_ID='dbt_run_transactional' AIRFLOW_CTX_EXECUTION_DATE='2024-09-23T00:00:00+00:00' AIRFLOW_CTX_TRY_NUMBER='1' AIRFLOW_CTX_DAG_RUN_ID='scheduled__2024-09-23T00:00:00+00:00'
[2025-03-28T02:30:07.654+0000] {logging_mixin.py:190} INFO - Task instance is in running state
[2025-03-28T02:30:07.663+0000] {logging_mixin.py:190} INFO -  Previous state of the Task instance: queued
[2025-03-28T02:30:07.667+0000] {logging_mixin.py:190} INFO - Current task name:dbt_run_transactional state:running start_date:2025-03-28 02:30:04.214562+00:00
[2025-03-28T02:30:07.669+0000] {logging_mixin.py:190} INFO - Dag name:load_dbt_clean_reviews_pipeline and current dag run status:running
[2025-03-28T02:30:07.674+0000] {taskinstance.py:732} INFO - ::endgroup::
[2025-03-28T02:30:07.690+0000] {subprocess.py:78} INFO - Tmp dir root location: /tmp
[2025-03-28T02:30:07.733+0000] {subprocess.py:88} INFO - Running command: ['/usr/bin/bash', '-c', 'cd /home/mohammed/.dbt/dbt_projects/bank_reviews_transactional && dbt run']
[2025-03-28T02:30:07.884+0000] {subprocess.py:99} INFO - Output:
[2025-03-28T02:30:39.267+0000] {subprocess.py:106} INFO - [0m02:30:39  Running with dbt=1.9.3
[2025-03-28T02:30:44.157+0000] {subprocess.py:106} INFO - [0m02:30:44  Registered adapter: postgres=1.9.0
[2025-03-28T02:30:50.543+0000] {subprocess.py:106} INFO - [0m02:30:50  [[33mWARNING[0m]: Configuration paths exist in your dbt_project.yml file which do not apply to any resources.
[2025-03-28T02:30:50.545+0000] {subprocess.py:106} INFO - There are 1 unused configuration paths:
[2025-03-28T02:30:50.545+0000] {subprocess.py:106} INFO - - models.bank_reviews_transactional.transactional
[2025-03-28T02:30:55.666+0000] {subprocess.py:106} INFO - [0m02:30:55  Found 1 model, 1 source, 433 macros
[2025-03-28T02:30:55.774+0000] {subprocess.py:106} INFO - [0m02:30:55
[2025-03-28T02:30:55.776+0000] {subprocess.py:106} INFO - [0m02:30:55  Concurrency: 4 threads (target='dev')
[2025-03-28T02:30:55.786+0000] {subprocess.py:106} INFO - [0m02:30:55
[2025-03-28T02:30:58.576+0000] {subprocess.py:106} INFO - [0m02:30:58  1 of 1 START sql table model transactional.clean_reviews ....................... [RUN]
[2025-03-28T02:31:09.078+0000] {subprocess.py:106} INFO - [0m02:31:09  1 of 1 OK created sql table model transactional.clean_reviews .................. [[32mSELECT 281[0m in 10.47s]
[2025-03-28T02:31:09.241+0000] {subprocess.py:106} INFO - [0m02:31:09
[2025-03-28T02:31:09.268+0000] {subprocess.py:106} INFO - [0m02:31:09  Finished running 1 table model in 0 hours 0 minutes and 13.46 seconds (13.46s).
[2025-03-28T02:31:09.672+0000] {subprocess.py:106} INFO - [0m02:31:09
[2025-03-28T02:31:09.687+0000] {subprocess.py:106} INFO - [0m02:31:09  [32mCompleted successfully[0m
[2025-03-28T02:31:09.708+0000] {subprocess.py:106} INFO - [0m02:31:09
[2025-03-28T02:31:09.713+0000] {subprocess.py:106} INFO - [0m02:31:09  Done. PASS=1 WARN=0 ERROR=0 SKIP=0 TOTAL=1
[2025-03-28T02:31:14.756+0000] {subprocess.py:110} INFO - Command exited with return code 0
[2025-03-28T02:31:17.022+0000] {taskinstance.py:341} INFO - ::group::Post task execution logs
[2025-03-28T02:31:17.087+0000] {taskinstance.py:353} INFO - Marking task as SUCCESS. dag_id=load_dbt_clean_reviews_pipeline, task_id=dbt_run_transactional, run_id=scheduled__2024-09-23T00:00:00+00:00, execution_date=20240923T000000, start_date=20250328T023004, end_date=20250328T023117
[2025-03-28T02:31:18.088+0000] {logging_mixin.py:190} INFO - Task instance in success state
[2025-03-28T02:31:18.093+0000] {logging_mixin.py:190} INFO -  Previous state of the Task instance: running
[2025-03-28T02:31:18.094+0000] {logging_mixin.py:190} INFO - Dag name:load_dbt_clean_reviews_pipeline queued_at:2025-03-28 02:29:51.951886+00:00
[2025-03-28T02:31:18.094+0000] {logging_mixin.py:190} INFO - Task hostname:DESKTOP-IM7V4RI. operator:BashOperator
[2025-03-28T02:31:18.336+0000] {local_task_job_runner.py:266} INFO - Task exited with return code 0
[2025-03-28T02:31:18.970+0000] {taskinstance.py:3901} INFO - 0 downstream tasks scheduled from follow-on schedule check
[2025-03-28T02:31:19.007+0000] {local_task_job_runner.py:245} INFO - ::endgroup::
