[2025-03-13T15:22:44.409+0000] {local_task_job_runner.py:123} INFO - ::group::Pre task execution logs
[2025-03-13T15:22:44.587+0000] {taskinstance.py:2614} INFO - Dependencies all met for dep_context=non-requeueable deps ti=<TaskInstance: tutorial.templated scheduled__2025-03-12T00:00:00+00:00 [queued]>
[2025-03-13T15:22:44.660+0000] {taskinstance.py:2614} INFO - Dependencies all met for dep_context=requeueable deps ti=<TaskInstance: tutorial.templated scheduled__2025-03-12T00:00:00+00:00 [queued]>
[2025-03-13T15:22:44.662+0000] {taskinstance.py:2867} INFO - Starting attempt 1 of 2
[2025-03-13T15:22:44.735+0000] {taskinstance.py:2890} INFO - Executing <Task(BashOperator): templated> on 2025-03-12 00:00:00+00:00
[2025-03-13T15:22:44.746+0000] {standard_task_runner.py:72} INFO - Started process 1682 to run task
[2025-03-13T15:22:44.764+0000] {standard_task_runner.py:104} INFO - Running: ['airflow', 'tasks', 'run', 'tutorial', 'templated', 'scheduled__2025-03-12T00:00:00+00:00', '--job-id', '79', '--raw', '--subdir', '/home/mohammed/venv/lib/python3.11/site-packages/airflow/example_dags/tutorial.py', '--cfg-path', '/tmp/tmpgigj4798']
[2025-03-13T15:22:44.766+0000] {standard_task_runner.py:105} INFO - Job 79: Subtask templated
[2025-03-13T15:22:45.077+0000] {task_command.py:467} INFO - Running <TaskInstance: tutorial.templated scheduled__2025-03-12T00:00:00+00:00 [running]> on host DESKTOP-IM7V4RI.
[2025-03-13T15:22:45.373+0000] {taskinstance.py:3134} INFO - Exporting env vars: AIRFLOW_CTX_DAG_EMAIL='airflow@example.com' AIRFLOW_CTX_DAG_OWNER='airflow' AIRFLOW_CTX_DAG_ID='tutorial' AIRFLOW_CTX_TASK_ID='templated' AIRFLOW_CTX_EXECUTION_DATE='2025-03-12T00:00:00+00:00' AIRFLOW_CTX_TRY_NUMBER='1' AIRFLOW_CTX_DAG_RUN_ID='scheduled__2025-03-12T00:00:00+00:00'
[2025-03-13T15:22:45.375+0000] {logging_mixin.py:190} INFO - Task instance is in running state
[2025-03-13T15:22:45.376+0000] {logging_mixin.py:190} INFO -  Previous state of the Task instance: queued
[2025-03-13T15:22:45.376+0000] {logging_mixin.py:190} INFO - Current task name:templated state:running start_date:2025-03-13 15:22:44.588012+00:00
[2025-03-13T15:22:45.376+0000] {logging_mixin.py:190} INFO - Dag name:tutorial and current dag run status:running
[2025-03-13T15:22:45.377+0000] {taskinstance.py:732} INFO - ::endgroup::
[2025-03-13T15:22:45.378+0000] {subprocess.py:78} INFO - Tmp dir root location: /tmp
[2025-03-13T15:22:45.381+0000] {subprocess.py:88} INFO - Running command: ['/usr/bin/bash', '-c', '\n\n    echo "2025-03-12"\n    echo "2025-03-19"\n\n    echo "2025-03-12"\n    echo "2025-03-19"\n\n    echo "2025-03-12"\n    echo "2025-03-19"\n\n    echo "2025-03-12"\n    echo "2025-03-19"\n\n    echo "2025-03-12"\n    echo "2025-03-19"\n']
[2025-03-13T15:22:45.401+0000] {subprocess.py:99} INFO - Output:
[2025-03-13T15:22:45.403+0000] {subprocess.py:106} INFO - 2025-03-12
[2025-03-13T15:22:45.405+0000] {subprocess.py:106} INFO - 2025-03-19
[2025-03-13T15:22:45.407+0000] {subprocess.py:106} INFO - 2025-03-12
[2025-03-13T15:22:45.410+0000] {subprocess.py:106} INFO - 2025-03-19
[2025-03-13T15:22:45.411+0000] {subprocess.py:106} INFO - 2025-03-12
[2025-03-13T15:22:45.411+0000] {subprocess.py:106} INFO - 2025-03-19
[2025-03-13T15:22:45.412+0000] {subprocess.py:106} INFO - 2025-03-12
[2025-03-13T15:22:45.412+0000] {subprocess.py:106} INFO - 2025-03-19
[2025-03-13T15:22:45.412+0000] {subprocess.py:106} INFO - 2025-03-12
[2025-03-13T15:22:45.413+0000] {subprocess.py:106} INFO - 2025-03-19
[2025-03-13T15:22:45.413+0000] {subprocess.py:110} INFO - Command exited with return code 0
[2025-03-13T15:22:45.524+0000] {taskinstance.py:341} INFO - ::group::Post task execution logs
[2025-03-13T15:22:45.534+0000] {taskinstance.py:353} INFO - Marking task as SUCCESS. dag_id=tutorial, task_id=templated, run_id=scheduled__2025-03-12T00:00:00+00:00, execution_date=20250312T000000, start_date=20250313T152244, end_date=20250313T152245
[2025-03-13T15:22:45.660+0000] {logging_mixin.py:190} INFO - Task instance in success state
[2025-03-13T15:22:45.661+0000] {logging_mixin.py:190} INFO -  Previous state of the Task instance: running
[2025-03-13T15:22:45.662+0000] {logging_mixin.py:190} INFO - Dag name:tutorial queued_at:2025-03-13 15:22:36.286186+00:00
[2025-03-13T15:22:45.663+0000] {logging_mixin.py:190} INFO - Task hostname:DESKTOP-IM7V4RI. operator:BashOperator
[2025-03-13T15:22:45.712+0000] {local_task_job_runner.py:266} INFO - Task exited with return code 0
[2025-03-13T15:22:45.779+0000] {taskinstance.py:3901} INFO - 0 downstream tasks scheduled from follow-on schedule check
[2025-03-13T15:22:45.788+0000] {local_task_job_runner.py:245} INFO - ::endgroup::
