[2025-03-28T13:39:57.311+0000] {local_task_job_runner.py:123} INFO - ::group::Pre task execution logs
[2025-03-28T13:39:57.477+0000] {taskinstance.py:2614} INFO - Dependencies all met for dep_context=non-requeueable deps ti=<TaskInstance: load_dbt_clean_reviews_pipeline.dbt_run_transactional scheduled__2024-12-20T00:00:00+00:00 [queued]>
[2025-03-28T13:39:57.555+0000] {taskinstance.py:2614} INFO - Dependencies all met for dep_context=requeueable deps ti=<TaskInstance: load_dbt_clean_reviews_pipeline.dbt_run_transactional scheduled__2024-12-20T00:00:00+00:00 [queued]>
[2025-03-28T13:39:57.556+0000] {taskinstance.py:2867} INFO - Starting attempt 2 of 2
[2025-03-28T13:39:57.657+0000] {taskinstance.py:2890} INFO - Executing <Task(BashOperator): dbt_run_transactional> on 2024-12-20 00:00:00+00:00
[2025-03-28T13:39:57.736+0000] {standard_task_runner.py:72} INFO - Started process 16328 to run task
[2025-03-28T13:39:57.817+0000] {standard_task_runner.py:104} INFO - Running: ['airflow', 'tasks', 'run', 'load_dbt_clean_reviews_pipeline', 'dbt_run_transactional', 'scheduled__2024-12-20T00:00:00+00:00', '--job-id', '2340', '--raw', '--subdir', 'DAGS_FOLDER/dag_load_reviews.py', '--cfg-path', '/tmp/tmp52iwqosi']
[2025-03-28T13:39:57.835+0000] {standard_task_runner.py:105} INFO - Job 2340: Subtask dbt_run_transactional
[2025-03-28T13:39:58.730+0000] {task_command.py:467} INFO - Running <TaskInstance: load_dbt_clean_reviews_pipeline.dbt_run_transactional scheduled__2024-12-20T00:00:00+00:00 [running]> on host DESKTOP-IM7V4RI.
[2025-03-28T13:40:01.189+0000] {taskinstance.py:3134} INFO - Exporting env vars: AIRFLOW_CTX_DAG_OWNER='mohammed' AIRFLOW_CTX_DAG_ID='load_dbt_clean_reviews_pipeline' AIRFLOW_CTX_TASK_ID='dbt_run_transactional' AIRFLOW_CTX_EXECUTION_DATE='2024-12-20T00:00:00+00:00' AIRFLOW_CTX_TRY_NUMBER='2' AIRFLOW_CTX_DAG_RUN_ID='scheduled__2024-12-20T00:00:00+00:00'
[2025-03-28T13:40:01.191+0000] {logging_mixin.py:190} INFO - Task instance is in running state
[2025-03-28T13:40:01.202+0000] {logging_mixin.py:190} INFO -  Previous state of the Task instance: queued
[2025-03-28T13:40:01.203+0000] {logging_mixin.py:190} INFO - Current task name:dbt_run_transactional state:running start_date:2025-03-28 13:39:57.486627+00:00
[2025-03-28T13:40:01.203+0000] {logging_mixin.py:190} INFO - Dag name:load_dbt_clean_reviews_pipeline and current dag run status:running
[2025-03-28T13:40:01.204+0000] {taskinstance.py:732} INFO - ::endgroup::
[2025-03-28T13:40:01.206+0000] {subprocess.py:78} INFO - Tmp dir root location: /tmp
[2025-03-28T13:40:01.231+0000] {subprocess.py:88} INFO - Running command: ['/usr/bin/bash', '-c', 'cd /home/mohammed/.dbt/dbt_projects/bank_reviews_transactional && dbt run']
[2025-03-28T13:40:01.348+0000] {subprocess.py:99} INFO - Output:
[2025-03-28T13:40:19.772+0000] {subprocess.py:106} INFO - [0m13:40:19  Running with dbt=1.9.3
[2025-03-28T13:40:21.426+0000] {subprocess.py:106} INFO - [0m13:40:21  Registered adapter: postgres=1.9.0
[2025-03-28T13:40:22.479+0000] {subprocess.py:106} INFO - [0m13:40:22  [[33mWARNING[0m]: Configuration paths exist in your dbt_project.yml file which do not apply to any resources.
[2025-03-28T13:40:22.479+0000] {subprocess.py:106} INFO - There are 1 unused configuration paths:
[2025-03-28T13:40:22.480+0000] {subprocess.py:106} INFO - - models.bank_reviews_transactional.transactional
[2025-03-28T13:40:25.722+0000] {subprocess.py:106} INFO - [0m13:40:25  Found 1 model, 1 source, 433 macros
[2025-03-28T13:40:25.734+0000] {subprocess.py:106} INFO - [0m13:40:25
[2025-03-28T13:40:25.735+0000] {subprocess.py:106} INFO - [0m13:40:25  Concurrency: 4 threads (target='dev')
[2025-03-28T13:40:25.736+0000] {subprocess.py:106} INFO - [0m13:40:25
[2025-03-28T13:40:26.623+0000] {subprocess.py:106} INFO - [0m13:40:26  1 of 1 START sql table model transactional.clean_reviews ....................... [RUN]
[2025-03-28T13:40:29.033+0000] {subprocess.py:106} INFO - [0m13:40:29  1 of 1 OK created sql table model transactional.clean_reviews .................. [[32mSELECT 281[0m in 2.40s]
[2025-03-28T13:40:29.137+0000] {subprocess.py:106} INFO - [0m13:40:29
[2025-03-28T13:40:29.141+0000] {subprocess.py:106} INFO - [0m13:40:29  Finished running 1 table model in 0 hours 0 minutes and 3.40 seconds (3.40s).
[2025-03-28T13:40:29.283+0000] {subprocess.py:106} INFO - [0m13:40:29
[2025-03-28T13:40:29.285+0000] {subprocess.py:106} INFO - [0m13:40:29  [32mCompleted successfully[0m
[2025-03-28T13:40:29.287+0000] {subprocess.py:106} INFO - [0m13:40:29
[2025-03-28T13:40:29.289+0000] {subprocess.py:106} INFO - [0m13:40:29  Done. PASS=1 WARN=0 ERROR=0 SKIP=0 TOTAL=1
[2025-03-28T13:40:33.313+0000] {subprocess.py:110} INFO - Command exited with return code 0
[2025-03-28T13:40:33.623+0000] {taskinstance.py:341} INFO - ::group::Post task execution logs
[2025-03-28T13:40:33.624+0000] {taskinstance.py:353} INFO - Marking task as SUCCESS. dag_id=load_dbt_clean_reviews_pipeline, task_id=dbt_run_transactional, run_id=scheduled__2024-12-20T00:00:00+00:00, execution_date=20241220T000000, start_date=20250328T133957, end_date=20250328T134033
[2025-03-28T13:40:33.932+0000] {logging_mixin.py:190} INFO - Task instance in success state
[2025-03-28T13:40:33.933+0000] {logging_mixin.py:190} INFO -  Previous state of the Task instance: running
[2025-03-28T13:40:33.934+0000] {logging_mixin.py:190} INFO - Dag name:load_dbt_clean_reviews_pipeline queued_at:2025-03-28 13:33:54.309281+00:00
[2025-03-28T13:40:33.934+0000] {logging_mixin.py:190} INFO - Task hostname:DESKTOP-IM7V4RI. operator:BashOperator
[2025-03-28T13:40:33.980+0000] {local_task_job_runner.py:266} INFO - Task exited with return code 0
[2025-03-28T13:40:34.132+0000] {taskinstance.py:3901} INFO - 0 downstream tasks scheduled from follow-on schedule check
[2025-03-28T13:40:34.152+0000] {local_task_job_runner.py:245} INFO - ::endgroup::
