[2025-03-17T01:13:01.733+0000] {local_task_job_runner.py:123} INFO - ::group::Pre task execution logs
[2025-03-17T01:13:01.784+0000] {taskinstance.py:2614} INFO - Dependencies all met for dep_context=non-requeueable deps ti=<TaskInstance: load_reviews_pipeline.dbt_run scheduled__2025-01-04T00:00:00+00:00 [queued]>
[2025-03-17T01:13:01.799+0000] {taskinstance.py:2614} INFO - Dependencies all met for dep_context=requeueable deps ti=<TaskInstance: load_reviews_pipeline.dbt_run scheduled__2025-01-04T00:00:00+00:00 [queued]>
[2025-03-17T01:13:01.800+0000] {taskinstance.py:2867} INFO - Starting attempt 1 of 2
[2025-03-17T01:13:01.847+0000] {taskinstance.py:2890} INFO - Executing <Task(BashOperator): dbt_run> on 2025-01-04 00:00:00+00:00
[2025-03-17T01:13:01.857+0000] {standard_task_runner.py:72} INFO - Started process 319943 to run task
[2025-03-17T01:13:01.865+0000] {standard_task_runner.py:104} INFO - Running: ['airflow', 'tasks', 'run', 'load_reviews_pipeline', 'dbt_run', 'scheduled__2025-01-04T00:00:00+00:00', '--job-id', '569', '--raw', '--subdir', 'DAGS_FOLDER/dag_load_reviews.py', '--cfg-path', '/tmp/tmpve8bk7w7']
[2025-03-17T01:13:01.867+0000] {standard_task_runner.py:105} INFO - Job 569: Subtask dbt_run
[2025-03-17T01:13:02.020+0000] {task_command.py:467} INFO - Running <TaskInstance: load_reviews_pipeline.dbt_run scheduled__2025-01-04T00:00:00+00:00 [running]> on host DESKTOP-IM7V4RI.
[2025-03-17T01:13:02.252+0000] {taskinstance.py:3134} INFO - Exporting env vars: AIRFLOW_CTX_DAG_OWNER='mohammed' AIRFLOW_CTX_DAG_ID='load_reviews_pipeline' AIRFLOW_CTX_TASK_ID='dbt_run' AIRFLOW_CTX_EXECUTION_DATE='2025-01-04T00:00:00+00:00' AIRFLOW_CTX_TRY_NUMBER='1' AIRFLOW_CTX_DAG_RUN_ID='scheduled__2025-01-04T00:00:00+00:00'
[2025-03-17T01:13:02.254+0000] {logging_mixin.py:190} INFO - Task instance is in running state
[2025-03-17T01:13:02.255+0000] {logging_mixin.py:190} INFO -  Previous state of the Task instance: queued
[2025-03-17T01:13:02.255+0000] {logging_mixin.py:190} INFO - Current task name:dbt_run state:running start_date:2025-03-17 01:13:01.784622+00:00
[2025-03-17T01:13:02.256+0000] {logging_mixin.py:190} INFO - Dag name:load_reviews_pipeline and current dag run status:running
[2025-03-17T01:13:02.256+0000] {taskinstance.py:732} INFO - ::endgroup::
[2025-03-17T01:13:02.257+0000] {subprocess.py:78} INFO - Tmp dir root location: /tmp
[2025-03-17T01:13:02.259+0000] {subprocess.py:88} INFO - Running command: ['/usr/bin/bash', '-c', 'cd /home/mohammed/.dbt/bank_reviews_project && dbt run']
[2025-03-17T01:13:02.278+0000] {subprocess.py:99} INFO - Output:
[2025-03-17T01:13:05.433+0000] {subprocess.py:106} INFO - [0m01:13:05  Running with dbt=1.9.3
[2025-03-17T01:13:06.252+0000] {subprocess.py:106} INFO - [0m01:13:06  Registered adapter: postgres=1.9.0
[2025-03-17T01:13:08.134+0000] {subprocess.py:106} INFO - [0m01:13:08  Found 10 models, 4 data tests, 2 sources, 433 macros
[2025-03-17T01:13:08.143+0000] {subprocess.py:106} INFO - [0m01:13:08
[2025-03-17T01:13:08.145+0000] {subprocess.py:106} INFO - [0m01:13:08  Concurrency: 4 threads (target='dev')
[2025-03-17T01:13:08.147+0000] {subprocess.py:106} INFO - [0m01:13:08
[2025-03-17T01:13:08.670+0000] {subprocess.py:106} INFO - [0m01:13:08  1 of 10 START sql view model public.clean_reviews .............................. [RUN]
[2025-03-17T01:13:08.680+0000] {subprocess.py:106} INFO - [0m01:13:08  3 of 10 START sql view model public.remove_duplicates .......................... [RUN]
[2025-03-17T01:13:08.686+0000] {subprocess.py:106} INFO - [0m01:13:08  2 of 10 START sql table model public.my_first_dbt_model ........................ [RUN]
[2025-03-17T01:13:08.691+0000] {subprocess.py:106} INFO - [0m01:13:08  4 of 10 START sql view model public.stg_clean_reviews .......................... [RUN]
[2025-03-17T01:13:09.837+0000] {subprocess.py:106} INFO - [0m01:13:09  4 of 10 OK created sql view model public.stg_clean_reviews ..................... [[32mCREATE VIEW[0m in 1.13s]
[2025-03-17T01:13:09.838+0000] {subprocess.py:106} INFO - [0m01:13:09  1 of 10 OK created sql view model public.clean_reviews ......................... [[32mCREATE VIEW[0m in 1.16s]
[2025-03-17T01:13:09.840+0000] {subprocess.py:106} INFO - [0m01:13:09  3 of 10 OK created sql view model public.remove_duplicates ..................... [[32mCREATE VIEW[0m in 1.15s]
[2025-03-17T01:13:09.847+0000] {subprocess.py:106} INFO - [0m01:13:09  2 of 10 OK created sql table model public.my_first_dbt_model ................... [[32mSELECT 2[0m in 1.15s]
[2025-03-17T01:13:09.863+0000] {subprocess.py:106} INFO - [0m01:13:09  5 of 10 START sql view model public.dim_bank ................................... [RUN]
[2025-03-17T01:13:09.870+0000] {subprocess.py:106} INFO - [0m01:13:09  8 of 10 START sql view model public.dim_sentiment .............................. [RUN]
[2025-03-17T01:13:09.894+0000] {subprocess.py:106} INFO - [0m01:13:09  7 of 10 START sql view model public.dim_location ............................... [RUN]
[2025-03-17T01:13:09.906+0000] {subprocess.py:106} INFO - [0m01:13:09  6 of 10 START sql view model public.dim_branch ................................. [RUN]
[2025-03-17T01:13:10.234+0000] {subprocess.py:106} INFO - [0m01:13:10  7 of 10 OK created sql view model public.dim_location .......................... [[32mCREATE VIEW[0m in 0.35s]
[2025-03-17T01:13:10.251+0000] {subprocess.py:106} INFO - [0m01:13:10  5 of 10 OK created sql view model public.dim_bank .............................. [[32mCREATE VIEW[0m in 0.37s]
[2025-03-17T01:13:10.257+0000] {subprocess.py:106} INFO - [0m01:13:10  6 of 10 OK created sql view model public.dim_branch ............................ [[32mCREATE VIEW[0m in 0.35s]
[2025-03-17T01:13:10.261+0000] {subprocess.py:106} INFO - [0m01:13:10  8 of 10 OK created sql view model public.dim_sentiment ......................... [[32mCREATE VIEW[0m in 0.38s]
[2025-03-17T01:13:10.265+0000] {subprocess.py:106} INFO - [0m01:13:10  9 of 10 START sql view model public.my_second_dbt_model ........................ [RUN]
[2025-03-17T01:13:10.272+0000] {subprocess.py:106} INFO - [0m01:13:10  10 of 10 START sql view model public.fact_reviews .............................. [RUN]
[2025-03-17T01:13:10.449+0000] {subprocess.py:106} INFO - [0m01:13:10  10 of 10 OK created sql view model public.fact_reviews ......................... [[32mCREATE VIEW[0m in 0.16s]
[2025-03-17T01:13:10.465+0000] {subprocess.py:106} INFO - [0m01:13:10  9 of 10 OK created sql view model public.my_second_dbt_model ................... [[32mCREATE VIEW[0m in 0.19s]
[2025-03-17T01:13:10.515+0000] {subprocess.py:106} INFO - [0m01:13:10
[2025-03-17T01:13:10.518+0000] {subprocess.py:106} INFO - [0m01:13:10  Finished running 1 table model, 9 view models in 0 hours 0 minutes and 2.37 seconds (2.37s).
[2025-03-17T01:13:10.620+0000] {subprocess.py:106} INFO - [0m01:13:10
[2025-03-17T01:13:10.621+0000] {subprocess.py:106} INFO - [0m01:13:10  [32mCompleted successfully[0m
[2025-03-17T01:13:10.623+0000] {subprocess.py:106} INFO - [0m01:13:10
[2025-03-17T01:13:10.625+0000] {subprocess.py:106} INFO - [0m01:13:10  Done. PASS=10 WARN=0 ERROR=0 SKIP=0 TOTAL=10
[2025-03-17T01:13:15.930+0000] {subprocess.py:110} INFO - Command exited with return code 0
[2025-03-17T01:13:15.986+0000] {taskinstance.py:341} INFO - ::group::Post task execution logs
[2025-03-17T01:13:15.986+0000] {taskinstance.py:353} INFO - Marking task as SUCCESS. dag_id=load_reviews_pipeline, task_id=dbt_run, run_id=scheduled__2025-01-04T00:00:00+00:00, execution_date=20250104T000000, start_date=20250317T011301, end_date=20250317T011315
[2025-03-17T01:13:16.041+0000] {logging_mixin.py:190} INFO - Task instance in success state
[2025-03-17T01:13:16.041+0000] {logging_mixin.py:190} INFO -  Previous state of the Task instance: running
[2025-03-17T01:13:16.041+0000] {logging_mixin.py:190} INFO - Dag name:load_reviews_pipeline queued_at:2025-03-17 01:13:00.394835+00:00
[2025-03-17T01:13:16.042+0000] {logging_mixin.py:190} INFO - Task hostname:DESKTOP-IM7V4RI. operator:BashOperator
[2025-03-17T01:13:16.082+0000] {local_task_job_runner.py:266} INFO - Task exited with return code 0
[2025-03-17T01:13:16.117+0000] {taskinstance.py:3901} INFO - 0 downstream tasks scheduled from follow-on schedule check
[2025-03-17T01:13:16.124+0000] {local_task_job_runner.py:245} INFO - ::endgroup::
