[2025-03-28T02:25:54.118+0000] {local_task_job_runner.py:123} INFO - ::group::Pre task execution logs
[2025-03-28T02:25:54.225+0000] {taskinstance.py:2614} INFO - Dependencies all met for dep_context=non-requeueable deps ti=<TaskInstance: load_dbt_clean_reviews_pipeline.dbt_run_transactional scheduled__2024-08-02T00:00:00+00:00 [queued]>
[2025-03-28T02:25:54.296+0000] {taskinstance.py:2614} INFO - Dependencies all met for dep_context=requeueable deps ti=<TaskInstance: load_dbt_clean_reviews_pipeline.dbt_run_transactional scheduled__2024-08-02T00:00:00+00:00 [queued]>
[2025-03-28T02:25:54.298+0000] {taskinstance.py:2867} INFO - Starting attempt 1 of 2
[2025-03-28T02:25:54.486+0000] {taskinstance.py:2890} INFO - Executing <Task(BashOperator): dbt_run_transactional> on 2024-08-02 00:00:00+00:00
[2025-03-28T02:25:54.503+0000] {standard_task_runner.py:72} INFO - Started process 201697 to run task
[2025-03-28T02:25:54.544+0000] {standard_task_runner.py:104} INFO - Running: ['airflow', 'tasks', 'run', 'load_dbt_clean_reviews_pipeline', 'dbt_run_transactional', 'scheduled__2024-08-02T00:00:00+00:00', '--job-id', '2132', '--raw', '--subdir', 'DAGS_FOLDER/dag_load_reviews.py', '--cfg-path', '/tmp/tmpycd26wg4']
[2025-03-28T02:25:54.559+0000] {standard_task_runner.py:105} INFO - Job 2132: Subtask dbt_run_transactional
[2025-03-28T02:25:55.142+0000] {task_command.py:467} INFO - Running <TaskInstance: load_dbt_clean_reviews_pipeline.dbt_run_transactional scheduled__2024-08-02T00:00:00+00:00 [running]> on host DESKTOP-IM7V4RI.
[2025-03-28T02:25:55.735+0000] {taskinstance.py:3134} INFO - Exporting env vars: AIRFLOW_CTX_DAG_OWNER='mohammed' AIRFLOW_CTX_DAG_ID='load_dbt_clean_reviews_pipeline' AIRFLOW_CTX_TASK_ID='dbt_run_transactional' AIRFLOW_CTX_EXECUTION_DATE='2024-08-02T00:00:00+00:00' AIRFLOW_CTX_TRY_NUMBER='1' AIRFLOW_CTX_DAG_RUN_ID='scheduled__2024-08-02T00:00:00+00:00'
[2025-03-28T02:25:55.738+0000] {logging_mixin.py:190} INFO - Task instance is in running state
[2025-03-28T02:25:55.739+0000] {logging_mixin.py:190} INFO -  Previous state of the Task instance: queued
[2025-03-28T02:25:55.739+0000] {logging_mixin.py:190} INFO - Current task name:dbt_run_transactional state:running start_date:2025-03-28 02:25:54.226223+00:00
[2025-03-28T02:25:55.740+0000] {logging_mixin.py:190} INFO - Dag name:load_dbt_clean_reviews_pipeline and current dag run status:running
[2025-03-28T02:25:55.740+0000] {taskinstance.py:732} INFO - ::endgroup::
[2025-03-28T02:25:55.742+0000] {subprocess.py:78} INFO - Tmp dir root location: /tmp
[2025-03-28T02:25:55.744+0000] {subprocess.py:88} INFO - Running command: ['/usr/bin/bash', '-c', 'cd /home/mohammed/.dbt/dbt_projects/bank_reviews_transactional && dbt run']
[2025-03-28T02:25:55.791+0000] {subprocess.py:99} INFO - Output:
[2025-03-28T02:26:10.486+0000] {subprocess.py:106} INFO - [0m02:26:10  Running with dbt=1.9.3
[2025-03-28T02:26:12.885+0000] {subprocess.py:106} INFO - [0m02:26:12  Registered adapter: postgres=1.9.0
[2025-03-28T02:26:14.842+0000] {subprocess.py:106} INFO - [0m02:26:14  [[33mWARNING[0m]: Configuration paths exist in your dbt_project.yml file which do not apply to any resources.
[2025-03-28T02:26:14.843+0000] {subprocess.py:106} INFO - There are 1 unused configuration paths:
[2025-03-28T02:26:14.844+0000] {subprocess.py:106} INFO - - models.bank_reviews_transactional.transactional
[2025-03-28T02:26:16.137+0000] {subprocess.py:106} INFO - [0m02:26:16  Found 1 model, 1 source, 433 macros
[2025-03-28T02:26:16.160+0000] {subprocess.py:106} INFO - [0m02:26:16
[2025-03-28T02:26:16.164+0000] {subprocess.py:106} INFO - [0m02:26:16  Concurrency: 4 threads (target='dev')
[2025-03-28T02:26:16.167+0000] {subprocess.py:106} INFO - [0m02:26:16
[2025-03-28T02:26:17.123+0000] {subprocess.py:106} INFO - [0m02:26:17  1 of 1 START sql table model transactional.clean_reviews ....................... [RUN]
[2025-03-28T02:26:20.316+0000] {subprocess.py:106} INFO - [0m02:26:20  1 of 1 OK created sql table model transactional.clean_reviews .................. [[32mSELECT 153[0m in 3.16s]
[2025-03-28T02:26:20.520+0000] {subprocess.py:106} INFO - [0m02:26:20
[2025-03-28T02:26:20.525+0000] {subprocess.py:106} INFO - [0m02:26:20  Finished running 1 table model in 0 hours 0 minutes and 4.35 seconds (4.35s).
[2025-03-28T02:26:22.542+0000] {subprocess.py:106} INFO - [0m02:26:22
[2025-03-28T02:26:22.554+0000] {subprocess.py:106} INFO - [0m02:26:22  [32mCompleted successfully[0m
[2025-03-28T02:26:22.587+0000] {subprocess.py:106} INFO - [0m02:26:22
[2025-03-28T02:26:22.588+0000] {subprocess.py:106} INFO - [0m02:26:22  Done. PASS=1 WARN=0 ERROR=0 SKIP=0 TOTAL=1
[2025-03-28T02:26:25.117+0000] {subprocess.py:110} INFO - Command exited with return code 0
[2025-03-28T02:26:25.313+0000] {taskinstance.py:341} INFO - ::group::Post task execution logs
[2025-03-28T02:26:25.315+0000] {taskinstance.py:353} INFO - Marking task as SUCCESS. dag_id=load_dbt_clean_reviews_pipeline, task_id=dbt_run_transactional, run_id=scheduled__2024-08-02T00:00:00+00:00, execution_date=20240802T000000, start_date=20250328T022554, end_date=20250328T022625
[2025-03-28T02:26:25.550+0000] {logging_mixin.py:190} INFO - Task instance in success state
[2025-03-28T02:26:25.551+0000] {logging_mixin.py:190} INFO -  Previous state of the Task instance: running
[2025-03-28T02:26:25.552+0000] {logging_mixin.py:190} INFO - Dag name:load_dbt_clean_reviews_pipeline queued_at:2025-03-28 02:25:49.411093+00:00
[2025-03-28T02:26:25.553+0000] {logging_mixin.py:190} INFO - Task hostname:DESKTOP-IM7V4RI. operator:BashOperator
[2025-03-28T02:26:25.625+0000] {local_task_job_runner.py:266} INFO - Task exited with return code 0
[2025-03-28T02:26:25.818+0000] {taskinstance.py:3901} INFO - 0 downstream tasks scheduled from follow-on schedule check
[2025-03-28T02:26:25.841+0000] {local_task_job_runner.py:245} INFO - ::endgroup::
