[2025-05-28T18:09:07.506+0100] {processor.py:186} INFO - Started process (PID=1099) to work on /home/mohammed/venv/lib/python3.11/site-packages/airflow/example_dags/plugins/decreasing_priority_weight_strategy.py
[2025-05-28T18:09:07.509+0100] {processor.py:914} INFO - Processing file /home/mohammed/venv/lib/python3.11/site-packages/airflow/example_dags/plugins/decreasing_priority_weight_strategy.py for tasks to queue
[2025-05-28T18:09:07.556+0100] {logging_mixin.py:190} INFO - [2025-05-28T18:09:07.554+0100] {dagbag.py:588} INFO - Filling up the DagBag from /home/mohammed/venv/lib/python3.11/site-packages/airflow/example_dags/plugins/decreasing_priority_weight_strategy.py
[2025-05-28T18:09:07.585+0100] {processor.py:927} WARNING - No viable dags retrieved from /home/mohammed/venv/lib/python3.11/site-packages/airflow/example_dags/plugins/decreasing_priority_weight_strategy.py
[2025-05-28T18:09:07.698+0100] {processor.py:208} INFO - Processing /home/mohammed/venv/lib/python3.11/site-packages/airflow/example_dags/plugins/decreasing_priority_weight_strategy.py took 0.206 seconds
[2025-05-28T18:09:38.690+0100] {processor.py:186} INFO - Started process (PID=1961) to work on /home/mohammed/venv/lib/python3.11/site-packages/airflow/example_dags/plugins/decreasing_priority_weight_strategy.py
[2025-05-28T18:09:38.693+0100] {processor.py:914} INFO - Processing file /home/mohammed/venv/lib/python3.11/site-packages/airflow/example_dags/plugins/decreasing_priority_weight_strategy.py for tasks to queue
[2025-05-28T18:09:38.724+0100] {logging_mixin.py:190} INFO - [2025-05-28T18:09:38.723+0100] {dagbag.py:588} INFO - Filling up the DagBag from /home/mohammed/venv/lib/python3.11/site-packages/airflow/example_dags/plugins/decreasing_priority_weight_strategy.py
[2025-05-28T18:09:38.764+0100] {processor.py:927} WARNING - No viable dags retrieved from /home/mohammed/venv/lib/python3.11/site-packages/airflow/example_dags/plugins/decreasing_priority_weight_strategy.py
[2025-05-28T18:09:38.896+0100] {processor.py:208} INFO - Processing /home/mohammed/venv/lib/python3.11/site-packages/airflow/example_dags/plugins/decreasing_priority_weight_strategy.py took 0.243 seconds
[2025-05-28T18:10:10.842+0100] {processor.py:186} INFO - Started process (PID=2689) to work on /home/mohammed/venv/lib/python3.11/site-packages/airflow/example_dags/plugins/decreasing_priority_weight_strategy.py
[2025-05-28T18:10:10.844+0100] {processor.py:914} INFO - Processing file /home/mohammed/venv/lib/python3.11/site-packages/airflow/example_dags/plugins/decreasing_priority_weight_strategy.py for tasks to queue
[2025-05-28T18:10:10.848+0100] {logging_mixin.py:190} INFO - [2025-05-28T18:10:10.848+0100] {dagbag.py:588} INFO - Filling up the DagBag from /home/mohammed/venv/lib/python3.11/site-packages/airflow/example_dags/plugins/decreasing_priority_weight_strategy.py
[2025-05-28T18:10:10.855+0100] {processor.py:927} WARNING - No viable dags retrieved from /home/mohammed/venv/lib/python3.11/site-packages/airflow/example_dags/plugins/decreasing_priority_weight_strategy.py
[2025-05-28T18:10:10.909+0100] {processor.py:208} INFO - Processing /home/mohammed/venv/lib/python3.11/site-packages/airflow/example_dags/plugins/decreasing_priority_weight_strategy.py took 0.087 seconds
[2025-05-28T18:10:42.206+0100] {processor.py:186} INFO - Started process (PID=3421) to work on /home/mohammed/venv/lib/python3.11/site-packages/airflow/example_dags/plugins/decreasing_priority_weight_strategy.py
[2025-05-28T18:10:42.208+0100] {processor.py:914} INFO - Processing file /home/mohammed/venv/lib/python3.11/site-packages/airflow/example_dags/plugins/decreasing_priority_weight_strategy.py for tasks to queue
[2025-05-28T18:10:42.217+0100] {logging_mixin.py:190} INFO - [2025-05-28T18:10:42.213+0100] {dagbag.py:588} INFO - Filling up the DagBag from /home/mohammed/venv/lib/python3.11/site-packages/airflow/example_dags/plugins/decreasing_priority_weight_strategy.py
[2025-05-28T18:10:42.229+0100] {processor.py:927} WARNING - No viable dags retrieved from /home/mohammed/venv/lib/python3.11/site-packages/airflow/example_dags/plugins/decreasing_priority_weight_strategy.py
[2025-05-28T18:10:42.293+0100] {processor.py:208} INFO - Processing /home/mohammed/venv/lib/python3.11/site-packages/airflow/example_dags/plugins/decreasing_priority_weight_strategy.py took 0.100 seconds
[2025-05-28T18:11:12.377+0100] {processor.py:186} INFO - Started process (PID=3953) to work on /home/mohammed/venv/lib/python3.11/site-packages/airflow/example_dags/plugins/decreasing_priority_weight_strategy.py
[2025-05-28T18:11:12.379+0100] {processor.py:914} INFO - Processing file /home/mohammed/venv/lib/python3.11/site-packages/airflow/example_dags/plugins/decreasing_priority_weight_strategy.py for tasks to queue
[2025-05-28T18:11:12.384+0100] {logging_mixin.py:190} INFO - [2025-05-28T18:11:12.383+0100] {dagbag.py:588} INFO - Filling up the DagBag from /home/mohammed/venv/lib/python3.11/site-packages/airflow/example_dags/plugins/decreasing_priority_weight_strategy.py
[2025-05-28T18:11:12.390+0100] {processor.py:927} WARNING - No viable dags retrieved from /home/mohammed/venv/lib/python3.11/site-packages/airflow/example_dags/plugins/decreasing_priority_weight_strategy.py
[2025-05-28T18:11:12.432+0100] {processor.py:208} INFO - Processing /home/mohammed/venv/lib/python3.11/site-packages/airflow/example_dags/plugins/decreasing_priority_weight_strategy.py took 0.066 seconds
[2025-05-28T18:11:43.891+0100] {processor.py:186} INFO - Started process (PID=4748) to work on /home/mohammed/venv/lib/python3.11/site-packages/airflow/example_dags/plugins/decreasing_priority_weight_strategy.py
[2025-05-28T18:11:43.894+0100] {processor.py:914} INFO - Processing file /home/mohammed/venv/lib/python3.11/site-packages/airflow/example_dags/plugins/decreasing_priority_weight_strategy.py for tasks to queue
[2025-05-28T18:11:43.900+0100] {logging_mixin.py:190} INFO - [2025-05-28T18:11:43.899+0100] {dagbag.py:588} INFO - Filling up the DagBag from /home/mohammed/venv/lib/python3.11/site-packages/airflow/example_dags/plugins/decreasing_priority_weight_strategy.py
[2025-05-28T18:11:43.906+0100] {processor.py:927} WARNING - No viable dags retrieved from /home/mohammed/venv/lib/python3.11/site-packages/airflow/example_dags/plugins/decreasing_priority_weight_strategy.py
[2025-05-28T18:11:43.940+0100] {processor.py:208} INFO - Processing /home/mohammed/venv/lib/python3.11/site-packages/airflow/example_dags/plugins/decreasing_priority_weight_strategy.py took 0.067 seconds
[2025-05-28T18:12:14.733+0100] {processor.py:186} INFO - Started process (PID=5548) to work on /home/mohammed/venv/lib/python3.11/site-packages/airflow/example_dags/plugins/decreasing_priority_weight_strategy.py
[2025-05-28T18:12:14.746+0100] {processor.py:914} INFO - Processing file /home/mohammed/venv/lib/python3.11/site-packages/airflow/example_dags/plugins/decreasing_priority_weight_strategy.py for tasks to queue
[2025-05-28T18:12:14.749+0100] {logging_mixin.py:190} INFO - [2025-05-28T18:12:14.749+0100] {dagbag.py:588} INFO - Filling up the DagBag from /home/mohammed/venv/lib/python3.11/site-packages/airflow/example_dags/plugins/decreasing_priority_weight_strategy.py
[2025-05-28T18:12:14.752+0100] {processor.py:927} WARNING - No viable dags retrieved from /home/mohammed/venv/lib/python3.11/site-packages/airflow/example_dags/plugins/decreasing_priority_weight_strategy.py
[2025-05-28T18:12:14.797+0100] {processor.py:208} INFO - Processing /home/mohammed/venv/lib/python3.11/site-packages/airflow/example_dags/plugins/decreasing_priority_weight_strategy.py took 0.073 seconds
[2025-05-28T18:12:45.485+0100] {processor.py:186} INFO - Started process (PID=6351) to work on /home/mohammed/venv/lib/python3.11/site-packages/airflow/example_dags/plugins/decreasing_priority_weight_strategy.py
[2025-05-28T18:12:45.486+0100] {processor.py:914} INFO - Processing file /home/mohammed/venv/lib/python3.11/site-packages/airflow/example_dags/plugins/decreasing_priority_weight_strategy.py for tasks to queue
[2025-05-28T18:12:45.489+0100] {logging_mixin.py:190} INFO - [2025-05-28T18:12:45.489+0100] {dagbag.py:588} INFO - Filling up the DagBag from /home/mohammed/venv/lib/python3.11/site-packages/airflow/example_dags/plugins/decreasing_priority_weight_strategy.py
[2025-05-28T18:12:45.493+0100] {processor.py:927} WARNING - No viable dags retrieved from /home/mohammed/venv/lib/python3.11/site-packages/airflow/example_dags/plugins/decreasing_priority_weight_strategy.py
[2025-05-28T18:12:45.535+0100] {processor.py:208} INFO - Processing /home/mohammed/venv/lib/python3.11/site-packages/airflow/example_dags/plugins/decreasing_priority_weight_strategy.py took 0.061 seconds
[2025-05-28T18:13:15.826+0100] {processor.py:186} INFO - Started process (PID=7130) to work on /home/mohammed/venv/lib/python3.11/site-packages/airflow/example_dags/plugins/decreasing_priority_weight_strategy.py
[2025-05-28T18:13:15.829+0100] {processor.py:914} INFO - Processing file /home/mohammed/venv/lib/python3.11/site-packages/airflow/example_dags/plugins/decreasing_priority_weight_strategy.py for tasks to queue
[2025-05-28T18:13:15.837+0100] {logging_mixin.py:190} INFO - [2025-05-28T18:13:15.836+0100] {dagbag.py:588} INFO - Filling up the DagBag from /home/mohammed/venv/lib/python3.11/site-packages/airflow/example_dags/plugins/decreasing_priority_weight_strategy.py
[2025-05-28T18:13:15.843+0100] {processor.py:927} WARNING - No viable dags retrieved from /home/mohammed/venv/lib/python3.11/site-packages/airflow/example_dags/plugins/decreasing_priority_weight_strategy.py
[2025-05-28T18:13:15.899+0100] {processor.py:208} INFO - Processing /home/mohammed/venv/lib/python3.11/site-packages/airflow/example_dags/plugins/decreasing_priority_weight_strategy.py took 0.100 seconds
[2025-05-28T18:13:46.261+0100] {processor.py:186} INFO - Started process (PID=7831) to work on /home/mohammed/venv/lib/python3.11/site-packages/airflow/example_dags/plugins/decreasing_priority_weight_strategy.py
[2025-05-28T18:13:46.263+0100] {processor.py:914} INFO - Processing file /home/mohammed/venv/lib/python3.11/site-packages/airflow/example_dags/plugins/decreasing_priority_weight_strategy.py for tasks to queue
[2025-05-28T18:13:46.267+0100] {logging_mixin.py:190} INFO - [2025-05-28T18:13:46.267+0100] {dagbag.py:588} INFO - Filling up the DagBag from /home/mohammed/venv/lib/python3.11/site-packages/airflow/example_dags/plugins/decreasing_priority_weight_strategy.py
[2025-05-28T18:13:46.272+0100] {processor.py:927} WARNING - No viable dags retrieved from /home/mohammed/venv/lib/python3.11/site-packages/airflow/example_dags/plugins/decreasing_priority_weight_strategy.py
[2025-05-28T18:13:46.314+0100] {processor.py:208} INFO - Processing /home/mohammed/venv/lib/python3.11/site-packages/airflow/example_dags/plugins/decreasing_priority_weight_strategy.py took 0.066 seconds
[2025-05-28T18:14:16.641+0100] {processor.py:186} INFO - Started process (PID=8465) to work on /home/mohammed/venv/lib/python3.11/site-packages/airflow/example_dags/plugins/decreasing_priority_weight_strategy.py
[2025-05-28T18:14:16.642+0100] {processor.py:914} INFO - Processing file /home/mohammed/venv/lib/python3.11/site-packages/airflow/example_dags/plugins/decreasing_priority_weight_strategy.py for tasks to queue
[2025-05-28T18:14:16.645+0100] {logging_mixin.py:190} INFO - [2025-05-28T18:14:16.645+0100] {dagbag.py:588} INFO - Filling up the DagBag from /home/mohammed/venv/lib/python3.11/site-packages/airflow/example_dags/plugins/decreasing_priority_weight_strategy.py
[2025-05-28T18:14:16.648+0100] {processor.py:927} WARNING - No viable dags retrieved from /home/mohammed/venv/lib/python3.11/site-packages/airflow/example_dags/plugins/decreasing_priority_weight_strategy.py
[2025-05-28T18:14:16.685+0100] {processor.py:208} INFO - Processing /home/mohammed/venv/lib/python3.11/site-packages/airflow/example_dags/plugins/decreasing_priority_weight_strategy.py took 0.054 seconds
[2025-05-28T18:14:47.231+0100] {processor.py:186} INFO - Started process (PID=9083) to work on /home/mohammed/venv/lib/python3.11/site-packages/airflow/example_dags/plugins/decreasing_priority_weight_strategy.py
[2025-05-28T18:14:47.232+0100] {processor.py:914} INFO - Processing file /home/mohammed/venv/lib/python3.11/site-packages/airflow/example_dags/plugins/decreasing_priority_weight_strategy.py for tasks to queue
[2025-05-28T18:14:47.237+0100] {logging_mixin.py:190} INFO - [2025-05-28T18:14:47.236+0100] {dagbag.py:588} INFO - Filling up the DagBag from /home/mohammed/venv/lib/python3.11/site-packages/airflow/example_dags/plugins/decreasing_priority_weight_strategy.py
[2025-05-28T18:14:47.240+0100] {processor.py:927} WARNING - No viable dags retrieved from /home/mohammed/venv/lib/python3.11/site-packages/airflow/example_dags/plugins/decreasing_priority_weight_strategy.py
[2025-05-28T18:14:47.276+0100] {processor.py:208} INFO - Processing /home/mohammed/venv/lib/python3.11/site-packages/airflow/example_dags/plugins/decreasing_priority_weight_strategy.py took 0.057 seconds
[2025-05-28T18:15:23.386+0100] {processor.py:186} INFO - Started process (PID=10076) to work on /home/mohammed/venv/lib/python3.11/site-packages/airflow/example_dags/plugins/decreasing_priority_weight_strategy.py
[2025-05-28T18:15:23.389+0100] {processor.py:914} INFO - Processing file /home/mohammed/venv/lib/python3.11/site-packages/airflow/example_dags/plugins/decreasing_priority_weight_strategy.py for tasks to queue
[2025-05-28T18:15:23.394+0100] {logging_mixin.py:190} INFO - [2025-05-28T18:15:23.394+0100] {dagbag.py:588} INFO - Filling up the DagBag from /home/mohammed/venv/lib/python3.11/site-packages/airflow/example_dags/plugins/decreasing_priority_weight_strategy.py
[2025-05-28T18:15:23.399+0100] {processor.py:927} WARNING - No viable dags retrieved from /home/mohammed/venv/lib/python3.11/site-packages/airflow/example_dags/plugins/decreasing_priority_weight_strategy.py
[2025-05-28T18:15:23.447+0100] {processor.py:208} INFO - Processing /home/mohammed/venv/lib/python3.11/site-packages/airflow/example_dags/plugins/decreasing_priority_weight_strategy.py took 0.074 seconds
[2025-05-28T18:15:53.579+0100] {processor.py:186} INFO - Started process (PID=10716) to work on /home/mohammed/venv/lib/python3.11/site-packages/airflow/example_dags/plugins/decreasing_priority_weight_strategy.py
[2025-05-28T18:15:53.580+0100] {processor.py:914} INFO - Processing file /home/mohammed/venv/lib/python3.11/site-packages/airflow/example_dags/plugins/decreasing_priority_weight_strategy.py for tasks to queue
[2025-05-28T18:15:53.583+0100] {logging_mixin.py:190} INFO - [2025-05-28T18:15:53.583+0100] {dagbag.py:588} INFO - Filling up the DagBag from /home/mohammed/venv/lib/python3.11/site-packages/airflow/example_dags/plugins/decreasing_priority_weight_strategy.py
[2025-05-28T18:15:53.586+0100] {processor.py:927} WARNING - No viable dags retrieved from /home/mohammed/venv/lib/python3.11/site-packages/airflow/example_dags/plugins/decreasing_priority_weight_strategy.py
[2025-05-28T18:15:53.617+0100] {processor.py:208} INFO - Processing /home/mohammed/venv/lib/python3.11/site-packages/airflow/example_dags/plugins/decreasing_priority_weight_strategy.py took 0.045 seconds
[2025-05-28T18:16:23.792+0100] {processor.py:186} INFO - Started process (PID=11323) to work on /home/mohammed/venv/lib/python3.11/site-packages/airflow/example_dags/plugins/decreasing_priority_weight_strategy.py
[2025-05-28T18:16:23.809+0100] {processor.py:914} INFO - Processing file /home/mohammed/venv/lib/python3.11/site-packages/airflow/example_dags/plugins/decreasing_priority_weight_strategy.py for tasks to queue
[2025-05-28T18:16:23.813+0100] {logging_mixin.py:190} INFO - [2025-05-28T18:16:23.812+0100] {dagbag.py:588} INFO - Filling up the DagBag from /home/mohammed/venv/lib/python3.11/site-packages/airflow/example_dags/plugins/decreasing_priority_weight_strategy.py
[2025-05-28T18:16:23.817+0100] {processor.py:927} WARNING - No viable dags retrieved from /home/mohammed/venv/lib/python3.11/site-packages/airflow/example_dags/plugins/decreasing_priority_weight_strategy.py
[2025-05-28T18:16:23.864+0100] {processor.py:208} INFO - Processing /home/mohammed/venv/lib/python3.11/site-packages/airflow/example_dags/plugins/decreasing_priority_weight_strategy.py took 0.085 seconds
[2025-05-28T18:16:55.305+0100] {processor.py:186} INFO - Started process (PID=11838) to work on /home/mohammed/venv/lib/python3.11/site-packages/airflow/example_dags/plugins/decreasing_priority_weight_strategy.py
[2025-05-28T18:16:55.306+0100] {processor.py:914} INFO - Processing file /home/mohammed/venv/lib/python3.11/site-packages/airflow/example_dags/plugins/decreasing_priority_weight_strategy.py for tasks to queue
[2025-05-28T18:16:55.309+0100] {logging_mixin.py:190} INFO - [2025-05-28T18:16:55.309+0100] {dagbag.py:588} INFO - Filling up the DagBag from /home/mohammed/venv/lib/python3.11/site-packages/airflow/example_dags/plugins/decreasing_priority_weight_strategy.py
[2025-05-28T18:16:55.313+0100] {processor.py:927} WARNING - No viable dags retrieved from /home/mohammed/venv/lib/python3.11/site-packages/airflow/example_dags/plugins/decreasing_priority_weight_strategy.py
[2025-05-28T18:16:55.352+0100] {processor.py:208} INFO - Processing /home/mohammed/venv/lib/python3.11/site-packages/airflow/example_dags/plugins/decreasing_priority_weight_strategy.py took 0.058 seconds
