[2025-03-28T02:19:35.308+0000] {local_task_job_runner.py:123} INFO - ::group::Pre task execution logs
[2025-03-28T02:19:35.456+0000] {taskinstance.py:2614} INFO - Dependencies all met for dep_context=non-requeueable deps ti=<TaskInstance: load_dbt_clean_reviews_pipeline.dbt_run_transactional scheduled__2024-05-01T00:00:00+00:00 [queued]>
[2025-03-28T02:19:35.491+0000] {taskinstance.py:2614} INFO - Dependencies all met for dep_context=requeueable deps ti=<TaskInstance: load_dbt_clean_reviews_pipeline.dbt_run_transactional scheduled__2024-05-01T00:00:00+00:00 [queued]>
[2025-03-28T02:19:35.491+0000] {taskinstance.py:2867} INFO - Starting attempt 1 of 2
[2025-03-28T02:19:35.593+0000] {taskinstance.py:2890} INFO - Executing <Task(BashOperator): dbt_run_transactional> on 2024-05-01 00:00:00+00:00
[2025-03-28T02:19:35.615+0000] {standard_task_runner.py:72} INFO - Started process 191761 to run task
[2025-03-28T02:19:35.651+0000] {standard_task_runner.py:104} INFO - Running: ['airflow', 'tasks', 'run', 'load_dbt_clean_reviews_pipeline', 'dbt_run_transactional', 'scheduled__2024-05-01T00:00:00+00:00', '--job-id', '2035', '--raw', '--subdir', 'DAGS_FOLDER/dag_load_reviews.py', '--cfg-path', '/tmp/tmpyjd1_4b4']
[2025-03-28T02:19:35.654+0000] {standard_task_runner.py:105} INFO - Job 2035: Subtask dbt_run_transactional
[2025-03-28T02:19:35.976+0000] {task_command.py:467} INFO - Running <TaskInstance: load_dbt_clean_reviews_pipeline.dbt_run_transactional scheduled__2024-05-01T00:00:00+00:00 [running]> on host DESKTOP-IM7V4RI.
[2025-03-28T02:19:36.821+0000] {taskinstance.py:3134} INFO - Exporting env vars: AIRFLOW_CTX_DAG_OWNER='mohammed' AIRFLOW_CTX_DAG_ID='load_dbt_clean_reviews_pipeline' AIRFLOW_CTX_TASK_ID='dbt_run_transactional' AIRFLOW_CTX_EXECUTION_DATE='2024-05-01T00:00:00+00:00' AIRFLOW_CTX_TRY_NUMBER='1' AIRFLOW_CTX_DAG_RUN_ID='scheduled__2024-05-01T00:00:00+00:00'
[2025-03-28T02:19:36.827+0000] {logging_mixin.py:190} INFO - Task instance is in running state
[2025-03-28T02:19:36.827+0000] {logging_mixin.py:190} INFO -  Previous state of the Task instance: queued
[2025-03-28T02:19:36.838+0000] {logging_mixin.py:190} INFO - Current task name:dbt_run_transactional state:running start_date:2025-03-28 02:19:35.457325+00:00
[2025-03-28T02:19:36.839+0000] {logging_mixin.py:190} INFO - Dag name:load_dbt_clean_reviews_pipeline and current dag run status:running
[2025-03-28T02:19:36.840+0000] {taskinstance.py:732} INFO - ::endgroup::
[2025-03-28T02:19:36.843+0000] {subprocess.py:78} INFO - Tmp dir root location: /tmp
[2025-03-28T02:19:36.846+0000] {subprocess.py:88} INFO - Running command: ['/usr/bin/bash', '-c', 'cd /home/mohammed/.dbt/dbt_projects/bank_reviews_transactional && dbt run']
[2025-03-28T02:19:36.910+0000] {subprocess.py:99} INFO - Output:
[2025-03-28T02:19:55.325+0000] {subprocess.py:106} INFO - [0m02:19:55  Running with dbt=1.9.3
[2025-03-28T02:19:58.746+0000] {subprocess.py:106} INFO - [0m02:19:58  Registered adapter: postgres=1.9.0
[2025-03-28T02:20:02.519+0000] {subprocess.py:106} INFO - [0m02:20:02  [[33mWARNING[0m]: Configuration paths exist in your dbt_project.yml file which do not apply to any resources.
[2025-03-28T02:20:02.520+0000] {subprocess.py:106} INFO - There are 1 unused configuration paths:
[2025-03-28T02:20:02.521+0000] {subprocess.py:106} INFO - - models.bank_reviews_transactional.transactional
[2025-03-28T02:20:05.327+0000] {subprocess.py:106} INFO - [0m02:20:05  Found 1 model, 1 source, 433 macros
[2025-03-28T02:20:05.345+0000] {subprocess.py:106} INFO - [0m02:20:05
[2025-03-28T02:20:05.381+0000] {subprocess.py:106} INFO - [0m02:20:05  Concurrency: 4 threads (target='dev')
[2025-03-28T02:20:05.384+0000] {subprocess.py:106} INFO - [0m02:20:05
[2025-03-28T02:20:07.131+0000] {subprocess.py:106} INFO - [0m02:20:07  1 of 1 START sql table model transactional.clean_reviews ....................... [RUN]
[2025-03-28T02:20:13.737+0000] {subprocess.py:106} INFO - [0m02:20:13  1 of 1 OK created sql table model transactional.clean_reviews .................. [[32mSELECT 153[0m in 6.54s]
[2025-03-28T02:20:14.122+0000] {subprocess.py:106} INFO - [0m02:20:14
[2025-03-28T02:20:14.168+0000] {subprocess.py:106} INFO - [0m02:20:14  Finished running 1 table model in 0 hours 0 minutes and 8.73 seconds (8.73s).
[2025-03-28T02:20:14.557+0000] {subprocess.py:106} INFO - [0m02:20:14
[2025-03-28T02:20:14.560+0000] {subprocess.py:106} INFO - [0m02:20:14  [32mCompleted successfully[0m
[2025-03-28T02:20:14.563+0000] {subprocess.py:106} INFO - [0m02:20:14
[2025-03-28T02:20:14.595+0000] {subprocess.py:106} INFO - [0m02:20:14  Done. PASS=1 WARN=0 ERROR=0 SKIP=0 TOTAL=1
[2025-03-28T02:20:18.429+0000] {subprocess.py:110} INFO - Command exited with return code 0
[2025-03-28T02:20:19.436+0000] {taskinstance.py:341} INFO - ::group::Post task execution logs
[2025-03-28T02:20:19.462+0000] {taskinstance.py:353} INFO - Marking task as SUCCESS. dag_id=load_dbt_clean_reviews_pipeline, task_id=dbt_run_transactional, run_id=scheduled__2024-05-01T00:00:00+00:00, execution_date=20240501T000000, start_date=20250328T021935, end_date=20250328T022019
[2025-03-28T02:20:19.874+0000] {logging_mixin.py:190} INFO - Task instance in success state
[2025-03-28T02:20:19.876+0000] {logging_mixin.py:190} INFO -  Previous state of the Task instance: running
[2025-03-28T02:20:19.877+0000] {logging_mixin.py:190} INFO - Dag name:load_dbt_clean_reviews_pipeline queued_at:2025-03-28 02:19:30.127561+00:00
[2025-03-28T02:20:19.878+0000] {logging_mixin.py:190} INFO - Task hostname:DESKTOP-IM7V4RI. operator:BashOperator
[2025-03-28T02:20:20.027+0000] {local_task_job_runner.py:266} INFO - Task exited with return code 0
[2025-03-28T02:20:20.268+0000] {local_task_job_runner.py:245} INFO - ::endgroup::
