[2025-03-28T02:25:10.074+0000] {local_task_job_runner.py:123} INFO - ::group::Pre task execution logs
[2025-03-28T02:25:10.127+0000] {taskinstance.py:2614} INFO - Dependencies all met for dep_context=non-requeueable deps ti=<TaskInstance: load_dbt_clean_reviews_pipeline.dbt_run_transactional scheduled__2024-07-17T00:00:00+00:00 [queued]>
[2025-03-28T02:25:10.146+0000] {taskinstance.py:2614} INFO - Dependencies all met for dep_context=requeueable deps ti=<TaskInstance: load_dbt_clean_reviews_pipeline.dbt_run_transactional scheduled__2024-07-17T00:00:00+00:00 [queued]>
[2025-03-28T02:25:10.148+0000] {taskinstance.py:2867} INFO - Starting attempt 1 of 2
[2025-03-28T02:25:10.176+0000] {taskinstance.py:2890} INFO - Executing <Task(BashOperator): dbt_run_transactional> on 2024-07-17 00:00:00+00:00
[2025-03-28T02:25:10.187+0000] {standard_task_runner.py:72} INFO - Started process 200405 to run task
[2025-03-28T02:25:10.197+0000] {standard_task_runner.py:104} INFO - Running: ['airflow', 'tasks', 'run', 'load_dbt_clean_reviews_pipeline', 'dbt_run_transactional', 'scheduled__2024-07-17T00:00:00+00:00', '--job-id', '2116', '--raw', '--subdir', 'DAGS_FOLDER/dag_load_reviews.py', '--cfg-path', '/tmp/tmp3h_appay']
[2025-03-28T02:25:10.199+0000] {standard_task_runner.py:105} INFO - Job 2116: Subtask dbt_run_transactional
[2025-03-28T02:25:10.366+0000] {task_command.py:467} INFO - Running <TaskInstance: load_dbt_clean_reviews_pipeline.dbt_run_transactional scheduled__2024-07-17T00:00:00+00:00 [running]> on host DESKTOP-IM7V4RI.
[2025-03-28T02:25:10.647+0000] {taskinstance.py:3134} INFO - Exporting env vars: AIRFLOW_CTX_DAG_OWNER='mohammed' AIRFLOW_CTX_DAG_ID='load_dbt_clean_reviews_pipeline' AIRFLOW_CTX_TASK_ID='dbt_run_transactional' AIRFLOW_CTX_EXECUTION_DATE='2024-07-17T00:00:00+00:00' AIRFLOW_CTX_TRY_NUMBER='1' AIRFLOW_CTX_DAG_RUN_ID='scheduled__2024-07-17T00:00:00+00:00'
[2025-03-28T02:25:10.650+0000] {logging_mixin.py:190} INFO - Task instance is in running state
[2025-03-28T02:25:10.651+0000] {logging_mixin.py:190} INFO -  Previous state of the Task instance: queued
[2025-03-28T02:25:10.651+0000] {logging_mixin.py:190} INFO - Current task name:dbt_run_transactional state:running start_date:2025-03-28 02:25:10.128359+00:00
[2025-03-28T02:25:10.651+0000] {logging_mixin.py:190} INFO - Dag name:load_dbt_clean_reviews_pipeline and current dag run status:running
[2025-03-28T02:25:10.652+0000] {taskinstance.py:732} INFO - ::endgroup::
[2025-03-28T02:25:10.653+0000] {subprocess.py:78} INFO - Tmp dir root location: /tmp
[2025-03-28T02:25:10.655+0000] {subprocess.py:88} INFO - Running command: ['/usr/bin/bash', '-c', 'cd /home/mohammed/.dbt/dbt_projects/bank_reviews_transactional && dbt run']
[2025-03-28T02:25:10.672+0000] {subprocess.py:99} INFO - Output:
[2025-03-28T02:25:23.519+0000] {subprocess.py:106} INFO - [0m02:25:23  Running with dbt=1.9.3
[2025-03-28T02:25:26.995+0000] {subprocess.py:106} INFO - [0m02:25:26  Registered adapter: postgres=1.9.0
[2025-03-28T02:25:29.045+0000] {subprocess.py:106} INFO - [0m02:25:29  [[33mWARNING[0m]: Configuration paths exist in your dbt_project.yml file which do not apply to any resources.
[2025-03-28T02:25:29.046+0000] {subprocess.py:106} INFO - There are 1 unused configuration paths:
[2025-03-28T02:25:29.049+0000] {subprocess.py:106} INFO - - models.bank_reviews_transactional.transactional
[2025-03-28T02:25:30.393+0000] {subprocess.py:106} INFO - [0m02:25:30  Found 1 model, 1 source, 433 macros
[2025-03-28T02:25:30.402+0000] {subprocess.py:106} INFO - [0m02:25:30
[2025-03-28T02:25:30.407+0000] {subprocess.py:106} INFO - [0m02:25:30  Concurrency: 4 threads (target='dev')
[2025-03-28T02:25:30.423+0000] {subprocess.py:106} INFO - [0m02:25:30
[2025-03-28T02:25:31.537+0000] {subprocess.py:106} INFO - [0m02:25:31  1 of 1 START sql table model transactional.clean_reviews ....................... [RUN]
[2025-03-28T02:25:32.977+0000] {subprocess.py:106} INFO - [0m02:25:32  1 of 1 OK created sql table model transactional.clean_reviews .................. [[32mSELECT 153[0m in 1.42s]
[2025-03-28T02:25:33.108+0000] {subprocess.py:106} INFO - [0m02:25:33
[2025-03-28T02:25:33.122+0000] {subprocess.py:106} INFO - [0m02:25:33  Finished running 1 table model in 0 hours 0 minutes and 2.68 seconds (2.68s).
[2025-03-28T02:25:33.376+0000] {subprocess.py:106} INFO - [0m02:25:33
[2025-03-28T02:25:33.385+0000] {subprocess.py:106} INFO - [0m02:25:33  [32mCompleted successfully[0m
[2025-03-28T02:25:33.424+0000] {subprocess.py:106} INFO - [0m02:25:33
[2025-03-28T02:25:33.427+0000] {subprocess.py:106} INFO - [0m02:25:33  Done. PASS=1 WARN=0 ERROR=0 SKIP=0 TOTAL=1
[2025-03-28T02:25:36.233+0000] {subprocess.py:110} INFO - Command exited with return code 0
[2025-03-28T02:25:36.500+0000] {taskinstance.py:341} INFO - ::group::Post task execution logs
[2025-03-28T02:25:36.501+0000] {taskinstance.py:353} INFO - Marking task as SUCCESS. dag_id=load_dbt_clean_reviews_pipeline, task_id=dbt_run_transactional, run_id=scheduled__2024-07-17T00:00:00+00:00, execution_date=20240717T000000, start_date=20250328T022510, end_date=20250328T022536
[2025-03-28T02:25:36.712+0000] {logging_mixin.py:190} INFO - Task instance in success state
[2025-03-28T02:25:36.713+0000] {logging_mixin.py:190} INFO -  Previous state of the Task instance: running
[2025-03-28T02:25:36.713+0000] {logging_mixin.py:190} INFO - Dag name:load_dbt_clean_reviews_pipeline queued_at:2025-03-28 02:25:08.500437+00:00
[2025-03-28T02:25:36.713+0000] {logging_mixin.py:190} INFO - Task hostname:DESKTOP-IM7V4RI. operator:BashOperator
[2025-03-28T02:25:36.752+0000] {local_task_job_runner.py:266} INFO - Task exited with return code 0
[2025-03-28T02:25:36.847+0000] {standard_task_runner.py:217} INFO - Process not found (most likely exited), stop collecting metrics
[2025-03-28T02:25:36.871+0000] {local_task_job_runner.py:245} INFO - ::endgroup::
