[2025-05-29T19:36:33.244+0100] {local_task_job_runner.py:123} INFO - ::group::Pre task execution logs
[2025-05-29T19:36:33.383+0100] {taskinstance.py:2614} INFO - Dependencies all met for dep_context=non-requeueable deps ti=<TaskInstance: bank_reviews_etl_and_analysis_pipeline.convertir_date_relative manual__2025-05-29T18:36:27.871505+00:00 [queued]>
[2025-05-29T19:36:33.463+0100] {taskinstance.py:2614} INFO - Dependencies all met for dep_context=requeueable deps ti=<TaskInstance: bank_reviews_etl_and_analysis_pipeline.convertir_date_relative manual__2025-05-29T18:36:27.871505+00:00 [queued]>
[2025-05-29T19:36:33.463+0100] {taskinstance.py:2867} INFO - Starting attempt 1 of 2
[2025-05-29T19:36:33.578+0100] {taskinstance.py:2890} INFO - Executing <Task(BashOperator): convertir_date_relative> on 2025-05-29 18:36:27.871505+00:00
[2025-05-29T19:36:33.606+0100] {standard_task_runner.py:72} INFO - Started process 51314 to run task
[2025-05-29T19:36:33.625+0100] {standard_task_runner.py:104} INFO - Running: ['airflow', 'tasks', 'run', 'bank_reviews_etl_and_analysis_pipeline', 'convertir_date_relative', 'manual__2025-05-29T18:36:27.871505+00:00', '--job-id', '2560', '--raw', '--subdir', 'DAGS_FOLDER/dag_load_reviews.py', '--cfg-path', '/tmp/tmpbvjmarr2']
[2025-05-29T19:36:33.627+0100] {standard_task_runner.py:105} INFO - Job 2560: Subtask convertir_date_relative
[2025-05-29T19:36:34.039+0100] {task_command.py:467} INFO - Running <TaskInstance: bank_reviews_etl_and_analysis_pipeline.convertir_date_relative manual__2025-05-29T18:36:27.871505+00:00 [running]> on host DESKTOP-IM7V4RI.
[2025-05-29T19:36:34.918+0100] {taskinstance.py:3134} INFO - Exporting env vars: AIRFLOW_CTX_DAG_OWNER='mohammed' AIRFLOW_CTX_DAG_ID='bank_reviews_etl_and_analysis_pipeline' AIRFLOW_CTX_TASK_ID='convertir_date_relative' AIRFLOW_CTX_EXECUTION_DATE='2025-05-29T18:36:27.871505+00:00' AIRFLOW_CTX_TRY_NUMBER='1' AIRFLOW_CTX_DAG_RUN_ID='manual__2025-05-29T18:36:27.871505+00:00'
[2025-05-29T19:36:34.945+0100] {logging_mixin.py:190} INFO - Task instance is in running state
[2025-05-29T19:36:34.946+0100] {logging_mixin.py:190} INFO -  Previous state of the Task instance: queued
[2025-05-29T19:36:34.947+0100] {logging_mixin.py:190} INFO - Current task name:convertir_date_relative state:running start_date:2025-05-29 18:36:33.383928+00:00
[2025-05-29T19:36:34.948+0100] {logging_mixin.py:190} INFO - Dag name:bank_reviews_etl_and_analysis_pipeline and current dag run status:running
[2025-05-29T19:36:34.961+0100] {taskinstance.py:732} INFO - ::endgroup::
[2025-05-29T19:36:35.283+0100] {subprocess.py:78} INFO - Tmp dir root location: /tmp
[2025-05-29T19:36:35.431+0100] {subprocess.py:88} INFO - Running command: ['/usr/bin/bash', '-c', 'python3 /home/mohammed/airflow/scripts/file.py']
[2025-05-29T19:36:35.991+0100] {subprocess.py:99} INFO - Output:
[2025-05-29T19:36:37.849+0100] {subprocess.py:106} INFO - ✅ Connexion réussie à la base de données Aiven PostgreSQL.
[2025-05-29T19:36:37.859+0100] {subprocess.py:106} INFO - Nombre d'enregistrements : 2591
[2025-05-29T19:36:37.933+0100] {subprocess.py:110} INFO - Command exited with return code 0
[2025-05-29T19:36:38.469+0100] {taskinstance.py:341} INFO - ::group::Post task execution logs
[2025-05-29T19:36:38.478+0100] {taskinstance.py:353} INFO - Marking task as SUCCESS. dag_id=bank_reviews_etl_and_analysis_pipeline, task_id=convertir_date_relative, run_id=manual__2025-05-29T18:36:27.871505+00:00, execution_date=20250529T183627, start_date=20250529T183633, end_date=20250529T183638
[2025-05-29T19:36:38.686+0100] {logging_mixin.py:190} INFO - Task instance in success state
[2025-05-29T19:36:38.687+0100] {logging_mixin.py:190} INFO -  Previous state of the Task instance: running
[2025-05-29T19:36:38.688+0100] {logging_mixin.py:190} INFO - Dag name:bank_reviews_etl_and_analysis_pipeline queued_at:2025-05-29 18:36:28.023505+00:00
[2025-05-29T19:36:38.690+0100] {logging_mixin.py:190} INFO - Task hostname:DESKTOP-IM7V4RI. operator:BashOperator
[2025-05-29T19:36:38.937+0100] {local_task_job_runner.py:266} INFO - Task exited with return code 0
[2025-05-29T19:36:39.080+0100] {taskinstance.py:3901} INFO - 0 downstream tasks scheduled from follow-on schedule check
[2025-05-29T19:36:39.099+0100] {local_task_job_runner.py:245} INFO - ::endgroup::
