[2025-03-20T00:44:26.258+0000] {local_task_job_runner.py:123} INFO - ::group::Pre task execution logs
[2025-03-20T00:44:26.328+0000] {taskinstance.py:2614} INFO - Dependencies all met for dep_context=non-requeueable deps ti=<TaskInstance: automate_emploi_extraction.extract_data scheduled__2024-02-05T00:00:00+00:00 [queued]>
[2025-03-20T00:44:26.362+0000] {taskinstance.py:2614} INFO - Dependencies all met for dep_context=requeueable deps ti=<TaskInstance: automate_emploi_extraction.extract_data scheduled__2024-02-05T00:00:00+00:00 [queued]>
[2025-03-20T00:44:26.363+0000] {taskinstance.py:2867} INFO - Starting attempt 1 of 2
[2025-03-20T00:44:26.493+0000] {taskinstance.py:2890} INFO - Executing <Task(PythonOperator): extract_data> on 2024-02-05 00:00:00+00:00
[2025-03-20T00:44:26.568+0000] {standard_task_runner.py:104} INFO - Running: ['airflow', 'tasks', 'run', 'automate_emploi_extraction', 'extract_data', 'scheduled__2024-02-05T00:00:00+00:00', '--job-id', '1439', '--raw', '--subdir', 'DAGS_FOLDER/dag_scraper_offres_emploi.py', '--cfg-path', '/tmp/tmpush2hqaq']
[2025-03-20T00:44:26.578+0000] {standard_task_runner.py:105} INFO - Job 1439: Subtask extract_data
[2025-03-20T00:44:26.541+0000] {standard_task_runner.py:72} INFO - Started process 72941 to run task
[2025-03-20T00:44:27.191+0000] {task_command.py:467} INFO - Running <TaskInstance: automate_emploi_extraction.extract_data scheduled__2024-02-05T00:00:00+00:00 [running]> on host DESKTOP-IM7V4RI.
[2025-03-20T00:44:27.971+0000] {taskinstance.py:3134} INFO - Exporting env vars: AIRFLOW_CTX_DAG_OWNER='airflow' AIRFLOW_CTX_DAG_ID='automate_emploi_extraction' AIRFLOW_CTX_TASK_ID='extract_data' AIRFLOW_CTX_EXECUTION_DATE='2024-02-05T00:00:00+00:00' AIRFLOW_CTX_TRY_NUMBER='1' AIRFLOW_CTX_DAG_RUN_ID='scheduled__2024-02-05T00:00:00+00:00'
[2025-03-20T00:44:27.973+0000] {logging_mixin.py:190} INFO - Task instance is in running state
[2025-03-20T00:44:27.973+0000] {logging_mixin.py:190} INFO -  Previous state of the Task instance: queued
[2025-03-20T00:44:27.974+0000] {logging_mixin.py:190} INFO - Current task name:extract_data state:running start_date:2025-03-20 00:44:26.331453+00:00
[2025-03-20T00:44:27.974+0000] {logging_mixin.py:190} INFO - Dag name:automate_emploi_extraction and current dag run status:running
[2025-03-20T00:44:27.974+0000] {taskinstance.py:732} INFO - ::endgroup::
[2025-03-20T00:44:28.425+0000] {logging_mixin.py:190} INFO - Erreur de requête pour la première page : 403
[2025-03-20T00:44:28.426+0000] {logging_mixin.py:190} INFO - Fichier JSON enregistré avec succès.
[2025-03-20T00:44:28.429+0000] {python.py:240} INFO - Done. Returned value was: None
[2025-03-20T00:44:28.658+0000] {taskinstance.py:341} INFO - ::group::Post task execution logs
[2025-03-20T00:44:28.660+0000] {taskinstance.py:353} INFO - Marking task as SUCCESS. dag_id=automate_emploi_extraction, task_id=extract_data, run_id=scheduled__2024-02-05T00:00:00+00:00, execution_date=20240205T000000, start_date=20250320T004426, end_date=20250320T004428
[2025-03-20T00:44:31.317+0000] {logging_mixin.py:190} INFO - Task instance in success state
[2025-03-20T00:44:31.319+0000] {logging_mixin.py:190} INFO -  Previous state of the Task instance: running
[2025-03-20T00:44:31.320+0000] {logging_mixin.py:190} INFO - Dag name:automate_emploi_extraction queued_at:2025-03-20 00:44:20.951575+00:00
[2025-03-20T00:44:31.324+0000] {logging_mixin.py:190} INFO - Task hostname:DESKTOP-IM7V4RI. operator:PythonOperator
[2025-03-20T00:44:31.557+0000] {local_task_job_runner.py:266} INFO - Task exited with return code 0
[2025-03-20T00:44:31.659+0000] {standard_task_runner.py:217} INFO - Process not found (most likely exited), stop collecting metrics
[2025-03-20T00:44:31.737+0000] {local_task_job_runner.py:245} INFO - ::endgroup::
