[2025-03-28T02:22:05.486+0000] {local_task_job_runner.py:123} INFO - ::group::Pre task execution logs
[2025-03-28T02:22:05.767+0000] {taskinstance.py:2614} INFO - Dependencies all met for dep_context=non-requeueable deps ti=<TaskInstance: load_dbt_clean_reviews_pipeline.dbt_run_transactional scheduled__2024-06-12T00:00:00+00:00 [queued]>
[2025-03-28T02:22:05.837+0000] {taskinstance.py:2614} INFO - Dependencies all met for dep_context=requeueable deps ti=<TaskInstance: load_dbt_clean_reviews_pipeline.dbt_run_transactional scheduled__2024-06-12T00:00:00+00:00 [queued]>
[2025-03-28T02:22:05.838+0000] {taskinstance.py:2867} INFO - Starting attempt 1 of 2
[2025-03-28T02:22:05.973+0000] {taskinstance.py:2890} INFO - Executing <Task(BashOperator): dbt_run_transactional> on 2024-06-12 00:00:00+00:00
[2025-03-28T02:22:06.031+0000] {standard_task_runner.py:72} INFO - Started process 195824 to run task
[2025-03-28T02:22:06.069+0000] {standard_task_runner.py:104} INFO - Running: ['airflow', 'tasks', 'run', 'load_dbt_clean_reviews_pipeline', 'dbt_run_transactional', 'scheduled__2024-06-12T00:00:00+00:00', '--job-id', '2077', '--raw', '--subdir', 'DAGS_FOLDER/dag_load_reviews.py', '--cfg-path', '/tmp/tmpm6wj5tu9']
[2025-03-28T02:22:06.072+0000] {standard_task_runner.py:105} INFO - Job 2077: Subtask dbt_run_transactional
[2025-03-28T02:22:06.666+0000] {task_command.py:467} INFO - Running <TaskInstance: load_dbt_clean_reviews_pipeline.dbt_run_transactional scheduled__2024-06-12T00:00:00+00:00 [running]> on host DESKTOP-IM7V4RI.
[2025-03-28T02:22:07.448+0000] {taskinstance.py:3134} INFO - Exporting env vars: AIRFLOW_CTX_DAG_OWNER='mohammed' AIRFLOW_CTX_DAG_ID='load_dbt_clean_reviews_pipeline' AIRFLOW_CTX_TASK_ID='dbt_run_transactional' AIRFLOW_CTX_EXECUTION_DATE='2024-06-12T00:00:00+00:00' AIRFLOW_CTX_TRY_NUMBER='1' AIRFLOW_CTX_DAG_RUN_ID='scheduled__2024-06-12T00:00:00+00:00'
[2025-03-28T02:22:07.465+0000] {logging_mixin.py:190} INFO - Task instance is in running state
[2025-03-28T02:22:07.466+0000] {logging_mixin.py:190} INFO -  Previous state of the Task instance: queued
[2025-03-28T02:22:07.466+0000] {logging_mixin.py:190} INFO - Current task name:dbt_run_transactional state:running start_date:2025-03-28 02:22:05.767877+00:00
[2025-03-28T02:22:07.467+0000] {logging_mixin.py:190} INFO - Dag name:load_dbt_clean_reviews_pipeline and current dag run status:running
[2025-03-28T02:22:07.467+0000] {taskinstance.py:732} INFO - ::endgroup::
[2025-03-28T02:22:07.474+0000] {subprocess.py:78} INFO - Tmp dir root location: /tmp
[2025-03-28T02:22:07.477+0000] {subprocess.py:88} INFO - Running command: ['/usr/bin/bash', '-c', 'cd /home/mohammed/.dbt/dbt_projects/bank_reviews_transactional && dbt run']
[2025-03-28T02:22:07.538+0000] {subprocess.py:99} INFO - Output:
[2025-03-28T02:22:30.766+0000] {subprocess.py:106} INFO - [0m02:22:30  Running with dbt=1.9.3
[2025-03-28T02:22:36.329+0000] {subprocess.py:106} INFO - [0m02:22:36  Registered adapter: postgres=1.9.0
[2025-03-28T02:22:38.432+0000] {subprocess.py:106} INFO - [0m02:22:38  [[33mWARNING[0m]: Configuration paths exist in your dbt_project.yml file which do not apply to any resources.
[2025-03-28T02:22:38.433+0000] {subprocess.py:106} INFO - There are 1 unused configuration paths:
[2025-03-28T02:22:38.433+0000] {subprocess.py:106} INFO - - models.bank_reviews_transactional.transactional
[2025-03-28T02:22:40.444+0000] {subprocess.py:106} INFO - [0m02:22:40  Found 1 model, 1 source, 433 macros
[2025-03-28T02:22:40.479+0000] {subprocess.py:106} INFO - [0m02:22:40
[2025-03-28T02:22:40.532+0000] {subprocess.py:106} INFO - [0m02:22:40  Concurrency: 4 threads (target='dev')
[2025-03-28T02:22:40.535+0000] {subprocess.py:106} INFO - [0m02:22:40
[2025-03-28T02:22:42.933+0000] {subprocess.py:106} INFO - [0m02:22:42  1 of 1 START sql table model transactional.clean_reviews ....................... [RUN]
[2025-03-28T02:22:48.793+0000] {subprocess.py:106} INFO - [0m02:22:48  1 of 1 OK created sql table model transactional.clean_reviews .................. [[32mSELECT 153[0m in 5.82s]
[2025-03-28T02:22:48.944+0000] {subprocess.py:106} INFO - [0m02:22:48
[2025-03-28T02:22:48.965+0000] {subprocess.py:106} INFO - [0m02:22:48  Finished running 1 table model in 0 hours 0 minutes and 8.41 seconds (8.41s).
[2025-03-28T02:22:49.231+0000] {subprocess.py:106} INFO - [0m02:22:49
[2025-03-28T02:22:49.237+0000] {subprocess.py:106} INFO - [0m02:22:49  [32mCompleted successfully[0m
[2025-03-28T02:22:49.263+0000] {subprocess.py:106} INFO - [0m02:22:49
[2025-03-28T02:22:49.267+0000] {subprocess.py:106} INFO - [0m02:22:49  Done. PASS=1 WARN=0 ERROR=0 SKIP=0 TOTAL=1
[2025-03-28T02:22:54.218+0000] {subprocess.py:110} INFO - Command exited with return code 0
[2025-03-28T02:22:56.202+0000] {taskinstance.py:341} INFO - ::group::Post task execution logs
[2025-03-28T02:22:56.214+0000] {taskinstance.py:353} INFO - Marking task as SUCCESS. dag_id=load_dbt_clean_reviews_pipeline, task_id=dbt_run_transactional, run_id=scheduled__2024-06-12T00:00:00+00:00, execution_date=20240612T000000, start_date=20250328T022205, end_date=20250328T022256
[2025-03-28T02:22:58.942+0000] {logging_mixin.py:190} INFO - Task instance in success state
[2025-03-28T02:22:58.943+0000] {logging_mixin.py:190} INFO -  Previous state of the Task instance: running
[2025-03-28T02:22:58.944+0000] {logging_mixin.py:190} INFO - Dag name:load_dbt_clean_reviews_pipeline queued_at:2025-03-28 02:21:58.789483+00:00
[2025-03-28T02:22:58.945+0000] {logging_mixin.py:190} INFO - Task hostname:DESKTOP-IM7V4RI. operator:BashOperator
[2025-03-28T02:22:59.111+0000] {local_task_job_runner.py:266} INFO - Task exited with return code 0
[2025-03-28T02:22:59.361+0000] {standard_task_runner.py:217} INFO - Process not found (most likely exited), stop collecting metrics
[2025-03-28T02:22:59.506+0000] {taskinstance.py:3901} INFO - 0 downstream tasks scheduled from follow-on schedule check
[2025-03-28T02:22:59.520+0000] {local_task_job_runner.py:245} INFO - ::endgroup::
