[2025-02-20T12:24:48.415+0100] {processor.py:186} INFO - Started process (PID=977) to work on /home/mohammed/venv/lib/python3.11/site-packages/airflow/example_dags/example_task_group.py
[2025-02-20T12:24:48.418+0100] {processor.py:914} INFO - Processing file /home/mohammed/venv/lib/python3.11/site-packages/airflow/example_dags/example_task_group.py for tasks to queue
[2025-02-20T12:24:48.426+0100] {logging_mixin.py:190} INFO - [2025-02-20T12:24:48.425+0100] {dagbag.py:588} INFO - Filling up the DagBag from /home/mohammed/venv/lib/python3.11/site-packages/airflow/example_dags/example_task_group.py
[2025-02-20T12:24:48.462+0100] {processor.py:925} INFO - DAG(s) 'example_task_group' retrieved from /home/mohammed/venv/lib/python3.11/site-packages/airflow/example_dags/example_task_group.py
[2025-02-20T12:24:48.738+0100] {logging_mixin.py:190} INFO - [2025-02-20T12:24:48.737+0100] {override.py:1930} INFO - Created Permission View: can edit on DAG:example_task_group
[2025-02-20T12:24:48.785+0100] {logging_mixin.py:190} INFO - [2025-02-20T12:24:48.784+0100] {override.py:1930} INFO - Created Permission View: can delete on DAG:example_task_group
[2025-02-20T12:24:48.833+0100] {logging_mixin.py:190} INFO - [2025-02-20T12:24:48.831+0100] {override.py:1930} INFO - Created Permission View: can read on DAG:example_task_group
[2025-02-20T12:24:48.909+0100] {logging_mixin.py:190} INFO - [2025-02-20T12:24:48.908+0100] {override.py:1930} INFO - Created Permission View: can create on DAG Run:example_task_group
[2025-02-20T12:24:48.952+0100] {logging_mixin.py:190} INFO - [2025-02-20T12:24:48.951+0100] {override.py:1930} INFO - Created Permission View: can delete on DAG Run:example_task_group
[2025-02-20T12:24:49.000+0100] {logging_mixin.py:190} INFO - [2025-02-20T12:24:48.999+0100] {override.py:1930} INFO - Created Permission View: can read on DAG Run:example_task_group
[2025-02-20T12:24:49.046+0100] {logging_mixin.py:190} INFO - [2025-02-20T12:24:49.045+0100] {override.py:1930} INFO - Created Permission View: menu access on DAG Run:example_task_group
[2025-02-20T12:24:49.047+0100] {logging_mixin.py:190} INFO - [2025-02-20T12:24:49.046+0100] {dag.py:3239} INFO - Sync 1 DAGs
[2025-02-20T12:24:49.085+0100] {logging_mixin.py:190} INFO - [2025-02-20T12:24:49.084+0100] {dag.py:3262} INFO - Creating ORM DAG for example_task_group
[2025-02-20T12:24:49.087+0100] {logging_mixin.py:190} INFO - [2025-02-20T12:24:49.087+0100] {dag.py:4180} INFO - Setting next_dagrun for example_task_group to None, run_after=None
[2025-02-20T12:24:49.175+0100] {processor.py:208} INFO - Processing /home/mohammed/venv/lib/python3.11/site-packages/airflow/example_dags/example_task_group.py took 0.782 seconds
[2025-02-20T12:28:17.674+0100] {processor.py:186} INFO - Started process (PID=1061) to work on /home/mohammed/venv/lib/python3.11/site-packages/airflow/example_dags/example_task_group.py
[2025-02-20T12:28:17.686+0100] {processor.py:914} INFO - Processing file /home/mohammed/venv/lib/python3.11/site-packages/airflow/example_dags/example_task_group.py for tasks to queue
[2025-02-20T12:28:17.695+0100] {logging_mixin.py:190} INFO - [2025-02-20T12:28:17.693+0100] {dagbag.py:588} INFO - Filling up the DagBag from /home/mohammed/venv/lib/python3.11/site-packages/airflow/example_dags/example_task_group.py
[2025-02-20T12:28:17.734+0100] {processor.py:925} INFO - DAG(s) 'example_task_group' retrieved from /home/mohammed/venv/lib/python3.11/site-packages/airflow/example_dags/example_task_group.py
[2025-02-20T12:28:17.802+0100] {logging_mixin.py:190} INFO - [2025-02-20T12:28:17.801+0100] {dag.py:3239} INFO - Sync 1 DAGs
[2025-02-20T12:28:17.832+0100] {logging_mixin.py:190} INFO - [2025-02-20T12:28:17.831+0100] {dag.py:4180} INFO - Setting next_dagrun for example_task_group to None, run_after=None
[2025-02-20T12:28:17.884+0100] {processor.py:208} INFO - Processing /home/mohammed/venv/lib/python3.11/site-packages/airflow/example_dags/example_task_group.py took 0.234 seconds
