[2025-02-20T12:25:46.768+0100] {processor.py:186} INFO - Started process (PID=1010) to work on /home/mohammed/venv/lib/python3.11/site-packages/airflow/example_dags/example_short_circuit_decorator.py
[2025-02-20T12:25:46.772+0100] {processor.py:914} INFO - Processing file /home/mohammed/venv/lib/python3.11/site-packages/airflow/example_dags/example_short_circuit_decorator.py for tasks to queue
[2025-02-20T12:25:46.784+0100] {logging_mixin.py:190} INFO - [2025-02-20T12:25:46.782+0100] {dagbag.py:588} INFO - Filling up the DagBag from /home/mohammed/venv/lib/python3.11/site-packages/airflow/example_dags/example_short_circuit_decorator.py
[2025-02-20T12:25:46.831+0100] {processor.py:925} INFO - DAG(s) 'example_short_circuit_decorator' retrieved from /home/mohammed/venv/lib/python3.11/site-packages/airflow/example_dags/example_short_circuit_decorator.py
[2025-02-20T12:25:47.065+0100] {logging_mixin.py:190} INFO - [2025-02-20T12:25:47.063+0100] {override.py:1930} INFO - Created Permission View: can edit on DAG:example_short_circuit_decorator
[2025-02-20T12:25:47.130+0100] {logging_mixin.py:190} INFO - [2025-02-20T12:25:47.128+0100] {override.py:1930} INFO - Created Permission View: can delete on DAG:example_short_circuit_decorator
[2025-02-20T12:25:47.180+0100] {logging_mixin.py:190} INFO - [2025-02-20T12:25:47.178+0100] {override.py:1930} INFO - Created Permission View: can read on DAG:example_short_circuit_decorator
[2025-02-20T12:25:47.269+0100] {logging_mixin.py:190} INFO - [2025-02-20T12:25:47.267+0100] {override.py:1930} INFO - Created Permission View: can create on DAG Run:example_short_circuit_decorator
[2025-02-20T12:25:47.321+0100] {logging_mixin.py:190} INFO - [2025-02-20T12:25:47.320+0100] {override.py:1930} INFO - Created Permission View: can delete on DAG Run:example_short_circuit_decorator
[2025-02-20T12:25:47.372+0100] {logging_mixin.py:190} INFO - [2025-02-20T12:25:47.371+0100] {override.py:1930} INFO - Created Permission View: can read on DAG Run:example_short_circuit_decorator
[2025-02-20T12:25:47.425+0100] {logging_mixin.py:190} INFO - [2025-02-20T12:25:47.424+0100] {override.py:1930} INFO - Created Permission View: menu access on DAG Run:example_short_circuit_decorator
[2025-02-20T12:25:47.427+0100] {logging_mixin.py:190} INFO - [2025-02-20T12:25:47.426+0100] {dag.py:3239} INFO - Sync 1 DAGs
[2025-02-20T12:25:47.499+0100] {logging_mixin.py:190} INFO - [2025-02-20T12:25:47.498+0100] {dag.py:3262} INFO - Creating ORM DAG for example_short_circuit_decorator
[2025-02-20T12:25:47.501+0100] {logging_mixin.py:190} INFO - [2025-02-20T12:25:47.501+0100] {dag.py:4180} INFO - Setting next_dagrun for example_short_circuit_decorator to None, run_after=None
[2025-02-20T12:25:47.583+0100] {processor.py:208} INFO - Processing /home/mohammed/venv/lib/python3.11/site-packages/airflow/example_dags/example_short_circuit_decorator.py took 0.840 seconds
[2025-02-20T12:28:54.598+0100] {processor.py:186} INFO - Started process (PID=1092) to work on /home/mohammed/venv/lib/python3.11/site-packages/airflow/example_dags/example_short_circuit_decorator.py
[2025-02-20T12:28:54.607+0100] {processor.py:914} INFO - Processing file /home/mohammed/venv/lib/python3.11/site-packages/airflow/example_dags/example_short_circuit_decorator.py for tasks to queue
[2025-02-20T12:28:54.616+0100] {logging_mixin.py:190} INFO - [2025-02-20T12:28:54.614+0100] {dagbag.py:588} INFO - Filling up the DagBag from /home/mohammed/venv/lib/python3.11/site-packages/airflow/example_dags/example_short_circuit_decorator.py
[2025-02-20T12:28:54.659+0100] {processor.py:925} INFO - DAG(s) 'example_short_circuit_decorator' retrieved from /home/mohammed/venv/lib/python3.11/site-packages/airflow/example_dags/example_short_circuit_decorator.py
[2025-02-20T12:28:54.725+0100] {logging_mixin.py:190} INFO - [2025-02-20T12:28:54.724+0100] {dag.py:3239} INFO - Sync 1 DAGs
[2025-02-20T12:28:54.771+0100] {logging_mixin.py:190} INFO - [2025-02-20T12:28:54.771+0100] {dag.py:4180} INFO - Setting next_dagrun for example_short_circuit_decorator to None, run_after=None
[2025-02-20T12:28:54.862+0100] {processor.py:208} INFO - Processing /home/mohammed/venv/lib/python3.11/site-packages/airflow/example_dags/example_short_circuit_decorator.py took 0.290 seconds
