[2025-02-20T12:25:55.103+0100] {processor.py:186} INFO - Started process (PID=1014) to work on /home/mohammed/venv/lib/python3.11/site-packages/airflow/example_dags/example_complex.py
[2025-02-20T12:25:55.107+0100] {processor.py:914} INFO - Processing file /home/mohammed/venv/lib/python3.11/site-packages/airflow/example_dags/example_complex.py for tasks to queue
[2025-02-20T12:25:55.115+0100] {logging_mixin.py:190} INFO - [2025-02-20T12:25:55.114+0100] {dagbag.py:588} INFO - Filling up the DagBag from /home/mohammed/venv/lib/python3.11/site-packages/airflow/example_dags/example_complex.py
[2025-02-20T12:25:55.166+0100] {processor.py:925} INFO - DAG(s) 'example_complex' retrieved from /home/mohammed/venv/lib/python3.11/site-packages/airflow/example_dags/example_complex.py
[2025-02-20T12:25:55.603+0100] {logging_mixin.py:190} INFO - [2025-02-20T12:25:55.601+0100] {override.py:1930} INFO - Created Permission View: can edit on DAG:example_complex
[2025-02-20T12:25:55.666+0100] {logging_mixin.py:190} INFO - [2025-02-20T12:25:55.664+0100] {override.py:1930} INFO - Created Permission View: can delete on DAG:example_complex
[2025-02-20T12:25:55.716+0100] {logging_mixin.py:190} INFO - [2025-02-20T12:25:55.715+0100] {override.py:1930} INFO - Created Permission View: can read on DAG:example_complex
[2025-02-20T12:25:55.800+0100] {logging_mixin.py:190} INFO - [2025-02-20T12:25:55.799+0100] {override.py:1930} INFO - Created Permission View: can create on DAG Run:example_complex
[2025-02-20T12:25:55.848+0100] {logging_mixin.py:190} INFO - [2025-02-20T12:25:55.846+0100] {override.py:1930} INFO - Created Permission View: can delete on DAG Run:example_complex
[2025-02-20T12:25:55.901+0100] {logging_mixin.py:190} INFO - [2025-02-20T12:25:55.900+0100] {override.py:1930} INFO - Created Permission View: can read on DAG Run:example_complex
[2025-02-20T12:25:55.944+0100] {logging_mixin.py:190} INFO - [2025-02-20T12:25:55.943+0100] {override.py:1930} INFO - Created Permission View: menu access on DAG Run:example_complex
[2025-02-20T12:25:55.946+0100] {logging_mixin.py:190} INFO - [2025-02-20T12:25:55.945+0100] {dag.py:3239} INFO - Sync 1 DAGs
[2025-02-20T12:25:55.996+0100] {logging_mixin.py:190} INFO - [2025-02-20T12:25:55.995+0100] {dag.py:3262} INFO - Creating ORM DAG for example_complex
[2025-02-20T12:25:55.999+0100] {logging_mixin.py:190} INFO - [2025-02-20T12:25:55.999+0100] {dag.py:4180} INFO - Setting next_dagrun for example_complex to None, run_after=None
[2025-02-20T12:25:56.099+0100] {processor.py:208} INFO - Processing /home/mohammed/venv/lib/python3.11/site-packages/airflow/example_dags/example_complex.py took 1.021 seconds
[2025-02-20T12:28:59.135+0100] {processor.py:186} INFO - Started process (PID=1096) to work on /home/mohammed/venv/lib/python3.11/site-packages/airflow/example_dags/example_complex.py
[2025-02-20T12:28:59.141+0100] {processor.py:914} INFO - Processing file /home/mohammed/venv/lib/python3.11/site-packages/airflow/example_dags/example_complex.py for tasks to queue
[2025-02-20T12:28:59.151+0100] {logging_mixin.py:190} INFO - [2025-02-20T12:28:59.149+0100] {dagbag.py:588} INFO - Filling up the DagBag from /home/mohammed/venv/lib/python3.11/site-packages/airflow/example_dags/example_complex.py
[2025-02-20T12:28:59.210+0100] {processor.py:925} INFO - DAG(s) 'example_complex' retrieved from /home/mohammed/venv/lib/python3.11/site-packages/airflow/example_dags/example_complex.py
[2025-02-20T12:28:59.276+0100] {logging_mixin.py:190} INFO - [2025-02-20T12:28:59.276+0100] {dag.py:3239} INFO - Sync 1 DAGs
[2025-02-20T12:28:59.306+0100] {logging_mixin.py:190} INFO - [2025-02-20T12:28:59.306+0100] {dag.py:4180} INFO - Setting next_dagrun for example_complex to None, run_after=None
[2025-02-20T12:28:59.369+0100] {processor.py:208} INFO - Processing /home/mohammed/venv/lib/python3.11/site-packages/airflow/example_dags/example_complex.py took 0.260 seconds
