[2025-03-17T01:22:25.107+0000] {local_task_job_runner.py:123} INFO - ::group::Pre task execution logs
[2025-03-17T01:22:25.149+0000] {taskinstance.py:2614} INFO - Dependencies all met for dep_context=non-requeueable deps ti=<TaskInstance: load_reviews_pipeline.dbt_run scheduled__2025-02-10T00:00:00+00:00 [queued]>
[2025-03-17T01:22:25.160+0000] {taskinstance.py:2614} INFO - Dependencies all met for dep_context=requeueable deps ti=<TaskInstance: load_reviews_pipeline.dbt_run scheduled__2025-02-10T00:00:00+00:00 [queued]>
[2025-03-17T01:22:25.160+0000] {taskinstance.py:2867} INFO - Starting attempt 2 of 2
[2025-03-17T01:22:25.178+0000] {taskinstance.py:2890} INFO - Executing <Task(BashOperator): dbt_run> on 2025-02-10 00:00:00+00:00
[2025-03-17T01:22:25.185+0000] {standard_task_runner.py:72} INFO - Started process 334231 to run task
[2025-03-17T01:22:25.190+0000] {standard_task_runner.py:104} INFO - Running: ['airflow', 'tasks', 'run', 'load_reviews_pipeline', 'dbt_run', 'scheduled__2025-02-10T00:00:00+00:00', '--job-id', '663', '--raw', '--subdir', 'DAGS_FOLDER/dag_load_reviews.py', '--cfg-path', '/tmp/tmperk8q2az']
[2025-03-17T01:22:25.191+0000] {standard_task_runner.py:105} INFO - Job 663: Subtask dbt_run
[2025-03-17T01:22:25.278+0000] {task_command.py:467} INFO - Running <TaskInstance: load_reviews_pipeline.dbt_run scheduled__2025-02-10T00:00:00+00:00 [running]> on host DESKTOP-IM7V4RI.
[2025-03-17T01:22:25.426+0000] {taskinstance.py:3134} INFO - Exporting env vars: AIRFLOW_CTX_DAG_OWNER='mohammed' AIRFLOW_CTX_DAG_ID='load_reviews_pipeline' AIRFLOW_CTX_TASK_ID='dbt_run' AIRFLOW_CTX_EXECUTION_DATE='2025-02-10T00:00:00+00:00' AIRFLOW_CTX_TRY_NUMBER='2' AIRFLOW_CTX_DAG_RUN_ID='scheduled__2025-02-10T00:00:00+00:00'
[2025-03-17T01:22:25.428+0000] {logging_mixin.py:190} INFO - Task instance is in running state
[2025-03-17T01:22:25.428+0000] {logging_mixin.py:190} INFO -  Previous state of the Task instance: queued
[2025-03-17T01:22:25.429+0000] {logging_mixin.py:190} INFO - Current task name:dbt_run state:running start_date:2025-03-17 01:22:25.149640+00:00
[2025-03-17T01:22:25.429+0000] {logging_mixin.py:190} INFO - Dag name:load_reviews_pipeline and current dag run status:running
[2025-03-17T01:22:25.429+0000] {taskinstance.py:732} INFO - ::endgroup::
[2025-03-17T01:22:25.430+0000] {subprocess.py:78} INFO - Tmp dir root location: /tmp
[2025-03-17T01:22:25.432+0000] {subprocess.py:88} INFO - Running command: ['/usr/bin/bash', '-c', 'cd /home/mohammed/.dbt/bank_reviews_project && dbt run']
[2025-03-17T01:22:25.447+0000] {subprocess.py:99} INFO - Output:
[2025-03-17T01:22:27.502+0000] {subprocess.py:106} INFO - [0m01:22:27  Running with dbt=1.9.3
[2025-03-17T01:22:27.887+0000] {subprocess.py:106} INFO - [0m01:22:27  Registered adapter: postgres=1.9.0
[2025-03-17T01:22:28.318+0000] {subprocess.py:106} INFO - [0m01:22:28  Found 10 models, 4 data tests, 2 sources, 433 macros
[2025-03-17T01:22:28.322+0000] {subprocess.py:106} INFO - [0m01:22:28
[2025-03-17T01:22:28.322+0000] {subprocess.py:106} INFO - [0m01:22:28  Concurrency: 4 threads (target='dev')
[2025-03-17T01:22:28.323+0000] {subprocess.py:106} INFO - [0m01:22:28
[2025-03-17T01:22:28.484+0000] {subprocess.py:106} INFO - [0m01:22:28  1 of 10 START sql view model public.clean_reviews .............................. [RUN]
[2025-03-17T01:22:28.486+0000] {subprocess.py:106} INFO - [0m01:22:28  2 of 10 START sql table model public.my_first_dbt_model ........................ [RUN]
[2025-03-17T01:22:28.490+0000] {subprocess.py:106} INFO - [0m01:22:28  3 of 10 START sql view model public.remove_duplicates .......................... [RUN]
[2025-03-17T01:22:28.492+0000] {subprocess.py:106} INFO - [0m01:22:28  4 of 10 START sql view model public.stg_clean_reviews .......................... [RUN]
[2025-03-17T01:22:29.060+0000] {subprocess.py:106} INFO - [0m01:22:29  4 of 10 OK created sql view model public.stg_clean_reviews ..................... [[32mCREATE VIEW[0m in 0.56s]
[2025-03-17T01:22:29.078+0000] {subprocess.py:106} INFO - [0m01:22:29  5 of 10 START sql view model public.dim_bank ................................... [RUN]
[2025-03-17T01:22:29.086+0000] {subprocess.py:106} INFO - [0m01:22:29  2 of 10 OK created sql table model public.my_first_dbt_model ................... [[32mSELECT 2[0m in 0.59s]
[2025-03-17T01:22:29.088+0000] {subprocess.py:106} INFO - [0m01:22:29  1 of 10 OK created sql view model public.clean_reviews ......................... [[32mCREATE VIEW[0m in 0.59s]
[2025-03-17T01:22:29.089+0000] {subprocess.py:106} INFO - [0m01:22:29  3 of 10 OK created sql view model public.remove_duplicates ..................... [[32mCREATE VIEW[0m in 0.59s]
[2025-03-17T01:22:29.104+0000] {subprocess.py:106} INFO - [0m01:22:29  6 of 10 START sql view model public.dim_branch ................................. [RUN]
[2025-03-17T01:22:29.106+0000] {subprocess.py:106} INFO - [0m01:22:29  7 of 10 START sql view model public.dim_location ............................... [RUN]
[2025-03-17T01:22:29.107+0000] {subprocess.py:106} INFO - [0m01:22:29  8 of 10 START sql view model public.dim_sentiment .............................. [RUN]
[2025-03-17T01:22:29.252+0000] {subprocess.py:106} INFO - [0m01:22:29  5 of 10 OK created sql view model public.dim_bank .............................. [[32mCREATE VIEW[0m in 0.16s]
[2025-03-17T01:22:29.275+0000] {subprocess.py:106} INFO - [0m01:22:29  9 of 10 START sql view model public.my_second_dbt_model ........................ [RUN]
[2025-03-17T01:22:29.293+0000] {subprocess.py:106} INFO - [0m01:22:29  7 of 10 OK created sql view model public.dim_location .......................... [[32mCREATE VIEW[0m in 0.17s]
[2025-03-17T01:22:29.298+0000] {subprocess.py:106} INFO - [0m01:22:29  8 of 10 OK created sql view model public.dim_sentiment ......................... [[32mCREATE VIEW[0m in 0.18s]
[2025-03-17T01:22:29.301+0000] {subprocess.py:106} INFO - [0m01:22:29  6 of 10 OK created sql view model public.dim_branch ............................ [[32mCREATE VIEW[0m in 0.19s]
[2025-03-17T01:22:29.315+0000] {subprocess.py:106} INFO - [0m01:22:29  10 of 10 START sql view model public.fact_reviews .............................. [RUN]
[2025-03-17T01:22:29.369+0000] {subprocess.py:106} INFO - [0m01:22:29  9 of 10 OK created sql view model public.my_second_dbt_model ................... [[32mCREATE VIEW[0m in 0.09s]
[2025-03-17T01:22:29.386+0000] {subprocess.py:106} INFO - [0m01:22:29  10 of 10 OK created sql view model public.fact_reviews ......................... [[32mCREATE VIEW[0m in 0.07s]
[2025-03-17T01:22:29.414+0000] {subprocess.py:106} INFO - [0m01:22:29
[2025-03-17T01:22:29.415+0000] {subprocess.py:106} INFO - [0m01:22:29  Finished running 1 table model, 9 view models in 0 hours 0 minutes and 1.09 seconds (1.09s).
[2025-03-17T01:22:29.457+0000] {subprocess.py:106} INFO - [0m01:22:29
[2025-03-17T01:22:29.457+0000] {subprocess.py:106} INFO - [0m01:22:29  [32mCompleted successfully[0m
[2025-03-17T01:22:29.458+0000] {subprocess.py:106} INFO - [0m01:22:29
[2025-03-17T01:22:29.458+0000] {subprocess.py:106} INFO - [0m01:22:29  Done. PASS=10 WARN=0 ERROR=0 SKIP=0 TOTAL=10
[2025-03-17T01:22:30.637+0000] {subprocess.py:110} INFO - Command exited with return code 0
[2025-03-17T01:22:30.690+0000] {taskinstance.py:341} INFO - ::group::Post task execution logs
[2025-03-17T01:22:30.691+0000] {taskinstance.py:353} INFO - Marking task as SUCCESS. dag_id=load_reviews_pipeline, task_id=dbt_run, run_id=scheduled__2025-02-10T00:00:00+00:00, execution_date=20250210T000000, start_date=20250317T012225, end_date=20250317T012230
[2025-03-17T01:22:30.738+0000] {logging_mixin.py:190} INFO - Task instance in success state
[2025-03-17T01:22:30.738+0000] {logging_mixin.py:190} INFO -  Previous state of the Task instance: running
[2025-03-17T01:22:30.739+0000] {logging_mixin.py:190} INFO - Dag name:load_reviews_pipeline queued_at:2025-03-17 01:17:15.558649+00:00
[2025-03-17T01:22:30.739+0000] {logging_mixin.py:190} INFO - Task hostname:DESKTOP-IM7V4RI. operator:BashOperator
[2025-03-17T01:22:30.781+0000] {local_task_job_runner.py:266} INFO - Task exited with return code 0
[2025-03-17T01:22:30.805+0000] {taskinstance.py:3901} INFO - 0 downstream tasks scheduled from follow-on schedule check
[2025-03-17T01:22:30.811+0000] {local_task_job_runner.py:245} INFO - ::endgroup::
