[2025-03-17T00:49:11.986+0000] {local_task_job_runner.py:123} INFO - ::group::Pre task execution logs
[2025-03-17T00:49:12.115+0000] {taskinstance.py:2614} INFO - Dependencies all met for dep_context=non-requeueable deps ti=<TaskInstance: load_reviews_pipeline.dbt_run scheduled__2024-08-04T00:00:00+00:00 [queued]>
[2025-03-17T00:49:12.180+0000] {taskinstance.py:2614} INFO - Dependencies all met for dep_context=requeueable deps ti=<TaskInstance: load_reviews_pipeline.dbt_run scheduled__2024-08-04T00:00:00+00:00 [queued]>
[2025-03-17T00:49:12.181+0000] {taskinstance.py:2867} INFO - Starting attempt 1 of 2
[2025-03-17T00:49:12.292+0000] {taskinstance.py:2890} INFO - Executing <Task(BashOperator): dbt_run> on 2024-08-04 00:00:00+00:00
[2025-03-17T00:49:12.313+0000] {standard_task_runner.py:72} INFO - Started process 286789 to run task
[2025-03-17T00:49:12.370+0000] {standard_task_runner.py:104} INFO - Running: ['airflow', 'tasks', 'run', 'load_reviews_pipeline', 'dbt_run', 'scheduled__2024-08-04T00:00:00+00:00', '--job-id', '359', '--raw', '--subdir', 'DAGS_FOLDER/dag_load_reviews.py', '--cfg-path', '/tmp/tmp7vvb7n_n']
[2025-03-17T00:49:12.384+0000] {standard_task_runner.py:105} INFO - Job 359: Subtask dbt_run
[2025-03-17T00:49:12.735+0000] {task_command.py:467} INFO - Running <TaskInstance: load_reviews_pipeline.dbt_run scheduled__2024-08-04T00:00:00+00:00 [running]> on host DESKTOP-IM7V4RI.
[2025-03-17T00:49:13.250+0000] {taskinstance.py:3134} INFO - Exporting env vars: AIRFLOW_CTX_DAG_OWNER='mohammed' AIRFLOW_CTX_DAG_ID='load_reviews_pipeline' AIRFLOW_CTX_TASK_ID='dbt_run' AIRFLOW_CTX_EXECUTION_DATE='2024-08-04T00:00:00+00:00' AIRFLOW_CTX_TRY_NUMBER='1' AIRFLOW_CTX_DAG_RUN_ID='scheduled__2024-08-04T00:00:00+00:00'
[2025-03-17T00:49:13.255+0000] {logging_mixin.py:190} INFO - Task instance is in running state
[2025-03-17T00:49:13.255+0000] {logging_mixin.py:190} INFO -  Previous state of the Task instance: queued
[2025-03-17T00:49:13.256+0000] {logging_mixin.py:190} INFO - Current task name:dbt_run state:running start_date:2025-03-17 00:49:12.116848+00:00
[2025-03-17T00:49:13.257+0000] {logging_mixin.py:190} INFO - Dag name:load_reviews_pipeline and current dag run status:running
[2025-03-17T00:49:13.257+0000] {taskinstance.py:732} INFO - ::endgroup::
[2025-03-17T00:49:13.260+0000] {subprocess.py:78} INFO - Tmp dir root location: /tmp
[2025-03-17T00:49:13.269+0000] {subprocess.py:88} INFO - Running command: ['/usr/bin/bash', '-c', 'cd /home/mohammed/.dbt/bank_reviews_project && dbt run']
[2025-03-17T00:49:13.315+0000] {subprocess.py:99} INFO - Output:
[2025-03-17T00:49:23.273+0000] {subprocess.py:106} INFO - [0m00:49:23  Running with dbt=1.9.3
[2025-03-17T00:49:24.924+0000] {subprocess.py:106} INFO - [0m00:49:24  Registered adapter: postgres=1.9.0
[2025-03-17T00:49:26.674+0000] {subprocess.py:106} INFO - [0m00:49:26  Found 11 models, 4 data tests, 2 sources, 433 macros
[2025-03-17T00:49:26.684+0000] {subprocess.py:106} INFO - [0m00:49:26
[2025-03-17T00:49:26.687+0000] {subprocess.py:106} INFO - [0m00:49:26  Concurrency: 4 threads (target='dev')
[2025-03-17T00:49:26.689+0000] {subprocess.py:106} INFO - [0m00:49:26
[2025-03-17T00:49:27.352+0000] {subprocess.py:106} INFO - [0m00:49:27  1 of 11 START sql view model public.clean_reviews .............................. [RUN]
[2025-03-17T00:49:27.355+0000] {subprocess.py:106} INFO - [0m00:49:27  2 of 11 START sql table model public.my_first_dbt_model ........................ [RUN]
[2025-03-17T00:49:27.363+0000] {subprocess.py:106} INFO - [0m00:49:27  4 of 11 START sql view model public.stg_clean_reviews .......................... [RUN]
[2025-03-17T00:49:27.367+0000] {subprocess.py:106} INFO - [0m00:49:27  3 of 11 START sql view model public.remove_duplicates .......................... [RUN]
[2025-03-17T00:49:30.054+0000] {subprocess.py:106} INFO - [0m00:49:30  2 of 11 OK created sql table model public.my_first_dbt_model ................... [[32mSELECT 2[0m in 2.69s]
[2025-03-17T00:49:30.067+0000] {subprocess.py:106} INFO - [0m00:49:30  1 of 11 OK created sql view model public.clean_reviews ......................... [[32mCREATE VIEW[0m in 2.70s]
[2025-03-17T00:49:30.072+0000] {subprocess.py:106} INFO - [0m00:49:30  4 of 11 OK created sql view model public.stg_clean_reviews ..................... [[32mCREATE VIEW[0m in 2.65s]
[2025-03-17T00:49:30.099+0000] {subprocess.py:106} INFO - [0m00:49:30  3 of 11 OK created sql view model public.remove_duplicates ..................... [[32mCREATE VIEW[0m in 2.66s]
[2025-03-17T00:49:30.108+0000] {subprocess.py:106} INFO - [0m00:49:30  5 of 11 START sql view model public.my_second_dbt_model ........................ [RUN]
[2025-03-17T00:49:30.117+0000] {subprocess.py:106} INFO - [0m00:49:30  6 of 11 START sql view model public.dim_bank ................................... [RUN]
[2025-03-17T00:49:30.130+0000] {subprocess.py:106} INFO - [0m00:49:30  7 of 11 START sql view model public.dim_branch ................................. [RUN]
[2025-03-17T00:49:30.146+0000] {subprocess.py:106} INFO - [0m00:49:30  8 of 11 START sql view model public.dim_location ............................... [RUN]
[2025-03-17T00:49:30.641+0000] {subprocess.py:106} INFO - [0m00:49:30  7 of 11 ERROR creating sql view model public.dim_branch ........................ [[31mERROR[0m in 0.49s]
[2025-03-17T00:49:30.708+0000] {subprocess.py:106} INFO - [0m00:49:30  6 of 11 ERROR creating sql view model public.dim_bank .......................... [[31mERROR[0m in 0.52s]
[2025-03-17T00:49:30.715+0000] {subprocess.py:106} INFO - [0m00:49:30  9 of 11 START sql view model public.dim_sentiment .............................. [RUN]
[2025-03-17T00:49:30.739+0000] {subprocess.py:106} INFO - [0m00:49:30  8 of 11 ERROR creating sql view model public.dim_location ...................... [[31mERROR[0m in 0.55s]
[2025-03-17T00:49:30.809+0000] {subprocess.py:106} INFO - [0m00:49:30  10 of 11 START sql view model public.dwh_model ................................. [RUN]
[2025-03-17T00:49:31.008+0000] {subprocess.py:106} INFO - [0m00:49:31  5 of 11 OK created sql view model public.my_second_dbt_model ................... [[32mCREATE VIEW[0m in 0.88s]
[2025-03-17T00:49:31.087+0000] {subprocess.py:106} INFO - [0m00:49:31  9 of 11 ERROR creating sql view model public.dim_sentiment ..................... [[31mERROR[0m in 0.31s]
[2025-03-17T00:49:31.098+0000] {subprocess.py:106} INFO - [0m00:49:31  11 of 11 SKIP relation public.fact_reviews ..................................... [[33mSKIP[0m]
[2025-03-17T00:49:31.232+0000] {subprocess.py:106} INFO - [0m00:49:31  10 of 11 OK created sql view model public.dwh_model ............................ [[32mCREATE VIEW[0m in 0.40s]
[2025-03-17T00:49:31.337+0000] {subprocess.py:106} INFO - [0m00:49:31
[2025-03-17T00:49:31.339+0000] {subprocess.py:106} INFO - [0m00:49:31  Finished running 1 table model, 10 view models in 0 hours 0 minutes and 4.64 seconds (4.64s).
[2025-03-17T00:49:31.525+0000] {subprocess.py:106} INFO - [0m00:49:31
[2025-03-17T00:49:31.527+0000] {subprocess.py:106} INFO - [0m00:49:31  [31mCompleted with 4 errors, 0 partial successes, and 0 warnings:[0m
[2025-03-17T00:49:31.530+0000] {subprocess.py:106} INFO - [0m00:49:31
[2025-03-17T00:49:31.532+0000] {subprocess.py:106} INFO - [0m00:49:31    Database Error in model dim_branch (models/dim_branch.sql)
[2025-03-17T00:49:31.533+0000] {subprocess.py:106} INFO -   syntax error at or near ";"
[2025-03-17T00:49:31.534+0000] {subprocess.py:106} INFO -   LINE 7: ... FROM "project_data_wherhouse"."public"."stg_clean_reviews";
[2025-03-17T00:49:31.534+0000] {subprocess.py:106} INFO -                                                                         ^
[2025-03-17T00:49:31.535+0000] {subprocess.py:106} INFO -   compiled code at target/run/bank_reviews_project/models/dim_branch.sql
[2025-03-17T00:49:31.536+0000] {subprocess.py:106} INFO - [0m00:49:31
[2025-03-17T00:49:31.536+0000] {subprocess.py:106} INFO - [0m00:49:31    Database Error in model dim_bank (models/dim_bank.sql)
[2025-03-17T00:49:31.537+0000] {subprocess.py:106} INFO -   syntax error at or near ";"
[2025-03-17T00:49:31.538+0000] {subprocess.py:106} INFO -   LINE 7: ... FROM "project_data_wherhouse"."public"."stg_clean_reviews";
[2025-03-17T00:49:31.538+0000] {subprocess.py:106} INFO -                                                                         ^
[2025-03-17T00:49:31.538+0000] {subprocess.py:106} INFO -   compiled code at target/run/bank_reviews_project/models/dim_bank.sql
[2025-03-17T00:49:31.539+0000] {subprocess.py:106} INFO - [0m00:49:31
[2025-03-17T00:49:31.539+0000] {subprocess.py:106} INFO - [0m00:49:31    Database Error in model dim_location (models/dim_location.sql)
[2025-03-17T00:49:31.540+0000] {subprocess.py:106} INFO -   syntax error at or near ";"
[2025-03-17T00:49:31.540+0000] {subprocess.py:106} INFO -   LINE 7: ... FROM "project_data_wherhouse"."public"."stg_clean_reviews";
[2025-03-17T00:49:31.540+0000] {subprocess.py:106} INFO -                                                                         ^
[2025-03-17T00:49:31.541+0000] {subprocess.py:106} INFO -   compiled code at target/run/bank_reviews_project/models/dim_location.sql
[2025-03-17T00:49:31.541+0000] {subprocess.py:106} INFO - [0m00:49:31
[2025-03-17T00:49:31.541+0000] {subprocess.py:106} INFO - [0m00:49:31    Database Error in model dim_sentiment (models/dim_sentiment.sql)
[2025-03-17T00:49:31.542+0000] {subprocess.py:106} INFO -   syntax error at or near ";"
[2025-03-17T00:49:31.542+0000] {subprocess.py:106} INFO -   LINE 7: ... FROM "project_data_wherhouse"."public"."stg_clean_reviews";
[2025-03-17T00:49:31.542+0000] {subprocess.py:106} INFO -                                                                         ^
[2025-03-17T00:49:31.543+0000] {subprocess.py:106} INFO -   compiled code at target/run/bank_reviews_project/models/dim_sentiment.sql
[2025-03-17T00:49:31.543+0000] {subprocess.py:106} INFO - [0m00:49:31
[2025-03-17T00:49:31.544+0000] {subprocess.py:106} INFO - [0m00:49:31  Done. PASS=6 WARN=0 ERROR=4 SKIP=1 TOTAL=11
[2025-03-17T00:49:33.657+0000] {subprocess.py:110} INFO - Command exited with return code 1
[2025-03-17T00:49:33.717+0000] {taskinstance.py:3313} ERROR - Task failed with exception
Traceback (most recent call last):
  File "/home/mohammed/venv/lib/python3.11/site-packages/airflow/models/taskinstance.py", line 768, in _execute_task
    result = _execute_callable(context=context, **execute_callable_kwargs)
             ^^^^^^^^^^^^^^^^^^^^^^^^^^^^^^^^^^^^^^^^^^^^^^^^^^^^^^^^^^^^^
  File "/home/mohammed/venv/lib/python3.11/site-packages/airflow/models/taskinstance.py", line 734, in _execute_callable
    return ExecutionCallableRunner(
           ^^^^^^^^^^^^^^^^^^^^^^^^
  File "/home/mohammed/venv/lib/python3.11/site-packages/airflow/utils/operator_helpers.py", line 252, in run
    return self.func(*args, **kwargs)
           ^^^^^^^^^^^^^^^^^^^^^^^^^^
  File "/home/mohammed/venv/lib/python3.11/site-packages/airflow/models/baseoperator.py", line 424, in wrapper
    return func(self, *args, **kwargs)
           ^^^^^^^^^^^^^^^^^^^^^^^^^^^
  File "/home/mohammed/venv/lib/python3.11/site-packages/airflow/operators/bash.py", line 276, in execute
    raise AirflowException(
airflow.exceptions.AirflowException: Bash command failed. The command returned a non-zero exit code 1.
[2025-03-17T00:49:33.747+0000] {logging_mixin.py:190} INFO - Task instance in failure state
[2025-03-17T00:49:33.748+0000] {logging_mixin.py:190} INFO - Task start:2025-03-17 00:49:12.116848+00:00 end:2025-03-17 00:49:33.744758+00:00 duration:21.62791
[2025-03-17T00:49:33.749+0000] {logging_mixin.py:190} INFO - Task:<Task(BashOperator): dbt_run> dag:<DAG: load_reviews_pipeline> dagrun:<DagRun load_reviews_pipeline @ 2024-08-04 00:00:00+00:00: scheduled__2024-08-04T00:00:00+00:00, state:running, queued_at: 2025-03-17 00:49:06.621545+00:00. externally triggered: False>
[2025-03-17T00:49:33.750+0000] {logging_mixin.py:190} INFO - Failure caused by Bash command failed. The command returned a non-zero exit code 1.
[2025-03-17T00:49:33.751+0000] {taskinstance.py:1226} INFO - Marking task as UP_FOR_RETRY. dag_id=load_reviews_pipeline, task_id=dbt_run, run_id=scheduled__2024-08-04T00:00:00+00:00, execution_date=20240804T000000, start_date=20250317T004912, end_date=20250317T004933
[2025-03-17T00:49:33.882+0000] {taskinstance.py:341} INFO - ::group::Post task execution logs
[2025-03-17T00:49:33.883+0000] {standard_task_runner.py:124} ERROR - Failed to execute job 359 for task dbt_run (Bash command failed. The command returned a non-zero exit code 1.; 286789)
Traceback (most recent call last):
  File "/home/mohammed/venv/lib/python3.11/site-packages/airflow/task/task_runner/standard_task_runner.py", line 117, in _start_by_fork
    ret = args.func(args, dag=self.dag)
          ^^^^^^^^^^^^^^^^^^^^^^^^^^^^^
  File "/home/mohammed/venv/lib/python3.11/site-packages/airflow/cli/cli_config.py", line 49, in command
    return func(*args, **kwargs)
           ^^^^^^^^^^^^^^^^^^^^^
  File "/home/mohammed/venv/lib/python3.11/site-packages/airflow/utils/cli.py", line 116, in wrapper
    return f(*args, **kwargs)
           ^^^^^^^^^^^^^^^^^^
  File "/home/mohammed/venv/lib/python3.11/site-packages/airflow/cli/commands/task_command.py", line 483, in task_run
    task_return_code = _run_task_by_selected_method(args, _dag, ti)
                       ^^^^^^^^^^^^^^^^^^^^^^^^^^^^^^^^^^^^^^^^^^^^
  File "/home/mohammed/venv/lib/python3.11/site-packages/airflow/cli/commands/task_command.py", line 256, in _run_task_by_selected_method
    return _run_raw_task(args, ti)
           ^^^^^^^^^^^^^^^^^^^^^^^
  File "/home/mohammed/venv/lib/python3.11/site-packages/airflow/cli/commands/task_command.py", line 341, in _run_raw_task
    return ti._run_raw_task(
           ^^^^^^^^^^^^^^^^^
  File "/home/mohammed/venv/lib/python3.11/site-packages/airflow/utils/session.py", line 97, in wrapper
    return func(*args, session=session, **kwargs)
           ^^^^^^^^^^^^^^^^^^^^^^^^^^^^^^^^^^^^^^
  File "/home/mohammed/venv/lib/python3.11/site-packages/airflow/models/taskinstance.py", line 3006, in _run_raw_task
    return _run_raw_task(
           ^^^^^^^^^^^^^^
  File "/home/mohammed/venv/lib/python3.11/site-packages/airflow/models/taskinstance.py", line 274, in _run_raw_task
    TaskInstance._execute_task_with_callbacks(
  File "/home/mohammed/venv/lib/python3.11/site-packages/airflow/models/taskinstance.py", line 3161, in _execute_task_with_callbacks
    result = self._execute_task(context, task_orig)
             ^^^^^^^^^^^^^^^^^^^^^^^^^^^^^^^^^^^^^^
  File "/home/mohammed/venv/lib/python3.11/site-packages/airflow/models/taskinstance.py", line 3185, in _execute_task
    return _execute_task(self, context, task_orig)
           ^^^^^^^^^^^^^^^^^^^^^^^^^^^^^^^^^^^^^^^
  File "/home/mohammed/venv/lib/python3.11/site-packages/airflow/models/taskinstance.py", line 768, in _execute_task
    result = _execute_callable(context=context, **execute_callable_kwargs)
             ^^^^^^^^^^^^^^^^^^^^^^^^^^^^^^^^^^^^^^^^^^^^^^^^^^^^^^^^^^^^^
  File "/home/mohammed/venv/lib/python3.11/site-packages/airflow/models/taskinstance.py", line 734, in _execute_callable
    return ExecutionCallableRunner(
           ^^^^^^^^^^^^^^^^^^^^^^^^
  File "/home/mohammed/venv/lib/python3.11/site-packages/airflow/utils/operator_helpers.py", line 252, in run
    return self.func(*args, **kwargs)
           ^^^^^^^^^^^^^^^^^^^^^^^^^^
  File "/home/mohammed/venv/lib/python3.11/site-packages/airflow/models/baseoperator.py", line 424, in wrapper
    return func(self, *args, **kwargs)
           ^^^^^^^^^^^^^^^^^^^^^^^^^^^
  File "/home/mohammed/venv/lib/python3.11/site-packages/airflow/operators/bash.py", line 276, in execute
    raise AirflowException(
airflow.exceptions.AirflowException: Bash command failed. The command returned a non-zero exit code 1.
[2025-03-17T00:49:33.913+0000] {local_task_job_runner.py:266} INFO - Task exited with return code 1
[2025-03-17T00:49:33.998+0000] {taskinstance.py:3901} INFO - 0 downstream tasks scheduled from follow-on schedule check
[2025-03-17T00:49:34.006+0000] {local_task_job_runner.py:245} INFO - ::endgroup::
