[2025-02-24T16:44:37.119+0000] {local_task_job_runner.py:123} INFO - ::group::Pre task execution logs
[2025-02-24T16:44:37.142+0000] {taskinstance.py:2614} INFO - Dependencies all met for dep_context=non-requeueable deps ti=<TaskInstance: tutorial.sleep manual__2025-02-20T11:32:15.773891+00:00 [queued]>
[2025-02-24T16:44:37.159+0000] {taskinstance.py:2614} INFO - Dependencies all met for dep_context=requeueable deps ti=<TaskInstance: tutorial.sleep manual__2025-02-20T11:32:15.773891+00:00 [queued]>
[2025-02-24T16:44:37.159+0000] {taskinstance.py:2867} INFO - Starting attempt 1 of 4
[2025-02-24T16:44:37.197+0000] {taskinstance.py:2890} INFO - Executing <Task(BashOperator): sleep> on 2025-02-20 11:32:15.773891+00:00
[2025-02-24T16:44:37.207+0000] {standard_task_runner.py:72} INFO - Started process 758 to run task
[2025-02-24T16:44:37.216+0000] {standard_task_runner.py:104} INFO - Running: ['airflow', 'tasks', 'run', 'tutorial', 'sleep', 'manual__2025-02-20T11:32:15.773891+00:00', '--job-id', '15', '--raw', '--subdir', 'DAGS_FOLDER/dag.py', '--cfg-path', '/tmp/tmp2n52h14h']
[2025-02-24T16:44:37.221+0000] {standard_task_runner.py:105} INFO - Job 15: Subtask sleep
[2025-02-24T16:44:37.366+0000] {task_command.py:467} INFO - Running <TaskInstance: tutorial.sleep manual__2025-02-20T11:32:15.773891+00:00 [running]> on host DESKTOP-IM7V4RI.
[2025-02-24T16:44:37.547+0000] {taskinstance.py:3134} INFO - Exporting env vars: AIRFLOW_CTX_DAG_EMAIL='airflow@example.com' AIRFLOW_CTX_DAG_OWNER='airflow' AIRFLOW_CTX_DAG_ID='tutorial' AIRFLOW_CTX_TASK_ID='sleep' AIRFLOW_CTX_EXECUTION_DATE='2025-02-20T11:32:15.773891+00:00' AIRFLOW_CTX_TRY_NUMBER='1' AIRFLOW_CTX_DAG_RUN_ID='manual__2025-02-20T11:32:15.773891+00:00'
[2025-02-24T16:44:37.554+0000] {logging_mixin.py:190} INFO - Task instance is in running state
[2025-02-24T16:44:37.555+0000] {logging_mixin.py:190} INFO -  Previous state of the Task instance: queued
[2025-02-24T16:44:37.556+0000] {logging_mixin.py:190} INFO - Current task name:sleep state:running start_date:2025-02-24 16:44:37.143085+00:00
[2025-02-24T16:44:37.556+0000] {logging_mixin.py:190} INFO - Dag name:tutorial and current dag run status:running
[2025-02-24T16:44:37.557+0000] {taskinstance.py:732} INFO - ::endgroup::
[2025-02-24T16:44:37.559+0000] {subprocess.py:78} INFO - Tmp dir root location: /tmp
[2025-02-24T16:44:37.562+0000] {subprocess.py:88} INFO - Running command: ['/usr/bin/bash', '-c', 'sleep 5']
[2025-02-24T16:44:37.581+0000] {subprocess.py:99} INFO - Output:
[2025-02-24T16:44:42.589+0000] {subprocess.py:110} INFO - Command exited with return code 0
[2025-02-24T16:44:42.690+0000] {taskinstance.py:341} INFO - ::group::Post task execution logs
[2025-02-24T16:44:42.692+0000] {taskinstance.py:353} INFO - Marking task as SUCCESS. dag_id=tutorial, task_id=sleep, run_id=manual__2025-02-20T11:32:15.773891+00:00, execution_date=20250220T113215, start_date=20250224T164437, end_date=20250224T164442
[2025-02-24T16:44:42.778+0000] {logging_mixin.py:190} INFO - Task instance in success state
[2025-02-24T16:44:42.779+0000] {logging_mixin.py:190} INFO -  Previous state of the Task instance: running
[2025-02-24T16:44:42.780+0000] {logging_mixin.py:190} INFO - Dag name:tutorial queued_at:2025-02-20 11:32:15.837209+00:00
[2025-02-24T16:44:42.781+0000] {logging_mixin.py:190} INFO - Task hostname:DESKTOP-IM7V4RI. operator:BashOperator
[2025-02-24T16:44:42.843+0000] {local_task_job_runner.py:266} INFO - Task exited with return code 0
[2025-02-24T16:44:42.919+0000] {taskinstance.py:3901} INFO - 1 downstream tasks scheduled from follow-on schedule check
[2025-02-24T16:44:42.945+0000] {local_task_job_runner.py:245} INFO - ::endgroup::
