[2025-03-17T00:44:45.307+0000] {local_task_job_runner.py:123} INFO - ::group::Pre task execution logs
[2025-03-17T00:44:45.379+0000] {taskinstance.py:2614} INFO - Dependencies all met for dep_context=non-requeueable deps ti=<TaskInstance: load_reviews_pipeline.dbt_run scheduled__2024-07-16T00:00:00+00:00 [queued]>
[2025-03-17T00:44:45.402+0000] {taskinstance.py:2614} INFO - Dependencies all met for dep_context=requeueable deps ti=<TaskInstance: load_reviews_pipeline.dbt_run scheduled__2024-07-16T00:00:00+00:00 [queued]>
[2025-03-17T00:44:45.403+0000] {taskinstance.py:2867} INFO - Starting attempt 1 of 2
[2025-03-17T00:44:45.439+0000] {taskinstance.py:2890} INFO - Executing <Task(BashOperator): dbt_run> on 2024-07-16 00:00:00+00:00
[2025-03-17T00:44:45.452+0000] {standard_task_runner.py:72} INFO - Started process 279976 to run task
[2025-03-17T00:44:45.460+0000] {standard_task_runner.py:104} INFO - Running: ['airflow', 'tasks', 'run', 'load_reviews_pipeline', 'dbt_run', 'scheduled__2024-07-16T00:00:00+00:00', '--job-id', '325', '--raw', '--subdir', 'DAGS_FOLDER/dag_load_reviews.py', '--cfg-path', '/tmp/tmp71x3knj4']
[2025-03-17T00:44:45.463+0000] {standard_task_runner.py:105} INFO - Job 325: Subtask dbt_run
[2025-03-17T00:44:45.705+0000] {task_command.py:467} INFO - Running <TaskInstance: load_reviews_pipeline.dbt_run scheduled__2024-07-16T00:00:00+00:00 [running]> on host DESKTOP-IM7V4RI.
[2025-03-17T00:44:46.022+0000] {taskinstance.py:3134} INFO - Exporting env vars: AIRFLOW_CTX_DAG_OWNER='mohammed' AIRFLOW_CTX_DAG_ID='load_reviews_pipeline' AIRFLOW_CTX_TASK_ID='dbt_run' AIRFLOW_CTX_EXECUTION_DATE='2024-07-16T00:00:00+00:00' AIRFLOW_CTX_TRY_NUMBER='1' AIRFLOW_CTX_DAG_RUN_ID='scheduled__2024-07-16T00:00:00+00:00'
[2025-03-17T00:44:46.024+0000] {logging_mixin.py:190} INFO - Task instance is in running state
[2025-03-17T00:44:46.025+0000] {logging_mixin.py:190} INFO -  Previous state of the Task instance: queued
[2025-03-17T00:44:46.025+0000] {logging_mixin.py:190} INFO - Current task name:dbt_run state:running start_date:2025-03-17 00:44:45.380185+00:00
[2025-03-17T00:44:46.026+0000] {logging_mixin.py:190} INFO - Dag name:load_reviews_pipeline and current dag run status:running
[2025-03-17T00:44:46.026+0000] {taskinstance.py:732} INFO - ::endgroup::
[2025-03-17T00:44:46.028+0000] {subprocess.py:78} INFO - Tmp dir root location: /tmp
[2025-03-17T00:44:46.030+0000] {subprocess.py:88} INFO - Running command: ['/usr/bin/bash', '-c', 'cd /home/mohammed/.dbt/bank_reviews_project && dbt run']
[2025-03-17T00:44:46.056+0000] {subprocess.py:99} INFO - Output:
[2025-03-17T00:44:49.066+0000] {subprocess.py:106} INFO - [0m00:44:49  Running with dbt=1.9.3
[2025-03-17T00:44:49.570+0000] {subprocess.py:106} INFO - [0m00:44:49  Registered adapter: postgres=1.9.0
[2025-03-17T00:44:50.412+0000] {subprocess.py:106} INFO - [0m00:44:50  Found 6 models, 4 data tests, 2 sources, 433 macros
[2025-03-17T00:44:50.420+0000] {subprocess.py:106} INFO - [0m00:44:50
[2025-03-17T00:44:50.421+0000] {subprocess.py:106} INFO - [0m00:44:50  Concurrency: 4 threads (target='dev')
[2025-03-17T00:44:50.422+0000] {subprocess.py:106} INFO - [0m00:44:50
[2025-03-17T00:44:50.718+0000] {subprocess.py:106} INFO - [0m00:44:50  1 of 6 START sql view model public.clean_reviews ............................... [RUN]
[2025-03-17T00:44:50.721+0000] {subprocess.py:106} INFO - [0m00:44:50  2 of 6 START sql table model public.my_first_dbt_model ......................... [RUN]
[2025-03-17T00:44:50.724+0000] {subprocess.py:106} INFO - [0m00:44:50  3 of 6 START sql view model public.remove_duplicates ........................... [RUN]
[2025-03-17T00:44:50.726+0000] {subprocess.py:106} INFO - [0m00:44:50  4 of 6 START sql view model public.stg_clean_reviews ........................... [RUN]
[2025-03-17T00:44:52.861+0000] {subprocess.py:106} INFO - [0m00:44:52  4 of 6 OK created sql view model public.stg_clean_reviews ...................... [[32mCREATE VIEW[0m in 2.11s]
[2025-03-17T00:44:52.864+0000] {subprocess.py:106} INFO - [0m00:44:52  3 of 6 OK created sql view model public.remove_duplicates ...................... [[32mCREATE VIEW[0m in 2.13s]
[2025-03-17T00:44:52.869+0000] {subprocess.py:106} INFO - [0m00:44:52  2 of 6 OK created sql table model public.my_first_dbt_model .................... [[32mSELECT 2[0m in 2.13s]
[2025-03-17T00:44:52.875+0000] {subprocess.py:106} INFO - [0m00:44:52  1 of 6 OK created sql view model public.clean_reviews .......................... [[32mCREATE VIEW[0m in 2.14s]
[2025-03-17T00:44:52.890+0000] {subprocess.py:106} INFO - [0m00:44:52  5 of 6 START sql view model public.dwh_model ................................... [RUN]
[2025-03-17T00:44:52.892+0000] {subprocess.py:106} INFO - [0m00:44:52  6 of 6 START sql view model public.my_second_dbt_model ......................... [RUN]
[2025-03-17T00:44:53.109+0000] {subprocess.py:106} INFO - [0m00:44:53  6 of 6 OK created sql view model public.my_second_dbt_model .................... [[32mCREATE VIEW[0m in 0.21s]
[2025-03-17T00:44:53.123+0000] {subprocess.py:106} INFO - [0m00:44:53  5 of 6 OK created sql view model public.dwh_model .............................. [[32mCREATE VIEW[0m in 0.23s]
[2025-03-17T00:44:53.176+0000] {subprocess.py:106} INFO - [0m00:44:53
[2025-03-17T00:44:53.178+0000] {subprocess.py:106} INFO - [0m00:44:53  Finished running 1 table model, 5 view models in 0 hours 0 minutes and 2.75 seconds (2.75s).
[2025-03-17T00:44:53.282+0000] {subprocess.py:106} INFO - [0m00:44:53
[2025-03-17T00:44:53.285+0000] {subprocess.py:106} INFO - [0m00:44:53  [32mCompleted successfully[0m
[2025-03-17T00:44:53.286+0000] {subprocess.py:106} INFO - [0m00:44:53
[2025-03-17T00:44:53.288+0000] {subprocess.py:106} INFO - [0m00:44:53  Done. PASS=6 WARN=0 ERROR=0 SKIP=0 TOTAL=6
[2025-03-17T00:44:55.210+0000] {subprocess.py:110} INFO - Command exited with return code 0
[2025-03-17T00:44:55.305+0000] {taskinstance.py:341} INFO - ::group::Post task execution logs
[2025-03-17T00:44:55.306+0000] {taskinstance.py:353} INFO - Marking task as SUCCESS. dag_id=load_reviews_pipeline, task_id=dbt_run, run_id=scheduled__2024-07-16T00:00:00+00:00, execution_date=20240716T000000, start_date=20250317T004445, end_date=20250317T004455
[2025-03-17T00:44:55.405+0000] {logging_mixin.py:190} INFO - Task instance in success state
[2025-03-17T00:44:55.406+0000] {logging_mixin.py:190} INFO -  Previous state of the Task instance: running
[2025-03-17T00:44:55.406+0000] {logging_mixin.py:190} INFO - Dag name:load_reviews_pipeline queued_at:2025-03-17 00:44:43.336585+00:00
[2025-03-17T00:44:55.407+0000] {logging_mixin.py:190} INFO - Task hostname:DESKTOP-IM7V4RI. operator:BashOperator
[2025-03-17T00:44:55.449+0000] {local_task_job_runner.py:266} INFO - Task exited with return code 0
[2025-03-17T00:44:55.466+0000] {standard_task_runner.py:217} INFO - Process not found (most likely exited), stop collecting metrics
[2025-03-17T00:44:55.498+0000] {local_task_job_runner.py:245} INFO - ::endgroup::
