[2025-03-13T15:31:31.396+0000] {local_task_job_runner.py:123} INFO - ::group::Pre task execution logs
[2025-03-13T15:31:31.428+0000] {taskinstance.py:2614} INFO - Dependencies all met for dep_context=non-requeueable deps ti=<TaskInstance: Simple_etl.file_sensor manual__2025-03-03T18:14:52.263707+00:00 [queued]>
[2025-03-13T15:31:31.439+0000] {taskinstance.py:2614} INFO - Dependencies all met for dep_context=requeueable deps ti=<TaskInstance: Simple_etl.file_sensor manual__2025-03-03T18:14:52.263707+00:00 [queued]>
[2025-03-13T15:31:31.440+0000] {taskinstance.py:2867} INFO - Starting attempt 7 of 1
[2025-03-13T15:31:31.458+0000] {taskinstance.py:2890} INFO - Executing <Task(FileSensor): file_sensor> on 2025-03-03 18:14:52.263707+00:00
[2025-03-13T15:31:31.471+0000] {standard_task_runner.py:72} INFO - Started process 11868 to run task
[2025-03-13T15:31:31.479+0000] {standard_task_runner.py:104} INFO - Running: ['airflow', 'tasks', 'run', 'Simple_etl', 'file_sensor', 'manual__2025-03-03T18:14:52.263707+00:00', '--job-id', '90', '--raw', '--subdir', 'DAGS_FOLDER/dag_etl.py', '--cfg-path', '/tmp/tmpmgqkk730']
[2025-03-13T15:31:31.481+0000] {standard_task_runner.py:105} INFO - Job 90: Subtask file_sensor
[2025-03-13T15:31:31.630+0000] {task_command.py:467} INFO - Running <TaskInstance: Simple_etl.file_sensor manual__2025-03-03T18:14:52.263707+00:00 [running]> on host DESKTOP-IM7V4RI.
[2025-03-13T15:31:31.839+0000] {taskinstance.py:3134} INFO - Exporting env vars: AIRFLOW_CTX_DAG_EMAIL='airflow@example.com' AIRFLOW_CTX_DAG_OWNER='airflow' AIRFLOW_CTX_DAG_ID='Simple_etl' AIRFLOW_CTX_TASK_ID='file_sensor' AIRFLOW_CTX_EXECUTION_DATE='2025-03-03T18:14:52.263707+00:00' AIRFLOW_CTX_TRY_NUMBER='7' AIRFLOW_CTX_DAG_RUN_ID='manual__2025-03-03T18:14:52.263707+00:00'
[2025-03-13T15:31:31.841+0000] {logging_mixin.py:190} INFO - Task instance is in running state
[2025-03-13T15:31:31.842+0000] {logging_mixin.py:190} INFO -  Previous state of the Task instance: queued
[2025-03-13T15:31:31.842+0000] {logging_mixin.py:190} INFO - Current task name:file_sensor state:running start_date:2025-03-13 15:31:31.429387+00:00
[2025-03-13T15:31:31.843+0000] {logging_mixin.py:190} INFO - Dag name:Simple_etl and current dag run status:running
[2025-03-13T15:31:31.843+0000] {taskinstance.py:732} INFO - ::endgroup::
[2025-03-13T15:31:31.844+0000] {baseoperator.py:423} WARNING - FileSensor.execute cannot be called outside TaskInstance!
[2025-03-13T15:31:31.876+0000] {base.py:84} INFO - Retrieving connection 'fs_default'
[2025-03-13T15:31:31.877+0000] {filesystem.py:109} INFO - Poking for file /home/mohammed/input/*.csv
[2025-03-13T15:31:41.879+0000] {filesystem.py:109} INFO - Poking for file /home/mohammed/input/*.csv
[2025-03-13T15:31:53.835+0000] {filesystem.py:109} INFO - Poking for file /home/mohammed/input/*.csv
[2025-03-13T15:32:03.836+0000] {filesystem.py:109} INFO - Poking for file /home/mohammed/input/*.csv
[2025-03-13T15:32:13.837+0000] {filesystem.py:109} INFO - Poking for file /home/mohammed/input/*.csv
[2025-03-13T15:32:25.968+0000] {filesystem.py:109} INFO - Poking for file /home/mohammed/input/*.csv
[2025-03-13T15:32:35.969+0000] {filesystem.py:109} INFO - Poking for file /home/mohammed/input/*.csv
[2025-03-13T15:32:45.969+0000] {filesystem.py:109} INFO - Poking for file /home/mohammed/input/*.csv
[2025-03-13T15:32:59.328+0000] {filesystem.py:109} INFO - Poking for file /home/mohammed/input/*.csv
[2025-03-13T15:33:09.329+0000] {filesystem.py:109} INFO - Poking for file /home/mohammed/input/*.csv
[2025-03-13T15:33:19.330+0000] {filesystem.py:109} INFO - Poking for file /home/mohammed/input/*.csv
[2025-03-13T15:33:29.331+0000] {filesystem.py:109} INFO - Poking for file /home/mohammed/input/*.csv
[2025-03-13T15:33:42.579+0000] {filesystem.py:109} INFO - Poking for file /home/mohammed/input/*.csv
[2025-03-13T15:33:52.580+0000] {filesystem.py:109} INFO - Poking for file /home/mohammed/input/*.csv
[2025-03-13T15:34:02.581+0000] {filesystem.py:109} INFO - Poking for file /home/mohammed/input/*.csv
[2025-03-13T15:34:15.171+0000] {filesystem.py:109} INFO - Poking for file /home/mohammed/input/*.csv
[2025-03-13T15:34:25.171+0000] {filesystem.py:109} INFO - Poking for file /home/mohammed/input/*.csv
[2025-03-13T15:34:35.172+0000] {filesystem.py:109} INFO - Poking for file /home/mohammed/input/*.csv
[2025-03-13T15:34:47.740+0000] {filesystem.py:109} INFO - Poking for file /home/mohammed/input/*.csv
[2025-03-13T15:34:57.741+0000] {filesystem.py:109} INFO - Poking for file /home/mohammed/input/*.csv
[2025-03-13T15:35:07.743+0000] {filesystem.py:109} INFO - Poking for file /home/mohammed/input/*.csv
[2025-03-13T15:35:20.607+0000] {filesystem.py:109} INFO - Poking for file /home/mohammed/input/*.csv
[2025-03-13T15:35:30.608+0000] {filesystem.py:109} INFO - Poking for file /home/mohammed/input/*.csv
[2025-03-13T15:35:40.610+0000] {filesystem.py:109} INFO - Poking for file /home/mohammed/input/*.csv
[2025-03-13T15:35:50.611+0000] {filesystem.py:109} INFO - Poking for file /home/mohammed/input/*.csv
[2025-03-13T15:36:03.908+0000] {filesystem.py:109} INFO - Poking for file /home/mohammed/input/*.csv
[2025-03-13T15:36:13.909+0000] {filesystem.py:109} INFO - Poking for file /home/mohammed/input/*.csv
[2025-03-13T15:36:23.912+0000] {filesystem.py:109} INFO - Poking for file /home/mohammed/input/*.csv
[2025-03-13T15:36:36.996+0000] {filesystem.py:109} INFO - Poking for file /home/mohammed/input/*.csv
[2025-03-13T15:36:47.024+0000] {filesystem.py:109} INFO - Poking for file /home/mohammed/input/*.csv
[2025-03-13T15:36:57.025+0000] {filesystem.py:109} INFO - Poking for file /home/mohammed/input/*.csv
[2025-03-13T15:37:10.198+0000] {filesystem.py:109} INFO - Poking for file /home/mohammed/input/*.csv
[2025-03-13T15:37:20.202+0000] {filesystem.py:109} INFO - Poking for file /home/mohammed/input/*.csv
[2025-03-13T15:37:30.202+0000] {filesystem.py:109} INFO - Poking for file /home/mohammed/input/*.csv
[2025-03-13T15:37:40.206+0000] {filesystem.py:109} INFO - Poking for file /home/mohammed/input/*.csv
[2025-03-13T15:37:50.212+0000] {filesystem.py:109} INFO - Poking for file /home/mohammed/input/*.csv
[2025-03-13T15:38:04.361+0000] {filesystem.py:109} INFO - Poking for file /home/mohammed/input/*.csv
[2025-03-13T15:38:04.373+0000] {filesystem.py:113} INFO - Found File /home/mohammed/input/bank-additional.csv last modified: 20250224160741
[2025-03-13T15:38:04.447+0000] {base.py:339} INFO - Success criteria met. Exiting.
[2025-03-13T15:38:04.491+0000] {filesystem.py:109} INFO - Poking for file /home/mohammed/input/*.csv
[2025-03-13T15:38:04.515+0000] {filesystem.py:113} INFO - Found File /home/mohammed/input/bank-additional.csv last modified: 20250224160741
[2025-03-13T15:38:09.047+0000] {taskinstance.py:341} INFO - ::group::Post task execution logs
[2025-03-13T15:38:09.137+0000] {taskinstance.py:353} INFO - Marking task as SUCCESS. dag_id=Simple_etl, task_id=file_sensor, run_id=manual__2025-03-03T18:14:52.263707+00:00, execution_date=20250303T181452, start_date=20250313T153131, end_date=20250313T153809
[2025-03-13T15:38:10.456+0000] {logging_mixin.py:190} INFO - Task instance in success state
[2025-03-13T15:38:10.458+0000] {logging_mixin.py:190} INFO -  Previous state of the Task instance: running
[2025-03-13T15:38:10.461+0000] {logging_mixin.py:190} INFO - Dag name:Simple_etl queued_at:2025-03-03 18:14:52.276479+00:00
[2025-03-13T15:38:10.462+0000] {logging_mixin.py:190} INFO - Task hostname:DESKTOP-IM7V4RI. operator:FileSensor
[2025-03-13T15:38:11.335+0000] {local_task_job_runner.py:266} INFO - Task exited with return code 0
[2025-03-13T15:38:13.927+0000] {taskinstance.py:3901} INFO - 0 downstream tasks scheduled from follow-on schedule check
[2025-03-13T15:38:13.932+0000] {standard_task_runner.py:217} INFO - Process not found (most likely exited), stop collecting metrics
[2025-03-13T15:38:13.960+0000] {local_task_job_runner.py:245} INFO - ::endgroup::
