[2025-07-17T12:03:37.199+0000] {local_task_job_runner.py:123} INFO - ::group::Pre task execution logs
[2025-07-17T12:03:37.643+0000] {taskinstance.py:2614} INFO - Dependencies all met for dep_context=non-requeueable deps ti=<TaskInstance: bank_reviews_etl_and_analysis_pipeline.scrape_and_insert_data_to_json manual__2025-07-17T12:03:05.725692+00:00 [queued]>
[2025-07-17T12:03:37.711+0000] {taskinstance.py:2614} INFO - Dependencies all met for dep_context=requeueable deps ti=<TaskInstance: bank_reviews_etl_and_analysis_pipeline.scrape_and_insert_data_to_json manual__2025-07-17T12:03:05.725692+00:00 [queued]>
[2025-07-17T12:03:37.729+0000] {taskinstance.py:2867} INFO - Starting attempt 1 of 2
[2025-07-17T12:03:37.875+0000] {taskinstance.py:2890} INFO - Executing <Task(PythonOperator): scrape_and_insert_data_to_json> on 2025-07-17 12:03:05.725692+00:00
[2025-07-17T12:03:37.886+0000] {standard_task_runner.py:72} INFO - Started process 2295 to run task
[2025-07-17T12:03:37.911+0000] {standard_task_runner.py:104} INFO - Running: ['***', 'tasks', 'run', 'bank_reviews_etl_and_analysis_pipeline', 'scrape_and_insert_data_to_json', 'manual__2025-07-17T12:03:05.725692+00:00', '--job-id', '63', '--raw', '--subdir', 'DAGS_FOLDER/dag_load_reviews.py', '--cfg-path', '/tmp/tmpevzjn1ua']
[2025-07-17T12:03:37.914+0000] {standard_task_runner.py:105} INFO - Job 63: Subtask scrape_and_insert_data_to_json
[2025-07-17T12:03:37.221+0000] {task_command.py:467} INFO - Running <TaskInstance: bank_reviews_etl_and_analysis_pipeline.scrape_and_insert_data_to_json manual__2025-07-17T12:03:05.725692+00:00 [running]> on host 569ba507bc01
[2025-07-17T12:03:37.386+0000] {taskinstance.py:3134} INFO - Exporting env vars: AIRFLOW_CTX_DAG_OWNER='mohammed' AIRFLOW_CTX_DAG_ID='bank_reviews_etl_and_analysis_pipeline' AIRFLOW_CTX_TASK_ID='scrape_and_insert_data_to_json' AIRFLOW_CTX_EXECUTION_DATE='2025-07-17T12:03:05.725692+00:00' AIRFLOW_CTX_TRY_NUMBER='1' AIRFLOW_CTX_DAG_RUN_ID='manual__2025-07-17T12:03:05.725692+00:00'
[2025-07-17T12:03:37.389+0000] {logging_mixin.py:190} INFO - Task instance is in running state
[2025-07-17T12:03:37.391+0000] {logging_mixin.py:190} INFO -  Previous state of the Task instance: queued
[2025-07-17T12:03:37.392+0000] {logging_mixin.py:190} INFO - Current task name:scrape_and_insert_data_to_json state:running start_date:2025-07-17 12:03:37.645179+00:00
[2025-07-17T12:03:37.393+0000] {logging_mixin.py:190} INFO - Dag name:bank_reviews_etl_and_analysis_pipeline and current dag run status:running
[2025-07-17T12:03:37.394+0000] {taskinstance.py:732} INFO - ::endgroup::
[2025-07-17T12:03:37.396+0000] {logger.py:11} INFO - ====== WebDriver manager ======
[2025-07-17T12:03:37.976+0000] {logger.py:11} INFO - Get LATEST chromedriver version for google-chrome
[2025-07-17T12:03:38.743+0000] {logger.py:11} INFO - Get LATEST chromedriver version for google-chrome
[2025-07-17T12:03:38.945+0000] {logger.py:11} INFO - Driver [/home/***/.wdm/drivers/chromedriver/linux64/138.0.7204.157/chromedriver-linux64/chromedriver] found in cache
[2025-07-17T12:03:47.986+0000] {scraper_banks.py:269} INFO - 
📍 Initialisation pour Casablanca...
[2025-07-17T12:06:12.775+0000] {insert_data_to_json.py:20} INFO - ❌ Erreur lors du scraping : Message: tab crashed
  (Session info: chrome=138.0.7204.157)
Stacktrace:
#0 0x55ab564587da <unknown>
#1 0x55ab55efd133 <unknown>
#2 0x55ab55ee691e <unknown>
#3 0x55ab55ee5a4d <unknown>
#4 0x55ab55ee549a <unknown>
#5 0x55ab55ee5175 <unknown>
#6 0x55ab55ee2fd5 <unknown>
#7 0x55ab55ee392f <unknown>
#8 0x55ab55ef23e3 <unknown>
#9 0x55ab55f0b83e <unknown>
#10 0x55ab55f1207b <unknown>
#11 0x55ab55ee4070 <unknown>
#12 0x55ab55f0af83 <unknown>
#13 0x55ab55f9aa79 <unknown>
#14 0x55ab55f74683 <unknown>
#15 0x55ab55f40b5b <unknown>
#16 0x55ab55f41f31 <unknown>
#17 0x55ab5641d72b <unknown>
#18 0x55ab56421534 <unknown>
#19 0x55ab56404229 <unknown>
#20 0x55ab564220d8 <unknown>
#21 0x55ab563e861f <unknown>
#22 0x55ab56445dd8 <unknown>
#23 0x55ab56445fb6 <unknown>
#24 0x55ab56457af6 <unknown>
#25 0x7fb753ca91c4 <unknown>

[2025-07-17T12:06:15.751+0000] {python.py:240} INFO - Done. Returned value was: None
[2025-07-17T12:06:17.013+0000] {job.py:229} INFO - Heartbeat recovered after 139.54 seconds
[2025-07-17T12:06:17.168+0000] {taskinstance.py:341} INFO - ::group::Post task execution logs
[2025-07-17T12:06:17.180+0000] {taskinstance.py:353} INFO - Marking task as SUCCESS. dag_id=bank_reviews_etl_and_analysis_pipeline, task_id=scrape_and_insert_data_to_json, run_id=manual__2025-07-17T12:03:05.725692+00:00, execution_date=20250717T120305, start_date=20250717T120337, end_date=20250717T120617
[2025-07-17T12:06:17.631+0000] {logging_mixin.py:190} INFO - Task instance in success state
[2025-07-17T12:06:17.637+0000] {logging_mixin.py:190} INFO -  Previous state of the Task instance: running
[2025-07-17T12:06:17.640+0000] {logging_mixin.py:190} INFO - Dag name:bank_reviews_etl_and_analysis_pipeline queued_at:2025-07-17 12:03:06.860803+00:00
[2025-07-17T12:06:17.643+0000] {logging_mixin.py:190} INFO - Task hostname:569ba507bc01 operator:PythonOperator
[2025-07-17T12:06:17.762+0000] {local_task_job_runner.py:266} INFO - Task exited with return code 0
[2025-07-17T12:06:18.057+0000] {taskinstance.py:3901} INFO - 1 downstream tasks scheduled from follow-on schedule check
[2025-07-17T12:06:18.066+0000] {local_task_job_runner.py:245} INFO - ::endgroup::
