[2025-03-28T13:38:18.898+0000] {local_task_job_runner.py:123} INFO - ::group::Pre task execution logs
[2025-03-28T13:38:19.188+0000] {taskinstance.py:2614} INFO - Dependencies all met for dep_context=non-requeueable deps ti=<TaskInstance: load_dbt_clean_reviews_pipeline.dbt_run_transactional scheduled__2025-02-05T00:00:00+00:00 [queued]>
[2025-03-28T13:38:19.305+0000] {taskinstance.py:2614} INFO - Dependencies all met for dep_context=requeueable deps ti=<TaskInstance: load_dbt_clean_reviews_pipeline.dbt_run_transactional scheduled__2025-02-05T00:00:00+00:00 [queued]>
[2025-03-28T13:38:19.306+0000] {taskinstance.py:2867} INFO - Starting attempt 1 of 2
[2025-03-28T13:38:19.569+0000] {taskinstance.py:2890} INFO - Executing <Task(BashOperator): dbt_run_transactional> on 2025-02-05 00:00:00+00:00
[2025-03-28T13:38:19.631+0000] {standard_task_runner.py:72} INFO - Started process 11098 to run task
[2025-03-28T13:38:19.695+0000] {standard_task_runner.py:104} INFO - Running: ['airflow', 'tasks', 'run', 'load_dbt_clean_reviews_pipeline', 'dbt_run_transactional', 'scheduled__2025-02-05T00:00:00+00:00', '--job-id', '2329', '--raw', '--subdir', 'DAGS_FOLDER/dag_load_reviews.py', '--cfg-path', '/tmp/tmp0bicsopp']
[2025-03-28T13:38:19.752+0000] {standard_task_runner.py:105} INFO - Job 2329: Subtask dbt_run_transactional
[2025-03-28T13:38:21.036+0000] {task_command.py:467} INFO - Running <TaskInstance: load_dbt_clean_reviews_pipeline.dbt_run_transactional scheduled__2025-02-05T00:00:00+00:00 [running]> on host DESKTOP-IM7V4RI.
[2025-03-28T13:38:22.041+0000] {taskinstance.py:3134} INFO - Exporting env vars: AIRFLOW_CTX_DAG_OWNER='mohammed' AIRFLOW_CTX_DAG_ID='load_dbt_clean_reviews_pipeline' AIRFLOW_CTX_TASK_ID='dbt_run_transactional' AIRFLOW_CTX_EXECUTION_DATE='2025-02-05T00:00:00+00:00' AIRFLOW_CTX_TRY_NUMBER='1' AIRFLOW_CTX_DAG_RUN_ID='scheduled__2025-02-05T00:00:00+00:00'
[2025-03-28T13:38:22.044+0000] {logging_mixin.py:190} INFO - Task instance is in running state
[2025-03-28T13:38:22.045+0000] {logging_mixin.py:190} INFO -  Previous state of the Task instance: queued
[2025-03-28T13:38:22.050+0000] {logging_mixin.py:190} INFO - Current task name:dbt_run_transactional state:running start_date:2025-03-28 13:38:19.188730+00:00
[2025-03-28T13:38:22.051+0000] {logging_mixin.py:190} INFO - Dag name:load_dbt_clean_reviews_pipeline and current dag run status:running
[2025-03-28T13:38:22.052+0000] {taskinstance.py:732} INFO - ::endgroup::
[2025-03-28T13:38:22.054+0000] {subprocess.py:78} INFO - Tmp dir root location: /tmp
[2025-03-28T13:38:24.498+0000] {subprocess.py:88} INFO - Running command: ['/usr/bin/bash', '-c', 'cd /home/mohammed/.dbt/dbt_projects/bank_reviews_transactional && dbt run']
[2025-03-28T13:38:24.586+0000] {subprocess.py:99} INFO - Output:
[2025-03-28T13:38:28.056+0000] {job.py:229} INFO - Heartbeat recovered after 10.59 seconds
[2025-03-28T13:38:48.501+0000] {subprocess.py:106} INFO - [0m13:38:48  Running with dbt=1.9.3
[2025-03-28T13:38:50.477+0000] {subprocess.py:106} INFO - [0m13:38:50  Registered adapter: postgres=1.9.0
[2025-03-28T13:38:52.313+0000] {subprocess.py:106} INFO - [0m13:38:52  [[33mWARNING[0m]: Configuration paths exist in your dbt_project.yml file which do not apply to any resources.
[2025-03-28T13:38:52.314+0000] {subprocess.py:106} INFO - There are 1 unused configuration paths:
[2025-03-28T13:38:52.315+0000] {subprocess.py:106} INFO - - models.bank_reviews_transactional.transactional
[2025-03-28T13:38:53.856+0000] {subprocess.py:106} INFO - [0m13:38:53  Found 1 model, 1 source, 433 macros
[2025-03-28T13:38:53.889+0000] {subprocess.py:106} INFO - [0m13:38:53
[2025-03-28T13:38:53.902+0000] {subprocess.py:106} INFO - [0m13:38:53  Concurrency: 4 threads (target='dev')
[2025-03-28T13:38:53.904+0000] {subprocess.py:106} INFO - [0m13:38:53
[2025-03-28T13:38:55.009+0000] {subprocess.py:106} INFO - [0m13:38:55  1 of 1 START sql table model transactional.clean_reviews ....................... [RUN]
[2025-03-28T13:39:01.208+0000] {subprocess.py:106} INFO - [0m13:39:01  1 of 1 OK created sql table model transactional.clean_reviews .................. [[32mSELECT 281[0m in 6.18s]
[2025-03-28T13:39:01.355+0000] {subprocess.py:106} INFO - [0m13:39:01
[2025-03-28T13:39:01.366+0000] {subprocess.py:106} INFO - [0m13:39:01  Finished running 1 table model in 0 hours 0 minutes and 7.45 seconds (7.45s).
[2025-03-28T13:39:01.571+0000] {subprocess.py:106} INFO - [0m13:39:01
[2025-03-28T13:39:01.585+0000] {subprocess.py:106} INFO - [0m13:39:01  [32mCompleted successfully[0m
[2025-03-28T13:39:01.588+0000] {subprocess.py:106} INFO - [0m13:39:01
[2025-03-28T13:39:01.603+0000] {subprocess.py:106} INFO - [0m13:39:01  Done. PASS=1 WARN=0 ERROR=0 SKIP=0 TOTAL=1
[2025-03-28T13:39:04.157+0000] {subprocess.py:110} INFO - Command exited with return code 0
[2025-03-28T13:39:04.607+0000] {taskinstance.py:341} INFO - ::group::Post task execution logs
[2025-03-28T13:39:04.615+0000] {taskinstance.py:353} INFO - Marking task as SUCCESS. dag_id=load_dbt_clean_reviews_pipeline, task_id=dbt_run_transactional, run_id=scheduled__2025-02-05T00:00:00+00:00, execution_date=20250205T000000, start_date=20250328T133819, end_date=20250328T133904
[2025-03-28T13:39:05.018+0000] {logging_mixin.py:190} INFO - Task instance in success state
[2025-03-28T13:39:05.034+0000] {logging_mixin.py:190} INFO -  Previous state of the Task instance: running
[2025-03-28T13:39:05.035+0000] {logging_mixin.py:190} INFO - Dag name:load_dbt_clean_reviews_pipeline queued_at:2025-03-28 13:38:06.797813+00:00
[2025-03-28T13:39:05.036+0000] {logging_mixin.py:190} INFO - Task hostname:DESKTOP-IM7V4RI. operator:BashOperator
[2025-03-28T13:39:05.118+0000] {local_task_job_runner.py:266} INFO - Task exited with return code 0
[2025-03-28T13:39:05.288+0000] {taskinstance.py:3901} INFO - 0 downstream tasks scheduled from follow-on schedule check
[2025-03-28T13:39:05.315+0000] {local_task_job_runner.py:245} INFO - ::endgroup::
