[2025-03-28T02:34:24.394+0000] {local_task_job_runner.py:123} INFO - ::group::Pre task execution logs
[2025-03-28T02:34:24.582+0000] {taskinstance.py:2614} INFO - Dependencies all met for dep_context=non-requeueable deps ti=<TaskInstance: load_dbt_clean_reviews_pipeline.dbt_run_transactional scheduled__2024-10-22T00:00:00+00:00 [queued]>
[2025-03-28T02:34:24.673+0000] {taskinstance.py:2614} INFO - Dependencies all met for dep_context=requeueable deps ti=<TaskInstance: load_dbt_clean_reviews_pipeline.dbt_run_transactional scheduled__2024-10-22T00:00:00+00:00 [queued]>
[2025-03-28T02:34:24.674+0000] {taskinstance.py:2867} INFO - Starting attempt 1 of 2
[2025-03-28T02:34:24.780+0000] {taskinstance.py:2890} INFO - Executing <Task(BashOperator): dbt_run_transactional> on 2024-10-22 00:00:00+00:00
[2025-03-28T02:34:24.809+0000] {standard_task_runner.py:72} INFO - Started process 212404 to run task
[2025-03-28T02:34:24.829+0000] {standard_task_runner.py:104} INFO - Running: ['airflow', 'tasks', 'run', 'load_dbt_clean_reviews_pipeline', 'dbt_run_transactional', 'scheduled__2024-10-22T00:00:00+00:00', '--job-id', '2218', '--raw', '--subdir', 'DAGS_FOLDER/dag_load_reviews.py', '--cfg-path', '/tmp/tmpkejr7o0q']
[2025-03-28T02:34:24.841+0000] {standard_task_runner.py:105} INFO - Job 2218: Subtask dbt_run_transactional
[2025-03-28T02:34:25.568+0000] {task_command.py:467} INFO - Running <TaskInstance: load_dbt_clean_reviews_pipeline.dbt_run_transactional scheduled__2024-10-22T00:00:00+00:00 [running]> on host DESKTOP-IM7V4RI.
[2025-03-28T02:34:26.707+0000] {taskinstance.py:3134} INFO - Exporting env vars: AIRFLOW_CTX_DAG_OWNER='mohammed' AIRFLOW_CTX_DAG_ID='load_dbt_clean_reviews_pipeline' AIRFLOW_CTX_TASK_ID='dbt_run_transactional' AIRFLOW_CTX_EXECUTION_DATE='2024-10-22T00:00:00+00:00' AIRFLOW_CTX_TRY_NUMBER='1' AIRFLOW_CTX_DAG_RUN_ID='scheduled__2024-10-22T00:00:00+00:00'
[2025-03-28T02:34:26.711+0000] {logging_mixin.py:190} INFO - Task instance is in running state
[2025-03-28T02:34:26.714+0000] {logging_mixin.py:190} INFO -  Previous state of the Task instance: queued
[2025-03-28T02:34:26.717+0000] {logging_mixin.py:190} INFO - Current task name:dbt_run_transactional state:running start_date:2025-03-28 02:34:24.585092+00:00
[2025-03-28T02:34:26.717+0000] {logging_mixin.py:190} INFO - Dag name:load_dbt_clean_reviews_pipeline and current dag run status:running
[2025-03-28T02:34:26.720+0000] {taskinstance.py:732} INFO - ::endgroup::
[2025-03-28T02:34:26.726+0000] {subprocess.py:78} INFO - Tmp dir root location: /tmp
[2025-03-28T02:34:26.729+0000] {subprocess.py:88} INFO - Running command: ['/usr/bin/bash', '-c', 'cd /home/mohammed/.dbt/dbt_projects/bank_reviews_transactional && dbt run']
[2025-03-28T02:34:26.788+0000] {subprocess.py:99} INFO - Output:
[2025-03-28T02:34:35.444+0000] {subprocess.py:106} INFO - [0m02:34:35  Running with dbt=1.9.3
[2025-03-28T02:34:36.586+0000] {subprocess.py:106} INFO - [0m02:34:36  Registered adapter: postgres=1.9.0
[2025-03-28T02:34:37.472+0000] {subprocess.py:106} INFO - [0m02:34:37  [[33mWARNING[0m]: Configuration paths exist in your dbt_project.yml file which do not apply to any resources.
[2025-03-28T02:34:37.473+0000] {subprocess.py:106} INFO - There are 1 unused configuration paths:
[2025-03-28T02:34:37.473+0000] {subprocess.py:106} INFO - - models.bank_reviews_transactional.transactional
[2025-03-28T02:34:38.195+0000] {subprocess.py:106} INFO - [0m02:34:38  Found 1 model, 1 source, 433 macros
[2025-03-28T02:34:38.213+0000] {subprocess.py:106} INFO - [0m02:34:38
[2025-03-28T02:34:38.215+0000] {subprocess.py:106} INFO - [0m02:34:38  Concurrency: 4 threads (target='dev')
[2025-03-28T02:34:38.215+0000] {subprocess.py:106} INFO - [0m02:34:38
[2025-03-28T02:34:39.005+0000] {subprocess.py:106} INFO - [0m02:34:39  1 of 1 START sql table model transactional.clean_reviews ....................... [RUN]
[2025-03-28T02:34:40.548+0000] {subprocess.py:106} INFO - [0m02:34:40  1 of 1 OK created sql table model transactional.clean_reviews .................. [[32mSELECT 281[0m in 1.53s]
[2025-03-28T02:34:40.649+0000] {subprocess.py:106} INFO - [0m02:34:40
[2025-03-28T02:34:40.651+0000] {subprocess.py:106} INFO - [0m02:34:40  Finished running 1 table model in 0 hours 0 minutes and 2.43 seconds (2.43s).
[2025-03-28T02:34:40.829+0000] {subprocess.py:106} INFO - [0m02:34:40
[2025-03-28T02:34:40.831+0000] {subprocess.py:106} INFO - [0m02:34:40  [32mCompleted successfully[0m
[2025-03-28T02:34:40.837+0000] {subprocess.py:106} INFO - [0m02:34:40
[2025-03-28T02:34:40.841+0000] {subprocess.py:106} INFO - [0m02:34:40  Done. PASS=1 WARN=0 ERROR=0 SKIP=0 TOTAL=1
[2025-03-28T02:34:44.299+0000] {subprocess.py:110} INFO - Command exited with return code 0
[2025-03-28T02:34:44.576+0000] {taskinstance.py:341} INFO - ::group::Post task execution logs
[2025-03-28T02:34:44.578+0000] {taskinstance.py:353} INFO - Marking task as SUCCESS. dag_id=load_dbt_clean_reviews_pipeline, task_id=dbt_run_transactional, run_id=scheduled__2024-10-22T00:00:00+00:00, execution_date=20241022T000000, start_date=20250328T023424, end_date=20250328T023444
[2025-03-28T02:34:44.859+0000] {logging_mixin.py:190} INFO - Task instance in success state
[2025-03-28T02:34:44.861+0000] {logging_mixin.py:190} INFO -  Previous state of the Task instance: running
[2025-03-28T02:34:44.862+0000] {logging_mixin.py:190} INFO - Dag name:load_dbt_clean_reviews_pipeline queued_at:2025-03-28 02:34:19.994248+00:00
[2025-03-28T02:34:44.862+0000] {logging_mixin.py:190} INFO - Task hostname:DESKTOP-IM7V4RI. operator:BashOperator
[2025-03-28T02:34:44.922+0000] {local_task_job_runner.py:266} INFO - Task exited with return code 0
[2025-03-28T02:34:45.038+0000] {taskinstance.py:3901} INFO - 0 downstream tasks scheduled from follow-on schedule check
[2025-03-28T02:34:45.053+0000] {local_task_job_runner.py:245} INFO - ::endgroup::
