[2025-03-28T13:35:12.524+0000] {local_task_job_runner.py:123} INFO - ::group::Pre task execution logs
[2025-03-28T13:35:12.673+0000] {taskinstance.py:2614} INFO - Dependencies all met for dep_context=non-requeueable deps ti=<TaskInstance: load_dbt_clean_reviews_pipeline.dbt_run_transactional scheduled__2025-01-03T00:00:00+00:00 [queued]>
[2025-03-28T13:35:12.703+0000] {taskinstance.py:2614} INFO - Dependencies all met for dep_context=requeueable deps ti=<TaskInstance: load_dbt_clean_reviews_pipeline.dbt_run_transactional scheduled__2025-01-03T00:00:00+00:00 [queued]>
[2025-03-28T13:35:12.705+0000] {taskinstance.py:2867} INFO - Starting attempt 1 of 2
[2025-03-28T13:35:12.796+0000] {taskinstance.py:2890} INFO - Executing <Task(BashOperator): dbt_run_transactional> on 2025-01-03 00:00:00+00:00
[2025-03-28T13:35:12.854+0000] {standard_task_runner.py:72} INFO - Started process 5897 to run task
[2025-03-28T13:35:12.897+0000] {standard_task_runner.py:104} INFO - Running: ['airflow', 'tasks', 'run', 'load_dbt_clean_reviews_pipeline', 'dbt_run_transactional', 'scheduled__2025-01-03T00:00:00+00:00', '--job-id', '2295', '--raw', '--subdir', 'DAGS_FOLDER/dag_load_reviews.py', '--cfg-path', '/tmp/tmppbw28waa']
[2025-03-28T13:35:12.906+0000] {standard_task_runner.py:105} INFO - Job 2295: Subtask dbt_run_transactional
[2025-03-28T13:35:13.320+0000] {task_command.py:467} INFO - Running <TaskInstance: load_dbt_clean_reviews_pipeline.dbt_run_transactional scheduled__2025-01-03T00:00:00+00:00 [running]> on host DESKTOP-IM7V4RI.
[2025-03-28T13:35:14.065+0000] {taskinstance.py:3134} INFO - Exporting env vars: AIRFLOW_CTX_DAG_OWNER='mohammed' AIRFLOW_CTX_DAG_ID='load_dbt_clean_reviews_pipeline' AIRFLOW_CTX_TASK_ID='dbt_run_transactional' AIRFLOW_CTX_EXECUTION_DATE='2025-01-03T00:00:00+00:00' AIRFLOW_CTX_TRY_NUMBER='1' AIRFLOW_CTX_DAG_RUN_ID='scheduled__2025-01-03T00:00:00+00:00'
[2025-03-28T13:35:14.068+0000] {logging_mixin.py:190} INFO - Task instance is in running state
[2025-03-28T13:35:14.068+0000] {logging_mixin.py:190} INFO -  Previous state of the Task instance: queued
[2025-03-28T13:35:14.089+0000] {logging_mixin.py:190} INFO - Current task name:dbt_run_transactional state:running start_date:2025-03-28 13:35:12.674018+00:00
[2025-03-28T13:35:14.091+0000] {logging_mixin.py:190} INFO - Dag name:load_dbt_clean_reviews_pipeline and current dag run status:running
[2025-03-28T13:35:14.092+0000] {taskinstance.py:732} INFO - ::endgroup::
[2025-03-28T13:35:14.094+0000] {subprocess.py:78} INFO - Tmp dir root location: /tmp
[2025-03-28T13:35:14.099+0000] {subprocess.py:88} INFO - Running command: ['/usr/bin/bash', '-c', 'cd /home/mohammed/.dbt/dbt_projects/bank_reviews_transactional && dbt run']
[2025-03-28T13:35:14.163+0000] {subprocess.py:99} INFO - Output:
[2025-03-28T13:35:27.460+0000] {subprocess.py:106} INFO - [0m13:35:27  Running with dbt=1.9.3
[2025-03-28T13:35:31.849+0000] {subprocess.py:106} INFO - [0m13:35:31  Registered adapter: postgres=1.9.0
[2025-03-28T13:35:32.995+0000] {subprocess.py:106} INFO - [0m13:35:32  [[33mWARNING[0m]: Configuration paths exist in your dbt_project.yml file which do not apply to any resources.
[2025-03-28T13:35:32.996+0000] {subprocess.py:106} INFO - There are 1 unused configuration paths:
[2025-03-28T13:35:32.997+0000] {subprocess.py:106} INFO - - models.bank_reviews_transactional.transactional
[2025-03-28T13:35:33.677+0000] {subprocess.py:106} INFO - [0m13:35:33  Found 1 model, 1 source, 433 macros
[2025-03-28T13:35:33.689+0000] {subprocess.py:106} INFO - [0m13:35:33
[2025-03-28T13:35:33.700+0000] {subprocess.py:106} INFO - [0m13:35:33  Concurrency: 4 threads (target='dev')
[2025-03-28T13:35:33.704+0000] {subprocess.py:106} INFO - [0m13:35:33
[2025-03-28T13:35:34.427+0000] {subprocess.py:106} INFO - [0m13:35:34  1 of 1 START sql table model transactional.clean_reviews ....................... [RUN]
[2025-03-28T13:35:39.402+0000] {subprocess.py:106} INFO - [0m13:35:39  1 of 1 OK created sql table model transactional.clean_reviews .................. [[32mSELECT 281[0m in 4.96s]
[2025-03-28T13:35:39.510+0000] {subprocess.py:106} INFO - [0m13:35:39
[2025-03-28T13:35:39.512+0000] {subprocess.py:106} INFO - [0m13:35:39  Finished running 1 table model in 0 hours 0 minutes and 5.79 seconds (5.79s).
[2025-03-28T13:35:39.725+0000] {subprocess.py:106} INFO - [0m13:35:39
[2025-03-28T13:35:39.729+0000] {subprocess.py:106} INFO - [0m13:35:39  [32mCompleted successfully[0m
[2025-03-28T13:35:39.732+0000] {subprocess.py:106} INFO - [0m13:35:39
[2025-03-28T13:35:39.735+0000] {subprocess.py:106} INFO - [0m13:35:39  Done. PASS=1 WARN=0 ERROR=0 SKIP=0 TOTAL=1
[2025-03-28T13:35:41.621+0000] {subprocess.py:110} INFO - Command exited with return code 0
[2025-03-28T13:35:41.755+0000] {taskinstance.py:341} INFO - ::group::Post task execution logs
[2025-03-28T13:35:41.758+0000] {taskinstance.py:353} INFO - Marking task as SUCCESS. dag_id=load_dbt_clean_reviews_pipeline, task_id=dbt_run_transactional, run_id=scheduled__2025-01-03T00:00:00+00:00, execution_date=20250103T000000, start_date=20250328T133512, end_date=20250328T133541
[2025-03-28T13:35:41.904+0000] {logging_mixin.py:190} INFO - Task instance in success state
[2025-03-28T13:35:41.905+0000] {logging_mixin.py:190} INFO -  Previous state of the Task instance: running
[2025-03-28T13:35:41.905+0000] {logging_mixin.py:190} INFO - Dag name:load_dbt_clean_reviews_pipeline queued_at:2025-03-28 13:35:03.334372+00:00
[2025-03-28T13:35:41.906+0000] {logging_mixin.py:190} INFO - Task hostname:DESKTOP-IM7V4RI. operator:BashOperator
[2025-03-28T13:35:41.933+0000] {local_task_job_runner.py:266} INFO - Task exited with return code 0
[2025-03-28T13:35:42.011+0000] {taskinstance.py:3901} INFO - 0 downstream tasks scheduled from follow-on schedule check
[2025-03-28T13:35:42.018+0000] {local_task_job_runner.py:245} INFO - ::endgroup::
