[2025-03-28T02:22:21.479+0000] {local_task_job_runner.py:123} INFO - ::group::Pre task execution logs
[2025-03-28T02:22:21.751+0000] {taskinstance.py:2614} INFO - Dependencies all met for dep_context=non-requeueable deps ti=<TaskInstance: load_dbt_clean_reviews_pipeline.dbt_run_transactional scheduled__2024-03-26T00:00:00+00:00 [queued]>
[2025-03-28T02:22:21.837+0000] {taskinstance.py:2614} INFO - Dependencies all met for dep_context=requeueable deps ti=<TaskInstance: load_dbt_clean_reviews_pipeline.dbt_run_transactional scheduled__2024-03-26T00:00:00+00:00 [queued]>
[2025-03-28T02:22:21.838+0000] {taskinstance.py:2867} INFO - Starting attempt 2 of 2
[2025-03-28T02:22:22.704+0000] {taskinstance.py:2890} INFO - Executing <Task(BashOperator): dbt_run_transactional> on 2024-03-26 00:00:00+00:00
[2025-03-28T02:22:22.827+0000] {standard_task_runner.py:72} INFO - Started process 196158 to run task
[2025-03-28T02:22:22.929+0000] {standard_task_runner.py:104} INFO - Running: ['airflow', 'tasks', 'run', 'load_dbt_clean_reviews_pipeline', 'dbt_run_transactional', 'scheduled__2024-03-26T00:00:00+00:00', '--job-id', '2081', '--raw', '--subdir', 'DAGS_FOLDER/dag_load_reviews.py', '--cfg-path', '/tmp/tmp1vqmpisw']
[2025-03-28T02:22:22.988+0000] {standard_task_runner.py:105} INFO - Job 2081: Subtask dbt_run_transactional
[2025-03-28T02:22:25.521+0000] {task_command.py:467} INFO - Running <TaskInstance: load_dbt_clean_reviews_pipeline.dbt_run_transactional scheduled__2024-03-26T00:00:00+00:00 [running]> on host DESKTOP-IM7V4RI.
[2025-03-28T02:22:26.583+0000] {taskinstance.py:3134} INFO - Exporting env vars: AIRFLOW_CTX_DAG_OWNER='mohammed' AIRFLOW_CTX_DAG_ID='load_dbt_clean_reviews_pipeline' AIRFLOW_CTX_TASK_ID='dbt_run_transactional' AIRFLOW_CTX_EXECUTION_DATE='2024-03-26T00:00:00+00:00' AIRFLOW_CTX_TRY_NUMBER='2' AIRFLOW_CTX_DAG_RUN_ID='scheduled__2024-03-26T00:00:00+00:00'
[2025-03-28T02:22:26.609+0000] {logging_mixin.py:190} INFO - Task instance is in running state
[2025-03-28T02:22:26.609+0000] {logging_mixin.py:190} INFO -  Previous state of the Task instance: queued
[2025-03-28T02:22:26.610+0000] {logging_mixin.py:190} INFO - Current task name:dbt_run_transactional state:running start_date:2025-03-28 02:22:21.751941+00:00
[2025-03-28T02:22:26.610+0000] {logging_mixin.py:190} INFO - Dag name:load_dbt_clean_reviews_pipeline and current dag run status:running
[2025-03-28T02:22:26.611+0000] {taskinstance.py:732} INFO - ::endgroup::
[2025-03-28T02:22:26.613+0000] {subprocess.py:78} INFO - Tmp dir root location: /tmp
[2025-03-28T02:22:26.616+0000] {subprocess.py:88} INFO - Running command: ['/usr/bin/bash', '-c', 'cd /home/mohammed/.dbt/dbt_projects/bank_reviews_transactional && dbt run']
[2025-03-28T02:22:26.649+0000] {subprocess.py:99} INFO - Output:
[2025-03-28T02:22:32.963+0000] {job.py:229} INFO - Heartbeat recovered after 12.34 seconds
[2025-03-28T02:22:53.953+0000] {subprocess.py:106} INFO - [0m02:22:53  Running with dbt=1.9.3
[2025-03-28T02:22:56.440+0000] {subprocess.py:106} INFO - [0m02:22:56  Registered adapter: postgres=1.9.0
[2025-03-28T02:22:59.575+0000] {subprocess.py:106} INFO - [0m02:22:59  [[33mWARNING[0m]: Configuration paths exist in your dbt_project.yml file which do not apply to any resources.
[2025-03-28T02:22:59.578+0000] {subprocess.py:106} INFO - There are 1 unused configuration paths:
[2025-03-28T02:22:59.579+0000] {subprocess.py:106} INFO - - models.bank_reviews_transactional.transactional
[2025-03-28T02:23:00.107+0000] {subprocess.py:106} INFO - [0m02:23:00  Found 1 model, 1 source, 433 macros
[2025-03-28T02:23:00.117+0000] {subprocess.py:106} INFO - [0m02:23:00
[2025-03-28T02:23:00.118+0000] {subprocess.py:106} INFO - [0m02:23:00  Concurrency: 4 threads (target='dev')
[2025-03-28T02:23:00.121+0000] {subprocess.py:106} INFO - [0m02:23:00
[2025-03-28T02:23:00.812+0000] {subprocess.py:106} INFO - [0m02:23:00  1 of 1 START sql table model transactional.clean_reviews ....................... [RUN]
[2025-03-28T02:23:02.456+0000] {subprocess.py:106} INFO - [0m02:23:02  1 of 1 OK created sql table model transactional.clean_reviews .................. [[32mSELECT 153[0m in 1.63s]
[2025-03-28T02:23:02.561+0000] {subprocess.py:106} INFO - [0m02:23:02
[2025-03-28T02:23:02.563+0000] {subprocess.py:106} INFO - [0m02:23:02  Finished running 1 table model in 0 hours 0 minutes and 2.43 seconds (2.43s).
[2025-03-28T02:23:02.714+0000] {subprocess.py:106} INFO - [0m02:23:02
[2025-03-28T02:23:02.717+0000] {subprocess.py:106} INFO - [0m02:23:02  [32mCompleted successfully[0m
[2025-03-28T02:23:02.723+0000] {subprocess.py:106} INFO - [0m02:23:02
[2025-03-28T02:23:02.728+0000] {subprocess.py:106} INFO - [0m02:23:02  Done. PASS=1 WARN=0 ERROR=0 SKIP=0 TOTAL=1
[2025-03-28T02:23:05.458+0000] {subprocess.py:110} INFO - Command exited with return code 0
[2025-03-28T02:23:05.821+0000] {taskinstance.py:341} INFO - ::group::Post task execution logs
[2025-03-28T02:23:05.823+0000] {taskinstance.py:353} INFO - Marking task as SUCCESS. dag_id=load_dbt_clean_reviews_pipeline, task_id=dbt_run_transactional, run_id=scheduled__2024-03-26T00:00:00+00:00, execution_date=20240326T000000, start_date=20250328T022221, end_date=20250328T022305
[2025-03-28T02:23:06.460+0000] {logging_mixin.py:190} INFO - Task instance in success state
[2025-03-28T02:23:06.461+0000] {logging_mixin.py:190} INFO -  Previous state of the Task instance: running
[2025-03-28T02:23:06.461+0000] {logging_mixin.py:190} INFO - Dag name:load_dbt_clean_reviews_pipeline queued_at:2025-03-28 02:14:50.309264+00:00
[2025-03-28T02:23:06.462+0000] {logging_mixin.py:190} INFO - Task hostname:DESKTOP-IM7V4RI. operator:BashOperator
[2025-03-28T02:23:06.582+0000] {local_task_job_runner.py:266} INFO - Task exited with return code 0
[2025-03-28T02:23:06.789+0000] {taskinstance.py:3901} INFO - 0 downstream tasks scheduled from follow-on schedule check
[2025-03-28T02:23:06.802+0000] {local_task_job_runner.py:245} INFO - ::endgroup::
