[2025-03-28T02:25:54.657+0000] {local_task_job_runner.py:123} INFO - ::group::Pre task execution logs
[2025-03-28T02:25:54.872+0000] {taskinstance.py:2614} INFO - Dependencies all met for dep_context=non-requeueable deps ti=<TaskInstance: load_dbt_clean_reviews_pipeline.dbt_run_transactional scheduled__2024-08-03T00:00:00+00:00 [queued]>
[2025-03-28T02:25:54.902+0000] {taskinstance.py:2614} INFO - Dependencies all met for dep_context=requeueable deps ti=<TaskInstance: load_dbt_clean_reviews_pipeline.dbt_run_transactional scheduled__2024-08-03T00:00:00+00:00 [queued]>
[2025-03-28T02:25:54.903+0000] {taskinstance.py:2867} INFO - Starting attempt 1 of 2
[2025-03-28T02:25:55.456+0000] {taskinstance.py:2890} INFO - Executing <Task(BashOperator): dbt_run_transactional> on 2024-08-03 00:00:00+00:00
[2025-03-28T02:25:55.468+0000] {standard_task_runner.py:72} INFO - Started process 201722 to run task
[2025-03-28T02:25:55.488+0000] {standard_task_runner.py:104} INFO - Running: ['airflow', 'tasks', 'run', 'load_dbt_clean_reviews_pipeline', 'dbt_run_transactional', 'scheduled__2024-08-03T00:00:00+00:00', '--job-id', '2133', '--raw', '--subdir', 'DAGS_FOLDER/dag_load_reviews.py', '--cfg-path', '/tmp/tmp3rknz6sy']
[2025-03-28T02:25:55.491+0000] {standard_task_runner.py:105} INFO - Job 2133: Subtask dbt_run_transactional
[2025-03-28T02:25:55.992+0000] {task_command.py:467} INFO - Running <TaskInstance: load_dbt_clean_reviews_pipeline.dbt_run_transactional scheduled__2024-08-03T00:00:00+00:00 [running]> on host DESKTOP-IM7V4RI.
[2025-03-28T02:25:56.671+0000] {taskinstance.py:3134} INFO - Exporting env vars: AIRFLOW_CTX_DAG_OWNER='mohammed' AIRFLOW_CTX_DAG_ID='load_dbt_clean_reviews_pipeline' AIRFLOW_CTX_TASK_ID='dbt_run_transactional' AIRFLOW_CTX_EXECUTION_DATE='2024-08-03T00:00:00+00:00' AIRFLOW_CTX_TRY_NUMBER='1' AIRFLOW_CTX_DAG_RUN_ID='scheduled__2024-08-03T00:00:00+00:00'
[2025-03-28T02:25:56.674+0000] {logging_mixin.py:190} INFO - Task instance is in running state
[2025-03-28T02:25:56.675+0000] {logging_mixin.py:190} INFO -  Previous state of the Task instance: queued
[2025-03-28T02:25:56.675+0000] {logging_mixin.py:190} INFO - Current task name:dbt_run_transactional state:running start_date:2025-03-28 02:25:54.873666+00:00
[2025-03-28T02:25:56.676+0000] {logging_mixin.py:190} INFO - Dag name:load_dbt_clean_reviews_pipeline and current dag run status:running
[2025-03-28T02:25:56.677+0000] {taskinstance.py:732} INFO - ::endgroup::
[2025-03-28T02:25:56.679+0000] {subprocess.py:78} INFO - Tmp dir root location: /tmp
[2025-03-28T02:25:56.682+0000] {subprocess.py:88} INFO - Running command: ['/usr/bin/bash', '-c', 'cd /home/mohammed/.dbt/dbt_projects/bank_reviews_transactional && dbt run']
[2025-03-28T02:25:56.769+0000] {subprocess.py:99} INFO - Output:
[2025-03-28T02:26:12.692+0000] {subprocess.py:106} INFO - [0m02:26:12  Running with dbt=1.9.3
[2025-03-28T02:26:15.403+0000] {subprocess.py:106} INFO - [0m02:26:15  Registered adapter: postgres=1.9.0
[2025-03-28T02:26:16.977+0000] {subprocess.py:106} INFO - [0m02:26:16  [[33mWARNING[0m]: Configuration paths exist in your dbt_project.yml file which do not apply to any resources.
[2025-03-28T02:26:16.979+0000] {subprocess.py:106} INFO - There are 1 unused configuration paths:
[2025-03-28T02:26:16.980+0000] {subprocess.py:106} INFO - - models.bank_reviews_transactional.transactional
[2025-03-28T02:26:18.017+0000] {subprocess.py:106} INFO - [0m02:26:18  Found 1 model, 1 source, 433 macros
[2025-03-28T02:26:18.047+0000] {subprocess.py:106} INFO - [0m02:26:18
[2025-03-28T02:26:18.049+0000] {subprocess.py:106} INFO - [0m02:26:18  Concurrency: 4 threads (target='dev')
[2025-03-28T02:26:18.050+0000] {subprocess.py:106} INFO - [0m02:26:18
[2025-03-28T02:26:19.030+0000] {subprocess.py:106} INFO - [0m02:26:19  1 of 1 START sql table model transactional.clean_reviews ....................... [RUN]
[2025-03-28T02:26:24.241+0000] {subprocess.py:106} INFO - [0m02:26:24  1 of 1 OK created sql table model transactional.clean_reviews .................. [[32mSELECT 153[0m in 5.18s]
[2025-03-28T02:26:24.423+0000] {subprocess.py:106} INFO - [0m02:26:24
[2025-03-28T02:26:24.444+0000] {subprocess.py:106} INFO - [0m02:26:24  Finished running 1 table model in 0 hours 0 minutes and 6.36 seconds (6.36s).
[2025-03-28T02:26:24.588+0000] {subprocess.py:106} INFO - [0m02:26:24
[2025-03-28T02:26:24.593+0000] {subprocess.py:106} INFO - [0m02:26:24  [32mCompleted successfully[0m
[2025-03-28T02:26:24.596+0000] {subprocess.py:106} INFO - [0m02:26:24
[2025-03-28T02:26:24.614+0000] {subprocess.py:106} INFO - [0m02:26:24  Done. PASS=1 WARN=0 ERROR=0 SKIP=0 TOTAL=1
[2025-03-28T02:26:26.624+0000] {subprocess.py:110} INFO - Command exited with return code 0
[2025-03-28T02:26:26.834+0000] {taskinstance.py:341} INFO - ::group::Post task execution logs
[2025-03-28T02:26:26.835+0000] {taskinstance.py:353} INFO - Marking task as SUCCESS. dag_id=load_dbt_clean_reviews_pipeline, task_id=dbt_run_transactional, run_id=scheduled__2024-08-03T00:00:00+00:00, execution_date=20240803T000000, start_date=20250328T022554, end_date=20250328T022626
[2025-03-28T02:26:27.052+0000] {logging_mixin.py:190} INFO - Task instance in success state
[2025-03-28T02:26:27.054+0000] {logging_mixin.py:190} INFO -  Previous state of the Task instance: running
[2025-03-28T02:26:27.055+0000] {logging_mixin.py:190} INFO - Dag name:load_dbt_clean_reviews_pipeline queued_at:2025-03-28 02:25:49.942519+00:00
[2025-03-28T02:26:27.056+0000] {logging_mixin.py:190} INFO - Task hostname:DESKTOP-IM7V4RI. operator:BashOperator
[2025-03-28T02:26:27.140+0000] {local_task_job_runner.py:266} INFO - Task exited with return code 0
[2025-03-28T02:26:27.207+0000] {local_task_job_runner.py:245} INFO - ::endgroup::
[2025-03-28T02:26:27.238+0000] {standard_task_runner.py:217} INFO - Process not found (most likely exited), stop collecting metrics
